[2024-07-13T18:45:38.830+0530] {local_task_job_runner.py:120} INFO - ::group::Pre task execution logs
[2024-07-13T18:45:38.982+0530] {taskinstance.py:2076} INFO - Dependencies all met for dep_context=non-requeueable deps ti=<TaskInstance: raw_load_branches.insert_table manual__2024-07-13T13:15:31.452917+00:00 [queued]>
[2024-07-13T18:45:38.996+0530] {taskinstance.py:2076} INFO - Dependencies all met for dep_context=requeueable deps ti=<TaskInstance: raw_load_branches.insert_table manual__2024-07-13T13:15:31.452917+00:00 [queued]>
[2024-07-13T18:45:38.996+0530] {taskinstance.py:2306} INFO - Starting attempt 1 of 1
[2024-07-13T18:45:39.015+0530] {taskinstance.py:2330} INFO - Executing <Task(PythonOperator): insert_table> on 2024-07-13 13:15:31.452917+00:00
[2024-07-13T18:45:39.022+0530] {standard_task_runner.py:63} INFO - Started process 43795 to run task
[2024-07-13T18:45:39.027+0530] {standard_task_runner.py:90} INFO - Running: ['airflow', 'tasks', 'run', 'raw_load_branches', 'insert_table', 'manual__2024-07-13T13:15:31.452917+00:00', '--job-id', '1291', '--raw', '--subdir', 'DAGS_FOLDER/dag_raw_branches.py', '--cfg-path', '/tmp/tmpsm1g5kk6']
[2024-07-13T18:45:39.029+0530] {standard_task_runner.py:91} INFO - Job 1291: Subtask insert_table
[2024-07-13T18:45:39.078+0530] {task_command.py:426} INFO - Running <TaskInstance: raw_load_branches.insert_table manual__2024-07-13T13:15:31.452917+00:00 [running]> on host kali
[2024-07-13T18:45:39.167+0530] {taskinstance.py:2648} INFO - Exporting env vars: AIRFLOW_CTX_DAG_OWNER='airflow' AIRFLOW_CTX_DAG_ID='raw_load_branches' AIRFLOW_CTX_TASK_ID='insert_table' AIRFLOW_CTX_EXECUTION_DATE='2024-07-13T13:15:31.452917+00:00' AIRFLOW_CTX_TRY_NUMBER='1' AIRFLOW_CTX_DAG_RUN_ID='manual__2024-07-13T13:15:31.452917+00:00'
[2024-07-13T18:45:39.168+0530] {taskinstance.py:430} INFO - ::endgroup::
[2024-07-13T18:45:39.194+0530] {logging_mixin.py:188} INFO - branch_id`,`name`,`address`,`phone`,`ingetion_timestamp
[2024-07-13T18:45:39.195+0530] {logging_mixin.py:188} INFO - ('df215613-b87f-466a-89e5-31178b8681d0', 'Parks PLC', '65310 Smith Vista Apt. 306\nWilliamsstad, KY 71670', '988.247.2547', Timestamp('2024-07-13 18:45:39.192439'))
[2024-07-13T18:45:39.196+0530] {logging_mixin.py:188} INFO - ('afec9c92-b0ba-4602-88a7-b7b54ef26fba', 'Barnett, Lozano and Hernandez', 'USS Moody\nFPO AP 15312', '+1-349-750-2974', Timestamp('2024-07-13 18:45:39.192439'))
[2024-07-13T18:45:39.197+0530] {logging_mixin.py:188} INFO - ('081a39bb-980b-494b-9d55-d11ad9d4ced8', 'Morrison LLC', 'Unit 7452 Box 1970\nDPO AE 89274', '(767)235-3951x897', Timestamp('2024-07-13 18:45:39.192439'))
[2024-07-13T18:45:39.201+0530] {logging_mixin.py:188} INFO - ('130dc240-e4e3-42ce-8044-d79c5570ae49', 'Bell and Sons', '6343 John Falls\nJessicaside, MP 79371', '001-910-847-4079x4658', Timestamp('2024-07-13 18:45:39.192439'))
[2024-07-13T18:45:39.202+0530] {logging_mixin.py:188} INFO - ('4df06955-064a-4b80-8a56-3cfc0f8ee03a', 'Sanchez-Larsen', '9384 Larry Gardens Suite 196\nMelissatown, GU 63413', '675.341.2054', Timestamp('2024-07-13 18:45:39.192439'))
[2024-07-13T18:45:39.202+0530] {logging_mixin.py:188} INFO - ('197815fe-1688-4864-b300-d5926e31fb43', 'Rowland Inc', '3204 Michael Haven\nLake Rhondashire, KY 55368', '001-257-644-8036x21746', Timestamp('2024-07-13 18:45:39.192439'))
[2024-07-13T18:45:39.203+0530] {logging_mixin.py:188} INFO - ('656e2ec3-a971-4863-b71e-b33f7e330989', 'Rodriguez, Nichols and Wilson', '98303 Moreno Ford\nDylanbury, IN 51271', '001-263-385-4026x555', Timestamp('2024-07-13 18:45:39.192439'))
[2024-07-13T18:45:39.204+0530] {logging_mixin.py:188} INFO - ('e424dbea-c7a3-4986-a20b-729cc44bf6da', 'Garcia and Sons', '617 Andrew Spring\nPort Whitney, WV 75735', '001-856-319-4954x8074', Timestamp('2024-07-13 18:45:39.192439'))
[2024-07-13T18:45:39.206+0530] {logging_mixin.py:188} INFO - ('8124d67f-c683-4821-abad-a9cb96bf82ec', 'Hammond Group', '041 Carlos Knolls Apt. 378\nPort Crystal, FL 99346', '(577)489-2648x98565', Timestamp('2024-07-13 18:45:39.192439'))
[2024-07-13T18:45:39.208+0530] {logging_mixin.py:188} INFO - ('e39c6a93-f30d-4635-b9d0-0cff31e99edc', 'Keith-Taylor', '06611 White Trail Suite 326\nSouth William, MT 71160', '001-341-827-7448x88880', Timestamp('2024-07-13 18:45:39.192439'))
[2024-07-13T18:45:39.209+0530] {logging_mixin.py:188} INFO - ('9ebdc262-e6f9-483c-84c2-aad056841bdb', 'Thornton Ltd', 'Unit 3783 Box 7302\nDPO AE 41045', '771.432.9907x87536', Timestamp('2024-07-13 18:45:39.192439'))
[2024-07-13T18:45:39.210+0530] {logging_mixin.py:188} INFO - ('8b814633-a85f-4dd5-b16c-7af1be2f7022', 'Lawson, Todd and Jackson', '2238 Dennis River Apt. 962\nNew Amber, FL 39106', '9313516748', Timestamp('2024-07-13 18:45:39.192439'))
[2024-07-13T18:45:39.210+0530] {logging_mixin.py:188} INFO - ('5f25edbc-c361-400f-aa86-112014b66b65', 'Taylor Inc', '2599 Harrison Row Suite 820\nCaldwellbury, FM 84821', '302.456.7348x37956', Timestamp('2024-07-13 18:45:39.192439'))
[2024-07-13T18:45:39.211+0530] {logging_mixin.py:188} INFO - ('2c57c68e-40fb-48ae-90dd-710e1e7917ed', 'Torres-Fleming', '6961 Mills Greens\nWatkinsside, UT 54319', '+1-653-295-6664x5437', Timestamp('2024-07-13 18:45:39.192439'))
[2024-07-13T18:45:39.211+0530] {logging_mixin.py:188} INFO - ('18d9e595-8b68-4427-abfd-56451dc2bf08', 'Long, Rodriguez and Lee', '3635 Brian Stravenue Apt. 413\nEast Marilyn, GU 90819', '001-881-676-2719x6128', Timestamp('2024-07-13 18:45:39.192439'))
[2024-07-13T18:45:39.212+0530] {logging_mixin.py:188} INFO - ('0e04fa9f-3730-4ebc-9321-c8487a9331eb', 'Blackburn, Evans and Holland', '9210 Henry Hollow\nEast Stephen, NJ 31240', '2444857700', Timestamp('2024-07-13 18:45:39.192439'))
[2024-07-13T18:45:39.213+0530] {logging_mixin.py:188} INFO - ('4fc1b986-c0b3-4bd3-b58f-25a90ddb0707', 'Young-Ramirez', '2455 Martinez Fords Suite 718\nPatrickmouth, MD 19592', '481.794.0352x52765', Timestamp('2024-07-13 18:45:39.192439'))
[2024-07-13T18:45:39.213+0530] {logging_mixin.py:188} INFO - ('6dbc843f-d8ad-4c42-80d1-1a84621173a4', 'Foster Ltd', '459 Thompson Forges\nNorth Jacob, KS 87608', '(237)294-0982', Timestamp('2024-07-13 18:45:39.192439'))
[2024-07-13T18:45:39.214+0530] {logging_mixin.py:188} INFO - ('c0398821-c1ba-4bd1-a39a-ef3cfa6c27bb', 'Simon and Sons', '16499 Alicia Mills\nKaylashire, VT 48071', '720.861.5618x49795', Timestamp('2024-07-13 18:45:39.192439'))
[2024-07-13T18:45:39.214+0530] {logging_mixin.py:188} INFO - ('421f1f2c-a4e5-4c50-81e4-6a86c107193e', 'Lucero-Small', '761 Jeremy Neck Apt. 270\nToddview, NH 95189', '(203)668-9320x375', Timestamp('2024-07-13 18:45:39.192439'))
[2024-07-13T18:45:39.215+0530] {logging_mixin.py:188} INFO - ('4d819a1c-f067-4b87-8c03-f0e3ed85e0f7', 'Snyder-White', '695 Kelley Ville\nMiaborough, IN 63617', '545-884-5202x531', Timestamp('2024-07-13 18:45:39.192439'))
[2024-07-13T18:45:39.215+0530] {logging_mixin.py:188} INFO - ('ba8b8247-eb2c-4b37-b321-520ddeeb6fb2', 'Cooper, Brooks and Marsh', '1750 Thomas Row\nNew Johnnyview, NE 38758', '+1-640-242-6261x4251', Timestamp('2024-07-13 18:45:39.192439'))
[2024-07-13T18:45:39.216+0530] {logging_mixin.py:188} INFO - ('63edbb36-10ed-429c-8111-3260eadc6f50', 'Smith Inc', '0424 Patricia Cliffs\nTylerton, NE 89755', '620.492.5082x544', Timestamp('2024-07-13 18:45:39.192439'))
[2024-07-13T18:45:39.216+0530] {logging_mixin.py:188} INFO - ('cb7400f0-1ac6-45cd-a531-7890fa5f385d', 'Gonzalez, Lane and Peck', '86674 Fisher Mall\nChasemouth, NM 95347', '(205)727-6883x686', Timestamp('2024-07-13 18:45:39.192439'))
[2024-07-13T18:45:39.216+0530] {logging_mixin.py:188} INFO - ('4ae1550e-1549-4434-ae6c-42adb2e07648', 'Christensen Ltd', '2921 Elizabeth Hollow Apt. 488\nPerryton, SC 13910', '427.361.7063', Timestamp('2024-07-13 18:45:39.192439'))
[2024-07-13T18:45:39.217+0530] {logging_mixin.py:188} INFO - ('808822a0-b84c-48fc-acff-7c8b151961d9', 'Kennedy, Hernandez and Dunn', '8882 Nelson Road Apt. 667\nChristopherborough, AL 90423', '985.263.0796x12420', Timestamp('2024-07-13 18:45:39.192439'))
[2024-07-13T18:45:39.217+0530] {logging_mixin.py:188} INFO - ('ae180754-ddad-4113-a334-8b0f4a658756', 'Woods, James and Aguilar', '428 Best Summit Apt. 519\nNew Lorihaven, NM 13472', '+1-503-266-8726x000', Timestamp('2024-07-13 18:45:39.192439'))
[2024-07-13T18:45:39.218+0530] {logging_mixin.py:188} INFO - ('a20f9686-38b4-4e66-b342-a45f3eb3e79a', 'Ward PLC', '399 Richard Rapids\nMathisside, NM 92129', '(898)840-7389x628', Timestamp('2024-07-13 18:45:39.192439'))
[2024-07-13T18:45:39.218+0530] {logging_mixin.py:188} INFO - ('9c14c663-4f29-440e-88b3-4a3c08948a45', 'Patel, Ibarra and Garcia', 'USNS Wells\nFPO AP 62374', '(283)769-8593', Timestamp('2024-07-13 18:45:39.192439'))
[2024-07-13T18:45:39.219+0530] {logging_mixin.py:188} INFO - ('3bc98799-8c5e-4d58-b365-9c4349588f9a', 'Patel, Taylor and Soto', 'USS Williams\nFPO AA 03820', '(225)783-7437x1634', Timestamp('2024-07-13 18:45:39.192439'))
[2024-07-13T18:45:39.219+0530] {logging_mixin.py:188} INFO - ('0cde40e7-98df-44a5-835d-ee72f4bf1428', 'Riley-Hudson', '46304 Wright Forks Apt. 979\nLake Heather, MA 04003', '(464)880-8476x1118', Timestamp('2024-07-13 18:45:39.192439'))
[2024-07-13T18:45:39.220+0530] {logging_mixin.py:188} INFO - ('ca53c679-a2b3-49fd-b997-02286e611beb', 'James, Holloway and Ramsey', '341 Hanna Ridge\nLake Melanie, MA 97626', '554-834-1141', Timestamp('2024-07-13 18:45:39.192439'))
[2024-07-13T18:45:39.220+0530] {logging_mixin.py:188} INFO - ('6bd99cd9-181c-4009-9d1d-fc960ebe3446', 'Carter-Smith', '3405 Regina Alley\nPruittbury, OK 61538', '930-376-7744', Timestamp('2024-07-13 18:45:39.192439'))
[2024-07-13T18:45:39.223+0530] {logging_mixin.py:188} INFO - ('aa4c2fe0-2633-478c-b1bb-9bdbf87a072b', 'Williams-Carpenter', '689 Rachel Points Apt. 751\nPort Ericfort, SD 65492', '403.817.3931x57254', Timestamp('2024-07-13 18:45:39.192439'))
[2024-07-13T18:45:39.223+0530] {logging_mixin.py:188} INFO - ('a3030d61-962a-469f-bfc5-3ff9c12e27db', 'Ibarra and Sons', '519 Kelly Roads Apt. 152\nThompsonside, MS 00726', '(705)691-6205', Timestamp('2024-07-13 18:45:39.192439'))
[2024-07-13T18:45:39.224+0530] {logging_mixin.py:188} INFO - ('96baf2e6-953f-4cd4-85a1-fe187248553f', 'Bailey-Kelley', '28127 Jeremy Tunnel\nChaveztown, MT 81420', '766-432-8171x7377', Timestamp('2024-07-13 18:45:39.192439'))
[2024-07-13T18:45:39.225+0530] {logging_mixin.py:188} INFO - ('9b703bf4-2f71-4cfb-aebe-4d377d74e762', 'Pearson Group', '15103 Cardenas Isle\nStephanieport, CO 85626', '001-695-445-0367x727', Timestamp('2024-07-13 18:45:39.192439'))
[2024-07-13T18:45:39.225+0530] {logging_mixin.py:188} INFO - ('c475a607-7b08-40c2-8d91-eb2c614b7222', 'Williams PLC', '26145 Le Landing\nPort Matthewfort, PR 66619', '755-903-8707', Timestamp('2024-07-13 18:45:39.192439'))
[2024-07-13T18:45:39.226+0530] {logging_mixin.py:188} INFO - ('06c68314-2b07-4094-b51b-fc27829458b9', 'Cameron-Anthony', '638 Ramos Centers Suite 525\nMannshire, WA 94037', '541-664-2166x403', Timestamp('2024-07-13 18:45:39.192439'))
[2024-07-13T18:45:39.227+0530] {logging_mixin.py:188} INFO - ('912c01e9-7ea6-4a8d-ab01-512f22140727', 'Smith Inc', '92445 Wilcox Springs\nWest Jose, MA 02807', '984.902.3556', Timestamp('2024-07-13 18:45:39.192439'))
[2024-07-13T18:45:39.227+0530] {logging_mixin.py:188} INFO - ('dab54483-7041-4d76-ac95-934241f3d49f', 'Bennett-Wilcox', 'PSC 5453, Box 2588\nAPO AP 27618', '+1-547-890-3765x0997', Timestamp('2024-07-13 18:45:39.192439'))
[2024-07-13T18:45:39.228+0530] {logging_mixin.py:188} INFO - ('9a43d826-79a5-4e0f-9585-542787ee0506', 'Stevens-Bailey', '845 Arthur Plains\nEast Josephberg, HI 75490', '941-449-1818x884', Timestamp('2024-07-13 18:45:39.192439'))
[2024-07-13T18:45:39.228+0530] {logging_mixin.py:188} INFO - ('1345ccac-9b98-4425-a830-bd56240b312f', 'Russell-Hays', 'Unit 1487 Box 3657\nDPO AE 30302', '+1-865-406-4167x8162', Timestamp('2024-07-13 18:45:39.192439'))
[2024-07-13T18:45:39.229+0530] {logging_mixin.py:188} INFO - ('3af87a68-79d6-4968-99ef-4262410d6a53', 'Moreno LLC', '1638 Shannon Views\nNew Terri, WA 25641', '606.304.3686x0850', Timestamp('2024-07-13 18:45:39.192439'))
[2024-07-13T18:45:39.229+0530] {logging_mixin.py:188} INFO - ('d65be54f-d583-419e-b41d-9156ee90f41f', 'Moore, Braun and Nichols', '8531 Hopkins Wall\nAndreview, WA 41994', '678-472-9018', Timestamp('2024-07-13 18:45:39.192439'))
[2024-07-13T18:45:39.230+0530] {logging_mixin.py:188} INFO - ('9fa7d42d-bc6e-4f96-9d2a-21f2e536e1c0', 'Beasley, King and Soto', '27873 Holly Center Apt. 436\nOconnorside, HI 37643', '297.537.7808', Timestamp('2024-07-13 18:45:39.192439'))
[2024-07-13T18:45:39.230+0530] {logging_mixin.py:188} INFO - ('e5c825d2-7221-4ed6-9929-30c0e7763ac8', 'Fields-Garcia', '978 Pamela Stravenue Apt. 634\nWest Timothymouth, OK 74613', '(790)244-9840x181', Timestamp('2024-07-13 18:45:39.192439'))
[2024-07-13T18:45:39.231+0530] {logging_mixin.py:188} INFO - ('1fd08f4d-91ce-4d6d-b34b-b9560e3bd055', 'Roberts-Collins', '8279 Daniel Mission Apt. 216\nShawbury, GU 51087', '(720)921-7107', Timestamp('2024-07-13 18:45:39.192439'))
[2024-07-13T18:45:39.231+0530] {logging_mixin.py:188} INFO - ('76e578df-9903-4320-9763-061f09c0bdba', 'Brown LLC', '847 Martinez Orchard Apt. 332\nNew Emily, NM 53703', '(569)499-0877x524', Timestamp('2024-07-13 18:45:39.192439'))
[2024-07-13T18:45:39.232+0530] {logging_mixin.py:188} INFO - ('2eb620b4-a6bc-41b7-a5a7-e15c3f535360', 'Clark-Navarro', '20936 Velez Crossing\nAlexandershire, TN 01238', '569.575.2035', Timestamp('2024-07-13 18:45:39.192439'))
[2024-07-13T18:45:39.232+0530] {logging_mixin.py:188} INFO - ('d65f081a-192f-4e17-ad29-8a7e163bd40e', 'Cunningham LLC', '55602 Wilson Ford Apt. 937\nEast Laurenborough, PW 07995', '001-748-880-3004x0416', Timestamp('2024-07-13 18:45:39.192439'))
[2024-07-13T18:45:39.233+0530] {logging_mixin.py:188} INFO - ('a82326c8-1765-41cb-a05f-044ac74d5836', 'Morris, Grant and Calderon', 'PSC 6983, Box 7712\nAPO AA 64845', '736.796.2156x41270', Timestamp('2024-07-13 18:45:39.192439'))
[2024-07-13T18:45:39.233+0530] {logging_mixin.py:188} INFO - ('c455330a-f3a5-4590-ac80-71fe10e251a9', 'Rodgers-Powers', '13438 Terry Walks\nEast Erin, RI 35188', '252.223.3527', Timestamp('2024-07-13 18:45:39.192439'))
[2024-07-13T18:45:39.234+0530] {logging_mixin.py:188} INFO - ('f5672011-5eb8-489a-bd7c-1b71ce427ff5', 'Rogers, Bennett and Clark', '68126 Bonilla Walks Suite 050\nPort Anthony, MO 87359', '900-945-4472x26972', Timestamp('2024-07-13 18:45:39.192439'))
[2024-07-13T18:45:39.235+0530] {logging_mixin.py:188} INFO - ('4632ad44-a3aa-4f82-8959-f731f1cff161', 'Carter, Ford and Campbell', '74067 West Harbor\nRachelmouth, WI 65647', '(307)288-5981x099', Timestamp('2024-07-13 18:45:39.192439'))
[2024-07-13T18:45:39.235+0530] {logging_mixin.py:188} INFO - ('381769b6-baa8-426a-9845-2e8a04209f13', 'Jackson, Miller and Harvey', '6349 Brittany Bypass\nDwaynehaven, AZ 28455', '450.314.2457', Timestamp('2024-07-13 18:45:39.192439'))
[2024-07-13T18:45:39.235+0530] {logging_mixin.py:188} INFO - ('f2ab6589-fd2c-44f3-bbeb-2553576e4d3c', 'Riley PLC', '2516 Amanda Rest\nWest Debbie, KS 88833', '553-807-2208x591', Timestamp('2024-07-13 18:45:39.192439'))
[2024-07-13T18:45:39.236+0530] {logging_mixin.py:188} INFO - ('8ae768df-5e12-4855-8b78-02c43ee76a7d', 'Fowler PLC', '93919 Gary Plains Suite 713\nDanielmouth, VI 99167', '271.874.6362x8091', Timestamp('2024-07-13 18:45:39.192439'))
[2024-07-13T18:45:39.236+0530] {logging_mixin.py:188} INFO - ('2fe46839-a496-453a-a617-686238315ca3', 'Manning-Jackson', '35040 Chad Rest\nNew Amychester, FM 48375', '001-376-733-8770', Timestamp('2024-07-13 18:45:39.192439'))
[2024-07-13T18:45:39.237+0530] {logging_mixin.py:188} INFO - ('f79cddb7-36ee-4172-befa-e2f505eca710', 'Johnson-Cross', '750 Lane Ways\nLake John, CO 89269', '458.439.4408x565', Timestamp('2024-07-13 18:45:39.192439'))
[2024-07-13T18:45:39.239+0530] {logging_mixin.py:188} INFO - ('fad2a75b-1eac-49af-84f7-528fd38ae58b', 'Thomas-Walters', '0953 Morris Trail\nJohnsonville, NJ 86524', '(930)919-3760x27339', Timestamp('2024-07-13 18:45:39.192439'))
[2024-07-13T18:45:39.240+0530] {logging_mixin.py:188} INFO - ('7bd6ba19-fcd4-4b58-99ec-75c54faa9edd', 'Castillo, Wright and Ross', '462 Hall Views Suite 375\nJenniferport, NM 12756', '378-316-0271x9442', Timestamp('2024-07-13 18:45:39.192439'))
[2024-07-13T18:45:39.241+0530] {logging_mixin.py:188} INFO - ('0549e3fc-7c49-4afd-abfa-7aafe7a10018', 'Hughes-Potter', '41445 Smith Gateway\nWest Nicole, VA 23240', '641.986.5236x56908', Timestamp('2024-07-13 18:45:39.192439'))
[2024-07-13T18:45:39.241+0530] {logging_mixin.py:188} INFO - ('9c6c7814-b855-477a-9cb5-5e7d287edbf1', 'Garcia-Ward', 'USNS Kirby\nFPO AE 60105', '001-254-493-4642', Timestamp('2024-07-13 18:45:39.192439'))
[2024-07-13T18:45:39.242+0530] {logging_mixin.py:188} INFO - ('501edf4b-346f-4d98-b253-def1381e9aaf', 'Snyder LLC', '2825 Norman Grove\nWest Melanie, WI 43048', '360-435-1071', Timestamp('2024-07-13 18:45:39.192439'))
[2024-07-13T18:45:39.243+0530] {logging_mixin.py:188} INFO - ('c3caeb58-3b55-481b-bb2d-9acb8a785dbe', 'Robinson-Dunlap', '298 York Drives Suite 783\nNorth Amandastad, NJ 97387', '(213)887-7121x894', Timestamp('2024-07-13 18:45:39.192439'))
[2024-07-13T18:45:39.243+0530] {logging_mixin.py:188} INFO - ('02bc77b6-1e0c-4310-877d-4b251c06bd6c', 'Hogan PLC', '1733 Sharon Crescent Apt. 373\nLake Andreafurt, HI 61787', '698-820-4315', Timestamp('2024-07-13 18:45:39.192439'))
[2024-07-13T18:45:39.244+0530] {logging_mixin.py:188} INFO - ('8e0735f7-b8ee-4805-a231-75d925fa06c9', 'Newman, Roberts and Moreno', 'Unit 6591 Box 0353\nDPO AP 72657', '+1-746-693-0284x092', Timestamp('2024-07-13 18:45:39.192439'))
[2024-07-13T18:45:39.244+0530] {logging_mixin.py:188} INFO - ('7cca71dd-a8eb-4133-b5ce-84f7ab2ac61e', 'Taylor, Mccormick and Ochoa', '8924 Andrew Crossing\nCarlshire, FL 87525', '790.421.4466', Timestamp('2024-07-13 18:45:39.192439'))
[2024-07-13T18:45:39.245+0530] {logging_mixin.py:188} INFO - ('24748b17-fcea-4ac6-9feb-0b240dd60044', 'Campbell Ltd', 'USS Carr\nFPO AE 34477', '001-958-384-3946x33054', Timestamp('2024-07-13 18:45:39.192439'))
[2024-07-13T18:45:39.245+0530] {logging_mixin.py:188} INFO - ('b2a0f88f-c198-42ab-a974-d59d158977c5', 'Mason, Soto and Perry', '406 Daniel Flat Suite 127\nLake Kristaview, WV 81499', '(209)971-6249', Timestamp('2024-07-13 18:45:39.192439'))
[2024-07-13T18:45:39.245+0530] {logging_mixin.py:188} INFO - ('a68ced35-dd01-487e-b2bf-4de03446684e', 'Jackson, Hess and Nelson', '439 Robert Prairie Suite 963\nPort Melissashire, DC 50600', '721.300.0490', Timestamp('2024-07-13 18:45:39.192439'))
[2024-07-13T18:45:39.246+0530] {logging_mixin.py:188} INFO - ('259e585c-76d8-4eb9-a29c-6f39c0437f7b', 'Stafford-Richard', '33300 Brittany Bypass Apt. 899\nBlackville, AZ 71653', '582-414-8553', Timestamp('2024-07-13 18:45:39.192439'))
[2024-07-13T18:45:39.246+0530] {logging_mixin.py:188} INFO - ('d0aead11-c305-4cf6-ad5b-7df7671ff342', 'Cruz, Richards and Lin', '21393 Johnny Underpass\nDavidsontown, CA 94224', '8096619310', Timestamp('2024-07-13 18:45:39.192439'))
[2024-07-13T18:45:39.247+0530] {logging_mixin.py:188} INFO - ('a4faeda3-7786-4192-96ec-1e6529ee5a7b', 'Spencer-Mclean', '36243 Megan Cape Suite 436\nLake Mary, VI 44798', '001-647-958-5767x365', Timestamp('2024-07-13 18:45:39.192439'))
[2024-07-13T18:45:39.247+0530] {logging_mixin.py:188} INFO - ('3cc19ebb-1f39-4ba3-9c3c-926052ae7649', 'Torres-West', '190 Mackenzie Coves Apt. 169\nJohnathanmouth, NV 66549', '+1-458-410-7094', Timestamp('2024-07-13 18:45:39.192439'))
[2024-07-13T18:45:39.248+0530] {logging_mixin.py:188} INFO - ('6e483c61-c259-46c3-91d9-fd4536691ad8', 'Scott PLC', '31864 Beth Fields\nSouth Kristina, CT 06302', '(287)711-5055x373', Timestamp('2024-07-13 18:45:39.192439'))
[2024-07-13T18:45:39.248+0530] {logging_mixin.py:188} INFO - ('62f083a6-c2f3-4555-9879-f8196c4551c2', 'Hubbard-Ortiz', '974 Daniel Radial Suite 416\nPort Shelleyville, MH 71692', '569-219-3969x4070', Timestamp('2024-07-13 18:45:39.192439'))
[2024-07-13T18:45:39.249+0530] {logging_mixin.py:188} INFO - ('5a964618-f5ac-458a-82f0-cd78accd17fd', 'Mitchell Inc', '32269 Matthew Knolls Suite 346\nTranbury, GA 24669', '6834370578', Timestamp('2024-07-13 18:45:39.192439'))
[2024-07-13T18:45:39.249+0530] {logging_mixin.py:188} INFO - ('eb952667-6330-417b-9263-98441e425873', 'Tucker, Quinn and Cook', '61316 Amy Course\nAllenstad, NC 62173', '976-435-2464x209', Timestamp('2024-07-13 18:45:39.192439'))
[2024-07-13T18:45:39.249+0530] {logging_mixin.py:188} INFO - ('7bed5ed9-c69b-4e7d-bae9-6cff87c7e181', 'Park PLC', '9872 Caldwell Creek Suite 953\nMyersville, FL 12057', '939-478-7041x1428', Timestamp('2024-07-13 18:45:39.192439'))
[2024-07-13T18:45:39.250+0530] {logging_mixin.py:188} INFO - ('8d716d62-98c8-4c26-b9fe-3671587cfbfa', 'Rice, Smith and Peterson', '377 Kayla Trail Suite 601\nLake Christopherfort, NH 70804', '541-751-4832x027', Timestamp('2024-07-13 18:45:39.192439'))
[2024-07-13T18:45:39.250+0530] {logging_mixin.py:188} INFO - ('4e0b330b-ad4e-42a9-9f38-55b5fb2e2b51', 'Colon-Reilly', '74800 Doyle Via Suite 351\nJosephland, SC 28291', '(244)867-9792x81935', Timestamp('2024-07-13 18:45:39.192439'))
[2024-07-13T18:45:39.251+0530] {logging_mixin.py:188} INFO - ('12eac149-5da8-4b60-9151-330dd6c81959', 'Chen, Johnson and Flores', '16556 Brianna Cliff\nPort Carolyn, WY 95749', '552.723.9055x94547', Timestamp('2024-07-13 18:45:39.192439'))
[2024-07-13T18:45:39.251+0530] {logging_mixin.py:188} INFO - ('3f1d4805-3d84-4112-baff-031c81971688', 'Gallagher, Valdez and Shields', '1346 Lori Gateway Suite 438\nWest Christine, CT 27369', '206.621.6904', Timestamp('2024-07-13 18:45:39.192439'))
[2024-07-13T18:45:39.251+0530] {logging_mixin.py:188} INFO - ('0017a6c8-1da5-4882-a4e3-ec8538eb217b', 'Scott, Little and Farrell', '5964 Wendy Drives Suite 425\nSouth Kyle, AK 24912', '+1-807-497-4323', Timestamp('2024-07-13 18:45:39.192439'))
[2024-07-13T18:45:39.252+0530] {logging_mixin.py:188} INFO - ('0358f3d7-1e8d-4fb9-9e4e-8b1f8dc22cca', 'Guerrero Inc', '03776 Valdez Freeway\nSteveburgh, OK 79636', '001-871-735-5484', Timestamp('2024-07-13 18:45:39.192439'))
[2024-07-13T18:45:39.252+0530] {logging_mixin.py:188} INFO - ('e8e3159a-f487-4fdf-9da9-1c4de64c419e', 'Proctor Group', '66455 Christopher Passage Suite 480\nTraceyburgh, KY 27612', '+1-983-810-4105', Timestamp('2024-07-13 18:45:39.192439'))
[2024-07-13T18:45:39.253+0530] {logging_mixin.py:188} INFO - ('4c323c9d-1185-4943-ba98-c2d9f3e264eb', 'Thomas PLC', '707 Frye Avenue Apt. 075\nDanielfurt, PA 34468', '(963)758-0885', Timestamp('2024-07-13 18:45:39.192439'))
[2024-07-13T18:45:39.253+0530] {logging_mixin.py:188} INFO - ('f021f99c-985d-4b54-8ba0-8c80bf768f70', 'Martinez, Brown and Moran', '694 Decker Throughway Apt. 719\nKelleyport, MH 45486', '562-410-8640x909', Timestamp('2024-07-13 18:45:39.192439'))
[2024-07-13T18:45:39.254+0530] {logging_mixin.py:188} INFO - ('31bd2c43-bdc0-41e1-987d-8909b6d7da0b', 'Taylor PLC', '95212 Kayla Motorway Apt. 121\nNorth Katelynberg, AS 75042', '001-443-213-7997x6580', Timestamp('2024-07-13 18:45:39.192439'))
[2024-07-13T18:45:39.256+0530] {logging_mixin.py:188} INFO - ('ae985756-aea7-46ca-8420-e7b76068d4ec', 'Alexander Ltd', '7024 Jenkins Hollow Suite 817\nPort Johnland, UT 06155', '(906)538-1358x5013', Timestamp('2024-07-13 18:45:39.192439'))
[2024-07-13T18:45:39.257+0530] {logging_mixin.py:188} INFO - ('39711f22-c2b3-490c-b212-36207eb210d6', 'Burns, Riddle and Mann', '3253 Micheal Station\nBuchananstad, DE 95603', '309-242-2463', Timestamp('2024-07-13 18:45:39.192439'))
[2024-07-13T18:45:39.257+0530] {logging_mixin.py:188} INFO - ('a33da548-a422-4704-a1f9-bbec4d809cc4', 'Leonard, Miles and Gonzalez', '03586 Christopher Cove Suite 627\nNew Ericchester, WV 73476', '729.458.8643x3830', Timestamp('2024-07-13 18:45:39.192439'))
[2024-07-13T18:45:39.258+0530] {logging_mixin.py:188} INFO - ('7cd0db9c-a043-46b4-ba57-8bee4e6d6823', 'Williams-Sparks', '588 Michelle Islands Apt. 348\nLake Christopher, NE 61548', '571.820.4073x1148', Timestamp('2024-07-13 18:45:39.192439'))
[2024-07-13T18:45:39.258+0530] {logging_mixin.py:188} INFO - ('fcbf0764-1049-47eb-ab1f-db0719617221', 'Johnson-Phillips', '230 Wood Throughway\nSouth Deborahfurt, HI 10652', '(758)496-2082x8985', Timestamp('2024-07-13 18:45:39.192439'))
[2024-07-13T18:45:39.259+0530] {logging_mixin.py:188} INFO - ('92e39db0-70f5-465e-bed4-35b545b43395', 'Salazar-Nunez', '27920 Richard Oval Apt. 999\nHallville, FM 47205', '(235)700-6502', Timestamp('2024-07-13 18:45:39.192439'))
[2024-07-13T18:45:39.259+0530] {logging_mixin.py:188} INFO - ('9a76e6c5-5147-40e6-aa71-26fbe2ee2c78', 'Torres Group', '47070 Villarreal Lodge Suite 133\nFryemouth, MA 33409', '001-278-814-1068x00459', Timestamp('2024-07-13 18:45:39.192439'))
[2024-07-13T18:45:39.260+0530] {logging_mixin.py:188} INFO - ('311410f4-e488-47d4-acfe-7c079c60c043', 'Church LLC', '28574 Stephanie River\nHatfieldbury, PW 00931', '254.913.7107x985', Timestamp('2024-07-13 18:45:39.192439'))
[2024-07-13T18:45:39.260+0530] {logging_mixin.py:188} INFO - ('8e615448-b80d-41e6-b513-c806af3cf2e7', 'Pratt Group', '5616 Jody Ferry\nNew Mathew, NJ 48009', '750.953.7928x416', Timestamp('2024-07-13 18:45:39.192439'))
[2024-07-13T18:45:39.267+0530] {logging_mixin.py:188} INFO - Loaded /home/kali/Desktop/projects/banking _project/data_prepare/branches_today.csv into branches table
[2024-07-13T18:45:39.270+0530] {logging_mixin.py:188} INFO - Moved /home/kali/Desktop/projects/banking _project/data_prepare/branches_today.csv to archive folder
[2024-07-13T18:45:39.270+0530] {logging_mixin.py:188} INFO - All CSV files have been loaded into MySQL tables.
[2024-07-13T18:45:39.271+0530] {python.py:237} INFO - Done. Returned value was: None
[2024-07-13T18:45:39.273+0530] {taskinstance.py:441} INFO - ::group::Post task execution logs
[2024-07-13T18:45:39.281+0530] {taskinstance.py:1206} INFO - Marking task as SUCCESS. dag_id=raw_load_branches, task_id=insert_table, run_id=manual__2024-07-13T13:15:31.452917+00:00, execution_date=20240713T131531, start_date=20240713T131538, end_date=20240713T131539
[2024-07-13T18:45:39.320+0530] {local_task_job_runner.py:240} INFO - Task exited with return code 0
[2024-07-13T18:45:39.362+0530] {taskinstance.py:3503} INFO - 0 downstream tasks scheduled from follow-on schedule check
[2024-07-13T18:45:39.363+0530] {local_task_job_runner.py:222} INFO - ::endgroup::
