[2024-07-13T02:11:10.666+0530] {local_task_job_runner.py:120} INFO - ::group::Pre task execution logs
[2024-07-13T02:11:10.687+0530] {taskinstance.py:2066} INFO - Dependencies not met for <TaskInstance: parent_dag.trigger_raw_load_atms manual__2024-07-11T20:36:59.640614+00:00 [up_for_retry]>, dependency 'Not In Retry Period' FAILED: Task is not ready for retry yet but will be retried automatically. Current date is 2024-07-12T20:41:10.687810+00:00 and task will be retried at 2024-07-12T20:46:07.287910+00:00.
[2024-07-13T02:11:10.688+0530] {local_task_job_runner.py:163} INFO - Task is not able to be run
[2024-07-13T18:02:29.954+0530] {local_task_job_runner.py:120} INFO - ::group::Pre task execution logs
[2024-07-13T18:02:29.988+0530] {taskinstance.py:2076} INFO - Dependencies all met for dep_context=non-requeueable deps ti=<TaskInstance: parent_dag.trigger_raw_load_atms manual__2024-07-11T20:36:59.640614+00:00 [queued]>
[2024-07-13T18:02:30.001+0530] {taskinstance.py:2076} INFO - Dependencies all met for dep_context=requeueable deps ti=<TaskInstance: parent_dag.trigger_raw_load_atms manual__2024-07-11T20:36:59.640614+00:00 [queued]>
[2024-07-13T18:02:30.001+0530] {taskinstance.py:2306} INFO - Starting attempt 2 of 3
[2024-07-13T18:02:30.022+0530] {taskinstance.py:2330} INFO - Executing <Task(TriggerDagRunOperator): trigger_raw_load_atms> on 2024-07-11 20:36:59.640614+00:00
[2024-07-13T18:02:30.027+0530] {standard_task_runner.py:63} INFO - Started process 12134 to run task
[2024-07-13T18:02:30.032+0530] {standard_task_runner.py:90} INFO - Running: ['airflow', 'tasks', 'run', 'parent_dag', 'trigger_raw_load_atms', 'manual__2024-07-11T20:36:59.640614+00:00', '--job-id', '1208', '--raw', '--subdir', 'DAGS_FOLDER/dag_parent.py', '--cfg-path', '/tmp/tmp6xs141h5']
[2024-07-13T18:02:30.036+0530] {standard_task_runner.py:91} INFO - Job 1208: Subtask trigger_raw_load_atms
[2024-07-13T18:02:30.084+0530] {task_command.py:426} INFO - Running <TaskInstance: parent_dag.trigger_raw_load_atms manual__2024-07-11T20:36:59.640614+00:00 [running]> on host kali
[2024-07-13T18:02:30.171+0530] {taskinstance.py:2648} INFO - Exporting env vars: AIRFLOW_CTX_DAG_OWNER='airflow' AIRFLOW_CTX_DAG_ID='parent_dag' AIRFLOW_CTX_TASK_ID='trigger_raw_load_atms' AIRFLOW_CTX_EXECUTION_DATE='2024-07-11T20:36:59.640614+00:00' AIRFLOW_CTX_TRY_NUMBER='2' AIRFLOW_CTX_DAG_RUN_ID='manual__2024-07-11T20:36:59.640614+00:00'
[2024-07-13T18:02:30.173+0530] {taskinstance.py:430} INFO - ::endgroup::
[2024-07-13T18:02:30.260+0530] {trigger_dagrun.py:222} INFO - Waiting for raw_load_atms on 2024-07-13 12:32:30.173498+00:00 to become allowed state ['success'] ...
[2024-07-13T18:03:30.265+0530] {taskinstance.py:441} INFO - ::group::Post task execution logs
[2024-07-13T18:03:30.273+0530] {taskinstance.py:2905} ERROR - Task failed with exception
Traceback (most recent call last):
  File "/home/kali/Desktop/projects/git/bank_data_processing/myenv/lib/python3.11/site-packages/airflow/models/taskinstance.py", line 465, in _execute_task
    result = _execute_callable(context=context, **execute_callable_kwargs)
             ^^^^^^^^^^^^^^^^^^^^^^^^^^^^^^^^^^^^^^^^^^^^^^^^^^^^^^^^^^^^^
  File "/home/kali/Desktop/projects/git/bank_data_processing/myenv/lib/python3.11/site-packages/airflow/models/taskinstance.py", line 432, in _execute_callable
    return execute_callable(context=context, **execute_callable_kwargs)
           ^^^^^^^^^^^^^^^^^^^^^^^^^^^^^^^^^^^^^^^^^^^^^^^^^^^^^^^^^^^^
  File "/home/kali/Desktop/projects/git/bank_data_processing/myenv/lib/python3.11/site-packages/airflow/models/baseoperator.py", line 401, in wrapper
    return func(self, *args, **kwargs)
           ^^^^^^^^^^^^^^^^^^^^^^^^^^^
  File "/home/kali/Desktop/projects/git/bank_data_processing/myenv/lib/python3.11/site-packages/airflow/operators/trigger_dagrun.py", line 233, in execute
    raise AirflowException(f"{self.trigger_dag_id} failed with failed states {state}")
airflow.exceptions.AirflowException: raw_load_atms failed with failed states failed
[2024-07-13T18:03:30.278+0530] {taskinstance.py:1206} INFO - Marking task as UP_FOR_RETRY. dag_id=parent_dag, task_id=trigger_raw_load_atms, run_id=manual__2024-07-11T20:36:59.640614+00:00, execution_date=20240711T203659, start_date=20240713T123229, end_date=20240713T123330
[2024-07-13T18:03:30.296+0530] {standard_task_runner.py:110} ERROR - Failed to execute job 1208 for task trigger_raw_load_atms (raw_load_atms failed with failed states failed; 12134)
[2024-07-13T18:03:30.315+0530] {local_task_job_runner.py:240} INFO - Task exited with return code 1
[2024-07-13T18:03:30.353+0530] {taskinstance.py:3503} INFO - 0 downstream tasks scheduled from follow-on schedule check
[2024-07-13T18:03:30.354+0530] {local_task_job_runner.py:222} INFO - ::endgroup::
