[2024-07-13T18:01:05.408+0530] {processor.py:161} INFO - Started process (PID=10650) to work on /home/kali/Desktop/projects/git/bank_data_processing/myenv/lib/python3.11/site-packages/airflow/example_dags/plugins/event_listener.py
[2024-07-13T18:01:05.410+0530] {processor.py:830} INFO - Processing file /home/kali/Desktop/projects/git/bank_data_processing/myenv/lib/python3.11/site-packages/airflow/example_dags/plugins/event_listener.py for tasks to queue
[2024-07-13T18:01:05.413+0530] {logging_mixin.py:188} INFO - [2024-07-13T18:01:05.412+0530] {dagbag.py:545} INFO - Filling up the DagBag from /home/kali/Desktop/projects/git/bank_data_processing/myenv/lib/python3.11/site-packages/airflow/example_dags/plugins/event_listener.py
[2024-07-13T18:01:05.418+0530] {processor.py:842} WARNING - No viable dags retrieved from /home/kali/Desktop/projects/git/bank_data_processing/myenv/lib/python3.11/site-packages/airflow/example_dags/plugins/event_listener.py
[2024-07-13T18:01:05.459+0530] {processor.py:183} INFO - Processing /home/kali/Desktop/projects/git/bank_data_processing/myenv/lib/python3.11/site-packages/airflow/example_dags/plugins/event_listener.py took 0.068 seconds
[2024-07-13T18:01:36.368+0530] {processor.py:161} INFO - Started process (PID=11282) to work on /home/kali/Desktop/projects/git/bank_data_processing/myenv/lib/python3.11/site-packages/airflow/example_dags/plugins/event_listener.py
[2024-07-13T18:01:36.369+0530] {processor.py:830} INFO - Processing file /home/kali/Desktop/projects/git/bank_data_processing/myenv/lib/python3.11/site-packages/airflow/example_dags/plugins/event_listener.py for tasks to queue
[2024-07-13T18:01:36.371+0530] {logging_mixin.py:188} INFO - [2024-07-13T18:01:36.371+0530] {dagbag.py:545} INFO - Filling up the DagBag from /home/kali/Desktop/projects/git/bank_data_processing/myenv/lib/python3.11/site-packages/airflow/example_dags/plugins/event_listener.py
[2024-07-13T18:01:36.374+0530] {processor.py:842} WARNING - No viable dags retrieved from /home/kali/Desktop/projects/git/bank_data_processing/myenv/lib/python3.11/site-packages/airflow/example_dags/plugins/event_listener.py
[2024-07-13T18:01:36.388+0530] {processor.py:183} INFO - Processing /home/kali/Desktop/projects/git/bank_data_processing/myenv/lib/python3.11/site-packages/airflow/example_dags/plugins/event_listener.py took 0.026 seconds
[2024-07-13T18:02:07.703+0530] {processor.py:161} INFO - Started process (PID=11838) to work on /home/kali/Desktop/projects/git/bank_data_processing/myenv/lib/python3.11/site-packages/airflow/example_dags/plugins/event_listener.py
[2024-07-13T18:02:07.704+0530] {processor.py:830} INFO - Processing file /home/kali/Desktop/projects/git/bank_data_processing/myenv/lib/python3.11/site-packages/airflow/example_dags/plugins/event_listener.py for tasks to queue
[2024-07-13T18:02:07.706+0530] {logging_mixin.py:188} INFO - [2024-07-13T18:02:07.705+0530] {dagbag.py:545} INFO - Filling up the DagBag from /home/kali/Desktop/projects/git/bank_data_processing/myenv/lib/python3.11/site-packages/airflow/example_dags/plugins/event_listener.py
[2024-07-13T18:02:07.708+0530] {processor.py:842} WARNING - No viable dags retrieved from /home/kali/Desktop/projects/git/bank_data_processing/myenv/lib/python3.11/site-packages/airflow/example_dags/plugins/event_listener.py
[2024-07-13T18:02:07.721+0530] {processor.py:183} INFO - Processing /home/kali/Desktop/projects/git/bank_data_processing/myenv/lib/python3.11/site-packages/airflow/example_dags/plugins/event_listener.py took 0.024 seconds
[2024-07-13T18:02:43.618+0530] {processor.py:161} INFO - Started process (PID=12467) to work on /home/kali/Desktop/projects/git/bank_data_processing/myenv/lib/python3.11/site-packages/airflow/example_dags/plugins/event_listener.py
[2024-07-13T18:02:43.619+0530] {processor.py:830} INFO - Processing file /home/kali/Desktop/projects/git/bank_data_processing/myenv/lib/python3.11/site-packages/airflow/example_dags/plugins/event_listener.py for tasks to queue
[2024-07-13T18:02:43.621+0530] {logging_mixin.py:188} INFO - [2024-07-13T18:02:43.621+0530] {dagbag.py:545} INFO - Filling up the DagBag from /home/kali/Desktop/projects/git/bank_data_processing/myenv/lib/python3.11/site-packages/airflow/example_dags/plugins/event_listener.py
[2024-07-13T18:02:43.624+0530] {processor.py:842} WARNING - No viable dags retrieved from /home/kali/Desktop/projects/git/bank_data_processing/myenv/lib/python3.11/site-packages/airflow/example_dags/plugins/event_listener.py
[2024-07-13T18:02:43.642+0530] {processor.py:183} INFO - Processing /home/kali/Desktop/projects/git/bank_data_processing/myenv/lib/python3.11/site-packages/airflow/example_dags/plugins/event_listener.py took 0.034 seconds
[2024-07-13T18:03:14.258+0530] {processor.py:161} INFO - Started process (PID=13005) to work on /home/kali/Desktop/projects/git/bank_data_processing/myenv/lib/python3.11/site-packages/airflow/example_dags/plugins/event_listener.py
[2024-07-13T18:03:14.260+0530] {processor.py:830} INFO - Processing file /home/kali/Desktop/projects/git/bank_data_processing/myenv/lib/python3.11/site-packages/airflow/example_dags/plugins/event_listener.py for tasks to queue
[2024-07-13T18:03:14.261+0530] {logging_mixin.py:188} INFO - [2024-07-13T18:03:14.261+0530] {dagbag.py:545} INFO - Filling up the DagBag from /home/kali/Desktop/projects/git/bank_data_processing/myenv/lib/python3.11/site-packages/airflow/example_dags/plugins/event_listener.py
[2024-07-13T18:03:14.264+0530] {processor.py:842} WARNING - No viable dags retrieved from /home/kali/Desktop/projects/git/bank_data_processing/myenv/lib/python3.11/site-packages/airflow/example_dags/plugins/event_listener.py
[2024-07-13T18:03:14.282+0530] {processor.py:183} INFO - Processing /home/kali/Desktop/projects/git/bank_data_processing/myenv/lib/python3.11/site-packages/airflow/example_dags/plugins/event_listener.py took 0.034 seconds
[2024-07-13T18:03:45.287+0530] {processor.py:161} INFO - Started process (PID=13572) to work on /home/kali/Desktop/projects/git/bank_data_processing/myenv/lib/python3.11/site-packages/airflow/example_dags/plugins/event_listener.py
[2024-07-13T18:03:45.288+0530] {processor.py:830} INFO - Processing file /home/kali/Desktop/projects/git/bank_data_processing/myenv/lib/python3.11/site-packages/airflow/example_dags/plugins/event_listener.py for tasks to queue
[2024-07-13T18:03:45.290+0530] {logging_mixin.py:188} INFO - [2024-07-13T18:03:45.290+0530] {dagbag.py:545} INFO - Filling up the DagBag from /home/kali/Desktop/projects/git/bank_data_processing/myenv/lib/python3.11/site-packages/airflow/example_dags/plugins/event_listener.py
[2024-07-13T18:03:45.292+0530] {processor.py:842} WARNING - No viable dags retrieved from /home/kali/Desktop/projects/git/bank_data_processing/myenv/lib/python3.11/site-packages/airflow/example_dags/plugins/event_listener.py
[2024-07-13T18:03:45.310+0530] {processor.py:183} INFO - Processing /home/kali/Desktop/projects/git/bank_data_processing/myenv/lib/python3.11/site-packages/airflow/example_dags/plugins/event_listener.py took 0.033 seconds
[2024-07-13T18:04:15.572+0530] {processor.py:161} INFO - Started process (PID=14154) to work on /home/kali/Desktop/projects/git/bank_data_processing/myenv/lib/python3.11/site-packages/airflow/example_dags/plugins/event_listener.py
[2024-07-13T18:04:15.574+0530] {processor.py:830} INFO - Processing file /home/kali/Desktop/projects/git/bank_data_processing/myenv/lib/python3.11/site-packages/airflow/example_dags/plugins/event_listener.py for tasks to queue
[2024-07-13T18:04:15.576+0530] {logging_mixin.py:188} INFO - [2024-07-13T18:04:15.576+0530] {dagbag.py:545} INFO - Filling up the DagBag from /home/kali/Desktop/projects/git/bank_data_processing/myenv/lib/python3.11/site-packages/airflow/example_dags/plugins/event_listener.py
[2024-07-13T18:04:15.579+0530] {processor.py:842} WARNING - No viable dags retrieved from /home/kali/Desktop/projects/git/bank_data_processing/myenv/lib/python3.11/site-packages/airflow/example_dags/plugins/event_listener.py
[2024-07-13T18:04:15.596+0530] {processor.py:183} INFO - Processing /home/kali/Desktop/projects/git/bank_data_processing/myenv/lib/python3.11/site-packages/airflow/example_dags/plugins/event_listener.py took 0.031 seconds
[2024-07-13T18:04:45.711+0530] {processor.py:161} INFO - Started process (PID=14779) to work on /home/kali/Desktop/projects/git/bank_data_processing/myenv/lib/python3.11/site-packages/airflow/example_dags/plugins/event_listener.py
[2024-07-13T18:04:45.712+0530] {processor.py:830} INFO - Processing file /home/kali/Desktop/projects/git/bank_data_processing/myenv/lib/python3.11/site-packages/airflow/example_dags/plugins/event_listener.py for tasks to queue
[2024-07-13T18:04:45.714+0530] {logging_mixin.py:188} INFO - [2024-07-13T18:04:45.714+0530] {dagbag.py:545} INFO - Filling up the DagBag from /home/kali/Desktop/projects/git/bank_data_processing/myenv/lib/python3.11/site-packages/airflow/example_dags/plugins/event_listener.py
[2024-07-13T18:04:45.716+0530] {processor.py:842} WARNING - No viable dags retrieved from /home/kali/Desktop/projects/git/bank_data_processing/myenv/lib/python3.11/site-packages/airflow/example_dags/plugins/event_listener.py
[2024-07-13T18:04:45.729+0530] {processor.py:183} INFO - Processing /home/kali/Desktop/projects/git/bank_data_processing/myenv/lib/python3.11/site-packages/airflow/example_dags/plugins/event_listener.py took 0.024 seconds
[2024-07-13T18:05:16.262+0530] {processor.py:161} INFO - Started process (PID=15591) to work on /home/kali/Desktop/projects/git/bank_data_processing/myenv/lib/python3.11/site-packages/airflow/example_dags/plugins/event_listener.py
[2024-07-13T18:05:16.263+0530] {processor.py:830} INFO - Processing file /home/kali/Desktop/projects/git/bank_data_processing/myenv/lib/python3.11/site-packages/airflow/example_dags/plugins/event_listener.py for tasks to queue
[2024-07-13T18:05:16.266+0530] {logging_mixin.py:188} INFO - [2024-07-13T18:05:16.265+0530] {dagbag.py:545} INFO - Filling up the DagBag from /home/kali/Desktop/projects/git/bank_data_processing/myenv/lib/python3.11/site-packages/airflow/example_dags/plugins/event_listener.py
[2024-07-13T18:05:16.270+0530] {processor.py:842} WARNING - No viable dags retrieved from /home/kali/Desktop/projects/git/bank_data_processing/myenv/lib/python3.11/site-packages/airflow/example_dags/plugins/event_listener.py
[2024-07-13T18:05:16.292+0530] {processor.py:183} INFO - Processing /home/kali/Desktop/projects/git/bank_data_processing/myenv/lib/python3.11/site-packages/airflow/example_dags/plugins/event_listener.py took 0.043 seconds
[2024-07-13T18:05:46.873+0530] {processor.py:161} INFO - Started process (PID=16170) to work on /home/kali/Desktop/projects/git/bank_data_processing/myenv/lib/python3.11/site-packages/airflow/example_dags/plugins/event_listener.py
[2024-07-13T18:05:46.874+0530] {processor.py:830} INFO - Processing file /home/kali/Desktop/projects/git/bank_data_processing/myenv/lib/python3.11/site-packages/airflow/example_dags/plugins/event_listener.py for tasks to queue
[2024-07-13T18:05:46.875+0530] {logging_mixin.py:188} INFO - [2024-07-13T18:05:46.875+0530] {dagbag.py:545} INFO - Filling up the DagBag from /home/kali/Desktop/projects/git/bank_data_processing/myenv/lib/python3.11/site-packages/airflow/example_dags/plugins/event_listener.py
[2024-07-13T18:05:46.877+0530] {processor.py:842} WARNING - No viable dags retrieved from /home/kali/Desktop/projects/git/bank_data_processing/myenv/lib/python3.11/site-packages/airflow/example_dags/plugins/event_listener.py
[2024-07-13T18:05:46.889+0530] {processor.py:183} INFO - Processing /home/kali/Desktop/projects/git/bank_data_processing/myenv/lib/python3.11/site-packages/airflow/example_dags/plugins/event_listener.py took 0.022 seconds
[2024-07-13T16:52:41.112+0530] {processor.py:161} INFO - Started process (PID=54592) to work on /home/kali/Desktop/projects/git/bank_data_processing/myenv/lib/python3.11/site-packages/airflow/example_dags/plugins/event_listener.py
[2024-07-13T16:52:41.113+0530] {processor.py:830} INFO - Processing file /home/kali/Desktop/projects/git/bank_data_processing/myenv/lib/python3.11/site-packages/airflow/example_dags/plugins/event_listener.py for tasks to queue
[2024-07-13T16:52:41.115+0530] {logging_mixin.py:188} INFO - [2024-07-13T16:52:41.115+0530] {dagbag.py:545} INFO - Filling up the DagBag from /home/kali/Desktop/projects/git/bank_data_processing/myenv/lib/python3.11/site-packages/airflow/example_dags/plugins/event_listener.py
[2024-07-13T16:52:41.117+0530] {processor.py:842} WARNING - No viable dags retrieved from /home/kali/Desktop/projects/git/bank_data_processing/myenv/lib/python3.11/site-packages/airflow/example_dags/plugins/event_listener.py
[2024-07-13T16:52:41.133+0530] {processor.py:183} INFO - Processing /home/kali/Desktop/projects/git/bank_data_processing/myenv/lib/python3.11/site-packages/airflow/example_dags/plugins/event_listener.py took 0.030 seconds
[2024-07-13T16:53:12.989+0530] {processor.py:161} INFO - Started process (PID=55805) to work on /home/kali/Desktop/projects/git/bank_data_processing/myenv/lib/python3.11/site-packages/airflow/example_dags/plugins/event_listener.py
[2024-07-13T16:53:12.990+0530] {processor.py:830} INFO - Processing file /home/kali/Desktop/projects/git/bank_data_processing/myenv/lib/python3.11/site-packages/airflow/example_dags/plugins/event_listener.py for tasks to queue
[2024-07-13T16:53:12.992+0530] {logging_mixin.py:188} INFO - [2024-07-13T16:53:12.992+0530] {dagbag.py:545} INFO - Filling up the DagBag from /home/kali/Desktop/projects/git/bank_data_processing/myenv/lib/python3.11/site-packages/airflow/example_dags/plugins/event_listener.py
[2024-07-13T16:53:12.995+0530] {processor.py:842} WARNING - No viable dags retrieved from /home/kali/Desktop/projects/git/bank_data_processing/myenv/lib/python3.11/site-packages/airflow/example_dags/plugins/event_listener.py
[2024-07-13T16:53:13.012+0530] {processor.py:183} INFO - Processing /home/kali/Desktop/projects/git/bank_data_processing/myenv/lib/python3.11/site-packages/airflow/example_dags/plugins/event_listener.py took 0.036 seconds
[2024-07-13T16:53:45.549+0530] {processor.py:161} INFO - Started process (PID=57165) to work on /home/kali/Desktop/projects/git/bank_data_processing/myenv/lib/python3.11/site-packages/airflow/example_dags/plugins/event_listener.py
[2024-07-13T16:53:45.550+0530] {processor.py:830} INFO - Processing file /home/kali/Desktop/projects/git/bank_data_processing/myenv/lib/python3.11/site-packages/airflow/example_dags/plugins/event_listener.py for tasks to queue
[2024-07-13T16:53:45.553+0530] {logging_mixin.py:188} INFO - [2024-07-13T16:53:45.552+0530] {dagbag.py:545} INFO - Filling up the DagBag from /home/kali/Desktop/projects/git/bank_data_processing/myenv/lib/python3.11/site-packages/airflow/example_dags/plugins/event_listener.py
[2024-07-13T16:53:45.555+0530] {processor.py:842} WARNING - No viable dags retrieved from /home/kali/Desktop/projects/git/bank_data_processing/myenv/lib/python3.11/site-packages/airflow/example_dags/plugins/event_listener.py
[2024-07-13T16:53:45.577+0530] {processor.py:183} INFO - Processing /home/kali/Desktop/projects/git/bank_data_processing/myenv/lib/python3.11/site-packages/airflow/example_dags/plugins/event_listener.py took 0.042 seconds
[2024-07-13T16:55:21.253+0530] {processor.py:161} INFO - Started process (PID=59790) to work on /home/kali/Desktop/projects/git/bank_data_processing/myenv/lib/python3.11/site-packages/airflow/example_dags/plugins/event_listener.py
[2024-07-13T16:55:21.254+0530] {processor.py:830} INFO - Processing file /home/kali/Desktop/projects/git/bank_data_processing/myenv/lib/python3.11/site-packages/airflow/example_dags/plugins/event_listener.py for tasks to queue
[2024-07-13T16:55:21.256+0530] {logging_mixin.py:188} INFO - [2024-07-13T16:55:21.255+0530] {dagbag.py:545} INFO - Filling up the DagBag from /home/kali/Desktop/projects/git/bank_data_processing/myenv/lib/python3.11/site-packages/airflow/example_dags/plugins/event_listener.py
[2024-07-13T16:55:21.257+0530] {processor.py:842} WARNING - No viable dags retrieved from /home/kali/Desktop/projects/git/bank_data_processing/myenv/lib/python3.11/site-packages/airflow/example_dags/plugins/event_listener.py
[2024-07-13T16:55:21.269+0530] {processor.py:183} INFO - Processing /home/kali/Desktop/projects/git/bank_data_processing/myenv/lib/python3.11/site-packages/airflow/example_dags/plugins/event_listener.py took 0.021 seconds
[2024-07-13T17:08:52.690+0530] {processor.py:161} INFO - Started process (PID=68757) to work on /home/kali/Desktop/projects/git/bank_data_processing/myenv/lib/python3.11/site-packages/airflow/example_dags/plugins/event_listener.py
[2024-07-13T17:08:52.693+0530] {processor.py:830} INFO - Processing file /home/kali/Desktop/projects/git/bank_data_processing/myenv/lib/python3.11/site-packages/airflow/example_dags/plugins/event_listener.py for tasks to queue
[2024-07-13T17:08:52.697+0530] {logging_mixin.py:188} INFO - [2024-07-13T17:08:52.696+0530] {dagbag.py:545} INFO - Filling up the DagBag from /home/kali/Desktop/projects/git/bank_data_processing/myenv/lib/python3.11/site-packages/airflow/example_dags/plugins/event_listener.py
[2024-07-13T17:08:52.700+0530] {processor.py:842} WARNING - No viable dags retrieved from /home/kali/Desktop/projects/git/bank_data_processing/myenv/lib/python3.11/site-packages/airflow/example_dags/plugins/event_listener.py
[2024-07-13T17:08:52.727+0530] {processor.py:183} INFO - Processing /home/kali/Desktop/projects/git/bank_data_processing/myenv/lib/python3.11/site-packages/airflow/example_dags/plugins/event_listener.py took 0.056 seconds
[2024-07-13T17:09:23.570+0530] {processor.py:161} INFO - Started process (PID=69624) to work on /home/kali/Desktop/projects/git/bank_data_processing/myenv/lib/python3.11/site-packages/airflow/example_dags/plugins/event_listener.py
[2024-07-13T17:09:23.571+0530] {processor.py:830} INFO - Processing file /home/kali/Desktop/projects/git/bank_data_processing/myenv/lib/python3.11/site-packages/airflow/example_dags/plugins/event_listener.py for tasks to queue
[2024-07-13T17:09:23.573+0530] {logging_mixin.py:188} INFO - [2024-07-13T17:09:23.572+0530] {dagbag.py:545} INFO - Filling up the DagBag from /home/kali/Desktop/projects/git/bank_data_processing/myenv/lib/python3.11/site-packages/airflow/example_dags/plugins/event_listener.py
[2024-07-13T17:09:23.575+0530] {processor.py:842} WARNING - No viable dags retrieved from /home/kali/Desktop/projects/git/bank_data_processing/myenv/lib/python3.11/site-packages/airflow/example_dags/plugins/event_listener.py
[2024-07-13T17:09:23.589+0530] {processor.py:183} INFO - Processing /home/kali/Desktop/projects/git/bank_data_processing/myenv/lib/python3.11/site-packages/airflow/example_dags/plugins/event_listener.py took 0.026 seconds
[2024-07-13T17:09:54.005+0530] {processor.py:161} INFO - Started process (PID=70472) to work on /home/kali/Desktop/projects/git/bank_data_processing/myenv/lib/python3.11/site-packages/airflow/example_dags/plugins/event_listener.py
[2024-07-13T17:09:54.008+0530] {processor.py:830} INFO - Processing file /home/kali/Desktop/projects/git/bank_data_processing/myenv/lib/python3.11/site-packages/airflow/example_dags/plugins/event_listener.py for tasks to queue
[2024-07-13T17:09:54.010+0530] {logging_mixin.py:188} INFO - [2024-07-13T17:09:54.010+0530] {dagbag.py:545} INFO - Filling up the DagBag from /home/kali/Desktop/projects/git/bank_data_processing/myenv/lib/python3.11/site-packages/airflow/example_dags/plugins/event_listener.py
[2024-07-13T17:09:54.013+0530] {processor.py:842} WARNING - No viable dags retrieved from /home/kali/Desktop/projects/git/bank_data_processing/myenv/lib/python3.11/site-packages/airflow/example_dags/plugins/event_listener.py
[2024-07-13T17:09:54.027+0530] {processor.py:183} INFO - Processing /home/kali/Desktop/projects/git/bank_data_processing/myenv/lib/python3.11/site-packages/airflow/example_dags/plugins/event_listener.py took 0.033 seconds
[2024-07-13T17:10:25.017+0530] {processor.py:161} INFO - Started process (PID=71346) to work on /home/kali/Desktop/projects/git/bank_data_processing/myenv/lib/python3.11/site-packages/airflow/example_dags/plugins/event_listener.py
[2024-07-13T17:10:25.018+0530] {processor.py:830} INFO - Processing file /home/kali/Desktop/projects/git/bank_data_processing/myenv/lib/python3.11/site-packages/airflow/example_dags/plugins/event_listener.py for tasks to queue
[2024-07-13T17:10:25.020+0530] {logging_mixin.py:188} INFO - [2024-07-13T17:10:25.020+0530] {dagbag.py:545} INFO - Filling up the DagBag from /home/kali/Desktop/projects/git/bank_data_processing/myenv/lib/python3.11/site-packages/airflow/example_dags/plugins/event_listener.py
[2024-07-13T17:10:25.022+0530] {processor.py:842} WARNING - No viable dags retrieved from /home/kali/Desktop/projects/git/bank_data_processing/myenv/lib/python3.11/site-packages/airflow/example_dags/plugins/event_listener.py
[2024-07-13T17:10:25.035+0530] {processor.py:183} INFO - Processing /home/kali/Desktop/projects/git/bank_data_processing/myenv/lib/python3.11/site-packages/airflow/example_dags/plugins/event_listener.py took 0.025 seconds
[2024-07-13T17:10:58.418+0530] {processor.py:161} INFO - Started process (PID=72233) to work on /home/kali/Desktop/projects/git/bank_data_processing/myenv/lib/python3.11/site-packages/airflow/example_dags/plugins/event_listener.py
[2024-07-13T17:10:58.419+0530] {processor.py:830} INFO - Processing file /home/kali/Desktop/projects/git/bank_data_processing/myenv/lib/python3.11/site-packages/airflow/example_dags/plugins/event_listener.py for tasks to queue
[2024-07-13T17:10:58.421+0530] {logging_mixin.py:188} INFO - [2024-07-13T17:10:58.421+0530] {dagbag.py:545} INFO - Filling up the DagBag from /home/kali/Desktop/projects/git/bank_data_processing/myenv/lib/python3.11/site-packages/airflow/example_dags/plugins/event_listener.py
[2024-07-13T17:10:58.425+0530] {processor.py:842} WARNING - No viable dags retrieved from /home/kali/Desktop/projects/git/bank_data_processing/myenv/lib/python3.11/site-packages/airflow/example_dags/plugins/event_listener.py
[2024-07-13T17:10:58.452+0530] {processor.py:183} INFO - Processing /home/kali/Desktop/projects/git/bank_data_processing/myenv/lib/python3.11/site-packages/airflow/example_dags/plugins/event_listener.py took 0.046 seconds
[2024-07-13T17:11:29.186+0530] {processor.py:161} INFO - Started process (PID=73028) to work on /home/kali/Desktop/projects/git/bank_data_processing/myenv/lib/python3.11/site-packages/airflow/example_dags/plugins/event_listener.py
[2024-07-13T17:11:29.187+0530] {processor.py:830} INFO - Processing file /home/kali/Desktop/projects/git/bank_data_processing/myenv/lib/python3.11/site-packages/airflow/example_dags/plugins/event_listener.py for tasks to queue
[2024-07-13T17:11:29.189+0530] {logging_mixin.py:188} INFO - [2024-07-13T17:11:29.189+0530] {dagbag.py:545} INFO - Filling up the DagBag from /home/kali/Desktop/projects/git/bank_data_processing/myenv/lib/python3.11/site-packages/airflow/example_dags/plugins/event_listener.py
[2024-07-13T17:11:29.192+0530] {processor.py:842} WARNING - No viable dags retrieved from /home/kali/Desktop/projects/git/bank_data_processing/myenv/lib/python3.11/site-packages/airflow/example_dags/plugins/event_listener.py
[2024-07-13T17:11:29.207+0530] {processor.py:183} INFO - Processing /home/kali/Desktop/projects/git/bank_data_processing/myenv/lib/python3.11/site-packages/airflow/example_dags/plugins/event_listener.py took 0.029 seconds
[2024-07-13T17:11:59.973+0530] {processor.py:161} INFO - Started process (PID=73881) to work on /home/kali/Desktop/projects/git/bank_data_processing/myenv/lib/python3.11/site-packages/airflow/example_dags/plugins/event_listener.py
[2024-07-13T17:11:59.974+0530] {processor.py:830} INFO - Processing file /home/kali/Desktop/projects/git/bank_data_processing/myenv/lib/python3.11/site-packages/airflow/example_dags/plugins/event_listener.py for tasks to queue
[2024-07-13T17:11:59.975+0530] {logging_mixin.py:188} INFO - [2024-07-13T17:11:59.975+0530] {dagbag.py:545} INFO - Filling up the DagBag from /home/kali/Desktop/projects/git/bank_data_processing/myenv/lib/python3.11/site-packages/airflow/example_dags/plugins/event_listener.py
[2024-07-13T17:11:59.977+0530] {processor.py:842} WARNING - No viable dags retrieved from /home/kali/Desktop/projects/git/bank_data_processing/myenv/lib/python3.11/site-packages/airflow/example_dags/plugins/event_listener.py
[2024-07-13T17:11:59.989+0530] {processor.py:183} INFO - Processing /home/kali/Desktop/projects/git/bank_data_processing/myenv/lib/python3.11/site-packages/airflow/example_dags/plugins/event_listener.py took 0.022 seconds
[2024-07-13T17:12:30.248+0530] {processor.py:161} INFO - Started process (PID=74734) to work on /home/kali/Desktop/projects/git/bank_data_processing/myenv/lib/python3.11/site-packages/airflow/example_dags/plugins/event_listener.py
[2024-07-13T17:12:30.249+0530] {processor.py:830} INFO - Processing file /home/kali/Desktop/projects/git/bank_data_processing/myenv/lib/python3.11/site-packages/airflow/example_dags/plugins/event_listener.py for tasks to queue
[2024-07-13T17:12:30.251+0530] {logging_mixin.py:188} INFO - [2024-07-13T17:12:30.251+0530] {dagbag.py:545} INFO - Filling up the DagBag from /home/kali/Desktop/projects/git/bank_data_processing/myenv/lib/python3.11/site-packages/airflow/example_dags/plugins/event_listener.py
[2024-07-13T17:12:30.253+0530] {processor.py:842} WARNING - No viable dags retrieved from /home/kali/Desktop/projects/git/bank_data_processing/myenv/lib/python3.11/site-packages/airflow/example_dags/plugins/event_listener.py
[2024-07-13T17:12:30.266+0530] {processor.py:183} INFO - Processing /home/kali/Desktop/projects/git/bank_data_processing/myenv/lib/python3.11/site-packages/airflow/example_dags/plugins/event_listener.py took 0.026 seconds
[2024-07-13T17:13:02.174+0530] {processor.py:161} INFO - Started process (PID=75595) to work on /home/kali/Desktop/projects/git/bank_data_processing/myenv/lib/python3.11/site-packages/airflow/example_dags/plugins/event_listener.py
[2024-07-13T17:13:02.177+0530] {processor.py:830} INFO - Processing file /home/kali/Desktop/projects/git/bank_data_processing/myenv/lib/python3.11/site-packages/airflow/example_dags/plugins/event_listener.py for tasks to queue
[2024-07-13T17:13:02.179+0530] {logging_mixin.py:188} INFO - [2024-07-13T17:13:02.178+0530] {dagbag.py:545} INFO - Filling up the DagBag from /home/kali/Desktop/projects/git/bank_data_processing/myenv/lib/python3.11/site-packages/airflow/example_dags/plugins/event_listener.py
[2024-07-13T17:13:02.184+0530] {processor.py:842} WARNING - No viable dags retrieved from /home/kali/Desktop/projects/git/bank_data_processing/myenv/lib/python3.11/site-packages/airflow/example_dags/plugins/event_listener.py
[2024-07-13T17:13:02.205+0530] {processor.py:183} INFO - Processing /home/kali/Desktop/projects/git/bank_data_processing/myenv/lib/python3.11/site-packages/airflow/example_dags/plugins/event_listener.py took 0.044 seconds
[2024-07-13T17:13:32.488+0530] {processor.py:161} INFO - Started process (PID=76369) to work on /home/kali/Desktop/projects/git/bank_data_processing/myenv/lib/python3.11/site-packages/airflow/example_dags/plugins/event_listener.py
[2024-07-13T17:13:32.489+0530] {processor.py:830} INFO - Processing file /home/kali/Desktop/projects/git/bank_data_processing/myenv/lib/python3.11/site-packages/airflow/example_dags/plugins/event_listener.py for tasks to queue
[2024-07-13T17:13:32.490+0530] {logging_mixin.py:188} INFO - [2024-07-13T17:13:32.490+0530] {dagbag.py:545} INFO - Filling up the DagBag from /home/kali/Desktop/projects/git/bank_data_processing/myenv/lib/python3.11/site-packages/airflow/example_dags/plugins/event_listener.py
[2024-07-13T17:13:32.492+0530] {processor.py:842} WARNING - No viable dags retrieved from /home/kali/Desktop/projects/git/bank_data_processing/myenv/lib/python3.11/site-packages/airflow/example_dags/plugins/event_listener.py
[2024-07-13T17:13:32.503+0530] {processor.py:183} INFO - Processing /home/kali/Desktop/projects/git/bank_data_processing/myenv/lib/python3.11/site-packages/airflow/example_dags/plugins/event_listener.py took 0.021 seconds
[2024-07-13T17:14:03.275+0530] {processor.py:161} INFO - Started process (PID=77129) to work on /home/kali/Desktop/projects/git/bank_data_processing/myenv/lib/python3.11/site-packages/airflow/example_dags/plugins/event_listener.py
[2024-07-13T17:14:03.276+0530] {processor.py:830} INFO - Processing file /home/kali/Desktop/projects/git/bank_data_processing/myenv/lib/python3.11/site-packages/airflow/example_dags/plugins/event_listener.py for tasks to queue
[2024-07-13T17:14:03.277+0530] {logging_mixin.py:188} INFO - [2024-07-13T17:14:03.277+0530] {dagbag.py:545} INFO - Filling up the DagBag from /home/kali/Desktop/projects/git/bank_data_processing/myenv/lib/python3.11/site-packages/airflow/example_dags/plugins/event_listener.py
[2024-07-13T17:14:03.279+0530] {processor.py:842} WARNING - No viable dags retrieved from /home/kali/Desktop/projects/git/bank_data_processing/myenv/lib/python3.11/site-packages/airflow/example_dags/plugins/event_listener.py
[2024-07-13T17:14:03.292+0530] {processor.py:183} INFO - Processing /home/kali/Desktop/projects/git/bank_data_processing/myenv/lib/python3.11/site-packages/airflow/example_dags/plugins/event_listener.py took 0.023 seconds
[2024-07-13T17:14:35.090+0530] {processor.py:161} INFO - Started process (PID=77906) to work on /home/kali/Desktop/projects/git/bank_data_processing/myenv/lib/python3.11/site-packages/airflow/example_dags/plugins/event_listener.py
[2024-07-13T17:14:35.091+0530] {processor.py:830} INFO - Processing file /home/kali/Desktop/projects/git/bank_data_processing/myenv/lib/python3.11/site-packages/airflow/example_dags/plugins/event_listener.py for tasks to queue
[2024-07-13T17:14:35.093+0530] {logging_mixin.py:188} INFO - [2024-07-13T17:14:35.093+0530] {dagbag.py:545} INFO - Filling up the DagBag from /home/kali/Desktop/projects/git/bank_data_processing/myenv/lib/python3.11/site-packages/airflow/example_dags/plugins/event_listener.py
[2024-07-13T17:14:35.096+0530] {processor.py:842} WARNING - No viable dags retrieved from /home/kali/Desktop/projects/git/bank_data_processing/myenv/lib/python3.11/site-packages/airflow/example_dags/plugins/event_listener.py
[2024-07-13T17:14:35.112+0530] {processor.py:183} INFO - Processing /home/kali/Desktop/projects/git/bank_data_processing/myenv/lib/python3.11/site-packages/airflow/example_dags/plugins/event_listener.py took 0.032 seconds
[2024-07-13T17:15:07.657+0530] {processor.py:161} INFO - Started process (PID=78683) to work on /home/kali/Desktop/projects/git/bank_data_processing/myenv/lib/python3.11/site-packages/airflow/example_dags/plugins/event_listener.py
[2024-07-13T17:15:07.660+0530] {processor.py:830} INFO - Processing file /home/kali/Desktop/projects/git/bank_data_processing/myenv/lib/python3.11/site-packages/airflow/example_dags/plugins/event_listener.py for tasks to queue
[2024-07-13T17:15:07.662+0530] {logging_mixin.py:188} INFO - [2024-07-13T17:15:07.662+0530] {dagbag.py:545} INFO - Filling up the DagBag from /home/kali/Desktop/projects/git/bank_data_processing/myenv/lib/python3.11/site-packages/airflow/example_dags/plugins/event_listener.py
[2024-07-13T17:15:07.665+0530] {processor.py:842} WARNING - No viable dags retrieved from /home/kali/Desktop/projects/git/bank_data_processing/myenv/lib/python3.11/site-packages/airflow/example_dags/plugins/event_listener.py
[2024-07-13T17:15:07.684+0530] {processor.py:183} INFO - Processing /home/kali/Desktop/projects/git/bank_data_processing/myenv/lib/python3.11/site-packages/airflow/example_dags/plugins/event_listener.py took 0.037 seconds
[2024-07-13T17:15:38.588+0530] {processor.py:161} INFO - Started process (PID=79498) to work on /home/kali/Desktop/projects/git/bank_data_processing/myenv/lib/python3.11/site-packages/airflow/example_dags/plugins/event_listener.py
[2024-07-13T17:15:38.590+0530] {processor.py:830} INFO - Processing file /home/kali/Desktop/projects/git/bank_data_processing/myenv/lib/python3.11/site-packages/airflow/example_dags/plugins/event_listener.py for tasks to queue
[2024-07-13T17:15:38.592+0530] {logging_mixin.py:188} INFO - [2024-07-13T17:15:38.592+0530] {dagbag.py:545} INFO - Filling up the DagBag from /home/kali/Desktop/projects/git/bank_data_processing/myenv/lib/python3.11/site-packages/airflow/example_dags/plugins/event_listener.py
[2024-07-13T17:15:38.598+0530] {processor.py:842} WARNING - No viable dags retrieved from /home/kali/Desktop/projects/git/bank_data_processing/myenv/lib/python3.11/site-packages/airflow/example_dags/plugins/event_listener.py
[2024-07-13T17:15:38.618+0530] {processor.py:183} INFO - Processing /home/kali/Desktop/projects/git/bank_data_processing/myenv/lib/python3.11/site-packages/airflow/example_dags/plugins/event_listener.py took 0.043 seconds
[2024-07-13T17:16:10.211+0530] {processor.py:161} INFO - Started process (PID=80344) to work on /home/kali/Desktop/projects/git/bank_data_processing/myenv/lib/python3.11/site-packages/airflow/example_dags/plugins/event_listener.py
[2024-07-13T17:16:10.212+0530] {processor.py:830} INFO - Processing file /home/kali/Desktop/projects/git/bank_data_processing/myenv/lib/python3.11/site-packages/airflow/example_dags/plugins/event_listener.py for tasks to queue
[2024-07-13T17:16:10.214+0530] {logging_mixin.py:188} INFO - [2024-07-13T17:16:10.213+0530] {dagbag.py:545} INFO - Filling up the DagBag from /home/kali/Desktop/projects/git/bank_data_processing/myenv/lib/python3.11/site-packages/airflow/example_dags/plugins/event_listener.py
[2024-07-13T17:16:10.216+0530] {processor.py:842} WARNING - No viable dags retrieved from /home/kali/Desktop/projects/git/bank_data_processing/myenv/lib/python3.11/site-packages/airflow/example_dags/plugins/event_listener.py
[2024-07-13T17:16:10.231+0530] {processor.py:183} INFO - Processing /home/kali/Desktop/projects/git/bank_data_processing/myenv/lib/python3.11/site-packages/airflow/example_dags/plugins/event_listener.py took 0.029 seconds
[2024-07-13T17:16:41.064+0530] {processor.py:161} INFO - Started process (PID=81186) to work on /home/kali/Desktop/projects/git/bank_data_processing/myenv/lib/python3.11/site-packages/airflow/example_dags/plugins/event_listener.py
[2024-07-13T17:16:41.067+0530] {processor.py:830} INFO - Processing file /home/kali/Desktop/projects/git/bank_data_processing/myenv/lib/python3.11/site-packages/airflow/example_dags/plugins/event_listener.py for tasks to queue
[2024-07-13T17:16:41.071+0530] {logging_mixin.py:188} INFO - [2024-07-13T17:16:41.070+0530] {dagbag.py:545} INFO - Filling up the DagBag from /home/kali/Desktop/projects/git/bank_data_processing/myenv/lib/python3.11/site-packages/airflow/example_dags/plugins/event_listener.py
[2024-07-13T17:16:41.075+0530] {processor.py:842} WARNING - No viable dags retrieved from /home/kali/Desktop/projects/git/bank_data_processing/myenv/lib/python3.11/site-packages/airflow/example_dags/plugins/event_listener.py
[2024-07-13T17:16:41.097+0530] {processor.py:183} INFO - Processing /home/kali/Desktop/projects/git/bank_data_processing/myenv/lib/python3.11/site-packages/airflow/example_dags/plugins/event_listener.py took 0.043 seconds
[2024-07-13T17:17:12.100+0530] {processor.py:161} INFO - Started process (PID=82112) to work on /home/kali/Desktop/projects/git/bank_data_processing/myenv/lib/python3.11/site-packages/airflow/example_dags/plugins/event_listener.py
[2024-07-13T17:17:12.102+0530] {processor.py:830} INFO - Processing file /home/kali/Desktop/projects/git/bank_data_processing/myenv/lib/python3.11/site-packages/airflow/example_dags/plugins/event_listener.py for tasks to queue
[2024-07-13T17:17:12.104+0530] {logging_mixin.py:188} INFO - [2024-07-13T17:17:12.103+0530] {dagbag.py:545} INFO - Filling up the DagBag from /home/kali/Desktop/projects/git/bank_data_processing/myenv/lib/python3.11/site-packages/airflow/example_dags/plugins/event_listener.py
[2024-07-13T17:17:12.108+0530] {processor.py:842} WARNING - No viable dags retrieved from /home/kali/Desktop/projects/git/bank_data_processing/myenv/lib/python3.11/site-packages/airflow/example_dags/plugins/event_listener.py
[2024-07-13T17:17:12.135+0530] {processor.py:183} INFO - Processing /home/kali/Desktop/projects/git/bank_data_processing/myenv/lib/python3.11/site-packages/airflow/example_dags/plugins/event_listener.py took 0.051 seconds
[2024-07-13T17:17:43.331+0530] {processor.py:161} INFO - Started process (PID=82942) to work on /home/kali/Desktop/projects/git/bank_data_processing/myenv/lib/python3.11/site-packages/airflow/example_dags/plugins/event_listener.py
[2024-07-13T17:17:43.333+0530] {processor.py:830} INFO - Processing file /home/kali/Desktop/projects/git/bank_data_processing/myenv/lib/python3.11/site-packages/airflow/example_dags/plugins/event_listener.py for tasks to queue
[2024-07-13T17:17:43.337+0530] {logging_mixin.py:188} INFO - [2024-07-13T17:17:43.336+0530] {dagbag.py:545} INFO - Filling up the DagBag from /home/kali/Desktop/projects/git/bank_data_processing/myenv/lib/python3.11/site-packages/airflow/example_dags/plugins/event_listener.py
[2024-07-13T17:17:43.339+0530] {processor.py:842} WARNING - No viable dags retrieved from /home/kali/Desktop/projects/git/bank_data_processing/myenv/lib/python3.11/site-packages/airflow/example_dags/plugins/event_listener.py
[2024-07-13T17:17:43.355+0530] {processor.py:183} INFO - Processing /home/kali/Desktop/projects/git/bank_data_processing/myenv/lib/python3.11/site-packages/airflow/example_dags/plugins/event_listener.py took 0.033 seconds
[2024-07-13T17:18:15.035+0530] {processor.py:161} INFO - Started process (PID=84013) to work on /home/kali/Desktop/projects/git/bank_data_processing/myenv/lib/python3.11/site-packages/airflow/example_dags/plugins/event_listener.py
[2024-07-13T17:18:15.036+0530] {processor.py:830} INFO - Processing file /home/kali/Desktop/projects/git/bank_data_processing/myenv/lib/python3.11/site-packages/airflow/example_dags/plugins/event_listener.py for tasks to queue
[2024-07-13T17:18:15.038+0530] {logging_mixin.py:188} INFO - [2024-07-13T17:18:15.037+0530] {dagbag.py:545} INFO - Filling up the DagBag from /home/kali/Desktop/projects/git/bank_data_processing/myenv/lib/python3.11/site-packages/airflow/example_dags/plugins/event_listener.py
[2024-07-13T17:18:15.040+0530] {processor.py:842} WARNING - No viable dags retrieved from /home/kali/Desktop/projects/git/bank_data_processing/myenv/lib/python3.11/site-packages/airflow/example_dags/plugins/event_listener.py
[2024-07-13T17:18:15.055+0530] {processor.py:183} INFO - Processing /home/kali/Desktop/projects/git/bank_data_processing/myenv/lib/python3.11/site-packages/airflow/example_dags/plugins/event_listener.py took 0.028 seconds
[2024-07-13T17:18:47.325+0530] {processor.py:161} INFO - Started process (PID=85702) to work on /home/kali/Desktop/projects/git/bank_data_processing/myenv/lib/python3.11/site-packages/airflow/example_dags/plugins/event_listener.py
[2024-07-13T17:18:47.326+0530] {processor.py:830} INFO - Processing file /home/kali/Desktop/projects/git/bank_data_processing/myenv/lib/python3.11/site-packages/airflow/example_dags/plugins/event_listener.py for tasks to queue
[2024-07-13T17:18:47.328+0530] {logging_mixin.py:188} INFO - [2024-07-13T17:18:47.328+0530] {dagbag.py:545} INFO - Filling up the DagBag from /home/kali/Desktop/projects/git/bank_data_processing/myenv/lib/python3.11/site-packages/airflow/example_dags/plugins/event_listener.py
[2024-07-13T17:18:47.331+0530] {processor.py:842} WARNING - No viable dags retrieved from /home/kali/Desktop/projects/git/bank_data_processing/myenv/lib/python3.11/site-packages/airflow/example_dags/plugins/event_listener.py
[2024-07-13T17:18:47.348+0530] {processor.py:183} INFO - Processing /home/kali/Desktop/projects/git/bank_data_processing/myenv/lib/python3.11/site-packages/airflow/example_dags/plugins/event_listener.py took 0.033 seconds
[2024-07-13T17:19:18.041+0530] {processor.py:161} INFO - Started process (PID=86569) to work on /home/kali/Desktop/projects/git/bank_data_processing/myenv/lib/python3.11/site-packages/airflow/example_dags/plugins/event_listener.py
[2024-07-13T17:19:18.041+0530] {processor.py:830} INFO - Processing file /home/kali/Desktop/projects/git/bank_data_processing/myenv/lib/python3.11/site-packages/airflow/example_dags/plugins/event_listener.py for tasks to queue
[2024-07-13T17:19:18.043+0530] {logging_mixin.py:188} INFO - [2024-07-13T17:19:18.043+0530] {dagbag.py:545} INFO - Filling up the DagBag from /home/kali/Desktop/projects/git/bank_data_processing/myenv/lib/python3.11/site-packages/airflow/example_dags/plugins/event_listener.py
[2024-07-13T17:19:18.045+0530] {processor.py:842} WARNING - No viable dags retrieved from /home/kali/Desktop/projects/git/bank_data_processing/myenv/lib/python3.11/site-packages/airflow/example_dags/plugins/event_listener.py
[2024-07-13T17:19:18.056+0530] {processor.py:183} INFO - Processing /home/kali/Desktop/projects/git/bank_data_processing/myenv/lib/python3.11/site-packages/airflow/example_dags/plugins/event_listener.py took 0.021 seconds
[2024-07-13T17:19:49.135+0530] {processor.py:161} INFO - Started process (PID=87333) to work on /home/kali/Desktop/projects/git/bank_data_processing/myenv/lib/python3.11/site-packages/airflow/example_dags/plugins/event_listener.py
[2024-07-13T17:19:49.136+0530] {processor.py:830} INFO - Processing file /home/kali/Desktop/projects/git/bank_data_processing/myenv/lib/python3.11/site-packages/airflow/example_dags/plugins/event_listener.py for tasks to queue
[2024-07-13T17:19:49.138+0530] {logging_mixin.py:188} INFO - [2024-07-13T17:19:49.137+0530] {dagbag.py:545} INFO - Filling up the DagBag from /home/kali/Desktop/projects/git/bank_data_processing/myenv/lib/python3.11/site-packages/airflow/example_dags/plugins/event_listener.py
[2024-07-13T17:19:49.140+0530] {processor.py:842} WARNING - No viable dags retrieved from /home/kali/Desktop/projects/git/bank_data_processing/myenv/lib/python3.11/site-packages/airflow/example_dags/plugins/event_listener.py
[2024-07-13T17:19:49.153+0530] {processor.py:183} INFO - Processing /home/kali/Desktop/projects/git/bank_data_processing/myenv/lib/python3.11/site-packages/airflow/example_dags/plugins/event_listener.py took 0.027 seconds
[2024-07-13T17:20:19.912+0530] {processor.py:161} INFO - Started process (PID=88116) to work on /home/kali/Desktop/projects/git/bank_data_processing/myenv/lib/python3.11/site-packages/airflow/example_dags/plugins/event_listener.py
[2024-07-13T17:20:19.913+0530] {processor.py:830} INFO - Processing file /home/kali/Desktop/projects/git/bank_data_processing/myenv/lib/python3.11/site-packages/airflow/example_dags/plugins/event_listener.py for tasks to queue
[2024-07-13T17:20:19.915+0530] {logging_mixin.py:188} INFO - [2024-07-13T17:20:19.915+0530] {dagbag.py:545} INFO - Filling up the DagBag from /home/kali/Desktop/projects/git/bank_data_processing/myenv/lib/python3.11/site-packages/airflow/example_dags/plugins/event_listener.py
[2024-07-13T17:20:19.917+0530] {processor.py:842} WARNING - No viable dags retrieved from /home/kali/Desktop/projects/git/bank_data_processing/myenv/lib/python3.11/site-packages/airflow/example_dags/plugins/event_listener.py
[2024-07-13T17:20:19.931+0530] {processor.py:183} INFO - Processing /home/kali/Desktop/projects/git/bank_data_processing/myenv/lib/python3.11/site-packages/airflow/example_dags/plugins/event_listener.py took 0.027 seconds
[2024-07-13T17:20:51.385+0530] {processor.py:161} INFO - Started process (PID=88895) to work on /home/kali/Desktop/projects/git/bank_data_processing/myenv/lib/python3.11/site-packages/airflow/example_dags/plugins/event_listener.py
[2024-07-13T17:20:51.389+0530] {processor.py:830} INFO - Processing file /home/kali/Desktop/projects/git/bank_data_processing/myenv/lib/python3.11/site-packages/airflow/example_dags/plugins/event_listener.py for tasks to queue
[2024-07-13T17:20:51.391+0530] {logging_mixin.py:188} INFO - [2024-07-13T17:20:51.391+0530] {dagbag.py:545} INFO - Filling up the DagBag from /home/kali/Desktop/projects/git/bank_data_processing/myenv/lib/python3.11/site-packages/airflow/example_dags/plugins/event_listener.py
[2024-07-13T17:20:51.394+0530] {processor.py:842} WARNING - No viable dags retrieved from /home/kali/Desktop/projects/git/bank_data_processing/myenv/lib/python3.11/site-packages/airflow/example_dags/plugins/event_listener.py
[2024-07-13T17:20:51.410+0530] {processor.py:183} INFO - Processing /home/kali/Desktop/projects/git/bank_data_processing/myenv/lib/python3.11/site-packages/airflow/example_dags/plugins/event_listener.py took 0.037 seconds
[2024-07-13T17:21:21.995+0530] {processor.py:161} INFO - Started process (PID=89658) to work on /home/kali/Desktop/projects/git/bank_data_processing/myenv/lib/python3.11/site-packages/airflow/example_dags/plugins/event_listener.py
[2024-07-13T17:21:21.996+0530] {processor.py:830} INFO - Processing file /home/kali/Desktop/projects/git/bank_data_processing/myenv/lib/python3.11/site-packages/airflow/example_dags/plugins/event_listener.py for tasks to queue
[2024-07-13T17:21:21.998+0530] {logging_mixin.py:188} INFO - [2024-07-13T17:21:21.997+0530] {dagbag.py:545} INFO - Filling up the DagBag from /home/kali/Desktop/projects/git/bank_data_processing/myenv/lib/python3.11/site-packages/airflow/example_dags/plugins/event_listener.py
[2024-07-13T17:21:22.000+0530] {processor.py:842} WARNING - No viable dags retrieved from /home/kali/Desktop/projects/git/bank_data_processing/myenv/lib/python3.11/site-packages/airflow/example_dags/plugins/event_listener.py
[2024-07-13T17:21:22.015+0530] {processor.py:183} INFO - Processing /home/kali/Desktop/projects/git/bank_data_processing/myenv/lib/python3.11/site-packages/airflow/example_dags/plugins/event_listener.py took 0.026 seconds
[2024-07-13T17:22:09.448+0530] {processor.py:161} INFO - Started process (PID=90542) to work on /home/kali/Desktop/projects/git/bank_data_processing/myenv/lib/python3.11/site-packages/airflow/example_dags/plugins/event_listener.py
[2024-07-13T17:22:09.456+0530] {processor.py:830} INFO - Processing file /home/kali/Desktop/projects/git/bank_data_processing/myenv/lib/python3.11/site-packages/airflow/example_dags/plugins/event_listener.py for tasks to queue
[2024-07-13T17:22:09.469+0530] {logging_mixin.py:188} INFO - [2024-07-13T17:22:09.466+0530] {dagbag.py:545} INFO - Filling up the DagBag from /home/kali/Desktop/projects/git/bank_data_processing/myenv/lib/python3.11/site-packages/airflow/example_dags/plugins/event_listener.py
[2024-07-13T17:22:09.485+0530] {processor.py:842} WARNING - No viable dags retrieved from /home/kali/Desktop/projects/git/bank_data_processing/myenv/lib/python3.11/site-packages/airflow/example_dags/plugins/event_listener.py
[2024-07-13T17:22:09.565+0530] {processor.py:183} INFO - Processing /home/kali/Desktop/projects/git/bank_data_processing/myenv/lib/python3.11/site-packages/airflow/example_dags/plugins/event_listener.py took 0.164 seconds
[2024-07-13T17:23:03.506+0530] {processor.py:161} INFO - Started process (PID=91483) to work on /home/kali/Desktop/projects/git/bank_data_processing/myenv/lib/python3.11/site-packages/airflow/example_dags/plugins/event_listener.py
[2024-07-13T17:23:03.512+0530] {processor.py:830} INFO - Processing file /home/kali/Desktop/projects/git/bank_data_processing/myenv/lib/python3.11/site-packages/airflow/example_dags/plugins/event_listener.py for tasks to queue
[2024-07-13T17:23:03.521+0530] {logging_mixin.py:188} INFO - [2024-07-13T17:23:03.519+0530] {dagbag.py:545} INFO - Filling up the DagBag from /home/kali/Desktop/projects/git/bank_data_processing/myenv/lib/python3.11/site-packages/airflow/example_dags/plugins/event_listener.py
[2024-07-13T17:23:03.532+0530] {processor.py:842} WARNING - No viable dags retrieved from /home/kali/Desktop/projects/git/bank_data_processing/myenv/lib/python3.11/site-packages/airflow/example_dags/plugins/event_listener.py
[2024-07-13T17:23:03.602+0530] {processor.py:183} INFO - Processing /home/kali/Desktop/projects/git/bank_data_processing/myenv/lib/python3.11/site-packages/airflow/example_dags/plugins/event_listener.py took 0.136 seconds
[2024-07-13T17:24:15.862+0530] {processor.py:161} INFO - Started process (PID=92702) to work on /home/kali/Desktop/projects/git/bank_data_processing/myenv/lib/python3.11/site-packages/airflow/example_dags/plugins/event_listener.py
[2024-07-13T17:24:15.869+0530] {processor.py:830} INFO - Processing file /home/kali/Desktop/projects/git/bank_data_processing/myenv/lib/python3.11/site-packages/airflow/example_dags/plugins/event_listener.py for tasks to queue
[2024-07-13T17:24:15.883+0530] {logging_mixin.py:188} INFO - [2024-07-13T17:24:15.880+0530] {dagbag.py:545} INFO - Filling up the DagBag from /home/kali/Desktop/projects/git/bank_data_processing/myenv/lib/python3.11/site-packages/airflow/example_dags/plugins/event_listener.py
[2024-07-13T17:24:15.899+0530] {processor.py:842} WARNING - No viable dags retrieved from /home/kali/Desktop/projects/git/bank_data_processing/myenv/lib/python3.11/site-packages/airflow/example_dags/plugins/event_listener.py
[2024-07-13T17:24:15.984+0530] {processor.py:183} INFO - Processing /home/kali/Desktop/projects/git/bank_data_processing/myenv/lib/python3.11/site-packages/airflow/example_dags/plugins/event_listener.py took 0.165 seconds
[2024-07-13T17:25:15.644+0530] {processor.py:161} INFO - Started process (PID=93760) to work on /home/kali/Desktop/projects/git/bank_data_processing/myenv/lib/python3.11/site-packages/airflow/example_dags/plugins/event_listener.py
[2024-07-13T17:25:15.649+0530] {processor.py:830} INFO - Processing file /home/kali/Desktop/projects/git/bank_data_processing/myenv/lib/python3.11/site-packages/airflow/example_dags/plugins/event_listener.py for tasks to queue
[2024-07-13T17:25:15.661+0530] {logging_mixin.py:188} INFO - [2024-07-13T17:25:15.658+0530] {dagbag.py:545} INFO - Filling up the DagBag from /home/kali/Desktop/projects/git/bank_data_processing/myenv/lib/python3.11/site-packages/airflow/example_dags/plugins/event_listener.py
[2024-07-13T17:25:15.676+0530] {processor.py:842} WARNING - No viable dags retrieved from /home/kali/Desktop/projects/git/bank_data_processing/myenv/lib/python3.11/site-packages/airflow/example_dags/plugins/event_listener.py
[2024-07-13T17:25:15.751+0530] {processor.py:183} INFO - Processing /home/kali/Desktop/projects/git/bank_data_processing/myenv/lib/python3.11/site-packages/airflow/example_dags/plugins/event_listener.py took 0.149 seconds
[2024-07-13T17:26:16.364+0530] {processor.py:161} INFO - Started process (PID=94816) to work on /home/kali/Desktop/projects/git/bank_data_processing/myenv/lib/python3.11/site-packages/airflow/example_dags/plugins/event_listener.py
[2024-07-13T17:26:16.371+0530] {processor.py:830} INFO - Processing file /home/kali/Desktop/projects/git/bank_data_processing/myenv/lib/python3.11/site-packages/airflow/example_dags/plugins/event_listener.py for tasks to queue
[2024-07-13T17:26:16.382+0530] {logging_mixin.py:188} INFO - [2024-07-13T17:26:16.380+0530] {dagbag.py:545} INFO - Filling up the DagBag from /home/kali/Desktop/projects/git/bank_data_processing/myenv/lib/python3.11/site-packages/airflow/example_dags/plugins/event_listener.py
[2024-07-13T17:26:16.396+0530] {processor.py:842} WARNING - No viable dags retrieved from /home/kali/Desktop/projects/git/bank_data_processing/myenv/lib/python3.11/site-packages/airflow/example_dags/plugins/event_listener.py
[2024-07-13T17:26:16.468+0530] {processor.py:183} INFO - Processing /home/kali/Desktop/projects/git/bank_data_processing/myenv/lib/python3.11/site-packages/airflow/example_dags/plugins/event_listener.py took 0.143 seconds
[2024-07-13T17:27:15.094+0530] {processor.py:161} INFO - Started process (PID=95812) to work on /home/kali/Desktop/projects/git/bank_data_processing/myenv/lib/python3.11/site-packages/airflow/example_dags/plugins/event_listener.py
[2024-07-13T17:27:15.101+0530] {processor.py:830} INFO - Processing file /home/kali/Desktop/projects/git/bank_data_processing/myenv/lib/python3.11/site-packages/airflow/example_dags/plugins/event_listener.py for tasks to queue
[2024-07-13T17:27:15.113+0530] {logging_mixin.py:188} INFO - [2024-07-13T17:27:15.111+0530] {dagbag.py:545} INFO - Filling up the DagBag from /home/kali/Desktop/projects/git/bank_data_processing/myenv/lib/python3.11/site-packages/airflow/example_dags/plugins/event_listener.py
[2024-07-13T17:27:15.125+0530] {processor.py:842} WARNING - No viable dags retrieved from /home/kali/Desktop/projects/git/bank_data_processing/myenv/lib/python3.11/site-packages/airflow/example_dags/plugins/event_listener.py
[2024-07-13T17:27:15.216+0530] {processor.py:183} INFO - Processing /home/kali/Desktop/projects/git/bank_data_processing/myenv/lib/python3.11/site-packages/airflow/example_dags/plugins/event_listener.py took 0.175 seconds
[2024-07-13T17:28:14.811+0530] {processor.py:161} INFO - Started process (PID=96856) to work on /home/kali/Desktop/projects/git/bank_data_processing/myenv/lib/python3.11/site-packages/airflow/example_dags/plugins/event_listener.py
[2024-07-13T17:28:14.817+0530] {processor.py:830} INFO - Processing file /home/kali/Desktop/projects/git/bank_data_processing/myenv/lib/python3.11/site-packages/airflow/example_dags/plugins/event_listener.py for tasks to queue
[2024-07-13T17:28:14.830+0530] {logging_mixin.py:188} INFO - [2024-07-13T17:28:14.828+0530] {dagbag.py:545} INFO - Filling up the DagBag from /home/kali/Desktop/projects/git/bank_data_processing/myenv/lib/python3.11/site-packages/airflow/example_dags/plugins/event_listener.py
[2024-07-13T17:28:14.846+0530] {processor.py:842} WARNING - No viable dags retrieved from /home/kali/Desktop/projects/git/bank_data_processing/myenv/lib/python3.11/site-packages/airflow/example_dags/plugins/event_listener.py
[2024-07-13T17:28:14.924+0530] {processor.py:183} INFO - Processing /home/kali/Desktop/projects/git/bank_data_processing/myenv/lib/python3.11/site-packages/airflow/example_dags/plugins/event_listener.py took 0.162 seconds
[2024-07-13T18:19:52.184+0530] {processor.py:161} INFO - Started process (PID=4994) to work on /home/kali/Desktop/projects/git/bank_data_processing/myenv/lib/python3.11/site-packages/airflow/example_dags/plugins/event_listener.py
[2024-07-13T18:19:52.186+0530] {processor.py:830} INFO - Processing file /home/kali/Desktop/projects/git/bank_data_processing/myenv/lib/python3.11/site-packages/airflow/example_dags/plugins/event_listener.py for tasks to queue
[2024-07-13T18:19:52.189+0530] {logging_mixin.py:188} INFO - [2024-07-13T18:19:52.189+0530] {dagbag.py:545} INFO - Filling up the DagBag from /home/kali/Desktop/projects/git/bank_data_processing/myenv/lib/python3.11/site-packages/airflow/example_dags/plugins/event_listener.py
[2024-07-13T18:19:52.195+0530] {processor.py:842} WARNING - No viable dags retrieved from /home/kali/Desktop/projects/git/bank_data_processing/myenv/lib/python3.11/site-packages/airflow/example_dags/plugins/event_listener.py
[2024-07-13T18:19:52.218+0530] {processor.py:183} INFO - Processing /home/kali/Desktop/projects/git/bank_data_processing/myenv/lib/python3.11/site-packages/airflow/example_dags/plugins/event_listener.py took 0.046 seconds
[2024-07-13T18:20:22.543+0530] {processor.py:161} INFO - Started process (PID=5778) to work on /home/kali/Desktop/projects/git/bank_data_processing/myenv/lib/python3.11/site-packages/airflow/example_dags/plugins/event_listener.py
[2024-07-13T18:20:22.544+0530] {processor.py:830} INFO - Processing file /home/kali/Desktop/projects/git/bank_data_processing/myenv/lib/python3.11/site-packages/airflow/example_dags/plugins/event_listener.py for tasks to queue
[2024-07-13T18:20:22.546+0530] {logging_mixin.py:188} INFO - [2024-07-13T18:20:22.545+0530] {dagbag.py:545} INFO - Filling up the DagBag from /home/kali/Desktop/projects/git/bank_data_processing/myenv/lib/python3.11/site-packages/airflow/example_dags/plugins/event_listener.py
[2024-07-13T18:20:22.547+0530] {processor.py:842} WARNING - No viable dags retrieved from /home/kali/Desktop/projects/git/bank_data_processing/myenv/lib/python3.11/site-packages/airflow/example_dags/plugins/event_listener.py
[2024-07-13T18:20:22.561+0530] {processor.py:183} INFO - Processing /home/kali/Desktop/projects/git/bank_data_processing/myenv/lib/python3.11/site-packages/airflow/example_dags/plugins/event_listener.py took 0.024 seconds
[2024-07-13T18:20:53.499+0530] {processor.py:161} INFO - Started process (PID=6562) to work on /home/kali/Desktop/projects/git/bank_data_processing/myenv/lib/python3.11/site-packages/airflow/example_dags/plugins/event_listener.py
[2024-07-13T18:20:53.499+0530] {processor.py:830} INFO - Processing file /home/kali/Desktop/projects/git/bank_data_processing/myenv/lib/python3.11/site-packages/airflow/example_dags/plugins/event_listener.py for tasks to queue
[2024-07-13T18:20:53.501+0530] {logging_mixin.py:188} INFO - [2024-07-13T18:20:53.501+0530] {dagbag.py:545} INFO - Filling up the DagBag from /home/kali/Desktop/projects/git/bank_data_processing/myenv/lib/python3.11/site-packages/airflow/example_dags/plugins/event_listener.py
[2024-07-13T18:20:53.503+0530] {processor.py:842} WARNING - No viable dags retrieved from /home/kali/Desktop/projects/git/bank_data_processing/myenv/lib/python3.11/site-packages/airflow/example_dags/plugins/event_listener.py
[2024-07-13T18:20:53.514+0530] {processor.py:183} INFO - Processing /home/kali/Desktop/projects/git/bank_data_processing/myenv/lib/python3.11/site-packages/airflow/example_dags/plugins/event_listener.py took 0.021 seconds
[2024-07-13T18:21:26.409+0530] {processor.py:161} INFO - Started process (PID=7474) to work on /home/kali/Desktop/projects/git/bank_data_processing/myenv/lib/python3.11/site-packages/airflow/example_dags/plugins/event_listener.py
[2024-07-13T18:21:26.412+0530] {processor.py:830} INFO - Processing file /home/kali/Desktop/projects/git/bank_data_processing/myenv/lib/python3.11/site-packages/airflow/example_dags/plugins/event_listener.py for tasks to queue
[2024-07-13T18:21:26.415+0530] {logging_mixin.py:188} INFO - [2024-07-13T18:21:26.415+0530] {dagbag.py:545} INFO - Filling up the DagBag from /home/kali/Desktop/projects/git/bank_data_processing/myenv/lib/python3.11/site-packages/airflow/example_dags/plugins/event_listener.py
[2024-07-13T18:21:26.421+0530] {processor.py:842} WARNING - No viable dags retrieved from /home/kali/Desktop/projects/git/bank_data_processing/myenv/lib/python3.11/site-packages/airflow/example_dags/plugins/event_listener.py
[2024-07-13T18:21:26.446+0530] {processor.py:183} INFO - Processing /home/kali/Desktop/projects/git/bank_data_processing/myenv/lib/python3.11/site-packages/airflow/example_dags/plugins/event_listener.py took 0.049 seconds
[2024-07-13T18:21:56.704+0530] {processor.py:161} INFO - Started process (PID=8454) to work on /home/kali/Desktop/projects/git/bank_data_processing/myenv/lib/python3.11/site-packages/airflow/example_dags/plugins/event_listener.py
[2024-07-13T18:21:56.705+0530] {processor.py:830} INFO - Processing file /home/kali/Desktop/projects/git/bank_data_processing/myenv/lib/python3.11/site-packages/airflow/example_dags/plugins/event_listener.py for tasks to queue
[2024-07-13T18:21:56.708+0530] {logging_mixin.py:188} INFO - [2024-07-13T18:21:56.707+0530] {dagbag.py:545} INFO - Filling up the DagBag from /home/kali/Desktop/projects/git/bank_data_processing/myenv/lib/python3.11/site-packages/airflow/example_dags/plugins/event_listener.py
[2024-07-13T18:21:56.710+0530] {processor.py:842} WARNING - No viable dags retrieved from /home/kali/Desktop/projects/git/bank_data_processing/myenv/lib/python3.11/site-packages/airflow/example_dags/plugins/event_listener.py
[2024-07-13T18:21:56.726+0530] {processor.py:183} INFO - Processing /home/kali/Desktop/projects/git/bank_data_processing/myenv/lib/python3.11/site-packages/airflow/example_dags/plugins/event_listener.py took 0.034 seconds
[2024-07-13T18:22:28.728+0530] {processor.py:161} INFO - Started process (PID=9424) to work on /home/kali/Desktop/projects/git/bank_data_processing/myenv/lib/python3.11/site-packages/airflow/example_dags/plugins/event_listener.py
[2024-07-13T18:22:28.729+0530] {processor.py:830} INFO - Processing file /home/kali/Desktop/projects/git/bank_data_processing/myenv/lib/python3.11/site-packages/airflow/example_dags/plugins/event_listener.py for tasks to queue
[2024-07-13T18:22:28.731+0530] {logging_mixin.py:188} INFO - [2024-07-13T18:22:28.730+0530] {dagbag.py:545} INFO - Filling up the DagBag from /home/kali/Desktop/projects/git/bank_data_processing/myenv/lib/python3.11/site-packages/airflow/example_dags/plugins/event_listener.py
[2024-07-13T18:22:28.733+0530] {processor.py:842} WARNING - No viable dags retrieved from /home/kali/Desktop/projects/git/bank_data_processing/myenv/lib/python3.11/site-packages/airflow/example_dags/plugins/event_listener.py
[2024-07-13T18:22:28.744+0530] {processor.py:183} INFO - Processing /home/kali/Desktop/projects/git/bank_data_processing/myenv/lib/python3.11/site-packages/airflow/example_dags/plugins/event_listener.py took 0.022 seconds
[2024-07-13T18:22:59.571+0530] {processor.py:161} INFO - Started process (PID=10236) to work on /home/kali/Desktop/projects/git/bank_data_processing/myenv/lib/python3.11/site-packages/airflow/example_dags/plugins/event_listener.py
[2024-07-13T18:22:59.572+0530] {processor.py:830} INFO - Processing file /home/kali/Desktop/projects/git/bank_data_processing/myenv/lib/python3.11/site-packages/airflow/example_dags/plugins/event_listener.py for tasks to queue
[2024-07-13T18:22:59.573+0530] {logging_mixin.py:188} INFO - [2024-07-13T18:22:59.573+0530] {dagbag.py:545} INFO - Filling up the DagBag from /home/kali/Desktop/projects/git/bank_data_processing/myenv/lib/python3.11/site-packages/airflow/example_dags/plugins/event_listener.py
[2024-07-13T18:22:59.575+0530] {processor.py:842} WARNING - No viable dags retrieved from /home/kali/Desktop/projects/git/bank_data_processing/myenv/lib/python3.11/site-packages/airflow/example_dags/plugins/event_listener.py
[2024-07-13T18:22:59.590+0530] {processor.py:183} INFO - Processing /home/kali/Desktop/projects/git/bank_data_processing/myenv/lib/python3.11/site-packages/airflow/example_dags/plugins/event_listener.py took 0.026 seconds
[2024-07-13T18:23:30.775+0530] {processor.py:161} INFO - Started process (PID=11021) to work on /home/kali/Desktop/projects/git/bank_data_processing/myenv/lib/python3.11/site-packages/airflow/example_dags/plugins/event_listener.py
[2024-07-13T18:23:30.777+0530] {processor.py:830} INFO - Processing file /home/kali/Desktop/projects/git/bank_data_processing/myenv/lib/python3.11/site-packages/airflow/example_dags/plugins/event_listener.py for tasks to queue
[2024-07-13T18:23:30.779+0530] {logging_mixin.py:188} INFO - [2024-07-13T18:23:30.778+0530] {dagbag.py:545} INFO - Filling up the DagBag from /home/kali/Desktop/projects/git/bank_data_processing/myenv/lib/python3.11/site-packages/airflow/example_dags/plugins/event_listener.py
[2024-07-13T18:23:30.781+0530] {processor.py:842} WARNING - No viable dags retrieved from /home/kali/Desktop/projects/git/bank_data_processing/myenv/lib/python3.11/site-packages/airflow/example_dags/plugins/event_listener.py
[2024-07-13T18:23:30.795+0530] {processor.py:183} INFO - Processing /home/kali/Desktop/projects/git/bank_data_processing/myenv/lib/python3.11/site-packages/airflow/example_dags/plugins/event_listener.py took 0.028 seconds
[2024-07-13T18:24:02.474+0530] {processor.py:161} INFO - Started process (PID=11865) to work on /home/kali/Desktop/projects/git/bank_data_processing/myenv/lib/python3.11/site-packages/airflow/example_dags/plugins/event_listener.py
[2024-07-13T18:24:02.475+0530] {processor.py:830} INFO - Processing file /home/kali/Desktop/projects/git/bank_data_processing/myenv/lib/python3.11/site-packages/airflow/example_dags/plugins/event_listener.py for tasks to queue
[2024-07-13T18:24:02.477+0530] {logging_mixin.py:188} INFO - [2024-07-13T18:24:02.476+0530] {dagbag.py:545} INFO - Filling up the DagBag from /home/kali/Desktop/projects/git/bank_data_processing/myenv/lib/python3.11/site-packages/airflow/example_dags/plugins/event_listener.py
[2024-07-13T18:24:02.479+0530] {processor.py:842} WARNING - No viable dags retrieved from /home/kali/Desktop/projects/git/bank_data_processing/myenv/lib/python3.11/site-packages/airflow/example_dags/plugins/event_listener.py
[2024-07-13T18:24:02.501+0530] {processor.py:183} INFO - Processing /home/kali/Desktop/projects/git/bank_data_processing/myenv/lib/python3.11/site-packages/airflow/example_dags/plugins/event_listener.py took 0.039 seconds
[2024-07-13T18:24:32.948+0530] {processor.py:161} INFO - Started process (PID=12749) to work on /home/kali/Desktop/projects/git/bank_data_processing/myenv/lib/python3.11/site-packages/airflow/example_dags/plugins/event_listener.py
[2024-07-13T18:24:32.949+0530] {processor.py:830} INFO - Processing file /home/kali/Desktop/projects/git/bank_data_processing/myenv/lib/python3.11/site-packages/airflow/example_dags/plugins/event_listener.py for tasks to queue
[2024-07-13T18:24:32.950+0530] {logging_mixin.py:188} INFO - [2024-07-13T18:24:32.950+0530] {dagbag.py:545} INFO - Filling up the DagBag from /home/kali/Desktop/projects/git/bank_data_processing/myenv/lib/python3.11/site-packages/airflow/example_dags/plugins/event_listener.py
[2024-07-13T18:24:32.952+0530] {processor.py:842} WARNING - No viable dags retrieved from /home/kali/Desktop/projects/git/bank_data_processing/myenv/lib/python3.11/site-packages/airflow/example_dags/plugins/event_listener.py
[2024-07-13T18:24:32.964+0530] {processor.py:183} INFO - Processing /home/kali/Desktop/projects/git/bank_data_processing/myenv/lib/python3.11/site-packages/airflow/example_dags/plugins/event_listener.py took 0.023 seconds
[2024-07-13T18:25:03.795+0530] {processor.py:161} INFO - Started process (PID=13610) to work on /home/kali/Desktop/projects/git/bank_data_processing/myenv/lib/python3.11/site-packages/airflow/example_dags/plugins/event_listener.py
[2024-07-13T18:25:03.796+0530] {processor.py:830} INFO - Processing file /home/kali/Desktop/projects/git/bank_data_processing/myenv/lib/python3.11/site-packages/airflow/example_dags/plugins/event_listener.py for tasks to queue
[2024-07-13T18:25:03.799+0530] {logging_mixin.py:188} INFO - [2024-07-13T18:25:03.798+0530] {dagbag.py:545} INFO - Filling up the DagBag from /home/kali/Desktop/projects/git/bank_data_processing/myenv/lib/python3.11/site-packages/airflow/example_dags/plugins/event_listener.py
[2024-07-13T18:25:03.804+0530] {processor.py:842} WARNING - No viable dags retrieved from /home/kali/Desktop/projects/git/bank_data_processing/myenv/lib/python3.11/site-packages/airflow/example_dags/plugins/event_listener.py
[2024-07-13T18:25:03.823+0530] {processor.py:183} INFO - Processing /home/kali/Desktop/projects/git/bank_data_processing/myenv/lib/python3.11/site-packages/airflow/example_dags/plugins/event_listener.py took 0.037 seconds
[2024-07-13T18:25:36.405+0530] {processor.py:161} INFO - Started process (PID=14482) to work on /home/kali/Desktop/projects/git/bank_data_processing/myenv/lib/python3.11/site-packages/airflow/example_dags/plugins/event_listener.py
[2024-07-13T18:25:36.407+0530] {processor.py:830} INFO - Processing file /home/kali/Desktop/projects/git/bank_data_processing/myenv/lib/python3.11/site-packages/airflow/example_dags/plugins/event_listener.py for tasks to queue
[2024-07-13T18:25:36.412+0530] {logging_mixin.py:188} INFO - [2024-07-13T18:25:36.411+0530] {dagbag.py:545} INFO - Filling up the DagBag from /home/kali/Desktop/projects/git/bank_data_processing/myenv/lib/python3.11/site-packages/airflow/example_dags/plugins/event_listener.py
[2024-07-13T18:25:36.417+0530] {processor.py:842} WARNING - No viable dags retrieved from /home/kali/Desktop/projects/git/bank_data_processing/myenv/lib/python3.11/site-packages/airflow/example_dags/plugins/event_listener.py
[2024-07-13T18:25:36.445+0530] {processor.py:183} INFO - Processing /home/kali/Desktop/projects/git/bank_data_processing/myenv/lib/python3.11/site-packages/airflow/example_dags/plugins/event_listener.py took 0.055 seconds
[2024-07-13T18:26:06.526+0530] {processor.py:161} INFO - Started process (PID=15263) to work on /home/kali/Desktop/projects/git/bank_data_processing/myenv/lib/python3.11/site-packages/airflow/example_dags/plugins/event_listener.py
[2024-07-13T18:26:06.527+0530] {processor.py:830} INFO - Processing file /home/kali/Desktop/projects/git/bank_data_processing/myenv/lib/python3.11/site-packages/airflow/example_dags/plugins/event_listener.py for tasks to queue
[2024-07-13T18:26:06.528+0530] {logging_mixin.py:188} INFO - [2024-07-13T18:26:06.528+0530] {dagbag.py:545} INFO - Filling up the DagBag from /home/kali/Desktop/projects/git/bank_data_processing/myenv/lib/python3.11/site-packages/airflow/example_dags/plugins/event_listener.py
[2024-07-13T18:26:06.530+0530] {processor.py:842} WARNING - No viable dags retrieved from /home/kali/Desktop/projects/git/bank_data_processing/myenv/lib/python3.11/site-packages/airflow/example_dags/plugins/event_listener.py
[2024-07-13T18:26:06.544+0530] {processor.py:183} INFO - Processing /home/kali/Desktop/projects/git/bank_data_processing/myenv/lib/python3.11/site-packages/airflow/example_dags/plugins/event_listener.py took 0.024 seconds
[2024-07-13T18:26:38.144+0530] {processor.py:161} INFO - Started process (PID=16097) to work on /home/kali/Desktop/projects/git/bank_data_processing/myenv/lib/python3.11/site-packages/airflow/example_dags/plugins/event_listener.py
[2024-07-13T18:26:38.145+0530] {processor.py:830} INFO - Processing file /home/kali/Desktop/projects/git/bank_data_processing/myenv/lib/python3.11/site-packages/airflow/example_dags/plugins/event_listener.py for tasks to queue
[2024-07-13T18:26:38.146+0530] {logging_mixin.py:188} INFO - [2024-07-13T18:26:38.146+0530] {dagbag.py:545} INFO - Filling up the DagBag from /home/kali/Desktop/projects/git/bank_data_processing/myenv/lib/python3.11/site-packages/airflow/example_dags/plugins/event_listener.py
[2024-07-13T18:26:38.148+0530] {processor.py:842} WARNING - No viable dags retrieved from /home/kali/Desktop/projects/git/bank_data_processing/myenv/lib/python3.11/site-packages/airflow/example_dags/plugins/event_listener.py
[2024-07-13T18:26:38.163+0530] {processor.py:183} INFO - Processing /home/kali/Desktop/projects/git/bank_data_processing/myenv/lib/python3.11/site-packages/airflow/example_dags/plugins/event_listener.py took 0.026 seconds
[2024-07-13T18:27:09.226+0530] {processor.py:161} INFO - Started process (PID=16988) to work on /home/kali/Desktop/projects/git/bank_data_processing/myenv/lib/python3.11/site-packages/airflow/example_dags/plugins/event_listener.py
[2024-07-13T18:27:09.227+0530] {processor.py:830} INFO - Processing file /home/kali/Desktop/projects/git/bank_data_processing/myenv/lib/python3.11/site-packages/airflow/example_dags/plugins/event_listener.py for tasks to queue
[2024-07-13T18:27:09.230+0530] {logging_mixin.py:188} INFO - [2024-07-13T18:27:09.229+0530] {dagbag.py:545} INFO - Filling up the DagBag from /home/kali/Desktop/projects/git/bank_data_processing/myenv/lib/python3.11/site-packages/airflow/example_dags/plugins/event_listener.py
[2024-07-13T18:27:09.233+0530] {processor.py:842} WARNING - No viable dags retrieved from /home/kali/Desktop/projects/git/bank_data_processing/myenv/lib/python3.11/site-packages/airflow/example_dags/plugins/event_listener.py
[2024-07-13T18:27:09.251+0530] {processor.py:183} INFO - Processing /home/kali/Desktop/projects/git/bank_data_processing/myenv/lib/python3.11/site-packages/airflow/example_dags/plugins/event_listener.py took 0.032 seconds
[2024-07-13T18:27:40.705+0530] {processor.py:161} INFO - Started process (PID=17881) to work on /home/kali/Desktop/projects/git/bank_data_processing/myenv/lib/python3.11/site-packages/airflow/example_dags/plugins/event_listener.py
[2024-07-13T18:27:40.706+0530] {processor.py:830} INFO - Processing file /home/kali/Desktop/projects/git/bank_data_processing/myenv/lib/python3.11/site-packages/airflow/example_dags/plugins/event_listener.py for tasks to queue
[2024-07-13T18:27:40.708+0530] {logging_mixin.py:188} INFO - [2024-07-13T18:27:40.708+0530] {dagbag.py:545} INFO - Filling up the DagBag from /home/kali/Desktop/projects/git/bank_data_processing/myenv/lib/python3.11/site-packages/airflow/example_dags/plugins/event_listener.py
[2024-07-13T18:27:40.711+0530] {processor.py:842} WARNING - No viable dags retrieved from /home/kali/Desktop/projects/git/bank_data_processing/myenv/lib/python3.11/site-packages/airflow/example_dags/plugins/event_listener.py
[2024-07-13T18:27:40.723+0530] {processor.py:183} INFO - Processing /home/kali/Desktop/projects/git/bank_data_processing/myenv/lib/python3.11/site-packages/airflow/example_dags/plugins/event_listener.py took 0.026 seconds
[2024-07-13T18:28:11.300+0530] {processor.py:161} INFO - Started process (PID=18636) to work on /home/kali/Desktop/projects/git/bank_data_processing/myenv/lib/python3.11/site-packages/airflow/example_dags/plugins/event_listener.py
[2024-07-13T18:28:11.300+0530] {processor.py:830} INFO - Processing file /home/kali/Desktop/projects/git/bank_data_processing/myenv/lib/python3.11/site-packages/airflow/example_dags/plugins/event_listener.py for tasks to queue
[2024-07-13T18:28:11.302+0530] {logging_mixin.py:188} INFO - [2024-07-13T18:28:11.302+0530] {dagbag.py:545} INFO - Filling up the DagBag from /home/kali/Desktop/projects/git/bank_data_processing/myenv/lib/python3.11/site-packages/airflow/example_dags/plugins/event_listener.py
[2024-07-13T18:28:11.304+0530] {processor.py:842} WARNING - No viable dags retrieved from /home/kali/Desktop/projects/git/bank_data_processing/myenv/lib/python3.11/site-packages/airflow/example_dags/plugins/event_listener.py
[2024-07-13T18:28:11.315+0530] {processor.py:183} INFO - Processing /home/kali/Desktop/projects/git/bank_data_processing/myenv/lib/python3.11/site-packages/airflow/example_dags/plugins/event_listener.py took 0.022 seconds
[2024-07-13T18:28:42.616+0530] {processor.py:161} INFO - Started process (PID=19394) to work on /home/kali/Desktop/projects/git/bank_data_processing/myenv/lib/python3.11/site-packages/airflow/example_dags/plugins/event_listener.py
[2024-07-13T18:28:42.616+0530] {processor.py:830} INFO - Processing file /home/kali/Desktop/projects/git/bank_data_processing/myenv/lib/python3.11/site-packages/airflow/example_dags/plugins/event_listener.py for tasks to queue
[2024-07-13T18:28:42.618+0530] {logging_mixin.py:188} INFO - [2024-07-13T18:28:42.618+0530] {dagbag.py:545} INFO - Filling up the DagBag from /home/kali/Desktop/projects/git/bank_data_processing/myenv/lib/python3.11/site-packages/airflow/example_dags/plugins/event_listener.py
[2024-07-13T18:28:42.620+0530] {processor.py:842} WARNING - No viable dags retrieved from /home/kali/Desktop/projects/git/bank_data_processing/myenv/lib/python3.11/site-packages/airflow/example_dags/plugins/event_listener.py
[2024-07-13T18:28:42.631+0530] {processor.py:183} INFO - Processing /home/kali/Desktop/projects/git/bank_data_processing/myenv/lib/python3.11/site-packages/airflow/example_dags/plugins/event_listener.py took 0.021 seconds
[2024-07-13T18:29:14.156+0530] {processor.py:161} INFO - Started process (PID=20155) to work on /home/kali/Desktop/projects/git/bank_data_processing/myenv/lib/python3.11/site-packages/airflow/example_dags/plugins/event_listener.py
[2024-07-13T18:29:14.157+0530] {processor.py:830} INFO - Processing file /home/kali/Desktop/projects/git/bank_data_processing/myenv/lib/python3.11/site-packages/airflow/example_dags/plugins/event_listener.py for tasks to queue
[2024-07-13T18:29:14.159+0530] {logging_mixin.py:188} INFO - [2024-07-13T18:29:14.158+0530] {dagbag.py:545} INFO - Filling up the DagBag from /home/kali/Desktop/projects/git/bank_data_processing/myenv/lib/python3.11/site-packages/airflow/example_dags/plugins/event_listener.py
[2024-07-13T18:29:14.160+0530] {processor.py:842} WARNING - No viable dags retrieved from /home/kali/Desktop/projects/git/bank_data_processing/myenv/lib/python3.11/site-packages/airflow/example_dags/plugins/event_listener.py
[2024-07-13T18:29:14.175+0530] {processor.py:183} INFO - Processing /home/kali/Desktop/projects/git/bank_data_processing/myenv/lib/python3.11/site-packages/airflow/example_dags/plugins/event_listener.py took 0.025 seconds
[2024-07-13T18:29:44.612+0530] {processor.py:161} INFO - Started process (PID=20903) to work on /home/kali/Desktop/projects/git/bank_data_processing/myenv/lib/python3.11/site-packages/airflow/example_dags/plugins/event_listener.py
[2024-07-13T18:29:44.613+0530] {processor.py:830} INFO - Processing file /home/kali/Desktop/projects/git/bank_data_processing/myenv/lib/python3.11/site-packages/airflow/example_dags/plugins/event_listener.py for tasks to queue
[2024-07-13T18:29:44.615+0530] {logging_mixin.py:188} INFO - [2024-07-13T18:29:44.615+0530] {dagbag.py:545} INFO - Filling up the DagBag from /home/kali/Desktop/projects/git/bank_data_processing/myenv/lib/python3.11/site-packages/airflow/example_dags/plugins/event_listener.py
[2024-07-13T18:29:44.618+0530] {processor.py:842} WARNING - No viable dags retrieved from /home/kali/Desktop/projects/git/bank_data_processing/myenv/lib/python3.11/site-packages/airflow/example_dags/plugins/event_listener.py
[2024-07-13T18:29:44.629+0530] {processor.py:183} INFO - Processing /home/kali/Desktop/projects/git/bank_data_processing/myenv/lib/python3.11/site-packages/airflow/example_dags/plugins/event_listener.py took 0.026 seconds
[2024-07-13T18:30:15.881+0530] {processor.py:161} INFO - Started process (PID=21660) to work on /home/kali/Desktop/projects/git/bank_data_processing/myenv/lib/python3.11/site-packages/airflow/example_dags/plugins/event_listener.py
[2024-07-13T18:30:15.882+0530] {processor.py:830} INFO - Processing file /home/kali/Desktop/projects/git/bank_data_processing/myenv/lib/python3.11/site-packages/airflow/example_dags/plugins/event_listener.py for tasks to queue
[2024-07-13T18:30:15.884+0530] {logging_mixin.py:188} INFO - [2024-07-13T18:30:15.883+0530] {dagbag.py:545} INFO - Filling up the DagBag from /home/kali/Desktop/projects/git/bank_data_processing/myenv/lib/python3.11/site-packages/airflow/example_dags/plugins/event_listener.py
[2024-07-13T18:30:15.885+0530] {processor.py:842} WARNING - No viable dags retrieved from /home/kali/Desktop/projects/git/bank_data_processing/myenv/lib/python3.11/site-packages/airflow/example_dags/plugins/event_listener.py
[2024-07-13T18:30:15.896+0530] {processor.py:183} INFO - Processing /home/kali/Desktop/projects/git/bank_data_processing/myenv/lib/python3.11/site-packages/airflow/example_dags/plugins/event_listener.py took 0.020 seconds
[2024-07-13T18:30:47.138+0530] {processor.py:161} INFO - Started process (PID=22423) to work on /home/kali/Desktop/projects/git/bank_data_processing/myenv/lib/python3.11/site-packages/airflow/example_dags/plugins/event_listener.py
[2024-07-13T18:30:47.139+0530] {processor.py:830} INFO - Processing file /home/kali/Desktop/projects/git/bank_data_processing/myenv/lib/python3.11/site-packages/airflow/example_dags/plugins/event_listener.py for tasks to queue
[2024-07-13T18:30:47.141+0530] {logging_mixin.py:188} INFO - [2024-07-13T18:30:47.140+0530] {dagbag.py:545} INFO - Filling up the DagBag from /home/kali/Desktop/projects/git/bank_data_processing/myenv/lib/python3.11/site-packages/airflow/example_dags/plugins/event_listener.py
[2024-07-13T18:30:47.142+0530] {processor.py:842} WARNING - No viable dags retrieved from /home/kali/Desktop/projects/git/bank_data_processing/myenv/lib/python3.11/site-packages/airflow/example_dags/plugins/event_listener.py
[2024-07-13T18:30:47.154+0530] {processor.py:183} INFO - Processing /home/kali/Desktop/projects/git/bank_data_processing/myenv/lib/python3.11/site-packages/airflow/example_dags/plugins/event_listener.py took 0.022 seconds
[2024-07-13T18:31:17.937+0530] {processor.py:161} INFO - Started process (PID=23201) to work on /home/kali/Desktop/projects/git/bank_data_processing/myenv/lib/python3.11/site-packages/airflow/example_dags/plugins/event_listener.py
[2024-07-13T18:31:17.938+0530] {processor.py:830} INFO - Processing file /home/kali/Desktop/projects/git/bank_data_processing/myenv/lib/python3.11/site-packages/airflow/example_dags/plugins/event_listener.py for tasks to queue
[2024-07-13T18:31:17.940+0530] {logging_mixin.py:188} INFO - [2024-07-13T18:31:17.940+0530] {dagbag.py:545} INFO - Filling up the DagBag from /home/kali/Desktop/projects/git/bank_data_processing/myenv/lib/python3.11/site-packages/airflow/example_dags/plugins/event_listener.py
[2024-07-13T18:31:17.942+0530] {processor.py:842} WARNING - No viable dags retrieved from /home/kali/Desktop/projects/git/bank_data_processing/myenv/lib/python3.11/site-packages/airflow/example_dags/plugins/event_listener.py
[2024-07-13T18:31:17.953+0530] {processor.py:183} INFO - Processing /home/kali/Desktop/projects/git/bank_data_processing/myenv/lib/python3.11/site-packages/airflow/example_dags/plugins/event_listener.py took 0.021 seconds
[2024-07-13T18:31:48.847+0530] {processor.py:161} INFO - Started process (PID=23973) to work on /home/kali/Desktop/projects/git/bank_data_processing/myenv/lib/python3.11/site-packages/airflow/example_dags/plugins/event_listener.py
[2024-07-13T18:31:48.847+0530] {processor.py:830} INFO - Processing file /home/kali/Desktop/projects/git/bank_data_processing/myenv/lib/python3.11/site-packages/airflow/example_dags/plugins/event_listener.py for tasks to queue
[2024-07-13T18:31:48.849+0530] {logging_mixin.py:188} INFO - [2024-07-13T18:31:48.848+0530] {dagbag.py:545} INFO - Filling up the DagBag from /home/kali/Desktop/projects/git/bank_data_processing/myenv/lib/python3.11/site-packages/airflow/example_dags/plugins/event_listener.py
[2024-07-13T18:31:48.850+0530] {processor.py:842} WARNING - No viable dags retrieved from /home/kali/Desktop/projects/git/bank_data_processing/myenv/lib/python3.11/site-packages/airflow/example_dags/plugins/event_listener.py
[2024-07-13T18:31:48.861+0530] {processor.py:183} INFO - Processing /home/kali/Desktop/projects/git/bank_data_processing/myenv/lib/python3.11/site-packages/airflow/example_dags/plugins/event_listener.py took 0.020 seconds
[2024-07-13T18:32:19.447+0530] {processor.py:161} INFO - Started process (PID=24726) to work on /home/kali/Desktop/projects/git/bank_data_processing/myenv/lib/python3.11/site-packages/airflow/example_dags/plugins/event_listener.py
[2024-07-13T18:32:19.447+0530] {processor.py:830} INFO - Processing file /home/kali/Desktop/projects/git/bank_data_processing/myenv/lib/python3.11/site-packages/airflow/example_dags/plugins/event_listener.py for tasks to queue
[2024-07-13T18:32:19.449+0530] {logging_mixin.py:188} INFO - [2024-07-13T18:32:19.448+0530] {dagbag.py:545} INFO - Filling up the DagBag from /home/kali/Desktop/projects/git/bank_data_processing/myenv/lib/python3.11/site-packages/airflow/example_dags/plugins/event_listener.py
[2024-07-13T18:32:19.450+0530] {processor.py:842} WARNING - No viable dags retrieved from /home/kali/Desktop/projects/git/bank_data_processing/myenv/lib/python3.11/site-packages/airflow/example_dags/plugins/event_listener.py
[2024-07-13T18:32:19.461+0530] {processor.py:183} INFO - Processing /home/kali/Desktop/projects/git/bank_data_processing/myenv/lib/python3.11/site-packages/airflow/example_dags/plugins/event_listener.py took 0.021 seconds
[2024-07-13T18:32:50.246+0530] {processor.py:161} INFO - Started process (PID=25481) to work on /home/kali/Desktop/projects/git/bank_data_processing/myenv/lib/python3.11/site-packages/airflow/example_dags/plugins/event_listener.py
[2024-07-13T18:32:50.247+0530] {processor.py:830} INFO - Processing file /home/kali/Desktop/projects/git/bank_data_processing/myenv/lib/python3.11/site-packages/airflow/example_dags/plugins/event_listener.py for tasks to queue
[2024-07-13T18:32:50.249+0530] {logging_mixin.py:188} INFO - [2024-07-13T18:32:50.248+0530] {dagbag.py:545} INFO - Filling up the DagBag from /home/kali/Desktop/projects/git/bank_data_processing/myenv/lib/python3.11/site-packages/airflow/example_dags/plugins/event_listener.py
[2024-07-13T18:32:50.250+0530] {processor.py:842} WARNING - No viable dags retrieved from /home/kali/Desktop/projects/git/bank_data_processing/myenv/lib/python3.11/site-packages/airflow/example_dags/plugins/event_listener.py
[2024-07-13T18:32:50.261+0530] {processor.py:183} INFO - Processing /home/kali/Desktop/projects/git/bank_data_processing/myenv/lib/python3.11/site-packages/airflow/example_dags/plugins/event_listener.py took 0.020 seconds
[2024-07-13T18:33:20.985+0530] {processor.py:161} INFO - Started process (PID=26236) to work on /home/kali/Desktop/projects/git/bank_data_processing/myenv/lib/python3.11/site-packages/airflow/example_dags/plugins/event_listener.py
[2024-07-13T18:33:20.987+0530] {processor.py:830} INFO - Processing file /home/kali/Desktop/projects/git/bank_data_processing/myenv/lib/python3.11/site-packages/airflow/example_dags/plugins/event_listener.py for tasks to queue
[2024-07-13T18:33:20.989+0530] {logging_mixin.py:188} INFO - [2024-07-13T18:33:20.989+0530] {dagbag.py:545} INFO - Filling up the DagBag from /home/kali/Desktop/projects/git/bank_data_processing/myenv/lib/python3.11/site-packages/airflow/example_dags/plugins/event_listener.py
[2024-07-13T18:33:20.991+0530] {processor.py:842} WARNING - No viable dags retrieved from /home/kali/Desktop/projects/git/bank_data_processing/myenv/lib/python3.11/site-packages/airflow/example_dags/plugins/event_listener.py
[2024-07-13T18:33:21.001+0530] {processor.py:183} INFO - Processing /home/kali/Desktop/projects/git/bank_data_processing/myenv/lib/python3.11/site-packages/airflow/example_dags/plugins/event_listener.py took 0.021 seconds
[2024-07-13T18:33:51.302+0530] {processor.py:161} INFO - Started process (PID=26972) to work on /home/kali/Desktop/projects/git/bank_data_processing/myenv/lib/python3.11/site-packages/airflow/example_dags/plugins/event_listener.py
[2024-07-13T18:33:51.303+0530] {processor.py:830} INFO - Processing file /home/kali/Desktop/projects/git/bank_data_processing/myenv/lib/python3.11/site-packages/airflow/example_dags/plugins/event_listener.py for tasks to queue
[2024-07-13T18:33:51.304+0530] {logging_mixin.py:188} INFO - [2024-07-13T18:33:51.304+0530] {dagbag.py:545} INFO - Filling up the DagBag from /home/kali/Desktop/projects/git/bank_data_processing/myenv/lib/python3.11/site-packages/airflow/example_dags/plugins/event_listener.py
[2024-07-13T18:33:51.306+0530] {processor.py:842} WARNING - No viable dags retrieved from /home/kali/Desktop/projects/git/bank_data_processing/myenv/lib/python3.11/site-packages/airflow/example_dags/plugins/event_listener.py
[2024-07-13T18:33:51.317+0530] {processor.py:183} INFO - Processing /home/kali/Desktop/projects/git/bank_data_processing/myenv/lib/python3.11/site-packages/airflow/example_dags/plugins/event_listener.py took 0.020 seconds
[2024-07-13T18:34:21.972+0530] {processor.py:161} INFO - Started process (PID=27718) to work on /home/kali/Desktop/projects/git/bank_data_processing/myenv/lib/python3.11/site-packages/airflow/example_dags/plugins/event_listener.py
[2024-07-13T18:34:21.973+0530] {processor.py:830} INFO - Processing file /home/kali/Desktop/projects/git/bank_data_processing/myenv/lib/python3.11/site-packages/airflow/example_dags/plugins/event_listener.py for tasks to queue
[2024-07-13T18:34:21.974+0530] {logging_mixin.py:188} INFO - [2024-07-13T18:34:21.974+0530] {dagbag.py:545} INFO - Filling up the DagBag from /home/kali/Desktop/projects/git/bank_data_processing/myenv/lib/python3.11/site-packages/airflow/example_dags/plugins/event_listener.py
[2024-07-13T18:34:21.976+0530] {processor.py:842} WARNING - No viable dags retrieved from /home/kali/Desktop/projects/git/bank_data_processing/myenv/lib/python3.11/site-packages/airflow/example_dags/plugins/event_listener.py
[2024-07-13T18:34:21.987+0530] {processor.py:183} INFO - Processing /home/kali/Desktop/projects/git/bank_data_processing/myenv/lib/python3.11/site-packages/airflow/example_dags/plugins/event_listener.py took 0.021 seconds
[2024-07-13T18:34:52.719+0530] {processor.py:161} INFO - Started process (PID=28484) to work on /home/kali/Desktop/projects/git/bank_data_processing/myenv/lib/python3.11/site-packages/airflow/example_dags/plugins/event_listener.py
[2024-07-13T18:34:52.720+0530] {processor.py:830} INFO - Processing file /home/kali/Desktop/projects/git/bank_data_processing/myenv/lib/python3.11/site-packages/airflow/example_dags/plugins/event_listener.py for tasks to queue
[2024-07-13T18:34:52.721+0530] {logging_mixin.py:188} INFO - [2024-07-13T18:34:52.721+0530] {dagbag.py:545} INFO - Filling up the DagBag from /home/kali/Desktop/projects/git/bank_data_processing/myenv/lib/python3.11/site-packages/airflow/example_dags/plugins/event_listener.py
[2024-07-13T18:34:52.723+0530] {processor.py:842} WARNING - No viable dags retrieved from /home/kali/Desktop/projects/git/bank_data_processing/myenv/lib/python3.11/site-packages/airflow/example_dags/plugins/event_listener.py
[2024-07-13T18:34:52.734+0530] {processor.py:183} INFO - Processing /home/kali/Desktop/projects/git/bank_data_processing/myenv/lib/python3.11/site-packages/airflow/example_dags/plugins/event_listener.py took 0.020 seconds
[2024-07-13T18:35:23.688+0530] {processor.py:161} INFO - Started process (PID=29242) to work on /home/kali/Desktop/projects/git/bank_data_processing/myenv/lib/python3.11/site-packages/airflow/example_dags/plugins/event_listener.py
[2024-07-13T18:35:23.688+0530] {processor.py:830} INFO - Processing file /home/kali/Desktop/projects/git/bank_data_processing/myenv/lib/python3.11/site-packages/airflow/example_dags/plugins/event_listener.py for tasks to queue
[2024-07-13T18:35:23.690+0530] {logging_mixin.py:188} INFO - [2024-07-13T18:35:23.690+0530] {dagbag.py:545} INFO - Filling up the DagBag from /home/kali/Desktop/projects/git/bank_data_processing/myenv/lib/python3.11/site-packages/airflow/example_dags/plugins/event_listener.py
[2024-07-13T18:35:23.692+0530] {processor.py:842} WARNING - No viable dags retrieved from /home/kali/Desktop/projects/git/bank_data_processing/myenv/lib/python3.11/site-packages/airflow/example_dags/plugins/event_listener.py
[2024-07-13T18:35:23.702+0530] {processor.py:183} INFO - Processing /home/kali/Desktop/projects/git/bank_data_processing/myenv/lib/python3.11/site-packages/airflow/example_dags/plugins/event_listener.py took 0.020 seconds
[2024-07-13T18:35:54.417+0530] {processor.py:161} INFO - Started process (PID=30000) to work on /home/kali/Desktop/projects/git/bank_data_processing/myenv/lib/python3.11/site-packages/airflow/example_dags/plugins/event_listener.py
[2024-07-13T18:35:54.423+0530] {processor.py:830} INFO - Processing file /home/kali/Desktop/projects/git/bank_data_processing/myenv/lib/python3.11/site-packages/airflow/example_dags/plugins/event_listener.py for tasks to queue
[2024-07-13T18:35:54.425+0530] {logging_mixin.py:188} INFO - [2024-07-13T18:35:54.425+0530] {dagbag.py:545} INFO - Filling up the DagBag from /home/kali/Desktop/projects/git/bank_data_processing/myenv/lib/python3.11/site-packages/airflow/example_dags/plugins/event_listener.py
[2024-07-13T18:35:54.427+0530] {processor.py:842} WARNING - No viable dags retrieved from /home/kali/Desktop/projects/git/bank_data_processing/myenv/lib/python3.11/site-packages/airflow/example_dags/plugins/event_listener.py
[2024-07-13T18:35:54.456+0530] {processor.py:183} INFO - Processing /home/kali/Desktop/projects/git/bank_data_processing/myenv/lib/python3.11/site-packages/airflow/example_dags/plugins/event_listener.py took 0.045 seconds
[2024-07-13T18:36:25.352+0530] {processor.py:161} INFO - Started process (PID=30888) to work on /home/kali/Desktop/projects/git/bank_data_processing/myenv/lib/python3.11/site-packages/airflow/example_dags/plugins/event_listener.py
[2024-07-13T18:36:25.353+0530] {processor.py:830} INFO - Processing file /home/kali/Desktop/projects/git/bank_data_processing/myenv/lib/python3.11/site-packages/airflow/example_dags/plugins/event_listener.py for tasks to queue
[2024-07-13T18:36:25.355+0530] {logging_mixin.py:188} INFO - [2024-07-13T18:36:25.354+0530] {dagbag.py:545} INFO - Filling up the DagBag from /home/kali/Desktop/projects/git/bank_data_processing/myenv/lib/python3.11/site-packages/airflow/example_dags/plugins/event_listener.py
[2024-07-13T18:36:25.356+0530] {processor.py:842} WARNING - No viable dags retrieved from /home/kali/Desktop/projects/git/bank_data_processing/myenv/lib/python3.11/site-packages/airflow/example_dags/plugins/event_listener.py
[2024-07-13T18:36:25.368+0530] {processor.py:183} INFO - Processing /home/kali/Desktop/projects/git/bank_data_processing/myenv/lib/python3.11/site-packages/airflow/example_dags/plugins/event_listener.py took 0.021 seconds
[2024-07-13T18:36:57.927+0530] {processor.py:161} INFO - Started process (PID=31692) to work on /home/kali/Desktop/projects/git/bank_data_processing/myenv/lib/python3.11/site-packages/airflow/example_dags/plugins/event_listener.py
[2024-07-13T18:36:57.928+0530] {processor.py:830} INFO - Processing file /home/kali/Desktop/projects/git/bank_data_processing/myenv/lib/python3.11/site-packages/airflow/example_dags/plugins/event_listener.py for tasks to queue
[2024-07-13T18:36:57.930+0530] {logging_mixin.py:188} INFO - [2024-07-13T18:36:57.930+0530] {dagbag.py:545} INFO - Filling up the DagBag from /home/kali/Desktop/projects/git/bank_data_processing/myenv/lib/python3.11/site-packages/airflow/example_dags/plugins/event_listener.py
[2024-07-13T18:36:57.933+0530] {processor.py:842} WARNING - No viable dags retrieved from /home/kali/Desktop/projects/git/bank_data_processing/myenv/lib/python3.11/site-packages/airflow/example_dags/plugins/event_listener.py
[2024-07-13T18:36:57.950+0530] {processor.py:183} INFO - Processing /home/kali/Desktop/projects/git/bank_data_processing/myenv/lib/python3.11/site-packages/airflow/example_dags/plugins/event_listener.py took 0.031 seconds
[2024-07-13T18:37:28.641+0530] {processor.py:161} INFO - Started process (PID=32541) to work on /home/kali/Desktop/projects/git/bank_data_processing/myenv/lib/python3.11/site-packages/airflow/example_dags/plugins/event_listener.py
[2024-07-13T18:37:28.642+0530] {processor.py:830} INFO - Processing file /home/kali/Desktop/projects/git/bank_data_processing/myenv/lib/python3.11/site-packages/airflow/example_dags/plugins/event_listener.py for tasks to queue
[2024-07-13T18:37:28.644+0530] {logging_mixin.py:188} INFO - [2024-07-13T18:37:28.643+0530] {dagbag.py:545} INFO - Filling up the DagBag from /home/kali/Desktop/projects/git/bank_data_processing/myenv/lib/python3.11/site-packages/airflow/example_dags/plugins/event_listener.py
[2024-07-13T18:37:28.646+0530] {processor.py:842} WARNING - No viable dags retrieved from /home/kali/Desktop/projects/git/bank_data_processing/myenv/lib/python3.11/site-packages/airflow/example_dags/plugins/event_listener.py
[2024-07-13T18:37:28.657+0530] {processor.py:183} INFO - Processing /home/kali/Desktop/projects/git/bank_data_processing/myenv/lib/python3.11/site-packages/airflow/example_dags/plugins/event_listener.py took 0.023 seconds
[2024-07-13T18:38:00.346+0530] {processor.py:161} INFO - Started process (PID=33480) to work on /home/kali/Desktop/projects/git/bank_data_processing/myenv/lib/python3.11/site-packages/airflow/example_dags/plugins/event_listener.py
[2024-07-13T18:38:00.349+0530] {processor.py:830} INFO - Processing file /home/kali/Desktop/projects/git/bank_data_processing/myenv/lib/python3.11/site-packages/airflow/example_dags/plugins/event_listener.py for tasks to queue
[2024-07-13T18:38:00.355+0530] {logging_mixin.py:188} INFO - [2024-07-13T18:38:00.354+0530] {dagbag.py:545} INFO - Filling up the DagBag from /home/kali/Desktop/projects/git/bank_data_processing/myenv/lib/python3.11/site-packages/airflow/example_dags/plugins/event_listener.py
[2024-07-13T18:38:00.359+0530] {processor.py:842} WARNING - No viable dags retrieved from /home/kali/Desktop/projects/git/bank_data_processing/myenv/lib/python3.11/site-packages/airflow/example_dags/plugins/event_listener.py
[2024-07-13T18:38:00.387+0530] {processor.py:183} INFO - Processing /home/kali/Desktop/projects/git/bank_data_processing/myenv/lib/python3.11/site-packages/airflow/example_dags/plugins/event_listener.py took 0.052 seconds
[2024-07-13T18:38:33.014+0530] {processor.py:161} INFO - Started process (PID=34431) to work on /home/kali/Desktop/projects/git/bank_data_processing/myenv/lib/python3.11/site-packages/airflow/example_dags/plugins/event_listener.py
[2024-07-13T18:38:33.014+0530] {processor.py:830} INFO - Processing file /home/kali/Desktop/projects/git/bank_data_processing/myenv/lib/python3.11/site-packages/airflow/example_dags/plugins/event_listener.py for tasks to queue
[2024-07-13T18:38:33.016+0530] {logging_mixin.py:188} INFO - [2024-07-13T18:38:33.016+0530] {dagbag.py:545} INFO - Filling up the DagBag from /home/kali/Desktop/projects/git/bank_data_processing/myenv/lib/python3.11/site-packages/airflow/example_dags/plugins/event_listener.py
[2024-07-13T18:38:33.018+0530] {processor.py:842} WARNING - No viable dags retrieved from /home/kali/Desktop/projects/git/bank_data_processing/myenv/lib/python3.11/site-packages/airflow/example_dags/plugins/event_listener.py
[2024-07-13T18:38:33.028+0530] {processor.py:183} INFO - Processing /home/kali/Desktop/projects/git/bank_data_processing/myenv/lib/python3.11/site-packages/airflow/example_dags/plugins/event_listener.py took 0.020 seconds
[2024-07-13T18:39:03.845+0530] {processor.py:161} INFO - Started process (PID=35398) to work on /home/kali/Desktop/projects/git/bank_data_processing/myenv/lib/python3.11/site-packages/airflow/example_dags/plugins/event_listener.py
[2024-07-13T18:39:03.846+0530] {processor.py:830} INFO - Processing file /home/kali/Desktop/projects/git/bank_data_processing/myenv/lib/python3.11/site-packages/airflow/example_dags/plugins/event_listener.py for tasks to queue
[2024-07-13T18:39:03.847+0530] {logging_mixin.py:188} INFO - [2024-07-13T18:39:03.847+0530] {dagbag.py:545} INFO - Filling up the DagBag from /home/kali/Desktop/projects/git/bank_data_processing/myenv/lib/python3.11/site-packages/airflow/example_dags/plugins/event_listener.py
[2024-07-13T18:39:03.849+0530] {processor.py:842} WARNING - No viable dags retrieved from /home/kali/Desktop/projects/git/bank_data_processing/myenv/lib/python3.11/site-packages/airflow/example_dags/plugins/event_listener.py
[2024-07-13T18:39:03.860+0530] {processor.py:183} INFO - Processing /home/kali/Desktop/projects/git/bank_data_processing/myenv/lib/python3.11/site-packages/airflow/example_dags/plugins/event_listener.py took 0.022 seconds
