[2024-07-13T02:12:23.734+0530] {local_task_job_runner.py:120} INFO - ::group::Pre task execution logs
[2024-07-13T02:12:23.766+0530] {taskinstance.py:2076} INFO - Dependencies all met for dep_context=non-requeueable deps ti=<TaskInstance: parent_dag.trigger_raw_load_bill_payments manual__2024-07-11T20:36:59.640614+00:00 [queued]>
[2024-07-13T02:12:23.778+0530] {taskinstance.py:2076} INFO - Dependencies all met for dep_context=requeueable deps ti=<TaskInstance: parent_dag.trigger_raw_load_bill_payments manual__2024-07-11T20:36:59.640614+00:00 [queued]>
[2024-07-13T02:12:23.780+0530] {taskinstance.py:2306} INFO - Starting attempt 1 of 2
[2024-07-13T02:12:23.810+0530] {taskinstance.py:2330} INFO - Executing <Task(TriggerDagRunOperator): trigger_raw_load_bill_payments> on 2024-07-11 20:36:59.640614+00:00
[2024-07-13T02:12:23.821+0530] {standard_task_runner.py:63} INFO - Started process 426593 to run task
[2024-07-13T02:12:23.825+0530] {standard_task_runner.py:90} INFO - Running: ['airflow', 'tasks', 'run', 'parent_dag', 'trigger_raw_load_bill_payments', 'manual__2024-07-11T20:36:59.640614+00:00', '--job-id', '1191', '--raw', '--subdir', 'DAGS_FOLDER/dag_parent.py', '--cfg-path', '/tmp/tmpwazkep80']
[2024-07-13T02:12:23.829+0530] {standard_task_runner.py:91} INFO - Job 1191: Subtask trigger_raw_load_bill_payments
[2024-07-13T02:12:23.886+0530] {task_command.py:426} INFO - Running <TaskInstance: parent_dag.trigger_raw_load_bill_payments manual__2024-07-11T20:36:59.640614+00:00 [running]> on host kali
[2024-07-13T02:12:23.977+0530] {taskinstance.py:2648} INFO - Exporting env vars: AIRFLOW_CTX_DAG_OWNER='airflow' AIRFLOW_CTX_DAG_ID='parent_dag' AIRFLOW_CTX_TASK_ID='trigger_raw_load_bill_payments' AIRFLOW_CTX_EXECUTION_DATE='2024-07-11T20:36:59.640614+00:00' AIRFLOW_CTX_TRY_NUMBER='1' AIRFLOW_CTX_DAG_RUN_ID='manual__2024-07-11T20:36:59.640614+00:00'
[2024-07-13T02:12:23.981+0530] {taskinstance.py:430} INFO - ::endgroup::
[2024-07-13T02:12:24.054+0530] {trigger_dagrun.py:222} INFO - Waiting for raw_load_bill_payments on 2024-07-12 20:42:23.982852+00:00 to become allowed state ['success'] ...
[2024-07-13T02:13:24.068+0530] {trigger_dagrun.py:222} INFO - Waiting for raw_load_bill_payments on 2024-07-12 20:42:23.982852+00:00 to become allowed state ['success'] ...
[2024-07-13T02:14:24.081+0530] {trigger_dagrun.py:222} INFO - Waiting for raw_load_bill_payments on 2024-07-12 20:42:23.982852+00:00 to become allowed state ['success'] ...
[2024-07-13T02:15:24.096+0530] {trigger_dagrun.py:222} INFO - Waiting for raw_load_bill_payments on 2024-07-12 20:42:23.982852+00:00 to become allowed state ['success'] ...
[2024-07-13T02:16:24.101+0530] {trigger_dagrun.py:222} INFO - Waiting for raw_load_bill_payments on 2024-07-12 20:42:23.982852+00:00 to become allowed state ['success'] ...
[2024-07-13T02:16:55.456+0530] {local_task_job_runner.py:222} INFO - ::endgroup::
[2024-07-13T02:16:55.469+0530] {process_utils.py:132} INFO - Sending 15 to group 426593. PIDs of all processes in the group: [426593]
[2024-07-13T02:16:55.470+0530] {process_utils.py:87} INFO - Sending the signal 15 to group 426593
[2024-07-13T02:16:55.470+0530] {taskinstance.py:2611} ERROR - Received SIGTERM. Terminating subprocesses.
[2024-07-13T02:16:55.470+0530] {taskinstance.py:441} INFO - ::group::Post task execution logs
[2024-07-13T02:16:55.479+0530] {taskinstance.py:2905} ERROR - Task failed with exception
Traceback (most recent call last):
  File "/home/kali/Desktop/projects/git/bank_data_processing/myenv/lib/python3.11/site-packages/airflow/models/taskinstance.py", line 465, in _execute_task
    result = _execute_callable(context=context, **execute_callable_kwargs)
             ^^^^^^^^^^^^^^^^^^^^^^^^^^^^^^^^^^^^^^^^^^^^^^^^^^^^^^^^^^^^^
  File "/home/kali/Desktop/projects/git/bank_data_processing/myenv/lib/python3.11/site-packages/airflow/models/taskinstance.py", line 432, in _execute_callable
    return execute_callable(context=context, **execute_callable_kwargs)
           ^^^^^^^^^^^^^^^^^^^^^^^^^^^^^^^^^^^^^^^^^^^^^^^^^^^^^^^^^^^^
  File "/home/kali/Desktop/projects/git/bank_data_processing/myenv/lib/python3.11/site-packages/airflow/models/baseoperator.py", line 401, in wrapper
    return func(self, *args, **kwargs)
           ^^^^^^^^^^^^^^^^^^^^^^^^^^^
  File "/home/kali/Desktop/projects/git/bank_data_processing/myenv/lib/python3.11/site-packages/airflow/operators/trigger_dagrun.py", line 228, in execute
    time.sleep(self.poke_interval)
  File "/home/kali/Desktop/projects/git/bank_data_processing/myenv/lib/python3.11/site-packages/airflow/models/taskinstance.py", line 2613, in signal_handler
    raise AirflowTaskTerminated("Task received SIGTERM signal")
airflow.exceptions.AirflowTaskTerminated: Task received SIGTERM signal
[2024-07-13T02:16:55.489+0530] {taskinstance.py:1206} INFO - Marking task as UP_FOR_RETRY. dag_id=parent_dag, task_id=trigger_raw_load_bill_payments, run_id=manual__2024-07-11T20:36:59.640614+00:00, execution_date=20240711T203659, start_date=20240712T204223, end_date=20240712T204655
[2024-07-13T02:16:55.522+0530] {process_utils.py:80} INFO - Process psutil.Process(pid=426593, status='terminated', exitcode=2, started='02:12:23') (426593) terminated with exit code 2
