[2024-07-12T01:47:49.206+0530] {processor.py:161} INFO - Started process (PID=36643) to work on //home/kali/Desktop/projects/git/bank_data_processing/dags/dag_raw_branches.py
[2024-07-12T01:47:49.207+0530] {processor.py:830} INFO - Processing file //home/kali/Desktop/projects/git/bank_data_processing/dags/dag_raw_branches.py for tasks to queue
[2024-07-12T01:47:49.209+0530] {logging_mixin.py:188} INFO - [2024-07-12T01:47:49.209+0530] {dagbag.py:545} INFO - Filling up the DagBag from //home/kali/Desktop/projects/git/bank_data_processing/dags/dag_raw_branches.py
[2024-07-12T01:47:49.228+0530] {logging_mixin.py:188} INFO - [2024-07-12T01:47:49.227+0530] {dagbag.py:355} ERROR - Failed to import: //home/kali/Desktop/projects/git/bank_data_processing/dags/dag_raw_branches.py
Traceback (most recent call last):
  File "/home/kali/Desktop/projects/git/bank_data_processing/myenv/lib/python3.11/site-packages/airflow/models/dagbag.py", line 351, in parse
    loader.exec_module(new_module)
  File "<frozen importlib._bootstrap_external>", line 940, in exec_module
  File "<frozen importlib._bootstrap>", line 241, in _call_with_frames_removed
  File "//home/kali/Desktop/projects/git/bank_data_processing/dags/dag_raw_branches.py", line 13, in <module>
    from scripts.raw_load_branches import create_tables,tuncate_table,insert_table
ModuleNotFoundError: No module named 'scripts'
[2024-07-12T01:47:49.229+0530] {processor.py:842} WARNING - No viable dags retrieved from //home/kali/Desktop/projects/git/bank_data_processing/dags/dag_raw_branches.py
[2024-07-12T01:47:49.247+0530] {processor.py:183} INFO - Processing //home/kali/Desktop/projects/git/bank_data_processing/dags/dag_raw_branches.py took 0.047 seconds
[2024-07-12T01:48:19.475+0530] {processor.py:161} INFO - Started process (PID=37119) to work on //home/kali/Desktop/projects/git/bank_data_processing/dags/dag_raw_branches.py
[2024-07-12T01:48:19.476+0530] {processor.py:830} INFO - Processing file //home/kali/Desktop/projects/git/bank_data_processing/dags/dag_raw_branches.py for tasks to queue
[2024-07-12T01:48:19.477+0530] {logging_mixin.py:188} INFO - [2024-07-12T01:48:19.477+0530] {dagbag.py:545} INFO - Filling up the DagBag from //home/kali/Desktop/projects/git/bank_data_processing/dags/dag_raw_branches.py
[2024-07-12T01:48:19.498+0530] {logging_mixin.py:188} INFO - [2024-07-12T01:48:19.496+0530] {dagbag.py:355} ERROR - Failed to import: //home/kali/Desktop/projects/git/bank_data_processing/dags/dag_raw_branches.py
Traceback (most recent call last):
  File "/home/kali/Desktop/projects/git/bank_data_processing/myenv/lib/python3.11/site-packages/airflow/models/dagbag.py", line 351, in parse
    loader.exec_module(new_module)
  File "<frozen importlib._bootstrap_external>", line 940, in exec_module
  File "<frozen importlib._bootstrap>", line 241, in _call_with_frames_removed
  File "//home/kali/Desktop/projects/git/bank_data_processing/dags/dag_raw_branches.py", line 13, in <module>
    from scripts.raw_load_branches import create_tables,tuncate_table,insert_table
ModuleNotFoundError: No module named 'scripts'
[2024-07-12T01:48:19.498+0530] {processor.py:842} WARNING - No viable dags retrieved from //home/kali/Desktop/projects/git/bank_data_processing/dags/dag_raw_branches.py
[2024-07-12T01:48:19.519+0530] {processor.py:183} INFO - Processing //home/kali/Desktop/projects/git/bank_data_processing/dags/dag_raw_branches.py took 0.051 seconds
[2024-07-12T01:48:51.030+0530] {processor.py:161} INFO - Started process (PID=37502) to work on //home/kali/Desktop/projects/git/bank_data_processing/dags/dag_raw_branches.py
[2024-07-12T01:48:51.031+0530] {processor.py:830} INFO - Processing file //home/kali/Desktop/projects/git/bank_data_processing/dags/dag_raw_branches.py for tasks to queue
[2024-07-12T01:48:51.032+0530] {logging_mixin.py:188} INFO - [2024-07-12T01:48:51.032+0530] {dagbag.py:545} INFO - Filling up the DagBag from //home/kali/Desktop/projects/git/bank_data_processing/dags/dag_raw_branches.py
[2024-07-12T01:48:51.048+0530] {logging_mixin.py:188} INFO - [2024-07-12T01:48:51.047+0530] {dagbag.py:355} ERROR - Failed to import: //home/kali/Desktop/projects/git/bank_data_processing/dags/dag_raw_branches.py
Traceback (most recent call last):
  File "/home/kali/Desktop/projects/git/bank_data_processing/myenv/lib/python3.11/site-packages/airflow/models/dagbag.py", line 351, in parse
    loader.exec_module(new_module)
  File "<frozen importlib._bootstrap_external>", line 940, in exec_module
  File "<frozen importlib._bootstrap>", line 241, in _call_with_frames_removed
  File "//home/kali/Desktop/projects/git/bank_data_processing/dags/dag_raw_branches.py", line 13, in <module>
    from scripts.raw_load_branches import create_tables,tuncate_table,insert_table
ModuleNotFoundError: No module named 'scripts'
[2024-07-12T01:48:51.048+0530] {processor.py:842} WARNING - No viable dags retrieved from //home/kali/Desktop/projects/git/bank_data_processing/dags/dag_raw_branches.py
[2024-07-12T01:48:51.063+0530] {processor.py:183} INFO - Processing //home/kali/Desktop/projects/git/bank_data_processing/dags/dag_raw_branches.py took 0.039 seconds
[2024-07-12T01:48:55.835+0530] {processor.py:161} INFO - Started process (PID=37565) to work on //home/kali/Desktop/projects/git/bank_data_processing/dags/dag_raw_branches.py
[2024-07-12T01:48:55.837+0530] {processor.py:830} INFO - Processing file //home/kali/Desktop/projects/git/bank_data_processing/dags/dag_raw_branches.py for tasks to queue
[2024-07-12T01:48:55.840+0530] {logging_mixin.py:188} INFO - [2024-07-12T01:48:55.839+0530] {dagbag.py:545} INFO - Filling up the DagBag from //home/kali/Desktop/projects/git/bank_data_processing/dags/dag_raw_branches.py
[2024-07-12T01:48:55.867+0530] {logging_mixin.py:188} INFO - [2024-07-12T01:48:55.866+0530] {dagbag.py:355} ERROR - Failed to import: //home/kali/Desktop/projects/git/bank_data_processing/dags/dag_raw_branches.py
Traceback (most recent call last):
  File "/home/kali/Desktop/projects/git/bank_data_processing/myenv/lib/python3.11/site-packages/airflow/models/dagbag.py", line 351, in parse
    loader.exec_module(new_module)
  File "<frozen importlib._bootstrap_external>", line 940, in exec_module
  File "<frozen importlib._bootstrap>", line 241, in _call_with_frames_removed
  File "//home/kali/Desktop/projects/git/bank_data_processing/dags/dag_raw_branches.py", line 13, in <module>
    from models.raw_models.raw_load_branches import create_tables,tuncate_table,insert_table
ModuleNotFoundError: No module named 'models'
[2024-07-12T01:48:55.867+0530] {processor.py:842} WARNING - No viable dags retrieved from //home/kali/Desktop/projects/git/bank_data_processing/dags/dag_raw_branches.py
[2024-07-12T01:48:55.890+0530] {processor.py:183} INFO - Processing //home/kali/Desktop/projects/git/bank_data_processing/dags/dag_raw_branches.py took 0.066 seconds
[2024-07-12T01:49:26.309+0530] {processor.py:161} INFO - Started process (PID=38008) to work on //home/kali/Desktop/projects/git/bank_data_processing/dags/dag_raw_branches.py
[2024-07-12T01:49:26.310+0530] {processor.py:830} INFO - Processing file //home/kali/Desktop/projects/git/bank_data_processing/dags/dag_raw_branches.py for tasks to queue
[2024-07-12T01:49:26.311+0530] {logging_mixin.py:188} INFO - [2024-07-12T01:49:26.311+0530] {dagbag.py:545} INFO - Filling up the DagBag from //home/kali/Desktop/projects/git/bank_data_processing/dags/dag_raw_branches.py
[2024-07-12T01:49:26.333+0530] {logging_mixin.py:188} INFO - [2024-07-12T01:49:26.332+0530] {dagbag.py:355} ERROR - Failed to import: //home/kali/Desktop/projects/git/bank_data_processing/dags/dag_raw_branches.py
Traceback (most recent call last):
  File "/home/kali/Desktop/projects/git/bank_data_processing/myenv/lib/python3.11/site-packages/airflow/models/dagbag.py", line 351, in parse
    loader.exec_module(new_module)
  File "<frozen importlib._bootstrap_external>", line 940, in exec_module
  File "<frozen importlib._bootstrap>", line 241, in _call_with_frames_removed
  File "//home/kali/Desktop/projects/git/bank_data_processing/dags/dag_raw_branches.py", line 13, in <module>
    from models.raw_models.raw_load_branches import create_tables,tuncate_table,insert_table
ModuleNotFoundError: No module named 'models'
[2024-07-12T01:49:26.334+0530] {processor.py:842} WARNING - No viable dags retrieved from //home/kali/Desktop/projects/git/bank_data_processing/dags/dag_raw_branches.py
[2024-07-12T01:49:26.353+0530] {processor.py:183} INFO - Processing //home/kali/Desktop/projects/git/bank_data_processing/dags/dag_raw_branches.py took 0.050 seconds
[2024-07-12T01:49:57.190+0530] {processor.py:161} INFO - Started process (PID=38336) to work on //home/kali/Desktop/projects/git/bank_data_processing/dags/dag_raw_branches.py
[2024-07-12T01:49:57.191+0530] {processor.py:830} INFO - Processing file //home/kali/Desktop/projects/git/bank_data_processing/dags/dag_raw_branches.py for tasks to queue
[2024-07-12T01:49:57.192+0530] {logging_mixin.py:188} INFO - [2024-07-12T01:49:57.192+0530] {dagbag.py:545} INFO - Filling up the DagBag from //home/kali/Desktop/projects/git/bank_data_processing/dags/dag_raw_branches.py
[2024-07-12T01:49:57.210+0530] {logging_mixin.py:188} INFO - [2024-07-12T01:49:57.209+0530] {dagbag.py:355} ERROR - Failed to import: //home/kali/Desktop/projects/git/bank_data_processing/dags/dag_raw_branches.py
Traceback (most recent call last):
  File "/home/kali/Desktop/projects/git/bank_data_processing/myenv/lib/python3.11/site-packages/airflow/models/dagbag.py", line 351, in parse
    loader.exec_module(new_module)
  File "<frozen importlib._bootstrap_external>", line 940, in exec_module
  File "<frozen importlib._bootstrap>", line 241, in _call_with_frames_removed
  File "//home/kali/Desktop/projects/git/bank_data_processing/dags/dag_raw_branches.py", line 13, in <module>
    from models.raw_models.raw_load_branches import create_tables,tuncate_table,insert_table
ModuleNotFoundError: No module named 'models'
[2024-07-12T01:49:57.211+0530] {processor.py:842} WARNING - No viable dags retrieved from //home/kali/Desktop/projects/git/bank_data_processing/dags/dag_raw_branches.py
[2024-07-12T01:49:57.229+0530] {processor.py:183} INFO - Processing //home/kali/Desktop/projects/git/bank_data_processing/dags/dag_raw_branches.py took 0.046 seconds
[2024-07-12T01:50:27.914+0530] {processor.py:161} INFO - Started process (PID=38761) to work on //home/kali/Desktop/projects/git/bank_data_processing/dags/dag_raw_branches.py
[2024-07-12T01:50:27.915+0530] {processor.py:830} INFO - Processing file //home/kali/Desktop/projects/git/bank_data_processing/dags/dag_raw_branches.py for tasks to queue
[2024-07-12T01:50:27.917+0530] {logging_mixin.py:188} INFO - [2024-07-12T01:50:27.917+0530] {dagbag.py:545} INFO - Filling up the DagBag from //home/kali/Desktop/projects/git/bank_data_processing/dags/dag_raw_branches.py
[2024-07-12T01:50:27.939+0530] {logging_mixin.py:188} INFO - [2024-07-12T01:50:27.938+0530] {dagbag.py:355} ERROR - Failed to import: //home/kali/Desktop/projects/git/bank_data_processing/dags/dag_raw_branches.py
Traceback (most recent call last):
  File "/home/kali/Desktop/projects/git/bank_data_processing/myenv/lib/python3.11/site-packages/airflow/models/dagbag.py", line 351, in parse
    loader.exec_module(new_module)
  File "<frozen importlib._bootstrap_external>", line 940, in exec_module
  File "<frozen importlib._bootstrap>", line 241, in _call_with_frames_removed
  File "//home/kali/Desktop/projects/git/bank_data_processing/dags/dag_raw_branches.py", line 13, in <module>
    from models.raw_models.raw_load_branches import create_tables,tuncate_table,insert_table
  File "//home/kali/Desktop/projects/git/bank_data_processing/dags/models/raw_models/raw_load_branches.py", line 6, in <module>
    import pandas as pd
ModuleNotFoundError: No module named 'pandas'
[2024-07-12T01:50:27.940+0530] {processor.py:842} WARNING - No viable dags retrieved from //home/kali/Desktop/projects/git/bank_data_processing/dags/dag_raw_branches.py
[2024-07-12T01:50:27.960+0530] {processor.py:183} INFO - Processing //home/kali/Desktop/projects/git/bank_data_processing/dags/dag_raw_branches.py took 0.053 seconds
[2024-07-12T01:50:58.189+0530] {processor.py:161} INFO - Started process (PID=39185) to work on //home/kali/Desktop/projects/git/bank_data_processing/dags/dag_raw_branches.py
[2024-07-12T01:50:58.191+0530] {processor.py:830} INFO - Processing file //home/kali/Desktop/projects/git/bank_data_processing/dags/dag_raw_branches.py for tasks to queue
[2024-07-12T01:50:58.193+0530] {logging_mixin.py:188} INFO - [2024-07-12T01:50:58.192+0530] {dagbag.py:545} INFO - Filling up the DagBag from //home/kali/Desktop/projects/git/bank_data_processing/dags/dag_raw_branches.py
[2024-07-12T01:50:58.213+0530] {logging_mixin.py:188} INFO - [2024-07-12T01:50:58.212+0530] {dagbag.py:355} ERROR - Failed to import: //home/kali/Desktop/projects/git/bank_data_processing/dags/dag_raw_branches.py
Traceback (most recent call last):
  File "/home/kali/Desktop/projects/git/bank_data_processing/myenv/lib/python3.11/site-packages/airflow/models/dagbag.py", line 351, in parse
    loader.exec_module(new_module)
  File "<frozen importlib._bootstrap_external>", line 940, in exec_module
  File "<frozen importlib._bootstrap>", line 241, in _call_with_frames_removed
  File "//home/kali/Desktop/projects/git/bank_data_processing/dags/dag_raw_branches.py", line 13, in <module>
    from models.raw_models.raw_load_branches import create_tables,tuncate_table,insert_table
  File "//home/kali/Desktop/projects/git/bank_data_processing/dags/models/raw_models/raw_load_branches.py", line 6, in <module>
    import pandas as pd
ModuleNotFoundError: No module named 'pandas'
[2024-07-12T01:50:58.214+0530] {processor.py:842} WARNING - No viable dags retrieved from //home/kali/Desktop/projects/git/bank_data_processing/dags/dag_raw_branches.py
[2024-07-12T01:50:58.234+0530] {processor.py:183} INFO - Processing //home/kali/Desktop/projects/git/bank_data_processing/dags/dag_raw_branches.py took 0.052 seconds
[2024-07-12T01:51:28.285+0530] {processor.py:161} INFO - Started process (PID=39592) to work on //home/kali/Desktop/projects/git/bank_data_processing/dags/dag_raw_branches.py
[2024-07-12T01:51:28.286+0530] {processor.py:830} INFO - Processing file //home/kali/Desktop/projects/git/bank_data_processing/dags/dag_raw_branches.py for tasks to queue
[2024-07-12T01:51:28.288+0530] {logging_mixin.py:188} INFO - [2024-07-12T01:51:28.288+0530] {dagbag.py:545} INFO - Filling up the DagBag from //home/kali/Desktop/projects/git/bank_data_processing/dags/dag_raw_branches.py
[2024-07-12T01:51:28.306+0530] {logging_mixin.py:188} INFO - [2024-07-12T01:51:28.305+0530] {dagbag.py:355} ERROR - Failed to import: //home/kali/Desktop/projects/git/bank_data_processing/dags/dag_raw_branches.py
Traceback (most recent call last):
  File "/home/kali/Desktop/projects/git/bank_data_processing/myenv/lib/python3.11/site-packages/airflow/models/dagbag.py", line 351, in parse
    loader.exec_module(new_module)
  File "<frozen importlib._bootstrap_external>", line 940, in exec_module
  File "<frozen importlib._bootstrap>", line 241, in _call_with_frames_removed
  File "//home/kali/Desktop/projects/git/bank_data_processing/dags/dag_raw_branches.py", line 13, in <module>
    from models.raw_models.raw_load_branches import create_tables,tuncate_table,insert_table
  File "//home/kali/Desktop/projects/git/bank_data_processing/dags/models/raw_models/raw_load_branches.py", line 6, in <module>
    import pandas as pd
ModuleNotFoundError: No module named 'pandas'
[2024-07-12T01:51:28.307+0530] {processor.py:842} WARNING - No viable dags retrieved from //home/kali/Desktop/projects/git/bank_data_processing/dags/dag_raw_branches.py
[2024-07-12T01:51:28.325+0530] {processor.py:183} INFO - Processing //home/kali/Desktop/projects/git/bank_data_processing/dags/dag_raw_branches.py took 0.046 seconds
[2024-07-12T01:52:03.084+0530] {processor.py:161} INFO - Started process (PID=40287) to work on //home/kali/Desktop/projects/git/bank_data_processing/dags/dag_raw_branches.py
[2024-07-12T01:52:03.085+0530] {processor.py:830} INFO - Processing file //home/kali/Desktop/projects/git/bank_data_processing/dags/dag_raw_branches.py for tasks to queue
[2024-07-12T01:52:03.088+0530] {logging_mixin.py:188} INFO - [2024-07-12T01:52:03.088+0530] {dagbag.py:545} INFO - Filling up the DagBag from //home/kali/Desktop/projects/git/bank_data_processing/dags/dag_raw_branches.py
[2024-07-12T01:52:03.509+0530] {logging_mixin.py:188} INFO - [2024-07-12T01:52:03.508+0530] {base.py:84} INFO - Using connection ID 'mysql_default' for task execution.
[2024-07-12T01:52:03.516+0530] {processor.py:840} INFO - DAG(s) 'raw_load_branches' retrieved from //home/kali/Desktop/projects/git/bank_data_processing/dags/dag_raw_branches.py
[2024-07-12T01:52:03.645+0530] {logging_mixin.py:188} INFO - [2024-07-12T01:52:03.645+0530] {override.py:1847} INFO - Created Permission View: can delete on DAG:raw_load_branches
[2024-07-12T01:52:03.663+0530] {logging_mixin.py:188} INFO - [2024-07-12T01:52:03.663+0530] {override.py:1847} INFO - Created Permission View: can read on DAG:raw_load_branches
[2024-07-12T01:52:03.673+0530] {logging_mixin.py:188} INFO - [2024-07-12T01:52:03.672+0530] {override.py:1847} INFO - Created Permission View: can edit on DAG:raw_load_branches
[2024-07-12T01:52:03.673+0530] {logging_mixin.py:188} INFO - [2024-07-12T01:52:03.673+0530] {dag.py:3096} INFO - Sync 1 DAGs
[2024-07-12T01:52:03.687+0530] {logging_mixin.py:188} INFO - [2024-07-12T01:52:03.687+0530] {dag.py:3118} INFO - Creating ORM DAG for raw_load_branches
[2024-07-12T01:52:03.688+0530] {logging_mixin.py:188} INFO - [2024-07-12T01:52:03.688+0530] {dag.py:3954} INFO - Setting next_dagrun for raw_load_branches to None, run_after=None
[2024-07-12T01:52:03.709+0530] {processor.py:183} INFO - Processing //home/kali/Desktop/projects/git/bank_data_processing/dags/dag_raw_branches.py took 0.639 seconds
[2024-07-12T01:52:33.981+0530] {processor.py:161} INFO - Started process (PID=40962) to work on //home/kali/Desktop/projects/git/bank_data_processing/dags/dag_raw_branches.py
[2024-07-12T01:52:33.982+0530] {processor.py:830} INFO - Processing file //home/kali/Desktop/projects/git/bank_data_processing/dags/dag_raw_branches.py for tasks to queue
[2024-07-12T01:52:33.983+0530] {logging_mixin.py:188} INFO - [2024-07-12T01:52:33.983+0530] {dagbag.py:545} INFO - Filling up the DagBag from //home/kali/Desktop/projects/git/bank_data_processing/dags/dag_raw_branches.py
[2024-07-12T01:52:34.396+0530] {logging_mixin.py:188} INFO - [2024-07-12T01:52:34.395+0530] {base.py:84} INFO - Using connection ID 'mysql_default' for task execution.
[2024-07-12T01:52:34.400+0530] {processor.py:840} INFO - DAG(s) 'raw_load_branches' retrieved from //home/kali/Desktop/projects/git/bank_data_processing/dags/dag_raw_branches.py
[2024-07-12T01:52:34.493+0530] {logging_mixin.py:188} INFO - [2024-07-12T01:52:34.493+0530] {dag.py:3096} INFO - Sync 1 DAGs
[2024-07-12T01:52:34.503+0530] {logging_mixin.py:188} INFO - [2024-07-12T01:52:34.502+0530] {dag.py:3954} INFO - Setting next_dagrun for raw_load_branches to None, run_after=None
[2024-07-12T01:52:34.633+0530] {processor.py:183} INFO - Processing //home/kali/Desktop/projects/git/bank_data_processing/dags/dag_raw_branches.py took 0.662 seconds
[2024-07-12T01:53:05.091+0530] {processor.py:161} INFO - Started process (PID=41579) to work on //home/kali/Desktop/projects/git/bank_data_processing/dags/dag_raw_branches.py
[2024-07-12T01:53:05.092+0530] {processor.py:830} INFO - Processing file //home/kali/Desktop/projects/git/bank_data_processing/dags/dag_raw_branches.py for tasks to queue
[2024-07-12T01:53:05.093+0530] {logging_mixin.py:188} INFO - [2024-07-12T01:53:05.093+0530] {dagbag.py:545} INFO - Filling up the DagBag from //home/kali/Desktop/projects/git/bank_data_processing/dags/dag_raw_branches.py
[2024-07-12T01:53:05.397+0530] {logging_mixin.py:188} INFO - [2024-07-12T01:53:05.397+0530] {base.py:84} INFO - Using connection ID 'mysql_default' for task execution.
[2024-07-12T01:53:05.401+0530] {processor.py:840} INFO - DAG(s) 'raw_load_branches' retrieved from //home/kali/Desktop/projects/git/bank_data_processing/dags/dag_raw_branches.py
[2024-07-12T01:53:05.560+0530] {logging_mixin.py:188} INFO - [2024-07-12T01:53:05.559+0530] {dag.py:3096} INFO - Sync 1 DAGs
[2024-07-12T01:53:05.572+0530] {logging_mixin.py:188} INFO - [2024-07-12T01:53:05.572+0530] {dag.py:3954} INFO - Setting next_dagrun for raw_load_branches to None, run_after=None
[2024-07-12T01:53:05.599+0530] {processor.py:183} INFO - Processing //home/kali/Desktop/projects/git/bank_data_processing/dags/dag_raw_branches.py took 0.516 seconds
[2024-07-12T01:53:35.844+0530] {processor.py:161} INFO - Started process (PID=42246) to work on //home/kali/Desktop/projects/git/bank_data_processing/dags/dag_raw_branches.py
[2024-07-12T01:53:35.845+0530] {processor.py:830} INFO - Processing file //home/kali/Desktop/projects/git/bank_data_processing/dags/dag_raw_branches.py for tasks to queue
[2024-07-12T01:53:35.846+0530] {logging_mixin.py:188} INFO - [2024-07-12T01:53:35.846+0530] {dagbag.py:545} INFO - Filling up the DagBag from //home/kali/Desktop/projects/git/bank_data_processing/dags/dag_raw_branches.py
[2024-07-12T01:53:36.158+0530] {logging_mixin.py:188} INFO - [2024-07-12T01:53:36.158+0530] {base.py:84} INFO - Using connection ID 'mysql_default' for task execution.
[2024-07-12T01:53:36.162+0530] {processor.py:840} INFO - DAG(s) 'raw_load_branches' retrieved from //home/kali/Desktop/projects/git/bank_data_processing/dags/dag_raw_branches.py
[2024-07-12T01:53:36.242+0530] {logging_mixin.py:188} INFO - [2024-07-12T01:53:36.242+0530] {dag.py:3096} INFO - Sync 1 DAGs
[2024-07-12T01:53:36.250+0530] {logging_mixin.py:188} INFO - [2024-07-12T01:53:36.250+0530] {dag.py:3954} INFO - Setting next_dagrun for raw_load_branches to None, run_after=None
[2024-07-12T01:53:36.273+0530] {processor.py:183} INFO - Processing //home/kali/Desktop/projects/git/bank_data_processing/dags/dag_raw_branches.py took 0.438 seconds
[2024-07-12T01:54:06.361+0530] {processor.py:161} INFO - Started process (PID=42946) to work on //home/kali/Desktop/projects/git/bank_data_processing/dags/dag_raw_branches.py
[2024-07-12T01:54:06.362+0530] {processor.py:830} INFO - Processing file //home/kali/Desktop/projects/git/bank_data_processing/dags/dag_raw_branches.py for tasks to queue
[2024-07-12T01:54:06.363+0530] {logging_mixin.py:188} INFO - [2024-07-12T01:54:06.363+0530] {dagbag.py:545} INFO - Filling up the DagBag from //home/kali/Desktop/projects/git/bank_data_processing/dags/dag_raw_branches.py
[2024-07-12T01:54:06.785+0530] {logging_mixin.py:188} INFO - [2024-07-12T01:54:06.785+0530] {base.py:84} INFO - Using connection ID 'mysql_default' for task execution.
[2024-07-12T01:54:06.789+0530] {processor.py:840} INFO - DAG(s) 'raw_load_branches' retrieved from //home/kali/Desktop/projects/git/bank_data_processing/dags/dag_raw_branches.py
[2024-07-12T01:54:06.992+0530] {logging_mixin.py:188} INFO - [2024-07-12T01:54:06.992+0530] {dag.py:3096} INFO - Sync 1 DAGs
[2024-07-12T01:54:07.002+0530] {logging_mixin.py:188} INFO - [2024-07-12T01:54:07.002+0530] {dag.py:3954} INFO - Setting next_dagrun for raw_load_branches to None, run_after=None
[2024-07-12T01:54:07.023+0530] {processor.py:183} INFO - Processing //home/kali/Desktop/projects/git/bank_data_processing/dags/dag_raw_branches.py took 0.669 seconds
[2024-07-12T01:54:37.639+0530] {processor.py:161} INFO - Started process (PID=43579) to work on //home/kali/Desktop/projects/git/bank_data_processing/dags/dag_raw_branches.py
[2024-07-12T01:54:37.640+0530] {processor.py:830} INFO - Processing file //home/kali/Desktop/projects/git/bank_data_processing/dags/dag_raw_branches.py for tasks to queue
[2024-07-12T01:54:37.641+0530] {logging_mixin.py:188} INFO - [2024-07-12T01:54:37.641+0530] {dagbag.py:545} INFO - Filling up the DagBag from //home/kali/Desktop/projects/git/bank_data_processing/dags/dag_raw_branches.py
[2024-07-12T01:54:38.154+0530] {logging_mixin.py:188} INFO - [2024-07-12T01:54:38.153+0530] {base.py:84} INFO - Using connection ID 'mysql_default' for task execution.
[2024-07-12T01:54:38.165+0530] {processor.py:840} INFO - DAG(s) 'raw_load_branches' retrieved from //home/kali/Desktop/projects/git/bank_data_processing/dags/dag_raw_branches.py
[2024-07-12T01:54:38.449+0530] {logging_mixin.py:188} INFO - [2024-07-12T01:54:38.449+0530] {dag.py:3096} INFO - Sync 1 DAGs
[2024-07-12T01:54:38.459+0530] {logging_mixin.py:188} INFO - [2024-07-12T01:54:38.459+0530] {dag.py:3954} INFO - Setting next_dagrun for raw_load_branches to None, run_after=None
[2024-07-12T01:54:38.483+0530] {processor.py:183} INFO - Processing //home/kali/Desktop/projects/git/bank_data_processing/dags/dag_raw_branches.py took 0.852 seconds
[2024-07-12T01:55:08.737+0530] {processor.py:161} INFO - Started process (PID=44164) to work on //home/kali/Desktop/projects/git/bank_data_processing/dags/dag_raw_branches.py
[2024-07-12T01:55:08.738+0530] {processor.py:830} INFO - Processing file //home/kali/Desktop/projects/git/bank_data_processing/dags/dag_raw_branches.py for tasks to queue
[2024-07-12T01:55:08.740+0530] {logging_mixin.py:188} INFO - [2024-07-12T01:55:08.740+0530] {dagbag.py:545} INFO - Filling up the DagBag from //home/kali/Desktop/projects/git/bank_data_processing/dags/dag_raw_branches.py
[2024-07-12T01:55:09.043+0530] {logging_mixin.py:188} INFO - [2024-07-12T01:55:09.043+0530] {base.py:84} INFO - Using connection ID 'mysql_default' for task execution.
[2024-07-12T01:55:09.047+0530] {processor.py:840} INFO - DAG(s) 'raw_load_branches' retrieved from //home/kali/Desktop/projects/git/bank_data_processing/dags/dag_raw_branches.py
[2024-07-12T01:55:09.120+0530] {logging_mixin.py:188} INFO - [2024-07-12T01:55:09.120+0530] {dag.py:3096} INFO - Sync 1 DAGs
[2024-07-12T01:55:09.240+0530] {logging_mixin.py:188} INFO - [2024-07-12T01:55:09.240+0530] {dag.py:3954} INFO - Setting next_dagrun for raw_load_branches to None, run_after=None
[2024-07-12T01:55:09.260+0530] {processor.py:183} INFO - Processing //home/kali/Desktop/projects/git/bank_data_processing/dags/dag_raw_branches.py took 0.533 seconds
[2024-07-12T01:55:39.975+0530] {processor.py:161} INFO - Started process (PID=44664) to work on //home/kali/Desktop/projects/git/bank_data_processing/dags/dag_raw_branches.py
[2024-07-12T01:55:39.981+0530] {processor.py:830} INFO - Processing file //home/kali/Desktop/projects/git/bank_data_processing/dags/dag_raw_branches.py for tasks to queue
[2024-07-12T01:55:39.983+0530] {logging_mixin.py:188} INFO - [2024-07-12T01:55:39.983+0530] {dagbag.py:545} INFO - Filling up the DagBag from //home/kali/Desktop/projects/git/bank_data_processing/dags/dag_raw_branches.py
[2024-07-12T01:55:40.423+0530] {logging_mixin.py:188} INFO - [2024-07-12T01:55:40.423+0530] {base.py:84} INFO - Using connection ID 'mysql_default' for task execution.
[2024-07-12T01:55:40.436+0530] {processor.py:840} INFO - DAG(s) 'raw_load_branches' retrieved from //home/kali/Desktop/projects/git/bank_data_processing/dags/dag_raw_branches.py
[2024-07-12T01:55:40.526+0530] {logging_mixin.py:188} INFO - [2024-07-12T01:55:40.525+0530] {dag.py:3096} INFO - Sync 1 DAGs
[2024-07-12T01:55:40.535+0530] {logging_mixin.py:188} INFO - [2024-07-12T01:55:40.535+0530] {dag.py:3954} INFO - Setting next_dagrun for raw_load_branches to None, run_after=None
[2024-07-12T01:55:40.672+0530] {processor.py:183} INFO - Processing //home/kali/Desktop/projects/git/bank_data_processing/dags/dag_raw_branches.py took 0.706 seconds
[2024-07-12T01:56:10.946+0530] {processor.py:161} INFO - Started process (PID=45125) to work on //home/kali/Desktop/projects/git/bank_data_processing/dags/dag_raw_branches.py
[2024-07-12T01:56:10.948+0530] {processor.py:830} INFO - Processing file //home/kali/Desktop/projects/git/bank_data_processing/dags/dag_raw_branches.py for tasks to queue
[2024-07-12T01:56:10.950+0530] {logging_mixin.py:188} INFO - [2024-07-12T01:56:10.949+0530] {dagbag.py:545} INFO - Filling up the DagBag from //home/kali/Desktop/projects/git/bank_data_processing/dags/dag_raw_branches.py
[2024-07-12T01:56:11.366+0530] {logging_mixin.py:188} INFO - [2024-07-12T01:56:11.366+0530] {base.py:84} INFO - Using connection ID 'mysql_default' for task execution.
[2024-07-12T01:56:11.371+0530] {processor.py:840} INFO - DAG(s) 'raw_load_branches' retrieved from //home/kali/Desktop/projects/git/bank_data_processing/dags/dag_raw_branches.py
[2024-07-12T01:56:11.583+0530] {logging_mixin.py:188} INFO - [2024-07-12T01:56:11.583+0530] {dag.py:3096} INFO - Sync 1 DAGs
[2024-07-12T01:56:11.592+0530] {logging_mixin.py:188} INFO - [2024-07-12T01:56:11.592+0530] {dag.py:3954} INFO - Setting next_dagrun for raw_load_branches to None, run_after=None
[2024-07-12T01:56:11.619+0530] {processor.py:183} INFO - Processing //home/kali/Desktop/projects/git/bank_data_processing/dags/dag_raw_branches.py took 0.683 seconds
[2024-07-12T01:56:42.452+0530] {processor.py:161} INFO - Started process (PID=45689) to work on //home/kali/Desktop/projects/git/bank_data_processing/dags/dag_raw_branches.py
[2024-07-12T01:56:42.454+0530] {processor.py:830} INFO - Processing file //home/kali/Desktop/projects/git/bank_data_processing/dags/dag_raw_branches.py for tasks to queue
[2024-07-12T01:56:42.457+0530] {logging_mixin.py:188} INFO - [2024-07-12T01:56:42.456+0530] {dagbag.py:545} INFO - Filling up the DagBag from //home/kali/Desktop/projects/git/bank_data_processing/dags/dag_raw_branches.py
[2024-07-12T01:56:43.020+0530] {logging_mixin.py:188} INFO - [2024-07-12T01:56:43.019+0530] {base.py:84} INFO - Using connection ID 'mysql_default' for task execution.
[2024-07-12T01:56:43.025+0530] {processor.py:840} INFO - DAG(s) 'raw_load_branches' retrieved from //home/kali/Desktop/projects/git/bank_data_processing/dags/dag_raw_branches.py
[2024-07-12T01:56:43.273+0530] {logging_mixin.py:188} INFO - [2024-07-12T01:56:43.272+0530] {dag.py:3096} INFO - Sync 1 DAGs
[2024-07-12T01:56:43.283+0530] {logging_mixin.py:188} INFO - [2024-07-12T01:56:43.283+0530] {dag.py:3954} INFO - Setting next_dagrun for raw_load_branches to None, run_after=None
[2024-07-12T01:56:43.305+0530] {processor.py:183} INFO - Processing //home/kali/Desktop/projects/git/bank_data_processing/dags/dag_raw_branches.py took 0.868 seconds
[2024-07-12T01:57:13.813+0530] {processor.py:161} INFO - Started process (PID=46204) to work on //home/kali/Desktop/projects/git/bank_data_processing/dags/dag_raw_branches.py
[2024-07-12T01:57:13.814+0530] {processor.py:830} INFO - Processing file //home/kali/Desktop/projects/git/bank_data_processing/dags/dag_raw_branches.py for tasks to queue
[2024-07-12T01:57:13.816+0530] {logging_mixin.py:188} INFO - [2024-07-12T01:57:13.815+0530] {dagbag.py:545} INFO - Filling up the DagBag from //home/kali/Desktop/projects/git/bank_data_processing/dags/dag_raw_branches.py
[2024-07-12T01:57:14.191+0530] {logging_mixin.py:188} INFO - [2024-07-12T01:57:14.191+0530] {base.py:84} INFO - Using connection ID 'mysql_default' for task execution.
[2024-07-12T01:57:14.196+0530] {processor.py:840} INFO - DAG(s) 'raw_load_branches' retrieved from //home/kali/Desktop/projects/git/bank_data_processing/dags/dag_raw_branches.py
[2024-07-12T01:57:14.400+0530] {logging_mixin.py:188} INFO - [2024-07-12T01:57:14.400+0530] {dag.py:3096} INFO - Sync 1 DAGs
[2024-07-12T01:57:14.412+0530] {logging_mixin.py:188} INFO - [2024-07-12T01:57:14.411+0530] {dag.py:3954} INFO - Setting next_dagrun for raw_load_branches to None, run_after=None
[2024-07-12T01:57:14.445+0530] {processor.py:183} INFO - Processing //home/kali/Desktop/projects/git/bank_data_processing/dags/dag_raw_branches.py took 0.642 seconds
[2024-07-12T01:57:44.756+0530] {processor.py:161} INFO - Started process (PID=46717) to work on //home/kali/Desktop/projects/git/bank_data_processing/dags/dag_raw_branches.py
[2024-07-12T01:57:44.760+0530] {processor.py:830} INFO - Processing file //home/kali/Desktop/projects/git/bank_data_processing/dags/dag_raw_branches.py for tasks to queue
[2024-07-12T01:57:44.763+0530] {logging_mixin.py:188} INFO - [2024-07-12T01:57:44.763+0530] {dagbag.py:545} INFO - Filling up the DagBag from //home/kali/Desktop/projects/git/bank_data_processing/dags/dag_raw_branches.py
[2024-07-12T01:57:45.319+0530] {logging_mixin.py:188} INFO - [2024-07-12T01:57:45.319+0530] {base.py:84} INFO - Using connection ID 'mysql_default' for task execution.
[2024-07-12T01:57:45.325+0530] {processor.py:840} INFO - DAG(s) 'raw_load_branches' retrieved from //home/kali/Desktop/projects/git/bank_data_processing/dags/dag_raw_branches.py
[2024-07-12T01:57:45.549+0530] {logging_mixin.py:188} INFO - [2024-07-12T01:57:45.549+0530] {dag.py:3096} INFO - Sync 1 DAGs
[2024-07-12T01:57:45.558+0530] {logging_mixin.py:188} INFO - [2024-07-12T01:57:45.557+0530] {dag.py:3954} INFO - Setting next_dagrun for raw_load_branches to None, run_after=None
[2024-07-12T01:57:45.591+0530] {processor.py:183} INFO - Processing //home/kali/Desktop/projects/git/bank_data_processing/dags/dag_raw_branches.py took 0.845 seconds
[2024-07-12T01:58:15.931+0530] {processor.py:161} INFO - Started process (PID=47222) to work on //home/kali/Desktop/projects/git/bank_data_processing/dags/dag_raw_branches.py
[2024-07-12T01:58:15.932+0530] {processor.py:830} INFO - Processing file //home/kali/Desktop/projects/git/bank_data_processing/dags/dag_raw_branches.py for tasks to queue
[2024-07-12T01:58:15.934+0530] {logging_mixin.py:188} INFO - [2024-07-12T01:58:15.933+0530] {dagbag.py:545} INFO - Filling up the DagBag from //home/kali/Desktop/projects/git/bank_data_processing/dags/dag_raw_branches.py
[2024-07-12T01:58:16.383+0530] {logging_mixin.py:188} INFO - [2024-07-12T01:58:16.383+0530] {base.py:84} INFO - Using connection ID 'mysql_default' for task execution.
[2024-07-12T01:58:16.387+0530] {processor.py:840} INFO - DAG(s) 'raw_load_branches' retrieved from //home/kali/Desktop/projects/git/bank_data_processing/dags/dag_raw_branches.py
[2024-07-12T01:58:16.625+0530] {logging_mixin.py:188} INFO - [2024-07-12T01:58:16.625+0530] {dag.py:3096} INFO - Sync 1 DAGs
[2024-07-12T01:58:16.636+0530] {logging_mixin.py:188} INFO - [2024-07-12T01:58:16.636+0530] {dag.py:3954} INFO - Setting next_dagrun for raw_load_branches to None, run_after=None
[2024-07-12T01:58:16.658+0530] {processor.py:183} INFO - Processing //home/kali/Desktop/projects/git/bank_data_processing/dags/dag_raw_branches.py took 0.736 seconds
[2024-07-12T01:58:47.226+0530] {processor.py:161} INFO - Started process (PID=47697) to work on //home/kali/Desktop/projects/git/bank_data_processing/dags/dag_raw_branches.py
[2024-07-12T01:58:47.227+0530] {processor.py:830} INFO - Processing file //home/kali/Desktop/projects/git/bank_data_processing/dags/dag_raw_branches.py for tasks to queue
[2024-07-12T01:58:47.229+0530] {logging_mixin.py:188} INFO - [2024-07-12T01:58:47.229+0530] {dagbag.py:545} INFO - Filling up the DagBag from //home/kali/Desktop/projects/git/bank_data_processing/dags/dag_raw_branches.py
[2024-07-12T01:58:47.845+0530] {logging_mixin.py:188} INFO - [2024-07-12T01:58:47.844+0530] {base.py:84} INFO - Using connection ID 'mysql_default' for task execution.
[2024-07-12T01:58:47.851+0530] {processor.py:840} INFO - DAG(s) 'raw_load_branches' retrieved from //home/kali/Desktop/projects/git/bank_data_processing/dags/dag_raw_branches.py
[2024-07-12T01:58:48.169+0530] {logging_mixin.py:188} INFO - [2024-07-12T01:58:48.168+0530] {dag.py:3096} INFO - Sync 1 DAGs
[2024-07-12T01:58:48.190+0530] {logging_mixin.py:188} INFO - [2024-07-12T01:58:48.190+0530] {dag.py:3954} INFO - Setting next_dagrun for raw_load_branches to None, run_after=None
[2024-07-12T01:58:48.225+0530] {processor.py:183} INFO - Processing //home/kali/Desktop/projects/git/bank_data_processing/dags/dag_raw_branches.py took 1.009 seconds
[2024-07-12T01:59:19.296+0530] {processor.py:161} INFO - Started process (PID=48265) to work on //home/kali/Desktop/projects/git/bank_data_processing/dags/dag_raw_branches.py
[2024-07-12T01:59:19.305+0530] {processor.py:830} INFO - Processing file //home/kali/Desktop/projects/git/bank_data_processing/dags/dag_raw_branches.py for tasks to queue
[2024-07-12T01:59:19.308+0530] {logging_mixin.py:188} INFO - [2024-07-12T01:59:19.307+0530] {dagbag.py:545} INFO - Filling up the DagBag from //home/kali/Desktop/projects/git/bank_data_processing/dags/dag_raw_branches.py
[2024-07-12T01:59:20.190+0530] {logging_mixin.py:188} INFO - [2024-07-12T01:59:20.189+0530] {base.py:84} INFO - Using connection ID 'mysql_default' for task execution.
[2024-07-12T01:59:20.202+0530] {processor.py:840} INFO - DAG(s) 'raw_load_branches' retrieved from //home/kali/Desktop/projects/git/bank_data_processing/dags/dag_raw_branches.py
[2024-07-12T01:59:20.642+0530] {logging_mixin.py:188} INFO - [2024-07-12T01:59:20.641+0530] {dag.py:3096} INFO - Sync 1 DAGs
[2024-07-12T01:59:20.665+0530] {logging_mixin.py:188} INFO - [2024-07-12T01:59:20.664+0530] {dag.py:3954} INFO - Setting next_dagrun for raw_load_branches to None, run_after=None
[2024-07-12T01:59:20.709+0530] {processor.py:183} INFO - Processing //home/kali/Desktop/projects/git/bank_data_processing/dags/dag_raw_branches.py took 1.440 seconds
[2024-07-12T01:59:51.140+0530] {processor.py:161} INFO - Started process (PID=48937) to work on //home/kali/Desktop/projects/git/bank_data_processing/dags/dag_raw_branches.py
[2024-07-12T01:59:51.144+0530] {processor.py:830} INFO - Processing file //home/kali/Desktop/projects/git/bank_data_processing/dags/dag_raw_branches.py for tasks to queue
[2024-07-12T01:59:51.147+0530] {logging_mixin.py:188} INFO - [2024-07-12T01:59:51.146+0530] {dagbag.py:545} INFO - Filling up the DagBag from //home/kali/Desktop/projects/git/bank_data_processing/dags/dag_raw_branches.py
[2024-07-12T01:59:51.829+0530] {logging_mixin.py:188} INFO - [2024-07-12T01:59:51.827+0530] {base.py:84} INFO - Using connection ID 'mysql_default' for task execution.
[2024-07-12T01:59:51.836+0530] {processor.py:840} INFO - DAG(s) 'raw_load_branches' retrieved from //home/kali/Desktop/projects/git/bank_data_processing/dags/dag_raw_branches.py
[2024-07-12T01:59:52.189+0530] {logging_mixin.py:188} INFO - [2024-07-12T01:59:52.189+0530] {dag.py:3096} INFO - Sync 1 DAGs
[2024-07-12T01:59:52.203+0530] {logging_mixin.py:188} INFO - [2024-07-12T01:59:52.203+0530] {dag.py:3954} INFO - Setting next_dagrun for raw_load_branches to None, run_after=None
[2024-07-12T01:59:52.242+0530] {processor.py:183} INFO - Processing //home/kali/Desktop/projects/git/bank_data_processing/dags/dag_raw_branches.py took 1.112 seconds
[2024-07-12T02:00:07.522+0530] {processor.py:161} INFO - Started process (PID=49394) to work on //home/kali/Desktop/projects/git/bank_data_processing/dags/dag_raw_branches.py
[2024-07-12T02:00:07.525+0530] {processor.py:830} INFO - Processing file //home/kali/Desktop/projects/git/bank_data_processing/dags/dag_raw_branches.py for tasks to queue
[2024-07-12T02:00:07.529+0530] {logging_mixin.py:188} INFO - [2024-07-12T02:00:07.529+0530] {dagbag.py:545} INFO - Filling up the DagBag from //home/kali/Desktop/projects/git/bank_data_processing/dags/dag_raw_branches.py
[2024-07-12T02:00:08.497+0530] {logging_mixin.py:188} INFO - [2024-07-12T02:00:08.495+0530] {base.py:84} INFO - Using connection ID 'mysql_default' for task execution.
[2024-07-12T02:00:08.510+0530] {processor.py:840} INFO - DAG(s) 'raw_load_branches' retrieved from //home/kali/Desktop/projects/git/bank_data_processing/dags/dag_raw_branches.py
[2024-07-12T02:00:08.516+0530] {logging_mixin.py:188} INFO - [2024-07-12T02:00:08.515+0530] {dag.py:3096} INFO - Sync 1 DAGs
[2024-07-12T02:00:08.535+0530] {logging_mixin.py:188} INFO - [2024-07-12T02:00:08.534+0530] {dag.py:3954} INFO - Setting next_dagrun for raw_load_branches to None, run_after=None
[2024-07-12T02:00:08.577+0530] {processor.py:183} INFO - Processing //home/kali/Desktop/projects/git/bank_data_processing/dags/dag_raw_branches.py took 1.066 seconds
[2024-07-12T02:00:38.659+0530] {processor.py:161} INFO - Started process (PID=50093) to work on //home/kali/Desktop/projects/git/bank_data_processing/dags/dag_raw_branches.py
[2024-07-12T02:00:38.660+0530] {processor.py:830} INFO - Processing file //home/kali/Desktop/projects/git/bank_data_processing/dags/dag_raw_branches.py for tasks to queue
[2024-07-12T02:00:38.662+0530] {logging_mixin.py:188} INFO - [2024-07-12T02:00:38.661+0530] {dagbag.py:545} INFO - Filling up the DagBag from //home/kali/Desktop/projects/git/bank_data_processing/dags/dag_raw_branches.py
[2024-07-12T02:00:39.378+0530] {logging_mixin.py:188} INFO - [2024-07-12T02:00:39.378+0530] {base.py:84} INFO - Using connection ID 'mysql_default' for task execution.
[2024-07-12T02:00:39.383+0530] {processor.py:840} INFO - DAG(s) 'raw_load_branches' retrieved from //home/kali/Desktop/projects/git/bank_data_processing/dags/dag_raw_branches.py
[2024-07-12T02:00:39.516+0530] {logging_mixin.py:188} INFO - [2024-07-12T02:00:39.516+0530] {dag.py:3096} INFO - Sync 1 DAGs
[2024-07-12T02:00:39.529+0530] {logging_mixin.py:188} INFO - [2024-07-12T02:00:39.529+0530] {dag.py:3954} INFO - Setting next_dagrun for raw_load_branches to None, run_after=None
[2024-07-12T02:00:39.564+0530] {processor.py:183} INFO - Processing //home/kali/Desktop/projects/git/bank_data_processing/dags/dag_raw_branches.py took 0.911 seconds
[2024-07-12T02:01:10.905+0530] {processor.py:161} INFO - Started process (PID=50634) to work on //home/kali/Desktop/projects/git/bank_data_processing/dags/dag_raw_branches.py
[2024-07-12T02:01:10.906+0530] {processor.py:830} INFO - Processing file //home/kali/Desktop/projects/git/bank_data_processing/dags/dag_raw_branches.py for tasks to queue
[2024-07-12T02:01:10.908+0530] {logging_mixin.py:188} INFO - [2024-07-12T02:01:10.907+0530] {dagbag.py:545} INFO - Filling up the DagBag from //home/kali/Desktop/projects/git/bank_data_processing/dags/dag_raw_branches.py
[2024-07-12T02:01:11.935+0530] {logging_mixin.py:188} INFO - [2024-07-12T02:01:11.934+0530] {base.py:84} INFO - Using connection ID 'mysql_default' for task execution.
[2024-07-12T02:01:11.943+0530] {processor.py:840} INFO - DAG(s) 'raw_load_branches' retrieved from //home/kali/Desktop/projects/git/bank_data_processing/dags/dag_raw_branches.py
[2024-07-12T02:01:12.123+0530] {logging_mixin.py:188} INFO - [2024-07-12T02:01:12.122+0530] {dag.py:3096} INFO - Sync 1 DAGs
[2024-07-12T02:01:12.143+0530] {logging_mixin.py:188} INFO - [2024-07-12T02:01:12.142+0530] {dag.py:3954} INFO - Setting next_dagrun for raw_load_branches to None, run_after=None
[2024-07-12T02:01:12.187+0530] {processor.py:183} INFO - Processing //home/kali/Desktop/projects/git/bank_data_processing/dags/dag_raw_branches.py took 1.295 seconds
[2024-07-12T02:01:42.315+0530] {processor.py:161} INFO - Started process (PID=51297) to work on //home/kali/Desktop/projects/git/bank_data_processing/dags/dag_raw_branches.py
[2024-07-12T02:01:42.318+0530] {processor.py:830} INFO - Processing file //home/kali/Desktop/projects/git/bank_data_processing/dags/dag_raw_branches.py for tasks to queue
[2024-07-12T02:01:42.321+0530] {logging_mixin.py:188} INFO - [2024-07-12T02:01:42.320+0530] {dagbag.py:545} INFO - Filling up the DagBag from //home/kali/Desktop/projects/git/bank_data_processing/dags/dag_raw_branches.py
[2024-07-12T02:01:43.267+0530] {logging_mixin.py:188} INFO - [2024-07-12T02:01:43.267+0530] {base.py:84} INFO - Using connection ID 'mysql_default' for task execution.
[2024-07-12T02:01:43.273+0530] {processor.py:840} INFO - DAG(s) 'raw_load_branches' retrieved from //home/kali/Desktop/projects/git/bank_data_processing/dags/dag_raw_branches.py
[2024-07-12T02:01:43.433+0530] {logging_mixin.py:188} INFO - [2024-07-12T02:01:43.432+0530] {dag.py:3096} INFO - Sync 1 DAGs
[2024-07-12T02:01:43.449+0530] {logging_mixin.py:188} INFO - [2024-07-12T02:01:43.449+0530] {dag.py:3954} INFO - Setting next_dagrun for raw_load_branches to None, run_after=None
[2024-07-12T02:01:43.488+0530] {processor.py:183} INFO - Processing //home/kali/Desktop/projects/git/bank_data_processing/dags/dag_raw_branches.py took 1.184 seconds
[2024-07-12T02:02:13.914+0530] {processor.py:161} INFO - Started process (PID=51954) to work on //home/kali/Desktop/projects/git/bank_data_processing/dags/dag_raw_branches.py
[2024-07-12T02:02:13.916+0530] {processor.py:830} INFO - Processing file //home/kali/Desktop/projects/git/bank_data_processing/dags/dag_raw_branches.py for tasks to queue
[2024-07-12T02:02:13.918+0530] {logging_mixin.py:188} INFO - [2024-07-12T02:02:13.917+0530] {dagbag.py:545} INFO - Filling up the DagBag from //home/kali/Desktop/projects/git/bank_data_processing/dags/dag_raw_branches.py
[2024-07-12T02:02:14.318+0530] {logging_mixin.py:188} INFO - [2024-07-12T02:02:14.318+0530] {base.py:84} INFO - Using connection ID 'mysql_default' for task execution.
[2024-07-12T02:02:14.322+0530] {processor.py:840} INFO - DAG(s) 'raw_load_branches' retrieved from //home/kali/Desktop/projects/git/bank_data_processing/dags/dag_raw_branches.py
[2024-07-12T02:02:14.411+0530] {logging_mixin.py:188} INFO - [2024-07-12T02:02:14.411+0530] {dag.py:3096} INFO - Sync 1 DAGs
[2024-07-12T02:02:14.419+0530] {logging_mixin.py:188} INFO - [2024-07-12T02:02:14.419+0530] {dag.py:3954} INFO - Setting next_dagrun for raw_load_branches to None, run_after=None
[2024-07-12T02:02:14.443+0530] {processor.py:183} INFO - Processing //home/kali/Desktop/projects/git/bank_data_processing/dags/dag_raw_branches.py took 0.543 seconds
[2024-07-12T02:02:44.973+0530] {processor.py:161} INFO - Started process (PID=52433) to work on //home/kali/Desktop/projects/git/bank_data_processing/dags/dag_raw_branches.py
[2024-07-12T02:02:44.979+0530] {processor.py:830} INFO - Processing file //home/kali/Desktop/projects/git/bank_data_processing/dags/dag_raw_branches.py for tasks to queue
[2024-07-12T02:02:44.982+0530] {logging_mixin.py:188} INFO - [2024-07-12T02:02:44.981+0530] {dagbag.py:545} INFO - Filling up the DagBag from //home/kali/Desktop/projects/git/bank_data_processing/dags/dag_raw_branches.py
[2024-07-12T02:02:45.413+0530] {logging_mixin.py:188} INFO - [2024-07-12T02:02:45.413+0530] {base.py:84} INFO - Using connection ID 'mysql_default' for task execution.
[2024-07-12T02:02:45.417+0530] {processor.py:840} INFO - DAG(s) 'raw_load_branches' retrieved from //home/kali/Desktop/projects/git/bank_data_processing/dags/dag_raw_branches.py
[2024-07-12T02:02:45.504+0530] {logging_mixin.py:188} INFO - [2024-07-12T02:02:45.503+0530] {dag.py:3096} INFO - Sync 1 DAGs
[2024-07-12T02:02:45.513+0530] {logging_mixin.py:188} INFO - [2024-07-12T02:02:45.513+0530] {dag.py:3954} INFO - Setting next_dagrun for raw_load_branches to None, run_after=None
[2024-07-12T02:02:45.532+0530] {processor.py:183} INFO - Processing //home/kali/Desktop/projects/git/bank_data_processing/dags/dag_raw_branches.py took 0.572 seconds
[2024-07-12T02:03:15.764+0530] {processor.py:161} INFO - Started process (PID=53010) to work on //home/kali/Desktop/projects/git/bank_data_processing/dags/dag_raw_branches.py
[2024-07-12T02:03:15.770+0530] {processor.py:830} INFO - Processing file //home/kali/Desktop/projects/git/bank_data_processing/dags/dag_raw_branches.py for tasks to queue
[2024-07-12T02:03:15.772+0530] {logging_mixin.py:188} INFO - [2024-07-12T02:03:15.771+0530] {dagbag.py:545} INFO - Filling up the DagBag from //home/kali/Desktop/projects/git/bank_data_processing/dags/dag_raw_branches.py
[2024-07-12T02:03:16.158+0530] {logging_mixin.py:188} INFO - [2024-07-12T02:03:16.158+0530] {base.py:84} INFO - Using connection ID 'mysql_default' for task execution.
[2024-07-12T02:03:16.164+0530] {processor.py:840} INFO - DAG(s) 'raw_load_branches' retrieved from //home/kali/Desktop/projects/git/bank_data_processing/dags/dag_raw_branches.py
[2024-07-12T02:03:16.251+0530] {logging_mixin.py:188} INFO - [2024-07-12T02:03:16.251+0530] {dag.py:3096} INFO - Sync 1 DAGs
[2024-07-12T02:03:16.259+0530] {logging_mixin.py:188} INFO - [2024-07-12T02:03:16.259+0530] {dag.py:3954} INFO - Setting next_dagrun for raw_load_branches to None, run_after=None
[2024-07-12T02:03:16.284+0530] {processor.py:183} INFO - Processing //home/kali/Desktop/projects/git/bank_data_processing/dags/dag_raw_branches.py took 0.530 seconds
[2024-07-12T02:03:46.607+0530] {processor.py:161} INFO - Started process (PID=53496) to work on //home/kali/Desktop/projects/git/bank_data_processing/dags/dag_raw_branches.py
[2024-07-12T02:03:46.613+0530] {processor.py:830} INFO - Processing file //home/kali/Desktop/projects/git/bank_data_processing/dags/dag_raw_branches.py for tasks to queue
[2024-07-12T02:03:46.615+0530] {logging_mixin.py:188} INFO - [2024-07-12T02:03:46.615+0530] {dagbag.py:545} INFO - Filling up the DagBag from //home/kali/Desktop/projects/git/bank_data_processing/dags/dag_raw_branches.py
[2024-07-12T02:03:47.082+0530] {logging_mixin.py:188} INFO - [2024-07-12T02:03:47.082+0530] {base.py:84} INFO - Using connection ID 'mysql_default' for task execution.
[2024-07-12T02:03:47.086+0530] {processor.py:840} INFO - DAG(s) 'raw_load_branches' retrieved from //home/kali/Desktop/projects/git/bank_data_processing/dags/dag_raw_branches.py
[2024-07-12T02:03:47.175+0530] {logging_mixin.py:188} INFO - [2024-07-12T02:03:47.174+0530] {dag.py:3096} INFO - Sync 1 DAGs
[2024-07-12T02:03:47.184+0530] {logging_mixin.py:188} INFO - [2024-07-12T02:03:47.184+0530] {dag.py:3954} INFO - Setting next_dagrun for raw_load_branches to None, run_after=None
[2024-07-12T02:03:47.211+0530] {processor.py:183} INFO - Processing //home/kali/Desktop/projects/git/bank_data_processing/dags/dag_raw_branches.py took 0.614 seconds
[2024-07-12T02:04:18.040+0530] {processor.py:161} INFO - Started process (PID=53997) to work on //home/kali/Desktop/projects/git/bank_data_processing/dags/dag_raw_branches.py
[2024-07-12T02:04:18.041+0530] {processor.py:830} INFO - Processing file //home/kali/Desktop/projects/git/bank_data_processing/dags/dag_raw_branches.py for tasks to queue
[2024-07-12T02:04:18.044+0530] {logging_mixin.py:188} INFO - [2024-07-12T02:04:18.043+0530] {dagbag.py:545} INFO - Filling up the DagBag from //home/kali/Desktop/projects/git/bank_data_processing/dags/dag_raw_branches.py
[2024-07-12T02:04:18.447+0530] {logging_mixin.py:188} INFO - [2024-07-12T02:04:18.447+0530] {base.py:84} INFO - Using connection ID 'mysql_default' for task execution.
[2024-07-12T02:04:18.451+0530] {processor.py:840} INFO - DAG(s) 'raw_load_branches' retrieved from //home/kali/Desktop/projects/git/bank_data_processing/dags/dag_raw_branches.py
[2024-07-12T02:04:18.536+0530] {logging_mixin.py:188} INFO - [2024-07-12T02:04:18.535+0530] {dag.py:3096} INFO - Sync 1 DAGs
[2024-07-12T02:04:18.544+0530] {logging_mixin.py:188} INFO - [2024-07-12T02:04:18.544+0530] {dag.py:3954} INFO - Setting next_dagrun for raw_load_branches to None, run_after=None
[2024-07-12T02:04:18.567+0530] {processor.py:183} INFO - Processing //home/kali/Desktop/projects/git/bank_data_processing/dags/dag_raw_branches.py took 0.538 seconds
[2024-07-12T02:04:48.897+0530] {processor.py:161} INFO - Started process (PID=54577) to work on //home/kali/Desktop/projects/git/bank_data_processing/dags/dag_raw_branches.py
[2024-07-12T02:04:48.900+0530] {processor.py:830} INFO - Processing file //home/kali/Desktop/projects/git/bank_data_processing/dags/dag_raw_branches.py for tasks to queue
[2024-07-12T02:04:48.902+0530] {logging_mixin.py:188} INFO - [2024-07-12T02:04:48.901+0530] {dagbag.py:545} INFO - Filling up the DagBag from //home/kali/Desktop/projects/git/bank_data_processing/dags/dag_raw_branches.py
[2024-07-12T02:04:49.524+0530] {logging_mixin.py:188} INFO - [2024-07-12T02:04:49.524+0530] {base.py:84} INFO - Using connection ID 'mysql_default' for task execution.
[2024-07-12T02:04:49.529+0530] {processor.py:840} INFO - DAG(s) 'raw_load_branches' retrieved from //home/kali/Desktop/projects/git/bank_data_processing/dags/dag_raw_branches.py
[2024-07-12T02:04:49.663+0530] {logging_mixin.py:188} INFO - [2024-07-12T02:04:49.662+0530] {dag.py:3096} INFO - Sync 1 DAGs
[2024-07-12T02:04:49.674+0530] {logging_mixin.py:188} INFO - [2024-07-12T02:04:49.674+0530] {dag.py:3954} INFO - Setting next_dagrun for raw_load_branches to None, run_after=None
[2024-07-12T02:04:49.701+0530] {processor.py:183} INFO - Processing //home/kali/Desktop/projects/git/bank_data_processing/dags/dag_raw_branches.py took 0.814 seconds
[2024-07-12T02:05:20.368+0530] {processor.py:161} INFO - Started process (PID=55090) to work on //home/kali/Desktop/projects/git/bank_data_processing/dags/dag_raw_branches.py
[2024-07-12T02:05:20.374+0530] {processor.py:830} INFO - Processing file //home/kali/Desktop/projects/git/bank_data_processing/dags/dag_raw_branches.py for tasks to queue
[2024-07-12T02:05:20.376+0530] {logging_mixin.py:188} INFO - [2024-07-12T02:05:20.376+0530] {dagbag.py:545} INFO - Filling up the DagBag from //home/kali/Desktop/projects/git/bank_data_processing/dags/dag_raw_branches.py
[2024-07-12T02:05:20.789+0530] {logging_mixin.py:188} INFO - [2024-07-12T02:05:20.788+0530] {base.py:84} INFO - Using connection ID 'mysql_default' for task execution.
[2024-07-12T02:05:20.795+0530] {processor.py:840} INFO - DAG(s) 'raw_load_branches' retrieved from //home/kali/Desktop/projects/git/bank_data_processing/dags/dag_raw_branches.py
[2024-07-12T02:05:20.882+0530] {logging_mixin.py:188} INFO - [2024-07-12T02:05:20.882+0530] {dag.py:3096} INFO - Sync 1 DAGs
[2024-07-12T02:05:20.891+0530] {logging_mixin.py:188} INFO - [2024-07-12T02:05:20.891+0530] {dag.py:3954} INFO - Setting next_dagrun for raw_load_branches to None, run_after=None
[2024-07-12T02:05:20.917+0530] {processor.py:183} INFO - Processing //home/kali/Desktop/projects/git/bank_data_processing/dags/dag_raw_branches.py took 0.563 seconds
[2024-07-12T02:05:51.730+0530] {processor.py:161} INFO - Started process (PID=55566) to work on //home/kali/Desktop/projects/git/bank_data_processing/dags/dag_raw_branches.py
[2024-07-12T02:05:51.731+0530] {processor.py:830} INFO - Processing file //home/kali/Desktop/projects/git/bank_data_processing/dags/dag_raw_branches.py for tasks to queue
[2024-07-12T02:05:51.733+0530] {logging_mixin.py:188} INFO - [2024-07-12T02:05:51.733+0530] {dagbag.py:545} INFO - Filling up the DagBag from //home/kali/Desktop/projects/git/bank_data_processing/dags/dag_raw_branches.py
[2024-07-12T02:05:52.245+0530] {logging_mixin.py:188} INFO - [2024-07-12T02:05:52.244+0530] {base.py:84} INFO - Using connection ID 'mysql_default' for task execution.
[2024-07-12T02:05:52.249+0530] {processor.py:840} INFO - DAG(s) 'raw_load_branches' retrieved from //home/kali/Desktop/projects/git/bank_data_processing/dags/dag_raw_branches.py
[2024-07-12T02:05:52.334+0530] {logging_mixin.py:188} INFO - [2024-07-12T02:05:52.334+0530] {dag.py:3096} INFO - Sync 1 DAGs
[2024-07-12T02:05:52.344+0530] {logging_mixin.py:188} INFO - [2024-07-12T02:05:52.343+0530] {dag.py:3954} INFO - Setting next_dagrun for raw_load_branches to None, run_after=None
[2024-07-12T02:05:52.522+0530] {processor.py:183} INFO - Processing //home/kali/Desktop/projects/git/bank_data_processing/dags/dag_raw_branches.py took 0.802 seconds
[2024-07-12T02:06:23.058+0530] {processor.py:161} INFO - Started process (PID=56245) to work on //home/kali/Desktop/projects/git/bank_data_processing/dags/dag_raw_branches.py
[2024-07-12T02:06:23.066+0530] {processor.py:830} INFO - Processing file //home/kali/Desktop/projects/git/bank_data_processing/dags/dag_raw_branches.py for tasks to queue
[2024-07-12T02:06:23.073+0530] {logging_mixin.py:188} INFO - [2024-07-12T02:06:23.073+0530] {dagbag.py:545} INFO - Filling up the DagBag from //home/kali/Desktop/projects/git/bank_data_processing/dags/dag_raw_branches.py
[2024-07-12T02:06:23.744+0530] {logging_mixin.py:188} INFO - [2024-07-12T02:06:23.744+0530] {base.py:84} INFO - Using connection ID 'mysql_default' for task execution.
[2024-07-12T02:06:23.752+0530] {processor.py:840} INFO - DAG(s) 'raw_load_branches' retrieved from //home/kali/Desktop/projects/git/bank_data_processing/dags/dag_raw_branches.py
[2024-07-12T02:06:23.932+0530] {logging_mixin.py:188} INFO - [2024-07-12T02:06:23.932+0530] {dag.py:3096} INFO - Sync 1 DAGs
[2024-07-12T02:06:23.953+0530] {logging_mixin.py:188} INFO - [2024-07-12T02:06:23.952+0530] {dag.py:3954} INFO - Setting next_dagrun for raw_load_branches to None, run_after=None
[2024-07-12T02:06:23.999+0530] {processor.py:183} INFO - Processing //home/kali/Desktop/projects/git/bank_data_processing/dags/dag_raw_branches.py took 0.979 seconds
[2024-07-12T02:06:54.600+0530] {processor.py:161} INFO - Started process (PID=56893) to work on //home/kali/Desktop/projects/git/bank_data_processing/dags/dag_raw_branches.py
[2024-07-12T02:06:54.606+0530] {processor.py:830} INFO - Processing file //home/kali/Desktop/projects/git/bank_data_processing/dags/dag_raw_branches.py for tasks to queue
[2024-07-12T02:06:54.611+0530] {logging_mixin.py:188} INFO - [2024-07-12T02:06:54.610+0530] {dagbag.py:545} INFO - Filling up the DagBag from //home/kali/Desktop/projects/git/bank_data_processing/dags/dag_raw_branches.py
[2024-07-12T02:06:55.018+0530] {logging_mixin.py:188} INFO - [2024-07-12T02:06:55.017+0530] {base.py:84} INFO - Using connection ID 'mysql_default' for task execution.
[2024-07-12T02:06:55.022+0530] {processor.py:840} INFO - DAG(s) 'raw_load_branches' retrieved from //home/kali/Desktop/projects/git/bank_data_processing/dags/dag_raw_branches.py
[2024-07-12T02:06:55.103+0530] {logging_mixin.py:188} INFO - [2024-07-12T02:06:55.102+0530] {dag.py:3096} INFO - Sync 1 DAGs
[2024-07-12T02:06:55.111+0530] {logging_mixin.py:188} INFO - [2024-07-12T02:06:55.111+0530] {dag.py:3954} INFO - Setting next_dagrun for raw_load_branches to None, run_after=None
[2024-07-12T02:06:55.138+0530] {processor.py:183} INFO - Processing //home/kali/Desktop/projects/git/bank_data_processing/dags/dag_raw_branches.py took 0.546 seconds
[2024-07-12T02:07:25.264+0530] {processor.py:161} INFO - Started process (PID=57614) to work on //home/kali/Desktop/projects/git/bank_data_processing/dags/dag_raw_branches.py
[2024-07-12T02:07:25.270+0530] {processor.py:830} INFO - Processing file //home/kali/Desktop/projects/git/bank_data_processing/dags/dag_raw_branches.py for tasks to queue
[2024-07-12T02:07:25.274+0530] {logging_mixin.py:188} INFO - [2024-07-12T02:07:25.273+0530] {dagbag.py:545} INFO - Filling up the DagBag from //home/kali/Desktop/projects/git/bank_data_processing/dags/dag_raw_branches.py
[2024-07-12T02:07:25.806+0530] {logging_mixin.py:188} INFO - [2024-07-12T02:07:25.806+0530] {base.py:84} INFO - Using connection ID 'mysql_default' for task execution.
[2024-07-12T02:07:25.814+0530] {processor.py:840} INFO - DAG(s) 'raw_load_branches' retrieved from //home/kali/Desktop/projects/git/bank_data_processing/dags/dag_raw_branches.py
[2024-07-12T02:07:26.125+0530] {logging_mixin.py:188} INFO - [2024-07-12T02:07:26.124+0530] {dag.py:3096} INFO - Sync 1 DAGs
[2024-07-12T02:07:26.143+0530] {logging_mixin.py:188} INFO - [2024-07-12T02:07:26.142+0530] {dag.py:3954} INFO - Setting next_dagrun for raw_load_branches to None, run_after=None
[2024-07-12T02:07:26.181+0530] {processor.py:183} INFO - Processing //home/kali/Desktop/projects/git/bank_data_processing/dags/dag_raw_branches.py took 0.930 seconds
[2024-07-12T02:07:56.866+0530] {processor.py:161} INFO - Started process (PID=58202) to work on //home/kali/Desktop/projects/git/bank_data_processing/dags/dag_raw_branches.py
[2024-07-12T02:07:56.872+0530] {processor.py:830} INFO - Processing file //home/kali/Desktop/projects/git/bank_data_processing/dags/dag_raw_branches.py for tasks to queue
[2024-07-12T02:07:56.874+0530] {logging_mixin.py:188} INFO - [2024-07-12T02:07:56.874+0530] {dagbag.py:545} INFO - Filling up the DagBag from //home/kali/Desktop/projects/git/bank_data_processing/dags/dag_raw_branches.py
[2024-07-12T02:07:57.500+0530] {logging_mixin.py:188} INFO - [2024-07-12T02:07:57.499+0530] {base.py:84} INFO - Using connection ID 'mysql_default' for task execution.
[2024-07-12T02:07:57.507+0530] {processor.py:840} INFO - DAG(s) 'raw_load_branches' retrieved from //home/kali/Desktop/projects/git/bank_data_processing/dags/dag_raw_branches.py
[2024-07-12T02:07:57.816+0530] {logging_mixin.py:188} INFO - [2024-07-12T02:07:57.815+0530] {dag.py:3096} INFO - Sync 1 DAGs
[2024-07-12T02:07:57.829+0530] {logging_mixin.py:188} INFO - [2024-07-12T02:07:57.829+0530] {dag.py:3954} INFO - Setting next_dagrun for raw_load_branches to None, run_after=None
[2024-07-12T02:07:57.861+0530] {processor.py:183} INFO - Processing //home/kali/Desktop/projects/git/bank_data_processing/dags/dag_raw_branches.py took 1.007 seconds
[2024-07-12T02:08:28.001+0530] {processor.py:161} INFO - Started process (PID=58681) to work on //home/kali/Desktop/projects/git/bank_data_processing/dags/dag_raw_branches.py
[2024-07-12T02:08:28.007+0530] {processor.py:830} INFO - Processing file //home/kali/Desktop/projects/git/bank_data_processing/dags/dag_raw_branches.py for tasks to queue
[2024-07-12T02:08:28.011+0530] {logging_mixin.py:188} INFO - [2024-07-12T02:08:28.010+0530] {dagbag.py:545} INFO - Filling up the DagBag from //home/kali/Desktop/projects/git/bank_data_processing/dags/dag_raw_branches.py
[2024-07-12T02:08:28.473+0530] {logging_mixin.py:188} INFO - [2024-07-12T02:08:28.472+0530] {base.py:84} INFO - Using connection ID 'mysql_default' for task execution.
[2024-07-12T02:08:28.481+0530] {processor.py:840} INFO - DAG(s) 'raw_load_branches' retrieved from //home/kali/Desktop/projects/git/bank_data_processing/dags/dag_raw_branches.py
[2024-07-12T02:08:28.622+0530] {logging_mixin.py:188} INFO - [2024-07-12T02:08:28.621+0530] {dag.py:3096} INFO - Sync 1 DAGs
[2024-07-12T02:08:28.820+0530] {logging_mixin.py:188} INFO - [2024-07-12T02:08:28.820+0530] {dag.py:3954} INFO - Setting next_dagrun for raw_load_branches to None, run_after=None
[2024-07-12T02:08:28.866+0530] {processor.py:183} INFO - Processing //home/kali/Desktop/projects/git/bank_data_processing/dags/dag_raw_branches.py took 0.881 seconds
[2024-07-12T02:08:59.357+0530] {processor.py:161} INFO - Started process (PID=59359) to work on //home/kali/Desktop/projects/git/bank_data_processing/dags/dag_raw_branches.py
[2024-07-12T02:08:59.359+0530] {processor.py:830} INFO - Processing file //home/kali/Desktop/projects/git/bank_data_processing/dags/dag_raw_branches.py for tasks to queue
[2024-07-12T02:08:59.361+0530] {logging_mixin.py:188} INFO - [2024-07-12T02:08:59.361+0530] {dagbag.py:545} INFO - Filling up the DagBag from //home/kali/Desktop/projects/git/bank_data_processing/dags/dag_raw_branches.py
[2024-07-12T02:08:59.894+0530] {logging_mixin.py:188} INFO - [2024-07-12T02:08:59.894+0530] {base.py:84} INFO - Using connection ID 'mysql_default' for task execution.
[2024-07-12T02:08:59.902+0530] {processor.py:840} INFO - DAG(s) 'raw_load_branches' retrieved from //home/kali/Desktop/projects/git/bank_data_processing/dags/dag_raw_branches.py
[2024-07-12T02:09:00.047+0530] {logging_mixin.py:188} INFO - [2024-07-12T02:09:00.047+0530] {dag.py:3096} INFO - Sync 1 DAGs
[2024-07-12T02:09:00.063+0530] {logging_mixin.py:188} INFO - [2024-07-12T02:09:00.063+0530] {dag.py:3954} INFO - Setting next_dagrun for raw_load_branches to None, run_after=None
[2024-07-12T02:09:00.270+0530] {processor.py:183} INFO - Processing //home/kali/Desktop/projects/git/bank_data_processing/dags/dag_raw_branches.py took 0.924 seconds
[2024-07-12T02:09:30.713+0530] {processor.py:161} INFO - Started process (PID=60019) to work on //home/kali/Desktop/projects/git/bank_data_processing/dags/dag_raw_branches.py
[2024-07-12T02:09:30.715+0530] {processor.py:830} INFO - Processing file //home/kali/Desktop/projects/git/bank_data_processing/dags/dag_raw_branches.py for tasks to queue
[2024-07-12T02:09:30.716+0530] {logging_mixin.py:188} INFO - [2024-07-12T02:09:30.716+0530] {dagbag.py:545} INFO - Filling up the DagBag from //home/kali/Desktop/projects/git/bank_data_processing/dags/dag_raw_branches.py
[2024-07-12T02:09:31.323+0530] {logging_mixin.py:188} INFO - [2024-07-12T02:09:31.322+0530] {base.py:84} INFO - Using connection ID 'mysql_default' for task execution.
[2024-07-12T02:09:31.331+0530] {processor.py:840} INFO - DAG(s) 'raw_load_branches' retrieved from //home/kali/Desktop/projects/git/bank_data_processing/dags/dag_raw_branches.py
[2024-07-12T02:09:31.695+0530] {logging_mixin.py:188} INFO - [2024-07-12T02:09:31.695+0530] {dag.py:3096} INFO - Sync 1 DAGs
[2024-07-12T02:09:31.713+0530] {logging_mixin.py:188} INFO - [2024-07-12T02:09:31.712+0530] {dag.py:3954} INFO - Setting next_dagrun for raw_load_branches to None, run_after=None
[2024-07-12T02:09:31.754+0530] {processor.py:183} INFO - Processing //home/kali/Desktop/projects/git/bank_data_processing/dags/dag_raw_branches.py took 1.053 seconds
[2024-07-12T02:10:01.894+0530] {processor.py:161} INFO - Started process (PID=60743) to work on //home/kali/Desktop/projects/git/bank_data_processing/dags/dag_raw_branches.py
[2024-07-12T02:10:01.900+0530] {processor.py:830} INFO - Processing file //home/kali/Desktop/projects/git/bank_data_processing/dags/dag_raw_branches.py for tasks to queue
[2024-07-12T02:10:01.903+0530] {logging_mixin.py:188} INFO - [2024-07-12T02:10:01.902+0530] {dagbag.py:545} INFO - Filling up the DagBag from //home/kali/Desktop/projects/git/bank_data_processing/dags/dag_raw_branches.py
[2024-07-12T02:10:02.580+0530] {logging_mixin.py:188} INFO - [2024-07-12T02:10:02.580+0530] {base.py:84} INFO - Using connection ID 'mysql_default' for task execution.
[2024-07-12T02:10:02.592+0530] {processor.py:840} INFO - DAG(s) 'raw_load_branches' retrieved from //home/kali/Desktop/projects/git/bank_data_processing/dags/dag_raw_branches.py
[2024-07-12T02:10:03.022+0530] {logging_mixin.py:188} INFO - [2024-07-12T02:10:03.022+0530] {dag.py:3096} INFO - Sync 1 DAGs
[2024-07-12T02:10:03.042+0530] {logging_mixin.py:188} INFO - [2024-07-12T02:10:03.041+0530] {dag.py:3954} INFO - Setting next_dagrun for raw_load_branches to None, run_after=None
[2024-07-12T02:10:03.087+0530] {processor.py:183} INFO - Processing //home/kali/Desktop/projects/git/bank_data_processing/dags/dag_raw_branches.py took 1.206 seconds
