[2024-07-12T01:47:49.140+0530] {processor.py:161} INFO - Started process (PID=36633) to work on //home/kali/Desktop/projects/git/bank_data_processing/dags/dag_raw_bill_payments.py
[2024-07-12T01:47:49.141+0530] {processor.py:830} INFO - Processing file //home/kali/Desktop/projects/git/bank_data_processing/dags/dag_raw_bill_payments.py for tasks to queue
[2024-07-12T01:47:49.143+0530] {logging_mixin.py:188} INFO - [2024-07-12T01:47:49.142+0530] {dagbag.py:545} INFO - Filling up the DagBag from //home/kali/Desktop/projects/git/bank_data_processing/dags/dag_raw_bill_payments.py
[2024-07-12T01:47:49.161+0530] {logging_mixin.py:188} INFO - [2024-07-12T01:47:49.160+0530] {dagbag.py:355} ERROR - Failed to import: //home/kali/Desktop/projects/git/bank_data_processing/dags/dag_raw_bill_payments.py
Traceback (most recent call last):
  File "/home/kali/Desktop/projects/git/bank_data_processing/myenv/lib/python3.11/site-packages/airflow/models/dagbag.py", line 351, in parse
    loader.exec_module(new_module)
  File "<frozen importlib._bootstrap_external>", line 940, in exec_module
  File "<frozen importlib._bootstrap>", line 241, in _call_with_frames_removed
  File "//home/kali/Desktop/projects/git/bank_data_processing/dags/dag_raw_bill_payments.py", line 13, in <module>
    from scripts.raw_load_bill_payments import create_tables,tuncate_table,insert_table
ModuleNotFoundError: No module named 'scripts'
[2024-07-12T01:47:49.162+0530] {processor.py:842} WARNING - No viable dags retrieved from //home/kali/Desktop/projects/git/bank_data_processing/dags/dag_raw_bill_payments.py
[2024-07-12T01:47:49.182+0530] {processor.py:183} INFO - Processing //home/kali/Desktop/projects/git/bank_data_processing/dags/dag_raw_bill_payments.py took 0.047 seconds
[2024-07-12T01:48:19.402+0530] {processor.py:161} INFO - Started process (PID=37117) to work on //home/kali/Desktop/projects/git/bank_data_processing/dags/dag_raw_bill_payments.py
[2024-07-12T01:48:19.403+0530] {processor.py:830} INFO - Processing file //home/kali/Desktop/projects/git/bank_data_processing/dags/dag_raw_bill_payments.py for tasks to queue
[2024-07-12T01:48:19.405+0530] {logging_mixin.py:188} INFO - [2024-07-12T01:48:19.405+0530] {dagbag.py:545} INFO - Filling up the DagBag from //home/kali/Desktop/projects/git/bank_data_processing/dags/dag_raw_bill_payments.py
[2024-07-12T01:48:19.422+0530] {logging_mixin.py:188} INFO - [2024-07-12T01:48:19.421+0530] {dagbag.py:355} ERROR - Failed to import: //home/kali/Desktop/projects/git/bank_data_processing/dags/dag_raw_bill_payments.py
Traceback (most recent call last):
  File "/home/kali/Desktop/projects/git/bank_data_processing/myenv/lib/python3.11/site-packages/airflow/models/dagbag.py", line 351, in parse
    loader.exec_module(new_module)
  File "<frozen importlib._bootstrap_external>", line 940, in exec_module
  File "<frozen importlib._bootstrap>", line 241, in _call_with_frames_removed
  File "//home/kali/Desktop/projects/git/bank_data_processing/dags/dag_raw_bill_payments.py", line 13, in <module>
    from scripts.raw_load_bill_payments import create_tables,tuncate_table,insert_table
ModuleNotFoundError: No module named 'scripts'
[2024-07-12T01:48:19.423+0530] {processor.py:842} WARNING - No viable dags retrieved from //home/kali/Desktop/projects/git/bank_data_processing/dags/dag_raw_bill_payments.py
[2024-07-12T01:48:19.449+0530] {processor.py:183} INFO - Processing //home/kali/Desktop/projects/git/bank_data_processing/dags/dag_raw_bill_payments.py took 0.052 seconds
[2024-07-12T01:48:50.973+0530] {processor.py:161} INFO - Started process (PID=37500) to work on //home/kali/Desktop/projects/git/bank_data_processing/dags/dag_raw_bill_payments.py
[2024-07-12T01:48:50.974+0530] {processor.py:830} INFO - Processing file //home/kali/Desktop/projects/git/bank_data_processing/dags/dag_raw_bill_payments.py for tasks to queue
[2024-07-12T01:48:50.975+0530] {logging_mixin.py:188} INFO - [2024-07-12T01:48:50.975+0530] {dagbag.py:545} INFO - Filling up the DagBag from //home/kali/Desktop/projects/git/bank_data_processing/dags/dag_raw_bill_payments.py
[2024-07-12T01:48:50.992+0530] {logging_mixin.py:188} INFO - [2024-07-12T01:48:50.991+0530] {dagbag.py:355} ERROR - Failed to import: //home/kali/Desktop/projects/git/bank_data_processing/dags/dag_raw_bill_payments.py
Traceback (most recent call last):
  File "/home/kali/Desktop/projects/git/bank_data_processing/myenv/lib/python3.11/site-packages/airflow/models/dagbag.py", line 351, in parse
    loader.exec_module(new_module)
  File "<frozen importlib._bootstrap_external>", line 940, in exec_module
  File "<frozen importlib._bootstrap>", line 241, in _call_with_frames_removed
  File "//home/kali/Desktop/projects/git/bank_data_processing/dags/dag_raw_bill_payments.py", line 13, in <module>
    from scripts.raw_load_bill_payments import create_tables,tuncate_table,insert_table
ModuleNotFoundError: No module named 'scripts'
[2024-07-12T01:48:50.992+0530] {processor.py:842} WARNING - No viable dags retrieved from //home/kali/Desktop/projects/git/bank_data_processing/dags/dag_raw_bill_payments.py
[2024-07-12T01:48:51.009+0530] {processor.py:183} INFO - Processing //home/kali/Desktop/projects/git/bank_data_processing/dags/dag_raw_bill_payments.py took 0.043 seconds
[2024-07-12T01:48:55.749+0530] {processor.py:161} INFO - Started process (PID=37563) to work on //home/kali/Desktop/projects/git/bank_data_processing/dags/dag_raw_bill_payments.py
[2024-07-12T01:48:55.750+0530] {processor.py:830} INFO - Processing file //home/kali/Desktop/projects/git/bank_data_processing/dags/dag_raw_bill_payments.py for tasks to queue
[2024-07-12T01:48:55.752+0530] {logging_mixin.py:188} INFO - [2024-07-12T01:48:55.752+0530] {dagbag.py:545} INFO - Filling up the DagBag from //home/kali/Desktop/projects/git/bank_data_processing/dags/dag_raw_bill_payments.py
[2024-07-12T01:48:55.774+0530] {logging_mixin.py:188} INFO - [2024-07-12T01:48:55.773+0530] {dagbag.py:355} ERROR - Failed to import: //home/kali/Desktop/projects/git/bank_data_processing/dags/dag_raw_bill_payments.py
Traceback (most recent call last):
  File "/home/kali/Desktop/projects/git/bank_data_processing/myenv/lib/python3.11/site-packages/airflow/models/dagbag.py", line 351, in parse
    loader.exec_module(new_module)
  File "<frozen importlib._bootstrap_external>", line 940, in exec_module
  File "<frozen importlib._bootstrap>", line 241, in _call_with_frames_removed
  File "//home/kali/Desktop/projects/git/bank_data_processing/dags/dag_raw_bill_payments.py", line 13, in <module>
    from models.raw_models.raw_load_bill_payments import create_tables,tuncate_table,insert_table
ModuleNotFoundError: No module named 'models'
[2024-07-12T01:48:55.775+0530] {processor.py:842} WARNING - No viable dags retrieved from //home/kali/Desktop/projects/git/bank_data_processing/dags/dag_raw_bill_payments.py
[2024-07-12T01:48:55.798+0530] {processor.py:183} INFO - Processing //home/kali/Desktop/projects/git/bank_data_processing/dags/dag_raw_bill_payments.py took 0.056 seconds
[2024-07-12T01:49:26.240+0530] {processor.py:161} INFO - Started process (PID=38006) to work on //home/kali/Desktop/projects/git/bank_data_processing/dags/dag_raw_bill_payments.py
[2024-07-12T01:49:26.241+0530] {processor.py:830} INFO - Processing file //home/kali/Desktop/projects/git/bank_data_processing/dags/dag_raw_bill_payments.py for tasks to queue
[2024-07-12T01:49:26.243+0530] {logging_mixin.py:188} INFO - [2024-07-12T01:49:26.243+0530] {dagbag.py:545} INFO - Filling up the DagBag from //home/kali/Desktop/projects/git/bank_data_processing/dags/dag_raw_bill_payments.py
[2024-07-12T01:49:26.262+0530] {logging_mixin.py:188} INFO - [2024-07-12T01:49:26.261+0530] {dagbag.py:355} ERROR - Failed to import: //home/kali/Desktop/projects/git/bank_data_processing/dags/dag_raw_bill_payments.py
Traceback (most recent call last):
  File "/home/kali/Desktop/projects/git/bank_data_processing/myenv/lib/python3.11/site-packages/airflow/models/dagbag.py", line 351, in parse
    loader.exec_module(new_module)
  File "<frozen importlib._bootstrap_external>", line 940, in exec_module
  File "<frozen importlib._bootstrap>", line 241, in _call_with_frames_removed
  File "//home/kali/Desktop/projects/git/bank_data_processing/dags/dag_raw_bill_payments.py", line 13, in <module>
    from models.raw_models.raw_load_bill_payments import create_tables,tuncate_table,insert_table
ModuleNotFoundError: No module named 'models'
[2024-07-12T01:49:26.263+0530] {processor.py:842} WARNING - No viable dags retrieved from //home/kali/Desktop/projects/git/bank_data_processing/dags/dag_raw_bill_payments.py
[2024-07-12T01:49:26.281+0530] {processor.py:183} INFO - Processing //home/kali/Desktop/projects/git/bank_data_processing/dags/dag_raw_bill_payments.py took 0.049 seconds
[2024-07-12T01:49:57.122+0530] {processor.py:161} INFO - Started process (PID=38334) to work on //home/kali/Desktop/projects/git/bank_data_processing/dags/dag_raw_bill_payments.py
[2024-07-12T01:49:57.123+0530] {processor.py:830} INFO - Processing file //home/kali/Desktop/projects/git/bank_data_processing/dags/dag_raw_bill_payments.py for tasks to queue
[2024-07-12T01:49:57.124+0530] {logging_mixin.py:188} INFO - [2024-07-12T01:49:57.124+0530] {dagbag.py:545} INFO - Filling up the DagBag from //home/kali/Desktop/projects/git/bank_data_processing/dags/dag_raw_bill_payments.py
[2024-07-12T01:49:57.141+0530] {logging_mixin.py:188} INFO - [2024-07-12T01:49:57.140+0530] {dagbag.py:355} ERROR - Failed to import: //home/kali/Desktop/projects/git/bank_data_processing/dags/dag_raw_bill_payments.py
Traceback (most recent call last):
  File "/home/kali/Desktop/projects/git/bank_data_processing/myenv/lib/python3.11/site-packages/airflow/models/dagbag.py", line 351, in parse
    loader.exec_module(new_module)
  File "<frozen importlib._bootstrap_external>", line 940, in exec_module
  File "<frozen importlib._bootstrap>", line 241, in _call_with_frames_removed
  File "//home/kali/Desktop/projects/git/bank_data_processing/dags/dag_raw_bill_payments.py", line 13, in <module>
    from models.raw_models.raw_load_bill_payments import create_tables,tuncate_table,insert_table
ModuleNotFoundError: No module named 'models'
[2024-07-12T01:49:57.141+0530] {processor.py:842} WARNING - No viable dags retrieved from //home/kali/Desktop/projects/git/bank_data_processing/dags/dag_raw_bill_payments.py
[2024-07-12T01:49:57.158+0530] {processor.py:183} INFO - Processing //home/kali/Desktop/projects/git/bank_data_processing/dags/dag_raw_bill_payments.py took 0.044 seconds
[2024-07-12T01:50:27.845+0530] {processor.py:161} INFO - Started process (PID=38743) to work on //home/kali/Desktop/projects/git/bank_data_processing/dags/dag_raw_bill_payments.py
[2024-07-12T01:50:27.846+0530] {processor.py:830} INFO - Processing file //home/kali/Desktop/projects/git/bank_data_processing/dags/dag_raw_bill_payments.py for tasks to queue
[2024-07-12T01:50:27.848+0530] {logging_mixin.py:188} INFO - [2024-07-12T01:50:27.848+0530] {dagbag.py:545} INFO - Filling up the DagBag from //home/kali/Desktop/projects/git/bank_data_processing/dags/dag_raw_bill_payments.py
[2024-07-12T01:50:27.868+0530] {logging_mixin.py:188} INFO - [2024-07-12T01:50:27.867+0530] {dagbag.py:355} ERROR - Failed to import: //home/kali/Desktop/projects/git/bank_data_processing/dags/dag_raw_bill_payments.py
Traceback (most recent call last):
  File "/home/kali/Desktop/projects/git/bank_data_processing/myenv/lib/python3.11/site-packages/airflow/models/dagbag.py", line 351, in parse
    loader.exec_module(new_module)
  File "<frozen importlib._bootstrap_external>", line 940, in exec_module
  File "<frozen importlib._bootstrap>", line 241, in _call_with_frames_removed
  File "//home/kali/Desktop/projects/git/bank_data_processing/dags/dag_raw_bill_payments.py", line 13, in <module>
    from models.raw_models.raw_load_bill_payments import create_tables,tuncate_table,insert_table
  File "//home/kali/Desktop/projects/git/bank_data_processing/dags/models/raw_models/raw_load_bill_payments.py", line 6, in <module>
    import pandas as pd
ModuleNotFoundError: No module named 'pandas'
[2024-07-12T01:50:27.868+0530] {processor.py:842} WARNING - No viable dags retrieved from //home/kali/Desktop/projects/git/bank_data_processing/dags/dag_raw_bill_payments.py
[2024-07-12T01:50:27.886+0530] {processor.py:183} INFO - Processing //home/kali/Desktop/projects/git/bank_data_processing/dags/dag_raw_bill_payments.py took 0.049 seconds
[2024-07-12T01:50:58.060+0530] {processor.py:161} INFO - Started process (PID=39183) to work on //home/kali/Desktop/projects/git/bank_data_processing/dags/dag_raw_bill_payments.py
[2024-07-12T01:50:58.061+0530] {processor.py:830} INFO - Processing file //home/kali/Desktop/projects/git/bank_data_processing/dags/dag_raw_bill_payments.py for tasks to queue
[2024-07-12T01:50:58.063+0530] {logging_mixin.py:188} INFO - [2024-07-12T01:50:58.062+0530] {dagbag.py:545} INFO - Filling up the DagBag from //home/kali/Desktop/projects/git/bank_data_processing/dags/dag_raw_bill_payments.py
[2024-07-12T01:50:58.081+0530] {logging_mixin.py:188} INFO - [2024-07-12T01:50:58.080+0530] {dagbag.py:355} ERROR - Failed to import: //home/kali/Desktop/projects/git/bank_data_processing/dags/dag_raw_bill_payments.py
Traceback (most recent call last):
  File "/home/kali/Desktop/projects/git/bank_data_processing/myenv/lib/python3.11/site-packages/airflow/models/dagbag.py", line 351, in parse
    loader.exec_module(new_module)
  File "<frozen importlib._bootstrap_external>", line 940, in exec_module
  File "<frozen importlib._bootstrap>", line 241, in _call_with_frames_removed
  File "//home/kali/Desktop/projects/git/bank_data_processing/dags/dag_raw_bill_payments.py", line 13, in <module>
    from models.raw_models.raw_load_bill_payments import create_tables,tuncate_table,insert_table
  File "//home/kali/Desktop/projects/git/bank_data_processing/dags/models/raw_models/raw_load_bill_payments.py", line 6, in <module>
    import pandas as pd
ModuleNotFoundError: No module named 'pandas'
[2024-07-12T01:50:58.081+0530] {processor.py:842} WARNING - No viable dags retrieved from //home/kali/Desktop/projects/git/bank_data_processing/dags/dag_raw_bill_payments.py
[2024-07-12T01:50:58.100+0530] {processor.py:183} INFO - Processing //home/kali/Desktop/projects/git/bank_data_processing/dags/dag_raw_bill_payments.py took 0.046 seconds
[2024-07-12T01:51:28.164+0530] {processor.py:161} INFO - Started process (PID=39581) to work on //home/kali/Desktop/projects/git/bank_data_processing/dags/dag_raw_bill_payments.py
[2024-07-12T01:51:28.164+0530] {processor.py:830} INFO - Processing file //home/kali/Desktop/projects/git/bank_data_processing/dags/dag_raw_bill_payments.py for tasks to queue
[2024-07-12T01:51:28.167+0530] {logging_mixin.py:188} INFO - [2024-07-12T01:51:28.166+0530] {dagbag.py:545} INFO - Filling up the DagBag from //home/kali/Desktop/projects/git/bank_data_processing/dags/dag_raw_bill_payments.py
[2024-07-12T01:51:28.186+0530] {logging_mixin.py:188} INFO - [2024-07-12T01:51:28.185+0530] {dagbag.py:355} ERROR - Failed to import: //home/kali/Desktop/projects/git/bank_data_processing/dags/dag_raw_bill_payments.py
Traceback (most recent call last):
  File "/home/kali/Desktop/projects/git/bank_data_processing/myenv/lib/python3.11/site-packages/airflow/models/dagbag.py", line 351, in parse
    loader.exec_module(new_module)
  File "<frozen importlib._bootstrap_external>", line 940, in exec_module
  File "<frozen importlib._bootstrap>", line 241, in _call_with_frames_removed
  File "//home/kali/Desktop/projects/git/bank_data_processing/dags/dag_raw_bill_payments.py", line 13, in <module>
    from models.raw_models.raw_load_bill_payments import create_tables,tuncate_table,insert_table
  File "//home/kali/Desktop/projects/git/bank_data_processing/dags/models/raw_models/raw_load_bill_payments.py", line 6, in <module>
    import pandas as pd
ModuleNotFoundError: No module named 'pandas'
[2024-07-12T01:51:28.187+0530] {processor.py:842} WARNING - No viable dags retrieved from //home/kali/Desktop/projects/git/bank_data_processing/dags/dag_raw_bill_payments.py
[2024-07-12T01:51:28.206+0530] {processor.py:183} INFO - Processing //home/kali/Desktop/projects/git/bank_data_processing/dags/dag_raw_bill_payments.py took 0.050 seconds
[2024-07-12T01:52:01.973+0530] {processor.py:161} INFO - Started process (PID=40255) to work on //home/kali/Desktop/projects/git/bank_data_processing/dags/dag_raw_bill_payments.py
[2024-07-12T01:52:01.975+0530] {processor.py:830} INFO - Processing file //home/kali/Desktop/projects/git/bank_data_processing/dags/dag_raw_bill_payments.py for tasks to queue
[2024-07-12T01:52:01.980+0530] {logging_mixin.py:188} INFO - [2024-07-12T01:52:01.980+0530] {dagbag.py:545} INFO - Filling up the DagBag from //home/kali/Desktop/projects/git/bank_data_processing/dags/dag_raw_bill_payments.py
[2024-07-12T01:52:02.762+0530] {logging_mixin.py:188} INFO - [2024-07-12T01:52:02.761+0530] {base.py:84} INFO - Using connection ID 'mysql_default' for task execution.
[2024-07-12T01:52:02.766+0530] {processor.py:840} INFO - DAG(s) 'raw_load_bill_payments' retrieved from //home/kali/Desktop/projects/git/bank_data_processing/dags/dag_raw_bill_payments.py
[2024-07-12T01:52:02.956+0530] {logging_mixin.py:188} INFO - [2024-07-12T01:52:02.955+0530] {override.py:1847} INFO - Created Permission View: can delete on DAG:raw_load_bill_payments
[2024-07-12T01:52:02.984+0530] {logging_mixin.py:188} INFO - [2024-07-12T01:52:02.983+0530] {override.py:1847} INFO - Created Permission View: can read on DAG:raw_load_bill_payments
[2024-07-12T01:52:02.999+0530] {logging_mixin.py:188} INFO - [2024-07-12T01:52:02.998+0530] {override.py:1847} INFO - Created Permission View: can edit on DAG:raw_load_bill_payments
[2024-07-12T01:52:02.999+0530] {logging_mixin.py:188} INFO - [2024-07-12T01:52:02.999+0530] {dag.py:3096} INFO - Sync 1 DAGs
[2024-07-12T01:52:03.014+0530] {logging_mixin.py:188} INFO - [2024-07-12T01:52:03.014+0530] {dag.py:3118} INFO - Creating ORM DAG for raw_load_bill_payments
[2024-07-12T01:52:03.015+0530] {logging_mixin.py:188} INFO - [2024-07-12T01:52:03.014+0530] {dag.py:3954} INFO - Setting next_dagrun for raw_load_bill_payments to None, run_after=None
[2024-07-12T01:52:03.045+0530] {processor.py:183} INFO - Processing //home/kali/Desktop/projects/git/bank_data_processing/dags/dag_raw_bill_payments.py took 1.089 seconds
