[2024-07-12T01:47:49.587+0530] {processor.py:161} INFO - Started process (PID=36669) to work on //home/kali/Desktop/projects/git/bank_data_processing/dags/dag_raw_loans.py
[2024-07-12T01:47:49.588+0530] {processor.py:830} INFO - Processing file //home/kali/Desktop/projects/git/bank_data_processing/dags/dag_raw_loans.py for tasks to queue
[2024-07-12T01:47:49.591+0530] {logging_mixin.py:188} INFO - [2024-07-12T01:47:49.590+0530] {dagbag.py:545} INFO - Filling up the DagBag from //home/kali/Desktop/projects/git/bank_data_processing/dags/dag_raw_loans.py
[2024-07-12T01:47:49.614+0530] {logging_mixin.py:188} INFO - [2024-07-12T01:47:49.613+0530] {dagbag.py:355} ERROR - Failed to import: //home/kali/Desktop/projects/git/bank_data_processing/dags/dag_raw_loans.py
Traceback (most recent call last):
  File "/home/kali/Desktop/projects/git/bank_data_processing/myenv/lib/python3.11/site-packages/airflow/models/dagbag.py", line 351, in parse
    loader.exec_module(new_module)
  File "<frozen importlib._bootstrap_external>", line 940, in exec_module
  File "<frozen importlib._bootstrap>", line 241, in _call_with_frames_removed
  File "//home/kali/Desktop/projects/git/bank_data_processing/dags/dag_raw_loans.py", line 13, in <module>
    from scripts.raw_load_loans import create_tables,tuncate_table,insert_table
ModuleNotFoundError: No module named 'scripts'
[2024-07-12T01:47:49.614+0530] {processor.py:842} WARNING - No viable dags retrieved from //home/kali/Desktop/projects/git/bank_data_processing/dags/dag_raw_loans.py
[2024-07-12T01:47:49.641+0530] {processor.py:183} INFO - Processing //home/kali/Desktop/projects/git/bank_data_processing/dags/dag_raw_loans.py took 0.062 seconds
[2024-07-12T01:48:19.844+0530] {processor.py:161} INFO - Started process (PID=37130) to work on //home/kali/Desktop/projects/git/bank_data_processing/dags/dag_raw_loans.py
[2024-07-12T01:48:19.845+0530] {processor.py:830} INFO - Processing file //home/kali/Desktop/projects/git/bank_data_processing/dags/dag_raw_loans.py for tasks to queue
[2024-07-12T01:48:19.847+0530] {logging_mixin.py:188} INFO - [2024-07-12T01:48:19.847+0530] {dagbag.py:545} INFO - Filling up the DagBag from //home/kali/Desktop/projects/git/bank_data_processing/dags/dag_raw_loans.py
[2024-07-12T01:48:19.864+0530] {logging_mixin.py:188} INFO - [2024-07-12T01:48:19.863+0530] {dagbag.py:355} ERROR - Failed to import: //home/kali/Desktop/projects/git/bank_data_processing/dags/dag_raw_loans.py
Traceback (most recent call last):
  File "/home/kali/Desktop/projects/git/bank_data_processing/myenv/lib/python3.11/site-packages/airflow/models/dagbag.py", line 351, in parse
    loader.exec_module(new_module)
  File "<frozen importlib._bootstrap_external>", line 940, in exec_module
  File "<frozen importlib._bootstrap>", line 241, in _call_with_frames_removed
  File "//home/kali/Desktop/projects/git/bank_data_processing/dags/dag_raw_loans.py", line 13, in <module>
    from scripts.raw_load_loans import create_tables,tuncate_table,insert_table
ModuleNotFoundError: No module named 'scripts'
[2024-07-12T01:48:19.864+0530] {processor.py:842} WARNING - No viable dags retrieved from //home/kali/Desktop/projects/git/bank_data_processing/dags/dag_raw_loans.py
[2024-07-12T01:48:19.880+0530] {processor.py:183} INFO - Processing //home/kali/Desktop/projects/git/bank_data_processing/dags/dag_raw_loans.py took 0.042 seconds
[2024-07-12T01:48:51.466+0530] {processor.py:161} INFO - Started process (PID=37521) to work on //home/kali/Desktop/projects/git/bank_data_processing/dags/dag_raw_loans.py
[2024-07-12T01:48:51.467+0530] {processor.py:830} INFO - Processing file //home/kali/Desktop/projects/git/bank_data_processing/dags/dag_raw_loans.py for tasks to queue
[2024-07-12T01:48:51.469+0530] {logging_mixin.py:188} INFO - [2024-07-12T01:48:51.469+0530] {dagbag.py:545} INFO - Filling up the DagBag from //home/kali/Desktop/projects/git/bank_data_processing/dags/dag_raw_loans.py
[2024-07-12T01:48:51.486+0530] {logging_mixin.py:188} INFO - [2024-07-12T01:48:51.485+0530] {dagbag.py:355} ERROR - Failed to import: //home/kali/Desktop/projects/git/bank_data_processing/dags/dag_raw_loans.py
Traceback (most recent call last):
  File "/home/kali/Desktop/projects/git/bank_data_processing/myenv/lib/python3.11/site-packages/airflow/models/dagbag.py", line 351, in parse
    loader.exec_module(new_module)
  File "<frozen importlib._bootstrap_external>", line 940, in exec_module
  File "<frozen importlib._bootstrap>", line 241, in _call_with_frames_removed
  File "//home/kali/Desktop/projects/git/bank_data_processing/dags/dag_raw_loans.py", line 13, in <module>
    from scripts.raw_load_loans import create_tables,tuncate_table,insert_table
ModuleNotFoundError: No module named 'scripts'
[2024-07-12T01:48:51.487+0530] {processor.py:842} WARNING - No viable dags retrieved from //home/kali/Desktop/projects/git/bank_data_processing/dags/dag_raw_loans.py
[2024-07-12T01:48:51.506+0530] {processor.py:183} INFO - Processing //home/kali/Desktop/projects/git/bank_data_processing/dags/dag_raw_loans.py took 0.047 seconds
[2024-07-12T01:48:56.332+0530] {processor.py:161} INFO - Started process (PID=37584) to work on //home/kali/Desktop/projects/git/bank_data_processing/dags/dag_raw_loans.py
[2024-07-12T01:48:56.333+0530] {processor.py:830} INFO - Processing file //home/kali/Desktop/projects/git/bank_data_processing/dags/dag_raw_loans.py for tasks to queue
[2024-07-12T01:48:56.338+0530] {logging_mixin.py:188} INFO - [2024-07-12T01:48:56.337+0530] {dagbag.py:545} INFO - Filling up the DagBag from //home/kali/Desktop/projects/git/bank_data_processing/dags/dag_raw_loans.py
[2024-07-12T01:48:56.371+0530] {logging_mixin.py:188} INFO - [2024-07-12T01:48:56.367+0530] {dagbag.py:355} ERROR - Failed to import: //home/kali/Desktop/projects/git/bank_data_processing/dags/dag_raw_loans.py
Traceback (most recent call last):
  File "/home/kali/Desktop/projects/git/bank_data_processing/myenv/lib/python3.11/site-packages/airflow/models/dagbag.py", line 351, in parse
    loader.exec_module(new_module)
  File "<frozen importlib._bootstrap_external>", line 940, in exec_module
  File "<frozen importlib._bootstrap>", line 241, in _call_with_frames_removed
  File "//home/kali/Desktop/projects/git/bank_data_processing/dags/dag_raw_loans.py", line 13, in <module>
    from models.raw_models.raw_load_loans import create_tables,tuncate_table,insert_table
ModuleNotFoundError: No module named 'models'
[2024-07-12T01:48:56.372+0530] {processor.py:842} WARNING - No viable dags retrieved from //home/kali/Desktop/projects/git/bank_data_processing/dags/dag_raw_loans.py
[2024-07-12T01:48:56.398+0530] {processor.py:183} INFO - Processing //home/kali/Desktop/projects/git/bank_data_processing/dags/dag_raw_loans.py took 0.075 seconds
[2024-07-12T01:49:26.687+0530] {processor.py:161} INFO - Started process (PID=38027) to work on //home/kali/Desktop/projects/git/bank_data_processing/dags/dag_raw_loans.py
[2024-07-12T01:49:26.689+0530] {processor.py:830} INFO - Processing file //home/kali/Desktop/projects/git/bank_data_processing/dags/dag_raw_loans.py for tasks to queue
[2024-07-12T01:49:26.691+0530] {logging_mixin.py:188} INFO - [2024-07-12T01:49:26.691+0530] {dagbag.py:545} INFO - Filling up the DagBag from //home/kali/Desktop/projects/git/bank_data_processing/dags/dag_raw_loans.py
[2024-07-12T01:49:26.709+0530] {logging_mixin.py:188} INFO - [2024-07-12T01:49:26.708+0530] {dagbag.py:355} ERROR - Failed to import: //home/kali/Desktop/projects/git/bank_data_processing/dags/dag_raw_loans.py
Traceback (most recent call last):
  File "/home/kali/Desktop/projects/git/bank_data_processing/myenv/lib/python3.11/site-packages/airflow/models/dagbag.py", line 351, in parse
    loader.exec_module(new_module)
  File "<frozen importlib._bootstrap_external>", line 940, in exec_module
  File "<frozen importlib._bootstrap>", line 241, in _call_with_frames_removed
  File "//home/kali/Desktop/projects/git/bank_data_processing/dags/dag_raw_loans.py", line 13, in <module>
    from models.raw_models.raw_load_loans import create_tables,tuncate_table,insert_table
ModuleNotFoundError: No module named 'models'
[2024-07-12T01:49:26.710+0530] {processor.py:842} WARNING - No viable dags retrieved from //home/kali/Desktop/projects/git/bank_data_processing/dags/dag_raw_loans.py
[2024-07-12T01:49:26.729+0530] {processor.py:183} INFO - Processing //home/kali/Desktop/projects/git/bank_data_processing/dags/dag_raw_loans.py took 0.048 seconds
[2024-07-12T01:49:57.665+0530] {processor.py:161} INFO - Started process (PID=38355) to work on //home/kali/Desktop/projects/git/bank_data_processing/dags/dag_raw_loans.py
[2024-07-12T01:49:57.666+0530] {processor.py:830} INFO - Processing file //home/kali/Desktop/projects/git/bank_data_processing/dags/dag_raw_loans.py for tasks to queue
[2024-07-12T01:49:57.668+0530] {logging_mixin.py:188} INFO - [2024-07-12T01:49:57.668+0530] {dagbag.py:545} INFO - Filling up the DagBag from //home/kali/Desktop/projects/git/bank_data_processing/dags/dag_raw_loans.py
[2024-07-12T01:49:57.686+0530] {logging_mixin.py:188} INFO - [2024-07-12T01:49:57.685+0530] {dagbag.py:355} ERROR - Failed to import: //home/kali/Desktop/projects/git/bank_data_processing/dags/dag_raw_loans.py
Traceback (most recent call last):
  File "/home/kali/Desktop/projects/git/bank_data_processing/myenv/lib/python3.11/site-packages/airflow/models/dagbag.py", line 351, in parse
    loader.exec_module(new_module)
  File "<frozen importlib._bootstrap_external>", line 940, in exec_module
  File "<frozen importlib._bootstrap>", line 241, in _call_with_frames_removed
  File "//home/kali/Desktop/projects/git/bank_data_processing/dags/dag_raw_loans.py", line 13, in <module>
    from models.raw_models.raw_load_loans import create_tables,tuncate_table,insert_table
ModuleNotFoundError: No module named 'models'
[2024-07-12T01:49:57.687+0530] {processor.py:842} WARNING - No viable dags retrieved from //home/kali/Desktop/projects/git/bank_data_processing/dags/dag_raw_loans.py
[2024-07-12T01:49:57.704+0530] {processor.py:183} INFO - Processing //home/kali/Desktop/projects/git/bank_data_processing/dags/dag_raw_loans.py took 0.046 seconds
[2024-07-12T01:50:28.364+0530] {processor.py:161} INFO - Started process (PID=38772) to work on //home/kali/Desktop/projects/git/bank_data_processing/dags/dag_raw_loans.py
[2024-07-12T01:50:28.365+0530] {processor.py:830} INFO - Processing file //home/kali/Desktop/projects/git/bank_data_processing/dags/dag_raw_loans.py for tasks to queue
[2024-07-12T01:50:28.366+0530] {logging_mixin.py:188} INFO - [2024-07-12T01:50:28.366+0530] {dagbag.py:545} INFO - Filling up the DagBag from //home/kali/Desktop/projects/git/bank_data_processing/dags/dag_raw_loans.py
[2024-07-12T01:50:28.387+0530] {logging_mixin.py:188} INFO - [2024-07-12T01:50:28.385+0530] {dagbag.py:355} ERROR - Failed to import: //home/kali/Desktop/projects/git/bank_data_processing/dags/dag_raw_loans.py
Traceback (most recent call last):
  File "/home/kali/Desktop/projects/git/bank_data_processing/myenv/lib/python3.11/site-packages/airflow/models/dagbag.py", line 351, in parse
    loader.exec_module(new_module)
  File "<frozen importlib._bootstrap_external>", line 940, in exec_module
  File "<frozen importlib._bootstrap>", line 241, in _call_with_frames_removed
  File "//home/kali/Desktop/projects/git/bank_data_processing/dags/dag_raw_loans.py", line 13, in <module>
    from models.raw_models.raw_load_loans import create_tables,tuncate_table,insert_table
  File "//home/kali/Desktop/projects/git/bank_data_processing/dags/models/raw_models/raw_load_loans.py", line 6, in <module>
    import pandas as pd
ModuleNotFoundError: No module named 'pandas'
[2024-07-12T01:50:28.387+0530] {processor.py:842} WARNING - No viable dags retrieved from //home/kali/Desktop/projects/git/bank_data_processing/dags/dag_raw_loans.py
[2024-07-12T01:50:28.405+0530] {processor.py:183} INFO - Processing //home/kali/Desktop/projects/git/bank_data_processing/dags/dag_raw_loans.py took 0.048 seconds
[2024-07-12T01:50:58.733+0530] {processor.py:161} INFO - Started process (PID=39204) to work on //home/kali/Desktop/projects/git/bank_data_processing/dags/dag_raw_loans.py
[2024-07-12T01:50:58.734+0530] {processor.py:830} INFO - Processing file //home/kali/Desktop/projects/git/bank_data_processing/dags/dag_raw_loans.py for tasks to queue
[2024-07-12T01:50:58.736+0530] {logging_mixin.py:188} INFO - [2024-07-12T01:50:58.736+0530] {dagbag.py:545} INFO - Filling up the DagBag from //home/kali/Desktop/projects/git/bank_data_processing/dags/dag_raw_loans.py
[2024-07-12T01:50:58.766+0530] {logging_mixin.py:188} INFO - [2024-07-12T01:50:58.764+0530] {dagbag.py:355} ERROR - Failed to import: //home/kali/Desktop/projects/git/bank_data_processing/dags/dag_raw_loans.py
Traceback (most recent call last):
  File "/home/kali/Desktop/projects/git/bank_data_processing/myenv/lib/python3.11/site-packages/airflow/models/dagbag.py", line 351, in parse
    loader.exec_module(new_module)
  File "<frozen importlib._bootstrap_external>", line 940, in exec_module
  File "<frozen importlib._bootstrap>", line 241, in _call_with_frames_removed
  File "//home/kali/Desktop/projects/git/bank_data_processing/dags/dag_raw_loans.py", line 13, in <module>
    from models.raw_models.raw_load_loans import create_tables,tuncate_table,insert_table
  File "//home/kali/Desktop/projects/git/bank_data_processing/dags/models/raw_models/raw_load_loans.py", line 6, in <module>
    import pandas as pd
ModuleNotFoundError: No module named 'pandas'
[2024-07-12T01:50:58.767+0530] {processor.py:842} WARNING - No viable dags retrieved from //home/kali/Desktop/projects/git/bank_data_processing/dags/dag_raw_loans.py
[2024-07-12T01:50:58.792+0530] {processor.py:183} INFO - Processing //home/kali/Desktop/projects/git/bank_data_processing/dags/dag_raw_loans.py took 0.069 seconds
[2024-07-12T01:51:29.733+0530] {processor.py:161} INFO - Started process (PID=39622) to work on //home/kali/Desktop/projects/git/bank_data_processing/dags/dag_raw_loans.py
[2024-07-12T01:51:29.734+0530] {processor.py:830} INFO - Processing file //home/kali/Desktop/projects/git/bank_data_processing/dags/dag_raw_loans.py for tasks to queue
[2024-07-12T01:51:29.736+0530] {logging_mixin.py:188} INFO - [2024-07-12T01:51:29.736+0530] {dagbag.py:545} INFO - Filling up the DagBag from //home/kali/Desktop/projects/git/bank_data_processing/dags/dag_raw_loans.py
[2024-07-12T01:51:29.767+0530] {logging_mixin.py:188} INFO - [2024-07-12T01:51:29.765+0530] {dagbag.py:355} ERROR - Failed to import: //home/kali/Desktop/projects/git/bank_data_processing/dags/dag_raw_loans.py
Traceback (most recent call last):
  File "/home/kali/Desktop/projects/git/bank_data_processing/myenv/lib/python3.11/site-packages/airflow/models/dagbag.py", line 351, in parse
    loader.exec_module(new_module)
  File "<frozen importlib._bootstrap_external>", line 940, in exec_module
  File "<frozen importlib._bootstrap>", line 241, in _call_with_frames_removed
  File "//home/kali/Desktop/projects/git/bank_data_processing/dags/dag_raw_loans.py", line 13, in <module>
    from models.raw_models.raw_load_loans import create_tables,tuncate_table,insert_table
  File "//home/kali/Desktop/projects/git/bank_data_processing/dags/models/raw_models/raw_load_loans.py", line 6, in <module>
    import pandas as pd
ModuleNotFoundError: No module named 'pandas'
[2024-07-12T01:51:29.767+0530] {processor.py:842} WARNING - No viable dags retrieved from //home/kali/Desktop/projects/git/bank_data_processing/dags/dag_raw_loans.py
[2024-07-12T01:51:29.796+0530] {processor.py:183} INFO - Processing //home/kali/Desktop/projects/git/bank_data_processing/dags/dag_raw_loans.py took 0.071 seconds
[2024-07-12T01:52:07.387+0530] {processor.py:161} INFO - Started process (PID=40449) to work on //home/kali/Desktop/projects/git/bank_data_processing/dags/dag_raw_loans.py
[2024-07-12T01:52:07.390+0530] {processor.py:830} INFO - Processing file //home/kali/Desktop/projects/git/bank_data_processing/dags/dag_raw_loans.py for tasks to queue
[2024-07-12T01:52:07.392+0530] {logging_mixin.py:188} INFO - [2024-07-12T01:52:07.391+0530] {dagbag.py:545} INFO - Filling up the DagBag from //home/kali/Desktop/projects/git/bank_data_processing/dags/dag_raw_loans.py
[2024-07-12T01:52:08.103+0530] {logging_mixin.py:188} INFO - [2024-07-12T01:52:08.102+0530] {base.py:84} INFO - Using connection ID 'mysql_default' for task execution.
[2024-07-12T01:52:08.113+0530] {processor.py:840} INFO - DAG(s) 'raw_load_loans' retrieved from //home/kali/Desktop/projects/git/bank_data_processing/dags/dag_raw_loans.py
[2024-07-12T01:52:08.346+0530] {logging_mixin.py:188} INFO - [2024-07-12T01:52:08.344+0530] {override.py:1847} INFO - Created Permission View: can delete on DAG:raw_load_loans
[2024-07-12T01:52:08.368+0530] {logging_mixin.py:188} INFO - [2024-07-12T01:52:08.368+0530] {override.py:1847} INFO - Created Permission View: can read on DAG:raw_load_loans
[2024-07-12T01:52:08.381+0530] {logging_mixin.py:188} INFO - [2024-07-12T01:52:08.380+0530] {override.py:1847} INFO - Created Permission View: can edit on DAG:raw_load_loans
[2024-07-12T01:52:08.382+0530] {logging_mixin.py:188} INFO - [2024-07-12T01:52:08.381+0530] {dag.py:3096} INFO - Sync 1 DAGs
[2024-07-12T01:52:08.397+0530] {logging_mixin.py:188} INFO - [2024-07-12T01:52:08.397+0530] {dag.py:3118} INFO - Creating ORM DAG for raw_load_loans
[2024-07-12T01:52:08.398+0530] {logging_mixin.py:188} INFO - [2024-07-12T01:52:08.398+0530] {dag.py:3954} INFO - Setting next_dagrun for raw_load_loans to None, run_after=None
[2024-07-12T01:52:08.434+0530] {processor.py:183} INFO - Processing //home/kali/Desktop/projects/git/bank_data_processing/dags/dag_raw_loans.py took 1.063 seconds
