[2024-07-12T01:47:49.115+0530] {processor.py:161} INFO - Started process (PID=36632) to work on //home/kali/Desktop/projects/git/bank_data_processing/dags/dag_raw_credit_scores.py
[2024-07-12T01:47:49.115+0530] {processor.py:830} INFO - Processing file //home/kali/Desktop/projects/git/bank_data_processing/dags/dag_raw_credit_scores.py for tasks to queue
[2024-07-12T01:47:49.117+0530] {logging_mixin.py:188} INFO - [2024-07-12T01:47:49.117+0530] {dagbag.py:545} INFO - Filling up the DagBag from //home/kali/Desktop/projects/git/bank_data_processing/dags/dag_raw_credit_scores.py
[2024-07-12T01:47:49.137+0530] {logging_mixin.py:188} INFO - [2024-07-12T01:47:49.136+0530] {dagbag.py:355} ERROR - Failed to import: //home/kali/Desktop/projects/git/bank_data_processing/dags/dag_raw_credit_scores.py
Traceback (most recent call last):
  File "/home/kali/Desktop/projects/git/bank_data_processing/myenv/lib/python3.11/site-packages/airflow/models/dagbag.py", line 351, in parse
    loader.exec_module(new_module)
  File "<frozen importlib._bootstrap_external>", line 940, in exec_module
  File "<frozen importlib._bootstrap>", line 241, in _call_with_frames_removed
  File "//home/kali/Desktop/projects/git/bank_data_processing/dags/dag_raw_credit_scores.py", line 13, in <module>
    from scripts.raw_load_credit_scores import create_tables,tuncate_table,insert_table
ModuleNotFoundError: No module named 'scripts'
[2024-07-12T01:47:49.137+0530] {processor.py:842} WARNING - No viable dags retrieved from //home/kali/Desktop/projects/git/bank_data_processing/dags/dag_raw_credit_scores.py
[2024-07-12T01:47:49.155+0530] {processor.py:183} INFO - Processing //home/kali/Desktop/projects/git/bank_data_processing/dags/dag_raw_credit_scores.py took 0.046 seconds
[2024-07-12T01:48:19.383+0530] {processor.py:161} INFO - Started process (PID=37116) to work on //home/kali/Desktop/projects/git/bank_data_processing/dags/dag_raw_credit_scores.py
[2024-07-12T01:48:19.384+0530] {processor.py:830} INFO - Processing file //home/kali/Desktop/projects/git/bank_data_processing/dags/dag_raw_credit_scores.py for tasks to queue
[2024-07-12T01:48:19.386+0530] {logging_mixin.py:188} INFO - [2024-07-12T01:48:19.385+0530] {dagbag.py:545} INFO - Filling up the DagBag from //home/kali/Desktop/projects/git/bank_data_processing/dags/dag_raw_credit_scores.py
[2024-07-12T01:48:19.403+0530] {logging_mixin.py:188} INFO - [2024-07-12T01:48:19.402+0530] {dagbag.py:355} ERROR - Failed to import: //home/kali/Desktop/projects/git/bank_data_processing/dags/dag_raw_credit_scores.py
Traceback (most recent call last):
  File "/home/kali/Desktop/projects/git/bank_data_processing/myenv/lib/python3.11/site-packages/airflow/models/dagbag.py", line 351, in parse
    loader.exec_module(new_module)
  File "<frozen importlib._bootstrap_external>", line 940, in exec_module
  File "<frozen importlib._bootstrap>", line 241, in _call_with_frames_removed
  File "//home/kali/Desktop/projects/git/bank_data_processing/dags/dag_raw_credit_scores.py", line 13, in <module>
    from scripts.raw_load_credit_scores import create_tables,tuncate_table,insert_table
ModuleNotFoundError: No module named 'scripts'
[2024-07-12T01:48:19.404+0530] {processor.py:842} WARNING - No viable dags retrieved from //home/kali/Desktop/projects/git/bank_data_processing/dags/dag_raw_credit_scores.py
[2024-07-12T01:48:19.421+0530] {processor.py:183} INFO - Processing //home/kali/Desktop/projects/git/bank_data_processing/dags/dag_raw_credit_scores.py took 0.045 seconds
[2024-07-12T01:48:50.905+0530] {processor.py:161} INFO - Started process (PID=37499) to work on //home/kali/Desktop/projects/git/bank_data_processing/dags/dag_raw_credit_scores.py
[2024-07-12T01:48:50.906+0530] {processor.py:830} INFO - Processing file //home/kali/Desktop/projects/git/bank_data_processing/dags/dag_raw_credit_scores.py for tasks to queue
[2024-07-12T01:48:50.908+0530] {logging_mixin.py:188} INFO - [2024-07-12T01:48:50.907+0530] {dagbag.py:545} INFO - Filling up the DagBag from //home/kali/Desktop/projects/git/bank_data_processing/dags/dag_raw_credit_scores.py
[2024-07-12T01:48:50.930+0530] {logging_mixin.py:188} INFO - [2024-07-12T01:48:50.929+0530] {dagbag.py:355} ERROR - Failed to import: //home/kali/Desktop/projects/git/bank_data_processing/dags/dag_raw_credit_scores.py
Traceback (most recent call last):
  File "/home/kali/Desktop/projects/git/bank_data_processing/myenv/lib/python3.11/site-packages/airflow/models/dagbag.py", line 351, in parse
    loader.exec_module(new_module)
  File "<frozen importlib._bootstrap_external>", line 940, in exec_module
  File "<frozen importlib._bootstrap>", line 241, in _call_with_frames_removed
  File "//home/kali/Desktop/projects/git/bank_data_processing/dags/dag_raw_credit_scores.py", line 13, in <module>
    from scripts.raw_load_credit_scores import create_tables,tuncate_table,insert_table
ModuleNotFoundError: No module named 'scripts'
[2024-07-12T01:48:50.930+0530] {processor.py:842} WARNING - No viable dags retrieved from //home/kali/Desktop/projects/git/bank_data_processing/dags/dag_raw_credit_scores.py
[2024-07-12T01:48:50.950+0530] {processor.py:183} INFO - Processing //home/kali/Desktop/projects/git/bank_data_processing/dags/dag_raw_credit_scores.py took 0.054 seconds
[2024-07-12T01:48:55.732+0530] {processor.py:161} INFO - Started process (PID=37562) to work on //home/kali/Desktop/projects/git/bank_data_processing/dags/dag_raw_credit_scores.py
[2024-07-12T01:48:55.732+0530] {processor.py:830} INFO - Processing file //home/kali/Desktop/projects/git/bank_data_processing/dags/dag_raw_credit_scores.py for tasks to queue
[2024-07-12T01:48:55.735+0530] {logging_mixin.py:188} INFO - [2024-07-12T01:48:55.734+0530] {dagbag.py:545} INFO - Filling up the DagBag from //home/kali/Desktop/projects/git/bank_data_processing/dags/dag_raw_credit_scores.py
[2024-07-12T01:48:55.756+0530] {logging_mixin.py:188} INFO - [2024-07-12T01:48:55.755+0530] {dagbag.py:355} ERROR - Failed to import: //home/kali/Desktop/projects/git/bank_data_processing/dags/dag_raw_credit_scores.py
Traceback (most recent call last):
  File "/home/kali/Desktop/projects/git/bank_data_processing/myenv/lib/python3.11/site-packages/airflow/models/dagbag.py", line 351, in parse
    loader.exec_module(new_module)
  File "<frozen importlib._bootstrap_external>", line 940, in exec_module
  File "<frozen importlib._bootstrap>", line 241, in _call_with_frames_removed
  File "//home/kali/Desktop/projects/git/bank_data_processing/dags/dag_raw_credit_scores.py", line 13, in <module>
    from models.raw_models.raw_load_credit_scores import create_tables,tuncate_table,insert_table
ModuleNotFoundError: No module named 'models'
[2024-07-12T01:48:55.757+0530] {processor.py:842} WARNING - No viable dags retrieved from //home/kali/Desktop/projects/git/bank_data_processing/dags/dag_raw_credit_scores.py
[2024-07-12T01:48:55.778+0530] {processor.py:183} INFO - Processing //home/kali/Desktop/projects/git/bank_data_processing/dags/dag_raw_credit_scores.py took 0.055 seconds
[2024-07-12T01:49:26.174+0530] {processor.py:161} INFO - Started process (PID=38005) to work on //home/kali/Desktop/projects/git/bank_data_processing/dags/dag_raw_credit_scores.py
[2024-07-12T01:49:26.175+0530] {processor.py:830} INFO - Processing file //home/kali/Desktop/projects/git/bank_data_processing/dags/dag_raw_credit_scores.py for tasks to queue
[2024-07-12T01:49:26.179+0530] {logging_mixin.py:188} INFO - [2024-07-12T01:49:26.178+0530] {dagbag.py:545} INFO - Filling up the DagBag from //home/kali/Desktop/projects/git/bank_data_processing/dags/dag_raw_credit_scores.py
[2024-07-12T01:49:26.201+0530] {logging_mixin.py:188} INFO - [2024-07-12T01:49:26.199+0530] {dagbag.py:355} ERROR - Failed to import: //home/kali/Desktop/projects/git/bank_data_processing/dags/dag_raw_credit_scores.py
Traceback (most recent call last):
  File "/home/kali/Desktop/projects/git/bank_data_processing/myenv/lib/python3.11/site-packages/airflow/models/dagbag.py", line 351, in parse
    loader.exec_module(new_module)
  File "<frozen importlib._bootstrap_external>", line 940, in exec_module
  File "<frozen importlib._bootstrap>", line 241, in _call_with_frames_removed
  File "//home/kali/Desktop/projects/git/bank_data_processing/dags/dag_raw_credit_scores.py", line 13, in <module>
    from models.raw_models.raw_load_credit_scores import create_tables,tuncate_table,insert_table
ModuleNotFoundError: No module named 'models'
[2024-07-12T01:49:26.201+0530] {processor.py:842} WARNING - No viable dags retrieved from //home/kali/Desktop/projects/git/bank_data_processing/dags/dag_raw_credit_scores.py
[2024-07-12T01:49:26.222+0530] {processor.py:183} INFO - Processing //home/kali/Desktop/projects/git/bank_data_processing/dags/dag_raw_credit_scores.py took 0.056 seconds
[2024-07-12T01:49:57.065+0530] {processor.py:161} INFO - Started process (PID=38333) to work on //home/kali/Desktop/projects/git/bank_data_processing/dags/dag_raw_credit_scores.py
[2024-07-12T01:49:57.066+0530] {processor.py:830} INFO - Processing file //home/kali/Desktop/projects/git/bank_data_processing/dags/dag_raw_credit_scores.py for tasks to queue
[2024-07-12T01:49:57.068+0530] {logging_mixin.py:188} INFO - [2024-07-12T01:49:57.067+0530] {dagbag.py:545} INFO - Filling up the DagBag from //home/kali/Desktop/projects/git/bank_data_processing/dags/dag_raw_credit_scores.py
[2024-07-12T01:49:57.084+0530] {logging_mixin.py:188} INFO - [2024-07-12T01:49:57.083+0530] {dagbag.py:355} ERROR - Failed to import: //home/kali/Desktop/projects/git/bank_data_processing/dags/dag_raw_credit_scores.py
Traceback (most recent call last):
  File "/home/kali/Desktop/projects/git/bank_data_processing/myenv/lib/python3.11/site-packages/airflow/models/dagbag.py", line 351, in parse
    loader.exec_module(new_module)
  File "<frozen importlib._bootstrap_external>", line 940, in exec_module
  File "<frozen importlib._bootstrap>", line 241, in _call_with_frames_removed
  File "//home/kali/Desktop/projects/git/bank_data_processing/dags/dag_raw_credit_scores.py", line 13, in <module>
    from models.raw_models.raw_load_credit_scores import create_tables,tuncate_table,insert_table
ModuleNotFoundError: No module named 'models'
[2024-07-12T01:49:57.085+0530] {processor.py:842} WARNING - No viable dags retrieved from //home/kali/Desktop/projects/git/bank_data_processing/dags/dag_raw_credit_scores.py
[2024-07-12T01:49:57.101+0530] {processor.py:183} INFO - Processing //home/kali/Desktop/projects/git/bank_data_processing/dags/dag_raw_credit_scores.py took 0.043 seconds
[2024-07-12T01:50:27.783+0530] {processor.py:161} INFO - Started process (PID=38742) to work on //home/kali/Desktop/projects/git/bank_data_processing/dags/dag_raw_credit_scores.py
[2024-07-12T01:50:27.784+0530] {processor.py:830} INFO - Processing file //home/kali/Desktop/projects/git/bank_data_processing/dags/dag_raw_credit_scores.py for tasks to queue
[2024-07-12T01:50:27.786+0530] {logging_mixin.py:188} INFO - [2024-07-12T01:50:27.786+0530] {dagbag.py:545} INFO - Filling up the DagBag from //home/kali/Desktop/projects/git/bank_data_processing/dags/dag_raw_credit_scores.py
[2024-07-12T01:50:27.805+0530] {logging_mixin.py:188} INFO - [2024-07-12T01:50:27.804+0530] {dagbag.py:355} ERROR - Failed to import: //home/kali/Desktop/projects/git/bank_data_processing/dags/dag_raw_credit_scores.py
Traceback (most recent call last):
  File "/home/kali/Desktop/projects/git/bank_data_processing/myenv/lib/python3.11/site-packages/airflow/models/dagbag.py", line 351, in parse
    loader.exec_module(new_module)
  File "<frozen importlib._bootstrap_external>", line 940, in exec_module
  File "<frozen importlib._bootstrap>", line 241, in _call_with_frames_removed
  File "//home/kali/Desktop/projects/git/bank_data_processing/dags/dag_raw_credit_scores.py", line 13, in <module>
    from models.raw_models.raw_load_credit_scores import create_tables,tuncate_table,insert_table
  File "//home/kali/Desktop/projects/git/bank_data_processing/dags/models/raw_models/raw_load_credit_scores.py", line 6, in <module>
    import pandas as pd
ModuleNotFoundError: No module named 'pandas'
[2024-07-12T01:50:27.806+0530] {processor.py:842} WARNING - No viable dags retrieved from //home/kali/Desktop/projects/git/bank_data_processing/dags/dag_raw_credit_scores.py
[2024-07-12T01:50:27.823+0530] {processor.py:183} INFO - Processing //home/kali/Desktop/projects/git/bank_data_processing/dags/dag_raw_credit_scores.py took 0.048 seconds
[2024-07-12T01:50:58.054+0530] {processor.py:161} INFO - Started process (PID=39182) to work on //home/kali/Desktop/projects/git/bank_data_processing/dags/dag_raw_credit_scores.py
[2024-07-12T01:50:58.055+0530] {processor.py:830} INFO - Processing file //home/kali/Desktop/projects/git/bank_data_processing/dags/dag_raw_credit_scores.py for tasks to queue
[2024-07-12T01:50:58.057+0530] {logging_mixin.py:188} INFO - [2024-07-12T01:50:58.056+0530] {dagbag.py:545} INFO - Filling up the DagBag from //home/kali/Desktop/projects/git/bank_data_processing/dags/dag_raw_credit_scores.py
[2024-07-12T01:50:58.075+0530] {logging_mixin.py:188} INFO - [2024-07-12T01:50:58.074+0530] {dagbag.py:355} ERROR - Failed to import: //home/kali/Desktop/projects/git/bank_data_processing/dags/dag_raw_credit_scores.py
Traceback (most recent call last):
  File "/home/kali/Desktop/projects/git/bank_data_processing/myenv/lib/python3.11/site-packages/airflow/models/dagbag.py", line 351, in parse
    loader.exec_module(new_module)
  File "<frozen importlib._bootstrap_external>", line 940, in exec_module
  File "<frozen importlib._bootstrap>", line 241, in _call_with_frames_removed
  File "//home/kali/Desktop/projects/git/bank_data_processing/dags/dag_raw_credit_scores.py", line 13, in <module>
    from models.raw_models.raw_load_credit_scores import create_tables,tuncate_table,insert_table
  File "//home/kali/Desktop/projects/git/bank_data_processing/dags/models/raw_models/raw_load_credit_scores.py", line 6, in <module>
    import pandas as pd
ModuleNotFoundError: No module named 'pandas'
[2024-07-12T01:50:58.076+0530] {processor.py:842} WARNING - No viable dags retrieved from //home/kali/Desktop/projects/git/bank_data_processing/dags/dag_raw_credit_scores.py
[2024-07-12T01:50:58.096+0530] {processor.py:183} INFO - Processing //home/kali/Desktop/projects/git/bank_data_processing/dags/dag_raw_credit_scores.py took 0.048 seconds
[2024-07-12T01:51:28.156+0530] {processor.py:161} INFO - Started process (PID=39580) to work on //home/kali/Desktop/projects/git/bank_data_processing/dags/dag_raw_credit_scores.py
[2024-07-12T01:51:28.157+0530] {processor.py:830} INFO - Processing file //home/kali/Desktop/projects/git/bank_data_processing/dags/dag_raw_credit_scores.py for tasks to queue
[2024-07-12T01:51:28.159+0530] {logging_mixin.py:188} INFO - [2024-07-12T01:51:28.158+0530] {dagbag.py:545} INFO - Filling up the DagBag from //home/kali/Desktop/projects/git/bank_data_processing/dags/dag_raw_credit_scores.py
[2024-07-12T01:51:28.179+0530] {logging_mixin.py:188} INFO - [2024-07-12T01:51:28.178+0530] {dagbag.py:355} ERROR - Failed to import: //home/kali/Desktop/projects/git/bank_data_processing/dags/dag_raw_credit_scores.py
Traceback (most recent call last):
  File "/home/kali/Desktop/projects/git/bank_data_processing/myenv/lib/python3.11/site-packages/airflow/models/dagbag.py", line 351, in parse
    loader.exec_module(new_module)
  File "<frozen importlib._bootstrap_external>", line 940, in exec_module
  File "<frozen importlib._bootstrap>", line 241, in _call_with_frames_removed
  File "//home/kali/Desktop/projects/git/bank_data_processing/dags/dag_raw_credit_scores.py", line 13, in <module>
    from models.raw_models.raw_load_credit_scores import create_tables,tuncate_table,insert_table
  File "//home/kali/Desktop/projects/git/bank_data_processing/dags/models/raw_models/raw_load_credit_scores.py", line 6, in <module>
    import pandas as pd
ModuleNotFoundError: No module named 'pandas'
[2024-07-12T01:51:28.180+0530] {processor.py:842} WARNING - No viable dags retrieved from //home/kali/Desktop/projects/git/bank_data_processing/dags/dag_raw_credit_scores.py
[2024-07-12T01:51:28.199+0530] {processor.py:183} INFO - Processing //home/kali/Desktop/projects/git/bank_data_processing/dags/dag_raw_credit_scores.py took 0.050 seconds
[2024-07-12T01:52:00.833+0530] {processor.py:161} INFO - Started process (PID=40224) to work on //home/kali/Desktop/projects/git/bank_data_processing/dags/dag_raw_credit_scores.py
[2024-07-12T01:52:00.837+0530] {processor.py:830} INFO - Processing file //home/kali/Desktop/projects/git/bank_data_processing/dags/dag_raw_credit_scores.py for tasks to queue
[2024-07-12T01:52:00.842+0530] {logging_mixin.py:188} INFO - [2024-07-12T01:52:00.841+0530] {dagbag.py:545} INFO - Filling up the DagBag from //home/kali/Desktop/projects/git/bank_data_processing/dags/dag_raw_credit_scores.py
[2024-07-12T01:52:01.726+0530] {logging_mixin.py:188} INFO - [2024-07-12T01:52:01.726+0530] {base.py:84} INFO - Using connection ID 'mysql_default' for task execution.
[2024-07-12T01:52:01.736+0530] {processor.py:840} INFO - DAG(s) 'raw_load_credit_scores' retrieved from //home/kali/Desktop/projects/git/bank_data_processing/dags/dag_raw_credit_scores.py
[2024-07-12T01:52:01.988+0530] {logging_mixin.py:188} INFO - [2024-07-12T01:52:01.987+0530] {override.py:1847} INFO - Created Permission View: can delete on DAG:raw_load_credit_scores
[2024-07-12T01:52:02.017+0530] {logging_mixin.py:188} INFO - [2024-07-12T01:52:02.016+0530] {override.py:1847} INFO - Created Permission View: can read on DAG:raw_load_credit_scores
[2024-07-12T01:52:02.036+0530] {logging_mixin.py:188} INFO - [2024-07-12T01:52:02.035+0530] {override.py:1847} INFO - Created Permission View: can edit on DAG:raw_load_credit_scores
[2024-07-12T01:52:02.037+0530] {logging_mixin.py:188} INFO - [2024-07-12T01:52:02.036+0530] {dag.py:3096} INFO - Sync 1 DAGs
[2024-07-12T01:52:02.059+0530] {logging_mixin.py:188} INFO - [2024-07-12T01:52:02.058+0530] {dag.py:3118} INFO - Creating ORM DAG for raw_load_credit_scores
[2024-07-12T01:52:02.061+0530] {logging_mixin.py:188} INFO - [2024-07-12T01:52:02.060+0530] {dag.py:3954} INFO - Setting next_dagrun for raw_load_credit_scores to None, run_after=None
[2024-07-12T01:52:02.104+0530] {processor.py:183} INFO - Processing //home/kali/Desktop/projects/git/bank_data_processing/dags/dag_raw_credit_scores.py took 1.299 seconds
[2024-07-12T01:52:32.661+0530] {processor.py:161} INFO - Started process (PID=40918) to work on //home/kali/Desktop/projects/git/bank_data_processing/dags/dag_raw_credit_scores.py
[2024-07-12T01:52:32.662+0530] {processor.py:830} INFO - Processing file //home/kali/Desktop/projects/git/bank_data_processing/dags/dag_raw_credit_scores.py for tasks to queue
[2024-07-12T01:52:32.663+0530] {logging_mixin.py:188} INFO - [2024-07-12T01:52:32.663+0530] {dagbag.py:545} INFO - Filling up the DagBag from //home/kali/Desktop/projects/git/bank_data_processing/dags/dag_raw_credit_scores.py
[2024-07-12T01:52:33.064+0530] {logging_mixin.py:188} INFO - [2024-07-12T01:52:33.063+0530] {base.py:84} INFO - Using connection ID 'mysql_default' for task execution.
[2024-07-12T01:52:33.068+0530] {processor.py:840} INFO - DAG(s) 'raw_load_credit_scores' retrieved from //home/kali/Desktop/projects/git/bank_data_processing/dags/dag_raw_credit_scores.py
[2024-07-12T01:52:33.150+0530] {logging_mixin.py:188} INFO - [2024-07-12T01:52:33.149+0530] {dag.py:3096} INFO - Sync 1 DAGs
[2024-07-12T01:52:33.158+0530] {logging_mixin.py:188} INFO - [2024-07-12T01:52:33.158+0530] {dag.py:3954} INFO - Setting next_dagrun for raw_load_credit_scores to None, run_after=None
[2024-07-12T01:52:33.296+0530] {processor.py:183} INFO - Processing //home/kali/Desktop/projects/git/bank_data_processing/dags/dag_raw_credit_scores.py took 0.644 seconds
[2024-07-12T01:53:03.547+0530] {processor.py:161} INFO - Started process (PID=41528) to work on //home/kali/Desktop/projects/git/bank_data_processing/dags/dag_raw_credit_scores.py
[2024-07-12T01:53:03.548+0530] {processor.py:830} INFO - Processing file //home/kali/Desktop/projects/git/bank_data_processing/dags/dag_raw_credit_scores.py for tasks to queue
[2024-07-12T01:53:03.549+0530] {logging_mixin.py:188} INFO - [2024-07-12T01:53:03.549+0530] {dagbag.py:545} INFO - Filling up the DagBag from //home/kali/Desktop/projects/git/bank_data_processing/dags/dag_raw_credit_scores.py
[2024-07-12T01:53:03.968+0530] {logging_mixin.py:188} INFO - [2024-07-12T01:53:03.968+0530] {base.py:84} INFO - Using connection ID 'mysql_default' for task execution.
[2024-07-12T01:53:03.972+0530] {processor.py:840} INFO - DAG(s) 'raw_load_credit_scores' retrieved from //home/kali/Desktop/projects/git/bank_data_processing/dags/dag_raw_credit_scores.py
[2024-07-12T01:53:04.064+0530] {logging_mixin.py:188} INFO - [2024-07-12T01:53:04.064+0530] {dag.py:3096} INFO - Sync 1 DAGs
[2024-07-12T01:53:04.073+0530] {logging_mixin.py:188} INFO - [2024-07-12T01:53:04.073+0530] {dag.py:3954} INFO - Setting next_dagrun for raw_load_credit_scores to None, run_after=None
[2024-07-12T01:53:04.098+0530] {processor.py:183} INFO - Processing //home/kali/Desktop/projects/git/bank_data_processing/dags/dag_raw_credit_scores.py took 0.562 seconds
[2024-07-12T01:53:34.290+0530] {processor.py:161} INFO - Started process (PID=42194) to work on //home/kali/Desktop/projects/git/bank_data_processing/dags/dag_raw_credit_scores.py
[2024-07-12T01:53:34.291+0530] {processor.py:830} INFO - Processing file //home/kali/Desktop/projects/git/bank_data_processing/dags/dag_raw_credit_scores.py for tasks to queue
[2024-07-12T01:53:34.292+0530] {logging_mixin.py:188} INFO - [2024-07-12T01:53:34.292+0530] {dagbag.py:545} INFO - Filling up the DagBag from //home/kali/Desktop/projects/git/bank_data_processing/dags/dag_raw_credit_scores.py
[2024-07-12T01:53:34.733+0530] {logging_mixin.py:188} INFO - [2024-07-12T01:53:34.732+0530] {base.py:84} INFO - Using connection ID 'mysql_default' for task execution.
[2024-07-12T01:53:34.740+0530] {processor.py:840} INFO - DAG(s) 'raw_load_credit_scores' retrieved from //home/kali/Desktop/projects/git/bank_data_processing/dags/dag_raw_credit_scores.py
[2024-07-12T01:53:34.841+0530] {logging_mixin.py:188} INFO - [2024-07-12T01:53:34.841+0530] {dag.py:3096} INFO - Sync 1 DAGs
[2024-07-12T01:53:34.850+0530] {logging_mixin.py:188} INFO - [2024-07-12T01:53:34.850+0530] {dag.py:3954} INFO - Setting next_dagrun for raw_load_credit_scores to None, run_after=None
[2024-07-12T01:53:34.871+0530] {processor.py:183} INFO - Processing //home/kali/Desktop/projects/git/bank_data_processing/dags/dag_raw_credit_scores.py took 0.594 seconds
[2024-07-12T01:54:04.963+0530] {processor.py:161} INFO - Started process (PID=42914) to work on //home/kali/Desktop/projects/git/bank_data_processing/dags/dag_raw_credit_scores.py
[2024-07-12T01:54:04.963+0530] {processor.py:830} INFO - Processing file //home/kali/Desktop/projects/git/bank_data_processing/dags/dag_raw_credit_scores.py for tasks to queue
[2024-07-12T01:54:04.965+0530] {logging_mixin.py:188} INFO - [2024-07-12T01:54:04.964+0530] {dagbag.py:545} INFO - Filling up the DagBag from //home/kali/Desktop/projects/git/bank_data_processing/dags/dag_raw_credit_scores.py
[2024-07-12T01:54:05.348+0530] {logging_mixin.py:188} INFO - [2024-07-12T01:54:05.348+0530] {base.py:84} INFO - Using connection ID 'mysql_default' for task execution.
[2024-07-12T01:54:05.354+0530] {processor.py:840} INFO - DAG(s) 'raw_load_credit_scores' retrieved from //home/kali/Desktop/projects/git/bank_data_processing/dags/dag_raw_credit_scores.py
[2024-07-12T01:54:05.579+0530] {logging_mixin.py:188} INFO - [2024-07-12T01:54:05.579+0530] {dag.py:3096} INFO - Sync 1 DAGs
[2024-07-12T01:54:05.589+0530] {logging_mixin.py:188} INFO - [2024-07-12T01:54:05.589+0530] {dag.py:3954} INFO - Setting next_dagrun for raw_load_credit_scores to None, run_after=None
[2024-07-12T01:54:05.615+0530] {processor.py:183} INFO - Processing //home/kali/Desktop/projects/git/bank_data_processing/dags/dag_raw_credit_scores.py took 0.663 seconds
[2024-07-12T01:54:36.593+0530] {processor.py:161} INFO - Started process (PID=43540) to work on //home/kali/Desktop/projects/git/bank_data_processing/dags/dag_raw_credit_scores.py
[2024-07-12T01:54:36.595+0530] {processor.py:830} INFO - Processing file //home/kali/Desktop/projects/git/bank_data_processing/dags/dag_raw_credit_scores.py for tasks to queue
[2024-07-12T01:54:36.598+0530] {logging_mixin.py:188} INFO - [2024-07-12T01:54:36.597+0530] {dagbag.py:545} INFO - Filling up the DagBag from //home/kali/Desktop/projects/git/bank_data_processing/dags/dag_raw_credit_scores.py
[2024-07-12T01:54:37.070+0530] {logging_mixin.py:188} INFO - [2024-07-12T01:54:37.069+0530] {base.py:84} INFO - Using connection ID 'mysql_default' for task execution.
[2024-07-12T01:54:37.075+0530] {processor.py:840} INFO - DAG(s) 'raw_load_credit_scores' retrieved from //home/kali/Desktop/projects/git/bank_data_processing/dags/dag_raw_credit_scores.py
[2024-07-12T01:54:37.267+0530] {logging_mixin.py:188} INFO - [2024-07-12T01:54:37.267+0530] {dag.py:3096} INFO - Sync 1 DAGs
[2024-07-12T01:54:37.277+0530] {logging_mixin.py:188} INFO - [2024-07-12T01:54:37.277+0530] {dag.py:3954} INFO - Setting next_dagrun for raw_load_credit_scores to None, run_after=None
[2024-07-12T01:54:37.302+0530] {processor.py:183} INFO - Processing //home/kali/Desktop/projects/git/bank_data_processing/dags/dag_raw_credit_scores.py took 0.731 seconds
[2024-07-12T01:55:07.423+0530] {processor.py:161} INFO - Started process (PID=44122) to work on //home/kali/Desktop/projects/git/bank_data_processing/dags/dag_raw_credit_scores.py
[2024-07-12T01:55:07.424+0530] {processor.py:830} INFO - Processing file //home/kali/Desktop/projects/git/bank_data_processing/dags/dag_raw_credit_scores.py for tasks to queue
[2024-07-12T01:55:07.425+0530] {logging_mixin.py:188} INFO - [2024-07-12T01:55:07.425+0530] {dagbag.py:545} INFO - Filling up the DagBag from //home/kali/Desktop/projects/git/bank_data_processing/dags/dag_raw_credit_scores.py
[2024-07-12T01:55:07.823+0530] {logging_mixin.py:188} INFO - [2024-07-12T01:55:07.823+0530] {base.py:84} INFO - Using connection ID 'mysql_default' for task execution.
[2024-07-12T01:55:07.827+0530] {processor.py:840} INFO - DAG(s) 'raw_load_credit_scores' retrieved from //home/kali/Desktop/projects/git/bank_data_processing/dags/dag_raw_credit_scores.py
[2024-07-12T01:55:07.916+0530] {logging_mixin.py:188} INFO - [2024-07-12T01:55:07.915+0530] {dag.py:3096} INFO - Sync 1 DAGs
[2024-07-12T01:55:08.047+0530] {logging_mixin.py:188} INFO - [2024-07-12T01:55:08.046+0530] {dag.py:3954} INFO - Setting next_dagrun for raw_load_credit_scores to None, run_after=None
[2024-07-12T01:55:08.069+0530] {processor.py:183} INFO - Processing //home/kali/Desktop/projects/git/bank_data_processing/dags/dag_raw_credit_scores.py took 0.656 seconds
[2024-07-12T01:55:38.178+0530] {processor.py:161} INFO - Started process (PID=44617) to work on //home/kali/Desktop/projects/git/bank_data_processing/dags/dag_raw_credit_scores.py
[2024-07-12T01:55:38.179+0530] {processor.py:830} INFO - Processing file //home/kali/Desktop/projects/git/bank_data_processing/dags/dag_raw_credit_scores.py for tasks to queue
[2024-07-12T01:55:38.180+0530] {logging_mixin.py:188} INFO - [2024-07-12T01:55:38.180+0530] {dagbag.py:545} INFO - Filling up the DagBag from //home/kali/Desktop/projects/git/bank_data_processing/dags/dag_raw_credit_scores.py
[2024-07-12T01:55:38.659+0530] {logging_mixin.py:188} INFO - [2024-07-12T01:55:38.659+0530] {base.py:84} INFO - Using connection ID 'mysql_default' for task execution.
[2024-07-12T01:55:38.664+0530] {processor.py:840} INFO - DAG(s) 'raw_load_credit_scores' retrieved from //home/kali/Desktop/projects/git/bank_data_processing/dags/dag_raw_credit_scores.py
[2024-07-12T01:55:38.763+0530] {logging_mixin.py:188} INFO - [2024-07-12T01:55:38.763+0530] {dag.py:3096} INFO - Sync 1 DAGs
[2024-07-12T01:55:38.772+0530] {logging_mixin.py:188} INFO - [2024-07-12T01:55:38.772+0530] {dag.py:3954} INFO - Setting next_dagrun for raw_load_credit_scores to None, run_after=None
[2024-07-12T01:55:38.922+0530] {processor.py:183} INFO - Processing //home/kali/Desktop/projects/git/bank_data_processing/dags/dag_raw_credit_scores.py took 0.754 seconds
[2024-07-12T01:56:10.060+0530] {processor.py:161} INFO - Started process (PID=45101) to work on //home/kali/Desktop/projects/git/bank_data_processing/dags/dag_raw_credit_scores.py
[2024-07-12T01:56:10.061+0530] {processor.py:830} INFO - Processing file //home/kali/Desktop/projects/git/bank_data_processing/dags/dag_raw_credit_scores.py for tasks to queue
[2024-07-12T01:56:10.063+0530] {logging_mixin.py:188} INFO - [2024-07-12T01:56:10.063+0530] {dagbag.py:545} INFO - Filling up the DagBag from //home/kali/Desktop/projects/git/bank_data_processing/dags/dag_raw_credit_scores.py
[2024-07-12T01:56:10.466+0530] {logging_mixin.py:188} INFO - [2024-07-12T01:56:10.466+0530] {base.py:84} INFO - Using connection ID 'mysql_default' for task execution.
[2024-07-12T01:56:10.470+0530] {processor.py:840} INFO - DAG(s) 'raw_load_credit_scores' retrieved from //home/kali/Desktop/projects/git/bank_data_processing/dags/dag_raw_credit_scores.py
[2024-07-12T01:56:10.668+0530] {logging_mixin.py:188} INFO - [2024-07-12T01:56:10.667+0530] {dag.py:3096} INFO - Sync 1 DAGs
[2024-07-12T01:56:10.677+0530] {logging_mixin.py:188} INFO - [2024-07-12T01:56:10.677+0530] {dag.py:3954} INFO - Setting next_dagrun for raw_load_credit_scores to None, run_after=None
[2024-07-12T01:56:10.700+0530] {processor.py:183} INFO - Processing //home/kali/Desktop/projects/git/bank_data_processing/dags/dag_raw_credit_scores.py took 0.650 seconds
[2024-07-12T01:56:41.444+0530] {processor.py:161} INFO - Started process (PID=45648) to work on //home/kali/Desktop/projects/git/bank_data_processing/dags/dag_raw_credit_scores.py
[2024-07-12T01:56:41.445+0530] {processor.py:830} INFO - Processing file //home/kali/Desktop/projects/git/bank_data_processing/dags/dag_raw_credit_scores.py for tasks to queue
[2024-07-12T01:56:41.446+0530] {logging_mixin.py:188} INFO - [2024-07-12T01:56:41.446+0530] {dagbag.py:545} INFO - Filling up the DagBag from //home/kali/Desktop/projects/git/bank_data_processing/dags/dag_raw_credit_scores.py
[2024-07-12T01:56:41.897+0530] {logging_mixin.py:188} INFO - [2024-07-12T01:56:41.896+0530] {base.py:84} INFO - Using connection ID 'mysql_default' for task execution.
[2024-07-12T01:56:41.908+0530] {processor.py:840} INFO - DAG(s) 'raw_load_credit_scores' retrieved from //home/kali/Desktop/projects/git/bank_data_processing/dags/dag_raw_credit_scores.py
[2024-07-12T01:56:42.124+0530] {logging_mixin.py:188} INFO - [2024-07-12T01:56:42.124+0530] {dag.py:3096} INFO - Sync 1 DAGs
[2024-07-12T01:56:42.134+0530] {logging_mixin.py:188} INFO - [2024-07-12T01:56:42.134+0530] {dag.py:3954} INFO - Setting next_dagrun for raw_load_credit_scores to None, run_after=None
[2024-07-12T01:56:42.162+0530] {processor.py:183} INFO - Processing //home/kali/Desktop/projects/git/bank_data_processing/dags/dag_raw_credit_scores.py took 0.728 seconds
[2024-07-12T01:57:12.557+0530] {processor.py:161} INFO - Started process (PID=46158) to work on //home/kali/Desktop/projects/git/bank_data_processing/dags/dag_raw_credit_scores.py
[2024-07-12T01:57:12.558+0530] {processor.py:830} INFO - Processing file //home/kali/Desktop/projects/git/bank_data_processing/dags/dag_raw_credit_scores.py for tasks to queue
[2024-07-12T01:57:12.560+0530] {logging_mixin.py:188} INFO - [2024-07-12T01:57:12.560+0530] {dagbag.py:545} INFO - Filling up the DagBag from //home/kali/Desktop/projects/git/bank_data_processing/dags/dag_raw_credit_scores.py
[2024-07-12T01:57:12.946+0530] {logging_mixin.py:188} INFO - [2024-07-12T01:57:12.946+0530] {base.py:84} INFO - Using connection ID 'mysql_default' for task execution.
[2024-07-12T01:57:12.951+0530] {processor.py:840} INFO - DAG(s) 'raw_load_credit_scores' retrieved from //home/kali/Desktop/projects/git/bank_data_processing/dags/dag_raw_credit_scores.py
[2024-07-12T01:57:13.155+0530] {logging_mixin.py:188} INFO - [2024-07-12T01:57:13.154+0530] {dag.py:3096} INFO - Sync 1 DAGs
[2024-07-12T01:57:13.167+0530] {logging_mixin.py:188} INFO - [2024-07-12T01:57:13.166+0530] {dag.py:3954} INFO - Setting next_dagrun for raw_load_credit_scores to None, run_after=None
[2024-07-12T01:57:13.193+0530] {processor.py:183} INFO - Processing //home/kali/Desktop/projects/git/bank_data_processing/dags/dag_raw_credit_scores.py took 0.645 seconds
[2024-07-12T01:57:43.771+0530] {processor.py:161} INFO - Started process (PID=46685) to work on //home/kali/Desktop/projects/git/bank_data_processing/dags/dag_raw_credit_scores.py
[2024-07-12T01:57:43.772+0530] {processor.py:830} INFO - Processing file //home/kali/Desktop/projects/git/bank_data_processing/dags/dag_raw_credit_scores.py for tasks to queue
[2024-07-12T01:57:43.773+0530] {logging_mixin.py:188} INFO - [2024-07-12T01:57:43.773+0530] {dagbag.py:545} INFO - Filling up the DagBag from //home/kali/Desktop/projects/git/bank_data_processing/dags/dag_raw_credit_scores.py
[2024-07-12T01:57:44.249+0530] {logging_mixin.py:188} INFO - [2024-07-12T01:57:44.248+0530] {base.py:84} INFO - Using connection ID 'mysql_default' for task execution.
[2024-07-12T01:57:44.254+0530] {processor.py:840} INFO - DAG(s) 'raw_load_credit_scores' retrieved from //home/kali/Desktop/projects/git/bank_data_processing/dags/dag_raw_credit_scores.py
[2024-07-12T01:57:44.458+0530] {logging_mixin.py:188} INFO - [2024-07-12T01:57:44.457+0530] {dag.py:3096} INFO - Sync 1 DAGs
[2024-07-12T01:57:44.468+0530] {logging_mixin.py:188} INFO - [2024-07-12T01:57:44.468+0530] {dag.py:3954} INFO - Setting next_dagrun for raw_load_credit_scores to None, run_after=None
[2024-07-12T01:57:44.495+0530] {processor.py:183} INFO - Processing //home/kali/Desktop/projects/git/bank_data_processing/dags/dag_raw_credit_scores.py took 0.735 seconds
[2024-07-12T01:58:14.909+0530] {processor.py:161} INFO - Started process (PID=47190) to work on //home/kali/Desktop/projects/git/bank_data_processing/dags/dag_raw_credit_scores.py
[2024-07-12T01:58:14.914+0530] {processor.py:830} INFO - Processing file //home/kali/Desktop/projects/git/bank_data_processing/dags/dag_raw_credit_scores.py for tasks to queue
[2024-07-12T01:58:14.916+0530] {logging_mixin.py:188} INFO - [2024-07-12T01:58:14.916+0530] {dagbag.py:545} INFO - Filling up the DagBag from //home/kali/Desktop/projects/git/bank_data_processing/dags/dag_raw_credit_scores.py
[2024-07-12T01:58:15.348+0530] {logging_mixin.py:188} INFO - [2024-07-12T01:58:15.348+0530] {base.py:84} INFO - Using connection ID 'mysql_default' for task execution.
[2024-07-12T01:58:15.353+0530] {processor.py:840} INFO - DAG(s) 'raw_load_credit_scores' retrieved from //home/kali/Desktop/projects/git/bank_data_processing/dags/dag_raw_credit_scores.py
[2024-07-12T01:58:15.623+0530] {logging_mixin.py:188} INFO - [2024-07-12T01:58:15.623+0530] {dag.py:3096} INFO - Sync 1 DAGs
[2024-07-12T01:58:15.634+0530] {logging_mixin.py:188} INFO - [2024-07-12T01:58:15.633+0530] {dag.py:3954} INFO - Setting next_dagrun for raw_load_credit_scores to None, run_after=None
[2024-07-12T01:58:15.663+0530] {processor.py:183} INFO - Processing //home/kali/Desktop/projects/git/bank_data_processing/dags/dag_raw_credit_scores.py took 0.764 seconds
[2024-07-12T01:58:45.743+0530] {processor.py:161} INFO - Started process (PID=47665) to work on //home/kali/Desktop/projects/git/bank_data_processing/dags/dag_raw_credit_scores.py
[2024-07-12T01:58:45.748+0530] {processor.py:830} INFO - Processing file //home/kali/Desktop/projects/git/bank_data_processing/dags/dag_raw_credit_scores.py for tasks to queue
[2024-07-12T01:58:45.750+0530] {logging_mixin.py:188} INFO - [2024-07-12T01:58:45.750+0530] {dagbag.py:545} INFO - Filling up the DagBag from //home/kali/Desktop/projects/git/bank_data_processing/dags/dag_raw_credit_scores.py
[2024-07-12T01:58:46.174+0530] {logging_mixin.py:188} INFO - [2024-07-12T01:58:46.174+0530] {base.py:84} INFO - Using connection ID 'mysql_default' for task execution.
[2024-07-12T01:58:46.178+0530] {processor.py:840} INFO - DAG(s) 'raw_load_credit_scores' retrieved from //home/kali/Desktop/projects/git/bank_data_processing/dags/dag_raw_credit_scores.py
[2024-07-12T01:58:46.379+0530] {logging_mixin.py:188} INFO - [2024-07-12T01:58:46.378+0530] {dag.py:3096} INFO - Sync 1 DAGs
[2024-07-12T01:58:46.388+0530] {logging_mixin.py:188} INFO - [2024-07-12T01:58:46.388+0530] {dag.py:3954} INFO - Setting next_dagrun for raw_load_credit_scores to None, run_after=None
[2024-07-12T01:58:46.412+0530] {processor.py:183} INFO - Processing //home/kali/Desktop/projects/git/bank_data_processing/dags/dag_raw_credit_scores.py took 0.679 seconds
[2024-07-12T01:59:17.854+0530] {processor.py:161} INFO - Started process (PID=48225) to work on //home/kali/Desktop/projects/git/bank_data_processing/dags/dag_raw_credit_scores.py
[2024-07-12T01:59:17.855+0530] {processor.py:830} INFO - Processing file //home/kali/Desktop/projects/git/bank_data_processing/dags/dag_raw_credit_scores.py for tasks to queue
[2024-07-12T01:59:17.857+0530] {logging_mixin.py:188} INFO - [2024-07-12T01:59:17.857+0530] {dagbag.py:545} INFO - Filling up the DagBag from //home/kali/Desktop/projects/git/bank_data_processing/dags/dag_raw_credit_scores.py
[2024-07-12T01:59:18.579+0530] {logging_mixin.py:188} INFO - [2024-07-12T01:59:18.579+0530] {base.py:84} INFO - Using connection ID 'mysql_default' for task execution.
[2024-07-12T01:59:18.586+0530] {processor.py:840} INFO - DAG(s) 'raw_load_credit_scores' retrieved from //home/kali/Desktop/projects/git/bank_data_processing/dags/dag_raw_credit_scores.py
[2024-07-12T01:59:19.059+0530] {logging_mixin.py:188} INFO - [2024-07-12T01:59:19.059+0530] {dag.py:3096} INFO - Sync 1 DAGs
[2024-07-12T01:59:19.074+0530] {logging_mixin.py:188} INFO - [2024-07-12T01:59:19.074+0530] {dag.py:3954} INFO - Setting next_dagrun for raw_load_credit_scores to None, run_after=None
[2024-07-12T01:59:19.119+0530] {processor.py:183} INFO - Processing //home/kali/Desktop/projects/git/bank_data_processing/dags/dag_raw_credit_scores.py took 1.289 seconds
[2024-07-12T01:59:49.846+0530] {processor.py:161} INFO - Started process (PID=48905) to work on //home/kali/Desktop/projects/git/bank_data_processing/dags/dag_raw_credit_scores.py
[2024-07-12T01:59:49.849+0530] {processor.py:830} INFO - Processing file //home/kali/Desktop/projects/git/bank_data_processing/dags/dag_raw_credit_scores.py for tasks to queue
[2024-07-12T01:59:49.851+0530] {logging_mixin.py:188} INFO - [2024-07-12T01:59:49.850+0530] {dagbag.py:545} INFO - Filling up the DagBag from //home/kali/Desktop/projects/git/bank_data_processing/dags/dag_raw_credit_scores.py
[2024-07-12T01:59:50.348+0530] {logging_mixin.py:188} INFO - [2024-07-12T01:59:50.348+0530] {base.py:84} INFO - Using connection ID 'mysql_default' for task execution.
[2024-07-12T01:59:50.354+0530] {processor.py:840} INFO - DAG(s) 'raw_load_credit_scores' retrieved from //home/kali/Desktop/projects/git/bank_data_processing/dags/dag_raw_credit_scores.py
[2024-07-12T01:59:50.665+0530] {logging_mixin.py:188} INFO - [2024-07-12T01:59:50.664+0530] {dag.py:3096} INFO - Sync 1 DAGs
[2024-07-12T01:59:50.675+0530] {logging_mixin.py:188} INFO - [2024-07-12T01:59:50.675+0530] {dag.py:3954} INFO - Setting next_dagrun for raw_load_credit_scores to None, run_after=None
[2024-07-12T01:59:50.709+0530] {processor.py:183} INFO - Processing //home/kali/Desktop/projects/git/bank_data_processing/dags/dag_raw_credit_scores.py took 0.876 seconds
[2024-07-12T02:00:05.424+0530] {processor.py:161} INFO - Started process (PID=49347) to work on //home/kali/Desktop/projects/git/bank_data_processing/dags/dag_raw_credit_scores.py
[2024-07-12T02:00:05.426+0530] {processor.py:830} INFO - Processing file //home/kali/Desktop/projects/git/bank_data_processing/dags/dag_raw_credit_scores.py for tasks to queue
[2024-07-12T02:00:05.428+0530] {logging_mixin.py:188} INFO - [2024-07-12T02:00:05.428+0530] {dagbag.py:545} INFO - Filling up the DagBag from //home/kali/Desktop/projects/git/bank_data_processing/dags/dag_raw_credit_scores.py
[2024-07-12T02:00:06.289+0530] {logging_mixin.py:188} INFO - [2024-07-12T02:00:06.289+0530] {base.py:84} INFO - Using connection ID 'mysql_default' for task execution.
[2024-07-12T02:00:06.304+0530] {processor.py:840} INFO - DAG(s) 'raw_load_credit_scores' retrieved from //home/kali/Desktop/projects/git/bank_data_processing/dags/dag_raw_credit_scores.py
[2024-07-12T02:00:06.311+0530] {logging_mixin.py:188} INFO - [2024-07-12T02:00:06.310+0530] {dag.py:3096} INFO - Sync 1 DAGs
[2024-07-12T02:00:06.333+0530] {logging_mixin.py:188} INFO - [2024-07-12T02:00:06.332+0530] {dag.py:3954} INFO - Setting next_dagrun for raw_load_credit_scores to None, run_after=None
[2024-07-12T02:00:06.378+0530] {processor.py:183} INFO - Processing //home/kali/Desktop/projects/git/bank_data_processing/dags/dag_raw_credit_scores.py took 0.963 seconds
[2024-07-12T02:00:37.232+0530] {processor.py:161} INFO - Started process (PID=50031) to work on //home/kali/Desktop/projects/git/bank_data_processing/dags/dag_raw_credit_scores.py
[2024-07-12T02:00:37.233+0530] {processor.py:830} INFO - Processing file //home/kali/Desktop/projects/git/bank_data_processing/dags/dag_raw_credit_scores.py for tasks to queue
[2024-07-12T02:00:37.236+0530] {logging_mixin.py:188} INFO - [2024-07-12T02:00:37.235+0530] {dagbag.py:545} INFO - Filling up the DagBag from //home/kali/Desktop/projects/git/bank_data_processing/dags/dag_raw_credit_scores.py
[2024-07-12T02:00:37.822+0530] {logging_mixin.py:188} INFO - [2024-07-12T02:00:37.822+0530] {base.py:84} INFO - Using connection ID 'mysql_default' for task execution.
[2024-07-12T02:00:37.826+0530] {processor.py:840} INFO - DAG(s) 'raw_load_credit_scores' retrieved from //home/kali/Desktop/projects/git/bank_data_processing/dags/dag_raw_credit_scores.py
[2024-07-12T02:00:37.910+0530] {logging_mixin.py:188} INFO - [2024-07-12T02:00:37.909+0530] {dag.py:3096} INFO - Sync 1 DAGs
[2024-07-12T02:00:37.918+0530] {logging_mixin.py:188} INFO - [2024-07-12T02:00:37.917+0530] {dag.py:3954} INFO - Setting next_dagrun for raw_load_credit_scores to None, run_after=None
[2024-07-12T02:00:37.934+0530] {processor.py:183} INFO - Processing //home/kali/Desktop/projects/git/bank_data_processing/dags/dag_raw_credit_scores.py took 0.708 seconds
[2024-07-12T02:01:08.739+0530] {processor.py:161} INFO - Started process (PID=50577) to work on //home/kali/Desktop/projects/git/bank_data_processing/dags/dag_raw_credit_scores.py
[2024-07-12T02:01:08.741+0530] {processor.py:830} INFO - Processing file //home/kali/Desktop/projects/git/bank_data_processing/dags/dag_raw_credit_scores.py for tasks to queue
[2024-07-12T02:01:08.744+0530] {logging_mixin.py:188} INFO - [2024-07-12T02:01:08.743+0530] {dagbag.py:545} INFO - Filling up the DagBag from //home/kali/Desktop/projects/git/bank_data_processing/dags/dag_raw_credit_scores.py
[2024-07-12T02:01:09.575+0530] {logging_mixin.py:188} INFO - [2024-07-12T02:01:09.575+0530] {base.py:84} INFO - Using connection ID 'mysql_default' for task execution.
[2024-07-12T02:01:09.582+0530] {processor.py:840} INFO - DAG(s) 'raw_load_credit_scores' retrieved from //home/kali/Desktop/projects/git/bank_data_processing/dags/dag_raw_credit_scores.py
[2024-07-12T02:01:09.710+0530] {logging_mixin.py:188} INFO - [2024-07-12T02:01:09.709+0530] {dag.py:3096} INFO - Sync 1 DAGs
[2024-07-12T02:01:09.726+0530] {logging_mixin.py:188} INFO - [2024-07-12T02:01:09.726+0530] {dag.py:3954} INFO - Setting next_dagrun for raw_load_credit_scores to None, run_after=None
[2024-07-12T02:01:09.762+0530] {processor.py:183} INFO - Processing //home/kali/Desktop/projects/git/bank_data_processing/dags/dag_raw_credit_scores.py took 1.038 seconds
[2024-07-12T02:01:39.856+0530] {processor.py:161} INFO - Started process (PID=51250) to work on //home/kali/Desktop/projects/git/bank_data_processing/dags/dag_raw_credit_scores.py
[2024-07-12T02:01:39.860+0530] {processor.py:830} INFO - Processing file //home/kali/Desktop/projects/git/bank_data_processing/dags/dag_raw_credit_scores.py for tasks to queue
[2024-07-12T02:01:39.863+0530] {logging_mixin.py:188} INFO - [2024-07-12T02:01:39.862+0530] {dagbag.py:545} INFO - Filling up the DagBag from //home/kali/Desktop/projects/git/bank_data_processing/dags/dag_raw_credit_scores.py
[2024-07-12T02:01:40.792+0530] {logging_mixin.py:188} INFO - [2024-07-12T02:01:40.792+0530] {base.py:84} INFO - Using connection ID 'mysql_default' for task execution.
[2024-07-12T02:01:40.797+0530] {processor.py:840} INFO - DAG(s) 'raw_load_credit_scores' retrieved from //home/kali/Desktop/projects/git/bank_data_processing/dags/dag_raw_credit_scores.py
[2024-07-12T02:01:40.959+0530] {logging_mixin.py:188} INFO - [2024-07-12T02:01:40.958+0530] {dag.py:3096} INFO - Sync 1 DAGs
[2024-07-12T02:01:40.977+0530] {logging_mixin.py:188} INFO - [2024-07-12T02:01:40.976+0530] {dag.py:3954} INFO - Setting next_dagrun for raw_load_credit_scores to None, run_after=None
[2024-07-12T02:01:41.017+0530] {processor.py:183} INFO - Processing //home/kali/Desktop/projects/git/bank_data_processing/dags/dag_raw_credit_scores.py took 1.174 seconds
[2024-07-12T02:02:11.778+0530] {processor.py:161} INFO - Started process (PID=51906) to work on //home/kali/Desktop/projects/git/bank_data_processing/dags/dag_raw_credit_scores.py
[2024-07-12T02:02:11.779+0530] {processor.py:830} INFO - Processing file //home/kali/Desktop/projects/git/bank_data_processing/dags/dag_raw_credit_scores.py for tasks to queue
[2024-07-12T02:02:11.781+0530] {logging_mixin.py:188} INFO - [2024-07-12T02:02:11.780+0530] {dagbag.py:545} INFO - Filling up the DagBag from //home/kali/Desktop/projects/git/bank_data_processing/dags/dag_raw_credit_scores.py
[2024-07-12T02:02:12.214+0530] {logging_mixin.py:188} INFO - [2024-07-12T02:02:12.214+0530] {base.py:84} INFO - Using connection ID 'mysql_default' for task execution.
[2024-07-12T02:02:12.218+0530] {processor.py:840} INFO - DAG(s) 'raw_load_credit_scores' retrieved from //home/kali/Desktop/projects/git/bank_data_processing/dags/dag_raw_credit_scores.py
[2024-07-12T02:02:12.305+0530] {logging_mixin.py:188} INFO - [2024-07-12T02:02:12.304+0530] {dag.py:3096} INFO - Sync 1 DAGs
[2024-07-12T02:02:12.314+0530] {logging_mixin.py:188} INFO - [2024-07-12T02:02:12.314+0530] {dag.py:3954} INFO - Setting next_dagrun for raw_load_credit_scores to None, run_after=None
[2024-07-12T02:02:12.335+0530] {processor.py:183} INFO - Processing //home/kali/Desktop/projects/git/bank_data_processing/dags/dag_raw_credit_scores.py took 0.565 seconds
[2024-07-12T02:02:42.852+0530] {processor.py:161} INFO - Started process (PID=52386) to work on //home/kali/Desktop/projects/git/bank_data_processing/dags/dag_raw_credit_scores.py
[2024-07-12T02:02:42.853+0530] {processor.py:830} INFO - Processing file //home/kali/Desktop/projects/git/bank_data_processing/dags/dag_raw_credit_scores.py for tasks to queue
[2024-07-12T02:02:42.855+0530] {logging_mixin.py:188} INFO - [2024-07-12T02:02:42.855+0530] {dagbag.py:545} INFO - Filling up the DagBag from //home/kali/Desktop/projects/git/bank_data_processing/dags/dag_raw_credit_scores.py
[2024-07-12T02:02:43.287+0530] {logging_mixin.py:188} INFO - [2024-07-12T02:02:43.286+0530] {base.py:84} INFO - Using connection ID 'mysql_default' for task execution.
[2024-07-12T02:02:43.291+0530] {processor.py:840} INFO - DAG(s) 'raw_load_credit_scores' retrieved from //home/kali/Desktop/projects/git/bank_data_processing/dags/dag_raw_credit_scores.py
[2024-07-12T02:02:43.373+0530] {logging_mixin.py:188} INFO - [2024-07-12T02:02:43.372+0530] {dag.py:3096} INFO - Sync 1 DAGs
[2024-07-12T02:02:43.382+0530] {logging_mixin.py:188} INFO - [2024-07-12T02:02:43.382+0530] {dag.py:3954} INFO - Setting next_dagrun for raw_load_credit_scores to None, run_after=None
[2024-07-12T02:02:43.400+0530] {processor.py:183} INFO - Processing //home/kali/Desktop/projects/git/bank_data_processing/dags/dag_raw_credit_scores.py took 0.556 seconds
[2024-07-12T02:03:13.750+0530] {processor.py:161} INFO - Started process (PID=52963) to work on //home/kali/Desktop/projects/git/bank_data_processing/dags/dag_raw_credit_scores.py
[2024-07-12T02:03:13.751+0530] {processor.py:830} INFO - Processing file //home/kali/Desktop/projects/git/bank_data_processing/dags/dag_raw_credit_scores.py for tasks to queue
[2024-07-12T02:03:13.753+0530] {logging_mixin.py:188} INFO - [2024-07-12T02:03:13.753+0530] {dagbag.py:545} INFO - Filling up the DagBag from //home/kali/Desktop/projects/git/bank_data_processing/dags/dag_raw_credit_scores.py
[2024-07-12T02:03:14.172+0530] {logging_mixin.py:188} INFO - [2024-07-12T02:03:14.171+0530] {base.py:84} INFO - Using connection ID 'mysql_default' for task execution.
[2024-07-12T02:03:14.176+0530] {processor.py:840} INFO - DAG(s) 'raw_load_credit_scores' retrieved from //home/kali/Desktop/projects/git/bank_data_processing/dags/dag_raw_credit_scores.py
[2024-07-12T02:03:14.261+0530] {logging_mixin.py:188} INFO - [2024-07-12T02:03:14.261+0530] {dag.py:3096} INFO - Sync 1 DAGs
[2024-07-12T02:03:14.270+0530] {logging_mixin.py:188} INFO - [2024-07-12T02:03:14.270+0530] {dag.py:3954} INFO - Setting next_dagrun for raw_load_credit_scores to None, run_after=None
[2024-07-12T02:03:14.292+0530] {processor.py:183} INFO - Processing //home/kali/Desktop/projects/git/bank_data_processing/dags/dag_raw_credit_scores.py took 0.552 seconds
[2024-07-12T02:03:44.454+0530] {processor.py:161} INFO - Started process (PID=53449) to work on //home/kali/Desktop/projects/git/bank_data_processing/dags/dag_raw_credit_scores.py
[2024-07-12T02:03:44.455+0530] {processor.py:830} INFO - Processing file //home/kali/Desktop/projects/git/bank_data_processing/dags/dag_raw_credit_scores.py for tasks to queue
[2024-07-12T02:03:44.457+0530] {logging_mixin.py:188} INFO - [2024-07-12T02:03:44.457+0530] {dagbag.py:545} INFO - Filling up the DagBag from //home/kali/Desktop/projects/git/bank_data_processing/dags/dag_raw_credit_scores.py
[2024-07-12T02:03:44.990+0530] {logging_mixin.py:188} INFO - [2024-07-12T02:03:44.990+0530] {base.py:84} INFO - Using connection ID 'mysql_default' for task execution.
[2024-07-12T02:03:44.995+0530] {processor.py:840} INFO - DAG(s) 'raw_load_credit_scores' retrieved from //home/kali/Desktop/projects/git/bank_data_processing/dags/dag_raw_credit_scores.py
[2024-07-12T02:03:45.084+0530] {logging_mixin.py:188} INFO - [2024-07-12T02:03:45.084+0530] {dag.py:3096} INFO - Sync 1 DAGs
[2024-07-12T02:03:45.092+0530] {logging_mixin.py:188} INFO - [2024-07-12T02:03:45.092+0530] {dag.py:3954} INFO - Setting next_dagrun for raw_load_credit_scores to None, run_after=None
[2024-07-12T02:03:45.111+0530] {processor.py:183} INFO - Processing //home/kali/Desktop/projects/git/bank_data_processing/dags/dag_raw_credit_scores.py took 0.665 seconds
[2024-07-12T02:04:15.347+0530] {processor.py:161} INFO - Started process (PID=53942) to work on //home/kali/Desktop/projects/git/bank_data_processing/dags/dag_raw_credit_scores.py
[2024-07-12T02:04:15.348+0530] {processor.py:830} INFO - Processing file //home/kali/Desktop/projects/git/bank_data_processing/dags/dag_raw_credit_scores.py for tasks to queue
[2024-07-12T02:04:15.350+0530] {logging_mixin.py:188} INFO - [2024-07-12T02:04:15.350+0530] {dagbag.py:545} INFO - Filling up the DagBag from //home/kali/Desktop/projects/git/bank_data_processing/dags/dag_raw_credit_scores.py
[2024-07-12T02:04:15.820+0530] {logging_mixin.py:188} INFO - [2024-07-12T02:04:15.820+0530] {base.py:84} INFO - Using connection ID 'mysql_default' for task execution.
[2024-07-12T02:04:15.825+0530] {processor.py:840} INFO - DAG(s) 'raw_load_credit_scores' retrieved from //home/kali/Desktop/projects/git/bank_data_processing/dags/dag_raw_credit_scores.py
[2024-07-12T02:04:15.926+0530] {logging_mixin.py:188} INFO - [2024-07-12T02:04:15.926+0530] {dag.py:3096} INFO - Sync 1 DAGs
[2024-07-12T02:04:15.937+0530] {logging_mixin.py:188} INFO - [2024-07-12T02:04:15.937+0530] {dag.py:3954} INFO - Setting next_dagrun for raw_load_credit_scores to None, run_after=None
[2024-07-12T02:04:15.961+0530] {processor.py:183} INFO - Processing //home/kali/Desktop/projects/git/bank_data_processing/dags/dag_raw_credit_scores.py took 0.622 seconds
[2024-07-12T02:04:46.213+0530] {processor.py:161} INFO - Started process (PID=54522) to work on //home/kali/Desktop/projects/git/bank_data_processing/dags/dag_raw_credit_scores.py
[2024-07-12T02:04:46.214+0530] {processor.py:830} INFO - Processing file //home/kali/Desktop/projects/git/bank_data_processing/dags/dag_raw_credit_scores.py for tasks to queue
[2024-07-12T02:04:46.217+0530] {logging_mixin.py:188} INFO - [2024-07-12T02:04:46.216+0530] {dagbag.py:545} INFO - Filling up the DagBag from //home/kali/Desktop/projects/git/bank_data_processing/dags/dag_raw_credit_scores.py
[2024-07-12T02:04:46.838+0530] {logging_mixin.py:188} INFO - [2024-07-12T02:04:46.837+0530] {base.py:84} INFO - Using connection ID 'mysql_default' for task execution.
[2024-07-12T02:04:46.847+0530] {processor.py:840} INFO - DAG(s) 'raw_load_credit_scores' retrieved from //home/kali/Desktop/projects/git/bank_data_processing/dags/dag_raw_credit_scores.py
[2024-07-12T02:04:47.000+0530] {logging_mixin.py:188} INFO - [2024-07-12T02:04:47.000+0530] {dag.py:3096} INFO - Sync 1 DAGs
[2024-07-12T02:04:47.015+0530] {logging_mixin.py:188} INFO - [2024-07-12T02:04:47.014+0530] {dag.py:3954} INFO - Setting next_dagrun for raw_load_credit_scores to None, run_after=None
[2024-07-12T02:04:47.047+0530] {processor.py:183} INFO - Processing //home/kali/Desktop/projects/git/bank_data_processing/dags/dag_raw_credit_scores.py took 0.846 seconds
[2024-07-12T02:05:17.164+0530] {processor.py:161} INFO - Started process (PID=55035) to work on //home/kali/Desktop/projects/git/bank_data_processing/dags/dag_raw_credit_scores.py
[2024-07-12T02:05:17.165+0530] {processor.py:830} INFO - Processing file //home/kali/Desktop/projects/git/bank_data_processing/dags/dag_raw_credit_scores.py for tasks to queue
[2024-07-12T02:05:17.168+0530] {logging_mixin.py:188} INFO - [2024-07-12T02:05:17.167+0530] {dagbag.py:545} INFO - Filling up the DagBag from //home/kali/Desktop/projects/git/bank_data_processing/dags/dag_raw_credit_scores.py
[2024-07-12T02:05:17.529+0530] {logging_mixin.py:188} INFO - [2024-07-12T02:05:17.529+0530] {base.py:84} INFO - Using connection ID 'mysql_default' for task execution.
[2024-07-12T02:05:17.533+0530] {processor.py:840} INFO - DAG(s) 'raw_load_credit_scores' retrieved from //home/kali/Desktop/projects/git/bank_data_processing/dags/dag_raw_credit_scores.py
[2024-07-12T02:05:17.617+0530] {logging_mixin.py:188} INFO - [2024-07-12T02:05:17.617+0530] {dag.py:3096} INFO - Sync 1 DAGs
[2024-07-12T02:05:17.625+0530] {logging_mixin.py:188} INFO - [2024-07-12T02:05:17.625+0530] {dag.py:3954} INFO - Setting next_dagrun for raw_load_credit_scores to None, run_after=None
[2024-07-12T02:05:17.647+0530] {processor.py:183} INFO - Processing //home/kali/Desktop/projects/git/bank_data_processing/dags/dag_raw_credit_scores.py took 0.494 seconds
[2024-07-12T02:05:47.802+0530] {processor.py:161} INFO - Started process (PID=55497) to work on //home/kali/Desktop/projects/git/bank_data_processing/dags/dag_raw_credit_scores.py
[2024-07-12T02:05:47.803+0530] {processor.py:830} INFO - Processing file //home/kali/Desktop/projects/git/bank_data_processing/dags/dag_raw_credit_scores.py for tasks to queue
[2024-07-12T02:05:47.804+0530] {logging_mixin.py:188} INFO - [2024-07-12T02:05:47.804+0530] {dagbag.py:545} INFO - Filling up the DagBag from //home/kali/Desktop/projects/git/bank_data_processing/dags/dag_raw_credit_scores.py
[2024-07-12T02:05:48.321+0530] {logging_mixin.py:188} INFO - [2024-07-12T02:05:48.320+0530] {base.py:84} INFO - Using connection ID 'mysql_default' for task execution.
[2024-07-12T02:05:48.331+0530] {processor.py:840} INFO - DAG(s) 'raw_load_credit_scores' retrieved from //home/kali/Desktop/projects/git/bank_data_processing/dags/dag_raw_credit_scores.py
[2024-07-12T02:05:48.502+0530] {logging_mixin.py:188} INFO - [2024-07-12T02:05:48.501+0530] {dag.py:3096} INFO - Sync 1 DAGs
[2024-07-12T02:05:48.529+0530] {logging_mixin.py:188} INFO - [2024-07-12T02:05:48.528+0530] {dag.py:3954} INFO - Setting next_dagrun for raw_load_credit_scores to None, run_after=None
[2024-07-12T02:05:48.817+0530] {processor.py:183} INFO - Processing //home/kali/Desktop/projects/git/bank_data_processing/dags/dag_raw_credit_scores.py took 1.023 seconds
[2024-07-12T02:06:19.152+0530] {processor.py:161} INFO - Started process (PID=56153) to work on //home/kali/Desktop/projects/git/bank_data_processing/dags/dag_raw_credit_scores.py
[2024-07-12T02:06:19.154+0530] {processor.py:830} INFO - Processing file //home/kali/Desktop/projects/git/bank_data_processing/dags/dag_raw_credit_scores.py for tasks to queue
[2024-07-12T02:06:19.158+0530] {logging_mixin.py:188} INFO - [2024-07-12T02:06:19.157+0530] {dagbag.py:545} INFO - Filling up the DagBag from //home/kali/Desktop/projects/git/bank_data_processing/dags/dag_raw_credit_scores.py
[2024-07-12T02:06:19.729+0530] {logging_mixin.py:188} INFO - [2024-07-12T02:06:19.728+0530] {base.py:84} INFO - Using connection ID 'mysql_default' for task execution.
[2024-07-12T02:06:19.736+0530] {processor.py:840} INFO - DAG(s) 'raw_load_credit_scores' retrieved from //home/kali/Desktop/projects/git/bank_data_processing/dags/dag_raw_credit_scores.py
[2024-07-12T02:06:19.862+0530] {logging_mixin.py:188} INFO - [2024-07-12T02:06:19.862+0530] {dag.py:3096} INFO - Sync 1 DAGs
[2024-07-12T02:06:19.876+0530] {logging_mixin.py:188} INFO - [2024-07-12T02:06:19.876+0530] {dag.py:3954} INFO - Setting next_dagrun for raw_load_credit_scores to None, run_after=None
[2024-07-12T02:06:19.907+0530] {processor.py:183} INFO - Processing //home/kali/Desktop/projects/git/bank_data_processing/dags/dag_raw_credit_scores.py took 0.764 seconds
[2024-07-12T02:06:50.764+0530] {processor.py:161} INFO - Started process (PID=56795) to work on //home/kali/Desktop/projects/git/bank_data_processing/dags/dag_raw_credit_scores.py
[2024-07-12T02:06:50.765+0530] {processor.py:830} INFO - Processing file //home/kali/Desktop/projects/git/bank_data_processing/dags/dag_raw_credit_scores.py for tasks to queue
[2024-07-12T02:06:50.768+0530] {logging_mixin.py:188} INFO - [2024-07-12T02:06:50.767+0530] {dagbag.py:545} INFO - Filling up the DagBag from //home/kali/Desktop/projects/git/bank_data_processing/dags/dag_raw_credit_scores.py
[2024-07-12T02:06:51.392+0530] {logging_mixin.py:188} INFO - [2024-07-12T02:06:51.391+0530] {base.py:84} INFO - Using connection ID 'mysql_default' for task execution.
[2024-07-12T02:06:51.402+0530] {processor.py:840} INFO - DAG(s) 'raw_load_credit_scores' retrieved from //home/kali/Desktop/projects/git/bank_data_processing/dags/dag_raw_credit_scores.py
[2024-07-12T02:06:51.559+0530] {logging_mixin.py:188} INFO - [2024-07-12T02:06:51.558+0530] {dag.py:3096} INFO - Sync 1 DAGs
[2024-07-12T02:06:51.582+0530] {logging_mixin.py:188} INFO - [2024-07-12T02:06:51.581+0530] {dag.py:3954} INFO - Setting next_dagrun for raw_load_credit_scores to None, run_after=None
[2024-07-12T02:06:51.625+0530] {processor.py:183} INFO - Processing //home/kali/Desktop/projects/git/bank_data_processing/dags/dag_raw_credit_scores.py took 0.870 seconds
[2024-07-12T02:07:22.479+0530] {processor.py:161} INFO - Started process (PID=57536) to work on //home/kali/Desktop/projects/git/bank_data_processing/dags/dag_raw_credit_scores.py
[2024-07-12T02:07:22.486+0530] {processor.py:830} INFO - Processing file //home/kali/Desktop/projects/git/bank_data_processing/dags/dag_raw_credit_scores.py for tasks to queue
[2024-07-12T02:07:22.488+0530] {logging_mixin.py:188} INFO - [2024-07-12T02:07:22.487+0530] {dagbag.py:545} INFO - Filling up the DagBag from //home/kali/Desktop/projects/git/bank_data_processing/dags/dag_raw_credit_scores.py
[2024-07-12T02:07:23.069+0530] {logging_mixin.py:188} INFO - [2024-07-12T02:07:23.068+0530] {base.py:84} INFO - Using connection ID 'mysql_default' for task execution.
[2024-07-12T02:07:23.083+0530] {processor.py:840} INFO - DAG(s) 'raw_load_credit_scores' retrieved from //home/kali/Desktop/projects/git/bank_data_processing/dags/dag_raw_credit_scores.py
[2024-07-12T02:07:23.411+0530] {logging_mixin.py:188} INFO - [2024-07-12T02:07:23.410+0530] {dag.py:3096} INFO - Sync 1 DAGs
[2024-07-12T02:07:23.426+0530] {logging_mixin.py:188} INFO - [2024-07-12T02:07:23.425+0530] {dag.py:3954} INFO - Setting next_dagrun for raw_load_credit_scores to None, run_after=None
[2024-07-12T02:07:23.449+0530] {processor.py:183} INFO - Processing //home/kali/Desktop/projects/git/bank_data_processing/dags/dag_raw_credit_scores.py took 0.986 seconds
[2024-07-12T02:07:53.991+0530] {processor.py:161} INFO - Started process (PID=58147) to work on //home/kali/Desktop/projects/git/bank_data_processing/dags/dag_raw_credit_scores.py
[2024-07-12T02:07:53.992+0530] {processor.py:830} INFO - Processing file //home/kali/Desktop/projects/git/bank_data_processing/dags/dag_raw_credit_scores.py for tasks to queue
[2024-07-12T02:07:53.994+0530] {logging_mixin.py:188} INFO - [2024-07-12T02:07:53.994+0530] {dagbag.py:545} INFO - Filling up the DagBag from //home/kali/Desktop/projects/git/bank_data_processing/dags/dag_raw_credit_scores.py
[2024-07-12T02:07:54.547+0530] {logging_mixin.py:188} INFO - [2024-07-12T02:07:54.546+0530] {base.py:84} INFO - Using connection ID 'mysql_default' for task execution.
[2024-07-12T02:07:54.557+0530] {processor.py:840} INFO - DAG(s) 'raw_load_credit_scores' retrieved from //home/kali/Desktop/projects/git/bank_data_processing/dags/dag_raw_credit_scores.py
[2024-07-12T02:07:54.874+0530] {logging_mixin.py:188} INFO - [2024-07-12T02:07:54.873+0530] {dag.py:3096} INFO - Sync 1 DAGs
[2024-07-12T02:07:54.891+0530] {logging_mixin.py:188} INFO - [2024-07-12T02:07:54.891+0530] {dag.py:3954} INFO - Setting next_dagrun for raw_load_credit_scores to None, run_after=None
[2024-07-12T02:07:54.925+0530] {processor.py:183} INFO - Processing //home/kali/Desktop/projects/git/bank_data_processing/dags/dag_raw_credit_scores.py took 0.945 seconds
[2024-07-12T02:08:25.246+0530] {processor.py:161} INFO - Started process (PID=58634) to work on //home/kali/Desktop/projects/git/bank_data_processing/dags/dag_raw_credit_scores.py
[2024-07-12T02:08:25.247+0530] {processor.py:830} INFO - Processing file //home/kali/Desktop/projects/git/bank_data_processing/dags/dag_raw_credit_scores.py for tasks to queue
[2024-07-12T02:08:25.250+0530] {logging_mixin.py:188} INFO - [2024-07-12T02:08:25.249+0530] {dagbag.py:545} INFO - Filling up the DagBag from //home/kali/Desktop/projects/git/bank_data_processing/dags/dag_raw_credit_scores.py
[2024-07-12T02:08:25.676+0530] {logging_mixin.py:188} INFO - [2024-07-12T02:08:25.676+0530] {base.py:84} INFO - Using connection ID 'mysql_default' for task execution.
[2024-07-12T02:08:25.681+0530] {processor.py:840} INFO - DAG(s) 'raw_load_credit_scores' retrieved from //home/kali/Desktop/projects/git/bank_data_processing/dags/dag_raw_credit_scores.py
[2024-07-12T02:08:25.768+0530] {logging_mixin.py:188} INFO - [2024-07-12T02:08:25.768+0530] {dag.py:3096} INFO - Sync 1 DAGs
[2024-07-12T02:08:25.904+0530] {logging_mixin.py:188} INFO - [2024-07-12T02:08:25.904+0530] {dag.py:3954} INFO - Setting next_dagrun for raw_load_credit_scores to None, run_after=None
[2024-07-12T02:08:25.930+0530] {processor.py:183} INFO - Processing //home/kali/Desktop/projects/git/bank_data_processing/dags/dag_raw_credit_scores.py took 0.696 seconds
[2024-07-12T02:08:56.313+0530] {processor.py:161} INFO - Started process (PID=59273) to work on //home/kali/Desktop/projects/git/bank_data_processing/dags/dag_raw_credit_scores.py
[2024-07-12T02:08:56.314+0530] {processor.py:830} INFO - Processing file //home/kali/Desktop/projects/git/bank_data_processing/dags/dag_raw_credit_scores.py for tasks to queue
[2024-07-12T02:08:56.316+0530] {logging_mixin.py:188} INFO - [2024-07-12T02:08:56.316+0530] {dagbag.py:545} INFO - Filling up the DagBag from //home/kali/Desktop/projects/git/bank_data_processing/dags/dag_raw_credit_scores.py
[2024-07-12T02:08:56.877+0530] {logging_mixin.py:188} INFO - [2024-07-12T02:08:56.876+0530] {base.py:84} INFO - Using connection ID 'mysql_default' for task execution.
[2024-07-12T02:08:56.885+0530] {processor.py:840} INFO - DAG(s) 'raw_load_credit_scores' retrieved from //home/kali/Desktop/projects/git/bank_data_processing/dags/dag_raw_credit_scores.py
[2024-07-12T02:08:57.072+0530] {logging_mixin.py:188} INFO - [2024-07-12T02:08:57.072+0530] {dag.py:3096} INFO - Sync 1 DAGs
[2024-07-12T02:08:57.093+0530] {logging_mixin.py:188} INFO - [2024-07-12T02:08:57.092+0530] {dag.py:3954} INFO - Setting next_dagrun for raw_load_credit_scores to None, run_after=None
[2024-07-12T02:08:57.293+0530] {processor.py:183} INFO - Processing //home/kali/Desktop/projects/git/bank_data_processing/dags/dag_raw_credit_scores.py took 0.990 seconds
[2024-07-12T02:09:27.444+0530] {processor.py:161} INFO - Started process (PID=59943) to work on //home/kali/Desktop/projects/git/bank_data_processing/dags/dag_raw_credit_scores.py
[2024-07-12T02:09:27.446+0530] {processor.py:830} INFO - Processing file //home/kali/Desktop/projects/git/bank_data_processing/dags/dag_raw_credit_scores.py for tasks to queue
[2024-07-12T02:09:27.447+0530] {logging_mixin.py:188} INFO - [2024-07-12T02:09:27.446+0530] {dagbag.py:545} INFO - Filling up the DagBag from //home/kali/Desktop/projects/git/bank_data_processing/dags/dag_raw_credit_scores.py
[2024-07-12T02:09:27.891+0530] {logging_mixin.py:188} INFO - [2024-07-12T02:09:27.891+0530] {base.py:84} INFO - Using connection ID 'mysql_default' for task execution.
[2024-07-12T02:09:27.896+0530] {processor.py:840} INFO - DAG(s) 'raw_load_credit_scores' retrieved from //home/kali/Desktop/projects/git/bank_data_processing/dags/dag_raw_credit_scores.py
[2024-07-12T02:09:28.140+0530] {logging_mixin.py:188} INFO - [2024-07-12T02:09:28.140+0530] {dag.py:3096} INFO - Sync 1 DAGs
[2024-07-12T02:09:28.151+0530] {logging_mixin.py:188} INFO - [2024-07-12T02:09:28.151+0530] {dag.py:3954} INFO - Setting next_dagrun for raw_load_credit_scores to None, run_after=None
[2024-07-12T02:09:28.174+0530] {processor.py:183} INFO - Processing //home/kali/Desktop/projects/git/bank_data_processing/dags/dag_raw_credit_scores.py took 0.741 seconds
[2024-07-12T02:09:58.260+0530] {processor.py:161} INFO - Started process (PID=60663) to work on //home/kali/Desktop/projects/git/bank_data_processing/dags/dag_raw_credit_scores.py
[2024-07-12T02:09:58.260+0530] {processor.py:830} INFO - Processing file //home/kali/Desktop/projects/git/bank_data_processing/dags/dag_raw_credit_scores.py for tasks to queue
[2024-07-12T02:09:58.261+0530] {logging_mixin.py:188} INFO - [2024-07-12T02:09:58.261+0530] {dagbag.py:545} INFO - Filling up the DagBag from //home/kali/Desktop/projects/git/bank_data_processing/dags/dag_raw_credit_scores.py
[2024-07-12T02:09:58.926+0530] {logging_mixin.py:188} INFO - [2024-07-12T02:09:58.925+0530] {base.py:84} INFO - Using connection ID 'mysql_default' for task execution.
[2024-07-12T02:09:58.933+0530] {processor.py:840} INFO - DAG(s) 'raw_load_credit_scores' retrieved from //home/kali/Desktop/projects/git/bank_data_processing/dags/dag_raw_credit_scores.py
[2024-07-12T02:09:59.357+0530] {logging_mixin.py:188} INFO - [2024-07-12T02:09:59.357+0530] {dag.py:3096} INFO - Sync 1 DAGs
[2024-07-12T02:09:59.369+0530] {logging_mixin.py:188} INFO - [2024-07-12T02:09:59.369+0530] {dag.py:3954} INFO - Setting next_dagrun for raw_load_credit_scores to None, run_after=None
[2024-07-12T02:09:59.400+0530] {processor.py:183} INFO - Processing //home/kali/Desktop/projects/git/bank_data_processing/dags/dag_raw_credit_scores.py took 1.147 seconds
