[2024-07-12T01:47:49.472+0530] {processor.py:161} INFO - Started process (PID=36665) to work on //home/kali/Desktop/projects/git/bank_data_processing/dags/dag_raw_online_banking.py
[2024-07-12T01:47:49.473+0530] {processor.py:830} INFO - Processing file //home/kali/Desktop/projects/git/bank_data_processing/dags/dag_raw_online_banking.py for tasks to queue
[2024-07-12T01:47:49.474+0530] {logging_mixin.py:188} INFO - [2024-07-12T01:47:49.474+0530] {dagbag.py:545} INFO - Filling up the DagBag from //home/kali/Desktop/projects/git/bank_data_processing/dags/dag_raw_online_banking.py
[2024-07-12T01:47:49.492+0530] {logging_mixin.py:188} INFO - [2024-07-12T01:47:49.491+0530] {dagbag.py:355} ERROR - Failed to import: //home/kali/Desktop/projects/git/bank_data_processing/dags/dag_raw_online_banking.py
Traceback (most recent call last):
  File "/home/kali/Desktop/projects/git/bank_data_processing/myenv/lib/python3.11/site-packages/airflow/models/dagbag.py", line 351, in parse
    loader.exec_module(new_module)
  File "<frozen importlib._bootstrap_external>", line 940, in exec_module
  File "<frozen importlib._bootstrap>", line 241, in _call_with_frames_removed
  File "//home/kali/Desktop/projects/git/bank_data_processing/dags/dag_raw_online_banking.py", line 13, in <module>
    from scripts.raw_load_online_banking import create_tables,tuncate_table,insert_table
ModuleNotFoundError: No module named 'scripts'
[2024-07-12T01:47:49.493+0530] {processor.py:842} WARNING - No viable dags retrieved from //home/kali/Desktop/projects/git/bank_data_processing/dags/dag_raw_online_banking.py
[2024-07-12T01:47:49.515+0530] {processor.py:183} INFO - Processing //home/kali/Desktop/projects/git/bank_data_processing/dags/dag_raw_online_banking.py took 0.049 seconds
[2024-07-12T01:48:19.734+0530] {processor.py:161} INFO - Started process (PID=37127) to work on //home/kali/Desktop/projects/git/bank_data_processing/dags/dag_raw_online_banking.py
[2024-07-12T01:48:19.735+0530] {processor.py:830} INFO - Processing file //home/kali/Desktop/projects/git/bank_data_processing/dags/dag_raw_online_banking.py for tasks to queue
[2024-07-12T01:48:19.737+0530] {logging_mixin.py:188} INFO - [2024-07-12T01:48:19.737+0530] {dagbag.py:545} INFO - Filling up the DagBag from //home/kali/Desktop/projects/git/bank_data_processing/dags/dag_raw_online_banking.py
[2024-07-12T01:48:19.755+0530] {logging_mixin.py:188} INFO - [2024-07-12T01:48:19.754+0530] {dagbag.py:355} ERROR - Failed to import: //home/kali/Desktop/projects/git/bank_data_processing/dags/dag_raw_online_banking.py
Traceback (most recent call last):
  File "/home/kali/Desktop/projects/git/bank_data_processing/myenv/lib/python3.11/site-packages/airflow/models/dagbag.py", line 351, in parse
    loader.exec_module(new_module)
  File "<frozen importlib._bootstrap_external>", line 940, in exec_module
  File "<frozen importlib._bootstrap>", line 241, in _call_with_frames_removed
  File "//home/kali/Desktop/projects/git/bank_data_processing/dags/dag_raw_online_banking.py", line 13, in <module>
    from scripts.raw_load_online_banking import create_tables,tuncate_table,insert_table
ModuleNotFoundError: No module named 'scripts'
[2024-07-12T01:48:19.755+0530] {processor.py:842} WARNING - No viable dags retrieved from //home/kali/Desktop/projects/git/bank_data_processing/dags/dag_raw_online_banking.py
[2024-07-12T01:48:19.777+0530] {processor.py:183} INFO - Processing //home/kali/Desktop/projects/git/bank_data_processing/dags/dag_raw_online_banking.py took 0.049 seconds
[2024-07-12T01:48:51.339+0530] {processor.py:161} INFO - Started process (PID=37518) to work on //home/kali/Desktop/projects/git/bank_data_processing/dags/dag_raw_online_banking.py
[2024-07-12T01:48:51.340+0530] {processor.py:830} INFO - Processing file //home/kali/Desktop/projects/git/bank_data_processing/dags/dag_raw_online_banking.py for tasks to queue
[2024-07-12T01:48:51.342+0530] {logging_mixin.py:188} INFO - [2024-07-12T01:48:51.342+0530] {dagbag.py:545} INFO - Filling up the DagBag from //home/kali/Desktop/projects/git/bank_data_processing/dags/dag_raw_online_banking.py
[2024-07-12T01:48:51.358+0530] {logging_mixin.py:188} INFO - [2024-07-12T01:48:51.357+0530] {dagbag.py:355} ERROR - Failed to import: //home/kali/Desktop/projects/git/bank_data_processing/dags/dag_raw_online_banking.py
Traceback (most recent call last):
  File "/home/kali/Desktop/projects/git/bank_data_processing/myenv/lib/python3.11/site-packages/airflow/models/dagbag.py", line 351, in parse
    loader.exec_module(new_module)
  File "<frozen importlib._bootstrap_external>", line 940, in exec_module
  File "<frozen importlib._bootstrap>", line 241, in _call_with_frames_removed
  File "//home/kali/Desktop/projects/git/bank_data_processing/dags/dag_raw_online_banking.py", line 13, in <module>
    from scripts.raw_load_online_banking import create_tables,tuncate_table,insert_table
ModuleNotFoundError: No module named 'scripts'
[2024-07-12T01:48:51.359+0530] {processor.py:842} WARNING - No viable dags retrieved from //home/kali/Desktop/projects/git/bank_data_processing/dags/dag_raw_online_banking.py
[2024-07-12T01:48:51.377+0530] {processor.py:183} INFO - Processing //home/kali/Desktop/projects/git/bank_data_processing/dags/dag_raw_online_banking.py took 0.044 seconds
[2024-07-12T01:48:56.169+0530] {processor.py:161} INFO - Started process (PID=37573) to work on //home/kali/Desktop/projects/git/bank_data_processing/dags/dag_raw_online_banking.py
[2024-07-12T01:48:56.170+0530] {processor.py:830} INFO - Processing file //home/kali/Desktop/projects/git/bank_data_processing/dags/dag_raw_online_banking.py for tasks to queue
[2024-07-12T01:48:56.173+0530] {logging_mixin.py:188} INFO - [2024-07-12T01:48:56.172+0530] {dagbag.py:545} INFO - Filling up the DagBag from //home/kali/Desktop/projects/git/bank_data_processing/dags/dag_raw_online_banking.py
[2024-07-12T01:48:56.199+0530] {logging_mixin.py:188} INFO - [2024-07-12T01:48:56.197+0530] {dagbag.py:355} ERROR - Failed to import: //home/kali/Desktop/projects/git/bank_data_processing/dags/dag_raw_online_banking.py
Traceback (most recent call last):
  File "/home/kali/Desktop/projects/git/bank_data_processing/myenv/lib/python3.11/site-packages/airflow/models/dagbag.py", line 351, in parse
    loader.exec_module(new_module)
  File "<frozen importlib._bootstrap_external>", line 940, in exec_module
  File "<frozen importlib._bootstrap>", line 241, in _call_with_frames_removed
  File "//home/kali/Desktop/projects/git/bank_data_processing/dags/dag_raw_online_banking.py", line 13, in <module>
    from models.raw_models.raw_load_online_banking import create_tables,tuncate_table,insert_table
ModuleNotFoundError: No module named 'models'
[2024-07-12T01:48:56.200+0530] {processor.py:842} WARNING - No viable dags retrieved from //home/kali/Desktop/projects/git/bank_data_processing/dags/dag_raw_online_banking.py
[2024-07-12T01:48:56.233+0530] {processor.py:183} INFO - Processing //home/kali/Desktop/projects/git/bank_data_processing/dags/dag_raw_online_banking.py took 0.071 seconds
[2024-07-12T01:49:26.580+0530] {processor.py:161} INFO - Started process (PID=38024) to work on //home/kali/Desktop/projects/git/bank_data_processing/dags/dag_raw_online_banking.py
[2024-07-12T01:49:26.581+0530] {processor.py:830} INFO - Processing file //home/kali/Desktop/projects/git/bank_data_processing/dags/dag_raw_online_banking.py for tasks to queue
[2024-07-12T01:49:26.583+0530] {logging_mixin.py:188} INFO - [2024-07-12T01:49:26.582+0530] {dagbag.py:545} INFO - Filling up the DagBag from //home/kali/Desktop/projects/git/bank_data_processing/dags/dag_raw_online_banking.py
[2024-07-12T01:49:26.602+0530] {logging_mixin.py:188} INFO - [2024-07-12T01:49:26.601+0530] {dagbag.py:355} ERROR - Failed to import: //home/kali/Desktop/projects/git/bank_data_processing/dags/dag_raw_online_banking.py
Traceback (most recent call last):
  File "/home/kali/Desktop/projects/git/bank_data_processing/myenv/lib/python3.11/site-packages/airflow/models/dagbag.py", line 351, in parse
    loader.exec_module(new_module)
  File "<frozen importlib._bootstrap_external>", line 940, in exec_module
  File "<frozen importlib._bootstrap>", line 241, in _call_with_frames_removed
  File "//home/kali/Desktop/projects/git/bank_data_processing/dags/dag_raw_online_banking.py", line 13, in <module>
    from models.raw_models.raw_load_online_banking import create_tables,tuncate_table,insert_table
ModuleNotFoundError: No module named 'models'
[2024-07-12T01:49:26.602+0530] {processor.py:842} WARNING - No viable dags retrieved from //home/kali/Desktop/projects/git/bank_data_processing/dags/dag_raw_online_banking.py
[2024-07-12T01:49:26.622+0530] {processor.py:183} INFO - Processing //home/kali/Desktop/projects/git/bank_data_processing/dags/dag_raw_online_banking.py took 0.049 seconds
[2024-07-12T01:49:57.545+0530] {processor.py:161} INFO - Started process (PID=38352) to work on //home/kali/Desktop/projects/git/bank_data_processing/dags/dag_raw_online_banking.py
[2024-07-12T01:49:57.546+0530] {processor.py:830} INFO - Processing file //home/kali/Desktop/projects/git/bank_data_processing/dags/dag_raw_online_banking.py for tasks to queue
[2024-07-12T01:49:57.548+0530] {logging_mixin.py:188} INFO - [2024-07-12T01:49:57.547+0530] {dagbag.py:545} INFO - Filling up the DagBag from //home/kali/Desktop/projects/git/bank_data_processing/dags/dag_raw_online_banking.py
[2024-07-12T01:49:57.565+0530] {logging_mixin.py:188} INFO - [2024-07-12T01:49:57.564+0530] {dagbag.py:355} ERROR - Failed to import: //home/kali/Desktop/projects/git/bank_data_processing/dags/dag_raw_online_banking.py
Traceback (most recent call last):
  File "/home/kali/Desktop/projects/git/bank_data_processing/myenv/lib/python3.11/site-packages/airflow/models/dagbag.py", line 351, in parse
    loader.exec_module(new_module)
  File "<frozen importlib._bootstrap_external>", line 940, in exec_module
  File "<frozen importlib._bootstrap>", line 241, in _call_with_frames_removed
  File "//home/kali/Desktop/projects/git/bank_data_processing/dags/dag_raw_online_banking.py", line 13, in <module>
    from models.raw_models.raw_load_online_banking import create_tables,tuncate_table,insert_table
ModuleNotFoundError: No module named 'models'
[2024-07-12T01:49:57.565+0530] {processor.py:842} WARNING - No viable dags retrieved from //home/kali/Desktop/projects/git/bank_data_processing/dags/dag_raw_online_banking.py
[2024-07-12T01:49:57.582+0530] {processor.py:183} INFO - Processing //home/kali/Desktop/projects/git/bank_data_processing/dags/dag_raw_online_banking.py took 0.043 seconds
[2024-07-12T01:50:28.245+0530] {processor.py:161} INFO - Started process (PID=38769) to work on //home/kali/Desktop/projects/git/bank_data_processing/dags/dag_raw_online_banking.py
[2024-07-12T01:50:28.246+0530] {processor.py:830} INFO - Processing file //home/kali/Desktop/projects/git/bank_data_processing/dags/dag_raw_online_banking.py for tasks to queue
[2024-07-12T01:50:28.248+0530] {logging_mixin.py:188} INFO - [2024-07-12T01:50:28.248+0530] {dagbag.py:545} INFO - Filling up the DagBag from //home/kali/Desktop/projects/git/bank_data_processing/dags/dag_raw_online_banking.py
[2024-07-12T01:50:28.268+0530] {logging_mixin.py:188} INFO - [2024-07-12T01:50:28.267+0530] {dagbag.py:355} ERROR - Failed to import: //home/kali/Desktop/projects/git/bank_data_processing/dags/dag_raw_online_banking.py
Traceback (most recent call last):
  File "/home/kali/Desktop/projects/git/bank_data_processing/myenv/lib/python3.11/site-packages/airflow/models/dagbag.py", line 351, in parse
    loader.exec_module(new_module)
  File "<frozen importlib._bootstrap_external>", line 940, in exec_module
  File "<frozen importlib._bootstrap>", line 241, in _call_with_frames_removed
  File "//home/kali/Desktop/projects/git/bank_data_processing/dags/dag_raw_online_banking.py", line 13, in <module>
    from models.raw_models.raw_load_online_banking import create_tables,tuncate_table,insert_table
  File "//home/kali/Desktop/projects/git/bank_data_processing/dags/models/raw_models/raw_load_online_banking.py", line 6, in <module>
    import pandas as pd
ModuleNotFoundError: No module named 'pandas'
[2024-07-12T01:50:28.268+0530] {processor.py:842} WARNING - No viable dags retrieved from //home/kali/Desktop/projects/git/bank_data_processing/dags/dag_raw_online_banking.py
[2024-07-12T01:50:28.286+0530] {processor.py:183} INFO - Processing //home/kali/Desktop/projects/git/bank_data_processing/dags/dag_raw_online_banking.py took 0.047 seconds
[2024-07-12T01:50:58.555+0530] {processor.py:161} INFO - Started process (PID=39201) to work on //home/kali/Desktop/projects/git/bank_data_processing/dags/dag_raw_online_banking.py
[2024-07-12T01:50:58.556+0530] {processor.py:830} INFO - Processing file //home/kali/Desktop/projects/git/bank_data_processing/dags/dag_raw_online_banking.py for tasks to queue
[2024-07-12T01:50:58.560+0530] {logging_mixin.py:188} INFO - [2024-07-12T01:50:58.560+0530] {dagbag.py:545} INFO - Filling up the DagBag from //home/kali/Desktop/projects/git/bank_data_processing/dags/dag_raw_online_banking.py
[2024-07-12T01:50:58.587+0530] {logging_mixin.py:188} INFO - [2024-07-12T01:50:58.586+0530] {dagbag.py:355} ERROR - Failed to import: //home/kali/Desktop/projects/git/bank_data_processing/dags/dag_raw_online_banking.py
Traceback (most recent call last):
  File "/home/kali/Desktop/projects/git/bank_data_processing/myenv/lib/python3.11/site-packages/airflow/models/dagbag.py", line 351, in parse
    loader.exec_module(new_module)
  File "<frozen importlib._bootstrap_external>", line 940, in exec_module
  File "<frozen importlib._bootstrap>", line 241, in _call_with_frames_removed
  File "//home/kali/Desktop/projects/git/bank_data_processing/dags/dag_raw_online_banking.py", line 13, in <module>
    from models.raw_models.raw_load_online_banking import create_tables,tuncate_table,insert_table
  File "//home/kali/Desktop/projects/git/bank_data_processing/dags/models/raw_models/raw_load_online_banking.py", line 6, in <module>
    import pandas as pd
ModuleNotFoundError: No module named 'pandas'
[2024-07-12T01:50:58.588+0530] {processor.py:842} WARNING - No viable dags retrieved from //home/kali/Desktop/projects/git/bank_data_processing/dags/dag_raw_online_banking.py
[2024-07-12T01:50:58.618+0530] {processor.py:183} INFO - Processing //home/kali/Desktop/projects/git/bank_data_processing/dags/dag_raw_online_banking.py took 0.074 seconds
[2024-07-12T01:51:29.614+0530] {processor.py:161} INFO - Started process (PID=39619) to work on //home/kali/Desktop/projects/git/bank_data_processing/dags/dag_raw_online_banking.py
[2024-07-12T01:51:29.615+0530] {processor.py:830} INFO - Processing file //home/kali/Desktop/projects/git/bank_data_processing/dags/dag_raw_online_banking.py for tasks to queue
[2024-07-12T01:51:29.616+0530] {logging_mixin.py:188} INFO - [2024-07-12T01:51:29.616+0530] {dagbag.py:545} INFO - Filling up the DagBag from //home/kali/Desktop/projects/git/bank_data_processing/dags/dag_raw_online_banking.py
[2024-07-12T01:51:29.634+0530] {logging_mixin.py:188} INFO - [2024-07-12T01:51:29.633+0530] {dagbag.py:355} ERROR - Failed to import: //home/kali/Desktop/projects/git/bank_data_processing/dags/dag_raw_online_banking.py
Traceback (most recent call last):
  File "/home/kali/Desktop/projects/git/bank_data_processing/myenv/lib/python3.11/site-packages/airflow/models/dagbag.py", line 351, in parse
    loader.exec_module(new_module)
  File "<frozen importlib._bootstrap_external>", line 940, in exec_module
  File "<frozen importlib._bootstrap>", line 241, in _call_with_frames_removed
  File "//home/kali/Desktop/projects/git/bank_data_processing/dags/dag_raw_online_banking.py", line 13, in <module>
    from models.raw_models.raw_load_online_banking import create_tables,tuncate_table,insert_table
  File "//home/kali/Desktop/projects/git/bank_data_processing/dags/models/raw_models/raw_load_online_banking.py", line 6, in <module>
    import pandas as pd
ModuleNotFoundError: No module named 'pandas'
[2024-07-12T01:51:29.635+0530] {processor.py:842} WARNING - No viable dags retrieved from //home/kali/Desktop/projects/git/bank_data_processing/dags/dag_raw_online_banking.py
[2024-07-12T01:51:29.652+0530] {processor.py:183} INFO - Processing //home/kali/Desktop/projects/git/bank_data_processing/dags/dag_raw_online_banking.py took 0.043 seconds
[2024-07-12T01:52:05.851+0530] {processor.py:161} INFO - Started process (PID=40402) to work on //home/kali/Desktop/projects/git/bank_data_processing/dags/dag_raw_online_banking.py
[2024-07-12T01:52:05.853+0530] {processor.py:830} INFO - Processing file //home/kali/Desktop/projects/git/bank_data_processing/dags/dag_raw_online_banking.py for tasks to queue
[2024-07-12T01:52:05.855+0530] {logging_mixin.py:188} INFO - [2024-07-12T01:52:05.854+0530] {dagbag.py:545} INFO - Filling up the DagBag from //home/kali/Desktop/projects/git/bank_data_processing/dags/dag_raw_online_banking.py
[2024-07-12T01:52:06.417+0530] {logging_mixin.py:188} INFO - [2024-07-12T01:52:06.416+0530] {base.py:84} INFO - Using connection ID 'mysql_default' for task execution.
[2024-07-12T01:52:06.423+0530] {processor.py:840} INFO - DAG(s) 'raw_load_online_banking' retrieved from //home/kali/Desktop/projects/git/bank_data_processing/dags/dag_raw_online_banking.py
[2024-07-12T01:52:06.592+0530] {logging_mixin.py:188} INFO - [2024-07-12T01:52:06.591+0530] {override.py:1847} INFO - Created Permission View: can delete on DAG:raw_load_online_banking
[2024-07-12T01:52:06.623+0530] {logging_mixin.py:188} INFO - [2024-07-12T01:52:06.623+0530] {override.py:1847} INFO - Created Permission View: can read on DAG:raw_load_online_banking
[2024-07-12T01:52:06.639+0530] {logging_mixin.py:188} INFO - [2024-07-12T01:52:06.638+0530] {override.py:1847} INFO - Created Permission View: can edit on DAG:raw_load_online_banking
[2024-07-12T01:52:06.640+0530] {logging_mixin.py:188} INFO - [2024-07-12T01:52:06.639+0530] {dag.py:3096} INFO - Sync 1 DAGs
[2024-07-12T01:52:06.663+0530] {logging_mixin.py:188} INFO - [2024-07-12T01:52:06.663+0530] {dag.py:3118} INFO - Creating ORM DAG for raw_load_online_banking
[2024-07-12T01:52:06.664+0530] {logging_mixin.py:188} INFO - [2024-07-12T01:52:06.664+0530] {dag.py:3954} INFO - Setting next_dagrun for raw_load_online_banking to None, run_after=None
[2024-07-12T01:52:06.705+0530] {processor.py:183} INFO - Processing //home/kali/Desktop/projects/git/bank_data_processing/dags/dag_raw_online_banking.py took 0.869 seconds
