[2024-07-16T05:25:31.005+0530] {local_task_job_runner.py:120} INFO - ::group::Pre task execution logs
[2024-07-16T05:25:31.165+0530] {taskinstance.py:2076} INFO - Dependencies all met for dep_context=non-requeueable deps ti=<TaskInstance: raw_load_branches.insert_table manual__2024-07-15T23:55:21.275885+00:00 [queued]>
[2024-07-16T05:25:31.216+0530] {taskinstance.py:2076} INFO - Dependencies all met for dep_context=requeueable deps ti=<TaskInstance: raw_load_branches.insert_table manual__2024-07-15T23:55:21.275885+00:00 [queued]>
[2024-07-16T05:25:31.217+0530] {taskinstance.py:2306} INFO - Starting attempt 1 of 1
[2024-07-16T05:25:31.283+0530] {taskinstance.py:2330} INFO - Executing <Task(PythonOperator): insert_table> on 2024-07-15 23:55:21.275885+00:00
[2024-07-16T05:25:31.307+0530] {standard_task_runner.py:63} INFO - Started process 17474 to run task
[2024-07-16T05:25:31.336+0530] {standard_task_runner.py:90} INFO - Running: ['airflow', 'tasks', 'run', 'raw_load_branches', 'insert_table', 'manual__2024-07-15T23:55:21.275885+00:00', '--job-id', '1412', '--raw', '--subdir', 'DAGS_FOLDER/dag_raw_branches.py', '--cfg-path', '/tmp/tmp1w66ghhu']
[2024-07-16T05:25:31.369+0530] {standard_task_runner.py:91} INFO - Job 1412: Subtask insert_table
[2024-07-16T05:25:31.663+0530] {task_command.py:426} INFO - Running <TaskInstance: raw_load_branches.insert_table manual__2024-07-15T23:55:21.275885+00:00 [running]> on host kali
[2024-07-16T05:25:31.965+0530] {taskinstance.py:2648} INFO - Exporting env vars: AIRFLOW_CTX_DAG_OWNER='airflow' AIRFLOW_CTX_DAG_ID='raw_load_branches' AIRFLOW_CTX_TASK_ID='insert_table' AIRFLOW_CTX_EXECUTION_DATE='2024-07-15T23:55:21.275885+00:00' AIRFLOW_CTX_TRY_NUMBER='1' AIRFLOW_CTX_DAG_RUN_ID='manual__2024-07-15T23:55:21.275885+00:00'
[2024-07-16T05:25:31.969+0530] {taskinstance.py:430} INFO - ::endgroup::
[2024-07-16T05:25:32.052+0530] {logging_mixin.py:188} INFO - branch_id`,`name`,`address`,`phone`,`ingetion_timestamp
[2024-07-16T05:25:32.053+0530] {logging_mixin.py:188} INFO - ('29c6111c-bf2b-4a14-9d0b-48d130905114', 'Blair, Hoffman and Wolf', '8784 Tina Lane Apt. 302\nNorth Dannytown, MN 61545', '(814)269-3929x582', Timestamp('2024-07-16 05:25:32.050017'))
[2024-07-16T05:25:32.055+0530] {logging_mixin.py:188} INFO - ('fdc3f0ab-25ed-4856-8b0b-753ba9ccc2c9', 'Trevino-Branch', '7827 Nichole Turnpike Suite 861\nJohnnyville, KS 90775', '(317)636-4289x555', Timestamp('2024-07-16 05:25:32.050017'))
[2024-07-16T05:25:32.057+0530] {logging_mixin.py:188} INFO - ('d38b92ef-6b9d-4f02-97a9-0e122245c64b', 'Travis-Proctor', 'USCGC Ortiz\nFPO AP 92753', '(271)955-8667', Timestamp('2024-07-16 05:25:32.050017'))
[2024-07-16T05:25:32.058+0530] {logging_mixin.py:188} INFO - ('2d875100-1008-4be3-8266-644ecb240359', 'Weaver-Greene', '7859 Wise Pass\nAlfredfort, KS 50847', '001-890-602-3884x76832', Timestamp('2024-07-16 05:25:32.050017'))
[2024-07-16T05:25:32.060+0530] {logging_mixin.py:188} INFO - ('b15807bc-8d9e-4c1a-880c-f2a3d60d263c', 'Wood Ltd', '7383 Karen Brooks Suite 073\nEast Rachelshire, ND 51662', '+1-572-622-7070', Timestamp('2024-07-16 05:25:32.050017'))
[2024-07-16T05:25:32.061+0530] {logging_mixin.py:188} INFO - ('d916425c-2a4f-4349-bc21-2fd3d8245c7a', 'Pope, Li and Benton', '43384 Nicholas Port\nLake Matthew, PR 84161', '594-913-7892x2062', Timestamp('2024-07-16 05:25:32.050017'))
[2024-07-16T05:25:32.064+0530] {logging_mixin.py:188} INFO - ('d50ff226-591a-4e86-af00-24756778c785', 'Lambert LLC', '4822 Henry Groves Suite 418\nJoshuaport, WV 80664', '(470)333-9797', Timestamp('2024-07-16 05:25:32.050017'))
[2024-07-16T05:25:32.065+0530] {logging_mixin.py:188} INFO - ('f9afa6fa-c8e8-4532-a8b4-cf4124c50cf3', 'Montgomery Ltd', '9253 Obrien Ford\nLake Sarah, AL 56631', '+1-363-677-1790', Timestamp('2024-07-16 05:25:32.050017'))
[2024-07-16T05:25:32.065+0530] {logging_mixin.py:188} INFO - ('0c8f17f6-0780-40e3-92de-0c557737037a', 'Baker-Anderson', '51776 Scott Harbor Apt. 097\nBryantland, MH 03201', '991-586-8070x74616', Timestamp('2024-07-16 05:25:32.050017'))
[2024-07-16T05:25:32.066+0530] {logging_mixin.py:188} INFO - ('f659cdf9-f85c-4d5e-bfdd-f167647565e0', 'Daniels LLC', '1123 David Manor Suite 473\nBerrychester, SC 65486', '001-452-903-0230x43899', Timestamp('2024-07-16 05:25:32.050017'))
[2024-07-16T05:25:32.066+0530] {logging_mixin.py:188} INFO - ('3ae0ee53-9881-4005-a704-1feb2fe70c68', 'Hunt PLC', '4254 Moore Vista Suite 935\nNew Davidhaven, IN 54989', '272.792.5470', Timestamp('2024-07-16 05:25:32.050017'))
[2024-07-16T05:25:32.067+0530] {logging_mixin.py:188} INFO - ('e805510c-8119-4732-9254-657440c08ea3', 'Vega Group', '5448 Michael Corners Apt. 921\nMichelleton, UT 00820', '583.217.2147', Timestamp('2024-07-16 05:25:32.050017'))
[2024-07-16T05:25:32.068+0530] {logging_mixin.py:188} INFO - ('fd3c5d8e-3e5f-4a7c-889c-39c90e3373e1', 'Rocha, Herrera and Koch', '94811 Renee Meadows Apt. 815\nMckinneyton, NV 81100', '001-434-680-0683x779', Timestamp('2024-07-16 05:25:32.050017'))
[2024-07-16T05:25:32.069+0530] {logging_mixin.py:188} INFO - ('8a25781d-f375-46ec-9d35-f31e78517177', 'Henderson, Shields and Sexton', '9084 Emma Centers Suite 568\nNew Todd, CA 98585', '453-852-0622x930', Timestamp('2024-07-16 05:25:32.050017'))
[2024-07-16T05:25:32.070+0530] {logging_mixin.py:188} INFO - ('750775c7-f13e-42a1-aaa4-a25f4a687632', 'Shields Inc', '970 Kelly Mall Suite 641\nMoraleschester, GU 11066', '001-984-742-0054x221', Timestamp('2024-07-16 05:25:32.050017'))
[2024-07-16T05:25:32.070+0530] {logging_mixin.py:188} INFO - ('580b5c8a-9ff3-4334-aa31-0078ca8f0da4', 'Black, Webb and Morris', '281 Newton Path Suite 302\nWest Tammyville, TN 15747', '671.408.5017', Timestamp('2024-07-16 05:25:32.050017'))
[2024-07-16T05:25:32.071+0530] {logging_mixin.py:188} INFO - ('c3a6e591-6fcf-4194-ac06-4cd7cb881d6e', 'Ferguson, Barrett and Perez', '41403 Taylor Track\nLake Justinborough, NM 50550', '(500)667-9099x787', Timestamp('2024-07-16 05:25:32.050017'))
[2024-07-16T05:25:32.072+0530] {logging_mixin.py:188} INFO - ('f27f4d66-7e7e-4fde-86df-317e36bb2605', 'Roberts, Rice and Young', '866 Garner Lights\nAnthonyville, PR 91962', '230.334.7469', Timestamp('2024-07-16 05:25:32.050017'))
[2024-07-16T05:25:32.074+0530] {logging_mixin.py:188} INFO - ('a67a9e9f-ba92-4b55-963c-849632d8e50c', 'Leon-Ford', '99951 Courtney Ville\nSouth Felicia, OK 72994', '712-418-5331x2071', Timestamp('2024-07-16 05:25:32.050017'))
[2024-07-16T05:25:32.075+0530] {logging_mixin.py:188} INFO - ('bfd02120-2d77-4c55-b19a-74c13788dd39', 'Rodriguez PLC', '8209 Nicholson Views Apt. 059\nPort Makaylaville, WY 97410', '+1-857-982-1930x05621', Timestamp('2024-07-16 05:25:32.050017'))
[2024-07-16T05:25:32.077+0530] {logging_mixin.py:188} INFO - ('f1903c9a-d8a1-4357-bbaf-d56aab8be5b4', 'Smith, Jefferson and Williams', '62288 Samuel Manors\nNorth Daniel, PW 31321', '+1-348-430-5011x7792', Timestamp('2024-07-16 05:25:32.050017'))
[2024-07-16T05:25:32.077+0530] {logging_mixin.py:188} INFO - ('ce979b75-9030-49b6-a2e1-465baf5483ec', 'Miller-Parsons', '04040 Robert Garden Suite 000\nChadport, MS 49713', '001-237-783-1567x798', Timestamp('2024-07-16 05:25:32.050017'))
[2024-07-16T05:25:32.078+0530] {logging_mixin.py:188} INFO - ('218108ac-6a4d-49fd-90e1-18bdad874226', 'Thomas-Tucker', '01863 Woods Parks Apt. 382\nNorth Mark, CT 08275', '+1-661-335-3503x44687', Timestamp('2024-07-16 05:25:32.050017'))
[2024-07-16T05:25:32.078+0530] {logging_mixin.py:188} INFO - ('67aba811-3f48-4f96-ae18-742920d8a352', 'Obrien Ltd', '822 Robinson Circles Suite 874\nYoungtown, VT 04060', '(769)200-7862x486', Timestamp('2024-07-16 05:25:32.050017'))
[2024-07-16T05:25:32.079+0530] {logging_mixin.py:188} INFO - ('99175c3c-ba12-412a-8bef-6d6ccc372ec2', 'Martinez-Morgan', '49014 Gomez Canyon\nBethstad, MS 81336', '+1-238-593-4178x591', Timestamp('2024-07-16 05:25:32.050017'))
[2024-07-16T05:25:32.079+0530] {logging_mixin.py:188} INFO - ('beef985e-cdac-4e52-9a24-0ba9696fb98d', 'Williams, Dixon and Smith', '76694 King Stravenue Apt. 993\nCarrhaven, MH 80964', '+1-791-251-6771x688', Timestamp('2024-07-16 05:25:32.050017'))
[2024-07-16T05:25:32.080+0530] {logging_mixin.py:188} INFO - ('e6164165-4e13-4429-be89-462e20d3c135', 'Griffin, Dean and Hardy', '74715 Dylan Green Suite 672\nMollyfurt, GA 26295', '826.218.1045x536', Timestamp('2024-07-16 05:25:32.050017'))
[2024-07-16T05:25:32.081+0530] {logging_mixin.py:188} INFO - ('faaec5ce-a74c-4307-8ad2-cbaf57cd97ef', 'Stevens PLC', '598 Jones Way\nHartton, AK 52755', '+1-257-456-0859x4395', Timestamp('2024-07-16 05:25:32.050017'))
[2024-07-16T05:25:32.082+0530] {logging_mixin.py:188} INFO - ('7a16d31d-1bb9-4dc6-bd32-4e8924fd4788', 'Mendez Ltd', '9304 Tammy Union\nNew Alyssachester, FM 95942', '290.344.4505x81044', Timestamp('2024-07-16 05:25:32.050017'))
[2024-07-16T05:25:32.083+0530] {logging_mixin.py:188} INFO - ('6aca17d8-d3e1-437e-888a-12aa7bf373a0', 'Burton Ltd', 'Unit 7567 Box 0759\nDPO AE 08562', '780-264-4739x42437', Timestamp('2024-07-16 05:25:32.050017'))
[2024-07-16T05:25:32.083+0530] {logging_mixin.py:188} INFO - ('bae937e7-c098-4e9b-b5b6-6b47b4bf117b', 'Shannon, Smith and Vincent', '26896 Jennifer Inlet Suite 117\nLake Jennifer, OK 64338', '+1-359-561-1283x93492', Timestamp('2024-07-16 05:25:32.050017'))
[2024-07-16T05:25:32.084+0530] {logging_mixin.py:188} INFO - ('ffda8b37-5bd5-4858-929e-598d97ec68ef', 'Washington-Elliott', '8973 Wesley Extensions\nWest Natalie, GA 67649', '576.305.9385x6017', Timestamp('2024-07-16 05:25:32.050017'))
[2024-07-16T05:25:32.085+0530] {logging_mixin.py:188} INFO - ('8a10f395-5098-49da-b1b1-c6728e07e2f3', 'Flowers Ltd', '4040 Susan Bypass Apt. 680\nWilliamsfort, DC 25455', '(962)723-5599', Timestamp('2024-07-16 05:25:32.050017'))
[2024-07-16T05:25:32.087+0530] {logging_mixin.py:188} INFO - ('c45b2d5b-dda0-47bb-a320-4376a0a74c01', 'Perkins-Wright', '24642 Park Orchard Apt. 850\nDominguezside, VT 02330', '+1-249-451-3071', Timestamp('2024-07-16 05:25:32.050017'))
[2024-07-16T05:25:32.089+0530] {logging_mixin.py:188} INFO - ('4056d83c-dff5-4dff-b9e4-8b0214ec7c3e', 'Smith LLC', '006 Sara Avenue\nLake Matthew, NJ 17144', '564-942-0193x508', Timestamp('2024-07-16 05:25:32.050017'))
[2024-07-16T05:25:32.090+0530] {logging_mixin.py:188} INFO - ('8a9334a1-b139-474a-b2a9-a46b8f8d387c', 'Stewart, Swanson and Thompson', '89739 Morales Landing Suite 795\nDanielshire, NH 07095', '001-207-986-6983x89816', Timestamp('2024-07-16 05:25:32.050017'))
[2024-07-16T05:25:32.090+0530] {logging_mixin.py:188} INFO - ('bb518c81-5f4f-4832-bbfb-be71fa30df00', 'Lee-Miller', '779 Maurice Forge Apt. 933\nNorth Jessica, NE 13781', '001-314-281-7308x447', Timestamp('2024-07-16 05:25:32.050017'))
[2024-07-16T05:25:32.092+0530] {logging_mixin.py:188} INFO - ('85bf394a-20c7-4052-b7cf-9adca637f46f', 'Williams, Owens and Gomez', '970 David Streets\nWest Edward, NV 57660', '962.329.0916x85440', Timestamp('2024-07-16 05:25:32.050017'))
[2024-07-16T05:25:32.093+0530] {logging_mixin.py:188} INFO - ('f6ad58a8-cb8d-41c3-ae5a-d94f0fb21de6', 'King-Madden', '23905 Garner Crescent\nNew Michelle, IA 97728', '(564)751-5469', Timestamp('2024-07-16 05:25:32.050017'))
[2024-07-16T05:25:32.093+0530] {logging_mixin.py:188} INFO - ('418589f1-4d7b-43ab-9a7e-3e328ec56a6c', 'Lane LLC', '59647 Smith Path\nNorth Hollyshire, OK 62378', '+1-331-553-3533x33043', Timestamp('2024-07-16 05:25:32.050017'))
[2024-07-16T05:25:32.096+0530] {logging_mixin.py:188} INFO - ('5f4a38c6-5b09-421a-bccb-d9722679b599', 'Hernandez-Morales', '549 Lopez Locks Suite 235\nEast Robert, AS 30880', '+1-586-951-0751x129', Timestamp('2024-07-16 05:25:32.050017'))
[2024-07-16T05:25:32.096+0530] {logging_mixin.py:188} INFO - ('d314c658-0b9a-484b-82bb-c7eacff98a28', 'Michael and Sons', '57832 Laura Harbor\nLake Denise, OK 29554', '793.903.5682x869', Timestamp('2024-07-16 05:25:32.050017'))
[2024-07-16T05:25:32.097+0530] {logging_mixin.py:188} INFO - ('e3677159-5b63-4290-ad86-57cbaba563c2', 'Wood LLC', '271 Tiffany Parkways\nEast Alicia, AR 33060', '+1-575-839-2591x49362', Timestamp('2024-07-16 05:25:32.050017'))
[2024-07-16T05:25:32.097+0530] {logging_mixin.py:188} INFO - ('128775b7-1506-45f2-9f5f-d7e65228efe9', 'Daniels LLC', '78564 Kristopher Crossing Apt. 356\nScottfurt, MS 77895', '7024683168', Timestamp('2024-07-16 05:25:32.050017'))
[2024-07-16T05:25:32.098+0530] {logging_mixin.py:188} INFO - ('06387f35-2c27-4fe2-9f0a-43ec4b4fd0ef', 'Gibson and Sons', '172 Christopher Circle Suite 222\nNorth Margaret, AZ 97899', '001-358-330-4263x5619', Timestamp('2024-07-16 05:25:32.050017'))
[2024-07-16T05:25:32.098+0530] {logging_mixin.py:188} INFO - ('0a0eff7e-c3cb-44fd-8941-7dc42fc1d6a4', 'Simmons, Jones and Martin', '9073 Harris Lock\nSouth Stephentown, MD 89854', '001-759-757-4543x46541', Timestamp('2024-07-16 05:25:32.050017'))
[2024-07-16T05:25:32.099+0530] {logging_mixin.py:188} INFO - ('99821d23-8688-44ac-bddb-26bf0166111e', 'Alexander, Wells and Garcia', '840 Williams Loop Suite 381\nBrandonland, DE 24593', '+1-733-957-2868x66838', Timestamp('2024-07-16 05:25:32.050017'))
[2024-07-16T05:25:32.100+0530] {logging_mixin.py:188} INFO - ('02c3b6d7-07d5-4719-b21f-03a8d385d033', 'Peck LLC', 'Unit 0242 Box 7639\nDPO AA 43432', '875-907-5888x37976', Timestamp('2024-07-16 05:25:32.050017'))
[2024-07-16T05:25:32.101+0530] {logging_mixin.py:188} INFO - ('f266da40-db76-4bbc-b8ae-99bafd21ff9a', 'Hernandez, Sanchez and Gentry', '683 Andrea Tunnel Suite 042\nStephanieland, AR 29205', '535.760.4295', Timestamp('2024-07-16 05:25:32.050017'))
[2024-07-16T05:25:32.102+0530] {logging_mixin.py:188} INFO - ('297096e3-3b3f-4a78-a560-fea55bb882f8', 'Carroll LLC', '761 Kristina Road Apt. 467\nNorth Tamaramouth, TX 03855', '8412001180', Timestamp('2024-07-16 05:25:32.050017'))
[2024-07-16T05:25:32.103+0530] {logging_mixin.py:188} INFO - ('5fbdee03-9b35-4958-ad0d-48b275f1f817', 'Holland, Atkins and Richardson', 'Unit 8197 Box 5115\nDPO AE 72671', '001-422-953-8495x16689', Timestamp('2024-07-16 05:25:32.050017'))
[2024-07-16T05:25:32.104+0530] {logging_mixin.py:188} INFO - ('ec94ad9e-e6a9-4882-be85-9f64f3292d84', 'Coleman-Thomas', 'PSC 5432, Box 1905\nAPO AA 43020', '001-462-826-3299', Timestamp('2024-07-16 05:25:32.050017'))
[2024-07-16T05:25:32.105+0530] {logging_mixin.py:188} INFO - ('a2d46bdc-a8ef-459f-a1e8-13447a34787d', 'Williams-Lee', '0503 Barron Union Suite 859\nYoungberg, IL 99707', '447-756-6760x62704', Timestamp('2024-07-16 05:25:32.050017'))
[2024-07-16T05:25:32.106+0530] {logging_mixin.py:188} INFO - ('1feb5bd4-d312-4569-afbb-eb4b704f6452', 'Austin, Castro and Haynes', 'USNV Hunter\nFPO AE 85096', '3327423482', Timestamp('2024-07-16 05:25:32.050017'))
[2024-07-16T05:25:32.107+0530] {logging_mixin.py:188} INFO - ('c292094b-7259-40a6-bbda-895d246b5090', 'Fernandez-Lowery', '651 Jonathan Square\nLake Aaron, DE 61718', '+1-520-789-5460', Timestamp('2024-07-16 05:25:32.050017'))
[2024-07-16T05:25:32.108+0530] {logging_mixin.py:188} INFO - ('1457a165-a549-4493-b3fd-ba484a05e592', 'Golden PLC', '29777 Baldwin Pines Suite 925\nNolanborough, ME 76894', '432.707.9738x5431', Timestamp('2024-07-16 05:25:32.050017'))
[2024-07-16T05:25:32.108+0530] {logging_mixin.py:188} INFO - ('1368414b-2597-4f9a-978a-d59489973d65', 'Shepherd, Moon and Sutton', '77996 Lawrence Green Apt. 098\nWest Amy, PA 51648', '831-823-3180x5542', Timestamp('2024-07-16 05:25:32.050017'))
[2024-07-16T05:25:32.109+0530] {logging_mixin.py:188} INFO - ('4e2effcb-b94c-4630-8ac7-7d6515f53838', 'Barnett, Berg and Graham', 'USNV Ibarra\nFPO AE 29560', '(374)976-7861', Timestamp('2024-07-16 05:25:32.050017'))
[2024-07-16T05:25:32.109+0530] {logging_mixin.py:188} INFO - ('70fba41d-0fb6-4c08-a6d6-51b136266f7d', 'Watts-Glover', '9966 Thompson Inlet Suite 311\nEast Benjaminport, KS 80248', '001-235-596-9141', Timestamp('2024-07-16 05:25:32.050017'))
[2024-07-16T05:25:32.110+0530] {logging_mixin.py:188} INFO - ('351fcd2a-15b3-4afc-bf10-64260690b625', 'Vincent Ltd', '362 Sierra Creek Apt. 207\nSouth Antonio, MS 52744', '(728)562-2207x159', Timestamp('2024-07-16 05:25:32.050017'))
[2024-07-16T05:25:32.110+0530] {logging_mixin.py:188} INFO - ('cb8ff262-f0f9-4814-b911-abc6152dc0f9', 'Jenkins LLC', '944 Adrian Pass Suite 164\nPort Patrickstad, NE 45883', '(237)809-5943x9210', Timestamp('2024-07-16 05:25:32.050017'))
[2024-07-16T05:25:32.111+0530] {logging_mixin.py:188} INFO - ('5cd2f02e-056a-4be8-b767-11d86962473b', 'Galvan-Norton', '9214 Matthew Course\nButlerstad, IA 22260', '(779)712-1046x01736', Timestamp('2024-07-16 05:25:32.050017'))
[2024-07-16T05:25:32.111+0530] {logging_mixin.py:188} INFO - ('4f91d2d4-e1c2-4b4f-b00e-215aa1b08b73', 'Choi-Perez', '656 Martinez Isle Suite 442\nEvanston, AS 46949', '8006775756', Timestamp('2024-07-16 05:25:32.050017'))
[2024-07-16T05:25:32.112+0530] {logging_mixin.py:188} INFO - ('e270e126-6c0b-4c49-9b99-e47aa69ad924', 'Perry PLC', '751 Wright Green Apt. 797\nDanieltown, AL 32665', '001-337-212-8316', Timestamp('2024-07-16 05:25:32.050017'))
[2024-07-16T05:25:32.112+0530] {logging_mixin.py:188} INFO - ('ef8ad8e5-dcc7-4001-b9db-0122f3e48e62', 'Herrera-Smith', '48010 Jeremy Green Apt. 209\nWest Frankland, SD 36128', '(803)661-9588x659', Timestamp('2024-07-16 05:25:32.050017'))
[2024-07-16T05:25:32.113+0530] {logging_mixin.py:188} INFO - ('94b19d11-a86f-41c5-af26-f86939ba5de3', 'Chavez Inc', '70347 Jose Rapid Apt. 614\nNew Patrick, DE 06517', '869.832.5020x9862', Timestamp('2024-07-16 05:25:32.050017'))
[2024-07-16T05:25:32.113+0530] {logging_mixin.py:188} INFO - ('a6cecd1d-da7f-4e16-94a4-b6c823c0d7d8', 'Welch and Sons', '458 Carla Spurs\nSouth Todd, NE 49968', '512-776-7182x2610', Timestamp('2024-07-16 05:25:32.050017'))
[2024-07-16T05:25:32.114+0530] {logging_mixin.py:188} INFO - ('234c680b-fda4-4e0c-80e9-5d28c050802b', 'Munoz-Watkins', '893 Miller Coves Suite 104\nHufffort, LA 85945', '9878852910', Timestamp('2024-07-16 05:25:32.050017'))
[2024-07-16T05:25:32.114+0530] {logging_mixin.py:188} INFO - ('ec066809-ab21-4dcb-88fe-d1593c821a64', 'Nash-Silva', '60380 Hall Burgs Suite 843\nNorth Sarahville, KS 17221', '(958)403-7541x475', Timestamp('2024-07-16 05:25:32.050017'))
[2024-07-16T05:25:32.115+0530] {logging_mixin.py:188} INFO - ('312d2527-8f72-4171-bd70-7e27964796c4', 'James, Adams and Roth', '32924 James Courts Apt. 008\nPort Davidville, NH 83448', '(757)481-4471', Timestamp('2024-07-16 05:25:32.050017'))
[2024-07-16T05:25:32.115+0530] {logging_mixin.py:188} INFO - ('58091d16-fc32-4d93-901f-8b7a97c46db7', 'Fisher, Wilkerson and Roberts', '5332 Carol Crossing\nEast Ashleychester, GU 75979', '697.484.3811x04984', Timestamp('2024-07-16 05:25:32.050017'))
[2024-07-16T05:25:32.116+0530] {logging_mixin.py:188} INFO - ('56c47971-df1d-401b-a895-8ec7ce4d0969', 'Brennan and Sons', 'USCGC Hawkins\nFPO AE 05675', '467-310-0083x06216', Timestamp('2024-07-16 05:25:32.050017'))
[2024-07-16T05:25:32.117+0530] {logging_mixin.py:188} INFO - ('53b7f543-3fd9-4f8a-abc2-6987b6c1c821', 'Ortiz, Hanson and Durham', '8757 Jessica Fords Apt. 475\nSouth Bettyland, KY 45241', '989.844.1994', Timestamp('2024-07-16 05:25:32.050017'))
[2024-07-16T05:25:32.117+0530] {logging_mixin.py:188} INFO - ('c7b18b2e-e2f1-4f6f-8bfc-16867e8db3cc', 'Morris-Logan', '1247 Nunez Cove Apt. 156\nNew Sherriside, SD 54811', '(683)213-4606', Timestamp('2024-07-16 05:25:32.050017'))
[2024-07-16T05:25:32.118+0530] {logging_mixin.py:188} INFO - ('ebc067d0-796d-4273-8fec-5a7226e5cdf2', 'Rowland-George', '93332 Jessica Mills\nPort Jenniferhaven, MT 12552', '001-470-949-4236x907', Timestamp('2024-07-16 05:25:32.050017'))
[2024-07-16T05:25:32.118+0530] {logging_mixin.py:188} INFO - ('bbdc657c-b23e-4c17-ae41-b693c8819a28', 'Macdonald, Walters and Berg', '9331 Ramos Summit Suite 360\nLake Geraldburgh, MD 31825', '+1-542-709-0978x917', Timestamp('2024-07-16 05:25:32.050017'))
[2024-07-16T05:25:32.119+0530] {logging_mixin.py:188} INFO - ('bd4f3f49-172b-46fb-bb24-99202eecf31e', 'Baker-Reed', 'USNS Lewis\nFPO AA 02660', '403.304.4465x46169', Timestamp('2024-07-16 05:25:32.050017'))
[2024-07-16T05:25:32.119+0530] {logging_mixin.py:188} INFO - ('9265c872-217e-485d-bc9b-9d16f33ce54e', 'Garza, Carlson and Wright', '36357 Cook Dam Apt. 149\nNicoletown, MP 42363', '(372)719-7877', Timestamp('2024-07-16 05:25:32.050017'))
[2024-07-16T05:25:32.122+0530] {logging_mixin.py:188} INFO - ('fbbd8056-95d0-4dfa-b5ea-bbf0f6810e5f', 'Hawkins-Hall', '3039 Michelle Lane\nNew Caroline, MN 84170', '618.938.6455x03367', Timestamp('2024-07-16 05:25:32.050017'))
[2024-07-16T05:25:32.123+0530] {logging_mixin.py:188} INFO - ('391e4bba-1eaf-4477-89a8-112e3493ce0b', 'Cain, Fuller and Wilson', '334 Nathaniel Walks\nNew Calvinshire, ID 47505', '251.691.3711x8767', Timestamp('2024-07-16 05:25:32.050017'))
[2024-07-16T05:25:32.123+0530] {logging_mixin.py:188} INFO - ('73f9d3c0-ef64-4ec3-b7ae-a8a9412cfac2', 'Calderon PLC', '654 Lin Ramp Apt. 839\nAbigailchester, WA 94816', '(348)518-7492', Timestamp('2024-07-16 05:25:32.050017'))
[2024-07-16T05:25:32.124+0530] {logging_mixin.py:188} INFO - ('71167466-323c-4d19-8fd1-d9832f0a9f55', 'Hodges, Baird and Foley', '61378 Jasmin Passage Apt. 918\nLake Shawnport, AR 36315', '+1-750-235-3057x66435', Timestamp('2024-07-16 05:25:32.050017'))
[2024-07-16T05:25:32.124+0530] {logging_mixin.py:188} INFO - ('1c3dfa06-1876-4db0-9d3b-48064736e60b', 'Clark-Brown', '69441 Garcia Extensions Suite 844\nEast Raymondville, FL 34729', '337.334.0608x08514', Timestamp('2024-07-16 05:25:32.050017'))
[2024-07-16T05:25:32.125+0530] {logging_mixin.py:188} INFO - ('bb5c1809-9a7c-4a94-b2a9-e4c8487b96b2', 'Harper, Bradshaw and Rivas', '50413 Elizabeth Isle Apt. 764\nNew Jasonfort, KY 30756', '(816)576-8591x11603', Timestamp('2024-07-16 05:25:32.050017'))
[2024-07-16T05:25:32.126+0530] {logging_mixin.py:188} INFO - ('993fcb66-876b-4366-8d2b-101368a666f0', 'Ramos PLC', '5434 Jamie Summit Suite 318\nNew Patricia, MI 32899', '+1-796-860-8059x32569', Timestamp('2024-07-16 05:25:32.050017'))
[2024-07-16T05:25:32.126+0530] {logging_mixin.py:188} INFO - ('03353cc6-da9f-4d3f-9125-0bfc910a8aa9', 'Warner, Martin and Savage', '248 Smith View Apt. 231\nBakerfurt, MT 26463', '856.617.8775x66387', Timestamp('2024-07-16 05:25:32.050017'))
[2024-07-16T05:25:32.127+0530] {logging_mixin.py:188} INFO - ('7c9603a3-0b21-4ce4-9667-c9d9f460fec9', 'Palmer, Robles and Wilson', '16223 Moore Avenue\nRubenbury, CT 64009', '001-895-561-9791x5805', Timestamp('2024-07-16 05:25:32.050017'))
[2024-07-16T05:25:32.127+0530] {logging_mixin.py:188} INFO - ('68496e7a-2782-4689-81c6-c2395d43391a', 'Hernandez-Smith', '76322 Jeremy Ridge Suite 799\nWest Dylan, UT 63400', '+1-203-258-6131x05206', Timestamp('2024-07-16 05:25:32.050017'))
[2024-07-16T05:25:32.128+0530] {logging_mixin.py:188} INFO - ('02b5ad56-a6e9-41f4-a01e-3e6ff6cd955a', 'Rojas, Calhoun and Floyd', '7330 Cassandra Village Suite 091\nSchwartzborough, CT 85018', '(421)444-0463x712', Timestamp('2024-07-16 05:25:32.050017'))
[2024-07-16T05:25:32.128+0530] {logging_mixin.py:188} INFO - ('98fa3186-3579-4138-9dbd-b194399a57f9', 'Duncan, Griffith and Stephenson', '429 Ramos Lock Apt. 702\nNew Erica, CT 15850', '001-400-385-2267x563', Timestamp('2024-07-16 05:25:32.050017'))
[2024-07-16T05:25:32.129+0530] {logging_mixin.py:188} INFO - ('24966eb4-8ce6-4b61-83ad-43ed394ba4a8', 'Wilson-Hernandez', '5967 William Island\nKellyshire, PR 92648', '001-878-217-5670x56244', Timestamp('2024-07-16 05:25:32.050017'))
[2024-07-16T05:25:32.130+0530] {logging_mixin.py:188} INFO - ('79e8a1db-83c1-4314-9d16-e36821a345a8', 'Welch, Ford and Singleton', 'PSC 0650, Box 5867\nAPO AA 74173', '(320)417-8640x00805', Timestamp('2024-07-16 05:25:32.050017'))
[2024-07-16T05:25:32.130+0530] {logging_mixin.py:188} INFO - ('9271961b-31f4-4fb0-8dc9-a72e097eb8be', 'Rodriguez Group', '155 Schroeder Crescent Suite 502\nOwenschester, WI 69444', '001-679-310-1076x781', Timestamp('2024-07-16 05:25:32.050017'))
[2024-07-16T05:25:32.131+0530] {logging_mixin.py:188} INFO - ('71abcdcd-98d7-4e0b-a925-3a03d08fc33c', 'Parsons, Ibarra and Duran', '70633 Hanna Pike Suite 847\nSouth James, KS 09277', '732-307-6029', Timestamp('2024-07-16 05:25:32.050017'))
[2024-07-16T05:25:32.131+0530] {logging_mixin.py:188} INFO - ('bcb055fd-3436-441e-af37-04112da074bd', 'Howard, Gordon and Day', '07664 Destiny Squares Apt. 887\nSantiagoport, VA 41082', '001-908-404-5750x93238', Timestamp('2024-07-16 05:25:32.050017'))
[2024-07-16T05:25:32.132+0530] {logging_mixin.py:188} INFO - ('6f6edb74-f323-43cc-b370-f09c889c4461', 'Choi, Martin and Phillips', '47612 Rodriguez Squares Apt. 586\nJefferyview, WI 58011', '679.469.8609x806', Timestamp('2024-07-16 05:25:32.050017'))
[2024-07-16T05:25:32.132+0530] {logging_mixin.py:188} INFO - ('6e7ff43c-0419-4d3e-bfc9-849f13c5d9c7', 'Hill Group', '96136 Spencer Lock Apt. 003\nWest Elizabeth, NV 68757', '+1-839-751-1338x685', Timestamp('2024-07-16 05:25:32.050017'))
[2024-07-16T05:25:32.135+0530] {logging_mixin.py:188} INFO - ('cc18006a-544f-4b93-ad0a-c2cd15860982', 'Gray-Lopez', '2736 Patrick Bypass\nRomanfort, MT 86920', '515-740-1068x8418', Timestamp('2024-07-16 05:25:32.050017'))
[2024-07-16T05:25:32.135+0530] {logging_mixin.py:188} INFO - ('7f7a19c5-ccd8-4947-a8b3-08966c044812', 'Foster LLC', '480 Zimmerman Circle Apt. 096\nPort Caitlyn, HI 40832', '+1-379-288-0562', Timestamp('2024-07-16 05:25:32.050017'))
[2024-07-16T05:25:32.136+0530] {logging_mixin.py:188} INFO - ('410819d2-cf9e-4646-bf20-9cd599298f98', 'Hall-Cooke', '5386 Brooke Squares Suite 008\nDavidfurt, FL 14997', '(251)605-8934x95505', Timestamp('2024-07-16 05:25:32.050017'))
[2024-07-16T05:25:32.136+0530] {logging_mixin.py:188} INFO - Loaded /home/kali/Desktop/projects/git/bank_data_processing/data_prepare/branches_today.csv into branches table
[2024-07-16T05:25:32.137+0530] {logging_mixin.py:188} INFO - Moved /home/kali/Desktop/projects/git/bank_data_processing/data_prepare/branches_today.csv to archive folder
[2024-07-16T05:25:32.137+0530] {logging_mixin.py:188} INFO - All CSV files have been loaded into MySQL tables.
[2024-07-16T05:25:32.137+0530] {python.py:237} INFO - Done. Returned value was: None
[2024-07-16T05:25:32.138+0530] {taskinstance.py:441} INFO - ::group::Post task execution logs
[2024-07-16T05:25:32.144+0530] {taskinstance.py:1206} INFO - Marking task as SUCCESS. dag_id=raw_load_branches, task_id=insert_table, run_id=manual__2024-07-15T23:55:21.275885+00:00, execution_date=20240715T235521, start_date=20240715T235531, end_date=20240715T235532
[2024-07-16T05:25:32.181+0530] {local_task_job_runner.py:240} INFO - Task exited with return code 0
[2024-07-16T05:25:32.199+0530] {taskinstance.py:3503} INFO - 0 downstream tasks scheduled from follow-on schedule check
[2024-07-16T05:25:32.199+0530] {local_task_job_runner.py:222} INFO - ::endgroup::
