[2024-07-13T18:25:13.129+0530] {local_task_job_runner.py:120} INFO - ::group::Pre task execution logs
[2024-07-13T18:25:13.162+0530] {taskinstance.py:2076} INFO - Dependencies all met for dep_context=non-requeueable deps ti=<TaskInstance: raw_load_atms.insert_table manual__2024-07-13T12:53:13.218502+00:00 [queued]>
[2024-07-13T18:25:13.175+0530] {taskinstance.py:2076} INFO - Dependencies all met for dep_context=requeueable deps ti=<TaskInstance: raw_load_atms.insert_table manual__2024-07-13T12:53:13.218502+00:00 [queued]>
[2024-07-13T18:25:13.175+0530] {taskinstance.py:2306} INFO - Starting attempt 2 of 2
[2024-07-13T18:25:13.193+0530] {taskinstance.py:2330} INFO - Executing <Task(PythonOperator): insert_table> on 2024-07-13 12:53:13.218502+00:00
[2024-07-13T18:25:13.203+0530] {standard_task_runner.py:63} INFO - Started process 13888 to run task
[2024-07-13T18:25:13.208+0530] {standard_task_runner.py:90} INFO - Running: ['airflow', 'tasks', 'run', 'raw_load_atms', 'insert_table', 'manual__2024-07-13T12:53:13.218502+00:00', '--job-id', '1266', '--raw', '--subdir', 'DAGS_FOLDER/dag_raw_atms.py', '--cfg-path', '/tmp/tmpmrv1qiwo']
[2024-07-13T18:25:13.209+0530] {standard_task_runner.py:91} INFO - Job 1266: Subtask insert_table
[2024-07-13T18:25:13.259+0530] {task_command.py:426} INFO - Running <TaskInstance: raw_load_atms.insert_table manual__2024-07-13T12:53:13.218502+00:00 [running]> on host kali
[2024-07-13T18:25:13.345+0530] {taskinstance.py:2648} INFO - Exporting env vars: AIRFLOW_CTX_DAG_OWNER='airflow' AIRFLOW_CTX_DAG_ID='raw_load_atms' AIRFLOW_CTX_TASK_ID='insert_table' AIRFLOW_CTX_EXECUTION_DATE='2024-07-13T12:53:13.218502+00:00' AIRFLOW_CTX_TRY_NUMBER='2' AIRFLOW_CTX_DAG_RUN_ID='manual__2024-07-13T12:53:13.218502+00:00'
[2024-07-13T18:25:13.349+0530] {taskinstance.py:430} INFO - ::endgroup::
[2024-07-13T18:25:13.359+0530] {logging_mixin.py:188} INFO - atm_id`,`branch_id`,`location`,`status`,`installation_date`,`ingetion_timestamp
[2024-07-13T18:25:13.360+0530] {logging_mixin.py:188} INFO - ('70d8a24b-e26b-43c4-afd9-fa1185b9039d', 'dab54483-7041-4d76-ac95-934241f3d49f', '65982 Patrick Walks Suite 305\nBrandonville, UT 76225', 'out of service', '2024-07-09', Timestamp('2024-07-13 18:25:13.357818'))
[2024-07-13T18:25:13.361+0530] {logging_mixin.py:188} INFO - ('ecd333d1-1275-4d07-bed4-0d01831cc49a', '3bc98799-8c5e-4d58-b365-9c4349588f9a', '5942 Shannon Pike Suite 574\nOrtizborough, WV 61939', 'out of service', '2024-07-09', Timestamp('2024-07-13 18:25:13.357818'))
[2024-07-13T18:25:13.362+0530] {logging_mixin.py:188} INFO - ('72930b74-648c-4b1a-a0ef-08daeed4c6c3', '9ebdc262-e6f9-483c-84c2-aad056841bdb', 'USCGC Thompson\nFPO AA 54884', 'active', '2024-07-09', Timestamp('2024-07-13 18:25:13.357818'))
[2024-07-13T18:25:13.363+0530] {logging_mixin.py:188} INFO - ('28fe546a-a180-4a6f-a7e7-e81fb2b4ff2e', '3af87a68-79d6-4968-99ef-4262410d6a53', '315 Beasley Forest\nCantuchester, MS 85592', 'maintenance', '2024-07-09', Timestamp('2024-07-13 18:25:13.357818'))
[2024-07-13T18:25:13.366+0530] {logging_mixin.py:188} INFO - ('10b90b5d-7c16-4925-a162-54141169d457', '912c01e9-7ea6-4a8d-ab01-512f22140727', '635 Lawrence Hills Suite 187\nPaulaland, NY 78208', 'active', '2024-07-09', Timestamp('2024-07-13 18:25:13.357818'))
[2024-07-13T18:25:13.367+0530] {logging_mixin.py:188} INFO - ('a8b64471-e0a4-4527-ac39-213e4634a823', '2c57c68e-40fb-48ae-90dd-710e1e7917ed', '3351 Madden Islands\nHillmouth, NE 28903', 'maintenance', '2024-07-09', Timestamp('2024-07-13 18:25:13.357818'))
[2024-07-13T18:25:13.368+0530] {logging_mixin.py:188} INFO - ('e5e2e04f-b3f8-4fa8-8989-99813d627a25', '4c323c9d-1185-4943-ba98-c2d9f3e264eb', '0188 Delgado Canyon\nRodgershaven, NM 76788', 'out of service', '2024-07-09', Timestamp('2024-07-13 18:25:13.357818'))
[2024-07-13T18:25:13.370+0530] {logging_mixin.py:188} INFO - ('36f3b6e7-1b89-49d3-99bb-e8ec56191587', 'ca53c679-a2b3-49fd-b997-02286e611beb', '0533 James Street\nWest Shelley, AZ 05103', 'out of service', '2024-07-09', Timestamp('2024-07-13 18:25:13.357818'))
[2024-07-13T18:25:13.370+0530] {logging_mixin.py:188} INFO - ('cae95c0b-cd90-4dcc-b1cb-a44edaf04e8c', 'c3caeb58-3b55-481b-bb2d-9acb8a785dbe', '8472 Kathleen Route Suite 095\nMichelletown, ND 88187', 'out of service', '2024-07-09', Timestamp('2024-07-13 18:25:13.357818'))
[2024-07-13T18:25:13.371+0530] {logging_mixin.py:188} INFO - ('b0f85f5a-8b20-4fe2-b343-bf464c0db1b9', 'e424dbea-c7a3-4986-a20b-729cc44bf6da', '351 Mcguire Burgs\nLake Christinachester, NE 17780', 'active', '2024-07-09', Timestamp('2024-07-13 18:25:13.357818'))
[2024-07-13T18:25:13.372+0530] {logging_mixin.py:188} INFO - ('097043a0-cbae-44ec-81b0-8febd8f15d51', 'ca53c679-a2b3-49fd-b997-02286e611beb', '0414 Holt Flat Suite 950\nLopezchester, AK 51273', 'active', '2024-07-09', Timestamp('2024-07-13 18:25:13.357818'))
[2024-07-13T18:25:13.372+0530] {logging_mixin.py:188} INFO - ('76426bc7-80e4-45d5-a478-295628344348', 'e424dbea-c7a3-4986-a20b-729cc44bf6da', '3933 Bates Summit Apt. 939\nNorth Barbaratown, CA 68786', 'maintenance', '2024-07-09', Timestamp('2024-07-13 18:25:13.357818'))
[2024-07-13T18:25:13.373+0530] {logging_mixin.py:188} INFO - ('d4d29ae7-a917-41ce-90c6-29bd0022f148', '808822a0-b84c-48fc-acff-7c8b151961d9', '57697 Wade Summit Apt. 225\nWest Meganbury, DE 15791', 'out of service', '2024-07-09', Timestamp('2024-07-13 18:25:13.357818'))
[2024-07-13T18:25:13.374+0530] {logging_mixin.py:188} INFO - ('05c9c370-8a59-4708-942b-af78c965412b', '9ebdc262-e6f9-483c-84c2-aad056841bdb', '6802 Webster Circle\nPort Baileyfort, LA 17214', 'out of service', '2024-07-09', Timestamp('2024-07-13 18:25:13.357818'))
[2024-07-13T18:25:13.374+0530] {logging_mixin.py:188} INFO - ('30e38872-5b9c-46ac-a1f3-2a536241ccb2', '6bd99cd9-181c-4009-9d1d-fc960ebe3446', '34938 Nelson Passage\nNew Monica, OR 28110', 'active', '2024-07-09', Timestamp('2024-07-13 18:25:13.357818'))
[2024-07-13T18:25:13.375+0530] {logging_mixin.py:188} INFO - ('5bd800e4-e5e7-41f8-8e39-ce104efbc608', '381769b6-baa8-426a-9845-2e8a04209f13', '882 Nguyen Plain\nAshleyland, WV 07838', 'out of service', '2024-07-09', Timestamp('2024-07-13 18:25:13.357818'))
[2024-07-13T18:25:13.375+0530] {logging_mixin.py:188} INFO - ('45e963c9-fe5f-4c80-bfaf-1a9ba6cddd5e', '7bd6ba19-fcd4-4b58-99ec-75c54faa9edd', '9150 Scott Brook\nWaynetown, WY 04254', 'maintenance', '2024-07-09', Timestamp('2024-07-13 18:25:13.357818'))
[2024-07-13T18:25:13.376+0530] {logging_mixin.py:188} INFO - ('8722ac77-ec3e-4eee-a5cb-45279d1f9aca', 'f79cddb7-36ee-4172-befa-e2f505eca710', '0275 Christopher Dam Suite 465\nEast Brendaport, MS 75741', 'out of service', '2024-07-09', Timestamp('2024-07-13 18:25:13.357818'))
[2024-07-13T18:25:13.376+0530] {logging_mixin.py:188} INFO - ('e1c97f67-2366-462d-ae9e-6d609d7b329a', 'ba8b8247-eb2c-4b37-b321-520ddeeb6fb2', '6691 Shaw Wall Apt. 334\nMorrisberg, NH 56640', 'active', '2024-07-09', Timestamp('2024-07-13 18:25:13.357818'))
[2024-07-13T18:25:13.377+0530] {logging_mixin.py:188} INFO - ('8bac5f71-1d48-40c0-a193-52c1fe86476e', 'b2a0f88f-c198-42ab-a974-d59d158977c5', '10427 Neal Groves\nNorth Christopher, NC 05323', 'maintenance', '2024-07-09', Timestamp('2024-07-13 18:25:13.357818'))
[2024-07-13T18:25:13.378+0530] {logging_mixin.py:188} INFO - ('374ac55f-aa99-4d86-8c56-63afbe069316', '8e615448-b80d-41e6-b513-c806af3cf2e7', '216 Conley Cove\nSelenamouth, HI 57777', 'maintenance', '2024-07-09', Timestamp('2024-07-13 18:25:13.357818'))
[2024-07-13T18:25:13.378+0530] {logging_mixin.py:188} INFO - ('ad9cd7db-0834-47c8-bcb5-488863be9739', 'ca53c679-a2b3-49fd-b997-02286e611beb', '9929 Serrano Trail Apt. 501\nPatrickbury, WV 10244', 'out of service', '2024-07-09', Timestamp('2024-07-13 18:25:13.357818'))
[2024-07-13T18:25:13.378+0530] {logging_mixin.py:188} INFO - ('ebb9b657-5992-455d-9759-f5e3c8a62c19', '8124d67f-c683-4821-abad-a9cb96bf82ec', '03930 Cynthia Prairie Apt. 002\nEmilyberg, TN 09202', 'out of service', '2024-07-09', Timestamp('2024-07-13 18:25:13.357818'))
[2024-07-13T18:25:13.379+0530] {logging_mixin.py:188} INFO - ('65a9d230-26f9-4fa6-bf02-ea27055aad05', 'dab54483-7041-4d76-ac95-934241f3d49f', '729 Henry Plains Suite 413\nNicoleport, KS 55140', 'active', '2024-07-09', Timestamp('2024-07-13 18:25:13.357818'))
[2024-07-13T18:25:13.380+0530] {logging_mixin.py:188} INFO - ('28b25773-3005-4182-b7dd-3dc9b14484e7', '0cde40e7-98df-44a5-835d-ee72f4bf1428', '91404 Hall Flat Suite 236\nPetersonside, VI 74571', 'active', '2024-07-09', Timestamp('2024-07-13 18:25:13.357818'))
[2024-07-13T18:25:13.382+0530] {logging_mixin.py:188} INFO - ('59ed1fd0-3a8a-4934-90b4-231068507fb0', 'd0aead11-c305-4cf6-ad5b-7df7671ff342', '922 Quinn Falls\nPort Audreytown, DC 05701', 'out of service', '2024-07-09', Timestamp('2024-07-13 18:25:13.357818'))
[2024-07-13T18:25:13.383+0530] {logging_mixin.py:188} INFO - ('cc5996cc-ad03-4a08-bf7f-9bf5859c08ec', '5f25edbc-c361-400f-aa86-112014b66b65', '3794 John Ways Suite 990\nNorth Sean, AZ 36005', 'active', '2024-07-09', Timestamp('2024-07-13 18:25:13.357818'))
[2024-07-13T18:25:13.384+0530] {logging_mixin.py:188} INFO - ('3cfb9c9c-b192-4f9b-a19a-d5f5adfe337f', '76e578df-9903-4320-9763-061f09c0bdba', '788 Simpson Alley Suite 193\nMatthewville, PW 78418', 'out of service', '2024-07-09', Timestamp('2024-07-13 18:25:13.357818'))
[2024-07-13T18:25:13.385+0530] {logging_mixin.py:188} INFO - ('e956a06d-0444-4210-8326-aa1b84c59fec', 'f79cddb7-36ee-4172-befa-e2f505eca710', '1750 Elizabeth Throughway Apt. 076\nPort Maxwell, CO 84775', 'maintenance', '2024-07-09', Timestamp('2024-07-13 18:25:13.357818'))
[2024-07-13T18:25:13.386+0530] {logging_mixin.py:188} INFO - ('882fd00e-cf77-4dac-aeaa-f2edea60e4ca', '081a39bb-980b-494b-9d55-d11ad9d4ced8', '941 Fisher Crescent\nHansenstad, MN 14175', 'out of service', '2024-07-09', Timestamp('2024-07-13 18:25:13.357818'))
[2024-07-13T18:25:13.387+0530] {logging_mixin.py:188} INFO - ('c2d30c8a-e64f-40af-813f-8de32693405f', '8124d67f-c683-4821-abad-a9cb96bf82ec', '862 Tara Loop Suite 295\nMelissaton, MI 07617', 'out of service', '2024-07-09', Timestamp('2024-07-13 18:25:13.357818'))
[2024-07-13T18:25:13.387+0530] {logging_mixin.py:188} INFO - ('f8c6f84f-6bec-434d-9d7d-23815f77b5af', '381769b6-baa8-426a-9845-2e8a04209f13', '49020 Jason Throughway Apt. 830\nSouth Larry, DE 95930', 'active', '2024-07-09', Timestamp('2024-07-13 18:25:13.357818'))
[2024-07-13T18:25:13.388+0530] {logging_mixin.py:188} INFO - ('c3556826-0e3d-4062-82a5-b20e16ea3faf', 'e5c825d2-7221-4ed6-9929-30c0e7763ac8', '235 Michele Brooks\nWest Marymouth, MI 65658', 'out of service', '2024-07-09', Timestamp('2024-07-13 18:25:13.357818'))
[2024-07-13T18:25:13.389+0530] {logging_mixin.py:188} INFO - ('54d69fca-8df8-4c9e-ac66-b90bf71f7771', 'a82326c8-1765-41cb-a05f-044ac74d5836', '93461 Mccoy Path\nBrianton, DE 75206', 'out of service', '2024-07-09', Timestamp('2024-07-13 18:25:13.357818'))
[2024-07-13T18:25:13.389+0530] {logging_mixin.py:188} INFO - ('2d5c31d1-8772-45a7-a838-919f4ce8b19f', '5a964618-f5ac-458a-82f0-cd78accd17fd', '15241 Jenkins Plaza Suite 892\nMichaelborough, WY 01169', 'maintenance', '2024-07-09', Timestamp('2024-07-13 18:25:13.357818'))
[2024-07-13T18:25:13.390+0530] {logging_mixin.py:188} INFO - ('7a777884-05bc-4c75-abcf-244f95b0d767', '6bd99cd9-181c-4009-9d1d-fc960ebe3446', '35346 Angela Vista Apt. 655\nMontgomeryborough, PW 51444', 'out of service', '2024-07-09', Timestamp('2024-07-13 18:25:13.357818'))
[2024-07-13T18:25:13.390+0530] {logging_mixin.py:188} INFO - ('6f6aa16f-f82b-4720-a0a8-678ae20a7f2e', '4e0b330b-ad4e-42a9-9f38-55b5fb2e2b51', '903 Campbell Harbor\nJillmouth, OK 95819', 'maintenance', '2024-07-09', Timestamp('2024-07-13 18:25:13.357818'))
[2024-07-13T18:25:13.391+0530] {logging_mixin.py:188} INFO - ('f68f8e52-f185-41f1-ac5b-3f3199c907c9', '24748b17-fcea-4ac6-9feb-0b240dd60044', '9650 Martin Mission Suite 449\nDaisystad, WA 51403', 'active', '2024-07-09', Timestamp('2024-07-13 18:25:13.357818'))
[2024-07-13T18:25:13.391+0530] {logging_mixin.py:188} INFO - ('df15fbcb-8a8d-46d1-844a-04352503c742', '4ae1550e-1549-4434-ae6c-42adb2e07648', '8489 Courtney Stravenue Suite 668\nPort Mariatown, GA 54223', 'out of service', '2024-07-09', Timestamp('2024-07-13 18:25:13.357818'))
[2024-07-13T18:25:13.392+0530] {logging_mixin.py:188} INFO - ('7ef97938-b494-42d4-b429-fb2f0322758a', '4df06955-064a-4b80-8a56-3cfc0f8ee03a', '12583 Pacheco Inlet\nWest John, NE 27039', 'maintenance', '2024-07-09', Timestamp('2024-07-13 18:25:13.357818'))
[2024-07-13T18:25:13.392+0530] {logging_mixin.py:188} INFO - ('3ff11957-71c4-43f0-9608-9187d2ac791d', '8b814633-a85f-4dd5-b16c-7af1be2f7022', '8742 April Valley\nBryanview, NC 70034', 'out of service', '2024-07-09', Timestamp('2024-07-13 18:25:13.357818'))
[2024-07-13T18:25:13.393+0530] {logging_mixin.py:188} INFO - ('c19195b1-adcc-4d44-a5b9-5f2bc47907e5', '4632ad44-a3aa-4f82-8959-f731f1cff161', '539 Matthew Path Apt. 113\nPort Johnborough, SD 33061', 'maintenance', '2024-07-09', Timestamp('2024-07-13 18:25:13.357818'))
[2024-07-13T18:25:13.393+0530] {logging_mixin.py:188} INFO - ('259f0396-8af9-48b9-a1e9-95fa041e6f83', '02bc77b6-1e0c-4310-877d-4b251c06bd6c', '4938 Annette Course Suite 852\nNew Robert, MS 29212', 'out of service', '2024-07-09', Timestamp('2024-07-13 18:25:13.357818'))
[2024-07-13T18:25:13.394+0530] {logging_mixin.py:188} INFO - ('1165a517-dfe2-46c1-9bfb-d8c56dd02a71', 'e5c825d2-7221-4ed6-9929-30c0e7763ac8', '0410 April Terrace\nSouth Mistybury, CA 55052', 'out of service', '2024-07-09', Timestamp('2024-07-13 18:25:13.357818'))
[2024-07-13T18:25:13.394+0530] {logging_mixin.py:188} INFO - ('8621b2f7-eb9b-4691-81cc-1f506b77ef82', 'fcbf0764-1049-47eb-ab1f-db0719617221', '1121 Sherman Ford\nMatthewmouth, OK 38634', 'active', '2024-07-09', Timestamp('2024-07-13 18:25:13.357818'))
[2024-07-13T18:25:13.395+0530] {logging_mixin.py:188} INFO - ('055109f5-8b0e-44f1-884d-4526ed0ae1e2', 'c0398821-c1ba-4bd1-a39a-ef3cfa6c27bb', 'Unit 1413 Box 6114\nDPO AA 82685', 'active', '2024-07-09', Timestamp('2024-07-13 18:25:13.357818'))
[2024-07-13T18:25:13.395+0530] {logging_mixin.py:188} INFO - ('4ed14454-e455-4373-8af0-61db16a15dd9', '92e39db0-70f5-465e-bed4-35b545b43395', '06913 Coleman Drives Apt. 722\nNunezfort, NM 91843', 'maintenance', '2024-07-09', Timestamp('2024-07-13 18:25:13.357818'))
[2024-07-13T18:25:13.396+0530] {logging_mixin.py:188} INFO - ('e4b24654-0da4-46a3-a1bc-c87fc7392781', '8d716d62-98c8-4c26-b9fe-3671587cfbfa', '976 Lisa Camp Suite 859\nWest Patriciachester, PW 27810', 'maintenance', '2024-07-09', Timestamp('2024-07-13 18:25:13.357818'))
[2024-07-13T18:25:13.397+0530] {logging_mixin.py:188} INFO - ('be3719c7-6b4c-4d7a-b2b5-cd3e45510adb', 'fad2a75b-1eac-49af-84f7-528fd38ae58b', '362 Erica Hollow\nNew Leonardbury, MN 27530', 'out of service', '2024-07-09', Timestamp('2024-07-13 18:25:13.357818'))
[2024-07-13T18:25:13.399+0530] {logging_mixin.py:188} INFO - ('405851dc-6ecf-4be4-a3fc-eb2f737139d3', 'ae985756-aea7-46ca-8420-e7b76068d4ec', '400 Johnson Crossroad Suite 188\nEast Angelaville, IA 13437', 'maintenance', '2024-07-09', Timestamp('2024-07-13 18:25:13.357818'))
[2024-07-13T18:25:13.400+0530] {logging_mixin.py:188} INFO - ('e7c04e51-958b-43b9-8dd5-715862ca7717', 'e8e3159a-f487-4fdf-9da9-1c4de64c419e', '14324 Richardson Trail Suite 288\nNorth Adamhaven, CA 11325', 'out of service', '2024-07-09', Timestamp('2024-07-13 18:25:13.357818'))
[2024-07-13T18:25:13.401+0530] {logging_mixin.py:188} INFO - ('30bdbb2b-cdf7-4543-ae41-e16b9ff37e38', '0549e3fc-7c49-4afd-abfa-7aafe7a10018', '30006 Robinson Curve Apt. 403\nCollinschester, TX 47842', 'active', '2024-07-09', Timestamp('2024-07-13 18:25:13.357818'))
[2024-07-13T18:25:13.402+0530] {logging_mixin.py:188} INFO - ('beb47df2-129f-4d75-946e-102629f11e9e', '6bd99cd9-181c-4009-9d1d-fc960ebe3446', '77943 Brian Ville\nSouth Barrybury, WA 13200', 'out of service', '2024-07-09', Timestamp('2024-07-13 18:25:13.357818'))
[2024-07-13T18:25:13.402+0530] {logging_mixin.py:188} INFO - ('12f4f85f-ae2d-48d2-a856-134afe4f8949', '501edf4b-346f-4d98-b253-def1381e9aaf', '03043 Franklin Shores Suite 433\nPort Sarahbury, VI 27488', 'out of service', '2024-07-09', Timestamp('2024-07-13 18:25:13.357818'))
[2024-07-13T18:25:13.403+0530] {logging_mixin.py:188} INFO - ('7644dda4-024b-4f44-8e2a-47364ca026fe', '96baf2e6-953f-4cd4-85a1-fe187248553f', '68219 Rodriguez Pines Apt. 966\nFlemingstad, KY 19884', 'maintenance', '2024-07-09', Timestamp('2024-07-13 18:25:13.357818'))
[2024-07-13T18:25:13.404+0530] {logging_mixin.py:188} INFO - ('80f8407d-b92c-4bfe-beb1-3009c9778fcc', '6dbc843f-d8ad-4c42-80d1-1a84621173a4', '202 Flores Port\nDavidbury, VT 33501', 'out of service', '2024-07-09', Timestamp('2024-07-13 18:25:13.357818'))
[2024-07-13T18:25:13.404+0530] {logging_mixin.py:188} INFO - ('c4aeeecc-b61d-4ac3-9b60-cc4e375436c0', '7bed5ed9-c69b-4e7d-bae9-6cff87c7e181', 'PSC 9592, Box 1982\nAPO AE 85144', 'maintenance', '2024-07-09', Timestamp('2024-07-13 18:25:13.357818'))
[2024-07-13T18:25:13.405+0530] {logging_mixin.py:188} INFO - ('674a8b40-d02a-4bda-940f-a16e8d380f9f', '24748b17-fcea-4ac6-9feb-0b240dd60044', 'Unit 0476 Box 0109\nDPO AA 93733', 'out of service', '2024-07-09', Timestamp('2024-07-13 18:25:13.357818'))
[2024-07-13T18:25:13.405+0530] {logging_mixin.py:188} INFO - ('6bf8d93a-72d8-4792-8c09-32266c70c8ce', '9b703bf4-2f71-4cfb-aebe-4d377d74e762', '348 Megan Islands\nPort Jameston, RI 64052', 'out of service', '2024-07-09', Timestamp('2024-07-13 18:25:13.357818'))
[2024-07-13T18:25:13.406+0530] {logging_mixin.py:188} INFO - ('b923938c-6fac-48df-a4df-9a3a5d7b3613', 'eb952667-6330-417b-9263-98441e425873', 'PSC 9666, Box 4363\nAPO AP 74688', 'maintenance', '2024-07-09', Timestamp('2024-07-13 18:25:13.357818'))
[2024-07-13T18:25:13.406+0530] {logging_mixin.py:188} INFO - ('ba33c1e5-73da-468c-83d9-a9a8355d21b8', '8e615448-b80d-41e6-b513-c806af3cf2e7', '040 Cox Plaza Apt. 338\nLake Melindaton, LA 05177', 'maintenance', '2024-07-09', Timestamp('2024-07-13 18:25:13.357818'))
[2024-07-13T18:25:13.407+0530] {logging_mixin.py:188} INFO - ('63ecd10b-f5cc-4c37-90fc-14efe4039f84', 'cb7400f0-1ac6-45cd-a531-7890fa5f385d', '947 Allen Crossroad Suite 237\nNguyenshire, ND 61256', 'active', '2024-07-09', Timestamp('2024-07-13 18:25:13.357818'))
[2024-07-13T18:25:13.407+0530] {logging_mixin.py:188} INFO - ('c1bd9a45-e422-4782-83a9-9b0326031925', '39711f22-c2b3-490c-b212-36207eb210d6', '1932 King Hill\nNorth Shellyton, MT 50464', 'active', '2024-07-09', Timestamp('2024-07-13 18:25:13.357818'))
[2024-07-13T18:25:13.408+0530] {logging_mixin.py:188} INFO - ('9805b02f-cb54-4215-a936-62c6cdd20aca', '197815fe-1688-4864-b300-d5926e31fb43', '2230 Weber Turnpike Apt. 414\nNew Spencer, MO 68067', 'maintenance', '2024-07-09', Timestamp('2024-07-13 18:25:13.357818'))
[2024-07-13T18:25:13.408+0530] {logging_mixin.py:188} INFO - ('1b50c13f-4c67-4cec-876e-36991683f0d9', 'd65f081a-192f-4e17-ad29-8a7e163bd40e', '3084 Robert Square Suite 841\nEast Sarahfurt, OK 83068', 'active', '2024-07-09', Timestamp('2024-07-13 18:25:13.357818'))
[2024-07-13T18:25:13.409+0530] {logging_mixin.py:188} INFO - ('ef0af891-b237-4ab1-a6ce-8ddc95defc3d', '0e04fa9f-3730-4ebc-9321-c8487a9331eb', '456 Kevin Junctions Apt. 365\nRebeccaton, PW 53676', 'out of service', '2024-07-09', Timestamp('2024-07-13 18:25:13.357818'))
[2024-07-13T18:25:13.409+0530] {logging_mixin.py:188} INFO - ('5996cb83-6e26-456c-9d00-43648127d6db', '4c323c9d-1185-4943-ba98-c2d9f3e264eb', '9472 Johnson Ferry Apt. 817\nLambertmouth, AK 42316', 'maintenance', '2024-07-09', Timestamp('2024-07-13 18:25:13.357818'))
[2024-07-13T18:25:13.410+0530] {logging_mixin.py:188} INFO - ('39cb1118-5694-4555-8c6b-7b976c158619', 'c475a607-7b08-40c2-8d91-eb2c614b7222', 'USNS Odonnell\nFPO AE 61185', 'maintenance', '2024-07-09', Timestamp('2024-07-13 18:25:13.357818'))
[2024-07-13T18:25:13.410+0530] {logging_mixin.py:188} INFO - ('c2b1f06b-2f21-4697-a76a-4686621048b4', '8b814633-a85f-4dd5-b16c-7af1be2f7022', '6669 Russell Burg Apt. 999\nHunterville, MP 28520', 'active', '2024-07-09', Timestamp('2024-07-13 18:25:13.357818'))
[2024-07-13T18:25:13.411+0530] {logging_mixin.py:188} INFO - ('b0269d83-c39f-44e5-a395-8341db03c168', 'f021f99c-985d-4b54-8ba0-8c80bf768f70', 'Unit 1162 Box 4021\nDPO AA 17074', 'maintenance', '2024-07-09', Timestamp('2024-07-13 18:25:13.357818'))
[2024-07-13T18:25:13.411+0530] {logging_mixin.py:188} INFO - ('35169dbe-0f56-4846-8c16-e21dbd58f3e2', '06c68314-2b07-4094-b51b-fc27829458b9', 'USNS Lee\nFPO AE 26425', 'maintenance', '2024-07-09', Timestamp('2024-07-13 18:25:13.357818'))
[2024-07-13T18:25:13.412+0530] {logging_mixin.py:188} INFO - ('c8cc07cb-0740-4aec-b771-ce885f60973d', 'ae985756-aea7-46ca-8420-e7b76068d4ec', '506 Fletcher Road\nNew Lindsay, AZ 80031', 'maintenance', '2024-07-09', Timestamp('2024-07-13 18:25:13.357818'))
[2024-07-13T18:25:13.413+0530] {logging_mixin.py:188} INFO - ('94fb1e72-1503-42da-b202-3a315c2f0b91', '912c01e9-7ea6-4a8d-ab01-512f22140727', '0628 Michael Trail\nJosephfurt, OR 80757', 'maintenance', '2024-07-09', Timestamp('2024-07-13 18:25:13.357818'))
[2024-07-13T18:25:13.414+0530] {logging_mixin.py:188} INFO - ('e51dca2d-eb02-45f2-a4c8-cced140235a0', '31bd2c43-bdc0-41e1-987d-8909b6d7da0b', '17784 Robin Squares\nJasminport, KY 08631', 'maintenance', '2024-07-09', Timestamp('2024-07-13 18:25:13.357818'))
[2024-07-13T18:25:13.416+0530] {logging_mixin.py:188} INFO - ('d0f6f7d9-2264-4a04-995b-09a9aa18592f', '081a39bb-980b-494b-9d55-d11ad9d4ced8', '85310 Foster Common Apt. 390\nKevinville, MA 40918', 'maintenance', '2024-07-09', Timestamp('2024-07-13 18:25:13.357818'))
[2024-07-13T18:25:13.417+0530] {logging_mixin.py:188} INFO - ('59967970-7622-4517-8463-27aded36729a', 'e424dbea-c7a3-4986-a20b-729cc44bf6da', '07360 Herrera Shoals\nMarkmouth, WY 70765', 'out of service', '2024-07-09', Timestamp('2024-07-13 18:25:13.357818'))
[2024-07-13T18:25:13.419+0530] {logging_mixin.py:188} INFO - ('bbe3c7a9-a0d7-4753-99e4-a4ff263417f2', '912c01e9-7ea6-4a8d-ab01-512f22140727', '87817 Boyle Streets\nRyanborough, OR 28193', 'active', '2024-07-09', Timestamp('2024-07-13 18:25:13.357818'))
[2024-07-13T18:25:13.420+0530] {logging_mixin.py:188} INFO - ('9f7010a5-1896-4ce0-a9dd-f497d63b3ef2', '6e483c61-c259-46c3-91d9-fd4536691ad8', '5697 Sanchez Spring\nPort Robert, AZ 92394', 'active', '2024-07-09', Timestamp('2024-07-13 18:25:13.357818'))
[2024-07-13T18:25:13.421+0530] {logging_mixin.py:188} INFO - ('f871e319-d34c-4b2a-b55b-5f4ab62692bd', 'ae985756-aea7-46ca-8420-e7b76068d4ec', '66934 Thomas Ridge\nNew Karen, TN 43941', 'maintenance', '2024-07-09', Timestamp('2024-07-13 18:25:13.357818'))
[2024-07-13T18:25:13.421+0530] {logging_mixin.py:188} INFO - ('70bd5c7c-4f91-4ea2-94de-c70d02b59395', '4ae1550e-1549-4434-ae6c-42adb2e07648', '61350 Allen Forest\nReyeshaven, DE 44518', 'out of service', '2024-07-09', Timestamp('2024-07-13 18:25:13.357818'))
[2024-07-13T18:25:13.422+0530] {logging_mixin.py:188} INFO - ('979c7c49-5ec4-4acd-8934-91a8f51ae927', '9c14c663-4f29-440e-88b3-4a3c08948a45', '501 Clark Throughway Apt. 728\nPort Zachary, PA 08799', 'maintenance', '2024-07-09', Timestamp('2024-07-13 18:25:13.357818'))
[2024-07-13T18:25:13.422+0530] {logging_mixin.py:188} INFO - ('cb30a160-5167-43f5-b114-c71e093dc7c5', '912c01e9-7ea6-4a8d-ab01-512f22140727', '60485 Elizabeth Radial\nPort Melissaberg, ID 15074', 'active', '2024-07-09', Timestamp('2024-07-13 18:25:13.357818'))
[2024-07-13T18:25:13.423+0530] {logging_mixin.py:188} INFO - ('cd571caf-e0c5-4490-a1e0-c82dc8c873e6', '912c01e9-7ea6-4a8d-ab01-512f22140727', '6002 Dominic Ferry Apt. 839\nLake Tammymouth, GA 24562', 'maintenance', '2024-07-09', Timestamp('2024-07-13 18:25:13.357818'))
[2024-07-13T18:25:13.423+0530] {logging_mixin.py:188} INFO - ('7615d8e8-d685-42aa-80ed-19507dfab1c6', '197815fe-1688-4864-b300-d5926e31fb43', '566 Faulkner Prairie Suite 091\nNew Jenniferview, ME 81483', 'out of service', '2024-07-09', Timestamp('2024-07-13 18:25:13.357818'))
[2024-07-13T18:25:13.424+0530] {logging_mixin.py:188} INFO - ('6388c702-0bd6-418b-af6f-6d656f63b41f', '9a76e6c5-5147-40e6-aa71-26fbe2ee2c78', '954 Chelsea Lodge\nLake Nathan, TX 38684', 'maintenance', '2024-07-09', Timestamp('2024-07-13 18:25:13.357818'))
[2024-07-13T18:25:13.424+0530] {logging_mixin.py:188} INFO - ('5271c76f-932a-42fd-93d9-c09889af4555', '5a964618-f5ac-458a-82f0-cd78accd17fd', '4266 Justin Street Suite 614\nNicoleport, MD 72153', 'maintenance', '2024-07-09', Timestamp('2024-07-13 18:25:13.357818'))
[2024-07-13T18:25:13.430+0530] {logging_mixin.py:188} INFO - ('08a7bc53-46b7-4713-bad5-8daf62525a35', 'a68ced35-dd01-487e-b2bf-4de03446684e', '44437 Davis Trail Suite 232\nMcknightshire, OK 94389', 'out of service', '2024-07-09', Timestamp('2024-07-13 18:25:13.357818'))
[2024-07-13T18:25:13.433+0530] {logging_mixin.py:188} INFO - ('3839267e-55bb-4c96-92db-f66fba11db95', '12eac149-5da8-4b60-9151-330dd6c81959', 'USS Patterson\nFPO AE 91880', 'maintenance', '2024-07-09', Timestamp('2024-07-13 18:25:13.357818'))
[2024-07-13T18:25:13.436+0530] {logging_mixin.py:188} INFO - ('bc4d1e7e-def2-471d-b133-a44524da6958', '9fa7d42d-bc6e-4f96-9d2a-21f2e536e1c0', 'Unit 9268 Box 1065\nDPO AA 04800', 'maintenance', '2024-07-09', Timestamp('2024-07-13 18:25:13.357818'))
[2024-07-13T18:25:13.437+0530] {logging_mixin.py:188} INFO - ('0c44f2fd-e879-46a3-ada9-6ff54c0a23ce', 'a4faeda3-7786-4192-96ec-1e6529ee5a7b', '65090 Mendoza Harbors Apt. 344\nMarvinhaven, TN 36900', 'active', '2024-07-09', Timestamp('2024-07-13 18:25:13.357818'))
[2024-07-13T18:25:13.438+0530] {logging_mixin.py:188} INFO - ('23ae3b5e-098e-42c8-b75b-26786b6d55e7', '9ebdc262-e6f9-483c-84c2-aad056841bdb', '78631 Victor Square\nWest Christopher, GU 80349', 'active', '2024-07-09', Timestamp('2024-07-13 18:25:13.357818'))
[2024-07-13T18:25:13.439+0530] {logging_mixin.py:188} INFO - ('82062ec9-15b1-43d0-a2e3-40c0bb59c9a8', '7cca71dd-a8eb-4133-b5ce-84f7ab2ac61e', 'PSC 6235, Box 8075\nAPO AA 20088', 'out of service', '2024-07-09', Timestamp('2024-07-13 18:25:13.357818'))
[2024-07-13T18:25:13.440+0530] {logging_mixin.py:188} INFO - ('2b864c4a-7248-4add-a176-feb2ed848dc6', '6e483c61-c259-46c3-91d9-fd4536691ad8', '714 Eric Trail\nFlynnfurt, ND 41890', 'out of service', '2024-07-09', Timestamp('2024-07-13 18:25:13.357818'))
[2024-07-13T18:25:13.441+0530] {logging_mixin.py:188} INFO - ('0c6200cd-1bb1-4dd0-b2ab-ce9a28bf38ae', '0e04fa9f-3730-4ebc-9321-c8487a9331eb', '9171 Joshua Falls Suite 093\nEast Martin, AR 88253', 'maintenance', '2024-07-09', Timestamp('2024-07-13 18:25:13.357818'))
[2024-07-13T18:25:13.442+0530] {logging_mixin.py:188} INFO - ('eadbb472-7f53-4fa8-aec9-f00237ead5dd', '8e0735f7-b8ee-4805-a231-75d925fa06c9', '7958 White Meadow\nShawnmouth, MT 52423', 'maintenance', '2024-07-09', Timestamp('2024-07-13 18:25:13.357818'))
[2024-07-13T18:25:13.442+0530] {logging_mixin.py:188} INFO - ('3bc07794-af55-4406-9076-f8cdccbdd433', '9a43d826-79a5-4e0f-9585-542787ee0506', '151 Joseph Unions Suite 788\nNew Michaelview, NC 42878', 'active', '2024-07-09', Timestamp('2024-07-13 18:25:13.357818'))
[2024-07-13T18:25:13.443+0530] {logging_mixin.py:188} INFO - ('f7295112-2e77-4849-995c-86da8f21d956', 'f79cddb7-36ee-4172-befa-e2f505eca710', 'Unit 9889 Box 7016\nDPO AE 53673', 'active', '2024-07-09', Timestamp('2024-07-13 18:25:13.357818'))
[2024-07-13T18:25:13.444+0530] {logging_mixin.py:188} INFO - ('f2a90754-be27-44a8-8d57-47287ca34163', '2c57c68e-40fb-48ae-90dd-710e1e7917ed', '7145 Tiffany Circle Apt. 265\nEast Victoria, MN 50048', 'maintenance', '2024-07-09', Timestamp('2024-07-13 18:25:13.357818'))
[2024-07-13T18:25:13.444+0530] {logging_mixin.py:188} INFO - ('d399f371-9566-491e-b6d9-72f3a2fe8642', '311410f4-e488-47d4-acfe-7c079c60c043', '495 Stephanie Mill Suite 566\nEast Richardport, PR 22833', 'active', '2024-07-09', Timestamp('2024-07-13 18:25:13.357818'))
[2024-07-13T18:25:13.445+0530] {logging_mixin.py:188} INFO - ('525555c9-700c-4978-a04a-dcd9a56a6fe9', 'eb952667-6330-417b-9263-98441e425873', '9752 Hall Manor Suite 301\nMariahstad, ID 12380', 'maintenance', '2024-07-09', Timestamp('2024-07-13 18:25:13.357818'))
[2024-07-13T18:25:13.446+0530] {logging_mixin.py:188} INFO - ('591944ea-260a-4b53-bb93-1927c2f77f6a', '9c14c663-4f29-440e-88b3-4a3c08948a45', '73783 Gonzales Trail\nSmithberg, KY 74145', 'maintenance', '2024-07-09', Timestamp('2024-07-13 18:25:13.357818'))
[2024-07-13T18:25:13.448+0530] {logging_mixin.py:188} INFO - ('a950705a-7b92-463d-8dbb-9c1faef80200', '9fa7d42d-bc6e-4f96-9d2a-21f2e536e1c0', '1547 Merritt Estates\nLake Jamesland, MP 61885', 'active', '2024-07-09', Timestamp('2024-07-13 18:25:13.357818'))
[2024-07-13T18:25:13.449+0530] {logging_mixin.py:188} INFO - ('b23c5635-3363-4605-8412-07a4c76ad9fe', 'e8e3159a-f487-4fdf-9da9-1c4de64c419e', '92528 Butler Stravenue\nWatersfurt, MH 56911', 'maintenance', '2024-07-09', Timestamp('2024-07-13 18:25:13.357818'))
[2024-07-13T18:25:13.451+0530] {logging_mixin.py:188} INFO - ('4a5e6ad0-6b51-4f4e-a94b-254a7531e533', '3af87a68-79d6-4968-99ef-4262410d6a53', '413 Smith Mews\nNorth Joshuachester, NV 62222', 'out of service', '2024-07-09', Timestamp('2024-07-13 18:25:13.357818'))
[2024-07-13T18:25:13.452+0530] {logging_mixin.py:188} INFO - ('5f54445a-1fd9-48d6-bebc-4e3859eb4e8c', 'c0398821-c1ba-4bd1-a39a-ef3cfa6c27bb', '5998 Tamara Cape Suite 319\nPort Zacharyton, ND 01342', 'out of service', '2024-07-09', Timestamp('2024-07-13 18:25:13.357818'))
[2024-07-13T18:25:13.452+0530] {logging_mixin.py:188} INFO - ('ca652c17-727e-480a-92bd-469a2311a0ea', 'f5672011-5eb8-489a-bd7c-1b71ce427ff5', '926 Dillon Drive\nErinbury, AL 08917', 'maintenance', '2024-07-09', Timestamp('2024-07-13 18:25:13.357818'))
[2024-07-13T18:25:13.453+0530] {logging_mixin.py:188} INFO - ('6015259a-3f2d-42aa-8ef0-7012595e8383', '62f083a6-c2f3-4555-9879-f8196c4551c2', '4552 Johnson Glens\nKeithland, SC 86324', 'active', '2024-07-09', Timestamp('2024-07-13 18:25:13.357818'))
[2024-07-13T18:25:13.453+0530] {logging_mixin.py:188} INFO - ('4fcddd79-18c0-4580-8e93-3be8e033f24c', '9c6c7814-b855-477a-9cb5-5e7d287edbf1', '37478 Spencer Island Apt. 130\nPort Veronica, TN 26572', 'active', '2024-07-09', Timestamp('2024-07-13 18:25:13.357818'))
[2024-07-13T18:25:13.454+0530] {logging_mixin.py:188} INFO - ('2f9fc679-5ea7-4fcf-bb99-24c82e07f379', '912c01e9-7ea6-4a8d-ab01-512f22140727', '22841 Chloe Glens Apt. 335\nEast Michael, DC 10072', 'out of service', '2024-07-09', Timestamp('2024-07-13 18:25:13.357818'))
[2024-07-13T18:25:13.455+0530] {logging_mixin.py:188} INFO - ('097d9aee-3ce2-4980-a935-414f8c129e1f', '259e585c-76d8-4eb9-a29c-6f39c0437f7b', '46263 Nicole Falls\nEast Angela, ID 48958', 'out of service', '2024-07-09', Timestamp('2024-07-13 18:25:13.357818'))
[2024-07-13T18:25:13.455+0530] {logging_mixin.py:188} INFO - ('22d32315-0258-4011-bb3a-19945476a25d', '0e04fa9f-3730-4ebc-9321-c8487a9331eb', '285 Melody Plains\nNorth Patriciaborough, ND 39546', 'active', '2024-07-09', Timestamp('2024-07-13 18:25:13.357818'))
[2024-07-13T18:25:13.456+0530] {logging_mixin.py:188} INFO - ('11a01517-f07f-4997-ab59-1a6a0c382f49', '6dbc843f-d8ad-4c42-80d1-1a84621173a4', '0228 Simmons Well\nDerekland, ID 80281', 'out of service', '2024-07-09', Timestamp('2024-07-13 18:25:13.357818'))
[2024-07-13T18:25:13.456+0530] {logging_mixin.py:188} INFO - ('338acc21-116d-4072-b6f2-b3fc9866494f', '76e578df-9903-4320-9763-061f09c0bdba', '21665 Desiree Coves\nAnthonymouth, OR 41237', 'maintenance', '2024-07-09', Timestamp('2024-07-13 18:25:13.357818'))
[2024-07-13T18:25:13.457+0530] {logging_mixin.py:188} INFO - ('55ccde33-5a11-4ada-9e4d-89ac6b85c3a8', 'ae180754-ddad-4113-a334-8b0f4a658756', '5773 Huff Point Suite 077\nMelissafort, ID 18152', 'out of service', '2024-07-09', Timestamp('2024-07-13 18:25:13.357818'))
[2024-07-13T18:25:13.458+0530] {logging_mixin.py:188} INFO - ('d1b67947-cb0b-4f56-8b5c-47dd4debce8b', 'ae180754-ddad-4113-a334-8b0f4a658756', '374 Williams Pass\nStephenton, IN 88834', 'out of service', '2024-07-09', Timestamp('2024-07-13 18:25:13.357818'))
[2024-07-13T18:25:13.458+0530] {logging_mixin.py:188} INFO - ('cfd288f2-5c6d-4fef-8595-2110d95109a3', 'df215613-b87f-466a-89e5-31178b8681d0', '470 Mosley Terrace\nDianeland, VI 49408', 'out of service', '2024-07-09', Timestamp('2024-07-13 18:25:13.357818'))
[2024-07-13T18:25:13.459+0530] {logging_mixin.py:188} INFO - ('4c5665c9-d01e-4ac1-aad3-46ba7c8a6c73', '8e615448-b80d-41e6-b513-c806af3cf2e7', '181 Shelby Plaza\nSouth Jennifer, CO 54997', 'out of service', '2024-07-09', Timestamp('2024-07-13 18:25:13.357818'))
[2024-07-13T18:25:13.460+0530] {logging_mixin.py:188} INFO - ('4648e202-9316-48ad-9850-096521ed142b', 'e424dbea-c7a3-4986-a20b-729cc44bf6da', 'Unit 8493 Box 1722\nDPO AP 90824', 'maintenance', '2024-07-09', Timestamp('2024-07-13 18:25:13.357818'))
[2024-07-13T18:25:13.460+0530] {logging_mixin.py:188} INFO - ('b22d498b-d53b-45c8-81bc-c4a36c788b8e', 'f79cddb7-36ee-4172-befa-e2f505eca710', 'PSC 4365, Box 0669\nAPO AP 36066', 'out of service', '2024-07-09', Timestamp('2024-07-13 18:25:13.357818'))
[2024-07-13T18:25:13.461+0530] {logging_mixin.py:188} INFO - ('c04b5957-39d0-44ef-8f47-7db9dade29bc', '6dbc843f-d8ad-4c42-80d1-1a84621173a4', '6904 Robert Light\nSouth Timothyfurt, AK 60090', 'active', '2024-07-09', Timestamp('2024-07-13 18:25:13.357818'))
[2024-07-13T18:25:13.461+0530] {logging_mixin.py:188} INFO - ('505f0ab3-3acc-45c7-b0ab-b6a35254c2c3', 'e424dbea-c7a3-4986-a20b-729cc44bf6da', 'PSC 7551, Box 8507\nAPO AP 80960', 'active', '2024-07-09', Timestamp('2024-07-13 18:25:13.357818'))
[2024-07-13T18:25:13.462+0530] {logging_mixin.py:188} INFO - ('b0adef27-224a-46ad-b1a0-2ab20264d1e5', '3af87a68-79d6-4968-99ef-4262410d6a53', '597 Colin Crest\nWest Michelle, SD 74201', 'active', '2024-07-09', Timestamp('2024-07-13 18:25:13.357818'))
[2024-07-13T18:25:13.463+0530] {logging_mixin.py:188} INFO - ('94c666b1-c9fc-4f1f-b49c-b207361b6010', 'b2a0f88f-c198-42ab-a974-d59d158977c5', '97151 Sara Pike Suite 730\nElizabethshire, KY 30688', 'out of service', '2024-07-09', Timestamp('2024-07-13 18:25:13.357818'))
[2024-07-13T18:25:13.465+0530] {logging_mixin.py:188} INFO - ('b31b160d-3ae3-4821-9b5c-bf74de9c1994', '31bd2c43-bdc0-41e1-987d-8909b6d7da0b', '76050 Macias Square Suite 508\nCarlshire, ID 83007', 'out of service', '2024-07-09', Timestamp('2024-07-13 18:25:13.357818'))
[2024-07-13T18:25:13.466+0530] {logging_mixin.py:188} INFO - ('17b9d517-cc40-44e6-a4eb-4acef5ba5ceb', '381769b6-baa8-426a-9845-2e8a04209f13', '643 Dudley Stream\nPort Sharonstad, IN 94778', 'out of service', '2024-07-09', Timestamp('2024-07-13 18:25:13.357818'))
[2024-07-13T18:25:13.467+0530] {logging_mixin.py:188} INFO - ('ba752d7d-1c18-4986-9588-63afeb236a29', '4e0b330b-ad4e-42a9-9f38-55b5fb2e2b51', '321 Flynn Union Apt. 017\nPort Nathan, WI 17479', 'maintenance', '2024-07-09', Timestamp('2024-07-13 18:25:13.357818'))
[2024-07-13T18:25:13.467+0530] {logging_mixin.py:188} INFO - ('42c9db67-dbe5-4807-9910-c6b12d74530d', '8b814633-a85f-4dd5-b16c-7af1be2f7022', '78889 Herrera Square Suite 790\nAnthonymouth, MO 43939', 'maintenance', '2024-07-09', Timestamp('2024-07-13 18:25:13.357818'))
[2024-07-13T18:25:13.468+0530] {logging_mixin.py:188} INFO - ('0a210e71-3be6-4b7d-98dc-139252ac107a', 'a33da548-a422-4704-a1f9-bbec4d809cc4', '40133 Timothy Circle Suite 975\nPort Mackenzie, MD 78882', 'active', '2024-07-09', Timestamp('2024-07-13 18:25:13.357818'))
[2024-07-13T18:25:13.469+0530] {logging_mixin.py:188} INFO - ('e252f9eb-0e32-42ea-aeec-9b8eac5c5e9e', 'd65be54f-d583-419e-b41d-9156ee90f41f', '20181 Perez Springs Suite 167\nJonathanburgh, TX 55745', 'out of service', '2024-07-09', Timestamp('2024-07-13 18:25:13.357818'))
[2024-07-13T18:25:13.469+0530] {logging_mixin.py:188} INFO - ('8f5e06a5-d685-4c12-b387-bc983841ed32', '2fe46839-a496-453a-a617-686238315ca3', '535 Richardson Lodge Apt. 056\nConnieburgh, TX 45898', 'out of service', '2024-07-09', Timestamp('2024-07-13 18:25:13.357818'))
[2024-07-13T18:25:13.470+0530] {logging_mixin.py:188} INFO - ('3d9db361-2d83-4807-b038-71a64b3c0e9b', '4e0b330b-ad4e-42a9-9f38-55b5fb2e2b51', '0253 Foster Forest Apt. 208\nBlackstad, TN 25643', 'out of service', '2024-07-09', Timestamp('2024-07-13 18:25:13.357818'))
[2024-07-13T18:25:13.470+0530] {logging_mixin.py:188} INFO - ('9251c437-2621-4b0b-904b-071b96f3c1db', '130dc240-e4e3-42ce-8044-d79c5570ae49', '22875 Tracy Inlet Apt. 832\nPort Jameshaven, NE 78748', 'out of service', '2024-07-09', Timestamp('2024-07-13 18:25:13.357818'))
[2024-07-13T18:25:13.471+0530] {logging_mixin.py:188} INFO - ('068f629d-b005-44fe-9ed2-7a4ca41b1a71', '6e483c61-c259-46c3-91d9-fd4536691ad8', 'USNS Roberts\nFPO AA 92398', 'maintenance', '2024-07-09', Timestamp('2024-07-13 18:25:13.357818'))
[2024-07-13T18:25:13.472+0530] {logging_mixin.py:188} INFO - ('b284ee67-0e16-4b82-8def-0af549f06627', 'c3caeb58-3b55-481b-bb2d-9acb8a785dbe', '562 Crosby Vista\nAmandachester, CO 32928', 'active', '2024-07-09', Timestamp('2024-07-13 18:25:13.357818'))
[2024-07-13T18:25:13.472+0530] {logging_mixin.py:188} INFO - ('2a7de660-ea85-4909-a261-77298f3ef97c', '8d716d62-98c8-4c26-b9fe-3671587cfbfa', '19971 John Vista Apt. 686\nJamesport, UT 98563', 'out of service', '2024-07-09', Timestamp('2024-07-13 18:25:13.357818'))
[2024-07-13T18:25:13.473+0530] {logging_mixin.py:188} INFO - ('cf131fb4-39d0-482b-ba58-c3ea4c948e70', '6bd99cd9-181c-4009-9d1d-fc960ebe3446', '9397 Patterson Ferry Suite 138\nNew Davidport, MO 70454', 'out of service', '2024-07-09', Timestamp('2024-07-13 18:25:13.357818'))
[2024-07-13T18:25:13.474+0530] {logging_mixin.py:188} INFO - ('17606ba7-86ff-4516-927d-a6e5efcd7a4b', 'e5c825d2-7221-4ed6-9929-30c0e7763ac8', '952 Daryl Coves Suite 057\nEast Michelle, CA 97639', 'active', '2024-07-09', Timestamp('2024-07-13 18:25:13.357818'))
[2024-07-13T18:25:13.474+0530] {logging_mixin.py:188} INFO - ('66c42ccf-5fed-4cfa-9522-1badb3284a60', 'b2a0f88f-c198-42ab-a974-d59d158977c5', 'Unit 6912 Box 7142\nDPO AP 12010', 'maintenance', '2024-07-09', Timestamp('2024-07-13 18:25:13.357818'))
[2024-07-13T18:25:13.475+0530] {logging_mixin.py:188} INFO - ('15e17cd8-4b4d-4945-8d98-30ffa2000e75', '9a76e6c5-5147-40e6-aa71-26fbe2ee2c78', '81601 Rebecca Lock\nNorth Adrienneside, KY 88936', 'active', '2024-07-09', Timestamp('2024-07-13 18:25:13.357818'))
[2024-07-13T18:25:13.476+0530] {logging_mixin.py:188} INFO - ('8523dfa9-b82d-4dab-a0e8-ecc0ea9e9e91', 'b2a0f88f-c198-42ab-a974-d59d158977c5', '9604 Maddox Prairie\nWest Richard, KS 88986', 'active', '2024-07-09', Timestamp('2024-07-13 18:25:13.357818'))
[2024-07-13T18:25:13.476+0530] {logging_mixin.py:188} INFO - ('9899527b-aacc-4f62-b50f-e5705e5146ec', '8d716d62-98c8-4c26-b9fe-3671587cfbfa', '27775 Suarez Freeway Suite 847\nNew Maryborough, MD 63693', 'maintenance', '2024-07-09', Timestamp('2024-07-13 18:25:13.357818'))
[2024-07-13T18:25:13.477+0530] {logging_mixin.py:188} INFO - ('45e824a9-28f9-43b0-8c5c-97ca918ded5f', '4fc1b986-c0b3-4bd3-b58f-25a90ddb0707', '92566 Tyler Branch\nMillsside, UT 74446', 'maintenance', '2024-07-09', Timestamp('2024-07-13 18:25:13.357818'))
[2024-07-13T18:25:13.477+0530] {logging_mixin.py:188} INFO - ('cf2352c4-a1b1-4eeb-9fc6-459174219bc3', '4e0b330b-ad4e-42a9-9f38-55b5fb2e2b51', '781 Theresa Track\nNorth Alexander, SD 17322', 'maintenance', '2024-07-09', Timestamp('2024-07-13 18:25:13.357818'))
[2024-07-13T18:25:13.478+0530] {logging_mixin.py:188} INFO - ('d4bc3fc4-5aff-4e41-824a-13ae71ab27f6', 'aa4c2fe0-2633-478c-b1bb-9bdbf87a072b', 'Unit 5417 Box 4110\nDPO AA 66787', 'maintenance', '2024-07-09', Timestamp('2024-07-13 18:25:13.357818'))
[2024-07-13T18:25:13.478+0530] {logging_mixin.py:188} INFO - ('1eb1e76d-4831-486e-b283-4adbda569f4e', 'c0398821-c1ba-4bd1-a39a-ef3cfa6c27bb', '33550 Combs Ports Apt. 261\nSouth Joseph, NY 42183', 'out of service', '2024-07-09', Timestamp('2024-07-13 18:25:13.357818'))
[2024-07-13T18:25:13.480+0530] {logging_mixin.py:188} INFO - ('e5f2a797-36d6-465d-b81b-5fc8c448d42b', 'd0aead11-c305-4cf6-ad5b-7df7671ff342', '14711 Daniel Street Apt. 576\nMuellerport, AK 35343', 'maintenance', '2024-07-09', Timestamp('2024-07-13 18:25:13.357818'))
[2024-07-13T18:25:13.482+0530] {logging_mixin.py:188} INFO - ('0bc3358e-1be5-4a80-b878-72776ad371c0', '2c57c68e-40fb-48ae-90dd-710e1e7917ed', '422 Tina Fork Suite 499\nLake Andrewton, CT 01907', 'out of service', '2024-07-09', Timestamp('2024-07-13 18:25:13.357818'))
[2024-07-13T18:25:13.483+0530] {logging_mixin.py:188} INFO - ('ba72b9e1-ef2a-4146-84e3-8a8d41deaccb', 'ae180754-ddad-4113-a334-8b0f4a658756', '30223 Ward Stravenue Suite 243\nJackmouth, MP 64327', 'out of service', '2024-07-09', Timestamp('2024-07-13 18:25:13.357818'))
[2024-07-13T18:25:13.484+0530] {logging_mixin.py:188} INFO - ('e977879e-2bad-4ff9-9427-52cb8e996f53', '4c323c9d-1185-4943-ba98-c2d9f3e264eb', '550 Sandy Loop\nKristinaville, NY 85070', 'active', '2024-07-09', Timestamp('2024-07-13 18:25:13.357818'))
[2024-07-13T18:25:13.484+0530] {logging_mixin.py:188} INFO - ('03632515-3f6d-48c1-b095-97c11513a618', 'cb7400f0-1ac6-45cd-a531-7890fa5f385d', '0288 Julia Ridge\nNew Williamfort, VT 05902', 'maintenance', '2024-07-09', Timestamp('2024-07-13 18:25:13.357818'))
[2024-07-13T18:25:13.485+0530] {logging_mixin.py:188} INFO - ('5beccdfb-d5c7-4f4e-a718-24c6fdb4068e', 'c0398821-c1ba-4bd1-a39a-ef3cfa6c27bb', '199 Amanda Overpass\nGarciaburgh, MI 65291', 'out of service', '2024-07-09', Timestamp('2024-07-13 18:25:13.357818'))
[2024-07-13T18:25:13.486+0530] {logging_mixin.py:188} INFO - ('bac5ab60-85f4-444a-92c8-6cbbd29d4d52', '31bd2c43-bdc0-41e1-987d-8909b6d7da0b', 'Unit 2504 Box 8511\nDPO AP 63349', 'out of service', '2024-07-09', Timestamp('2024-07-13 18:25:13.357818'))
[2024-07-13T18:25:13.486+0530] {logging_mixin.py:188} INFO - ('ea83d3c1-362e-45d2-82c9-d532c0d54e4b', '5f25edbc-c361-400f-aa86-112014b66b65', '056 Ashley Camp Suite 863\nJenniferberg, TN 91769', 'active', '2024-07-09', Timestamp('2024-07-13 18:25:13.357818'))
[2024-07-13T18:25:13.487+0530] {logging_mixin.py:188} INFO - ('c01b85bb-3ad1-4a5a-a4b3-5d0b2b8c426c', '656e2ec3-a971-4863-b71e-b33f7e330989', '45734 Miguel Trafficway\nDeanview, MS 00537', 'active', '2024-07-09', Timestamp('2024-07-13 18:25:13.357818'))
[2024-07-13T18:25:13.488+0530] {logging_mixin.py:188} INFO - ('b08825ef-af02-4fb4-a088-febbd637c6df', 'cb7400f0-1ac6-45cd-a531-7890fa5f385d', '5889 Michael Lodge Apt. 506\nYoungmouth, LA 53487', 'active', '2024-07-09', Timestamp('2024-07-13 18:25:13.357818'))
[2024-07-13T18:25:13.488+0530] {logging_mixin.py:188} INFO - ('f9e2f007-4b17-49a7-8e4b-71a683960630', 'c455330a-f3a5-4590-ac80-71fe10e251a9', '7161 Anthony Row\nWest Thomasburgh, OH 76173', 'out of service', '2024-07-09', Timestamp('2024-07-13 18:25:13.357818'))
[2024-07-13T18:25:13.489+0530] {logging_mixin.py:188} INFO - ('6c048d0e-91da-4631-bb82-2a53b7232b77', 'fcbf0764-1049-47eb-ab1f-db0719617221', '6362 Mason Tunnel Apt. 201\nWilliammouth, ME 41084', 'out of service', '2024-07-09', Timestamp('2024-07-13 18:25:13.357818'))
[2024-07-13T18:25:13.489+0530] {logging_mixin.py:188} INFO - ('0e72038e-f2c0-415f-b6ab-8bd9d9b404e4', 'c3caeb58-3b55-481b-bb2d-9acb8a785dbe', '597 Debbie Mall\nAndersonfurt, GA 01712', 'active', '2024-07-09', Timestamp('2024-07-13 18:25:13.357818'))
[2024-07-13T18:25:13.490+0530] {logging_mixin.py:188} INFO - ('63b73cd3-37af-48ad-bbda-d4c129ad7643', '7cca71dd-a8eb-4133-b5ce-84f7ab2ac61e', '963 Malone Mountain\nRyanport, IA 51374', 'out of service', '2024-07-09', Timestamp('2024-07-13 18:25:13.357818'))
[2024-07-13T18:25:13.490+0530] {logging_mixin.py:188} INFO - ('00067027-7c0a-40b3-a731-613692a47f24', 'fad2a75b-1eac-49af-84f7-528fd38ae58b', '16890 Goodman Cape\nPort Mitchell, WI 47860', 'maintenance', '2024-07-09', Timestamp('2024-07-13 18:25:13.357818'))
[2024-07-13T18:25:13.491+0530] {logging_mixin.py:188} INFO - ('43f7b990-94fb-4fb9-8605-2c6ecd4772d4', '63edbb36-10ed-429c-8111-3260eadc6f50', '6452 Jonathan Glens Suite 887\nEast Mariamouth, CO 29378', 'active', '2024-07-09', Timestamp('2024-07-13 18:25:13.357818'))
[2024-07-13T18:25:13.492+0530] {logging_mixin.py:188} INFO - ('eb598936-03a4-4545-b75b-7846e702d074', '18d9e595-8b68-4427-abfd-56451dc2bf08', '32867 Michael Street Apt. 746\nLake Paul, GA 11888', 'active', '2024-07-09', Timestamp('2024-07-13 18:25:13.357818'))
[2024-07-13T18:25:13.492+0530] {logging_mixin.py:188} INFO - ('6f30594c-b2d3-4198-b537-11545c9b14d0', 'e39c6a93-f30d-4635-b9d0-0cff31e99edc', '980 Craig Causeway\nSouth Jenniferfort, PR 60928', 'active', '2024-07-09', Timestamp('2024-07-13 18:25:13.357818'))
[2024-07-13T18:25:13.497+0530] {logging_mixin.py:188} INFO - ('187aff60-48d2-4f29-b371-7b0218554190', '18d9e595-8b68-4427-abfd-56451dc2bf08', '707 Susan Trace\nNew Jesus, MT 98707', 'out of service', '2024-07-09', Timestamp('2024-07-13 18:25:13.357818'))
[2024-07-13T18:25:13.499+0530] {logging_mixin.py:188} INFO - ('6e92e487-7f69-4454-96b8-aa1708723fdc', '5f25edbc-c361-400f-aa86-112014b66b65', '979 Blanchard Viaduct\nWandaburgh, GA 59443', 'maintenance', '2024-07-09', Timestamp('2024-07-13 18:25:13.357818'))
[2024-07-13T18:25:13.499+0530] {logging_mixin.py:188} INFO - ('070003fe-8f4c-48ff-bdfb-372dffa2f9bf', '0cde40e7-98df-44a5-835d-ee72f4bf1428', '972 Juan Street\nDavidchester, WI 93784', 'out of service', '2024-07-09', Timestamp('2024-07-13 18:25:13.357818'))
[2024-07-13T18:25:13.500+0530] {logging_mixin.py:188} INFO - ('39aa7d94-8de2-4a0c-96e1-e4c87b578f07', '0549e3fc-7c49-4afd-abfa-7aafe7a10018', '99478 Susan Views\nSusanview, FL 35494', 'maintenance', '2024-07-09', Timestamp('2024-07-13 18:25:13.357818'))
[2024-07-13T18:25:13.501+0530] {logging_mixin.py:188} INFO - ('720079fc-4b35-489b-b017-f71ce8424d82', '4ae1550e-1549-4434-ae6c-42adb2e07648', '2744 Crystal Camp Suite 392\nChristopherstad, MI 85040', 'maintenance', '2024-07-09', Timestamp('2024-07-13 18:25:13.357818'))
[2024-07-13T18:25:13.501+0530] {logging_mixin.py:188} INFO - ('7b300ac4-b08d-4304-9757-117763bcc8b9', '9c6c7814-b855-477a-9cb5-5e7d287edbf1', '52720 Carlson Center Suite 839\nWest Richard, NE 57796', 'maintenance', '2024-07-09', Timestamp('2024-07-13 18:25:13.357818'))
[2024-07-13T18:25:13.502+0530] {logging_mixin.py:188} INFO - ('8aaa4f7c-1484-4cdb-a0ce-5e01121ca7f7', '5a964618-f5ac-458a-82f0-cd78accd17fd', '5845 Darren Circle\nNorth Ronald, DC 42945', 'active', '2024-07-09', Timestamp('2024-07-13 18:25:13.357818'))
[2024-07-13T18:25:13.503+0530] {logging_mixin.py:188} INFO - ('68fcebd1-c830-4531-af53-1786d00cb2c1', '6dbc843f-d8ad-4c42-80d1-1a84621173a4', '4540 Lisa Keys\nNew Diana, GU 16665', 'maintenance', '2024-07-09', Timestamp('2024-07-13 18:25:13.357818'))
[2024-07-13T18:25:13.503+0530] {logging_mixin.py:188} INFO - ('527f72e2-185f-4e22-98ae-5749e8248ee4', 'a82326c8-1765-41cb-a05f-044ac74d5836', '98540 Thomas Centers Suite 507\nEast Calvin, NH 73841', 'maintenance', '2024-07-09', Timestamp('2024-07-13 18:25:13.357818'))
[2024-07-13T18:25:13.504+0530] {logging_mixin.py:188} INFO - ('ace2e1db-4b7a-4614-b3a6-9a9c94e3f3f4', 'a68ced35-dd01-487e-b2bf-4de03446684e', '67591 Park Manors Suite 753\nNorth Kevinland, AZ 90937', 'maintenance', '2024-07-09', Timestamp('2024-07-13 18:25:13.357818'))
[2024-07-13T18:25:13.504+0530] {logging_mixin.py:188} INFO - ('c85a6edd-2c71-4eb0-aec9-f6589dda4f22', 'c3caeb58-3b55-481b-bb2d-9acb8a785dbe', '1698 Janice Rest\nNorth Alfred, MA 59646', 'out of service', '2024-07-09', Timestamp('2024-07-13 18:25:13.357818'))
[2024-07-13T18:25:13.505+0530] {logging_mixin.py:188} INFO - ('ca12627c-44e2-4dfb-b861-5ddd865fe24c', '3cc19ebb-1f39-4ba3-9c3c-926052ae7649', '7903 Payne Extension\nEast Michael, NJ 99356', 'active', '2024-07-09', Timestamp('2024-07-13 18:25:13.357818'))
[2024-07-13T18:25:13.506+0530] {logging_mixin.py:188} INFO - ('24edb5e5-32c6-48f2-9713-412cd93cb237', '912c01e9-7ea6-4a8d-ab01-512f22140727', '899 Jason Dale\nCindyhaven, FM 89655', 'active', '2024-07-09', Timestamp('2024-07-13 18:25:13.357818'))
[2024-07-13T18:25:13.506+0530] {logging_mixin.py:188} INFO - ('a9461852-9e64-4d9e-93c9-811001d460e4', '8e0735f7-b8ee-4805-a231-75d925fa06c9', '65067 Yolanda Plains Apt. 663\nEast Daniel, SC 18783', 'maintenance', '2024-07-09', Timestamp('2024-07-13 18:25:13.357818'))
[2024-07-13T18:25:13.507+0530] {logging_mixin.py:188} INFO - ('7740e3d5-92b3-4253-a22e-7bdead1a321b', '3f1d4805-3d84-4112-baff-031c81971688', '8625 Joshua Mountain Apt. 270\nSouth Colleenport, FL 70999', 'maintenance', '2024-07-09', Timestamp('2024-07-13 18:25:13.357818'))
[2024-07-13T18:25:13.507+0530] {logging_mixin.py:188} INFO - ('78cf66bd-94ae-4101-88bd-9bd0920e7eca', '0cde40e7-98df-44a5-835d-ee72f4bf1428', '35763 Fuentes Place\nSouth Nancy, DE 14321', 'out of service', '2024-07-09', Timestamp('2024-07-13 18:25:13.357818'))
[2024-07-13T18:25:13.508+0530] {logging_mixin.py:188} INFO - ('9e83a3fb-27e0-44b4-bf90-9ad3efafa683', 'f79cddb7-36ee-4172-befa-e2f505eca710', '09063 Paul Road\nCatherinetown, SD 46184', 'out of service', '2024-07-09', Timestamp('2024-07-13 18:25:13.357818'))
[2024-07-13T18:25:13.509+0530] {logging_mixin.py:188} INFO - ('3b2a8104-3d62-42b4-8d84-cd73681c8e5a', 'd0aead11-c305-4cf6-ad5b-7df7671ff342', '217 Elizabeth Squares Suite 901\nNorth Brian, DC 72027', 'out of service', '2024-07-09', Timestamp('2024-07-13 18:25:13.357818'))
[2024-07-13T18:25:13.509+0530] {logging_mixin.py:188} INFO - ('41cb5972-49bf-41d0-b036-a0e75b549739', '96baf2e6-953f-4cd4-85a1-fe187248553f', '09512 Hunt Mountain Apt. 404\nSharonburgh, NY 75303', 'out of service', '2024-07-09', Timestamp('2024-07-13 18:25:13.357818'))
[2024-07-13T18:25:13.510+0530] {logging_mixin.py:188} INFO - ('f80da174-7254-40e0-87c9-e54431e74a4d', '7bed5ed9-c69b-4e7d-bae9-6cff87c7e181', '785 Joshua Mountain\nPerezberg, PW 52928', 'out of service', '2024-07-09', Timestamp('2024-07-13 18:25:13.357818'))
[2024-07-13T18:25:13.510+0530] {logging_mixin.py:188} INFO - ('88d6a8ec-b19d-4293-84b4-1b4b2a6b1104', '1345ccac-9b98-4425-a830-bd56240b312f', 'Unit 7220 Box 6884\nDPO AE 57156', 'active', '2024-07-09', Timestamp('2024-07-13 18:25:13.357818'))
[2024-07-13T18:25:13.511+0530] {logging_mixin.py:188} INFO - ('bed86870-66ae-4c0d-ac5f-b9b20b00a5e6', '7cca71dd-a8eb-4133-b5ce-84f7ab2ac61e', '24969 Danny Prairie Apt. 326\nRobertside, KY 96923', 'maintenance', '2024-07-09', Timestamp('2024-07-13 18:25:13.357818'))
[2024-07-13T18:25:13.511+0530] {logging_mixin.py:188} INFO - ('f9aba8b8-d01c-49b2-8bec-8b4471aa18fb', '0cde40e7-98df-44a5-835d-ee72f4bf1428', 'Unit 4810 Box 9848\nDPO AE 14955', 'active', '2024-07-09', Timestamp('2024-07-13 18:25:13.357818'))
[2024-07-13T18:25:13.512+0530] {logging_mixin.py:188} INFO - ('3e14497b-1c11-4829-bc2a-ef29f58f94ae', 'd65f081a-192f-4e17-ad29-8a7e163bd40e', '6793 Marie Lake\nWest Ricky, GA 28970', 'active', '2024-07-09', Timestamp('2024-07-13 18:25:13.357818'))
[2024-07-13T18:25:13.513+0530] {logging_mixin.py:188} INFO - ('4b4cb6ee-d616-4088-ae40-ae06528c8afa', '62f083a6-c2f3-4555-9879-f8196c4551c2', '1615 Garcia Plains Apt. 295\nNew Samantha, CO 25329', 'active', '2024-07-09', Timestamp('2024-07-13 18:25:13.357818'))
[2024-07-13T18:25:13.515+0530] {logging_mixin.py:188} INFO - ('3aa9caee-ed5e-4f4c-8b93-d7d39d6d8a05', '501edf4b-346f-4d98-b253-def1381e9aaf', '1979 Robert Mountain Suite 840\nLoveton, NE 77607', 'out of service', '2024-07-09', Timestamp('2024-07-13 18:25:13.357818'))
[2024-07-13T18:25:13.516+0530] {logging_mixin.py:188} INFO - ('61426b72-005b-4413-9647-45b73b95fe72', 'a82326c8-1765-41cb-a05f-044ac74d5836', '3879 Brady Springs\nNew Alicia, NJ 66191', 'active', '2024-07-09', Timestamp('2024-07-13 18:25:13.357818'))
[2024-07-13T18:25:13.516+0530] {logging_mixin.py:188} INFO - ('aca9947e-07a5-46fa-a34b-c108c80a8528', '4fc1b986-c0b3-4bd3-b58f-25a90ddb0707', '7759 Lisa Parkways\nWest Kevin, NV 75853', 'out of service', '2024-07-09', Timestamp('2024-07-13 18:25:13.357818'))
[2024-07-13T18:25:13.519+0530] {logging_mixin.py:188} INFO - ('3acc02cf-14a8-41b1-a3e5-8a2675500001', '8b814633-a85f-4dd5-b16c-7af1be2f7022', '90766 Johnson Motorway Apt. 915\nJustinburgh, NC 35966', 'active', '2024-07-09', Timestamp('2024-07-13 18:25:13.357818'))
[2024-07-13T18:25:13.520+0530] {logging_mixin.py:188} INFO - ('7d0251d5-b269-4786-ba82-c4bce77da999', '7bed5ed9-c69b-4e7d-bae9-6cff87c7e181', '99822 Mckee Gateway\nEast Johnny, NJ 96485', 'maintenance', '2024-07-09', Timestamp('2024-07-13 18:25:13.357818'))
[2024-07-13T18:25:13.520+0530] {logging_mixin.py:188} INFO - ('6b3a65fb-3bd7-4429-b010-2ec089840702', '31bd2c43-bdc0-41e1-987d-8909b6d7da0b', '0800 Murphy Mount\nLake Leslie, AL 58880', 'out of service', '2024-07-09', Timestamp('2024-07-13 18:25:13.357818'))
[2024-07-13T18:25:13.521+0530] {logging_mixin.py:188} INFO - ('8ddc5cf3-3965-4d97-8614-6cb09b87b405', '9c14c663-4f29-440e-88b3-4a3c08948a45', '4493 Warren Green Suite 992\nNorth Desireefurt, AL 26566', 'out of service', '2024-07-09', Timestamp('2024-07-13 18:25:13.357818'))
[2024-07-13T18:25:13.521+0530] {logging_mixin.py:188} INFO - ('f34bb077-10e2-4e8f-8a59-e50c9ed6a99b', '4c323c9d-1185-4943-ba98-c2d9f3e264eb', '65842 Jennifer Mountain\nGibsonview, WA 02183', 'active', '2024-07-09', Timestamp('2024-07-13 18:25:13.357818'))
[2024-07-13T18:25:13.522+0530] {logging_mixin.py:188} INFO - ('ca3dbc39-4122-43ce-8564-ced02392ff53', 'c475a607-7b08-40c2-8d91-eb2c614b7222', '4320 Huber Roads\nSouth Ashleyhaven, VI 99301', 'maintenance', '2024-07-09', Timestamp('2024-07-13 18:25:13.357818'))
[2024-07-13T18:25:13.522+0530] {logging_mixin.py:188} INFO - ('873aa110-b4e2-4e57-b740-d8b9c2013581', 'a3030d61-962a-469f-bfc5-3ff9c12e27db', '75373 Lewis Island Suite 724\nNew Kathrynside, KY 68292', 'maintenance', '2024-07-09', Timestamp('2024-07-13 18:25:13.357818'))
[2024-07-13T18:25:13.523+0530] {logging_mixin.py:188} INFO - ('7cd3ebe7-a078-455e-91d1-c9794e41c9dc', 'a33da548-a422-4704-a1f9-bbec4d809cc4', 'USNV Valencia\nFPO AE 36051', 'out of service', '2024-07-09', Timestamp('2024-07-13 18:25:13.357818'))
[2024-07-13T18:25:13.523+0530] {logging_mixin.py:188} INFO - ('feed5dbe-2c1b-4325-b6ed-672fb08217a3', '0cde40e7-98df-44a5-835d-ee72f4bf1428', '1733 Stephen Camp\nEast Rachel, WA 66404', 'maintenance', '2024-07-09', Timestamp('2024-07-13 18:25:13.357818'))
[2024-07-13T18:25:13.524+0530] {logging_mixin.py:188} INFO - Loaded /home/kali/Desktop/projects/banking _project/data_prepare/atms_today.csv into atms table
[2024-07-13T18:25:13.524+0530] {logging_mixin.py:188} INFO - Moved /home/kali/Desktop/projects/banking _project/data_prepare/atms_today.csv to archive folder
[2024-07-13T18:25:13.524+0530] {logging_mixin.py:188} INFO - All CSV files have been loaded into MySQL tables.
[2024-07-13T18:25:13.524+0530] {python.py:237} INFO - Done. Returned value was: None
[2024-07-13T18:25:13.524+0530] {taskinstance.py:441} INFO - ::group::Post task execution logs
[2024-07-13T18:25:13.530+0530] {taskinstance.py:1206} INFO - Marking task as SUCCESS. dag_id=raw_load_atms, task_id=insert_table, run_id=manual__2024-07-13T12:53:13.218502+00:00, execution_date=20240713T125313, start_date=20240713T125513, end_date=20240713T125513
[2024-07-13T18:25:13.580+0530] {local_task_job_runner.py:240} INFO - Task exited with return code 0
[2024-07-13T18:25:13.615+0530] {taskinstance.py:3503} INFO - 0 downstream tasks scheduled from follow-on schedule check
[2024-07-13T18:25:13.617+0530] {local_task_job_runner.py:222} INFO - ::endgroup::
