[2024-07-12T01:47:46.123+0530] {processor.py:161} INFO - Started process (PID=36554) to work on /home/kali/Desktop/projects/git/bank_data_processing/myenv/lib/python3.11/site-packages/airflow/example_dags/plugins/listener_plugin.py
[2024-07-12T01:47:46.124+0530] {processor.py:830} INFO - Processing file /home/kali/Desktop/projects/git/bank_data_processing/myenv/lib/python3.11/site-packages/airflow/example_dags/plugins/listener_plugin.py for tasks to queue
[2024-07-12T01:47:46.126+0530] {logging_mixin.py:188} INFO - [2024-07-12T01:47:46.125+0530] {dagbag.py:545} INFO - Filling up the DagBag from /home/kali/Desktop/projects/git/bank_data_processing/myenv/lib/python3.11/site-packages/airflow/example_dags/plugins/listener_plugin.py
[2024-07-12T01:47:46.129+0530] {processor.py:842} WARNING - No viable dags retrieved from /home/kali/Desktop/projects/git/bank_data_processing/myenv/lib/python3.11/site-packages/airflow/example_dags/plugins/listener_plugin.py
[2024-07-12T01:47:46.141+0530] {processor.py:183} INFO - Processing /home/kali/Desktop/projects/git/bank_data_processing/myenv/lib/python3.11/site-packages/airflow/example_dags/plugins/listener_plugin.py took 0.025 seconds
[2024-07-12T01:48:16.209+0530] {processor.py:161} INFO - Started process (PID=37048) to work on /home/kali/Desktop/projects/git/bank_data_processing/myenv/lib/python3.11/site-packages/airflow/example_dags/plugins/listener_plugin.py
[2024-07-12T01:48:16.210+0530] {processor.py:830} INFO - Processing file /home/kali/Desktop/projects/git/bank_data_processing/myenv/lib/python3.11/site-packages/airflow/example_dags/plugins/listener_plugin.py for tasks to queue
[2024-07-12T01:48:16.213+0530] {logging_mixin.py:188} INFO - [2024-07-12T01:48:16.212+0530] {dagbag.py:545} INFO - Filling up the DagBag from /home/kali/Desktop/projects/git/bank_data_processing/myenv/lib/python3.11/site-packages/airflow/example_dags/plugins/listener_plugin.py
[2024-07-12T01:48:16.216+0530] {processor.py:842} WARNING - No viable dags retrieved from /home/kali/Desktop/projects/git/bank_data_processing/myenv/lib/python3.11/site-packages/airflow/example_dags/plugins/listener_plugin.py
[2024-07-12T01:48:16.233+0530] {processor.py:183} INFO - Processing /home/kali/Desktop/projects/git/bank_data_processing/myenv/lib/python3.11/site-packages/airflow/example_dags/plugins/listener_plugin.py took 0.035 seconds
[2024-07-12T01:48:47.139+0530] {processor.py:161} INFO - Started process (PID=37431) to work on /home/kali/Desktop/projects/git/bank_data_processing/myenv/lib/python3.11/site-packages/airflow/example_dags/plugins/listener_plugin.py
[2024-07-12T01:48:47.140+0530] {processor.py:830} INFO - Processing file /home/kali/Desktop/projects/git/bank_data_processing/myenv/lib/python3.11/site-packages/airflow/example_dags/plugins/listener_plugin.py for tasks to queue
[2024-07-12T01:48:47.142+0530] {logging_mixin.py:188} INFO - [2024-07-12T01:48:47.141+0530] {dagbag.py:545} INFO - Filling up the DagBag from /home/kali/Desktop/projects/git/bank_data_processing/myenv/lib/python3.11/site-packages/airflow/example_dags/plugins/listener_plugin.py
[2024-07-12T01:48:47.144+0530] {processor.py:842} WARNING - No viable dags retrieved from /home/kali/Desktop/projects/git/bank_data_processing/myenv/lib/python3.11/site-packages/airflow/example_dags/plugins/listener_plugin.py
[2024-07-12T01:48:47.158+0530] {processor.py:183} INFO - Processing /home/kali/Desktop/projects/git/bank_data_processing/myenv/lib/python3.11/site-packages/airflow/example_dags/plugins/listener_plugin.py took 0.025 seconds
[2024-07-12T01:49:17.712+0530] {processor.py:161} INFO - Started process (PID=37905) to work on /home/kali/Desktop/projects/git/bank_data_processing/myenv/lib/python3.11/site-packages/airflow/example_dags/plugins/listener_plugin.py
[2024-07-12T01:49:17.713+0530] {processor.py:830} INFO - Processing file /home/kali/Desktop/projects/git/bank_data_processing/myenv/lib/python3.11/site-packages/airflow/example_dags/plugins/listener_plugin.py for tasks to queue
[2024-07-12T01:49:17.715+0530] {logging_mixin.py:188} INFO - [2024-07-12T01:49:17.715+0530] {dagbag.py:545} INFO - Filling up the DagBag from /home/kali/Desktop/projects/git/bank_data_processing/myenv/lib/python3.11/site-packages/airflow/example_dags/plugins/listener_plugin.py
[2024-07-12T01:49:17.718+0530] {processor.py:842} WARNING - No viable dags retrieved from /home/kali/Desktop/projects/git/bank_data_processing/myenv/lib/python3.11/site-packages/airflow/example_dags/plugins/listener_plugin.py
[2024-07-12T01:49:17.732+0530] {processor.py:183} INFO - Processing /home/kali/Desktop/projects/git/bank_data_processing/myenv/lib/python3.11/site-packages/airflow/example_dags/plugins/listener_plugin.py took 0.027 seconds
[2024-07-12T01:49:48.060+0530] {processor.py:161} INFO - Started process (PID=38225) to work on /home/kali/Desktop/projects/git/bank_data_processing/myenv/lib/python3.11/site-packages/airflow/example_dags/plugins/listener_plugin.py
[2024-07-12T01:49:48.062+0530] {processor.py:830} INFO - Processing file /home/kali/Desktop/projects/git/bank_data_processing/myenv/lib/python3.11/site-packages/airflow/example_dags/plugins/listener_plugin.py for tasks to queue
[2024-07-12T01:49:48.064+0530] {logging_mixin.py:188} INFO - [2024-07-12T01:49:48.064+0530] {dagbag.py:545} INFO - Filling up the DagBag from /home/kali/Desktop/projects/git/bank_data_processing/myenv/lib/python3.11/site-packages/airflow/example_dags/plugins/listener_plugin.py
[2024-07-12T01:49:48.067+0530] {processor.py:842} WARNING - No viable dags retrieved from /home/kali/Desktop/projects/git/bank_data_processing/myenv/lib/python3.11/site-packages/airflow/example_dags/plugins/listener_plugin.py
[2024-07-12T01:49:48.088+0530] {processor.py:183} INFO - Processing /home/kali/Desktop/projects/git/bank_data_processing/myenv/lib/python3.11/site-packages/airflow/example_dags/plugins/listener_plugin.py took 0.038 seconds
[2024-07-12T01:50:19.441+0530] {processor.py:161} INFO - Started process (PID=38596) to work on /home/kali/Desktop/projects/git/bank_data_processing/myenv/lib/python3.11/site-packages/airflow/example_dags/plugins/listener_plugin.py
[2024-07-12T01:50:19.443+0530] {processor.py:830} INFO - Processing file /home/kali/Desktop/projects/git/bank_data_processing/myenv/lib/python3.11/site-packages/airflow/example_dags/plugins/listener_plugin.py for tasks to queue
[2024-07-12T01:50:19.446+0530] {logging_mixin.py:188} INFO - [2024-07-12T01:50:19.445+0530] {dagbag.py:545} INFO - Filling up the DagBag from /home/kali/Desktop/projects/git/bank_data_processing/myenv/lib/python3.11/site-packages/airflow/example_dags/plugins/listener_plugin.py
[2024-07-12T01:50:19.453+0530] {processor.py:842} WARNING - No viable dags retrieved from /home/kali/Desktop/projects/git/bank_data_processing/myenv/lib/python3.11/site-packages/airflow/example_dags/plugins/listener_plugin.py
[2024-07-12T01:50:19.477+0530] {processor.py:183} INFO - Processing /home/kali/Desktop/projects/git/bank_data_processing/myenv/lib/python3.11/site-packages/airflow/example_dags/plugins/listener_plugin.py took 0.049 seconds
[2024-07-12T01:50:49.917+0530] {processor.py:161} INFO - Started process (PID=39022) to work on /home/kali/Desktop/projects/git/bank_data_processing/myenv/lib/python3.11/site-packages/airflow/example_dags/plugins/listener_plugin.py
[2024-07-12T01:50:49.918+0530] {processor.py:830} INFO - Processing file /home/kali/Desktop/projects/git/bank_data_processing/myenv/lib/python3.11/site-packages/airflow/example_dags/plugins/listener_plugin.py for tasks to queue
[2024-07-12T01:50:49.920+0530] {logging_mixin.py:188} INFO - [2024-07-12T01:50:49.920+0530] {dagbag.py:545} INFO - Filling up the DagBag from /home/kali/Desktop/projects/git/bank_data_processing/myenv/lib/python3.11/site-packages/airflow/example_dags/plugins/listener_plugin.py
[2024-07-12T01:50:49.923+0530] {processor.py:842} WARNING - No viable dags retrieved from /home/kali/Desktop/projects/git/bank_data_processing/myenv/lib/python3.11/site-packages/airflow/example_dags/plugins/listener_plugin.py
[2024-07-12T01:50:49.937+0530] {processor.py:183} INFO - Processing /home/kali/Desktop/projects/git/bank_data_processing/myenv/lib/python3.11/site-packages/airflow/example_dags/plugins/listener_plugin.py took 0.028 seconds
[2024-07-12T01:51:20.146+0530] {processor.py:161} INFO - Started process (PID=39428) to work on /home/kali/Desktop/projects/git/bank_data_processing/myenv/lib/python3.11/site-packages/airflow/example_dags/plugins/listener_plugin.py
[2024-07-12T01:51:20.147+0530] {processor.py:830} INFO - Processing file /home/kali/Desktop/projects/git/bank_data_processing/myenv/lib/python3.11/site-packages/airflow/example_dags/plugins/listener_plugin.py for tasks to queue
[2024-07-12T01:51:20.151+0530] {logging_mixin.py:188} INFO - [2024-07-12T01:51:20.150+0530] {dagbag.py:545} INFO - Filling up the DagBag from /home/kali/Desktop/projects/git/bank_data_processing/myenv/lib/python3.11/site-packages/airflow/example_dags/plugins/listener_plugin.py
[2024-07-12T01:51:20.153+0530] {processor.py:842} WARNING - No viable dags retrieved from /home/kali/Desktop/projects/git/bank_data_processing/myenv/lib/python3.11/site-packages/airflow/example_dags/plugins/listener_plugin.py
[2024-07-12T01:51:20.170+0530] {processor.py:183} INFO - Processing /home/kali/Desktop/projects/git/bank_data_processing/myenv/lib/python3.11/site-packages/airflow/example_dags/plugins/listener_plugin.py took 0.032 seconds
[2024-07-12T01:51:51.408+0530] {processor.py:161} INFO - Started process (PID=40013) to work on /home/kali/Desktop/projects/git/bank_data_processing/myenv/lib/python3.11/site-packages/airflow/example_dags/plugins/listener_plugin.py
[2024-07-12T01:51:51.411+0530] {processor.py:830} INFO - Processing file /home/kali/Desktop/projects/git/bank_data_processing/myenv/lib/python3.11/site-packages/airflow/example_dags/plugins/listener_plugin.py for tasks to queue
[2024-07-12T01:51:51.415+0530] {logging_mixin.py:188} INFO - [2024-07-12T01:51:51.415+0530] {dagbag.py:545} INFO - Filling up the DagBag from /home/kali/Desktop/projects/git/bank_data_processing/myenv/lib/python3.11/site-packages/airflow/example_dags/plugins/listener_plugin.py
[2024-07-12T01:51:51.421+0530] {processor.py:842} WARNING - No viable dags retrieved from /home/kali/Desktop/projects/git/bank_data_processing/myenv/lib/python3.11/site-packages/airflow/example_dags/plugins/listener_plugin.py
[2024-07-12T01:51:51.442+0530] {processor.py:183} INFO - Processing /home/kali/Desktop/projects/git/bank_data_processing/myenv/lib/python3.11/site-packages/airflow/example_dags/plugins/listener_plugin.py took 0.051 seconds
[2024-07-12T01:52:21.491+0530] {processor.py:161} INFO - Started process (PID=40696) to work on /home/kali/Desktop/projects/git/bank_data_processing/myenv/lib/python3.11/site-packages/airflow/example_dags/plugins/listener_plugin.py
[2024-07-12T01:52:21.492+0530] {processor.py:830} INFO - Processing file /home/kali/Desktop/projects/git/bank_data_processing/myenv/lib/python3.11/site-packages/airflow/example_dags/plugins/listener_plugin.py for tasks to queue
[2024-07-12T01:52:21.495+0530] {logging_mixin.py:188} INFO - [2024-07-12T01:52:21.494+0530] {dagbag.py:545} INFO - Filling up the DagBag from /home/kali/Desktop/projects/git/bank_data_processing/myenv/lib/python3.11/site-packages/airflow/example_dags/plugins/listener_plugin.py
[2024-07-12T01:52:21.497+0530] {processor.py:842} WARNING - No viable dags retrieved from /home/kali/Desktop/projects/git/bank_data_processing/myenv/lib/python3.11/site-packages/airflow/example_dags/plugins/listener_plugin.py
[2024-07-12T01:52:21.508+0530] {processor.py:183} INFO - Processing /home/kali/Desktop/projects/git/bank_data_processing/myenv/lib/python3.11/site-packages/airflow/example_dags/plugins/listener_plugin.py took 0.027 seconds
