[2024-07-12T01:47:46.097+0530] {processor.py:161} INFO - Started process (PID=36553) to work on /home/kali/Desktop/projects/git/bank_data_processing/myenv/lib/python3.11/site-packages/airflow/example_dags/plugins/workday.py
[2024-07-12T01:47:46.098+0530] {processor.py:830} INFO - Processing file /home/kali/Desktop/projects/git/bank_data_processing/myenv/lib/python3.11/site-packages/airflow/example_dags/plugins/workday.py for tasks to queue
[2024-07-12T01:47:46.100+0530] {logging_mixin.py:188} INFO - [2024-07-12T01:47:46.100+0530] {dagbag.py:545} INFO - Filling up the DagBag from /home/kali/Desktop/projects/git/bank_data_processing/myenv/lib/python3.11/site-packages/airflow/example_dags/plugins/workday.py
[2024-07-12T01:47:46.104+0530] {logging_mixin.py:188} INFO - [2024-07-12T01:47:46.103+0530] {workday.py:41} WARNING - Could not import pandas. Holidays will not be considered.
[2024-07-12T01:47:46.104+0530] {processor.py:842} WARNING - No viable dags retrieved from /home/kali/Desktop/projects/git/bank_data_processing/myenv/lib/python3.11/site-packages/airflow/example_dags/plugins/workday.py
[2024-07-12T01:47:46.117+0530] {processor.py:183} INFO - Processing /home/kali/Desktop/projects/git/bank_data_processing/myenv/lib/python3.11/site-packages/airflow/example_dags/plugins/workday.py took 0.026 seconds
[2024-07-12T01:48:16.163+0530] {processor.py:161} INFO - Started process (PID=37047) to work on /home/kali/Desktop/projects/git/bank_data_processing/myenv/lib/python3.11/site-packages/airflow/example_dags/plugins/workday.py
[2024-07-12T01:48:16.164+0530] {processor.py:830} INFO - Processing file /home/kali/Desktop/projects/git/bank_data_processing/myenv/lib/python3.11/site-packages/airflow/example_dags/plugins/workday.py for tasks to queue
[2024-07-12T01:48:16.166+0530] {logging_mixin.py:188} INFO - [2024-07-12T01:48:16.165+0530] {dagbag.py:545} INFO - Filling up the DagBag from /home/kali/Desktop/projects/git/bank_data_processing/myenv/lib/python3.11/site-packages/airflow/example_dags/plugins/workday.py
[2024-07-12T01:48:16.168+0530] {logging_mixin.py:188} INFO - [2024-07-12T01:48:16.168+0530] {workday.py:41} WARNING - Could not import pandas. Holidays will not be considered.
[2024-07-12T01:48:16.169+0530] {processor.py:842} WARNING - No viable dags retrieved from /home/kali/Desktop/projects/git/bank_data_processing/myenv/lib/python3.11/site-packages/airflow/example_dags/plugins/workday.py
[2024-07-12T01:48:16.182+0530] {processor.py:183} INFO - Processing /home/kali/Desktop/projects/git/bank_data_processing/myenv/lib/python3.11/site-packages/airflow/example_dags/plugins/workday.py took 0.025 seconds
[2024-07-12T01:48:47.099+0530] {processor.py:161} INFO - Started process (PID=37430) to work on /home/kali/Desktop/projects/git/bank_data_processing/myenv/lib/python3.11/site-packages/airflow/example_dags/plugins/workday.py
[2024-07-12T01:48:47.100+0530] {processor.py:830} INFO - Processing file /home/kali/Desktop/projects/git/bank_data_processing/myenv/lib/python3.11/site-packages/airflow/example_dags/plugins/workday.py for tasks to queue
[2024-07-12T01:48:47.102+0530] {logging_mixin.py:188} INFO - [2024-07-12T01:48:47.102+0530] {dagbag.py:545} INFO - Filling up the DagBag from /home/kali/Desktop/projects/git/bank_data_processing/myenv/lib/python3.11/site-packages/airflow/example_dags/plugins/workday.py
[2024-07-12T01:48:47.105+0530] {logging_mixin.py:188} INFO - [2024-07-12T01:48:47.105+0530] {workday.py:41} WARNING - Could not import pandas. Holidays will not be considered.
[2024-07-12T01:48:47.105+0530] {processor.py:842} WARNING - No viable dags retrieved from /home/kali/Desktop/projects/git/bank_data_processing/myenv/lib/python3.11/site-packages/airflow/example_dags/plugins/workday.py
[2024-07-12T01:48:47.117+0530] {processor.py:183} INFO - Processing /home/kali/Desktop/projects/git/bank_data_processing/myenv/lib/python3.11/site-packages/airflow/example_dags/plugins/workday.py took 0.025 seconds
[2024-07-12T01:49:17.665+0530] {processor.py:161} INFO - Started process (PID=37904) to work on /home/kali/Desktop/projects/git/bank_data_processing/myenv/lib/python3.11/site-packages/airflow/example_dags/plugins/workday.py
[2024-07-12T01:49:17.666+0530] {processor.py:830} INFO - Processing file /home/kali/Desktop/projects/git/bank_data_processing/myenv/lib/python3.11/site-packages/airflow/example_dags/plugins/workday.py for tasks to queue
[2024-07-12T01:49:17.668+0530] {logging_mixin.py:188} INFO - [2024-07-12T01:49:17.668+0530] {dagbag.py:545} INFO - Filling up the DagBag from /home/kali/Desktop/projects/git/bank_data_processing/myenv/lib/python3.11/site-packages/airflow/example_dags/plugins/workday.py
[2024-07-12T01:49:17.671+0530] {logging_mixin.py:188} INFO - [2024-07-12T01:49:17.671+0530] {workday.py:41} WARNING - Could not import pandas. Holidays will not be considered.
[2024-07-12T01:49:17.671+0530] {processor.py:842} WARNING - No viable dags retrieved from /home/kali/Desktop/projects/git/bank_data_processing/myenv/lib/python3.11/site-packages/airflow/example_dags/plugins/workday.py
[2024-07-12T01:49:17.686+0530] {processor.py:183} INFO - Processing /home/kali/Desktop/projects/git/bank_data_processing/myenv/lib/python3.11/site-packages/airflow/example_dags/plugins/workday.py took 0.028 seconds
[2024-07-12T01:49:47.994+0530] {processor.py:161} INFO - Started process (PID=38223) to work on /home/kali/Desktop/projects/git/bank_data_processing/myenv/lib/python3.11/site-packages/airflow/example_dags/plugins/workday.py
[2024-07-12T01:49:47.995+0530] {processor.py:830} INFO - Processing file /home/kali/Desktop/projects/git/bank_data_processing/myenv/lib/python3.11/site-packages/airflow/example_dags/plugins/workday.py for tasks to queue
[2024-07-12T01:49:47.997+0530] {logging_mixin.py:188} INFO - [2024-07-12T01:49:47.997+0530] {dagbag.py:545} INFO - Filling up the DagBag from /home/kali/Desktop/projects/git/bank_data_processing/myenv/lib/python3.11/site-packages/airflow/example_dags/plugins/workday.py
[2024-07-12T01:49:48.000+0530] {logging_mixin.py:188} INFO - [2024-07-12T01:49:48.000+0530] {workday.py:41} WARNING - Could not import pandas. Holidays will not be considered.
[2024-07-12T01:49:48.001+0530] {processor.py:842} WARNING - No viable dags retrieved from /home/kali/Desktop/projects/git/bank_data_processing/myenv/lib/python3.11/site-packages/airflow/example_dags/plugins/workday.py
[2024-07-12T01:49:48.018+0530] {processor.py:183} INFO - Processing /home/kali/Desktop/projects/git/bank_data_processing/myenv/lib/python3.11/site-packages/airflow/example_dags/plugins/workday.py took 0.035 seconds
[2024-07-12T01:50:19.359+0530] {processor.py:161} INFO - Started process (PID=38586) to work on /home/kali/Desktop/projects/git/bank_data_processing/myenv/lib/python3.11/site-packages/airflow/example_dags/plugins/workday.py
[2024-07-12T01:50:19.360+0530] {processor.py:830} INFO - Processing file /home/kali/Desktop/projects/git/bank_data_processing/myenv/lib/python3.11/site-packages/airflow/example_dags/plugins/workday.py for tasks to queue
[2024-07-12T01:50:19.363+0530] {logging_mixin.py:188} INFO - [2024-07-12T01:50:19.362+0530] {dagbag.py:545} INFO - Filling up the DagBag from /home/kali/Desktop/projects/git/bank_data_processing/myenv/lib/python3.11/site-packages/airflow/example_dags/plugins/workday.py
[2024-07-12T01:50:19.370+0530] {logging_mixin.py:188} INFO - [2024-07-12T01:50:19.369+0530] {workday.py:41} WARNING - Could not import pandas. Holidays will not be considered.
[2024-07-12T01:50:19.370+0530] {processor.py:842} WARNING - No viable dags retrieved from /home/kali/Desktop/projects/git/bank_data_processing/myenv/lib/python3.11/site-packages/airflow/example_dags/plugins/workday.py
[2024-07-12T01:50:19.392+0530] {processor.py:183} INFO - Processing /home/kali/Desktop/projects/git/bank_data_processing/myenv/lib/python3.11/site-packages/airflow/example_dags/plugins/workday.py took 0.044 seconds
[2024-07-12T01:50:49.889+0530] {processor.py:161} INFO - Started process (PID=39021) to work on /home/kali/Desktop/projects/git/bank_data_processing/myenv/lib/python3.11/site-packages/airflow/example_dags/plugins/workday.py
[2024-07-12T01:50:49.890+0530] {processor.py:830} INFO - Processing file /home/kali/Desktop/projects/git/bank_data_processing/myenv/lib/python3.11/site-packages/airflow/example_dags/plugins/workday.py for tasks to queue
[2024-07-12T01:50:49.892+0530] {logging_mixin.py:188} INFO - [2024-07-12T01:50:49.892+0530] {dagbag.py:545} INFO - Filling up the DagBag from /home/kali/Desktop/projects/git/bank_data_processing/myenv/lib/python3.11/site-packages/airflow/example_dags/plugins/workday.py
[2024-07-12T01:50:49.895+0530] {logging_mixin.py:188} INFO - [2024-07-12T01:50:49.895+0530] {workday.py:41} WARNING - Could not import pandas. Holidays will not be considered.
[2024-07-12T01:50:49.896+0530] {processor.py:842} WARNING - No viable dags retrieved from /home/kali/Desktop/projects/git/bank_data_processing/myenv/lib/python3.11/site-packages/airflow/example_dags/plugins/workday.py
[2024-07-12T01:50:49.910+0530] {processor.py:183} INFO - Processing /home/kali/Desktop/projects/git/bank_data_processing/myenv/lib/python3.11/site-packages/airflow/example_dags/plugins/workday.py took 0.027 seconds
[2024-07-12T01:51:20.093+0530] {processor.py:161} INFO - Started process (PID=39427) to work on /home/kali/Desktop/projects/git/bank_data_processing/myenv/lib/python3.11/site-packages/airflow/example_dags/plugins/workday.py
[2024-07-12T01:51:20.095+0530] {processor.py:830} INFO - Processing file /home/kali/Desktop/projects/git/bank_data_processing/myenv/lib/python3.11/site-packages/airflow/example_dags/plugins/workday.py for tasks to queue
[2024-07-12T01:51:20.097+0530] {logging_mixin.py:188} INFO - [2024-07-12T01:51:20.097+0530] {dagbag.py:545} INFO - Filling up the DagBag from /home/kali/Desktop/projects/git/bank_data_processing/myenv/lib/python3.11/site-packages/airflow/example_dags/plugins/workday.py
[2024-07-12T01:51:20.101+0530] {logging_mixin.py:188} INFO - [2024-07-12T01:51:20.101+0530] {workday.py:41} WARNING - Could not import pandas. Holidays will not be considered.
[2024-07-12T01:51:20.102+0530] {processor.py:842} WARNING - No viable dags retrieved from /home/kali/Desktop/projects/git/bank_data_processing/myenv/lib/python3.11/site-packages/airflow/example_dags/plugins/workday.py
[2024-07-12T01:51:20.119+0530] {processor.py:183} INFO - Processing /home/kali/Desktop/projects/git/bank_data_processing/myenv/lib/python3.11/site-packages/airflow/example_dags/plugins/workday.py took 0.034 seconds
[2024-07-12T01:51:51.347+0530] {processor.py:161} INFO - Started process (PID=40012) to work on /home/kali/Desktop/projects/git/bank_data_processing/myenv/lib/python3.11/site-packages/airflow/example_dags/plugins/workday.py
[2024-07-12T01:51:51.349+0530] {processor.py:830} INFO - Processing file /home/kali/Desktop/projects/git/bank_data_processing/myenv/lib/python3.11/site-packages/airflow/example_dags/plugins/workday.py for tasks to queue
[2024-07-12T01:51:51.355+0530] {logging_mixin.py:188} INFO - [2024-07-12T01:51:51.354+0530] {dagbag.py:545} INFO - Filling up the DagBag from /home/kali/Desktop/projects/git/bank_data_processing/myenv/lib/python3.11/site-packages/airflow/example_dags/plugins/workday.py
[2024-07-12T01:51:51.359+0530] {logging_mixin.py:188} INFO - [2024-07-12T01:51:51.359+0530] {workday.py:41} WARNING - Could not import pandas. Holidays will not be considered.
[2024-07-12T01:51:51.361+0530] {processor.py:842} WARNING - No viable dags retrieved from /home/kali/Desktop/projects/git/bank_data_processing/myenv/lib/python3.11/site-packages/airflow/example_dags/plugins/workday.py
[2024-07-12T01:51:51.387+0530] {processor.py:183} INFO - Processing /home/kali/Desktop/projects/git/bank_data_processing/myenv/lib/python3.11/site-packages/airflow/example_dags/plugins/workday.py took 0.055 seconds
[2024-07-12T01:52:21.449+0530] {processor.py:161} INFO - Started process (PID=40688) to work on /home/kali/Desktop/projects/git/bank_data_processing/myenv/lib/python3.11/site-packages/airflow/example_dags/plugins/workday.py
[2024-07-12T01:52:21.450+0530] {processor.py:830} INFO - Processing file /home/kali/Desktop/projects/git/bank_data_processing/myenv/lib/python3.11/site-packages/airflow/example_dags/plugins/workday.py for tasks to queue
[2024-07-12T01:52:21.452+0530] {logging_mixin.py:188} INFO - [2024-07-12T01:52:21.451+0530] {dagbag.py:545} INFO - Filling up the DagBag from /home/kali/Desktop/projects/git/bank_data_processing/myenv/lib/python3.11/site-packages/airflow/example_dags/plugins/workday.py
[2024-07-12T01:52:21.826+0530] {processor.py:842} WARNING - No viable dags retrieved from /home/kali/Desktop/projects/git/bank_data_processing/myenv/lib/python3.11/site-packages/airflow/example_dags/plugins/workday.py
[2024-07-12T01:52:21.836+0530] {processor.py:183} INFO - Processing /home/kali/Desktop/projects/git/bank_data_processing/myenv/lib/python3.11/site-packages/airflow/example_dags/plugins/workday.py took 0.395 seconds
[2024-07-12T01:52:52.724+0530] {processor.py:161} INFO - Started process (PID=41337) to work on /home/kali/Desktop/projects/git/bank_data_processing/myenv/lib/python3.11/site-packages/airflow/example_dags/plugins/workday.py
[2024-07-12T01:52:52.725+0530] {processor.py:830} INFO - Processing file /home/kali/Desktop/projects/git/bank_data_processing/myenv/lib/python3.11/site-packages/airflow/example_dags/plugins/workday.py for tasks to queue
[2024-07-12T01:52:52.728+0530] {logging_mixin.py:188} INFO - [2024-07-12T01:52:52.728+0530] {dagbag.py:545} INFO - Filling up the DagBag from /home/kali/Desktop/projects/git/bank_data_processing/myenv/lib/python3.11/site-packages/airflow/example_dags/plugins/workday.py
[2024-07-12T01:52:53.067+0530] {processor.py:842} WARNING - No viable dags retrieved from /home/kali/Desktop/projects/git/bank_data_processing/myenv/lib/python3.11/site-packages/airflow/example_dags/plugins/workday.py
[2024-07-12T01:52:53.077+0530] {processor.py:183} INFO - Processing /home/kali/Desktop/projects/git/bank_data_processing/myenv/lib/python3.11/site-packages/airflow/example_dags/plugins/workday.py took 0.364 seconds
[2024-07-12T01:53:23.138+0530] {processor.py:161} INFO - Started process (PID=41975) to work on /home/kali/Desktop/projects/git/bank_data_processing/myenv/lib/python3.11/site-packages/airflow/example_dags/plugins/workday.py
[2024-07-12T01:53:23.139+0530] {processor.py:830} INFO - Processing file /home/kali/Desktop/projects/git/bank_data_processing/myenv/lib/python3.11/site-packages/airflow/example_dags/plugins/workday.py for tasks to queue
[2024-07-12T01:53:23.140+0530] {logging_mixin.py:188} INFO - [2024-07-12T01:53:23.140+0530] {dagbag.py:545} INFO - Filling up the DagBag from /home/kali/Desktop/projects/git/bank_data_processing/myenv/lib/python3.11/site-packages/airflow/example_dags/plugins/workday.py
[2024-07-12T01:53:23.424+0530] {processor.py:842} WARNING - No viable dags retrieved from /home/kali/Desktop/projects/git/bank_data_processing/myenv/lib/python3.11/site-packages/airflow/example_dags/plugins/workday.py
[2024-07-12T01:53:23.434+0530] {processor.py:183} INFO - Processing /home/kali/Desktop/projects/git/bank_data_processing/myenv/lib/python3.11/site-packages/airflow/example_dags/plugins/workday.py took 0.303 seconds
[2024-07-12T01:53:53.531+0530] {processor.py:161} INFO - Started process (PID=42694) to work on /home/kali/Desktop/projects/git/bank_data_processing/myenv/lib/python3.11/site-packages/airflow/example_dags/plugins/workday.py
[2024-07-12T01:53:53.533+0530] {processor.py:830} INFO - Processing file /home/kali/Desktop/projects/git/bank_data_processing/myenv/lib/python3.11/site-packages/airflow/example_dags/plugins/workday.py for tasks to queue
[2024-07-12T01:53:53.536+0530] {logging_mixin.py:188} INFO - [2024-07-12T01:53:53.535+0530] {dagbag.py:545} INFO - Filling up the DagBag from /home/kali/Desktop/projects/git/bank_data_processing/myenv/lib/python3.11/site-packages/airflow/example_dags/plugins/workday.py
[2024-07-12T01:53:53.952+0530] {processor.py:842} WARNING - No viable dags retrieved from /home/kali/Desktop/projects/git/bank_data_processing/myenv/lib/python3.11/site-packages/airflow/example_dags/plugins/workday.py
[2024-07-12T01:53:53.963+0530] {processor.py:183} INFO - Processing /home/kali/Desktop/projects/git/bank_data_processing/myenv/lib/python3.11/site-packages/airflow/example_dags/plugins/workday.py took 0.442 seconds
[2024-07-12T01:54:24.046+0530] {processor.py:161} INFO - Started process (PID=43328) to work on /home/kali/Desktop/projects/git/bank_data_processing/myenv/lib/python3.11/site-packages/airflow/example_dags/plugins/workday.py
[2024-07-12T01:54:24.048+0530] {processor.py:830} INFO - Processing file /home/kali/Desktop/projects/git/bank_data_processing/myenv/lib/python3.11/site-packages/airflow/example_dags/plugins/workday.py for tasks to queue
[2024-07-12T01:54:24.050+0530] {logging_mixin.py:188} INFO - [2024-07-12T01:54:24.050+0530] {dagbag.py:545} INFO - Filling up the DagBag from /home/kali/Desktop/projects/git/bank_data_processing/myenv/lib/python3.11/site-packages/airflow/example_dags/plugins/workday.py
[2024-07-12T01:54:24.378+0530] {processor.py:842} WARNING - No viable dags retrieved from /home/kali/Desktop/projects/git/bank_data_processing/myenv/lib/python3.11/site-packages/airflow/example_dags/plugins/workday.py
[2024-07-12T01:54:24.388+0530] {processor.py:183} INFO - Processing /home/kali/Desktop/projects/git/bank_data_processing/myenv/lib/python3.11/site-packages/airflow/example_dags/plugins/workday.py took 0.354 seconds
[2024-07-12T01:54:55.119+0530] {processor.py:161} INFO - Started process (PID=43908) to work on /home/kali/Desktop/projects/git/bank_data_processing/myenv/lib/python3.11/site-packages/airflow/example_dags/plugins/workday.py
[2024-07-12T01:54:55.120+0530] {processor.py:830} INFO - Processing file /home/kali/Desktop/projects/git/bank_data_processing/myenv/lib/python3.11/site-packages/airflow/example_dags/plugins/workday.py for tasks to queue
[2024-07-12T01:54:55.122+0530] {logging_mixin.py:188} INFO - [2024-07-12T01:54:55.121+0530] {dagbag.py:545} INFO - Filling up the DagBag from /home/kali/Desktop/projects/git/bank_data_processing/myenv/lib/python3.11/site-packages/airflow/example_dags/plugins/workday.py
[2024-07-12T01:54:55.457+0530] {processor.py:842} WARNING - No viable dags retrieved from /home/kali/Desktop/projects/git/bank_data_processing/myenv/lib/python3.11/site-packages/airflow/example_dags/plugins/workday.py
[2024-07-12T01:54:55.467+0530] {processor.py:183} INFO - Processing /home/kali/Desktop/projects/git/bank_data_processing/myenv/lib/python3.11/site-packages/airflow/example_dags/plugins/workday.py took 0.361 seconds
[2024-07-12T01:55:25.594+0530] {processor.py:161} INFO - Started process (PID=44434) to work on /home/kali/Desktop/projects/git/bank_data_processing/myenv/lib/python3.11/site-packages/airflow/example_dags/plugins/workday.py
[2024-07-12T01:55:25.595+0530] {processor.py:830} INFO - Processing file /home/kali/Desktop/projects/git/bank_data_processing/myenv/lib/python3.11/site-packages/airflow/example_dags/plugins/workday.py for tasks to queue
[2024-07-12T01:55:25.597+0530] {logging_mixin.py:188} INFO - [2024-07-12T01:55:25.596+0530] {dagbag.py:545} INFO - Filling up the DagBag from /home/kali/Desktop/projects/git/bank_data_processing/myenv/lib/python3.11/site-packages/airflow/example_dags/plugins/workday.py
[2024-07-12T01:55:25.991+0530] {processor.py:842} WARNING - No viable dags retrieved from /home/kali/Desktop/projects/git/bank_data_processing/myenv/lib/python3.11/site-packages/airflow/example_dags/plugins/workday.py
[2024-07-12T01:55:26.004+0530] {processor.py:183} INFO - Processing /home/kali/Desktop/projects/git/bank_data_processing/myenv/lib/python3.11/site-packages/airflow/example_dags/plugins/workday.py took 0.419 seconds
[2024-07-12T01:55:56.628+0530] {processor.py:161} INFO - Started process (PID=44925) to work on /home/kali/Desktop/projects/git/bank_data_processing/myenv/lib/python3.11/site-packages/airflow/example_dags/plugins/workday.py
[2024-07-12T01:55:56.629+0530] {processor.py:830} INFO - Processing file /home/kali/Desktop/projects/git/bank_data_processing/myenv/lib/python3.11/site-packages/airflow/example_dags/plugins/workday.py for tasks to queue
[2024-07-12T01:55:56.633+0530] {logging_mixin.py:188} INFO - [2024-07-12T01:55:56.632+0530] {dagbag.py:545} INFO - Filling up the DagBag from /home/kali/Desktop/projects/git/bank_data_processing/myenv/lib/python3.11/site-packages/airflow/example_dags/plugins/workday.py
[2024-07-12T01:55:57.022+0530] {processor.py:842} WARNING - No viable dags retrieved from /home/kali/Desktop/projects/git/bank_data_processing/myenv/lib/python3.11/site-packages/airflow/example_dags/plugins/workday.py
[2024-07-12T01:55:57.033+0530] {processor.py:183} INFO - Processing /home/kali/Desktop/projects/git/bank_data_processing/myenv/lib/python3.11/site-packages/airflow/example_dags/plugins/workday.py took 0.416 seconds
[2024-07-12T01:56:27.336+0530] {processor.py:161} INFO - Started process (PID=45396) to work on /home/kali/Desktop/projects/git/bank_data_processing/myenv/lib/python3.11/site-packages/airflow/example_dags/plugins/workday.py
[2024-07-12T01:56:27.337+0530] {processor.py:830} INFO - Processing file /home/kali/Desktop/projects/git/bank_data_processing/myenv/lib/python3.11/site-packages/airflow/example_dags/plugins/workday.py for tasks to queue
[2024-07-12T01:56:27.339+0530] {logging_mixin.py:188} INFO - [2024-07-12T01:56:27.338+0530] {dagbag.py:545} INFO - Filling up the DagBag from /home/kali/Desktop/projects/git/bank_data_processing/myenv/lib/python3.11/site-packages/airflow/example_dags/plugins/workday.py
[2024-07-12T01:56:27.671+0530] {processor.py:842} WARNING - No viable dags retrieved from /home/kali/Desktop/projects/git/bank_data_processing/myenv/lib/python3.11/site-packages/airflow/example_dags/plugins/workday.py
[2024-07-12T01:56:27.683+0530] {processor.py:183} INFO - Processing /home/kali/Desktop/projects/git/bank_data_processing/myenv/lib/python3.11/site-packages/airflow/example_dags/plugins/workday.py took 0.355 seconds
[2024-07-12T01:56:58.497+0530] {processor.py:161} INFO - Started process (PID=45973) to work on /home/kali/Desktop/projects/git/bank_data_processing/myenv/lib/python3.11/site-packages/airflow/example_dags/plugins/workday.py
[2024-07-12T01:56:58.503+0530] {processor.py:830} INFO - Processing file /home/kali/Desktop/projects/git/bank_data_processing/myenv/lib/python3.11/site-packages/airflow/example_dags/plugins/workday.py for tasks to queue
[2024-07-12T01:56:58.506+0530] {logging_mixin.py:188} INFO - [2024-07-12T01:56:58.506+0530] {dagbag.py:545} INFO - Filling up the DagBag from /home/kali/Desktop/projects/git/bank_data_processing/myenv/lib/python3.11/site-packages/airflow/example_dags/plugins/workday.py
[2024-07-12T01:56:58.867+0530] {processor.py:842} WARNING - No viable dags retrieved from /home/kali/Desktop/projects/git/bank_data_processing/myenv/lib/python3.11/site-packages/airflow/example_dags/plugins/workday.py
[2024-07-12T01:56:58.877+0530] {processor.py:183} INFO - Processing /home/kali/Desktop/projects/git/bank_data_processing/myenv/lib/python3.11/site-packages/airflow/example_dags/plugins/workday.py took 0.396 seconds
[2024-07-12T01:57:28.996+0530] {processor.py:161} INFO - Started process (PID=46503) to work on /home/kali/Desktop/projects/git/bank_data_processing/myenv/lib/python3.11/site-packages/airflow/example_dags/plugins/workday.py
[2024-07-12T01:57:29.002+0530] {processor.py:830} INFO - Processing file /home/kali/Desktop/projects/git/bank_data_processing/myenv/lib/python3.11/site-packages/airflow/example_dags/plugins/workday.py for tasks to queue
[2024-07-12T01:57:29.005+0530] {logging_mixin.py:188} INFO - [2024-07-12T01:57:29.004+0530] {dagbag.py:545} INFO - Filling up the DagBag from /home/kali/Desktop/projects/git/bank_data_processing/myenv/lib/python3.11/site-packages/airflow/example_dags/plugins/workday.py
[2024-07-12T01:57:29.504+0530] {processor.py:842} WARNING - No viable dags retrieved from /home/kali/Desktop/projects/git/bank_data_processing/myenv/lib/python3.11/site-packages/airflow/example_dags/plugins/workday.py
[2024-07-12T01:57:29.519+0530] {processor.py:183} INFO - Processing /home/kali/Desktop/projects/git/bank_data_processing/myenv/lib/python3.11/site-packages/airflow/example_dags/plugins/workday.py took 0.535 seconds
[2024-07-12T01:57:59.998+0530] {processor.py:161} INFO - Started process (PID=46996) to work on /home/kali/Desktop/projects/git/bank_data_processing/myenv/lib/python3.11/site-packages/airflow/example_dags/plugins/workday.py
[2024-07-12T01:58:00.004+0530] {processor.py:830} INFO - Processing file /home/kali/Desktop/projects/git/bank_data_processing/myenv/lib/python3.11/site-packages/airflow/example_dags/plugins/workday.py for tasks to queue
[2024-07-12T01:58:00.006+0530] {logging_mixin.py:188} INFO - [2024-07-12T01:58:00.005+0530] {dagbag.py:545} INFO - Filling up the DagBag from /home/kali/Desktop/projects/git/bank_data_processing/myenv/lib/python3.11/site-packages/airflow/example_dags/plugins/workday.py
[2024-07-12T01:58:00.340+0530] {processor.py:842} WARNING - No viable dags retrieved from /home/kali/Desktop/projects/git/bank_data_processing/myenv/lib/python3.11/site-packages/airflow/example_dags/plugins/workday.py
[2024-07-12T01:58:00.352+0530] {processor.py:183} INFO - Processing /home/kali/Desktop/projects/git/bank_data_processing/myenv/lib/python3.11/site-packages/airflow/example_dags/plugins/workday.py took 0.367 seconds
[2024-07-12T01:58:30.682+0530] {processor.py:161} INFO - Started process (PID=47474) to work on /home/kali/Desktop/projects/git/bank_data_processing/myenv/lib/python3.11/site-packages/airflow/example_dags/plugins/workday.py
[2024-07-12T01:58:30.683+0530] {processor.py:830} INFO - Processing file /home/kali/Desktop/projects/git/bank_data_processing/myenv/lib/python3.11/site-packages/airflow/example_dags/plugins/workday.py for tasks to queue
[2024-07-12T01:58:30.688+0530] {logging_mixin.py:188} INFO - [2024-07-12T01:58:30.687+0530] {dagbag.py:545} INFO - Filling up the DagBag from /home/kali/Desktop/projects/git/bank_data_processing/myenv/lib/python3.11/site-packages/airflow/example_dags/plugins/workday.py
[2024-07-12T01:58:31.249+0530] {processor.py:842} WARNING - No viable dags retrieved from /home/kali/Desktop/projects/git/bank_data_processing/myenv/lib/python3.11/site-packages/airflow/example_dags/plugins/workday.py
[2024-07-12T01:58:31.267+0530] {processor.py:183} INFO - Processing /home/kali/Desktop/projects/git/bank_data_processing/myenv/lib/python3.11/site-packages/airflow/example_dags/plugins/workday.py took 0.601 seconds
[2024-07-12T01:59:02.051+0530] {processor.py:161} INFO - Started process (PID=47968) to work on /home/kali/Desktop/projects/git/bank_data_processing/myenv/lib/python3.11/site-packages/airflow/example_dags/plugins/workday.py
[2024-07-12T01:59:02.055+0530] {processor.py:830} INFO - Processing file /home/kali/Desktop/projects/git/bank_data_processing/myenv/lib/python3.11/site-packages/airflow/example_dags/plugins/workday.py for tasks to queue
[2024-07-12T01:59:02.059+0530] {logging_mixin.py:188} INFO - [2024-07-12T01:59:02.058+0530] {dagbag.py:545} INFO - Filling up the DagBag from /home/kali/Desktop/projects/git/bank_data_processing/myenv/lib/python3.11/site-packages/airflow/example_dags/plugins/workday.py
[2024-07-12T01:59:02.720+0530] {processor.py:842} WARNING - No viable dags retrieved from /home/kali/Desktop/projects/git/bank_data_processing/myenv/lib/python3.11/site-packages/airflow/example_dags/plugins/workday.py
[2024-07-12T01:59:02.734+0530] {processor.py:183} INFO - Processing /home/kali/Desktop/projects/git/bank_data_processing/myenv/lib/python3.11/site-packages/airflow/example_dags/plugins/workday.py took 0.694 seconds
[2024-07-12T01:59:32.941+0530] {processor.py:161} INFO - Started process (PID=48604) to work on /home/kali/Desktop/projects/git/bank_data_processing/myenv/lib/python3.11/site-packages/airflow/example_dags/plugins/workday.py
[2024-07-12T01:59:32.942+0530] {processor.py:830} INFO - Processing file /home/kali/Desktop/projects/git/bank_data_processing/myenv/lib/python3.11/site-packages/airflow/example_dags/plugins/workday.py for tasks to queue
[2024-07-12T01:59:32.945+0530] {logging_mixin.py:188} INFO - [2024-07-12T01:59:32.944+0530] {dagbag.py:545} INFO - Filling up the DagBag from /home/kali/Desktop/projects/git/bank_data_processing/myenv/lib/python3.11/site-packages/airflow/example_dags/plugins/workday.py
[2024-07-12T01:59:33.371+0530] {processor.py:842} WARNING - No viable dags retrieved from /home/kali/Desktop/projects/git/bank_data_processing/myenv/lib/python3.11/site-packages/airflow/example_dags/plugins/workday.py
[2024-07-12T01:59:33.381+0530] {processor.py:183} INFO - Processing /home/kali/Desktop/projects/git/bank_data_processing/myenv/lib/python3.11/site-packages/airflow/example_dags/plugins/workday.py took 0.453 seconds
[2024-07-12T02:00:15.451+0530] {processor.py:161} INFO - Started process (PID=49671) to work on /home/kali/Desktop/projects/git/bank_data_processing/myenv/lib/python3.11/site-packages/airflow/example_dags/plugins/workday.py
[2024-07-12T02:00:15.453+0530] {processor.py:830} INFO - Processing file /home/kali/Desktop/projects/git/bank_data_processing/myenv/lib/python3.11/site-packages/airflow/example_dags/plugins/workday.py for tasks to queue
[2024-07-12T02:00:15.456+0530] {logging_mixin.py:188} INFO - [2024-07-12T02:00:15.455+0530] {dagbag.py:545} INFO - Filling up the DagBag from /home/kali/Desktop/projects/git/bank_data_processing/myenv/lib/python3.11/site-packages/airflow/example_dags/plugins/workday.py
[2024-07-12T02:00:16.368+0530] {processor.py:842} WARNING - No viable dags retrieved from /home/kali/Desktop/projects/git/bank_data_processing/myenv/lib/python3.11/site-packages/airflow/example_dags/plugins/workday.py
[2024-07-12T02:00:16.386+0530] {processor.py:183} INFO - Processing /home/kali/Desktop/projects/git/bank_data_processing/myenv/lib/python3.11/site-packages/airflow/example_dags/plugins/workday.py took 0.946 seconds
[2024-07-12T02:00:46.497+0530] {processor.py:161} INFO - Started process (PID=50329) to work on /home/kali/Desktop/projects/git/bank_data_processing/myenv/lib/python3.11/site-packages/airflow/example_dags/plugins/workday.py
[2024-07-12T02:00:46.498+0530] {processor.py:830} INFO - Processing file /home/kali/Desktop/projects/git/bank_data_processing/myenv/lib/python3.11/site-packages/airflow/example_dags/plugins/workday.py for tasks to queue
[2024-07-12T02:00:46.502+0530] {logging_mixin.py:188} INFO - [2024-07-12T02:00:46.500+0530] {dagbag.py:545} INFO - Filling up the DagBag from /home/kali/Desktop/projects/git/bank_data_processing/myenv/lib/python3.11/site-packages/airflow/example_dags/plugins/workday.py
[2024-07-12T02:00:47.083+0530] {processor.py:842} WARNING - No viable dags retrieved from /home/kali/Desktop/projects/git/bank_data_processing/myenv/lib/python3.11/site-packages/airflow/example_dags/plugins/workday.py
[2024-07-12T02:00:47.095+0530] {processor.py:183} INFO - Processing /home/kali/Desktop/projects/git/bank_data_processing/myenv/lib/python3.11/site-packages/airflow/example_dags/plugins/workday.py took 0.605 seconds
[2024-07-12T02:01:19.308+0530] {processor.py:161} INFO - Started process (PID=50890) to work on /home/kali/Desktop/projects/git/bank_data_processing/myenv/lib/python3.11/site-packages/airflow/example_dags/plugins/workday.py
[2024-07-12T02:01:19.309+0530] {processor.py:830} INFO - Processing file /home/kali/Desktop/projects/git/bank_data_processing/myenv/lib/python3.11/site-packages/airflow/example_dags/plugins/workday.py for tasks to queue
[2024-07-12T02:01:19.313+0530] {logging_mixin.py:188} INFO - [2024-07-12T02:01:19.312+0530] {dagbag.py:545} INFO - Filling up the DagBag from /home/kali/Desktop/projects/git/bank_data_processing/myenv/lib/python3.11/site-packages/airflow/example_dags/plugins/workday.py
[2024-07-12T02:01:19.937+0530] {processor.py:842} WARNING - No viable dags retrieved from /home/kali/Desktop/projects/git/bank_data_processing/myenv/lib/python3.11/site-packages/airflow/example_dags/plugins/workday.py
[2024-07-12T02:01:19.952+0530] {processor.py:183} INFO - Processing /home/kali/Desktop/projects/git/bank_data_processing/myenv/lib/python3.11/site-packages/airflow/example_dags/plugins/workday.py took 0.652 seconds
[2024-07-12T02:01:52.282+0530] {processor.py:161} INFO - Started process (PID=51562) to work on /home/kali/Desktop/projects/git/bank_data_processing/myenv/lib/python3.11/site-packages/airflow/example_dags/plugins/workday.py
[2024-07-12T02:01:52.283+0530] {processor.py:830} INFO - Processing file /home/kali/Desktop/projects/git/bank_data_processing/myenv/lib/python3.11/site-packages/airflow/example_dags/plugins/workday.py for tasks to queue
[2024-07-12T02:01:52.285+0530] {logging_mixin.py:188} INFO - [2024-07-12T02:01:52.285+0530] {dagbag.py:545} INFO - Filling up the DagBag from /home/kali/Desktop/projects/git/bank_data_processing/myenv/lib/python3.11/site-packages/airflow/example_dags/plugins/workday.py
[2024-07-12T02:01:52.654+0530] {processor.py:842} WARNING - No viable dags retrieved from /home/kali/Desktop/projects/git/bank_data_processing/myenv/lib/python3.11/site-packages/airflow/example_dags/plugins/workday.py
[2024-07-12T02:01:52.666+0530] {processor.py:183} INFO - Processing /home/kali/Desktop/projects/git/bank_data_processing/myenv/lib/python3.11/site-packages/airflow/example_dags/plugins/workday.py took 0.394 seconds
[2024-07-12T02:02:22.869+0530] {processor.py:161} INFO - Started process (PID=52157) to work on /home/kali/Desktop/projects/git/bank_data_processing/myenv/lib/python3.11/site-packages/airflow/example_dags/plugins/workday.py
[2024-07-12T02:02:22.869+0530] {processor.py:830} INFO - Processing file /home/kali/Desktop/projects/git/bank_data_processing/myenv/lib/python3.11/site-packages/airflow/example_dags/plugins/workday.py for tasks to queue
[2024-07-12T02:02:22.871+0530] {logging_mixin.py:188} INFO - [2024-07-12T02:02:22.871+0530] {dagbag.py:545} INFO - Filling up the DagBag from /home/kali/Desktop/projects/git/bank_data_processing/myenv/lib/python3.11/site-packages/airflow/example_dags/plugins/workday.py
[2024-07-12T02:02:23.292+0530] {processor.py:842} WARNING - No viable dags retrieved from /home/kali/Desktop/projects/git/bank_data_processing/myenv/lib/python3.11/site-packages/airflow/example_dags/plugins/workday.py
[2024-07-12T02:02:23.301+0530] {processor.py:183} INFO - Processing /home/kali/Desktop/projects/git/bank_data_processing/myenv/lib/python3.11/site-packages/airflow/example_dags/plugins/workday.py took 0.440 seconds
[2024-07-12T02:02:53.457+0530] {processor.py:161} INFO - Started process (PID=52647) to work on /home/kali/Desktop/projects/git/bank_data_processing/myenv/lib/python3.11/site-packages/airflow/example_dags/plugins/workday.py
[2024-07-12T02:02:53.459+0530] {processor.py:830} INFO - Processing file /home/kali/Desktop/projects/git/bank_data_processing/myenv/lib/python3.11/site-packages/airflow/example_dags/plugins/workday.py for tasks to queue
[2024-07-12T02:02:53.463+0530] {logging_mixin.py:188} INFO - [2024-07-12T02:02:53.463+0530] {dagbag.py:545} INFO - Filling up the DagBag from /home/kali/Desktop/projects/git/bank_data_processing/myenv/lib/python3.11/site-packages/airflow/example_dags/plugins/workday.py
[2024-07-12T02:02:54.153+0530] {processor.py:842} WARNING - No viable dags retrieved from /home/kali/Desktop/projects/git/bank_data_processing/myenv/lib/python3.11/site-packages/airflow/example_dags/plugins/workday.py
[2024-07-12T02:02:54.174+0530] {processor.py:183} INFO - Processing /home/kali/Desktop/projects/git/bank_data_processing/myenv/lib/python3.11/site-packages/airflow/example_dags/plugins/workday.py took 0.728 seconds
[2024-07-12T02:03:24.839+0530] {processor.py:161} INFO - Started process (PID=53222) to work on /home/kali/Desktop/projects/git/bank_data_processing/myenv/lib/python3.11/site-packages/airflow/example_dags/plugins/workday.py
[2024-07-12T02:03:24.845+0530] {processor.py:830} INFO - Processing file /home/kali/Desktop/projects/git/bank_data_processing/myenv/lib/python3.11/site-packages/airflow/example_dags/plugins/workday.py for tasks to queue
[2024-07-12T02:03:24.847+0530] {logging_mixin.py:188} INFO - [2024-07-12T02:03:24.847+0530] {dagbag.py:545} INFO - Filling up the DagBag from /home/kali/Desktop/projects/git/bank_data_processing/myenv/lib/python3.11/site-packages/airflow/example_dags/plugins/workday.py
[2024-07-12T02:03:25.224+0530] {processor.py:842} WARNING - No viable dags retrieved from /home/kali/Desktop/projects/git/bank_data_processing/myenv/lib/python3.11/site-packages/airflow/example_dags/plugins/workday.py
[2024-07-12T02:03:25.234+0530] {processor.py:183} INFO - Processing /home/kali/Desktop/projects/git/bank_data_processing/myenv/lib/python3.11/site-packages/airflow/example_dags/plugins/workday.py took 0.406 seconds
[2024-07-12T02:03:55.265+0530] {processor.py:161} INFO - Started process (PID=53717) to work on /home/kali/Desktop/projects/git/bank_data_processing/myenv/lib/python3.11/site-packages/airflow/example_dags/plugins/workday.py
[2024-07-12T02:03:55.266+0530] {processor.py:830} INFO - Processing file /home/kali/Desktop/projects/git/bank_data_processing/myenv/lib/python3.11/site-packages/airflow/example_dags/plugins/workday.py for tasks to queue
[2024-07-12T02:03:55.268+0530] {logging_mixin.py:188} INFO - [2024-07-12T02:03:55.267+0530] {dagbag.py:545} INFO - Filling up the DagBag from /home/kali/Desktop/projects/git/bank_data_processing/myenv/lib/python3.11/site-packages/airflow/example_dags/plugins/workday.py
[2024-07-12T02:03:55.663+0530] {processor.py:842} WARNING - No viable dags retrieved from /home/kali/Desktop/projects/git/bank_data_processing/myenv/lib/python3.11/site-packages/airflow/example_dags/plugins/workday.py
[2024-07-12T02:03:55.678+0530] {processor.py:183} INFO - Processing /home/kali/Desktop/projects/git/bank_data_processing/myenv/lib/python3.11/site-packages/airflow/example_dags/plugins/workday.py took 0.418 seconds
[2024-07-12T02:04:26.344+0530] {processor.py:161} INFO - Started process (PID=54184) to work on /home/kali/Desktop/projects/git/bank_data_processing/myenv/lib/python3.11/site-packages/airflow/example_dags/plugins/workday.py
[2024-07-12T02:04:26.346+0530] {processor.py:830} INFO - Processing file /home/kali/Desktop/projects/git/bank_data_processing/myenv/lib/python3.11/site-packages/airflow/example_dags/plugins/workday.py for tasks to queue
[2024-07-12T02:04:26.348+0530] {logging_mixin.py:188} INFO - [2024-07-12T02:04:26.348+0530] {dagbag.py:545} INFO - Filling up the DagBag from /home/kali/Desktop/projects/git/bank_data_processing/myenv/lib/python3.11/site-packages/airflow/example_dags/plugins/workday.py
[2024-07-12T02:04:26.788+0530] {processor.py:842} WARNING - No viable dags retrieved from /home/kali/Desktop/projects/git/bank_data_processing/myenv/lib/python3.11/site-packages/airflow/example_dags/plugins/workday.py
[2024-07-12T02:04:26.804+0530] {processor.py:183} INFO - Processing /home/kali/Desktop/projects/git/bank_data_processing/myenv/lib/python3.11/site-packages/airflow/example_dags/plugins/workday.py took 0.470 seconds
[2024-07-12T02:04:58.041+0530] {processor.py:161} INFO - Started process (PID=54774) to work on /home/kali/Desktop/projects/git/bank_data_processing/myenv/lib/python3.11/site-packages/airflow/example_dags/plugins/workday.py
[2024-07-12T02:04:58.045+0530] {processor.py:830} INFO - Processing file /home/kali/Desktop/projects/git/bank_data_processing/myenv/lib/python3.11/site-packages/airflow/example_dags/plugins/workday.py for tasks to queue
[2024-07-12T02:04:58.053+0530] {logging_mixin.py:188} INFO - [2024-07-12T02:04:58.053+0530] {dagbag.py:545} INFO - Filling up the DagBag from /home/kali/Desktop/projects/git/bank_data_processing/myenv/lib/python3.11/site-packages/airflow/example_dags/plugins/workday.py
[2024-07-12T02:04:58.581+0530] {processor.py:842} WARNING - No viable dags retrieved from /home/kali/Desktop/projects/git/bank_data_processing/myenv/lib/python3.11/site-packages/airflow/example_dags/plugins/workday.py
[2024-07-12T02:04:58.601+0530] {processor.py:183} INFO - Processing /home/kali/Desktop/projects/git/bank_data_processing/myenv/lib/python3.11/site-packages/airflow/example_dags/plugins/workday.py took 0.571 seconds
[2024-07-12T02:05:29.393+0530] {processor.py:161} INFO - Started process (PID=55288) to work on /home/kali/Desktop/projects/git/bank_data_processing/myenv/lib/python3.11/site-packages/airflow/example_dags/plugins/workday.py
[2024-07-12T02:05:29.395+0530] {processor.py:830} INFO - Processing file /home/kali/Desktop/projects/git/bank_data_processing/myenv/lib/python3.11/site-packages/airflow/example_dags/plugins/workday.py for tasks to queue
[2024-07-12T02:05:29.398+0530] {logging_mixin.py:188} INFO - [2024-07-12T02:05:29.398+0530] {dagbag.py:545} INFO - Filling up the DagBag from /home/kali/Desktop/projects/git/bank_data_processing/myenv/lib/python3.11/site-packages/airflow/example_dags/plugins/workday.py
[2024-07-12T02:05:29.748+0530] {processor.py:842} WARNING - No viable dags retrieved from /home/kali/Desktop/projects/git/bank_data_processing/myenv/lib/python3.11/site-packages/airflow/example_dags/plugins/workday.py
[2024-07-12T02:05:29.758+0530] {processor.py:183} INFO - Processing /home/kali/Desktop/projects/git/bank_data_processing/myenv/lib/python3.11/site-packages/airflow/example_dags/plugins/workday.py took 0.373 seconds
[2024-07-12T02:06:02.336+0530] {processor.py:161} INFO - Started process (PID=55845) to work on /home/kali/Desktop/projects/git/bank_data_processing/myenv/lib/python3.11/site-packages/airflow/example_dags/plugins/workday.py
[2024-07-12T02:06:02.337+0530] {processor.py:830} INFO - Processing file /home/kali/Desktop/projects/git/bank_data_processing/myenv/lib/python3.11/site-packages/airflow/example_dags/plugins/workday.py for tasks to queue
[2024-07-12T02:06:02.339+0530] {logging_mixin.py:188} INFO - [2024-07-12T02:06:02.338+0530] {dagbag.py:545} INFO - Filling up the DagBag from /home/kali/Desktop/projects/git/bank_data_processing/myenv/lib/python3.11/site-packages/airflow/example_dags/plugins/workday.py
[2024-07-12T02:06:02.700+0530] {processor.py:842} WARNING - No viable dags retrieved from /home/kali/Desktop/projects/git/bank_data_processing/myenv/lib/python3.11/site-packages/airflow/example_dags/plugins/workday.py
[2024-07-12T02:06:02.712+0530] {processor.py:183} INFO - Processing /home/kali/Desktop/projects/git/bank_data_processing/myenv/lib/python3.11/site-packages/airflow/example_dags/plugins/workday.py took 0.384 seconds
[2024-07-12T02:06:35.291+0530] {processor.py:161} INFO - Started process (PID=56512) to work on /home/kali/Desktop/projects/git/bank_data_processing/myenv/lib/python3.11/site-packages/airflow/example_dags/plugins/workday.py
[2024-07-12T02:06:35.292+0530] {processor.py:830} INFO - Processing file /home/kali/Desktop/projects/git/bank_data_processing/myenv/lib/python3.11/site-packages/airflow/example_dags/plugins/workday.py for tasks to queue
[2024-07-12T02:06:35.294+0530] {logging_mixin.py:188} INFO - [2024-07-12T02:06:35.294+0530] {dagbag.py:545} INFO - Filling up the DagBag from /home/kali/Desktop/projects/git/bank_data_processing/myenv/lib/python3.11/site-packages/airflow/example_dags/plugins/workday.py
[2024-07-12T02:06:35.832+0530] {processor.py:842} WARNING - No viable dags retrieved from /home/kali/Desktop/projects/git/bank_data_processing/myenv/lib/python3.11/site-packages/airflow/example_dags/plugins/workday.py
[2024-07-12T02:06:35.848+0530] {processor.py:183} INFO - Processing /home/kali/Desktop/projects/git/bank_data_processing/myenv/lib/python3.11/site-packages/airflow/example_dags/plugins/workday.py took 0.566 seconds
[2024-07-12T02:07:05.902+0530] {processor.py:161} INFO - Started process (PID=57209) to work on /home/kali/Desktop/projects/git/bank_data_processing/myenv/lib/python3.11/site-packages/airflow/example_dags/plugins/workday.py
[2024-07-12T02:07:05.903+0530] {processor.py:830} INFO - Processing file /home/kali/Desktop/projects/git/bank_data_processing/myenv/lib/python3.11/site-packages/airflow/example_dags/plugins/workday.py for tasks to queue
[2024-07-12T02:07:05.905+0530] {logging_mixin.py:188} INFO - [2024-07-12T02:07:05.905+0530] {dagbag.py:545} INFO - Filling up the DagBag from /home/kali/Desktop/projects/git/bank_data_processing/myenv/lib/python3.11/site-packages/airflow/example_dags/plugins/workday.py
[2024-07-12T02:07:06.466+0530] {processor.py:842} WARNING - No viable dags retrieved from /home/kali/Desktop/projects/git/bank_data_processing/myenv/lib/python3.11/site-packages/airflow/example_dags/plugins/workday.py
[2024-07-12T02:07:06.480+0530] {processor.py:183} INFO - Processing /home/kali/Desktop/projects/git/bank_data_processing/myenv/lib/python3.11/site-packages/airflow/example_dags/plugins/workday.py took 0.586 seconds
[2024-07-12T02:07:37.033+0530] {processor.py:161} INFO - Started process (PID=57884) to work on /home/kali/Desktop/projects/git/bank_data_processing/myenv/lib/python3.11/site-packages/airflow/example_dags/plugins/workday.py
[2024-07-12T02:07:37.035+0530] {processor.py:830} INFO - Processing file /home/kali/Desktop/projects/git/bank_data_processing/myenv/lib/python3.11/site-packages/airflow/example_dags/plugins/workday.py for tasks to queue
[2024-07-12T02:07:37.040+0530] {logging_mixin.py:188} INFO - [2024-07-12T02:07:37.039+0530] {dagbag.py:545} INFO - Filling up the DagBag from /home/kali/Desktop/projects/git/bank_data_processing/myenv/lib/python3.11/site-packages/airflow/example_dags/plugins/workday.py
[2024-07-12T02:07:37.565+0530] {processor.py:842} WARNING - No viable dags retrieved from /home/kali/Desktop/projects/git/bank_data_processing/myenv/lib/python3.11/site-packages/airflow/example_dags/plugins/workday.py
[2024-07-12T02:07:37.580+0530] {processor.py:183} INFO - Processing /home/kali/Desktop/projects/git/bank_data_processing/myenv/lib/python3.11/site-packages/airflow/example_dags/plugins/workday.py took 0.559 seconds
[2024-07-12T02:08:08.093+0530] {processor.py:161} INFO - Started process (PID=58413) to work on /home/kali/Desktop/projects/git/bank_data_processing/myenv/lib/python3.11/site-packages/airflow/example_dags/plugins/workday.py
[2024-07-12T02:08:08.094+0530] {processor.py:830} INFO - Processing file /home/kali/Desktop/projects/git/bank_data_processing/myenv/lib/python3.11/site-packages/airflow/example_dags/plugins/workday.py for tasks to queue
[2024-07-12T02:08:08.096+0530] {logging_mixin.py:188} INFO - [2024-07-12T02:08:08.095+0530] {dagbag.py:545} INFO - Filling up the DagBag from /home/kali/Desktop/projects/git/bank_data_processing/myenv/lib/python3.11/site-packages/airflow/example_dags/plugins/workday.py
[2024-07-12T02:08:08.584+0530] {processor.py:842} WARNING - No viable dags retrieved from /home/kali/Desktop/projects/git/bank_data_processing/myenv/lib/python3.11/site-packages/airflow/example_dags/plugins/workday.py
[2024-07-12T02:08:08.594+0530] {processor.py:183} INFO - Processing /home/kali/Desktop/projects/git/bank_data_processing/myenv/lib/python3.11/site-packages/airflow/example_dags/plugins/workday.py took 0.509 seconds
[2024-07-12T02:08:39.334+0530] {processor.py:161} INFO - Started process (PID=58982) to work on /home/kali/Desktop/projects/git/bank_data_processing/myenv/lib/python3.11/site-packages/airflow/example_dags/plugins/workday.py
[2024-07-12T02:08:39.335+0530] {processor.py:830} INFO - Processing file /home/kali/Desktop/projects/git/bank_data_processing/myenv/lib/python3.11/site-packages/airflow/example_dags/plugins/workday.py for tasks to queue
[2024-07-12T02:08:39.337+0530] {logging_mixin.py:188} INFO - [2024-07-12T02:08:39.337+0530] {dagbag.py:545} INFO - Filling up the DagBag from /home/kali/Desktop/projects/git/bank_data_processing/myenv/lib/python3.11/site-packages/airflow/example_dags/plugins/workday.py
[2024-07-12T02:08:39.812+0530] {processor.py:842} WARNING - No viable dags retrieved from /home/kali/Desktop/projects/git/bank_data_processing/myenv/lib/python3.11/site-packages/airflow/example_dags/plugins/workday.py
[2024-07-12T02:08:39.829+0530] {processor.py:183} INFO - Processing /home/kali/Desktop/projects/git/bank_data_processing/myenv/lib/python3.11/site-packages/airflow/example_dags/plugins/workday.py took 0.503 seconds
[2024-07-12T02:09:10.315+0530] {processor.py:161} INFO - Started process (PID=59596) to work on /home/kali/Desktop/projects/git/bank_data_processing/myenv/lib/python3.11/site-packages/airflow/example_dags/plugins/workday.py
[2024-07-12T02:09:10.316+0530] {processor.py:830} INFO - Processing file /home/kali/Desktop/projects/git/bank_data_processing/myenv/lib/python3.11/site-packages/airflow/example_dags/plugins/workday.py for tasks to queue
[2024-07-12T02:09:10.317+0530] {logging_mixin.py:188} INFO - [2024-07-12T02:09:10.317+0530] {dagbag.py:545} INFO - Filling up the DagBag from /home/kali/Desktop/projects/git/bank_data_processing/myenv/lib/python3.11/site-packages/airflow/example_dags/plugins/workday.py
[2024-07-12T02:09:10.630+0530] {processor.py:842} WARNING - No viable dags retrieved from /home/kali/Desktop/projects/git/bank_data_processing/myenv/lib/python3.11/site-packages/airflow/example_dags/plugins/workday.py
[2024-07-12T02:09:10.642+0530] {processor.py:183} INFO - Processing /home/kali/Desktop/projects/git/bank_data_processing/myenv/lib/python3.11/site-packages/airflow/example_dags/plugins/workday.py took 0.338 seconds
[2024-07-12T02:09:42.659+0530] {processor.py:161} INFO - Started process (PID=60318) to work on /home/kali/Desktop/projects/git/bank_data_processing/myenv/lib/python3.11/site-packages/airflow/example_dags/plugins/workday.py
[2024-07-12T02:09:42.659+0530] {processor.py:830} INFO - Processing file /home/kali/Desktop/projects/git/bank_data_processing/myenv/lib/python3.11/site-packages/airflow/example_dags/plugins/workday.py for tasks to queue
[2024-07-12T02:09:42.660+0530] {logging_mixin.py:188} INFO - [2024-07-12T02:09:42.660+0530] {dagbag.py:545} INFO - Filling up the DagBag from /home/kali/Desktop/projects/git/bank_data_processing/myenv/lib/python3.11/site-packages/airflow/example_dags/plugins/workday.py
[2024-07-12T02:09:43.043+0530] {processor.py:842} WARNING - No viable dags retrieved from /home/kali/Desktop/projects/git/bank_data_processing/myenv/lib/python3.11/site-packages/airflow/example_dags/plugins/workday.py
[2024-07-12T02:09:43.055+0530] {processor.py:183} INFO - Processing /home/kali/Desktop/projects/git/bank_data_processing/myenv/lib/python3.11/site-packages/airflow/example_dags/plugins/workday.py took 0.403 seconds
