[2024-07-14T03:15:28.891+0530] {local_task_job_runner.py:120} INFO - ::group::Pre task execution logs
[2024-07-14T03:15:28.918+0530] {taskinstance.py:2076} INFO - Dependencies all met for dep_context=non-requeueable deps ti=<TaskInstance: raw_load_atms.insert_table manual__2024-07-13T21:41:21.360779+00:00 [queued]>
[2024-07-14T03:15:28.929+0530] {taskinstance.py:2076} INFO - Dependencies all met for dep_context=requeueable deps ti=<TaskInstance: raw_load_atms.insert_table manual__2024-07-13T21:41:21.360779+00:00 [queued]>
[2024-07-14T03:15:28.930+0530] {taskinstance.py:2306} INFO - Starting attempt 1 of 1
[2024-07-14T03:15:28.947+0530] {taskinstance.py:2330} INFO - Executing <Task(PythonOperator): insert_table> on 2024-07-13 21:41:21.360779+00:00
[2024-07-14T03:15:28.954+0530] {standard_task_runner.py:63} INFO - Started process 34967 to run task
[2024-07-14T03:15:28.957+0530] {standard_task_runner.py:90} INFO - Running: ['airflow', 'tasks', 'run', 'raw_load_atms', 'insert_table', 'manual__2024-07-13T21:41:21.360779+00:00', '--job-id', '1375', '--raw', '--subdir', 'DAGS_FOLDER/dag_raw_atms.py', '--cfg-path', '/tmp/tmph0b30k_k']
[2024-07-14T03:15:28.960+0530] {standard_task_runner.py:91} INFO - Job 1375: Subtask insert_table
[2024-07-14T03:15:29.004+0530] {task_command.py:426} INFO - Running <TaskInstance: raw_load_atms.insert_table manual__2024-07-13T21:41:21.360779+00:00 [running]> on host kali
[2024-07-14T03:15:29.100+0530] {taskinstance.py:2648} INFO - Exporting env vars: AIRFLOW_CTX_DAG_OWNER='airflow' AIRFLOW_CTX_DAG_ID='raw_load_atms' AIRFLOW_CTX_TASK_ID='insert_table' AIRFLOW_CTX_EXECUTION_DATE='2024-07-13T21:41:21.360779+00:00' AIRFLOW_CTX_TRY_NUMBER='1' AIRFLOW_CTX_DAG_RUN_ID='manual__2024-07-13T21:41:21.360779+00:00'
[2024-07-14T03:15:29.101+0530] {taskinstance.py:430} INFO - ::endgroup::
[2024-07-14T03:15:29.126+0530] {logging_mixin.py:188} INFO - atm_id`,`branch_id`,`location`,`status`,`installation_date`,`ingetion_timestamp
[2024-07-14T03:15:29.127+0530] {logging_mixin.py:188} INFO - ('b61f57be-3356-46bd-a801-55ef5611526c', '418589f1-4d7b-43ab-9a7e-3e328ec56a6c', '0001 Nicole Turnpike\nPort Suzannebury, MS 99057', 'active', '2024-07-14', Timestamp('2024-07-14 03:15:29.124922'))
[2024-07-14T03:15:29.130+0530] {logging_mixin.py:188} INFO - ('f6797071-9c7f-4963-82d1-3709d25565ff', '1feb5bd4-d312-4569-afbb-eb4b704f6452', 'USNV Rodriguez\nFPO AA 66834', 'active', '2024-07-14', Timestamp('2024-07-14 03:15:29.124922'))
[2024-07-14T03:15:29.133+0530] {logging_mixin.py:188} INFO - ('30ef69fb-033e-4cf4-9a1b-5dd2cde7f5c9', 'ec94ad9e-e6a9-4882-be85-9f64f3292d84', '3910 William Forges\nNorth Michael, IN 75977', 'active', '2024-07-14', Timestamp('2024-07-14 03:15:29.124922'))
[2024-07-14T03:15:29.134+0530] {logging_mixin.py:188} INFO - ('55d6a754-a408-4299-a423-6e3d6b5c293c', '5f4a38c6-5b09-421a-bccb-d9722679b599', '0023 Benjamin Wells Suite 648\nNorth Corystad, OK 60606', 'maintenance', '2024-07-14', Timestamp('2024-07-14 03:15:29.124922'))
[2024-07-14T03:15:29.136+0530] {logging_mixin.py:188} INFO - ('40f206d6-19cb-4a9e-ba86-f501c70f59a0', 'ce979b75-9030-49b6-a2e1-465baf5483ec', '0952 Baxter Ville Suite 533\nCarsonland, LA 10690', 'maintenance', '2024-07-14', Timestamp('2024-07-14 03:15:29.124922'))
[2024-07-14T03:15:29.138+0530] {logging_mixin.py:188} INFO - ('3ba81810-92a4-4fb8-91c4-24a2f3801ae9', 'a6cecd1d-da7f-4e16-94a4-b6c823c0d7d8', '8790 Austin Cliff Suite 408\nMurphyborough, TX 69007', 'active', '2024-07-14', Timestamp('2024-07-14 03:15:29.124922'))
[2024-07-14T03:15:29.139+0530] {logging_mixin.py:188} INFO - ('61b5c1bf-ced7-4449-8213-b144b809fcfc', '4e2effcb-b94c-4630-8ac7-7d6515f53838', '3856 Gibson Mills\nPort Stephaniefort, DC 01058', 'active', '2024-07-14', Timestamp('2024-07-14 03:15:29.124922'))
[2024-07-14T03:15:29.139+0530] {logging_mixin.py:188} INFO - ('f5ad9749-b0f1-4400-9606-f9067c6b0bac', 'bd4f3f49-172b-46fb-bb24-99202eecf31e', '2358 Bruce Parkways Suite 810\nPacechester, IN 62742', 'active', '2024-07-14', Timestamp('2024-07-14 03:15:29.124922'))
[2024-07-14T03:15:29.140+0530] {logging_mixin.py:188} INFO - ('d20d0798-81b0-4250-a093-10d869a06897', 'e3677159-5b63-4290-ad86-57cbaba563c2', '5549 Fox Mountains Suite 829\nMcfarlandborough, GA 37322', 'maintenance', '2024-07-14', Timestamp('2024-07-14 03:15:29.124922'))
[2024-07-14T03:15:29.141+0530] {logging_mixin.py:188} INFO - ('f64a441c-e385-485d-bee1-aee03e4ed84f', '3ae0ee53-9881-4005-a704-1feb2fe70c68', '9412 Serrano Centers Apt. 043\nPort Jamie, MH 35600', 'active', '2024-07-14', Timestamp('2024-07-14 03:15:29.124922'))
[2024-07-14T03:15:29.141+0530] {logging_mixin.py:188} INFO - ('b8d03af6-da1c-4cd2-bf24-a6b8d6199e77', 'ce979b75-9030-49b6-a2e1-465baf5483ec', '7337 Johnson Corners Suite 258\nEast Tylertown, NE 22252', 'out of service', '2024-07-14', Timestamp('2024-07-14 03:15:29.124922'))
[2024-07-14T03:15:29.142+0530] {logging_mixin.py:188} INFO - ('3d13298e-d265-4bb1-ba6a-085db67f8667', 'f6ad58a8-cb8d-41c3-ae5a-d94f0fb21de6', '803 Cunningham Pike Apt. 862\nGaryberg, OR 57371', 'maintenance', '2024-07-14', Timestamp('2024-07-14 03:15:29.124922'))
[2024-07-14T03:15:29.142+0530] {logging_mixin.py:188} INFO - ('b580e716-4861-423c-93cd-2cd20519d9e3', '312d2527-8f72-4171-bd70-7e27964796c4', '0818 Cooley Plaza\nLucasbury, MH 56939', 'maintenance', '2024-07-14', Timestamp('2024-07-14 03:15:29.124922'))
[2024-07-14T03:15:29.143+0530] {logging_mixin.py:188} INFO - ('6d82da5d-c56d-4c03-80d0-f1c8cb0c05cf', '418589f1-4d7b-43ab-9a7e-3e328ec56a6c', '6072 Catherine Port Apt. 259\nMillerhaven, NC 43661', 'active', '2024-07-14', Timestamp('2024-07-14 03:15:29.124922'))
[2024-07-14T03:15:29.143+0530] {logging_mixin.py:188} INFO - ('58c7a75b-ea0d-40cb-a931-27ddddbc62ec', '98fa3186-3579-4138-9dbd-b194399a57f9', '32042 Timothy Trafficway Apt. 313\nChasechester, MN 61777', 'maintenance', '2024-07-14', Timestamp('2024-07-14 03:15:29.124922'))
[2024-07-14T03:15:29.144+0530] {logging_mixin.py:188} INFO - ('36bcfc83-7896-4336-9e16-80fa54cc4beb', '67aba811-3f48-4f96-ae18-742920d8a352', '150 Edgar Isle Apt. 394\nNew James, TX 88677', 'maintenance', '2024-07-14', Timestamp('2024-07-14 03:15:29.124922'))
[2024-07-14T03:15:29.144+0530] {logging_mixin.py:188} INFO - ('c48406ae-ce09-463d-9d9a-cdfceb47edae', '98fa3186-3579-4138-9dbd-b194399a57f9', 'USS Ramsey\nFPO AA 62477', 'maintenance', '2024-07-14', Timestamp('2024-07-14 03:15:29.124922'))
[2024-07-14T03:15:29.145+0530] {logging_mixin.py:188} INFO - ('dcf24894-98c6-46ac-9e05-cf709155f514', '6aca17d8-d3e1-437e-888a-12aa7bf373a0', '07254 Wilson Keys\nNorth Ryan, OR 01124', 'maintenance', '2024-07-14', Timestamp('2024-07-14 03:15:29.124922'))
[2024-07-14T03:15:29.145+0530] {logging_mixin.py:188} INFO - ('3a7739dc-63dd-4fe2-aee6-6e35dd9c6128', '218108ac-6a4d-49fd-90e1-18bdad874226', '6294 Navarro Square Suite 664\nLake Marymouth, CA 68599', 'out of service', '2024-07-14', Timestamp('2024-07-14 03:15:29.124922'))
[2024-07-14T03:15:29.147+0530] {logging_mixin.py:188} INFO - ('8e50de03-fadd-469f-a342-503bcb8dbdf6', '580b5c8a-9ff3-4334-aa31-0078ca8f0da4', '700 Walsh Lights Suite 116\nNathanshire, MH 20469', 'active', '2024-07-14', Timestamp('2024-07-14 03:15:29.124922'))
[2024-07-14T03:15:29.148+0530] {logging_mixin.py:188} INFO - ('99ebb4a6-a4ae-403e-ac64-af0543ee320c', '8a9334a1-b139-474a-b2a9-a46b8f8d387c', 'PSC 6699, Box 9593\nAPO AP 87489', 'active', '2024-07-14', Timestamp('2024-07-14 03:15:29.124922'))
[2024-07-14T03:15:29.148+0530] {logging_mixin.py:188} INFO - ('2069256b-e61d-437a-b0e8-871dd557e22a', '68496e7a-2782-4689-81c6-c2395d43391a', '4471 Christine Grove Apt. 256\nTurnerhaven, PA 70775', 'maintenance', '2024-07-14', Timestamp('2024-07-14 03:15:29.124922'))
[2024-07-14T03:15:29.149+0530] {logging_mixin.py:188} INFO - ('acc42a12-d82d-42bb-b3f1-331ecda12a82', '9265c872-217e-485d-bc9b-9d16f33ce54e', '5474 Pacheco Mews Apt. 179\nWest Robertberg, ND 16241', 'active', '2024-07-14', Timestamp('2024-07-14 03:15:29.124922'))
[2024-07-14T03:15:29.151+0530] {logging_mixin.py:188} INFO - ('5285f98d-b30a-4a2f-a805-d6038cc10c59', '410819d2-cf9e-4646-bf20-9cd599298f98', '27493 Carl Spur\nNorth Ronaldchester, NM 75773', 'out of service', '2024-07-14', Timestamp('2024-07-14 03:15:29.124922'))
[2024-07-14T03:15:29.152+0530] {logging_mixin.py:188} INFO - ('68c2934e-9def-4691-8110-1ee85e96825f', 'c3a6e591-6fcf-4194-ac06-4cd7cb881d6e', '836 Barbara Club Apt. 389\nCrystalton, SD 05429', 'active', '2024-07-14', Timestamp('2024-07-14 03:15:29.124922'))
[2024-07-14T03:15:29.153+0530] {logging_mixin.py:188} INFO - ('db936c32-35b1-4da8-989d-594641d57476', 'a6cecd1d-da7f-4e16-94a4-b6c823c0d7d8', '8363 Green Estates\nSmithhaven, OR 11645', 'active', '2024-07-14', Timestamp('2024-07-14 03:15:29.124922'))
[2024-07-14T03:15:29.154+0530] {logging_mixin.py:188} INFO - ('57124bd1-f272-4c72-84b6-f1a303890eca', 'fdc3f0ab-25ed-4856-8b0b-753ba9ccc2c9', '496 Susan Neck Suite 339\nLaurabury, ID 74899', 'active', '2024-07-14', Timestamp('2024-07-14 03:15:29.124922'))
[2024-07-14T03:15:29.155+0530] {logging_mixin.py:188} INFO - ('7a718a0f-9f29-4695-9253-a4ea0c4a5ff7', '99175c3c-ba12-412a-8bef-6d6ccc372ec2', '8386 Wilkinson Course Suite 882\nPort Hollyton, WY 54992', 'maintenance', '2024-07-14', Timestamp('2024-07-14 03:15:29.124922'))
[2024-07-14T03:15:29.155+0530] {logging_mixin.py:188} INFO - ('1bdf916d-5fa6-422c-8ce1-3bbb9bdfa148', '7f7a19c5-ccd8-4947-a8b3-08966c044812', '9297 Pearson Centers Apt. 791\nRodriguezmouth, AR 47300', 'maintenance', '2024-07-14', Timestamp('2024-07-14 03:15:29.124922'))
[2024-07-14T03:15:29.156+0530] {logging_mixin.py:188} INFO - ('b42f9ce1-55ef-45c7-9e19-272f596eba1a', 'faaec5ce-a74c-4307-8ad2-cbaf57cd97ef', '160 Mccall Terrace Suite 642\nEast Davidfort, CO 55795', 'out of service', '2024-07-14', Timestamp('2024-07-14 03:15:29.124922'))
[2024-07-14T03:15:29.156+0530] {logging_mixin.py:188} INFO - ('c301a7a6-d2d4-45fa-8166-b47abcf9dfde', 'cb8ff262-f0f9-4814-b911-abc6152dc0f9', '3535 Brett Drive\nNorth Kelseyport, LA 56957', 'out of service', '2024-07-14', Timestamp('2024-07-14 03:15:29.124922'))
[2024-07-14T03:15:29.157+0530] {logging_mixin.py:188} INFO - ('38f5058a-f54d-4968-9124-0bb44fe92dda', '5f4a38c6-5b09-421a-bccb-d9722679b599', '37297 Courtney Villages Suite 213\nPort Jessica, CA 93589', 'out of service', '2024-07-14', Timestamp('2024-07-14 03:15:29.124922'))
[2024-07-14T03:15:29.158+0530] {logging_mixin.py:188} INFO - ('a7d6297d-2678-4eb3-b768-848e7464e679', '4f91d2d4-e1c2-4b4f-b00e-215aa1b08b73', '998 Susan Loop\nLake Angelaport, PA 36138', 'active', '2024-07-14', Timestamp('2024-07-14 03:15:29.124922'))
[2024-07-14T03:15:29.158+0530] {logging_mixin.py:188} INFO - ('a3214a5b-b0dd-4e91-bdb4-2eb368ad1291', 'bfd02120-2d77-4c55-b19a-74c13788dd39', '67417 Rangel Glens\nLisafurt, IA 43981', 'maintenance', '2024-07-14', Timestamp('2024-07-14 03:15:29.124922'))
[2024-07-14T03:15:29.159+0530] {logging_mixin.py:188} INFO - ('c0c8507f-62c0-4cef-b02b-1ce9197e73a0', '58091d16-fc32-4d93-901f-8b7a97c46db7', '22918 Proctor Glens Apt. 363\nTiffanybury, WY 22329', 'maintenance', '2024-07-14', Timestamp('2024-07-14 03:15:29.124922'))
[2024-07-14T03:15:29.159+0530] {logging_mixin.py:188} INFO - ('e0a8efe2-4b4d-4749-a12b-c5f4218c32c4', '8a10f395-5098-49da-b1b1-c6728e07e2f3', '764 Molina Brook Apt. 632\nMartinport, MH 02684', 'out of service', '2024-07-14', Timestamp('2024-07-14 03:15:29.124922'))
[2024-07-14T03:15:29.160+0530] {logging_mixin.py:188} INFO - ('a7121c2b-e520-4eff-852e-60a1fd7149a2', 'f27f4d66-7e7e-4fde-86df-317e36bb2605', '05383 Salinas Greens Suite 999\nSouth Miguel, MI 30432', 'maintenance', '2024-07-14', Timestamp('2024-07-14 03:15:29.124922'))
[2024-07-14T03:15:29.160+0530] {logging_mixin.py:188} INFO - ('061ef348-9d69-4c99-9627-b0ad6fc13ca6', 'd314c658-0b9a-484b-82bb-c7eacff98a28', '5236 Jacqueline Turnpike Apt. 153\nNorth Brandonview, MN 93441', 'out of service', '2024-07-14', Timestamp('2024-07-14 03:15:29.124922'))
[2024-07-14T03:15:29.161+0530] {logging_mixin.py:188} INFO - ('2afd063a-293e-44a8-a72f-cfa452b05a07', 'ef8ad8e5-dcc7-4001-b9db-0122f3e48e62', '5228 Martin Port Apt. 735\nEast Laurie, VT 25792', 'active', '2024-07-14', Timestamp('2024-07-14 03:15:29.124922'))
[2024-07-14T03:15:29.162+0530] {logging_mixin.py:188} INFO - ('d8442ccb-8650-44a2-b081-a1629589e2a2', 'cc18006a-544f-4b93-ad0a-c2cd15860982', '580 Scott Underpass Apt. 096\nLake Sarah, PA 08666', 'active', '2024-07-14', Timestamp('2024-07-14 03:15:29.124922'))
[2024-07-14T03:15:29.164+0530] {logging_mixin.py:188} INFO - ('c121c907-a56d-40f0-adf1-c0ab50ff73e2', 'ec066809-ab21-4dcb-88fe-d1593c821a64', '5639 Corey Drive\nPort Maryfurt, HI 17718', 'maintenance', '2024-07-14', Timestamp('2024-07-14 03:15:29.124922'))
[2024-07-14T03:15:29.165+0530] {logging_mixin.py:188} INFO - ('81261f56-ab4c-4e60-9184-588f6b584994', 'a2d46bdc-a8ef-459f-a1e8-13447a34787d', '4685 Obrien Crossroad\nReneeland, KY 70339', 'out of service', '2024-07-14', Timestamp('2024-07-14 03:15:29.124922'))
[2024-07-14T03:15:29.166+0530] {logging_mixin.py:188} INFO - ('cc8c61d1-6096-4a86-a99e-4a0bcac36c40', '351fcd2a-15b3-4afc-bf10-64260690b625', '75064 Vaughan Parkways Apt. 487\nWest Elizabeth, ID 48547', 'active', '2024-07-14', Timestamp('2024-07-14 03:15:29.124922'))
[2024-07-14T03:15:29.166+0530] {logging_mixin.py:188} INFO - ('545cf26e-8fe2-4023-9ca5-a773de4a6cc8', '351fcd2a-15b3-4afc-bf10-64260690b625', '57441 Miller Branch\nNew Jason, NV 46926', 'out of service', '2024-07-14', Timestamp('2024-07-14 03:15:29.124922'))
[2024-07-14T03:15:29.167+0530] {logging_mixin.py:188} INFO - ('d4d78015-9b13-4ef1-bf59-94a388460a0f', '02c3b6d7-07d5-4719-b21f-03a8d385d033', '428 Ryan Drive Apt. 810\nHarttown, DC 41252', 'maintenance', '2024-07-14', Timestamp('2024-07-14 03:15:29.124922'))
[2024-07-14T03:15:29.168+0530] {logging_mixin.py:188} INFO - ('d27fcdc2-4b4c-464c-b00b-98fa2e5b2747', 'd314c658-0b9a-484b-82bb-c7eacff98a28', '8309 Silva Route Suite 133\nRodriguezmouth, VA 19697', 'out of service', '2024-07-14', Timestamp('2024-07-14 03:15:29.124922'))
[2024-07-14T03:15:29.168+0530] {logging_mixin.py:188} INFO - ('40dfb025-134c-4ab8-a2c5-fb9199468267', '79e8a1db-83c1-4314-9d16-e36821a345a8', '1140 Jo Brooks Suite 175\nZavalabury, GA 98983', 'out of service', '2024-07-14', Timestamp('2024-07-14 03:15:29.124922'))
[2024-07-14T03:15:29.169+0530] {logging_mixin.py:188} INFO - ('609e2218-b527-46e1-a28c-ca208af80626', 'ffda8b37-5bd5-4858-929e-598d97ec68ef', '9491 Hodges Rest\nEast Hannahchester, PR 84275', 'out of service', '2024-07-14', Timestamp('2024-07-14 03:15:29.124922'))
[2024-07-14T03:15:29.170+0530] {logging_mixin.py:188} INFO - ('1655dc83-f845-4db3-ac79-8e4f818a91cb', '8a9334a1-b139-474a-b2a9-a46b8f8d387c', '761 Adam Forges\nLake Lindamouth, WA 52469', 'active', '2024-07-14', Timestamp('2024-07-14 03:15:29.124922'))
[2024-07-14T03:15:29.170+0530] {logging_mixin.py:188} INFO - ('5d4d07e2-4f40-44dc-a1d4-43dd126260c9', 'bb5c1809-9a7c-4a94-b2a9-e4c8487b96b2', '98402 Johnson Branch Suite 323\nEast Melissa, AR 88387', 'out of service', '2024-07-14', Timestamp('2024-07-14 03:15:29.124922'))
[2024-07-14T03:15:29.171+0530] {logging_mixin.py:188} INFO - ('2ee8f215-addc-4271-9dc8-08acee2e1bd5', 'c292094b-7259-40a6-bbda-895d246b5090', '5342 Cole Throughway\nWest Jeffreyborough, GA 56701', 'active', '2024-07-14', Timestamp('2024-07-14 03:15:29.124922'))
[2024-07-14T03:15:29.171+0530] {logging_mixin.py:188} INFO - ('58211e71-eec8-4475-b8f5-330f90d2d318', 'fbbd8056-95d0-4dfa-b5ea-bbf0f6810e5f', '113 Crystal Highway Suite 776\nNew Anthonyberg, GU 51294', 'active', '2024-07-14', Timestamp('2024-07-14 03:15:29.124922'))
[2024-07-14T03:15:29.172+0530] {logging_mixin.py:188} INFO - ('f975f7c9-e717-44d4-9ab7-a5fd34b58b32', 'd38b92ef-6b9d-4f02-97a9-0e122245c64b', '263 Kaitlyn Stravenue\nNorth Susan, MI 35792', 'active', '2024-07-14', Timestamp('2024-07-14 03:15:29.124922'))
[2024-07-14T03:15:29.172+0530] {logging_mixin.py:188} INFO - ('0689b8f7-f6a6-4aac-b53f-9a29d6b7fb30', '6aca17d8-d3e1-437e-888a-12aa7bf373a0', '22385 Adam Extensions\nFrenchmouth, DC 86651', 'out of service', '2024-07-14', Timestamp('2024-07-14 03:15:29.124922'))
[2024-07-14T03:15:29.172+0530] {logging_mixin.py:188} INFO - ('e9154089-9ccd-4930-93f8-43d616495bba', 'f659cdf9-f85c-4d5e-bfdd-f167647565e0', '61615 Bradley Keys Suite 488\nEast Laurashire, KS 82674', 'out of service', '2024-07-14', Timestamp('2024-07-14 03:15:29.124922'))
[2024-07-14T03:15:29.173+0530] {logging_mixin.py:188} INFO - ('a5153765-1033-40f6-86fd-9d5323d2435f', '02c3b6d7-07d5-4719-b21f-03a8d385d033', '60611 Jon Mountains\nNorth Juanmouth, MP 15995', 'maintenance', '2024-07-14', Timestamp('2024-07-14 03:15:29.124922'))
[2024-07-14T03:15:29.173+0530] {logging_mixin.py:188} INFO - ('e34185b2-b4e9-411e-9fa4-3088eff947be', 'ec94ad9e-e6a9-4882-be85-9f64f3292d84', '639 Morales Lock\nSouth Charlesfort, NV 38189', 'active', '2024-07-14', Timestamp('2024-07-14 03:15:29.124922'))
[2024-07-14T03:15:29.174+0530] {logging_mixin.py:188} INFO - ('2db7d04d-bd08-4e06-8bdb-221b614e824a', '128775b7-1506-45f2-9f5f-d7e65228efe9', '1801 Avery Spurs Apt. 714\nNew Brett, DC 91390', 'active', '2024-07-14', Timestamp('2024-07-14 03:15:29.124922'))
[2024-07-14T03:15:29.174+0530] {logging_mixin.py:188} INFO - ('039c6441-5439-4695-8f22-52b403053222', '4e2effcb-b94c-4630-8ac7-7d6515f53838', 'PSC 6068, Box 2878\nAPO AA 22667', 'active', '2024-07-14', Timestamp('2024-07-14 03:15:29.124922'))
[2024-07-14T03:15:29.175+0530] {logging_mixin.py:188} INFO - ('f3985109-225b-4416-a89d-93145e0bb011', '85bf394a-20c7-4052-b7cf-9adca637f46f', 'PSC 4448, Box 5468\nAPO AA 23501', 'maintenance', '2024-07-14', Timestamp('2024-07-14 03:15:29.124922'))
[2024-07-14T03:15:29.175+0530] {logging_mixin.py:188} INFO - ('c61edfdb-7eb6-4fc4-9041-09f3310caced', 'beef985e-cdac-4e52-9a24-0ba9696fb98d', '277 Wallace Estates Suite 261\nWest Haleyburgh, CT 50029', 'maintenance', '2024-07-14', Timestamp('2024-07-14 03:15:29.124922'))
[2024-07-14T03:15:29.176+0530] {logging_mixin.py:188} INFO - ('cdf597a6-a538-44f6-82f7-665072888b88', '6aca17d8-d3e1-437e-888a-12aa7bf373a0', '692 Smith Stream Apt. 469\nLake Jacobfurt, MN 90243', 'maintenance', '2024-07-14', Timestamp('2024-07-14 03:15:29.124922'))
[2024-07-14T03:15:29.176+0530] {logging_mixin.py:188} INFO - ('a001a226-841a-4264-9bc7-e519c9967510', 'cc18006a-544f-4b93-ad0a-c2cd15860982', '46508 Scott Creek Apt. 101\nBentonstad, ME 89724', 'maintenance', '2024-07-14', Timestamp('2024-07-14 03:15:29.124922'))
[2024-07-14T03:15:29.177+0530] {logging_mixin.py:188} INFO - ('9b1149bd-28f7-4553-abd6-6560719ed43e', 'e805510c-8119-4732-9254-657440c08ea3', '5246 Lee Rapid Suite 433\nNorth Nancy, PA 28388', 'out of service', '2024-07-14', Timestamp('2024-07-14 03:15:29.124922'))
[2024-07-14T03:15:29.177+0530] {logging_mixin.py:188} INFO - ('7e9e4e96-db6b-495e-94d2-4bc0a75f1909', '0c8f17f6-0780-40e3-92de-0c557737037a', 'Unit 2948 Box 4542\nDPO AA 10352', 'out of service', '2024-07-14', Timestamp('2024-07-14 03:15:29.124922'))
[2024-07-14T03:15:29.178+0530] {logging_mixin.py:188} INFO - ('cea7d984-44e4-4e78-9b76-c6073736f2a6', '99175c3c-ba12-412a-8bef-6d6ccc372ec2', '344 Butler Well\nMcgeeville, WI 64266', 'maintenance', '2024-07-14', Timestamp('2024-07-14 03:15:29.124922'))
[2024-07-14T03:15:29.180+0530] {logging_mixin.py:188} INFO - ('bb3f7bd9-edf0-49c0-8aca-b0c4f5ec98e3', 'bb5c1809-9a7c-4a94-b2a9-e4c8487b96b2', '0226 Christine Plaza Apt. 042\nVeronicamouth, UT 49228', 'out of service', '2024-07-14', Timestamp('2024-07-14 03:15:29.124922'))
[2024-07-14T03:15:29.181+0530] {logging_mixin.py:188} INFO - ('567ba941-b27f-49de-944c-485ff8090b7b', 'ffda8b37-5bd5-4858-929e-598d97ec68ef', '626 Long Crossing Apt. 854\nMaureenhaven, IA 65820', 'maintenance', '2024-07-14', Timestamp('2024-07-14 03:15:29.124922'))
[2024-07-14T03:15:29.182+0530] {logging_mixin.py:188} INFO - ('849210ac-f9ca-4953-8c1f-75a13637b575', 'c7b18b2e-e2f1-4f6f-8bfc-16867e8db3cc', '28265 Martin Field\nHannahland, TN 15228', 'active', '2024-07-14', Timestamp('2024-07-14 03:15:29.124922'))
[2024-07-14T03:15:29.183+0530] {logging_mixin.py:188} INFO - ('01bca5a5-fcc2-4f8a-ab9d-ba61d3f85f6e', '418589f1-4d7b-43ab-9a7e-3e328ec56a6c', '8529 Marsh Mews Suite 146\nMargarethaven, HI 42214', 'maintenance', '2024-07-14', Timestamp('2024-07-14 03:15:29.124922'))
[2024-07-14T03:15:29.183+0530] {logging_mixin.py:188} INFO - ('a0bf860c-9774-4ba1-8ec0-17e6c5f6ba7f', '02b5ad56-a6e9-41f4-a01e-3e6ff6cd955a', '24552 Ray Port Suite 127\nEast Jonathan, WV 37169', 'active', '2024-07-14', Timestamp('2024-07-14 03:15:29.124922'))
[2024-07-14T03:15:29.184+0530] {logging_mixin.py:188} INFO - ('a7b9256b-9775-4180-90d2-233f2a642dc8', 'ec94ad9e-e6a9-4882-be85-9f64f3292d84', '8014 Thomas Springs\nWest Alexandra, GA 42871', 'active', '2024-07-14', Timestamp('2024-07-14 03:15:29.124922'))
[2024-07-14T03:15:29.185+0530] {logging_mixin.py:188} INFO - ('a074032f-1a0a-494c-b3ec-44dd886f1e5d', 'f9afa6fa-c8e8-4532-a8b4-cf4124c50cf3', '3025 Kevin Ford\nMaldonadofurt, OK 66950', 'maintenance', '2024-07-14', Timestamp('2024-07-14 03:15:29.124922'))
[2024-07-14T03:15:29.185+0530] {logging_mixin.py:188} INFO - ('dc111394-6788-4bcc-99fb-074004f78895', 'e805510c-8119-4732-9254-657440c08ea3', '404 Kristopher Circles\nWest Cynthiahaven, GU 29928', 'out of service', '2024-07-14', Timestamp('2024-07-14 03:15:29.124922'))
[2024-07-14T03:15:29.186+0530] {logging_mixin.py:188} INFO - ('e4049cfc-c87d-402c-8bd3-bbc9456b28b2', 'f1903c9a-d8a1-4357-bbaf-d56aab8be5b4', '18349 Laura Station Suite 880\nLesliefurt, MI 56191', 'maintenance', '2024-07-14', Timestamp('2024-07-14 03:15:29.124922'))
[2024-07-14T03:15:29.186+0530] {logging_mixin.py:188} INFO - ('b09f4b30-c5d8-4adc-9fff-a4e2c90363a6', 'a2d46bdc-a8ef-459f-a1e8-13447a34787d', '6999 Kristy Vista Apt. 595\nLake Maria, MD 91016', 'out of service', '2024-07-14', Timestamp('2024-07-14 03:15:29.124922'))
[2024-07-14T03:15:29.187+0530] {logging_mixin.py:188} INFO - ('44028575-982e-4c9f-bb3c-cedab2d4cb87', 'b15807bc-8d9e-4c1a-880c-f2a3d60d263c', 'PSC 4563, Box 7126\nAPO AE 88493', 'maintenance', '2024-07-14', Timestamp('2024-07-14 03:15:29.124922'))
[2024-07-14T03:15:29.187+0530] {logging_mixin.py:188} INFO - ('9b6ab252-b2a5-4ca4-8089-0ce27442e669', '993fcb66-876b-4366-8d2b-101368a666f0', '788 Nicole Brook Suite 618\nWest Norman, NJ 63712', 'maintenance', '2024-07-14', Timestamp('2024-07-14 03:15:29.124922'))
[2024-07-14T03:15:29.188+0530] {logging_mixin.py:188} INFO - ('5963f731-9ec7-4987-bdca-bf6470bce427', '297096e3-3b3f-4a78-a560-fea55bb882f8', '70416 Garcia Course\nLake Michael, LA 43029', 'active', '2024-07-14', Timestamp('2024-07-14 03:15:29.124922'))
[2024-07-14T03:15:29.188+0530] {logging_mixin.py:188} INFO - ('8d115860-592e-480b-9acc-0ae2f624d4a4', 'bd4f3f49-172b-46fb-bb24-99202eecf31e', 'PSC 2619, Box 2227\nAPO AE 64304', 'maintenance', '2024-07-14', Timestamp('2024-07-14 03:15:29.124922'))
[2024-07-14T03:15:29.189+0530] {logging_mixin.py:188} INFO - ('3b827c9b-fe9b-4730-b28b-cc27a1784eef', 'fd3c5d8e-3e5f-4a7c-889c-39c90e3373e1', '590 Gregory Burg\nLake Sherry, DE 30359', 'out of service', '2024-07-14', Timestamp('2024-07-14 03:15:29.124922'))
[2024-07-14T03:15:29.189+0530] {logging_mixin.py:188} INFO - ('2dd286d7-0a23-4089-ba22-022553d4dbac', 'bb5c1809-9a7c-4a94-b2a9-e4c8487b96b2', '29876 James Roads Apt. 788\nLake Ryanside, NV 45471', 'maintenance', '2024-07-14', Timestamp('2024-07-14 03:15:29.124922'))
[2024-07-14T03:15:29.190+0530] {logging_mixin.py:188} INFO - ('3a7ebc6b-bec3-441d-8f34-25a6271a1d6c', '1368414b-2597-4f9a-978a-d59489973d65', '05397 Melissa Hill\nSouth Beckyshire, CT 92674', 'active', '2024-07-14', Timestamp('2024-07-14 03:15:29.124922'))
[2024-07-14T03:15:29.190+0530] {logging_mixin.py:188} INFO - ('bf9682b8-4f17-4cc7-8a71-306d3e16c7ea', 'ffda8b37-5bd5-4858-929e-598d97ec68ef', '921 Isabel Hill\nDawnmouth, NV 33875', 'out of service', '2024-07-14', Timestamp('2024-07-14 03:15:29.124922'))
[2024-07-14T03:15:29.191+0530] {logging_mixin.py:188} INFO - ('928b1b78-0193-4095-b993-9a0ef06fa634', '128775b7-1506-45f2-9f5f-d7e65228efe9', '0644 Brian Oval Suite 923\nNorth Angelaberg, PA 26335', 'maintenance', '2024-07-14', Timestamp('2024-07-14 03:15:29.124922'))
[2024-07-14T03:15:29.191+0530] {logging_mixin.py:188} INFO - ('4f89f9c9-3ecb-47d2-accd-c5bcd80b0b9a', '410819d2-cf9e-4646-bf20-9cd599298f98', '5904 Wells Streets\nNorth Kimberly, NH 53420', 'maintenance', '2024-07-14', Timestamp('2024-07-14 03:15:29.124922'))
[2024-07-14T03:15:29.194+0530] {logging_mixin.py:188} INFO - ('8fb22565-debe-4901-a7bc-5c271df7f71b', '70fba41d-0fb6-4c08-a6d6-51b136266f7d', '5360 Scott Mission\nMelissaborough, GA 38627', 'out of service', '2024-07-14', Timestamp('2024-07-14 03:15:29.124922'))
[2024-07-14T03:15:29.195+0530] {logging_mixin.py:188} INFO - ('0228b166-219f-47ad-82e0-658cd3c21e8f', '02c3b6d7-07d5-4719-b21f-03a8d385d033', '375 Alan Coves Suite 859\nPort Staceyport, RI 11245', 'active', '2024-07-14', Timestamp('2024-07-14 03:15:29.124922'))
[2024-07-14T03:15:29.197+0530] {logging_mixin.py:188} INFO - ('25e2c57a-63ea-461a-b13b-ea7390783eb3', 'f266da40-db76-4bbc-b8ae-99bafd21ff9a', '01770 Morgan Island Suite 044\nEast Morgan, FM 64456', 'out of service', '2024-07-14', Timestamp('2024-07-14 03:15:29.124922'))
[2024-07-14T03:15:29.198+0530] {logging_mixin.py:188} INFO - ('ea8257bf-76f7-4bd8-a1ba-2f10336a1c36', '993fcb66-876b-4366-8d2b-101368a666f0', '706 Eric Wall Apt. 803\nSouth Andrewside, AR 54410', 'maintenance', '2024-07-14', Timestamp('2024-07-14 03:15:29.124922'))
[2024-07-14T03:15:29.199+0530] {logging_mixin.py:188} INFO - ('5a3b0fce-5b4a-452a-81d8-a0f3b60f4056', '993fcb66-876b-4366-8d2b-101368a666f0', '94551 Joseph Coves\nMcdonaldberg, AL 76125', 'active', '2024-07-14', Timestamp('2024-07-14 03:15:29.124922'))
[2024-07-14T03:15:29.200+0530] {logging_mixin.py:188} INFO - ('17124f02-97f1-4a12-bb8c-ab2067976317', '3ae0ee53-9881-4005-a704-1feb2fe70c68', '1264 Davis Ridge Suite 252\nSouth Tina, DC 70491', 'out of service', '2024-07-14', Timestamp('2024-07-14 03:15:29.124922'))
[2024-07-14T03:15:29.201+0530] {logging_mixin.py:188} INFO - ('c0df691d-9971-408f-9e45-a2fccd7c132a', '580b5c8a-9ff3-4334-aa31-0078ca8f0da4', '0555 King Manor Suite 260\nDouglasport, KY 63214', 'maintenance', '2024-07-14', Timestamp('2024-07-14 03:15:29.124922'))
[2024-07-14T03:15:29.201+0530] {logging_mixin.py:188} INFO - ('cf1e5f02-41bd-44be-866d-f49512a73d3e', 'c3a6e591-6fcf-4194-ac06-4cd7cb881d6e', 'USNV Thomas\nFPO AP 12656', 'out of service', '2024-07-14', Timestamp('2024-07-14 03:15:29.124922'))
[2024-07-14T03:15:29.202+0530] {logging_mixin.py:188} INFO - ('638df984-6145-4f16-b505-24e3fd8b13c0', '4f91d2d4-e1c2-4b4f-b00e-215aa1b08b73', '05130 Melissa Villages Suite 158\nWalkerburgh, NE 69755', 'maintenance', '2024-07-14', Timestamp('2024-07-14 03:15:29.124922'))
[2024-07-14T03:15:29.203+0530] {logging_mixin.py:188} INFO - ('c566d0c1-23b6-458d-99f0-fa3c70d6318b', '391e4bba-1eaf-4477-89a8-112e3493ce0b', 'PSC 8804, Box 5164\nAPO AP 96271', 'out of service', '2024-07-14', Timestamp('2024-07-14 03:15:29.124922'))
[2024-07-14T03:15:29.203+0530] {logging_mixin.py:188} INFO - ('58210a70-71cb-48b4-a19d-aa462736d60e', 'bb5c1809-9a7c-4a94-b2a9-e4c8487b96b2', '6994 Garcia Lakes Suite 493\nMelvinchester, NY 99823', 'maintenance', '2024-07-14', Timestamp('2024-07-14 03:15:29.124922'))
[2024-07-14T03:15:29.204+0530] {logging_mixin.py:188} INFO - ('39619c66-c7a4-41f1-b6dc-c12332117abb', 'a6cecd1d-da7f-4e16-94a4-b6c823c0d7d8', '522 Crystal Station\nMeganshire, ME 16076', 'out of service', '2024-07-14', Timestamp('2024-07-14 03:15:29.124922'))
[2024-07-14T03:15:29.204+0530] {logging_mixin.py:188} INFO - ('18da154e-e1df-4c44-b35c-e6aef6f4d8de', '418589f1-4d7b-43ab-9a7e-3e328ec56a6c', '830 King Inlet\nAngelicaside, VI 64263', 'active', '2024-07-14', Timestamp('2024-07-14 03:15:29.124922'))
[2024-07-14T03:15:29.205+0530] {logging_mixin.py:188} INFO - ('e6b21fa2-b7c8-41a0-8fc3-58e3044414ad', 'bae937e7-c098-4e9b-b5b6-6b47b4bf117b', '42317 Michelle Forks Suite 981\nWest Cheryl, NE 88605', 'out of service', '2024-07-14', Timestamp('2024-07-14 03:15:29.124922'))
[2024-07-14T03:15:29.205+0530] {logging_mixin.py:188} INFO - ('387d7475-2084-4b16-9ce8-73bd600f3129', '6f6edb74-f323-43cc-b370-f09c889c4461', '50772 Boyle Park\nLake Shawna, IA 79122', 'out of service', '2024-07-14', Timestamp('2024-07-14 03:15:29.124922'))
[2024-07-14T03:15:29.206+0530] {logging_mixin.py:188} INFO - ('7a841555-b65e-4e85-a8e0-2ab821112aa2', '128775b7-1506-45f2-9f5f-d7e65228efe9', '7300 Madison Creek Apt. 588\nAmyfort, AZ 80333', 'out of service', '2024-07-14', Timestamp('2024-07-14 03:15:29.124922'))
[2024-07-14T03:15:29.206+0530] {logging_mixin.py:188} INFO - ('5c3f3ac6-a389-4b02-8de0-97c8a8f5bbd0', 'b15807bc-8d9e-4c1a-880c-f2a3d60d263c', '1723 Jackson Valley Apt. 672\nCraigland, WA 91540', 'out of service', '2024-07-14', Timestamp('2024-07-14 03:15:29.124922'))
[2024-07-14T03:15:29.207+0530] {logging_mixin.py:188} INFO - ('ab7dabf3-17bf-481a-8c56-405c149db026', '7f7a19c5-ccd8-4947-a8b3-08966c044812', '140 Laura Radial Apt. 664\nNorth Angela, PA 52029', 'active', '2024-07-14', Timestamp('2024-07-14 03:15:29.124922'))
[2024-07-14T03:15:29.207+0530] {logging_mixin.py:188} INFO - ('da4f2619-6e9b-47b4-845d-a11d7cf7d512', 'bcb055fd-3436-441e-af37-04112da074bd', '38510 Zamora Ports\nDerrickfurt, NV 09486', 'out of service', '2024-07-14', Timestamp('2024-07-14 03:15:29.124922'))
[2024-07-14T03:15:29.208+0530] {logging_mixin.py:188} INFO - ('ea173b25-fb26-4f29-898c-6cc1182406cd', 'faaec5ce-a74c-4307-8ad2-cbaf57cd97ef', '218 Hernandez Ford\nPatelview, ND 86693', 'out of service', '2024-07-14', Timestamp('2024-07-14 03:15:29.124922'))
[2024-07-14T03:15:29.208+0530] {logging_mixin.py:188} INFO - ('672cf320-f45d-4b69-8b86-6b390dbc3baa', '8a10f395-5098-49da-b1b1-c6728e07e2f3', '13837 Julie Route Suite 296\nDavisshire, AS 34074', 'maintenance', '2024-07-14', Timestamp('2024-07-14 03:15:29.124922'))
[2024-07-14T03:15:29.209+0530] {logging_mixin.py:188} INFO - ('52992826-0d31-4312-9c39-ab7a664a2644', 'c3a6e591-6fcf-4194-ac06-4cd7cb881d6e', '98976 Stephanie Green Apt. 076\nCookstad, OR 92975', 'out of service', '2024-07-14', Timestamp('2024-07-14 03:15:29.124922'))
[2024-07-14T03:15:29.209+0530] {logging_mixin.py:188} INFO - ('f5c6fdd9-6db5-4e40-90a2-4f6ba3226507', 'e6164165-4e13-4429-be89-462e20d3c135', '233 Gary Courts Suite 668\nRobinsonmouth, DC 78564', 'maintenance', '2024-07-14', Timestamp('2024-07-14 03:15:29.124922'))
[2024-07-14T03:15:29.210+0530] {logging_mixin.py:188} INFO - ('aa463b94-b68a-42a7-8a68-b148406a36d4', '99821d23-8688-44ac-bddb-26bf0166111e', '74409 Isaac Dale\nSouth Jeffreystad, WA 09981', 'out of service', '2024-07-14', Timestamp('2024-07-14 03:15:29.124922'))
[2024-07-14T03:15:29.211+0530] {logging_mixin.py:188} INFO - ('dacde780-5b12-4010-be04-1a4a0d67e177', 'ffda8b37-5bd5-4858-929e-598d97ec68ef', '85789 Gina Walks Suite 642\nJenniferhaven, UT 90563', 'maintenance', '2024-07-14', Timestamp('2024-07-14 03:15:29.124922'))
[2024-07-14T03:15:29.211+0530] {logging_mixin.py:188} INFO - ('8ab062f2-8112-4f22-b2f7-563037794337', 'c3a6e591-6fcf-4194-ac06-4cd7cb881d6e', '5311 Aguilar Mews Apt. 218\nLouistown, MA 84499', 'out of service', '2024-07-14', Timestamp('2024-07-14 03:15:29.124922'))
[2024-07-14T03:15:29.214+0530] {logging_mixin.py:188} INFO - ('870883b2-acda-4035-9205-278669758163', 'e6164165-4e13-4429-be89-462e20d3c135', '9343 Michael Stream\nHolderside, NE 22558', 'out of service', '2024-07-14', Timestamp('2024-07-14 03:15:29.124922'))
[2024-07-14T03:15:29.215+0530] {logging_mixin.py:188} INFO - ('0ce6b976-7647-41a3-a365-0f758dd7b1a5', '312d2527-8f72-4171-bd70-7e27964796c4', '87633 Olivia Centers\nWest Jamesberg, MI 09931', 'maintenance', '2024-07-14', Timestamp('2024-07-14 03:15:29.124922'))
[2024-07-14T03:15:29.216+0530] {logging_mixin.py:188} INFO - ('943d3185-5621-48f0-85a2-3652cd61f6d1', 'bcb055fd-3436-441e-af37-04112da074bd', '74504 Miller Passage Apt. 902\nWest Mandy, ND 02478', 'active', '2024-07-14', Timestamp('2024-07-14 03:15:29.124922'))
[2024-07-14T03:15:29.217+0530] {logging_mixin.py:188} INFO - ('0f780cfb-a19a-4afe-a770-b25c93ff1322', '993fcb66-876b-4366-8d2b-101368a666f0', '57546 Maria Garden Suite 205\nPort Margarettown, MI 26229', 'maintenance', '2024-07-14', Timestamp('2024-07-14 03:15:29.124922'))
[2024-07-14T03:15:29.218+0530] {logging_mixin.py:188} INFO - ('c6e2efa9-87c9-4799-b49e-d6a6da3341ec', '234c680b-fda4-4e0c-80e9-5d28c050802b', '570 Michael Gateway Suite 272\nNorth Kelly, PW 67028', 'out of service', '2024-07-14', Timestamp('2024-07-14 03:15:29.124922'))
[2024-07-14T03:15:29.218+0530] {logging_mixin.py:188} INFO - ('7786c351-33da-4990-906f-958e41691162', '2d875100-1008-4be3-8266-644ecb240359', 'USNV Sawyer\nFPO AA 07446', 'active', '2024-07-14', Timestamp('2024-07-14 03:15:29.124922'))
[2024-07-14T03:15:29.219+0530] {logging_mixin.py:188} INFO - ('aa360b45-1ead-4627-bc02-be9ebffb655c', '4e2effcb-b94c-4630-8ac7-7d6515f53838', '309 Patterson Keys\nSouth Glenn, AZ 32542', 'maintenance', '2024-07-14', Timestamp('2024-07-14 03:15:29.124922'))
[2024-07-14T03:15:29.220+0530] {logging_mixin.py:188} INFO - ('bf6517c0-c190-4eab-b41f-3b28cd76969f', 'b15807bc-8d9e-4c1a-880c-f2a3d60d263c', '0484 Lisa Walks\nOdonnellhaven, VI 85891', 'out of service', '2024-07-14', Timestamp('2024-07-14 03:15:29.124922'))
[2024-07-14T03:15:29.220+0530] {logging_mixin.py:188} INFO - ('253bbf0f-98ac-493d-8d78-f522edce0fae', 'faaec5ce-a74c-4307-8ad2-cbaf57cd97ef', 'USNV Murphy\nFPO AP 67438', 'active', '2024-07-14', Timestamp('2024-07-14 03:15:29.124922'))
[2024-07-14T03:15:29.221+0530] {logging_mixin.py:188} INFO - ('f7a68438-7a34-42cc-abd8-ab0ba21a8c9e', 'a6cecd1d-da7f-4e16-94a4-b6c823c0d7d8', '709 Cody Roads Suite 964\nNorth Kristifurt, TN 11746', 'maintenance', '2024-07-14', Timestamp('2024-07-14 03:15:29.124922'))
[2024-07-14T03:15:29.221+0530] {logging_mixin.py:188} INFO - ('d4d29e8e-830e-43cc-810f-e7af5b365a3f', 'ec066809-ab21-4dcb-88fe-d1593c821a64', 'PSC 7223, Box 1008\nAPO AP 98403', 'maintenance', '2024-07-14', Timestamp('2024-07-14 03:15:29.124922'))
[2024-07-14T03:15:29.222+0530] {logging_mixin.py:188} INFO - ('5d970e96-2201-44d2-a425-3133a29e269f', '6aca17d8-d3e1-437e-888a-12aa7bf373a0', '79006 Wendy Plains Apt. 425\nSouth Kimberlymouth, ID 39761', 'maintenance', '2024-07-14', Timestamp('2024-07-14 03:15:29.124922'))
[2024-07-14T03:15:29.222+0530] {logging_mixin.py:188} INFO - ('0ad96ec6-8c6b-4439-b3cb-75218d30748c', '03353cc6-da9f-4d3f-9125-0bfc910a8aa9', '9521 Williams Spurs Apt. 788\nWest Tiffanymouth, WV 06325', 'active', '2024-07-14', Timestamp('2024-07-14 03:15:29.124922'))
[2024-07-14T03:15:29.223+0530] {logging_mixin.py:188} INFO - ('c83b80ec-23dc-4193-83f4-e9c26091cbfd', '94b19d11-a86f-41c5-af26-f86939ba5de3', '0094 Cummings Manors\nIsaacmouth, IN 53127', 'maintenance', '2024-07-14', Timestamp('2024-07-14 03:15:29.124922'))
[2024-07-14T03:15:29.223+0530] {logging_mixin.py:188} INFO - ('1e707fcc-77c8-406f-ba49-1ecba98196e4', 'c7b18b2e-e2f1-4f6f-8bfc-16867e8db3cc', '909 Mclaughlin Crescent Suite 199\nWest Jessicaburgh, NM 39008', 'active', '2024-07-14', Timestamp('2024-07-14 03:15:29.124922'))
[2024-07-14T03:15:29.224+0530] {logging_mixin.py:188} INFO - ('7d1b6946-b0fe-46d6-ab82-3585fbdedb56', 'cb8ff262-f0f9-4814-b911-abc6152dc0f9', '4182 Nancy Valleys Apt. 126\nTroyland, TX 91479', 'maintenance', '2024-07-14', Timestamp('2024-07-14 03:15:29.124922'))
[2024-07-14T03:15:29.224+0530] {logging_mixin.py:188} INFO - ('98d33d93-b71b-4bc3-a755-519c14676f5b', '67aba811-3f48-4f96-ae18-742920d8a352', '886 Stewart Coves Apt. 901\nCannonbury, NH 73200', 'active', '2024-07-14', Timestamp('2024-07-14 03:15:29.124922'))
[2024-07-14T03:15:29.225+0530] {logging_mixin.py:188} INFO - ('fbf198a9-a059-4bbc-a5fc-8d8b2af48617', '993fcb66-876b-4366-8d2b-101368a666f0', '2680 Dodson Trafficway\nLindaland, WY 28221', 'maintenance', '2024-07-14', Timestamp('2024-07-14 03:15:29.124922'))
[2024-07-14T03:15:29.225+0530] {logging_mixin.py:188} INFO - ('45a5cfed-e548-453f-ae7c-273d35f3e406', 'fd3c5d8e-3e5f-4a7c-889c-39c90e3373e1', '893 Walter Pine Apt. 620\nNew Jennifer, VA 30355', 'maintenance', '2024-07-14', Timestamp('2024-07-14 03:15:29.124922'))
[2024-07-14T03:15:29.226+0530] {logging_mixin.py:188} INFO - ('61929410-c920-4e46-bfc8-006d19c2f623', 'c45b2d5b-dda0-47bb-a320-4376a0a74c01', '799 Ramirez Course\nSarahberg, PR 99241', 'active', '2024-07-14', Timestamp('2024-07-14 03:15:29.124922'))
[2024-07-14T03:15:29.226+0530] {logging_mixin.py:188} INFO - ('39ed8baa-3837-4030-92a2-ac24c3aef0d2', '94b19d11-a86f-41c5-af26-f86939ba5de3', '3384 Ochoa Park\nWest Tracyburgh, AZ 32231', 'active', '2024-07-14', Timestamp('2024-07-14 03:15:29.124922'))
[2024-07-14T03:15:29.226+0530] {logging_mixin.py:188} INFO - ('cfa70800-2bb5-44ea-80c9-8667c3cd0308', '234c680b-fda4-4e0c-80e9-5d28c050802b', '562 Phillips Shoals\nDylanfort, AL 96815', 'active', '2024-07-14', Timestamp('2024-07-14 03:15:29.124922'))
[2024-07-14T03:15:29.227+0530] {logging_mixin.py:188} INFO - ('207b0aee-7759-4e1d-aadd-d7743c7f6ff1', 'bb5c1809-9a7c-4a94-b2a9-e4c8487b96b2', 'Unit 2600 Box 4090\nDPO AE 21769', 'maintenance', '2024-07-14', Timestamp('2024-07-14 03:15:29.124922'))
[2024-07-14T03:15:29.227+0530] {logging_mixin.py:188} INFO - ('ec4341a9-2be2-4896-b588-41a6dcff1e1c', 'faaec5ce-a74c-4307-8ad2-cbaf57cd97ef', 'USS Wheeler\nFPO AA 79524', 'maintenance', '2024-07-14', Timestamp('2024-07-14 03:15:29.124922'))
[2024-07-14T03:15:29.228+0530] {logging_mixin.py:188} INFO - ('072dca95-2e22-4d20-9c7a-b7a7daf49078', 'e805510c-8119-4732-9254-657440c08ea3', '9662 Smith Mountain Apt. 351\nAshleytown, ID 28977', 'out of service', '2024-07-14', Timestamp('2024-07-14 03:15:29.124922'))
[2024-07-14T03:15:29.231+0530] {logging_mixin.py:188} INFO - ('65fec5f0-7160-4c4d-9a83-f44d770f9fc7', 'c3a6e591-6fcf-4194-ac06-4cd7cb881d6e', '11923 Richard Coves Suite 437\nPort Linda, MD 25317', 'active', '2024-07-14', Timestamp('2024-07-14 03:15:29.124922'))
[2024-07-14T03:15:29.232+0530] {logging_mixin.py:188} INFO - ('f379dac9-a735-45ce-8145-bd592765769f', '9271961b-31f4-4fb0-8dc9-a72e097eb8be', '99664 Lisa Views\nRobertfurt, VA 62977', 'maintenance', '2024-07-14', Timestamp('2024-07-14 03:15:29.124922'))
[2024-07-14T03:15:29.233+0530] {logging_mixin.py:188} INFO - ('cff4feb7-9d77-48d8-b1af-5a1008e21070', '85bf394a-20c7-4052-b7cf-9adca637f46f', '34179 Sosa Square\nLake Krististad, DC 95896', 'out of service', '2024-07-14', Timestamp('2024-07-14 03:15:29.124922'))
[2024-07-14T03:15:29.234+0530] {logging_mixin.py:188} INFO - ('496dff99-2104-43ce-bb36-518f27fed45f', 'e270e126-6c0b-4c49-9b99-e47aa69ad924', '2546 Jessica Well\nJamestown, CT 07572', 'active', '2024-07-14', Timestamp('2024-07-14 03:15:29.124922'))
[2024-07-14T03:15:29.235+0530] {logging_mixin.py:188} INFO - ('95413ec3-5866-4c7a-8d55-8f8990bb1f13', '68496e7a-2782-4689-81c6-c2395d43391a', '44995 Johnson Roads\nWest Courtney, GU 92894', 'active', '2024-07-14', Timestamp('2024-07-14 03:15:29.124922'))
[2024-07-14T03:15:29.236+0530] {logging_mixin.py:188} INFO - ('7e0d1893-e11a-40b3-b9dd-8d94c97093ab', '218108ac-6a4d-49fd-90e1-18bdad874226', '701 David Meadow Apt. 240\nWest Holly, OR 72527', 'maintenance', '2024-07-14', Timestamp('2024-07-14 03:15:29.124922'))
[2024-07-14T03:15:29.236+0530] {logging_mixin.py:188} INFO - ('1e1e6d15-c8da-4743-91f4-414e63dddc54', '9265c872-217e-485d-bc9b-9d16f33ce54e', '390 Michael Bypass\nEast Sarahfort, DE 80243', 'maintenance', '2024-07-14', Timestamp('2024-07-14 03:15:29.124922'))
[2024-07-14T03:15:29.237+0530] {logging_mixin.py:188} INFO - ('c8b6492a-66b8-464d-b8f9-2a2916e9b481', '99175c3c-ba12-412a-8bef-6d6ccc372ec2', '1553 Mendoza Centers\nCraigside, NJ 60335', 'out of service', '2024-07-14', Timestamp('2024-07-14 03:15:29.124922'))
[2024-07-14T03:15:29.237+0530] {logging_mixin.py:188} INFO - ('be27292c-6e99-4e62-b0e7-487f859ac712', 'bfd02120-2d77-4c55-b19a-74c13788dd39', '23612 Kelsey Ranch Suite 162\nPetersmouth, LA 72178', 'active', '2024-07-14', Timestamp('2024-07-14 03:15:29.124922'))
[2024-07-14T03:15:29.238+0530] {logging_mixin.py:188} INFO - ('0e68a069-796a-4303-aeae-c15d4ca5c796', '6aca17d8-d3e1-437e-888a-12aa7bf373a0', '52667 Tammy Mall Suite 021\nNew Crystal, GA 74760', 'out of service', '2024-07-14', Timestamp('2024-07-14 03:15:29.124922'))
[2024-07-14T03:15:29.238+0530] {logging_mixin.py:188} INFO - ('808721a9-7692-4be0-b5b7-06846ff44bce', '128775b7-1506-45f2-9f5f-d7e65228efe9', '7871 Derrick Lodge\nNew Paul, MS 79843', 'maintenance', '2024-07-14', Timestamp('2024-07-14 03:15:29.124922'))
[2024-07-14T03:15:29.239+0530] {logging_mixin.py:188} INFO - ('867e4672-8220-4bed-b293-2e6c598cdc8d', 'f1903c9a-d8a1-4357-bbaf-d56aab8be5b4', '995 Andrew Run\nWest Richard, OK 59826', 'active', '2024-07-14', Timestamp('2024-07-14 03:15:29.124922'))
[2024-07-14T03:15:29.239+0530] {logging_mixin.py:188} INFO - ('e0d0766d-11fc-4136-ad61-f9f5300c195c', '391e4bba-1eaf-4477-89a8-112e3493ce0b', '59020 Chapman Ports Apt. 963\nLuisshire, WA 02762', 'active', '2024-07-14', Timestamp('2024-07-14 03:15:29.124922'))
[2024-07-14T03:15:29.240+0530] {logging_mixin.py:188} INFO - ('0ed63098-9e49-4075-b12a-1f1cd0a57487', '29c6111c-bf2b-4a14-9d0b-48d130905114', '38666 William Hollow Apt. 602\nHansenshire, MD 99251', 'active', '2024-07-14', Timestamp('2024-07-14 03:15:29.124922'))
[2024-07-14T03:15:29.240+0530] {logging_mixin.py:188} INFO - ('fa4fd7d4-30cb-41fd-bb60-dc43e25b908c', '7f7a19c5-ccd8-4947-a8b3-08966c044812', '5025 Barnes Place\nOrozcoborough, NE 56457', 'out of service', '2024-07-14', Timestamp('2024-07-14 03:15:29.124922'))
[2024-07-14T03:15:29.241+0530] {logging_mixin.py:188} INFO - ('cae3bae1-880b-4836-8083-d6b0f6175621', '128775b7-1506-45f2-9f5f-d7e65228efe9', '706 Connie Cove Suite 314\nLake Kelly, AZ 24912', 'active', '2024-07-14', Timestamp('2024-07-14 03:15:29.124922'))
[2024-07-14T03:15:29.241+0530] {logging_mixin.py:188} INFO - ('bea04c92-65cb-4e5b-9e3c-ad2ec24f1367', 'e3677159-5b63-4290-ad86-57cbaba563c2', '283 Joseph Neck\nPort Michael, ME 27374', 'maintenance', '2024-07-14', Timestamp('2024-07-14 03:15:29.124922'))
[2024-07-14T03:15:29.242+0530] {logging_mixin.py:188} INFO - ('876bc0f5-1dff-486c-8b91-b8d2fd3bd717', 'f1903c9a-d8a1-4357-bbaf-d56aab8be5b4', '7299 Marquez Station\nRodriguezberg, IA 87467', 'maintenance', '2024-07-14', Timestamp('2024-07-14 03:15:29.124922'))
[2024-07-14T03:15:29.242+0530] {logging_mixin.py:188} INFO - ('cb7cfbc4-beb8-4678-a067-f6b2ef3185b1', 'e6164165-4e13-4429-be89-462e20d3c135', '8786 Sally Hollow Apt. 253\nHolmestown, WI 37554', 'out of service', '2024-07-14', Timestamp('2024-07-14 03:15:29.124922'))
[2024-07-14T03:15:29.243+0530] {logging_mixin.py:188} INFO - ('e4239d28-41cc-4936-8175-3b5089d88962', 'bd4f3f49-172b-46fb-bb24-99202eecf31e', '591 Ashley Pine Apt. 180\nVirginialand, MP 93658', 'maintenance', '2024-07-14', Timestamp('2024-07-14 03:15:29.124922'))
[2024-07-14T03:15:29.243+0530] {logging_mixin.py:188} INFO - ('19995bcb-5402-45a9-9427-c092c37a53c1', 'bb5c1809-9a7c-4a94-b2a9-e4c8487b96b2', '8360 Tasha Row Suite 663\nJenniferville, AZ 28710', 'out of service', '2024-07-14', Timestamp('2024-07-14 03:15:29.124922'))
[2024-07-14T03:15:29.244+0530] {logging_mixin.py:188} INFO - ('e59408dd-5371-4621-a353-ec83bebf5345', 'e6164165-4e13-4429-be89-462e20d3c135', 'PSC 8349, Box 9137\nAPO AP 54782', 'active', '2024-07-14', Timestamp('2024-07-14 03:15:29.124922'))
[2024-07-14T03:15:29.244+0530] {logging_mixin.py:188} INFO - ('c764a7c2-27b5-4c6c-b363-879c1e431f27', '6f6edb74-f323-43cc-b370-f09c889c4461', '497 Charles Island\nWest Tim, NV 91158', 'active', '2024-07-14', Timestamp('2024-07-14 03:15:29.124922'))
[2024-07-14T03:15:29.245+0530] {logging_mixin.py:188} INFO - ('0732305c-f3ea-4790-99c8-9ad724f23559', '1457a165-a549-4493-b3fd-ba484a05e592', '487 Poole Mission Suite 510\nNorth Whitney, CA 18519', 'out of service', '2024-07-14', Timestamp('2024-07-14 03:15:29.124922'))
[2024-07-14T03:15:29.250+0530] {logging_mixin.py:188} INFO - ('46f327d2-9ebf-4106-8cfc-1f94d5e65ce1', 'd38b92ef-6b9d-4f02-97a9-0e122245c64b', '638 Carroll Extension Suite 414\nNorth Michaelhaven, ID 74003', 'active', '2024-07-14', Timestamp('2024-07-14 03:15:29.124922'))
[2024-07-14T03:15:29.250+0530] {logging_mixin.py:188} INFO - ('6b55d544-797e-4a45-b2d4-f369a9fc41d5', '8a10f395-5098-49da-b1b1-c6728e07e2f3', '6487 Gray Drive Apt. 577\nRichardshire, SD 94783', 'maintenance', '2024-07-14', Timestamp('2024-07-14 03:15:29.124922'))
[2024-07-14T03:15:29.251+0530] {logging_mixin.py:188} INFO - ('3f040138-3f3c-44d8-9f37-641596f415f9', 'b15807bc-8d9e-4c1a-880c-f2a3d60d263c', '52598 James Wall\nGrossview, FM 77856', 'maintenance', '2024-07-14', Timestamp('2024-07-14 03:15:29.124922'))
[2024-07-14T03:15:29.252+0530] {logging_mixin.py:188} INFO - ('0f65bb31-18f7-42c4-aaf4-e52b933a2eaa', '79e8a1db-83c1-4314-9d16-e36821a345a8', '69358 Mullins Crossroad\nEast Garychester, IN 36772', 'out of service', '2024-07-14', Timestamp('2024-07-14 03:15:29.124922'))
[2024-07-14T03:15:29.252+0530] {logging_mixin.py:188} INFO - ('c5e6e0f0-5124-44cb-ad78-f4625ec3219d', '297096e3-3b3f-4a78-a560-fea55bb882f8', '985 George Plaza Apt. 160\nSouth Williamfort, KS 11368', 'maintenance', '2024-07-14', Timestamp('2024-07-14 03:15:29.124922'))
[2024-07-14T03:15:29.253+0530] {logging_mixin.py:188} INFO - ('265141ea-912f-47cf-8f6a-8de1238771a5', '5fbdee03-9b35-4958-ad0d-48b275f1f817', '811 Wayne Mall Suite 647\nJaneside, AS 47388', 'maintenance', '2024-07-14', Timestamp('2024-07-14 03:15:29.124922'))
[2024-07-14T03:15:29.253+0530] {logging_mixin.py:188} INFO - ('b4aa6148-2554-44d4-b9e7-0ec1b4a38691', '391e4bba-1eaf-4477-89a8-112e3493ce0b', '459 Sullivan Fort Suite 061\nLake Katherineview, CA 05148', 'out of service', '2024-07-14', Timestamp('2024-07-14 03:15:29.124922'))
[2024-07-14T03:15:29.254+0530] {logging_mixin.py:188} INFO - ('aa48de1e-9e92-40ef-93c9-e876125a20d4', '68496e7a-2782-4689-81c6-c2395d43391a', '25802 John Fall\nNew David, OR 72274', 'active', '2024-07-14', Timestamp('2024-07-14 03:15:29.124922'))
[2024-07-14T03:15:29.255+0530] {logging_mixin.py:188} INFO - ('4703086b-cf32-488a-b867-93fa5d11870c', 'e6164165-4e13-4429-be89-462e20d3c135', '18088 Jessica Ville\nMichelleland, KS 25505', 'active', '2024-07-14', Timestamp('2024-07-14 03:15:29.124922'))
[2024-07-14T03:15:29.255+0530] {logging_mixin.py:188} INFO - ('a7e20b56-acb7-47cf-b4ee-e1a31cfc4b0c', 'f1903c9a-d8a1-4357-bbaf-d56aab8be5b4', 'Unit 8172 Box 6898\nDPO AA 22654', 'active', '2024-07-14', Timestamp('2024-07-14 03:15:29.124922'))
[2024-07-14T03:15:29.256+0530] {logging_mixin.py:188} INFO - ('d22d7d8a-108c-401b-b3e2-da429344688a', '70fba41d-0fb6-4c08-a6d6-51b136266f7d', '6419 Melinda Heights Apt. 107\nRyanton, MP 08761', 'out of service', '2024-07-14', Timestamp('2024-07-14 03:15:29.124922'))
[2024-07-14T03:15:29.256+0530] {logging_mixin.py:188} INFO - ('faba37ec-7438-49a7-96d7-09e6b2b4035f', 'd38b92ef-6b9d-4f02-97a9-0e122245c64b', '73044 Antonio Wall Suite 680\nJaviertown, AL 10360', 'active', '2024-07-14', Timestamp('2024-07-14 03:15:29.124922'))
[2024-07-14T03:15:29.257+0530] {logging_mixin.py:188} INFO - ('c3dd0107-0220-4043-9340-7caa6af382a0', '418589f1-4d7b-43ab-9a7e-3e328ec56a6c', '2356 Cantu Center\nLake Caroline, ME 74808', 'out of service', '2024-07-14', Timestamp('2024-07-14 03:15:29.124922'))
[2024-07-14T03:15:29.257+0530] {logging_mixin.py:188} INFO - ('006592e4-013d-4944-bc76-d53db0ded4dc', 'f1903c9a-d8a1-4357-bbaf-d56aab8be5b4', '3873 Alexis Falls Suite 903\nBrentberg, KY 44380', 'out of service', '2024-07-14', Timestamp('2024-07-14 03:15:29.124922'))
[2024-07-14T03:15:29.258+0530] {logging_mixin.py:188} INFO - ('670353e6-14de-409a-bddf-2e7273f36a57', 'bfd02120-2d77-4c55-b19a-74c13788dd39', '35259 Daniel Circle\nJessebury, PW 33080', 'active', '2024-07-14', Timestamp('2024-07-14 03:15:29.124922'))
[2024-07-14T03:15:29.258+0530] {logging_mixin.py:188} INFO - ('5361a994-e339-4c87-88f8-0f1e73512ed6', 'e6164165-4e13-4429-be89-462e20d3c135', '260 Fisher Islands Suite 177\nEast Natalie, NM 75637', 'maintenance', '2024-07-14', Timestamp('2024-07-14 03:15:29.124922'))
[2024-07-14T03:15:29.258+0530] {logging_mixin.py:188} INFO - ('ba311b39-c075-4201-b976-220fd5397f37', 'd314c658-0b9a-484b-82bb-c7eacff98a28', '6605 Bell Grove\nPughborough, AR 83983', 'maintenance', '2024-07-14', Timestamp('2024-07-14 03:15:29.124922'))
[2024-07-14T03:15:29.259+0530] {logging_mixin.py:188} INFO - ('42dc3c65-308f-431b-ba08-d19c90862214', 'ec066809-ab21-4dcb-88fe-d1593c821a64', 'PSC 2305, Box 2947\nAPO AE 10956', 'out of service', '2024-07-14', Timestamp('2024-07-14 03:15:29.124922'))
[2024-07-14T03:15:29.259+0530] {logging_mixin.py:188} INFO - ('db706214-82f4-4a1b-8d83-a618e45e8a68', '56c47971-df1d-401b-a895-8ec7ce4d0969', '8549 Russell Overpass Suite 985\nNew Reginald, NJ 15662', 'active', '2024-07-14', Timestamp('2024-07-14 03:15:29.124922'))
[2024-07-14T03:15:29.260+0530] {logging_mixin.py:188} INFO - ('3f38a8f0-13a4-478f-b6e0-f2bace885192', 'e3677159-5b63-4290-ad86-57cbaba563c2', '54043 Sanders Fall Apt. 761\nEast Melanie, NV 26030', 'active', '2024-07-14', Timestamp('2024-07-14 03:15:29.124922'))
[2024-07-14T03:15:29.260+0530] {logging_mixin.py:188} INFO - ('5adc9ebd-9979-44c0-8aeb-fc4f51ef32e6', 'ec94ad9e-e6a9-4882-be85-9f64f3292d84', '024 Young Turnpike Suite 158\nSmithside, LA 54585', 'out of service', '2024-07-14', Timestamp('2024-07-14 03:15:29.124922'))
[2024-07-14T03:15:29.261+0530] {logging_mixin.py:188} INFO - ('5c881b81-91d9-4222-be06-c40d4184b4bf', '58091d16-fc32-4d93-901f-8b7a97c46db7', '00678 Michael Ridges Suite 623\nGeoffreyland, MD 58121', 'active', '2024-07-14', Timestamp('2024-07-14 03:15:29.124922'))
[2024-07-14T03:15:29.262+0530] {logging_mixin.py:188} INFO - ('6213de85-e56c-4e2d-b4bc-4d2ca5a959f5', '06387f35-2c27-4fe2-9f0a-43ec4b4fd0ef', '2770 Parker Parks Suite 444\nNorth Erikamouth, SC 40623', 'out of service', '2024-07-14', Timestamp('2024-07-14 03:15:29.124922'))
[2024-07-14T03:15:29.264+0530] {logging_mixin.py:188} INFO - ('e71645ac-f6d7-4f4f-ae29-23ed1e969d46', 'bd4f3f49-172b-46fb-bb24-99202eecf31e', '4686 Vanessa Mill\nPadillaton, IN 48974', 'maintenance', '2024-07-14', Timestamp('2024-07-14 03:15:29.124922'))
[2024-07-14T03:15:29.265+0530] {logging_mixin.py:188} INFO - ('5872442e-7dd4-457f-9070-fa60a5a54efc', '391e4bba-1eaf-4477-89a8-112e3493ce0b', '4631 Miller Extension Apt. 040\nWoodmouth, WV 96667', 'out of service', '2024-07-14', Timestamp('2024-07-14 03:15:29.124922'))
[2024-07-14T03:15:29.266+0530] {logging_mixin.py:188} INFO - ('b94fc909-85bb-45be-a03e-1cf1c2b003b4', '750775c7-f13e-42a1-aaa4-a25f4a687632', '2866 Mckay Point Suite 047\nAngelaview, FL 83786', 'maintenance', '2024-07-14', Timestamp('2024-07-14 03:15:29.124922'))
[2024-07-14T03:15:29.266+0530] {logging_mixin.py:188} INFO - ('c0d29e34-2a1f-49a8-9dec-f88cec09792d', '7f7a19c5-ccd8-4947-a8b3-08966c044812', 'USCGC Alvarez\nFPO AE 20213', 'out of service', '2024-07-14', Timestamp('2024-07-14 03:15:29.124922'))
[2024-07-14T03:15:29.270+0530] {logging_mixin.py:188} INFO - ('23aef0bc-d148-404e-a2e3-7df9cbf17ca4', '99175c3c-ba12-412a-8bef-6d6ccc372ec2', '47965 Johns Wall Apt. 451\nBellhaven, OK 10493', 'maintenance', '2024-07-14', Timestamp('2024-07-14 03:15:29.124922'))
[2024-07-14T03:15:29.270+0530] {logging_mixin.py:188} INFO - ('5bc3f845-bff5-457d-9939-6d39b34311ac', 'f266da40-db76-4bbc-b8ae-99bafd21ff9a', 'Unit 3858 Box 5877\nDPO AA 30285', 'out of service', '2024-07-14', Timestamp('2024-07-14 03:15:29.124922'))
[2024-07-14T03:15:29.271+0530] {logging_mixin.py:188} INFO - ('c28e6648-eb46-426d-9cb4-f6465c8d45a8', 'f1903c9a-d8a1-4357-bbaf-d56aab8be5b4', '9561 Wilson Heights Suite 980\nWest Markchester, MD 90094', 'maintenance', '2024-07-14', Timestamp('2024-07-14 03:15:29.124922'))
[2024-07-14T03:15:29.271+0530] {logging_mixin.py:188} INFO - ('57a65efc-0852-4003-b0b6-f6a4d8143efe', '0a0eff7e-c3cb-44fd-8941-7dc42fc1d6a4', '972 Smith Lock Suite 070\nNew Brandy, MP 17905', 'out of service', '2024-07-14', Timestamp('2024-07-14 03:15:29.124922'))
[2024-07-14T03:15:29.272+0530] {logging_mixin.py:188} INFO - ('7bb13e54-b9e2-4e2b-b23c-17f61466120a', '1feb5bd4-d312-4569-afbb-eb4b704f6452', '59777 John Center Apt. 966\nLake Kaylaview, KS 93863', 'maintenance', '2024-07-14', Timestamp('2024-07-14 03:15:29.124922'))
[2024-07-14T03:15:29.272+0530] {logging_mixin.py:188} INFO - ('4087ce74-0229-4efe-8fc4-46a7b9639468', '4056d83c-dff5-4dff-b9e4-8b0214ec7c3e', '4357 Eric Manors\nNorth Jennifer, LA 85542', 'active', '2024-07-14', Timestamp('2024-07-14 03:15:29.124922'))
[2024-07-14T03:15:29.273+0530] {logging_mixin.py:188} INFO - ('3e286369-e718-4bc2-80de-cdd1e25b350a', '128775b7-1506-45f2-9f5f-d7e65228efe9', '26947 Fisher Meadow Apt. 384\nEast Lisa, VT 74752', 'active', '2024-07-14', Timestamp('2024-07-14 03:15:29.124922'))
[2024-07-14T03:15:29.274+0530] {logging_mixin.py:188} INFO - ('0bed2748-c8cf-49b9-9c70-b01e16012471', '0a0eff7e-c3cb-44fd-8941-7dc42fc1d6a4', '3405 Drake Centers Suite 869\nMichaelbury, TN 39389', 'maintenance', '2024-07-14', Timestamp('2024-07-14 03:15:29.124922'))
[2024-07-14T03:15:29.274+0530] {logging_mixin.py:188} INFO - ('3e88e55a-4157-437f-b436-c770dd4b2e39', '0c8f17f6-0780-40e3-92de-0c557737037a', '4155 Matthew Vista\nWest Robert, KS 20226', 'active', '2024-07-14', Timestamp('2024-07-14 03:15:29.124922'))
[2024-07-14T03:15:29.275+0530] {logging_mixin.py:188} INFO - ('55a0d998-bc33-4026-a522-cbfcf013b74d', 'e3677159-5b63-4290-ad86-57cbaba563c2', 'PSC 8479, Box 1655\nAPO AP 13019', 'active', '2024-07-14', Timestamp('2024-07-14 03:15:29.124922'))
[2024-07-14T03:15:29.275+0530] {logging_mixin.py:188} INFO - ('b212b1dd-c0a4-4c47-9a87-9c733d19e086', 'f6ad58a8-cb8d-41c3-ae5a-d94f0fb21de6', '172 Clark Locks Suite 955\nSouth Amandashire, AS 55314', 'active', '2024-07-14', Timestamp('2024-07-14 03:15:29.124922'))
[2024-07-14T03:15:29.276+0530] {logging_mixin.py:188} INFO - ('1eefd8e4-fe42-443c-9e42-ec26b2646e36', '99821d23-8688-44ac-bddb-26bf0166111e', '8851 Woodard Shore\nJessicaburgh, PW 29279', 'out of service', '2024-07-14', Timestamp('2024-07-14 03:15:29.124922'))
[2024-07-14T03:15:29.276+0530] {logging_mixin.py:188} INFO - Loaded /home/kali/Desktop/projects/git/bank_data_processing/data_prepare/atms_today.csv into atms table
[2024-07-14T03:15:29.276+0530] {logging_mixin.py:188} INFO - Moved /home/kali/Desktop/projects/git/bank_data_processing/data_prepare/atms_today.csv to archive folder
[2024-07-14T03:15:29.276+0530] {logging_mixin.py:188} INFO - All CSV files have been loaded into MySQL tables.
[2024-07-14T03:15:29.277+0530] {python.py:237} INFO - Done. Returned value was: None
[2024-07-14T03:15:29.277+0530] {taskinstance.py:441} INFO - ::group::Post task execution logs
[2024-07-14T03:15:29.287+0530] {taskinstance.py:1206} INFO - Marking task as SUCCESS. dag_id=raw_load_atms, task_id=insert_table, run_id=manual__2024-07-13T21:41:21.360779+00:00, execution_date=20240713T214121, start_date=20240713T214528, end_date=20240713T214529
[2024-07-14T03:15:29.331+0530] {local_task_job_runner.py:240} INFO - Task exited with return code 0
[2024-07-14T03:15:29.349+0530] {taskinstance.py:3503} INFO - 0 downstream tasks scheduled from follow-on schedule check
[2024-07-14T03:15:29.350+0530] {local_task_job_runner.py:222} INFO - ::endgroup::
