[2024-07-13T16:55:14.434+0530] {local_task_job_runner.py:120} INFO - ::group::Pre task execution logs
[2024-07-13T16:55:14.488+0530] {taskinstance.py:2076} INFO - Dependencies all met for dep_context=non-requeueable deps ti=<TaskInstance: parent_dag.trigger_raw_load_branches manual__2024-07-11T20:36:59.640614+00:00 [queued]>
[2024-07-13T16:55:14.511+0530] {taskinstance.py:2076} INFO - Dependencies all met for dep_context=requeueable deps ti=<TaskInstance: parent_dag.trigger_raw_load_branches manual__2024-07-11T20:36:59.640614+00:00 [queued]>
[2024-07-13T16:55:14.511+0530] {taskinstance.py:2306} INFO - Starting attempt 2 of 2
[2024-07-13T16:55:14.530+0530] {taskinstance.py:2330} INFO - Executing <Task(TriggerDagRunOperator): trigger_raw_load_branches> on 2024-07-11 20:36:59.640614+00:00
[2024-07-13T16:55:14.555+0530] {standard_task_runner.py:63} INFO - Started process 59422 to run task
[2024-07-13T16:55:14.558+0530] {standard_task_runner.py:90} INFO - Running: ['airflow', 'tasks', 'run', 'parent_dag', 'trigger_raw_load_branches', 'manual__2024-07-11T20:36:59.640614+00:00', '--job-id', '1244', '--raw', '--subdir', 'DAGS_FOLDER/dag_parent.py', '--cfg-path', '/tmp/tmpq4jqr061']
[2024-07-13T16:55:14.561+0530] {standard_task_runner.py:91} INFO - Job 1244: Subtask trigger_raw_load_branches
[2024-07-13T16:55:14.649+0530] {task_command.py:426} INFO - Running <TaskInstance: parent_dag.trigger_raw_load_branches manual__2024-07-11T20:36:59.640614+00:00 [running]> on host kali
[2024-07-13T16:55:14.732+0530] {taskinstance.py:2648} INFO - Exporting env vars: AIRFLOW_CTX_DAG_OWNER='airflow' AIRFLOW_CTX_DAG_ID='parent_dag' AIRFLOW_CTX_TASK_ID='trigger_raw_load_branches' AIRFLOW_CTX_EXECUTION_DATE='2024-07-11T20:36:59.640614+00:00' AIRFLOW_CTX_TRY_NUMBER='2' AIRFLOW_CTX_DAG_RUN_ID='manual__2024-07-11T20:36:59.640614+00:00'
[2024-07-13T16:55:14.733+0530] {taskinstance.py:430} INFO - ::endgroup::
[2024-07-13T16:55:14.787+0530] {trigger_dagrun.py:222} INFO - Waiting for raw_load_branches on 2024-07-13 11:25:14.733928+00:00 to become allowed state ['success'] ...
[2024-07-13T16:56:14.803+0530] {trigger_dagrun.py:222} INFO - Waiting for raw_load_branches on 2024-07-13 11:25:14.733928+00:00 to become allowed state ['success'] ...
[2024-07-13T16:57:14.808+0530] {trigger_dagrun.py:222} INFO - Waiting for raw_load_branches on 2024-07-13 11:25:14.733928+00:00 to become allowed state ['success'] ...
[2024-07-13T16:58:14.812+0530] {trigger_dagrun.py:222} INFO - Waiting for raw_load_branches on 2024-07-13 11:25:14.733928+00:00 to become allowed state ['success'] ...
[2024-07-13T16:59:14.816+0530] {trigger_dagrun.py:222} INFO - Waiting for raw_load_branches on 2024-07-13 11:25:14.733928+00:00 to become allowed state ['success'] ...
[2024-07-13T17:00:14.824+0530] {trigger_dagrun.py:222} INFO - Waiting for raw_load_branches on 2024-07-13 11:25:14.733928+00:00 to become allowed state ['success'] ...
[2024-07-13T17:01:14.832+0530] {trigger_dagrun.py:222} INFO - Waiting for raw_load_branches on 2024-07-13 11:25:14.733928+00:00 to become allowed state ['success'] ...
[2024-07-13T17:02:14.837+0530] {trigger_dagrun.py:222} INFO - Waiting for raw_load_branches on 2024-07-13 11:25:14.733928+00:00 to become allowed state ['success'] ...
[2024-07-13T17:03:14.841+0530] {trigger_dagrun.py:222} INFO - Waiting for raw_load_branches on 2024-07-13 11:25:14.733928+00:00 to become allowed state ['success'] ...
[2024-07-13T17:04:14.853+0530] {trigger_dagrun.py:222} INFO - Waiting for raw_load_branches on 2024-07-13 11:25:14.733928+00:00 to become allowed state ['success'] ...
[2024-07-13T17:05:14.858+0530] {trigger_dagrun.py:222} INFO - Waiting for raw_load_branches on 2024-07-13 11:25:14.733928+00:00 to become allowed state ['success'] ...
[2024-07-13T17:06:14.869+0530] {trigger_dagrun.py:222} INFO - Waiting for raw_load_branches on 2024-07-13 11:25:14.733928+00:00 to become allowed state ['success'] ...
[2024-07-13T17:07:14.883+0530] {trigger_dagrun.py:222} INFO - Waiting for raw_load_branches on 2024-07-13 11:25:14.733928+00:00 to become allowed state ['success'] ...
[2024-07-13T17:08:14.889+0530] {trigger_dagrun.py:222} INFO - Waiting for raw_load_branches on 2024-07-13 11:25:14.733928+00:00 to become allowed state ['success'] ...
[2024-07-13T17:08:27.017+0530] {local_task_job_runner.py:310} WARNING - State of this instance has been externally set to failed. Terminating instance.
[2024-07-13T17:08:27.019+0530] {local_task_job_runner.py:222} INFO - ::endgroup::
[2024-07-13T17:08:27.036+0530] {process_utils.py:132} INFO - Sending 15 to group 59422. PIDs of all processes in the group: [59422]
[2024-07-13T17:08:27.037+0530] {process_utils.py:87} INFO - Sending the signal 15 to group 59422
[2024-07-13T17:08:27.038+0530] {taskinstance.py:2611} ERROR - Received SIGTERM. Terminating subprocesses.
[2024-07-13T17:08:27.039+0530] {taskinstance.py:441} INFO - ::group::Post task execution logs
[2024-07-13T17:08:27.090+0530] {process_utils.py:80} INFO - Process psutil.Process(pid=59422, status='terminated', exitcode=0, started='16:55:14') (59422) terminated with exit code 0
