[2024-07-13T16:53:49.715+0530] {local_task_job_runner.py:120} INFO - ::group::Pre task execution logs
[2024-07-13T16:53:49.752+0530] {taskinstance.py:2076} INFO - Dependencies all met for dep_context=non-requeueable deps ti=<TaskInstance: parent_dag.trigger_raw_load_branches manual__2024-07-11T20:36:59.640614+00:00 [queued]>
[2024-07-13T16:53:49.765+0530] {taskinstance.py:2076} INFO - Dependencies all met for dep_context=requeueable deps ti=<TaskInstance: parent_dag.trigger_raw_load_branches manual__2024-07-11T20:36:59.640614+00:00 [queued]>
[2024-07-13T16:53:49.765+0530] {taskinstance.py:2306} INFO - Starting attempt 1 of 2
[2024-07-13T16:53:49.781+0530] {taskinstance.py:2330} INFO - Executing <Task(TriggerDagRunOperator): trigger_raw_load_branches> on 2024-07-11 20:36:59.640614+00:00
[2024-07-13T16:53:49.788+0530] {standard_task_runner.py:63} INFO - Started process 57439 to run task
[2024-07-13T16:53:49.794+0530] {standard_task_runner.py:90} INFO - Running: ['airflow', 'tasks', 'run', 'parent_dag', 'trigger_raw_load_branches', 'manual__2024-07-11T20:36:59.640614+00:00', '--job-id', '1242', '--raw', '--subdir', 'DAGS_FOLDER/dag_parent.py', '--cfg-path', '/tmp/tmpy37bb1d2']
[2024-07-13T16:53:49.801+0530] {standard_task_runner.py:91} INFO - Job 1242: Subtask trigger_raw_load_branches
[2024-07-13T16:53:49.930+0530] {task_command.py:426} INFO - Running <TaskInstance: parent_dag.trigger_raw_load_branches manual__2024-07-11T20:36:59.640614+00:00 [running]> on host kali
[2024-07-13T16:53:50.069+0530] {taskinstance.py:2648} INFO - Exporting env vars: AIRFLOW_CTX_DAG_OWNER='airflow' AIRFLOW_CTX_DAG_ID='parent_dag' AIRFLOW_CTX_TASK_ID='trigger_raw_load_branches' AIRFLOW_CTX_EXECUTION_DATE='2024-07-11T20:36:59.640614+00:00' AIRFLOW_CTX_TRY_NUMBER='1' AIRFLOW_CTX_DAG_RUN_ID='manual__2024-07-11T20:36:59.640614+00:00'
[2024-07-13T16:53:50.072+0530] {taskinstance.py:430} INFO - ::endgroup::
[2024-07-13T16:53:50.168+0530] {trigger_dagrun.py:222} INFO - Waiting for raw_load_branches on 2024-07-13 11:23:50.073988+00:00 to become allowed state ['success'] ...
[2024-07-13T16:54:50.173+0530] {trigger_dagrun.py:222} INFO - Waiting for raw_load_branches on 2024-07-13 11:23:50.073988+00:00 to become allowed state ['success'] ...
[2024-07-13T16:55:50.176+0530] {trigger_dagrun.py:222} INFO - Waiting for raw_load_branches on 2024-07-13 11:23:50.073988+00:00 to become allowed state ['success'] ...
[2024-07-13T16:56:50.180+0530] {trigger_dagrun.py:222} INFO - Waiting for raw_load_branches on 2024-07-13 11:23:50.073988+00:00 to become allowed state ['success'] ...
[2024-07-13T16:57:50.191+0530] {trigger_dagrun.py:222} INFO - Waiting for raw_load_branches on 2024-07-13 11:23:50.073988+00:00 to become allowed state ['success'] ...
[2024-07-13T16:58:50.197+0530] {trigger_dagrun.py:222} INFO - Waiting for raw_load_branches on 2024-07-13 11:23:50.073988+00:00 to become allowed state ['success'] ...
[2024-07-13T16:59:50.201+0530] {trigger_dagrun.py:222} INFO - Waiting for raw_load_branches on 2024-07-13 11:23:50.073988+00:00 to become allowed state ['success'] ...
[2024-07-13T17:00:50.205+0530] {trigger_dagrun.py:222} INFO - Waiting for raw_load_branches on 2024-07-13 11:23:50.073988+00:00 to become allowed state ['success'] ...
[2024-07-13T17:01:50.212+0530] {trigger_dagrun.py:222} INFO - Waiting for raw_load_branches on 2024-07-13 11:23:50.073988+00:00 to become allowed state ['success'] ...
[2024-07-13T17:02:50.224+0530] {trigger_dagrun.py:222} INFO - Waiting for raw_load_branches on 2024-07-13 11:23:50.073988+00:00 to become allowed state ['success'] ...
[2024-07-13T17:03:50.236+0530] {trigger_dagrun.py:222} INFO - Waiting for raw_load_branches on 2024-07-13 11:23:50.073988+00:00 to become allowed state ['success'] ...
[2024-07-13T17:04:50.247+0530] {trigger_dagrun.py:222} INFO - Waiting for raw_load_branches on 2024-07-13 11:23:50.073988+00:00 to become allowed state ['success'] ...
[2024-07-13T17:05:50.261+0530] {trigger_dagrun.py:222} INFO - Waiting for raw_load_branches on 2024-07-13 11:23:50.073988+00:00 to become allowed state ['success'] ...
[2024-07-13T17:06:50.272+0530] {trigger_dagrun.py:222} INFO - Waiting for raw_load_branches on 2024-07-13 11:23:50.073988+00:00 to become allowed state ['success'] ...
[2024-07-13T17:07:50.276+0530] {trigger_dagrun.py:222} INFO - Waiting for raw_load_branches on 2024-07-13 11:23:50.073988+00:00 to become allowed state ['success'] ...
[2024-07-13T17:08:50.285+0530] {trigger_dagrun.py:222} INFO - Waiting for raw_load_branches on 2024-07-13 11:23:50.073988+00:00 to become allowed state ['success'] ...
[2024-07-13T17:09:50.295+0530] {trigger_dagrun.py:222} INFO - Waiting for raw_load_branches on 2024-07-13 11:23:50.073988+00:00 to become allowed state ['success'] ...
[2024-07-13T17:10:50.300+0530] {trigger_dagrun.py:222} INFO - Waiting for raw_load_branches on 2024-07-13 11:23:50.073988+00:00 to become allowed state ['success'] ...
[2024-07-13T17:11:50.311+0530] {trigger_dagrun.py:222} INFO - Waiting for raw_load_branches on 2024-07-13 11:23:50.073988+00:00 to become allowed state ['success'] ...
[2024-07-13T17:12:50.314+0530] {trigger_dagrun.py:222} INFO - Waiting for raw_load_branches on 2024-07-13 11:23:50.073988+00:00 to become allowed state ['success'] ...
[2024-07-13T17:13:50.323+0530] {trigger_dagrun.py:222} INFO - Waiting for raw_load_branches on 2024-07-13 11:23:50.073988+00:00 to become allowed state ['success'] ...
[2024-07-13T17:14:50.336+0530] {trigger_dagrun.py:222} INFO - Waiting for raw_load_branches on 2024-07-13 11:23:50.073988+00:00 to become allowed state ['success'] ...
[2024-07-13T17:15:50.349+0530] {trigger_dagrun.py:222} INFO - Waiting for raw_load_branches on 2024-07-13 11:23:50.073988+00:00 to become allowed state ['success'] ...
[2024-07-13T17:16:50.359+0530] {trigger_dagrun.py:222} INFO - Waiting for raw_load_branches on 2024-07-13 11:23:50.073988+00:00 to become allowed state ['success'] ...
[2024-07-13T17:17:50.371+0530] {trigger_dagrun.py:222} INFO - Waiting for raw_load_branches on 2024-07-13 11:23:50.073988+00:00 to become allowed state ['success'] ...
[2024-07-13T17:18:50.376+0530] {trigger_dagrun.py:222} INFO - Waiting for raw_load_branches on 2024-07-13 11:23:50.073988+00:00 to become allowed state ['success'] ...
[2024-07-13T17:19:50.380+0530] {trigger_dagrun.py:222} INFO - Waiting for raw_load_branches on 2024-07-13 11:23:50.073988+00:00 to become allowed state ['success'] ...
[2024-07-13T17:20:50.385+0530] {trigger_dagrun.py:222} INFO - Waiting for raw_load_branches on 2024-07-13 11:23:50.073988+00:00 to become allowed state ['success'] ...
[2024-07-13T17:21:50.405+0530] {trigger_dagrun.py:222} INFO - Waiting for raw_load_branches on 2024-07-13 11:23:50.073988+00:00 to become allowed state ['success'] ...
[2024-07-13T17:22:50.426+0530] {trigger_dagrun.py:222} INFO - Waiting for raw_load_branches on 2024-07-13 11:23:50.073988+00:00 to become allowed state ['success'] ...
[2024-07-13T17:23:50.445+0530] {trigger_dagrun.py:222} INFO - Waiting for raw_load_branches on 2024-07-13 11:23:50.073988+00:00 to become allowed state ['success'] ...
[2024-07-13T17:24:50.482+0530] {trigger_dagrun.py:222} INFO - Waiting for raw_load_branches on 2024-07-13 11:23:50.073988+00:00 to become allowed state ['success'] ...
[2024-07-13T17:25:50.500+0530] {trigger_dagrun.py:222} INFO - Waiting for raw_load_branches on 2024-07-13 11:23:50.073988+00:00 to become allowed state ['success'] ...
[2024-07-13T17:26:50.520+0530] {trigger_dagrun.py:222} INFO - Waiting for raw_load_branches on 2024-07-13 11:23:50.073988+00:00 to become allowed state ['success'] ...
[2024-07-13T17:27:50.537+0530] {trigger_dagrun.py:222} INFO - Waiting for raw_load_branches on 2024-07-13 11:23:50.073988+00:00 to become allowed state ['success'] ...
[2024-07-13T17:28:20.275+0530] {taskinstance.py:2611} ERROR - Received SIGTERM. Terminating subprocesses.
