[2024-07-13T19:06:43.118+0530] {local_task_job_runner.py:120} INFO - ::group::Pre task execution logs
[2024-07-13T19:06:43.277+0530] {taskinstance.py:2076} INFO - Dependencies all met for dep_context=non-requeueable deps ti=<TaskInstance: raw_load_transactions.insert_table manual__2024-07-13T13:26:45.288419+00:00 [queued]>
[2024-07-13T19:06:43.289+0530] {taskinstance.py:2076} INFO - Dependencies all met for dep_context=requeueable deps ti=<TaskInstance: raw_load_transactions.insert_table manual__2024-07-13T13:26:45.288419+00:00 [queued]>
[2024-07-13T19:06:43.290+0530] {taskinstance.py:2306} INFO - Starting attempt 1 of 1
[2024-07-13T19:06:43.308+0530] {taskinstance.py:2330} INFO - Executing <Task(PythonOperator): insert_table> on 2024-07-13 13:26:45.288419+00:00
[2024-07-13T19:06:43.314+0530] {standard_task_runner.py:63} INFO - Started process 65345 to run task
[2024-07-13T19:06:43.317+0530] {standard_task_runner.py:90} INFO - Running: ['airflow', 'tasks', 'run', 'raw_load_transactions', 'insert_table', 'manual__2024-07-13T13:26:45.288419+00:00', '--job-id', '1349', '--raw', '--subdir', 'DAGS_FOLDER/dag_raw_transactions.py', '--cfg-path', '/tmp/tmptihcnjem']
[2024-07-13T19:06:43.321+0530] {standard_task_runner.py:91} INFO - Job 1349: Subtask insert_table
[2024-07-13T19:06:43.366+0530] {task_command.py:426} INFO - Running <TaskInstance: raw_load_transactions.insert_table manual__2024-07-13T13:26:45.288419+00:00 [running]> on host kali
[2024-07-13T19:06:43.475+0530] {taskinstance.py:2648} INFO - Exporting env vars: AIRFLOW_CTX_DAG_OWNER='airflow' AIRFLOW_CTX_DAG_ID='raw_load_transactions' AIRFLOW_CTX_TASK_ID='insert_table' AIRFLOW_CTX_EXECUTION_DATE='2024-07-13T13:26:45.288419+00:00' AIRFLOW_CTX_TRY_NUMBER='1' AIRFLOW_CTX_DAG_RUN_ID='manual__2024-07-13T13:26:45.288419+00:00'
[2024-07-13T19:06:43.476+0530] {taskinstance.py:430} INFO - ::endgroup::
[2024-07-13T19:06:43.519+0530] {logging_mixin.py:188} INFO - transaction_id`,`account_id`,`timestamp`,`amount`,`transaction_type`,`description`,`ingetion_timestamp
[2024-07-13T19:06:43.528+0530] {logging_mixin.py:188} INFO - ('b1cdca61-ad0c-419c-b773-d80547734554', 'fa725877-2141-46ec-a06b-a1d6bd42312d', '2024-07-10 11:19:27.725316', 3951.59, 'debit', 'Both church most after order.', Timestamp('2024-07-13 19:06:43.517465'))
[2024-07-13T19:06:43.529+0530] {taskinstance.py:441} INFO - ::group::Post task execution logs
[2024-07-13T19:06:43.529+0530] {taskinstance.py:2905} ERROR - Task failed with exception
Traceback (most recent call last):
  File "/home/kali/Desktop/projects/git/bank_data_processing/myenv/lib/python3.11/site-packages/airflow/models/taskinstance.py", line 465, in _execute_task
    result = _execute_callable(context=context, **execute_callable_kwargs)
             ^^^^^^^^^^^^^^^^^^^^^^^^^^^^^^^^^^^^^^^^^^^^^^^^^^^^^^^^^^^^^
  File "/home/kali/Desktop/projects/git/bank_data_processing/myenv/lib/python3.11/site-packages/airflow/models/taskinstance.py", line 432, in _execute_callable
    return execute_callable(context=context, **execute_callable_kwargs)
           ^^^^^^^^^^^^^^^^^^^^^^^^^^^^^^^^^^^^^^^^^^^^^^^^^^^^^^^^^^^^
  File "/home/kali/Desktop/projects/git/bank_data_processing/myenv/lib/python3.11/site-packages/airflow/models/baseoperator.py", line 401, in wrapper
    return func(self, *args, **kwargs)
           ^^^^^^^^^^^^^^^^^^^^^^^^^^^
  File "/home/kali/Desktop/projects/git/bank_data_processing/myenv/lib/python3.11/site-packages/airflow/operators/python.py", line 235, in execute
    return_value = self.execute_callable()
                   ^^^^^^^^^^^^^^^^^^^^^^^
  File "/home/kali/Desktop/projects/git/bank_data_processing/myenv/lib/python3.11/site-packages/airflow/operators/python.py", line 252, in execute_callable
    return self.python_callable(*self.op_args, **self.op_kwargs)
           ^^^^^^^^^^^^^^^^^^^^^^^^^^^^^^^^^^^^^^^^^^^^^^^^^^^^^
  File "//home/kali/Desktop/projects/git/bank_data_processing/dags/models/raw_models/raw_load_transactions.py", line 54, in insert_table
    load_csv_to_mysql(csv_file, table_name)
  File "//home/kali/Desktop/projects/git/bank_data_processing/dags/models/raw_models/raw_load_transactions.py", line 48, in load_csv_to_mysql
    cursor.execute(sql, tuple(row))
  File "/home/kali/Desktop/projects/git/bank_data_processing/myenv/lib/python3.11/site-packages/MySQLdb/cursors.py", line 179, in execute
    res = self._query(mogrified_query)
          ^^^^^^^^^^^^^^^^^^^^^^^^^^^^
  File "/home/kali/Desktop/projects/git/bank_data_processing/myenv/lib/python3.11/site-packages/MySQLdb/cursors.py", line 330, in _query
    db.query(q)
  File "/home/kali/Desktop/projects/git/bank_data_processing/myenv/lib/python3.11/site-packages/MySQLdb/connections.py", line 261, in query
    _mysql.connection.query(self, query)
MySQLdb.DataError: (1406, "Data too long for column 'timestamp' at row 1")
[2024-07-13T19:06:43.538+0530] {taskinstance.py:1206} INFO - Marking task as FAILED. dag_id=raw_load_transactions, task_id=insert_table, run_id=manual__2024-07-13T13:26:45.288419+00:00, execution_date=20240713T132645, start_date=20240713T133643, end_date=20240713T133643
[2024-07-13T19:06:43.550+0530] {standard_task_runner.py:110} ERROR - Failed to execute job 1349 for task insert_table ((1406, "Data too long for column 'timestamp' at row 1"); 65345)
[2024-07-13T19:06:43.570+0530] {local_task_job_runner.py:240} INFO - Task exited with return code 1
[2024-07-13T19:06:43.587+0530] {taskinstance.py:3503} INFO - 0 downstream tasks scheduled from follow-on schedule check
[2024-07-13T19:06:43.588+0530] {local_task_job_runner.py:222} INFO - ::endgroup::
