[2024-07-16T05:30:11.345+0530] {processor.py:161} INFO - Started process (PID=24368) to work on //home/kali/Desktop/projects/git/bank_data_processing/dags/dag_raw_accounts.py
[2024-07-16T05:30:11.346+0530] {processor.py:830} INFO - Processing file //home/kali/Desktop/projects/git/bank_data_processing/dags/dag_raw_accounts.py for tasks to queue
[2024-07-16T05:30:11.348+0530] {logging_mixin.py:188} INFO - [2024-07-16T05:30:11.348+0530] {dagbag.py:545} INFO - Filling up the DagBag from //home/kali/Desktop/projects/git/bank_data_processing/dags/dag_raw_accounts.py
[2024-07-16T05:30:12.177+0530] {logging_mixin.py:188} INFO - [2024-07-16T05:30:12.176+0530] {base.py:84} INFO - Using connection ID 'mysql_default' for task execution.
[2024-07-16T05:30:12.189+0530] {processor.py:840} INFO - DAG(s) 'raw_load_accounts' retrieved from //home/kali/Desktop/projects/git/bank_data_processing/dags/dag_raw_accounts.py
[2024-07-16T05:30:12.324+0530] {logging_mixin.py:188} INFO - [2024-07-16T05:30:12.324+0530] {dag.py:3096} INFO - Sync 1 DAGs
[2024-07-16T05:30:12.340+0530] {logging_mixin.py:188} INFO - [2024-07-16T05:30:12.339+0530] {dag.py:3954} INFO - Setting next_dagrun for raw_load_accounts to None, run_after=None
[2024-07-16T05:30:12.379+0530] {processor.py:183} INFO - Processing //home/kali/Desktop/projects/git/bank_data_processing/dags/dag_raw_accounts.py took 1.042 seconds
[2024-07-16T05:30:42.928+0530] {processor.py:161} INFO - Started process (PID=24883) to work on //home/kali/Desktop/projects/git/bank_data_processing/dags/dag_raw_accounts.py
[2024-07-16T05:30:42.934+0530] {processor.py:830} INFO - Processing file //home/kali/Desktop/projects/git/bank_data_processing/dags/dag_raw_accounts.py for tasks to queue
[2024-07-16T05:30:42.937+0530] {logging_mixin.py:188} INFO - [2024-07-16T05:30:42.936+0530] {dagbag.py:545} INFO - Filling up the DagBag from //home/kali/Desktop/projects/git/bank_data_processing/dags/dag_raw_accounts.py
[2024-07-16T05:30:43.567+0530] {logging_mixin.py:188} INFO - [2024-07-16T05:30:43.567+0530] {base.py:84} INFO - Using connection ID 'mysql_default' for task execution.
[2024-07-16T05:30:43.577+0530] {processor.py:840} INFO - DAG(s) 'raw_load_accounts' retrieved from //home/kali/Desktop/projects/git/bank_data_processing/dags/dag_raw_accounts.py
[2024-07-16T05:30:43.681+0530] {logging_mixin.py:188} INFO - [2024-07-16T05:30:43.680+0530] {dag.py:3096} INFO - Sync 1 DAGs
[2024-07-16T05:30:43.695+0530] {logging_mixin.py:188} INFO - [2024-07-16T05:30:43.695+0530] {dag.py:3954} INFO - Setting next_dagrun for raw_load_accounts to None, run_after=None
[2024-07-16T05:30:43.720+0530] {processor.py:183} INFO - Processing //home/kali/Desktop/projects/git/bank_data_processing/dags/dag_raw_accounts.py took 0.804 seconds
[2024-07-16T05:31:13.819+0530] {processor.py:161} INFO - Started process (PID=25626) to work on //home/kali/Desktop/projects/git/bank_data_processing/dags/dag_raw_accounts.py
[2024-07-16T05:31:13.824+0530] {processor.py:830} INFO - Processing file //home/kali/Desktop/projects/git/bank_data_processing/dags/dag_raw_accounts.py for tasks to queue
[2024-07-16T05:31:13.826+0530] {logging_mixin.py:188} INFO - [2024-07-16T05:31:13.826+0530] {dagbag.py:545} INFO - Filling up the DagBag from //home/kali/Desktop/projects/git/bank_data_processing/dags/dag_raw_accounts.py
[2024-07-16T05:31:14.710+0530] {logging_mixin.py:188} INFO - [2024-07-16T05:31:14.710+0530] {base.py:84} INFO - Using connection ID 'mysql_default' for task execution.
[2024-07-16T05:31:14.718+0530] {processor.py:840} INFO - DAG(s) 'raw_load_accounts' retrieved from //home/kali/Desktop/projects/git/bank_data_processing/dags/dag_raw_accounts.py
[2024-07-16T05:31:14.830+0530] {logging_mixin.py:188} INFO - [2024-07-16T05:31:14.830+0530] {dag.py:3096} INFO - Sync 1 DAGs
[2024-07-16T05:31:14.841+0530] {logging_mixin.py:188} INFO - [2024-07-16T05:31:14.841+0530] {dag.py:3954} INFO - Setting next_dagrun for raw_load_accounts to None, run_after=None
[2024-07-16T05:31:14.875+0530] {processor.py:183} INFO - Processing //home/kali/Desktop/projects/git/bank_data_processing/dags/dag_raw_accounts.py took 1.069 seconds
[2024-07-16T05:31:45.137+0530] {processor.py:161} INFO - Started process (PID=26297) to work on //home/kali/Desktop/projects/git/bank_data_processing/dags/dag_raw_accounts.py
[2024-07-16T05:31:45.139+0530] {processor.py:830} INFO - Processing file //home/kali/Desktop/projects/git/bank_data_processing/dags/dag_raw_accounts.py for tasks to queue
[2024-07-16T05:31:45.142+0530] {logging_mixin.py:188} INFO - [2024-07-16T05:31:45.141+0530] {dagbag.py:545} INFO - Filling up the DagBag from //home/kali/Desktop/projects/git/bank_data_processing/dags/dag_raw_accounts.py
[2024-07-16T05:31:45.749+0530] {logging_mixin.py:188} INFO - [2024-07-16T05:31:45.749+0530] {base.py:84} INFO - Using connection ID 'mysql_default' for task execution.
[2024-07-16T05:31:45.755+0530] {processor.py:840} INFO - DAG(s) 'raw_load_accounts' retrieved from //home/kali/Desktop/projects/git/bank_data_processing/dags/dag_raw_accounts.py
[2024-07-16T05:31:45.841+0530] {logging_mixin.py:188} INFO - [2024-07-16T05:31:45.841+0530] {dag.py:3096} INFO - Sync 1 DAGs
[2024-07-16T05:31:45.849+0530] {logging_mixin.py:188} INFO - [2024-07-16T05:31:45.849+0530] {dag.py:3954} INFO - Setting next_dagrun for raw_load_accounts to None, run_after=None
[2024-07-16T05:31:45.870+0530] {processor.py:183} INFO - Processing //home/kali/Desktop/projects/git/bank_data_processing/dags/dag_raw_accounts.py took 0.740 seconds
[2024-07-16T05:32:16.687+0530] {processor.py:161} INFO - Started process (PID=27042) to work on //home/kali/Desktop/projects/git/bank_data_processing/dags/dag_raw_accounts.py
[2024-07-16T05:32:16.689+0530] {processor.py:830} INFO - Processing file //home/kali/Desktop/projects/git/bank_data_processing/dags/dag_raw_accounts.py for tasks to queue
[2024-07-16T05:32:16.691+0530] {logging_mixin.py:188} INFO - [2024-07-16T05:32:16.691+0530] {dagbag.py:545} INFO - Filling up the DagBag from //home/kali/Desktop/projects/git/bank_data_processing/dags/dag_raw_accounts.py
[2024-07-16T05:32:17.264+0530] {logging_mixin.py:188} INFO - [2024-07-16T05:32:17.263+0530] {base.py:84} INFO - Using connection ID 'mysql_default' for task execution.
[2024-07-16T05:32:17.272+0530] {processor.py:840} INFO - DAG(s) 'raw_load_accounts' retrieved from //home/kali/Desktop/projects/git/bank_data_processing/dags/dag_raw_accounts.py
[2024-07-16T05:32:17.367+0530] {logging_mixin.py:188} INFO - [2024-07-16T05:32:17.366+0530] {dag.py:3096} INFO - Sync 1 DAGs
[2024-07-16T05:32:17.374+0530] {logging_mixin.py:188} INFO - [2024-07-16T05:32:17.374+0530] {dag.py:3954} INFO - Setting next_dagrun for raw_load_accounts to None, run_after=None
[2024-07-16T05:32:17.397+0530] {processor.py:183} INFO - Processing //home/kali/Desktop/projects/git/bank_data_processing/dags/dag_raw_accounts.py took 0.720 seconds
[2024-07-16T05:32:48.235+0530] {processor.py:161} INFO - Started process (PID=27843) to work on //home/kali/Desktop/projects/git/bank_data_processing/dags/dag_raw_accounts.py
[2024-07-16T05:32:48.237+0530] {processor.py:830} INFO - Processing file //home/kali/Desktop/projects/git/bank_data_processing/dags/dag_raw_accounts.py for tasks to queue
[2024-07-16T05:32:48.240+0530] {logging_mixin.py:188} INFO - [2024-07-16T05:32:48.239+0530] {dagbag.py:545} INFO - Filling up the DagBag from //home/kali/Desktop/projects/git/bank_data_processing/dags/dag_raw_accounts.py
[2024-07-16T05:32:49.047+0530] {logging_mixin.py:188} INFO - [2024-07-16T05:32:49.047+0530] {base.py:84} INFO - Using connection ID 'mysql_default' for task execution.
[2024-07-16T05:32:49.055+0530] {processor.py:840} INFO - DAG(s) 'raw_load_accounts' retrieved from //home/kali/Desktop/projects/git/bank_data_processing/dags/dag_raw_accounts.py
[2024-07-16T05:32:49.203+0530] {logging_mixin.py:188} INFO - [2024-07-16T05:32:49.202+0530] {dag.py:3096} INFO - Sync 1 DAGs
[2024-07-16T05:32:49.216+0530] {logging_mixin.py:188} INFO - [2024-07-16T05:32:49.215+0530] {dag.py:3954} INFO - Setting next_dagrun for raw_load_accounts to None, run_after=None
[2024-07-16T05:32:49.251+0530] {processor.py:183} INFO - Processing //home/kali/Desktop/projects/git/bank_data_processing/dags/dag_raw_accounts.py took 1.029 seconds
[2024-07-16T05:33:19.921+0530] {processor.py:161} INFO - Started process (PID=28557) to work on //home/kali/Desktop/projects/git/bank_data_processing/dags/dag_raw_accounts.py
[2024-07-16T05:33:19.927+0530] {processor.py:830} INFO - Processing file //home/kali/Desktop/projects/git/bank_data_processing/dags/dag_raw_accounts.py for tasks to queue
[2024-07-16T05:33:19.929+0530] {logging_mixin.py:188} INFO - [2024-07-16T05:33:19.929+0530] {dagbag.py:545} INFO - Filling up the DagBag from //home/kali/Desktop/projects/git/bank_data_processing/dags/dag_raw_accounts.py
[2024-07-16T05:33:20.499+0530] {logging_mixin.py:188} INFO - [2024-07-16T05:33:20.499+0530] {base.py:84} INFO - Using connection ID 'mysql_default' for task execution.
[2024-07-16T05:33:20.505+0530] {processor.py:840} INFO - DAG(s) 'raw_load_accounts' retrieved from //home/kali/Desktop/projects/git/bank_data_processing/dags/dag_raw_accounts.py
[2024-07-16T05:33:20.608+0530] {logging_mixin.py:188} INFO - [2024-07-16T05:33:20.607+0530] {dag.py:3096} INFO - Sync 1 DAGs
[2024-07-16T05:33:20.617+0530] {logging_mixin.py:188} INFO - [2024-07-16T05:33:20.617+0530] {dag.py:3954} INFO - Setting next_dagrun for raw_load_accounts to None, run_after=None
[2024-07-16T05:33:20.637+0530] {processor.py:183} INFO - Processing //home/kali/Desktop/projects/git/bank_data_processing/dags/dag_raw_accounts.py took 0.725 seconds
[2024-07-16T05:33:50.702+0530] {processor.py:161} INFO - Started process (PID=29265) to work on //home/kali/Desktop/projects/git/bank_data_processing/dags/dag_raw_accounts.py
[2024-07-16T05:33:50.704+0530] {processor.py:830} INFO - Processing file //home/kali/Desktop/projects/git/bank_data_processing/dags/dag_raw_accounts.py for tasks to queue
[2024-07-16T05:33:50.706+0530] {logging_mixin.py:188} INFO - [2024-07-16T05:33:50.706+0530] {dagbag.py:545} INFO - Filling up the DagBag from //home/kali/Desktop/projects/git/bank_data_processing/dags/dag_raw_accounts.py
[2024-07-16T05:33:51.384+0530] {logging_mixin.py:188} INFO - [2024-07-16T05:33:51.383+0530] {base.py:84} INFO - Using connection ID 'mysql_default' for task execution.
[2024-07-16T05:33:51.400+0530] {processor.py:840} INFO - DAG(s) 'raw_load_accounts' retrieved from //home/kali/Desktop/projects/git/bank_data_processing/dags/dag_raw_accounts.py
[2024-07-16T05:33:51.626+0530] {logging_mixin.py:188} INFO - [2024-07-16T05:33:51.624+0530] {dag.py:3096} INFO - Sync 1 DAGs
[2024-07-16T05:33:51.646+0530] {logging_mixin.py:188} INFO - [2024-07-16T05:33:51.646+0530] {dag.py:3954} INFO - Setting next_dagrun for raw_load_accounts to None, run_after=None
[2024-07-16T05:33:51.719+0530] {processor.py:183} INFO - Processing //home/kali/Desktop/projects/git/bank_data_processing/dags/dag_raw_accounts.py took 1.030 seconds
[2024-07-16T05:34:21.916+0530] {processor.py:161} INFO - Started process (PID=29979) to work on //home/kali/Desktop/projects/git/bank_data_processing/dags/dag_raw_accounts.py
[2024-07-16T05:34:21.923+0530] {processor.py:830} INFO - Processing file //home/kali/Desktop/projects/git/bank_data_processing/dags/dag_raw_accounts.py for tasks to queue
[2024-07-16T05:34:21.925+0530] {logging_mixin.py:188} INFO - [2024-07-16T05:34:21.925+0530] {dagbag.py:545} INFO - Filling up the DagBag from //home/kali/Desktop/projects/git/bank_data_processing/dags/dag_raw_accounts.py
[2024-07-16T05:34:22.387+0530] {logging_mixin.py:188} INFO - [2024-07-16T05:34:22.386+0530] {base.py:84} INFO - Using connection ID 'mysql_default' for task execution.
[2024-07-16T05:34:22.393+0530] {processor.py:840} INFO - DAG(s) 'raw_load_accounts' retrieved from //home/kali/Desktop/projects/git/bank_data_processing/dags/dag_raw_accounts.py
[2024-07-16T05:34:22.476+0530] {logging_mixin.py:188} INFO - [2024-07-16T05:34:22.476+0530] {dag.py:3096} INFO - Sync 1 DAGs
[2024-07-16T05:34:22.484+0530] {logging_mixin.py:188} INFO - [2024-07-16T05:34:22.484+0530] {dag.py:3954} INFO - Setting next_dagrun for raw_load_accounts to None, run_after=None
[2024-07-16T05:34:22.502+0530] {processor.py:183} INFO - Processing //home/kali/Desktop/projects/git/bank_data_processing/dags/dag_raw_accounts.py took 0.604 seconds
[2024-07-16T05:34:52.866+0530] {processor.py:161} INFO - Started process (PID=30766) to work on //home/kali/Desktop/projects/git/bank_data_processing/dags/dag_raw_accounts.py
[2024-07-16T05:34:52.872+0530] {processor.py:830} INFO - Processing file //home/kali/Desktop/projects/git/bank_data_processing/dags/dag_raw_accounts.py for tasks to queue
[2024-07-16T05:34:52.876+0530] {logging_mixin.py:188} INFO - [2024-07-16T05:34:52.875+0530] {dagbag.py:545} INFO - Filling up the DagBag from //home/kali/Desktop/projects/git/bank_data_processing/dags/dag_raw_accounts.py
[2024-07-16T05:34:53.335+0530] {logging_mixin.py:188} INFO - [2024-07-16T05:34:53.334+0530] {base.py:84} INFO - Using connection ID 'mysql_default' for task execution.
[2024-07-16T05:34:53.341+0530] {processor.py:840} INFO - DAG(s) 'raw_load_accounts' retrieved from //home/kali/Desktop/projects/git/bank_data_processing/dags/dag_raw_accounts.py
[2024-07-16T05:34:53.429+0530] {logging_mixin.py:188} INFO - [2024-07-16T05:34:53.429+0530] {dag.py:3096} INFO - Sync 1 DAGs
[2024-07-16T05:34:53.438+0530] {logging_mixin.py:188} INFO - [2024-07-16T05:34:53.437+0530] {dag.py:3954} INFO - Setting next_dagrun for raw_load_accounts to None, run_after=None
[2024-07-16T05:34:53.458+0530] {processor.py:183} INFO - Processing //home/kali/Desktop/projects/git/bank_data_processing/dags/dag_raw_accounts.py took 0.610 seconds
[2024-07-16T05:35:23.703+0530] {processor.py:161} INFO - Started process (PID=31522) to work on //home/kali/Desktop/projects/git/bank_data_processing/dags/dag_raw_accounts.py
[2024-07-16T05:35:23.708+0530] {processor.py:830} INFO - Processing file //home/kali/Desktop/projects/git/bank_data_processing/dags/dag_raw_accounts.py for tasks to queue
[2024-07-16T05:35:23.710+0530] {logging_mixin.py:188} INFO - [2024-07-16T05:35:23.710+0530] {dagbag.py:545} INFO - Filling up the DagBag from //home/kali/Desktop/projects/git/bank_data_processing/dags/dag_raw_accounts.py
[2024-07-16T05:35:24.165+0530] {logging_mixin.py:188} INFO - [2024-07-16T05:35:24.165+0530] {base.py:84} INFO - Using connection ID 'mysql_default' for task execution.
[2024-07-16T05:35:24.171+0530] {processor.py:840} INFO - DAG(s) 'raw_load_accounts' retrieved from //home/kali/Desktop/projects/git/bank_data_processing/dags/dag_raw_accounts.py
[2024-07-16T05:35:24.252+0530] {logging_mixin.py:188} INFO - [2024-07-16T05:35:24.252+0530] {dag.py:3096} INFO - Sync 1 DAGs
[2024-07-16T05:35:24.260+0530] {logging_mixin.py:188} INFO - [2024-07-16T05:35:24.260+0530] {dag.py:3954} INFO - Setting next_dagrun for raw_load_accounts to None, run_after=None
[2024-07-16T05:35:24.278+0530] {processor.py:183} INFO - Processing //home/kali/Desktop/projects/git/bank_data_processing/dags/dag_raw_accounts.py took 0.582 seconds
[2024-07-16T05:35:55.144+0530] {processor.py:161} INFO - Started process (PID=32290) to work on //home/kali/Desktop/projects/git/bank_data_processing/dags/dag_raw_accounts.py
[2024-07-16T05:35:55.149+0530] {processor.py:830} INFO - Processing file //home/kali/Desktop/projects/git/bank_data_processing/dags/dag_raw_accounts.py for tasks to queue
[2024-07-16T05:35:55.152+0530] {logging_mixin.py:188} INFO - [2024-07-16T05:35:55.151+0530] {dagbag.py:545} INFO - Filling up the DagBag from //home/kali/Desktop/projects/git/bank_data_processing/dags/dag_raw_accounts.py
[2024-07-16T05:35:55.636+0530] {logging_mixin.py:188} INFO - [2024-07-16T05:35:55.635+0530] {base.py:84} INFO - Using connection ID 'mysql_default' for task execution.
[2024-07-16T05:35:55.641+0530] {processor.py:840} INFO - DAG(s) 'raw_load_accounts' retrieved from //home/kali/Desktop/projects/git/bank_data_processing/dags/dag_raw_accounts.py
[2024-07-16T05:35:55.726+0530] {logging_mixin.py:188} INFO - [2024-07-16T05:35:55.726+0530] {dag.py:3096} INFO - Sync 1 DAGs
[2024-07-16T05:35:55.734+0530] {logging_mixin.py:188} INFO - [2024-07-16T05:35:55.734+0530] {dag.py:3954} INFO - Setting next_dagrun for raw_load_accounts to None, run_after=None
[2024-07-16T05:35:55.757+0530] {processor.py:183} INFO - Processing //home/kali/Desktop/projects/git/bank_data_processing/dags/dag_raw_accounts.py took 0.635 seconds
[2024-07-16T05:36:26.423+0530] {processor.py:161} INFO - Started process (PID=33035) to work on //home/kali/Desktop/projects/git/bank_data_processing/dags/dag_raw_accounts.py
[2024-07-16T05:36:26.430+0530] {processor.py:830} INFO - Processing file //home/kali/Desktop/projects/git/bank_data_processing/dags/dag_raw_accounts.py for tasks to queue
[2024-07-16T05:36:26.434+0530] {logging_mixin.py:188} INFO - [2024-07-16T05:36:26.433+0530] {dagbag.py:545} INFO - Filling up the DagBag from //home/kali/Desktop/projects/git/bank_data_processing/dags/dag_raw_accounts.py
[2024-07-16T05:36:26.937+0530] {logging_mixin.py:188} INFO - [2024-07-16T05:36:26.937+0530] {base.py:84} INFO - Using connection ID 'mysql_default' for task execution.
[2024-07-16T05:36:26.943+0530] {processor.py:840} INFO - DAG(s) 'raw_load_accounts' retrieved from //home/kali/Desktop/projects/git/bank_data_processing/dags/dag_raw_accounts.py
[2024-07-16T05:36:27.031+0530] {logging_mixin.py:188} INFO - [2024-07-16T05:36:27.030+0530] {dag.py:3096} INFO - Sync 1 DAGs
[2024-07-16T05:36:27.038+0530] {logging_mixin.py:188} INFO - [2024-07-16T05:36:27.038+0530] {dag.py:3954} INFO - Setting next_dagrun for raw_load_accounts to None, run_after=None
[2024-07-16T05:36:27.061+0530] {processor.py:183} INFO - Processing //home/kali/Desktop/projects/git/bank_data_processing/dags/dag_raw_accounts.py took 0.653 seconds
[2024-07-16T05:36:57.586+0530] {processor.py:161} INFO - Started process (PID=33678) to work on //home/kali/Desktop/projects/git/bank_data_processing/dags/dag_raw_accounts.py
[2024-07-16T05:36:57.588+0530] {processor.py:830} INFO - Processing file //home/kali/Desktop/projects/git/bank_data_processing/dags/dag_raw_accounts.py for tasks to queue
[2024-07-16T05:36:57.591+0530] {logging_mixin.py:188} INFO - [2024-07-16T05:36:57.590+0530] {dagbag.py:545} INFO - Filling up the DagBag from //home/kali/Desktop/projects/git/bank_data_processing/dags/dag_raw_accounts.py
[2024-07-16T05:36:58.056+0530] {logging_mixin.py:188} INFO - [2024-07-16T05:36:58.056+0530] {base.py:84} INFO - Using connection ID 'mysql_default' for task execution.
[2024-07-16T05:36:58.063+0530] {processor.py:840} INFO - DAG(s) 'raw_load_accounts' retrieved from //home/kali/Desktop/projects/git/bank_data_processing/dags/dag_raw_accounts.py
[2024-07-16T05:36:58.144+0530] {logging_mixin.py:188} INFO - [2024-07-16T05:36:58.144+0530] {dag.py:3096} INFO - Sync 1 DAGs
[2024-07-16T05:36:58.151+0530] {logging_mixin.py:188} INFO - [2024-07-16T05:36:58.151+0530] {dag.py:3954} INFO - Setting next_dagrun for raw_load_accounts to None, run_after=None
[2024-07-16T05:36:58.173+0530] {processor.py:183} INFO - Processing //home/kali/Desktop/projects/git/bank_data_processing/dags/dag_raw_accounts.py took 0.598 seconds
[2024-07-16T05:37:28.622+0530] {processor.py:161} INFO - Started process (PID=34365) to work on //home/kali/Desktop/projects/git/bank_data_processing/dags/dag_raw_accounts.py
[2024-07-16T05:37:28.628+0530] {processor.py:830} INFO - Processing file //home/kali/Desktop/projects/git/bank_data_processing/dags/dag_raw_accounts.py for tasks to queue
[2024-07-16T05:37:28.631+0530] {logging_mixin.py:188} INFO - [2024-07-16T05:37:28.630+0530] {dagbag.py:545} INFO - Filling up the DagBag from //home/kali/Desktop/projects/git/bank_data_processing/dags/dag_raw_accounts.py
[2024-07-16T05:37:29.094+0530] {logging_mixin.py:188} INFO - [2024-07-16T05:37:29.094+0530] {base.py:84} INFO - Using connection ID 'mysql_default' for task execution.
[2024-07-16T05:37:29.101+0530] {processor.py:840} INFO - DAG(s) 'raw_load_accounts' retrieved from //home/kali/Desktop/projects/git/bank_data_processing/dags/dag_raw_accounts.py
[2024-07-16T05:37:29.197+0530] {logging_mixin.py:188} INFO - [2024-07-16T05:37:29.197+0530] {dag.py:3096} INFO - Sync 1 DAGs
[2024-07-16T05:37:29.205+0530] {logging_mixin.py:188} INFO - [2024-07-16T05:37:29.205+0530] {dag.py:3954} INFO - Setting next_dagrun for raw_load_accounts to None, run_after=None
[2024-07-16T05:37:29.227+0530] {processor.py:183} INFO - Processing //home/kali/Desktop/projects/git/bank_data_processing/dags/dag_raw_accounts.py took 0.624 seconds
[2024-07-16T05:37:59.685+0530] {processor.py:161} INFO - Started process (PID=35087) to work on //home/kali/Desktop/projects/git/bank_data_processing/dags/dag_raw_accounts.py
[2024-07-16T05:37:59.690+0530] {processor.py:830} INFO - Processing file //home/kali/Desktop/projects/git/bank_data_processing/dags/dag_raw_accounts.py for tasks to queue
[2024-07-16T05:37:59.695+0530] {logging_mixin.py:188} INFO - [2024-07-16T05:37:59.694+0530] {dagbag.py:545} INFO - Filling up the DagBag from //home/kali/Desktop/projects/git/bank_data_processing/dags/dag_raw_accounts.py
[2024-07-16T05:38:00.189+0530] {logging_mixin.py:188} INFO - [2024-07-16T05:38:00.188+0530] {base.py:84} INFO - Using connection ID 'mysql_default' for task execution.
[2024-07-16T05:38:00.195+0530] {processor.py:840} INFO - DAG(s) 'raw_load_accounts' retrieved from //home/kali/Desktop/projects/git/bank_data_processing/dags/dag_raw_accounts.py
[2024-07-16T05:38:00.276+0530] {logging_mixin.py:188} INFO - [2024-07-16T05:38:00.275+0530] {dag.py:3096} INFO - Sync 1 DAGs
[2024-07-16T05:38:00.283+0530] {logging_mixin.py:188} INFO - [2024-07-16T05:38:00.283+0530] {dag.py:3954} INFO - Setting next_dagrun for raw_load_accounts to None, run_after=None
[2024-07-16T05:38:00.302+0530] {processor.py:183} INFO - Processing //home/kali/Desktop/projects/git/bank_data_processing/dags/dag_raw_accounts.py took 0.643 seconds
[2024-07-16T05:38:31.016+0530] {processor.py:161} INFO - Started process (PID=35756) to work on //home/kali/Desktop/projects/git/bank_data_processing/dags/dag_raw_accounts.py
[2024-07-16T05:38:31.022+0530] {processor.py:830} INFO - Processing file //home/kali/Desktop/projects/git/bank_data_processing/dags/dag_raw_accounts.py for tasks to queue
[2024-07-16T05:38:31.024+0530] {logging_mixin.py:188} INFO - [2024-07-16T05:38:31.024+0530] {dagbag.py:545} INFO - Filling up the DagBag from //home/kali/Desktop/projects/git/bank_data_processing/dags/dag_raw_accounts.py
[2024-07-16T05:38:31.489+0530] {logging_mixin.py:188} INFO - [2024-07-16T05:38:31.489+0530] {base.py:84} INFO - Using connection ID 'mysql_default' for task execution.
[2024-07-16T05:38:31.495+0530] {processor.py:840} INFO - DAG(s) 'raw_load_accounts' retrieved from //home/kali/Desktop/projects/git/bank_data_processing/dags/dag_raw_accounts.py
[2024-07-16T05:38:31.578+0530] {logging_mixin.py:188} INFO - [2024-07-16T05:38:31.577+0530] {dag.py:3096} INFO - Sync 1 DAGs
[2024-07-16T05:38:31.585+0530] {logging_mixin.py:188} INFO - [2024-07-16T05:38:31.585+0530] {dag.py:3954} INFO - Setting next_dagrun for raw_load_accounts to None, run_after=None
[2024-07-16T05:38:31.602+0530] {processor.py:183} INFO - Processing //home/kali/Desktop/projects/git/bank_data_processing/dags/dag_raw_accounts.py took 0.594 seconds
[2024-07-16T05:39:02.226+0530] {processor.py:161} INFO - Started process (PID=36559) to work on //home/kali/Desktop/projects/git/bank_data_processing/dags/dag_raw_accounts.py
[2024-07-16T05:39:02.228+0530] {processor.py:830} INFO - Processing file //home/kali/Desktop/projects/git/bank_data_processing/dags/dag_raw_accounts.py for tasks to queue
[2024-07-16T05:39:02.230+0530] {logging_mixin.py:188} INFO - [2024-07-16T05:39:02.230+0530] {dagbag.py:545} INFO - Filling up the DagBag from //home/kali/Desktop/projects/git/bank_data_processing/dags/dag_raw_accounts.py
[2024-07-16T05:39:02.853+0530] {logging_mixin.py:188} INFO - [2024-07-16T05:39:02.851+0530] {base.py:84} INFO - Using connection ID 'mysql_default' for task execution.
[2024-07-16T05:39:02.862+0530] {processor.py:840} INFO - DAG(s) 'raw_load_accounts' retrieved from //home/kali/Desktop/projects/git/bank_data_processing/dags/dag_raw_accounts.py
[2024-07-16T05:39:03.017+0530] {logging_mixin.py:188} INFO - [2024-07-16T05:39:03.017+0530] {dag.py:3096} INFO - Sync 1 DAGs
[2024-07-16T05:39:03.033+0530] {logging_mixin.py:188} INFO - [2024-07-16T05:39:03.033+0530] {dag.py:3954} INFO - Setting next_dagrun for raw_load_accounts to None, run_after=None
[2024-07-16T05:39:03.076+0530] {processor.py:183} INFO - Processing //home/kali/Desktop/projects/git/bank_data_processing/dags/dag_raw_accounts.py took 0.859 seconds
[2024-07-16T05:39:33.685+0530] {processor.py:161} INFO - Started process (PID=37358) to work on //home/kali/Desktop/projects/git/bank_data_processing/dags/dag_raw_accounts.py
[2024-07-16T05:39:33.691+0530] {processor.py:830} INFO - Processing file //home/kali/Desktop/projects/git/bank_data_processing/dags/dag_raw_accounts.py for tasks to queue
[2024-07-16T05:39:33.694+0530] {logging_mixin.py:188} INFO - [2024-07-16T05:39:33.693+0530] {dagbag.py:545} INFO - Filling up the DagBag from //home/kali/Desktop/projects/git/bank_data_processing/dags/dag_raw_accounts.py
[2024-07-16T05:39:34.431+0530] {logging_mixin.py:188} INFO - [2024-07-16T05:39:34.431+0530] {base.py:84} INFO - Using connection ID 'mysql_default' for task execution.
[2024-07-16T05:39:34.438+0530] {processor.py:840} INFO - DAG(s) 'raw_load_accounts' retrieved from //home/kali/Desktop/projects/git/bank_data_processing/dags/dag_raw_accounts.py
[2024-07-16T05:39:34.535+0530] {logging_mixin.py:188} INFO - [2024-07-16T05:39:34.535+0530] {dag.py:3096} INFO - Sync 1 DAGs
[2024-07-16T05:39:34.543+0530] {logging_mixin.py:188} INFO - [2024-07-16T05:39:34.543+0530] {dag.py:3954} INFO - Setting next_dagrun for raw_load_accounts to None, run_after=None
[2024-07-16T05:39:34.567+0530] {processor.py:183} INFO - Processing //home/kali/Desktop/projects/git/bank_data_processing/dags/dag_raw_accounts.py took 0.892 seconds
[2024-07-16T05:40:05.259+0530] {processor.py:161} INFO - Started process (PID=38071) to work on //home/kali/Desktop/projects/git/bank_data_processing/dags/dag_raw_accounts.py
[2024-07-16T05:40:05.264+0530] {processor.py:830} INFO - Processing file //home/kali/Desktop/projects/git/bank_data_processing/dags/dag_raw_accounts.py for tasks to queue
[2024-07-16T05:40:05.267+0530] {logging_mixin.py:188} INFO - [2024-07-16T05:40:05.266+0530] {dagbag.py:545} INFO - Filling up the DagBag from //home/kali/Desktop/projects/git/bank_data_processing/dags/dag_raw_accounts.py
[2024-07-16T05:40:05.840+0530] {logging_mixin.py:188} INFO - [2024-07-16T05:40:05.840+0530] {base.py:84} INFO - Using connection ID 'mysql_default' for task execution.
[2024-07-16T05:40:05.846+0530] {processor.py:840} INFO - DAG(s) 'raw_load_accounts' retrieved from //home/kali/Desktop/projects/git/bank_data_processing/dags/dag_raw_accounts.py
[2024-07-16T05:40:05.941+0530] {logging_mixin.py:188} INFO - [2024-07-16T05:40:05.940+0530] {dag.py:3096} INFO - Sync 1 DAGs
[2024-07-16T05:40:05.949+0530] {logging_mixin.py:188} INFO - [2024-07-16T05:40:05.949+0530] {dag.py:3954} INFO - Setting next_dagrun for raw_load_accounts to None, run_after=None
[2024-07-16T05:40:05.976+0530] {processor.py:183} INFO - Processing //home/kali/Desktop/projects/git/bank_data_processing/dags/dag_raw_accounts.py took 0.727 seconds
[2024-07-16T05:40:36.066+0530] {processor.py:161} INFO - Started process (PID=38831) to work on //home/kali/Desktop/projects/git/bank_data_processing/dags/dag_raw_accounts.py
[2024-07-16T05:40:36.072+0530] {processor.py:830} INFO - Processing file //home/kali/Desktop/projects/git/bank_data_processing/dags/dag_raw_accounts.py for tasks to queue
[2024-07-16T05:40:36.074+0530] {logging_mixin.py:188} INFO - [2024-07-16T05:40:36.074+0530] {dagbag.py:545} INFO - Filling up the DagBag from //home/kali/Desktop/projects/git/bank_data_processing/dags/dag_raw_accounts.py
[2024-07-16T05:40:36.734+0530] {logging_mixin.py:188} INFO - [2024-07-16T05:40:36.733+0530] {base.py:84} INFO - Using connection ID 'mysql_default' for task execution.
[2024-07-16T05:40:36.739+0530] {processor.py:840} INFO - DAG(s) 'raw_load_accounts' retrieved from //home/kali/Desktop/projects/git/bank_data_processing/dags/dag_raw_accounts.py
[2024-07-16T05:40:36.827+0530] {logging_mixin.py:188} INFO - [2024-07-16T05:40:36.826+0530] {dag.py:3096} INFO - Sync 1 DAGs
[2024-07-16T05:40:36.836+0530] {logging_mixin.py:188} INFO - [2024-07-16T05:40:36.836+0530] {dag.py:3954} INFO - Setting next_dagrun for raw_load_accounts to None, run_after=None
[2024-07-16T05:40:36.855+0530] {processor.py:183} INFO - Processing //home/kali/Desktop/projects/git/bank_data_processing/dags/dag_raw_accounts.py took 0.802 seconds
[2024-07-16T05:41:07.340+0530] {processor.py:161} INFO - Started process (PID=39488) to work on //home/kali/Desktop/projects/git/bank_data_processing/dags/dag_raw_accounts.py
[2024-07-16T05:41:07.347+0530] {processor.py:830} INFO - Processing file //home/kali/Desktop/projects/git/bank_data_processing/dags/dag_raw_accounts.py for tasks to queue
[2024-07-16T05:41:07.350+0530] {logging_mixin.py:188} INFO - [2024-07-16T05:41:07.350+0530] {dagbag.py:545} INFO - Filling up the DagBag from //home/kali/Desktop/projects/git/bank_data_processing/dags/dag_raw_accounts.py
[2024-07-16T05:41:07.812+0530] {logging_mixin.py:188} INFO - [2024-07-16T05:41:07.811+0530] {base.py:84} INFO - Using connection ID 'mysql_default' for task execution.
[2024-07-16T05:41:07.817+0530] {processor.py:840} INFO - DAG(s) 'raw_load_accounts' retrieved from //home/kali/Desktop/projects/git/bank_data_processing/dags/dag_raw_accounts.py
[2024-07-16T05:41:07.900+0530] {logging_mixin.py:188} INFO - [2024-07-16T05:41:07.900+0530] {dag.py:3096} INFO - Sync 1 DAGs
[2024-07-16T05:41:07.907+0530] {logging_mixin.py:188} INFO - [2024-07-16T05:41:07.907+0530] {dag.py:3954} INFO - Setting next_dagrun for raw_load_accounts to None, run_after=None
[2024-07-16T05:41:07.934+0530] {processor.py:183} INFO - Processing //home/kali/Desktop/projects/git/bank_data_processing/dags/dag_raw_accounts.py took 0.613 seconds
[2024-07-16T05:41:38.742+0530] {processor.py:161} INFO - Started process (PID=40265) to work on //home/kali/Desktop/projects/git/bank_data_processing/dags/dag_raw_accounts.py
[2024-07-16T05:41:38.745+0530] {processor.py:830} INFO - Processing file //home/kali/Desktop/projects/git/bank_data_processing/dags/dag_raw_accounts.py for tasks to queue
[2024-07-16T05:41:38.747+0530] {logging_mixin.py:188} INFO - [2024-07-16T05:41:38.747+0530] {dagbag.py:545} INFO - Filling up the DagBag from //home/kali/Desktop/projects/git/bank_data_processing/dags/dag_raw_accounts.py
[2024-07-16T05:41:39.367+0530] {logging_mixin.py:188} INFO - [2024-07-16T05:41:39.367+0530] {base.py:84} INFO - Using connection ID 'mysql_default' for task execution.
[2024-07-16T05:41:39.373+0530] {processor.py:840} INFO - DAG(s) 'raw_load_accounts' retrieved from //home/kali/Desktop/projects/git/bank_data_processing/dags/dag_raw_accounts.py
[2024-07-16T05:41:39.459+0530] {logging_mixin.py:188} INFO - [2024-07-16T05:41:39.459+0530] {dag.py:3096} INFO - Sync 1 DAGs
[2024-07-16T05:41:39.470+0530] {logging_mixin.py:188} INFO - [2024-07-16T05:41:39.470+0530] {dag.py:3954} INFO - Setting next_dagrun for raw_load_accounts to None, run_after=None
[2024-07-16T05:41:39.494+0530] {processor.py:183} INFO - Processing //home/kali/Desktop/projects/git/bank_data_processing/dags/dag_raw_accounts.py took 0.761 seconds
[2024-07-16T05:42:10.037+0530] {processor.py:161} INFO - Started process (PID=41009) to work on //home/kali/Desktop/projects/git/bank_data_processing/dags/dag_raw_accounts.py
[2024-07-16T05:42:10.043+0530] {processor.py:830} INFO - Processing file //home/kali/Desktop/projects/git/bank_data_processing/dags/dag_raw_accounts.py for tasks to queue
[2024-07-16T05:42:10.047+0530] {logging_mixin.py:188} INFO - [2024-07-16T05:42:10.046+0530] {dagbag.py:545} INFO - Filling up the DagBag from //home/kali/Desktop/projects/git/bank_data_processing/dags/dag_raw_accounts.py
[2024-07-16T05:42:10.832+0530] {logging_mixin.py:188} INFO - [2024-07-16T05:42:10.832+0530] {base.py:84} INFO - Using connection ID 'mysql_default' for task execution.
[2024-07-16T05:42:10.843+0530] {processor.py:840} INFO - DAG(s) 'raw_load_accounts' retrieved from //home/kali/Desktop/projects/git/bank_data_processing/dags/dag_raw_accounts.py
[2024-07-16T05:42:11.017+0530] {logging_mixin.py:188} INFO - [2024-07-16T05:42:11.016+0530] {dag.py:3096} INFO - Sync 1 DAGs
[2024-07-16T05:42:11.034+0530] {logging_mixin.py:188} INFO - [2024-07-16T05:42:11.034+0530] {dag.py:3954} INFO - Setting next_dagrun for raw_load_accounts to None, run_after=None
[2024-07-16T05:42:11.069+0530] {processor.py:183} INFO - Processing //home/kali/Desktop/projects/git/bank_data_processing/dags/dag_raw_accounts.py took 1.044 seconds
[2024-07-16T05:42:41.539+0530] {processor.py:161} INFO - Started process (PID=41788) to work on //home/kali/Desktop/projects/git/bank_data_processing/dags/dag_raw_accounts.py
[2024-07-16T05:42:41.551+0530] {processor.py:830} INFO - Processing file //home/kali/Desktop/projects/git/bank_data_processing/dags/dag_raw_accounts.py for tasks to queue
[2024-07-16T05:42:41.554+0530] {logging_mixin.py:188} INFO - [2024-07-16T05:42:41.554+0530] {dagbag.py:545} INFO - Filling up the DagBag from //home/kali/Desktop/projects/git/bank_data_processing/dags/dag_raw_accounts.py
[2024-07-16T05:42:42.282+0530] {logging_mixin.py:188} INFO - [2024-07-16T05:42:42.282+0530] {base.py:84} INFO - Using connection ID 'mysql_default' for task execution.
[2024-07-16T05:42:42.288+0530] {processor.py:840} INFO - DAG(s) 'raw_load_accounts' retrieved from //home/kali/Desktop/projects/git/bank_data_processing/dags/dag_raw_accounts.py
[2024-07-16T05:42:42.403+0530] {logging_mixin.py:188} INFO - [2024-07-16T05:42:42.403+0530] {dag.py:3096} INFO - Sync 1 DAGs
[2024-07-16T05:42:42.411+0530] {logging_mixin.py:188} INFO - [2024-07-16T05:42:42.411+0530] {dag.py:3954} INFO - Setting next_dagrun for raw_load_accounts to None, run_after=None
[2024-07-16T05:42:42.442+0530] {processor.py:183} INFO - Processing //home/kali/Desktop/projects/git/bank_data_processing/dags/dag_raw_accounts.py took 0.916 seconds
[2024-07-16T05:43:13.286+0530] {processor.py:161} INFO - Started process (PID=42548) to work on //home/kali/Desktop/projects/git/bank_data_processing/dags/dag_raw_accounts.py
[2024-07-16T05:43:13.292+0530] {processor.py:830} INFO - Processing file //home/kali/Desktop/projects/git/bank_data_processing/dags/dag_raw_accounts.py for tasks to queue
[2024-07-16T05:43:13.295+0530] {logging_mixin.py:188} INFO - [2024-07-16T05:43:13.295+0530] {dagbag.py:545} INFO - Filling up the DagBag from //home/kali/Desktop/projects/git/bank_data_processing/dags/dag_raw_accounts.py
[2024-07-16T05:43:13.985+0530] {logging_mixin.py:188} INFO - [2024-07-16T05:43:13.985+0530] {base.py:84} INFO - Using connection ID 'mysql_default' for task execution.
[2024-07-16T05:43:13.994+0530] {processor.py:840} INFO - DAG(s) 'raw_load_accounts' retrieved from //home/kali/Desktop/projects/git/bank_data_processing/dags/dag_raw_accounts.py
[2024-07-16T05:43:14.134+0530] {logging_mixin.py:188} INFO - [2024-07-16T05:43:14.134+0530] {dag.py:3096} INFO - Sync 1 DAGs
[2024-07-16T05:43:14.147+0530] {logging_mixin.py:188} INFO - [2024-07-16T05:43:14.147+0530] {dag.py:3954} INFO - Setting next_dagrun for raw_load_accounts to None, run_after=None
[2024-07-16T05:43:14.187+0530] {processor.py:183} INFO - Processing //home/kali/Desktop/projects/git/bank_data_processing/dags/dag_raw_accounts.py took 0.909 seconds
[2024-07-16T05:43:44.656+0530] {processor.py:161} INFO - Started process (PID=43626) to work on //home/kali/Desktop/projects/git/bank_data_processing/dags/dag_raw_accounts.py
[2024-07-16T05:43:44.657+0530] {processor.py:830} INFO - Processing file //home/kali/Desktop/projects/git/bank_data_processing/dags/dag_raw_accounts.py for tasks to queue
[2024-07-16T05:43:44.660+0530] {logging_mixin.py:188} INFO - [2024-07-16T05:43:44.659+0530] {dagbag.py:545} INFO - Filling up the DagBag from //home/kali/Desktop/projects/git/bank_data_processing/dags/dag_raw_accounts.py
[2024-07-16T05:43:45.666+0530] {logging_mixin.py:188} INFO - [2024-07-16T05:43:45.666+0530] {base.py:84} INFO - Using connection ID 'mysql_default' for task execution.
[2024-07-16T05:43:45.677+0530] {processor.py:840} INFO - DAG(s) 'raw_load_accounts' retrieved from //home/kali/Desktop/projects/git/bank_data_processing/dags/dag_raw_accounts.py
[2024-07-16T05:43:45.878+0530] {logging_mixin.py:188} INFO - [2024-07-16T05:43:45.877+0530] {dag.py:3096} INFO - Sync 1 DAGs
[2024-07-16T05:43:45.899+0530] {logging_mixin.py:188} INFO - [2024-07-16T05:43:45.899+0530] {dag.py:3954} INFO - Setting next_dagrun for raw_load_accounts to None, run_after=None
[2024-07-16T05:43:45.947+0530] {processor.py:183} INFO - Processing //home/kali/Desktop/projects/git/bank_data_processing/dags/dag_raw_accounts.py took 1.303 seconds
[2024-07-16T05:44:16.412+0530] {processor.py:161} INFO - Started process (PID=44695) to work on //home/kali/Desktop/projects/git/bank_data_processing/dags/dag_raw_accounts.py
[2024-07-16T05:44:16.413+0530] {processor.py:830} INFO - Processing file //home/kali/Desktop/projects/git/bank_data_processing/dags/dag_raw_accounts.py for tasks to queue
[2024-07-16T05:44:16.415+0530] {logging_mixin.py:188} INFO - [2024-07-16T05:44:16.415+0530] {dagbag.py:545} INFO - Filling up the DagBag from //home/kali/Desktop/projects/git/bank_data_processing/dags/dag_raw_accounts.py
[2024-07-16T05:44:17.164+0530] {logging_mixin.py:188} INFO - [2024-07-16T05:44:17.163+0530] {base.py:84} INFO - Using connection ID 'mysql_default' for task execution.
[2024-07-16T05:44:17.170+0530] {processor.py:840} INFO - DAG(s) 'raw_load_accounts' retrieved from //home/kali/Desktop/projects/git/bank_data_processing/dags/dag_raw_accounts.py
[2024-07-16T05:44:17.295+0530] {logging_mixin.py:188} INFO - [2024-07-16T05:44:17.295+0530] {dag.py:3096} INFO - Sync 1 DAGs
[2024-07-16T05:44:17.305+0530] {logging_mixin.py:188} INFO - [2024-07-16T05:44:17.305+0530] {dag.py:3954} INFO - Setting next_dagrun for raw_load_accounts to None, run_after=None
[2024-07-16T05:44:17.327+0530] {processor.py:183} INFO - Processing //home/kali/Desktop/projects/git/bank_data_processing/dags/dag_raw_accounts.py took 0.929 seconds
[2024-07-16T05:44:47.434+0530] {processor.py:161} INFO - Started process (PID=45539) to work on //home/kali/Desktop/projects/git/bank_data_processing/dags/dag_raw_accounts.py
[2024-07-16T05:44:47.442+0530] {processor.py:830} INFO - Processing file //home/kali/Desktop/projects/git/bank_data_processing/dags/dag_raw_accounts.py for tasks to queue
[2024-07-16T05:44:47.446+0530] {logging_mixin.py:188} INFO - [2024-07-16T05:44:47.445+0530] {dagbag.py:545} INFO - Filling up the DagBag from //home/kali/Desktop/projects/git/bank_data_processing/dags/dag_raw_accounts.py
[2024-07-16T05:44:48.115+0530] {logging_mixin.py:188} INFO - [2024-07-16T05:44:48.115+0530] {base.py:84} INFO - Using connection ID 'mysql_default' for task execution.
[2024-07-16T05:44:48.123+0530] {processor.py:840} INFO - DAG(s) 'raw_load_accounts' retrieved from //home/kali/Desktop/projects/git/bank_data_processing/dags/dag_raw_accounts.py
[2024-07-16T05:44:48.229+0530] {logging_mixin.py:188} INFO - [2024-07-16T05:44:48.229+0530] {dag.py:3096} INFO - Sync 1 DAGs
[2024-07-16T05:44:48.241+0530] {logging_mixin.py:188} INFO - [2024-07-16T05:44:48.240+0530] {dag.py:3954} INFO - Setting next_dagrun for raw_load_accounts to None, run_after=None
[2024-07-16T05:44:48.273+0530] {processor.py:183} INFO - Processing //home/kali/Desktop/projects/git/bank_data_processing/dags/dag_raw_accounts.py took 0.868 seconds
[2024-07-16T05:45:18.369+0530] {processor.py:161} INFO - Started process (PID=46030) to work on //home/kali/Desktop/projects/git/bank_data_processing/dags/dag_raw_accounts.py
[2024-07-16T05:45:18.374+0530] {processor.py:830} INFO - Processing file //home/kali/Desktop/projects/git/bank_data_processing/dags/dag_raw_accounts.py for tasks to queue
[2024-07-16T05:45:18.375+0530] {logging_mixin.py:188} INFO - [2024-07-16T05:45:18.375+0530] {dagbag.py:545} INFO - Filling up the DagBag from //home/kali/Desktop/projects/git/bank_data_processing/dags/dag_raw_accounts.py
[2024-07-16T05:45:19.022+0530] {logging_mixin.py:188} INFO - [2024-07-16T05:45:19.021+0530] {base.py:84} INFO - Using connection ID 'mysql_default' for task execution.
[2024-07-16T05:45:19.030+0530] {processor.py:840} INFO - DAG(s) 'raw_load_accounts' retrieved from //home/kali/Desktop/projects/git/bank_data_processing/dags/dag_raw_accounts.py
[2024-07-16T05:45:19.143+0530] {logging_mixin.py:188} INFO - [2024-07-16T05:45:19.142+0530] {dag.py:3096} INFO - Sync 1 DAGs
[2024-07-16T05:45:19.154+0530] {logging_mixin.py:188} INFO - [2024-07-16T05:45:19.154+0530] {dag.py:3954} INFO - Setting next_dagrun for raw_load_accounts to None, run_after=None
[2024-07-16T05:45:19.185+0530] {processor.py:183} INFO - Processing //home/kali/Desktop/projects/git/bank_data_processing/dags/dag_raw_accounts.py took 0.828 seconds
[2024-07-16T05:45:49.891+0530] {processor.py:161} INFO - Started process (PID=46554) to work on //home/kali/Desktop/projects/git/bank_data_processing/dags/dag_raw_accounts.py
[2024-07-16T05:45:49.897+0530] {processor.py:830} INFO - Processing file //home/kali/Desktop/projects/git/bank_data_processing/dags/dag_raw_accounts.py for tasks to queue
[2024-07-16T05:45:49.899+0530] {logging_mixin.py:188} INFO - [2024-07-16T05:45:49.898+0530] {dagbag.py:545} INFO - Filling up the DagBag from //home/kali/Desktop/projects/git/bank_data_processing/dags/dag_raw_accounts.py
[2024-07-16T05:45:50.694+0530] {logging_mixin.py:188} INFO - [2024-07-16T05:45:50.694+0530] {base.py:84} INFO - Using connection ID 'mysql_default' for task execution.
[2024-07-16T05:45:50.702+0530] {processor.py:840} INFO - DAG(s) 'raw_load_accounts' retrieved from //home/kali/Desktop/projects/git/bank_data_processing/dags/dag_raw_accounts.py
[2024-07-16T05:45:50.845+0530] {logging_mixin.py:188} INFO - [2024-07-16T05:45:50.845+0530] {dag.py:3096} INFO - Sync 1 DAGs
[2024-07-16T05:45:50.858+0530] {logging_mixin.py:188} INFO - [2024-07-16T05:45:50.857+0530] {dag.py:3954} INFO - Setting next_dagrun for raw_load_accounts to None, run_after=None
[2024-07-16T05:45:50.892+0530] {processor.py:183} INFO - Processing //home/kali/Desktop/projects/git/bank_data_processing/dags/dag_raw_accounts.py took 1.013 seconds
[2024-07-16T05:46:21.026+0530] {processor.py:161} INFO - Started process (PID=47340) to work on //home/kali/Desktop/projects/git/bank_data_processing/dags/dag_raw_accounts.py
[2024-07-16T05:46:21.033+0530] {processor.py:830} INFO - Processing file //home/kali/Desktop/projects/git/bank_data_processing/dags/dag_raw_accounts.py for tasks to queue
[2024-07-16T05:46:21.034+0530] {logging_mixin.py:188} INFO - [2024-07-16T05:46:21.034+0530] {dagbag.py:545} INFO - Filling up the DagBag from //home/kali/Desktop/projects/git/bank_data_processing/dags/dag_raw_accounts.py
[2024-07-16T05:46:22.207+0530] {logging_mixin.py:188} INFO - [2024-07-16T05:46:22.206+0530] {base.py:84} INFO - Using connection ID 'mysql_default' for task execution.
[2024-07-16T05:46:22.223+0530] {processor.py:840} INFO - DAG(s) 'raw_load_accounts' retrieved from //home/kali/Desktop/projects/git/bank_data_processing/dags/dag_raw_accounts.py
[2024-07-16T05:46:22.409+0530] {logging_mixin.py:188} INFO - [2024-07-16T05:46:22.408+0530] {dag.py:3096} INFO - Sync 1 DAGs
[2024-07-16T05:46:22.425+0530] {logging_mixin.py:188} INFO - [2024-07-16T05:46:22.424+0530] {dag.py:3954} INFO - Setting next_dagrun for raw_load_accounts to None, run_after=None
[2024-07-16T05:46:22.461+0530] {processor.py:183} INFO - Processing //home/kali/Desktop/projects/git/bank_data_processing/dags/dag_raw_accounts.py took 1.449 seconds
[2024-07-16T05:46:52.639+0530] {processor.py:161} INFO - Started process (PID=47857) to work on //home/kali/Desktop/projects/git/bank_data_processing/dags/dag_raw_accounts.py
[2024-07-16T05:46:52.646+0530] {processor.py:830} INFO - Processing file //home/kali/Desktop/projects/git/bank_data_processing/dags/dag_raw_accounts.py for tasks to queue
[2024-07-16T05:46:52.647+0530] {logging_mixin.py:188} INFO - [2024-07-16T05:46:52.647+0530] {dagbag.py:545} INFO - Filling up the DagBag from //home/kali/Desktop/projects/git/bank_data_processing/dags/dag_raw_accounts.py
[2024-07-16T05:46:53.278+0530] {logging_mixin.py:188} INFO - [2024-07-16T05:46:53.278+0530] {base.py:84} INFO - Using connection ID 'mysql_default' for task execution.
[2024-07-16T05:46:53.286+0530] {processor.py:840} INFO - DAG(s) 'raw_load_accounts' retrieved from //home/kali/Desktop/projects/git/bank_data_processing/dags/dag_raw_accounts.py
[2024-07-16T05:46:53.405+0530] {logging_mixin.py:188} INFO - [2024-07-16T05:46:53.404+0530] {dag.py:3096} INFO - Sync 1 DAGs
[2024-07-16T05:46:53.416+0530] {logging_mixin.py:188} INFO - [2024-07-16T05:46:53.415+0530] {dag.py:3954} INFO - Setting next_dagrun for raw_load_accounts to None, run_after=None
[2024-07-16T05:46:53.436+0530] {processor.py:183} INFO - Processing //home/kali/Desktop/projects/git/bank_data_processing/dags/dag_raw_accounts.py took 0.806 seconds
[2024-07-16T05:47:23.838+0530] {processor.py:161} INFO - Started process (PID=48359) to work on //home/kali/Desktop/projects/git/bank_data_processing/dags/dag_raw_accounts.py
[2024-07-16T05:47:23.845+0530] {processor.py:830} INFO - Processing file //home/kali/Desktop/projects/git/bank_data_processing/dags/dag_raw_accounts.py for tasks to queue
[2024-07-16T05:47:23.846+0530] {logging_mixin.py:188} INFO - [2024-07-16T05:47:23.846+0530] {dagbag.py:545} INFO - Filling up the DagBag from //home/kali/Desktop/projects/git/bank_data_processing/dags/dag_raw_accounts.py
[2024-07-16T05:47:24.648+0530] {logging_mixin.py:188} INFO - [2024-07-16T05:47:24.648+0530] {base.py:84} INFO - Using connection ID 'mysql_default' for task execution.
[2024-07-16T05:47:24.657+0530] {processor.py:840} INFO - DAG(s) 'raw_load_accounts' retrieved from //home/kali/Desktop/projects/git/bank_data_processing/dags/dag_raw_accounts.py
[2024-07-16T05:47:24.755+0530] {logging_mixin.py:188} INFO - [2024-07-16T05:47:24.754+0530] {dag.py:3096} INFO - Sync 1 DAGs
[2024-07-16T05:47:24.763+0530] {logging_mixin.py:188} INFO - [2024-07-16T05:47:24.763+0530] {dag.py:3954} INFO - Setting next_dagrun for raw_load_accounts to None, run_after=None
[2024-07-16T05:47:24.793+0530] {processor.py:183} INFO - Processing //home/kali/Desktop/projects/git/bank_data_processing/dags/dag_raw_accounts.py took 0.986 seconds
[2024-07-16T05:47:54.879+0530] {processor.py:161} INFO - Started process (PID=48856) to work on //home/kali/Desktop/projects/git/bank_data_processing/dags/dag_raw_accounts.py
[2024-07-16T05:47:54.884+0530] {processor.py:830} INFO - Processing file //home/kali/Desktop/projects/git/bank_data_processing/dags/dag_raw_accounts.py for tasks to queue
[2024-07-16T05:47:54.885+0530] {logging_mixin.py:188} INFO - [2024-07-16T05:47:54.885+0530] {dagbag.py:545} INFO - Filling up the DagBag from //home/kali/Desktop/projects/git/bank_data_processing/dags/dag_raw_accounts.py
[2024-07-16T05:47:55.586+0530] {logging_mixin.py:188} INFO - [2024-07-16T05:47:55.585+0530] {base.py:84} INFO - Using connection ID 'mysql_default' for task execution.
[2024-07-16T05:47:55.597+0530] {processor.py:840} INFO - DAG(s) 'raw_load_accounts' retrieved from //home/kali/Desktop/projects/git/bank_data_processing/dags/dag_raw_accounts.py
[2024-07-16T05:47:55.698+0530] {logging_mixin.py:188} INFO - [2024-07-16T05:47:55.698+0530] {dag.py:3096} INFO - Sync 1 DAGs
[2024-07-16T05:47:55.710+0530] {logging_mixin.py:188} INFO - [2024-07-16T05:47:55.709+0530] {dag.py:3954} INFO - Setting next_dagrun for raw_load_accounts to None, run_after=None
[2024-07-16T05:47:55.734+0530] {processor.py:183} INFO - Processing //home/kali/Desktop/projects/git/bank_data_processing/dags/dag_raw_accounts.py took 0.866 seconds
[2024-07-16T05:48:26.135+0530] {processor.py:161} INFO - Started process (PID=49414) to work on //home/kali/Desktop/projects/git/bank_data_processing/dags/dag_raw_accounts.py
[2024-07-16T05:48:26.143+0530] {processor.py:830} INFO - Processing file //home/kali/Desktop/projects/git/bank_data_processing/dags/dag_raw_accounts.py for tasks to queue
[2024-07-16T05:48:26.146+0530] {logging_mixin.py:188} INFO - [2024-07-16T05:48:26.145+0530] {dagbag.py:545} INFO - Filling up the DagBag from //home/kali/Desktop/projects/git/bank_data_processing/dags/dag_raw_accounts.py
[2024-07-16T05:48:26.794+0530] {logging_mixin.py:188} INFO - [2024-07-16T05:48:26.794+0530] {base.py:84} INFO - Using connection ID 'mysql_default' for task execution.
[2024-07-16T05:48:26.801+0530] {processor.py:840} INFO - DAG(s) 'raw_load_accounts' retrieved from //home/kali/Desktop/projects/git/bank_data_processing/dags/dag_raw_accounts.py
[2024-07-16T05:48:26.899+0530] {logging_mixin.py:188} INFO - [2024-07-16T05:48:26.899+0530] {dag.py:3096} INFO - Sync 1 DAGs
[2024-07-16T05:48:26.908+0530] {logging_mixin.py:188} INFO - [2024-07-16T05:48:26.908+0530] {dag.py:3954} INFO - Setting next_dagrun for raw_load_accounts to None, run_after=None
[2024-07-16T05:48:26.932+0530] {processor.py:183} INFO - Processing //home/kali/Desktop/projects/git/bank_data_processing/dags/dag_raw_accounts.py took 0.822 seconds
[2024-07-16T05:48:36.655+0530] {processor.py:161} INFO - Started process (PID=49780) to work on //home/kali/Desktop/projects/git/bank_data_processing/dags/dag_raw_accounts.py
[2024-07-16T05:48:36.657+0530] {processor.py:830} INFO - Processing file //home/kali/Desktop/projects/git/bank_data_processing/dags/dag_raw_accounts.py for tasks to queue
[2024-07-16T05:48:36.658+0530] {logging_mixin.py:188} INFO - [2024-07-16T05:48:36.657+0530] {dagbag.py:545} INFO - Filling up the DagBag from //home/kali/Desktop/projects/git/bank_data_processing/dags/dag_raw_accounts.py
[2024-07-16T05:48:37.391+0530] {logging_mixin.py:188} INFO - [2024-07-16T05:48:37.390+0530] {base.py:84} INFO - Using connection ID 'mysql_default' for task execution.
[2024-07-16T05:48:37.395+0530] {processor.py:840} INFO - DAG(s) 'raw_load_accounts' retrieved from //home/kali/Desktop/projects/git/bank_data_processing/dags/dag_raw_accounts.py
[2024-07-16T05:48:37.399+0530] {logging_mixin.py:188} INFO - [2024-07-16T05:48:37.398+0530] {dag.py:3096} INFO - Sync 1 DAGs
[2024-07-16T05:48:37.411+0530] {logging_mixin.py:188} INFO - [2024-07-16T05:48:37.410+0530] {dag.py:3954} INFO - Setting next_dagrun for raw_load_accounts to None, run_after=None
[2024-07-16T05:48:37.437+0530] {processor.py:183} INFO - Processing //home/kali/Desktop/projects/git/bank_data_processing/dags/dag_raw_accounts.py took 0.792 seconds
[2024-07-16T05:49:07.915+0530] {processor.py:161} INFO - Started process (PID=50615) to work on //home/kali/Desktop/projects/git/bank_data_processing/dags/dag_raw_accounts.py
[2024-07-16T05:49:07.918+0530] {processor.py:830} INFO - Processing file //home/kali/Desktop/projects/git/bank_data_processing/dags/dag_raw_accounts.py for tasks to queue
[2024-07-16T05:49:07.919+0530] {logging_mixin.py:188} INFO - [2024-07-16T05:49:07.918+0530] {dagbag.py:545} INFO - Filling up the DagBag from //home/kali/Desktop/projects/git/bank_data_processing/dags/dag_raw_accounts.py
[2024-07-16T05:49:08.782+0530] {logging_mixin.py:188} INFO - [2024-07-16T05:49:08.781+0530] {base.py:84} INFO - Using connection ID 'mysql_default' for task execution.
[2024-07-16T05:49:08.789+0530] {processor.py:840} INFO - DAG(s) 'raw_load_accounts' retrieved from //home/kali/Desktop/projects/git/bank_data_processing/dags/dag_raw_accounts.py
[2024-07-16T05:49:08.797+0530] {logging_mixin.py:188} INFO - [2024-07-16T05:49:08.796+0530] {dag.py:3096} INFO - Sync 1 DAGs
[2024-07-16T05:49:08.817+0530] {logging_mixin.py:188} INFO - [2024-07-16T05:49:08.816+0530] {dag.py:3954} INFO - Setting next_dagrun for raw_load_accounts to None, run_after=None
[2024-07-16T05:49:08.854+0530] {processor.py:183} INFO - Processing //home/kali/Desktop/projects/git/bank_data_processing/dags/dag_raw_accounts.py took 0.954 seconds
[2024-07-16T05:49:38.938+0530] {processor.py:161} INFO - Started process (PID=51388) to work on //home/kali/Desktop/projects/git/bank_data_processing/dags/dag_raw_accounts.py
[2024-07-16T05:49:38.944+0530] {processor.py:830} INFO - Processing file //home/kali/Desktop/projects/git/bank_data_processing/dags/dag_raw_accounts.py for tasks to queue
[2024-07-16T05:49:38.946+0530] {logging_mixin.py:188} INFO - [2024-07-16T05:49:38.945+0530] {dagbag.py:545} INFO - Filling up the DagBag from //home/kali/Desktop/projects/git/bank_data_processing/dags/dag_raw_accounts.py
[2024-07-16T05:49:39.521+0530] {logging_mixin.py:188} INFO - [2024-07-16T05:49:39.521+0530] {base.py:84} INFO - Using connection ID 'mysql_default' for task execution.
[2024-07-16T05:49:39.526+0530] {processor.py:840} INFO - DAG(s) 'raw_load_accounts' retrieved from //home/kali/Desktop/projects/git/bank_data_processing/dags/dag_raw_accounts.py
[2024-07-16T05:49:39.632+0530] {logging_mixin.py:188} INFO - [2024-07-16T05:49:39.631+0530] {dag.py:3096} INFO - Sync 1 DAGs
[2024-07-16T05:49:39.640+0530] {logging_mixin.py:188} INFO - [2024-07-16T05:49:39.639+0530] {dag.py:3954} INFO - Setting next_dagrun for raw_load_accounts to None, run_after=None
[2024-07-16T05:49:39.662+0530] {processor.py:183} INFO - Processing //home/kali/Desktop/projects/git/bank_data_processing/dags/dag_raw_accounts.py took 0.734 seconds
[2024-07-16T05:50:09.787+0530] {processor.py:161} INFO - Started process (PID=52097) to work on //home/kali/Desktop/projects/git/bank_data_processing/dags/dag_raw_accounts.py
[2024-07-16T05:50:09.790+0530] {processor.py:830} INFO - Processing file //home/kali/Desktop/projects/git/bank_data_processing/dags/dag_raw_accounts.py for tasks to queue
[2024-07-16T05:50:09.790+0530] {logging_mixin.py:188} INFO - [2024-07-16T05:50:09.790+0530] {dagbag.py:545} INFO - Filling up the DagBag from //home/kali/Desktop/projects/git/bank_data_processing/dags/dag_raw_accounts.py
[2024-07-16T05:50:10.757+0530] {logging_mixin.py:188} INFO - [2024-07-16T05:50:10.756+0530] {base.py:84} INFO - Using connection ID 'mysql_default' for task execution.
[2024-07-16T05:50:10.765+0530] {processor.py:840} INFO - DAG(s) 'raw_load_accounts' retrieved from //home/kali/Desktop/projects/git/bank_data_processing/dags/dag_raw_accounts.py
[2024-07-16T05:50:10.906+0530] {logging_mixin.py:188} INFO - [2024-07-16T05:50:10.906+0530] {dag.py:3096} INFO - Sync 1 DAGs
[2024-07-16T05:50:10.922+0530] {logging_mixin.py:188} INFO - [2024-07-16T05:50:10.922+0530] {dag.py:3954} INFO - Setting next_dagrun for raw_load_accounts to None, run_after=None
[2024-07-16T05:50:10.956+0530] {processor.py:183} INFO - Processing //home/kali/Desktop/projects/git/bank_data_processing/dags/dag_raw_accounts.py took 1.189 seconds
[2024-07-16T05:50:41.047+0530] {processor.py:161} INFO - Started process (PID=53218) to work on //home/kali/Desktop/projects/git/bank_data_processing/dags/dag_raw_accounts.py
[2024-07-16T05:50:41.052+0530] {processor.py:830} INFO - Processing file //home/kali/Desktop/projects/git/bank_data_processing/dags/dag_raw_accounts.py for tasks to queue
[2024-07-16T05:50:41.053+0530] {logging_mixin.py:188} INFO - [2024-07-16T05:50:41.053+0530] {dagbag.py:545} INFO - Filling up the DagBag from //home/kali/Desktop/projects/git/bank_data_processing/dags/dag_raw_accounts.py
[2024-07-16T05:50:41.614+0530] {logging_mixin.py:188} INFO - [2024-07-16T05:50:41.614+0530] {base.py:84} INFO - Using connection ID 'mysql_default' for task execution.
[2024-07-16T05:50:41.618+0530] {processor.py:840} INFO - DAG(s) 'raw_load_accounts' retrieved from //home/kali/Desktop/projects/git/bank_data_processing/dags/dag_raw_accounts.py
[2024-07-16T05:50:41.716+0530] {logging_mixin.py:188} INFO - [2024-07-16T05:50:41.715+0530] {dag.py:3096} INFO - Sync 1 DAGs
[2024-07-16T05:50:41.724+0530] {logging_mixin.py:188} INFO - [2024-07-16T05:50:41.724+0530] {dag.py:3954} INFO - Setting next_dagrun for raw_load_accounts to None, run_after=None
[2024-07-16T05:50:41.743+0530] {processor.py:183} INFO - Processing //home/kali/Desktop/projects/git/bank_data_processing/dags/dag_raw_accounts.py took 0.707 seconds
[2024-07-16T05:51:11.894+0530] {processor.py:161} INFO - Started process (PID=54000) to work on //home/kali/Desktop/projects/git/bank_data_processing/dags/dag_raw_accounts.py
[2024-07-16T05:51:11.898+0530] {processor.py:830} INFO - Processing file //home/kali/Desktop/projects/git/bank_data_processing/dags/dag_raw_accounts.py for tasks to queue
[2024-07-16T05:51:11.900+0530] {logging_mixin.py:188} INFO - [2024-07-16T05:51:11.899+0530] {dagbag.py:545} INFO - Filling up the DagBag from //home/kali/Desktop/projects/git/bank_data_processing/dags/dag_raw_accounts.py
[2024-07-16T05:51:12.638+0530] {logging_mixin.py:188} INFO - [2024-07-16T05:51:12.637+0530] {base.py:84} INFO - Using connection ID 'mysql_default' for task execution.
[2024-07-16T05:51:12.644+0530] {processor.py:840} INFO - DAG(s) 'raw_load_accounts' retrieved from //home/kali/Desktop/projects/git/bank_data_processing/dags/dag_raw_accounts.py
[2024-07-16T05:51:12.807+0530] {logging_mixin.py:188} INFO - [2024-07-16T05:51:12.807+0530] {dag.py:3096} INFO - Sync 1 DAGs
[2024-07-16T05:51:12.820+0530] {logging_mixin.py:188} INFO - [2024-07-16T05:51:12.820+0530] {dag.py:3954} INFO - Setting next_dagrun for raw_load_accounts to None, run_after=None
[2024-07-16T05:51:12.858+0530] {processor.py:183} INFO - Processing //home/kali/Desktop/projects/git/bank_data_processing/dags/dag_raw_accounts.py took 0.976 seconds
[2024-07-16T05:51:43.159+0530] {processor.py:161} INFO - Started process (PID=54637) to work on //home/kali/Desktop/projects/git/bank_data_processing/dags/dag_raw_accounts.py
[2024-07-16T05:51:43.166+0530] {processor.py:830} INFO - Processing file //home/kali/Desktop/projects/git/bank_data_processing/dags/dag_raw_accounts.py for tasks to queue
[2024-07-16T05:51:43.168+0530] {logging_mixin.py:188} INFO - [2024-07-16T05:51:43.167+0530] {dagbag.py:545} INFO - Filling up the DagBag from //home/kali/Desktop/projects/git/bank_data_processing/dags/dag_raw_accounts.py
[2024-07-16T05:51:43.806+0530] {logging_mixin.py:188} INFO - [2024-07-16T05:51:43.805+0530] {base.py:84} INFO - Using connection ID 'mysql_default' for task execution.
[2024-07-16T05:51:43.812+0530] {processor.py:840} INFO - DAG(s) 'raw_load_accounts' retrieved from //home/kali/Desktop/projects/git/bank_data_processing/dags/dag_raw_accounts.py
[2024-07-16T05:51:43.960+0530] {logging_mixin.py:188} INFO - [2024-07-16T05:51:43.959+0530] {dag.py:3096} INFO - Sync 1 DAGs
[2024-07-16T05:51:43.974+0530] {logging_mixin.py:188} INFO - [2024-07-16T05:51:43.974+0530] {dag.py:3954} INFO - Setting next_dagrun for raw_load_accounts to None, run_after=None
[2024-07-16T05:51:44.015+0530] {processor.py:183} INFO - Processing //home/kali/Desktop/projects/git/bank_data_processing/dags/dag_raw_accounts.py took 0.865 seconds
[2024-07-16T05:52:14.177+0530] {processor.py:161} INFO - Started process (PID=55337) to work on //home/kali/Desktop/projects/git/bank_data_processing/dags/dag_raw_accounts.py
[2024-07-16T05:52:14.183+0530] {processor.py:830} INFO - Processing file //home/kali/Desktop/projects/git/bank_data_processing/dags/dag_raw_accounts.py for tasks to queue
[2024-07-16T05:52:14.184+0530] {logging_mixin.py:188} INFO - [2024-07-16T05:52:14.184+0530] {dagbag.py:545} INFO - Filling up the DagBag from //home/kali/Desktop/projects/git/bank_data_processing/dags/dag_raw_accounts.py
[2024-07-16T05:52:14.925+0530] {logging_mixin.py:188} INFO - [2024-07-16T05:52:14.925+0530] {base.py:84} INFO - Using connection ID 'mysql_default' for task execution.
[2024-07-16T05:52:14.931+0530] {processor.py:840} INFO - DAG(s) 'raw_load_accounts' retrieved from //home/kali/Desktop/projects/git/bank_data_processing/dags/dag_raw_accounts.py
[2024-07-16T05:52:15.079+0530] {logging_mixin.py:188} INFO - [2024-07-16T05:52:15.078+0530] {dag.py:3096} INFO - Sync 1 DAGs
[2024-07-16T05:52:15.092+0530] {logging_mixin.py:188} INFO - [2024-07-16T05:52:15.092+0530] {dag.py:3954} INFO - Setting next_dagrun for raw_load_accounts to None, run_after=None
[2024-07-16T05:52:15.125+0530] {processor.py:183} INFO - Processing //home/kali/Desktop/projects/git/bank_data_processing/dags/dag_raw_accounts.py took 0.959 seconds
[2024-07-16T05:52:45.598+0530] {processor.py:161} INFO - Started process (PID=56110) to work on //home/kali/Desktop/projects/git/bank_data_processing/dags/dag_raw_accounts.py
[2024-07-16T05:52:45.604+0530] {processor.py:830} INFO - Processing file //home/kali/Desktop/projects/git/bank_data_processing/dags/dag_raw_accounts.py for tasks to queue
[2024-07-16T05:52:45.605+0530] {logging_mixin.py:188} INFO - [2024-07-16T05:52:45.605+0530] {dagbag.py:545} INFO - Filling up the DagBag from //home/kali/Desktop/projects/git/bank_data_processing/dags/dag_raw_accounts.py
[2024-07-16T05:52:46.210+0530] {logging_mixin.py:188} INFO - [2024-07-16T05:52:46.210+0530] {base.py:84} INFO - Using connection ID 'mysql_default' for task execution.
[2024-07-16T05:52:46.214+0530] {processor.py:840} INFO - DAG(s) 'raw_load_accounts' retrieved from //home/kali/Desktop/projects/git/bank_data_processing/dags/dag_raw_accounts.py
[2024-07-16T05:52:46.302+0530] {logging_mixin.py:188} INFO - [2024-07-16T05:52:46.302+0530] {dag.py:3096} INFO - Sync 1 DAGs
[2024-07-16T05:52:46.310+0530] {logging_mixin.py:188} INFO - [2024-07-16T05:52:46.309+0530] {dag.py:3954} INFO - Setting next_dagrun for raw_load_accounts to None, run_after=None
[2024-07-16T05:52:46.332+0530] {processor.py:183} INFO - Processing //home/kali/Desktop/projects/git/bank_data_processing/dags/dag_raw_accounts.py took 0.746 seconds
[2024-07-16T05:53:16.467+0530] {processor.py:161} INFO - Started process (PID=56863) to work on //home/kali/Desktop/projects/git/bank_data_processing/dags/dag_raw_accounts.py
[2024-07-16T05:53:16.473+0530] {processor.py:830} INFO - Processing file //home/kali/Desktop/projects/git/bank_data_processing/dags/dag_raw_accounts.py for tasks to queue
[2024-07-16T05:53:16.474+0530] {logging_mixin.py:188} INFO - [2024-07-16T05:53:16.473+0530] {dagbag.py:545} INFO - Filling up the DagBag from //home/kali/Desktop/projects/git/bank_data_processing/dags/dag_raw_accounts.py
[2024-07-16T05:53:17.056+0530] {logging_mixin.py:188} INFO - [2024-07-16T05:53:17.056+0530] {base.py:84} INFO - Using connection ID 'mysql_default' for task execution.
[2024-07-16T05:53:17.060+0530] {processor.py:840} INFO - DAG(s) 'raw_load_accounts' retrieved from //home/kali/Desktop/projects/git/bank_data_processing/dags/dag_raw_accounts.py
[2024-07-16T05:53:17.162+0530] {logging_mixin.py:188} INFO - [2024-07-16T05:53:17.162+0530] {dag.py:3096} INFO - Sync 1 DAGs
[2024-07-16T05:53:17.170+0530] {logging_mixin.py:188} INFO - [2024-07-16T05:53:17.170+0530] {dag.py:3954} INFO - Setting next_dagrun for raw_load_accounts to None, run_after=None
[2024-07-16T05:53:17.189+0530] {processor.py:183} INFO - Processing //home/kali/Desktop/projects/git/bank_data_processing/dags/dag_raw_accounts.py took 0.731 seconds
[2024-07-16T05:53:47.709+0530] {processor.py:161} INFO - Started process (PID=57586) to work on //home/kali/Desktop/projects/git/bank_data_processing/dags/dag_raw_accounts.py
[2024-07-16T05:53:47.713+0530] {processor.py:830} INFO - Processing file //home/kali/Desktop/projects/git/bank_data_processing/dags/dag_raw_accounts.py for tasks to queue
[2024-07-16T05:53:47.714+0530] {logging_mixin.py:188} INFO - [2024-07-16T05:53:47.714+0530] {dagbag.py:545} INFO - Filling up the DagBag from //home/kali/Desktop/projects/git/bank_data_processing/dags/dag_raw_accounts.py
[2024-07-16T05:53:48.387+0530] {logging_mixin.py:188} INFO - [2024-07-16T05:53:48.386+0530] {base.py:84} INFO - Using connection ID 'mysql_default' for task execution.
[2024-07-16T05:53:48.390+0530] {processor.py:840} INFO - DAG(s) 'raw_load_accounts' retrieved from //home/kali/Desktop/projects/git/bank_data_processing/dags/dag_raw_accounts.py
[2024-07-16T05:53:48.487+0530] {logging_mixin.py:188} INFO - [2024-07-16T05:53:48.487+0530] {dag.py:3096} INFO - Sync 1 DAGs
[2024-07-16T05:53:48.494+0530] {logging_mixin.py:188} INFO - [2024-07-16T05:53:48.494+0530] {dag.py:3954} INFO - Setting next_dagrun for raw_load_accounts to None, run_after=None
[2024-07-16T05:53:48.518+0530] {processor.py:183} INFO - Processing //home/kali/Desktop/projects/git/bank_data_processing/dags/dag_raw_accounts.py took 0.820 seconds
[2024-07-16T05:54:19.162+0530] {processor.py:161} INFO - Started process (PID=58110) to work on //home/kali/Desktop/projects/git/bank_data_processing/dags/dag_raw_accounts.py
[2024-07-16T05:54:19.164+0530] {processor.py:830} INFO - Processing file //home/kali/Desktop/projects/git/bank_data_processing/dags/dag_raw_accounts.py for tasks to queue
[2024-07-16T05:54:19.165+0530] {logging_mixin.py:188} INFO - [2024-07-16T05:54:19.164+0530] {dagbag.py:545} INFO - Filling up the DagBag from //home/kali/Desktop/projects/git/bank_data_processing/dags/dag_raw_accounts.py
[2024-07-16T05:54:19.727+0530] {logging_mixin.py:188} INFO - [2024-07-16T05:54:19.727+0530] {base.py:84} INFO - Using connection ID 'mysql_default' for task execution.
[2024-07-16T05:54:19.730+0530] {processor.py:840} INFO - DAG(s) 'raw_load_accounts' retrieved from //home/kali/Desktop/projects/git/bank_data_processing/dags/dag_raw_accounts.py
[2024-07-16T05:54:19.814+0530] {logging_mixin.py:188} INFO - [2024-07-16T05:54:19.814+0530] {dag.py:3096} INFO - Sync 1 DAGs
[2024-07-16T05:54:19.822+0530] {logging_mixin.py:188} INFO - [2024-07-16T05:54:19.821+0530] {dag.py:3954} INFO - Setting next_dagrun for raw_load_accounts to None, run_after=None
[2024-07-16T05:54:19.842+0530] {processor.py:183} INFO - Processing //home/kali/Desktop/projects/git/bank_data_processing/dags/dag_raw_accounts.py took 0.689 seconds
[2024-07-16T05:54:50.477+0530] {processor.py:161} INFO - Started process (PID=59024) to work on //home/kali/Desktop/projects/git/bank_data_processing/dags/dag_raw_accounts.py
[2024-07-16T05:54:50.482+0530] {processor.py:830} INFO - Processing file //home/kali/Desktop/projects/git/bank_data_processing/dags/dag_raw_accounts.py for tasks to queue
[2024-07-16T05:54:50.483+0530] {logging_mixin.py:188} INFO - [2024-07-16T05:54:50.483+0530] {dagbag.py:545} INFO - Filling up the DagBag from //home/kali/Desktop/projects/git/bank_data_processing/dags/dag_raw_accounts.py
[2024-07-16T05:54:51.158+0530] {logging_mixin.py:188} INFO - [2024-07-16T05:54:51.158+0530] {base.py:84} INFO - Using connection ID 'mysql_default' for task execution.
[2024-07-16T05:54:51.162+0530] {processor.py:840} INFO - DAG(s) 'raw_load_accounts' retrieved from //home/kali/Desktop/projects/git/bank_data_processing/dags/dag_raw_accounts.py
[2024-07-16T05:54:51.248+0530] {logging_mixin.py:188} INFO - [2024-07-16T05:54:51.248+0530] {dag.py:3096} INFO - Sync 1 DAGs
[2024-07-16T05:54:51.256+0530] {logging_mixin.py:188} INFO - [2024-07-16T05:54:51.256+0530] {dag.py:3954} INFO - Setting next_dagrun for raw_load_accounts to None, run_after=None
[2024-07-16T05:54:51.281+0530] {processor.py:183} INFO - Processing //home/kali/Desktop/projects/git/bank_data_processing/dags/dag_raw_accounts.py took 0.813 seconds
[2024-07-16T05:55:21.807+0530] {processor.py:161} INFO - Started process (PID=59725) to work on //home/kali/Desktop/projects/git/bank_data_processing/dags/dag_raw_accounts.py
[2024-07-16T05:55:21.812+0530] {processor.py:830} INFO - Processing file //home/kali/Desktop/projects/git/bank_data_processing/dags/dag_raw_accounts.py for tasks to queue
[2024-07-16T05:55:21.813+0530] {logging_mixin.py:188} INFO - [2024-07-16T05:55:21.813+0530] {dagbag.py:545} INFO - Filling up the DagBag from //home/kali/Desktop/projects/git/bank_data_processing/dags/dag_raw_accounts.py
[2024-07-16T05:55:22.379+0530] {logging_mixin.py:188} INFO - [2024-07-16T05:55:22.378+0530] {base.py:84} INFO - Using connection ID 'mysql_default' for task execution.
[2024-07-16T05:55:22.382+0530] {processor.py:840} INFO - DAG(s) 'raw_load_accounts' retrieved from //home/kali/Desktop/projects/git/bank_data_processing/dags/dag_raw_accounts.py
[2024-07-16T05:55:22.468+0530] {logging_mixin.py:188} INFO - [2024-07-16T05:55:22.468+0530] {dag.py:3096} INFO - Sync 1 DAGs
[2024-07-16T05:55:22.476+0530] {logging_mixin.py:188} INFO - [2024-07-16T05:55:22.475+0530] {dag.py:3954} INFO - Setting next_dagrun for raw_load_accounts to None, run_after=None
[2024-07-16T05:55:22.495+0530] {processor.py:183} INFO - Processing //home/kali/Desktop/projects/git/bank_data_processing/dags/dag_raw_accounts.py took 0.695 seconds
[2024-07-16T05:55:52.973+0530] {processor.py:161} INFO - Started process (PID=60484) to work on //home/kali/Desktop/projects/git/bank_data_processing/dags/dag_raw_accounts.py
[2024-07-16T05:55:52.979+0530] {processor.py:830} INFO - Processing file //home/kali/Desktop/projects/git/bank_data_processing/dags/dag_raw_accounts.py for tasks to queue
[2024-07-16T05:55:52.980+0530] {logging_mixin.py:188} INFO - [2024-07-16T05:55:52.979+0530] {dagbag.py:545} INFO - Filling up the DagBag from //home/kali/Desktop/projects/git/bank_data_processing/dags/dag_raw_accounts.py
[2024-07-16T05:55:53.628+0530] {logging_mixin.py:188} INFO - [2024-07-16T05:55:53.627+0530] {base.py:84} INFO - Using connection ID 'mysql_default' for task execution.
[2024-07-16T05:55:53.633+0530] {processor.py:840} INFO - DAG(s) 'raw_load_accounts' retrieved from //home/kali/Desktop/projects/git/bank_data_processing/dags/dag_raw_accounts.py
[2024-07-16T05:55:53.725+0530] {logging_mixin.py:188} INFO - [2024-07-16T05:55:53.724+0530] {dag.py:3096} INFO - Sync 1 DAGs
[2024-07-16T05:55:53.732+0530] {logging_mixin.py:188} INFO - [2024-07-16T05:55:53.732+0530] {dag.py:3954} INFO - Setting next_dagrun for raw_load_accounts to None, run_after=None
[2024-07-16T05:55:53.751+0530] {processor.py:183} INFO - Processing //home/kali/Desktop/projects/git/bank_data_processing/dags/dag_raw_accounts.py took 0.787 seconds
[2024-07-16T05:56:24.537+0530] {processor.py:161} INFO - Started process (PID=61262) to work on //home/kali/Desktop/projects/git/bank_data_processing/dags/dag_raw_accounts.py
[2024-07-16T05:56:24.543+0530] {processor.py:830} INFO - Processing file //home/kali/Desktop/projects/git/bank_data_processing/dags/dag_raw_accounts.py for tasks to queue
[2024-07-16T05:56:24.544+0530] {logging_mixin.py:188} INFO - [2024-07-16T05:56:24.544+0530] {dagbag.py:545} INFO - Filling up the DagBag from //home/kali/Desktop/projects/git/bank_data_processing/dags/dag_raw_accounts.py
[2024-07-16T05:56:25.148+0530] {logging_mixin.py:188} INFO - [2024-07-16T05:56:25.147+0530] {base.py:84} INFO - Using connection ID 'mysql_default' for task execution.
[2024-07-16T05:56:25.151+0530] {processor.py:840} INFO - DAG(s) 'raw_load_accounts' retrieved from //home/kali/Desktop/projects/git/bank_data_processing/dags/dag_raw_accounts.py
[2024-07-16T05:56:25.243+0530] {logging_mixin.py:188} INFO - [2024-07-16T05:56:25.243+0530] {dag.py:3096} INFO - Sync 1 DAGs
[2024-07-16T05:56:25.253+0530] {logging_mixin.py:188} INFO - [2024-07-16T05:56:25.252+0530] {dag.py:3954} INFO - Setting next_dagrun for raw_load_accounts to None, run_after=None
[2024-07-16T05:56:25.274+0530] {processor.py:183} INFO - Processing //home/kali/Desktop/projects/git/bank_data_processing/dags/dag_raw_accounts.py took 0.746 seconds
[2024-07-16T05:56:55.875+0530] {processor.py:161} INFO - Started process (PID=62009) to work on //home/kali/Desktop/projects/git/bank_data_processing/dags/dag_raw_accounts.py
[2024-07-16T05:56:55.882+0530] {processor.py:830} INFO - Processing file //home/kali/Desktop/projects/git/bank_data_processing/dags/dag_raw_accounts.py for tasks to queue
[2024-07-16T05:56:55.884+0530] {logging_mixin.py:188} INFO - [2024-07-16T05:56:55.883+0530] {dagbag.py:545} INFO - Filling up the DagBag from //home/kali/Desktop/projects/git/bank_data_processing/dags/dag_raw_accounts.py
[2024-07-16T05:56:56.569+0530] {logging_mixin.py:188} INFO - [2024-07-16T05:56:56.569+0530] {base.py:84} INFO - Using connection ID 'mysql_default' for task execution.
[2024-07-16T05:56:56.574+0530] {processor.py:840} INFO - DAG(s) 'raw_load_accounts' retrieved from //home/kali/Desktop/projects/git/bank_data_processing/dags/dag_raw_accounts.py
[2024-07-16T05:56:56.670+0530] {logging_mixin.py:188} INFO - [2024-07-16T05:56:56.669+0530] {dag.py:3096} INFO - Sync 1 DAGs
[2024-07-16T05:56:56.677+0530] {logging_mixin.py:188} INFO - [2024-07-16T05:56:56.677+0530] {dag.py:3954} INFO - Setting next_dagrun for raw_load_accounts to None, run_after=None
[2024-07-16T05:56:56.701+0530] {processor.py:183} INFO - Processing //home/kali/Desktop/projects/git/bank_data_processing/dags/dag_raw_accounts.py took 0.835 seconds
