[2024-07-16T05:30:14.175+0530] {processor.py:161} INFO - Started process (PID=24444) to work on //home/kali/Desktop/projects/git/bank_data_processing/dags/dag_raw_cards.py
[2024-07-16T05:30:14.176+0530] {processor.py:830} INFO - Processing file //home/kali/Desktop/projects/git/bank_data_processing/dags/dag_raw_cards.py for tasks to queue
[2024-07-16T05:30:14.180+0530] {logging_mixin.py:188} INFO - [2024-07-16T05:30:14.179+0530] {dagbag.py:545} INFO - Filling up the DagBag from //home/kali/Desktop/projects/git/bank_data_processing/dags/dag_raw_cards.py
[2024-07-16T05:30:14.851+0530] {logging_mixin.py:188} INFO - [2024-07-16T05:30:14.851+0530] {base.py:84} INFO - Using connection ID 'mysql_default' for task execution.
[2024-07-16T05:30:14.857+0530] {processor.py:840} INFO - DAG(s) 'raw_load_cards' retrieved from //home/kali/Desktop/projects/git/bank_data_processing/dags/dag_raw_cards.py
[2024-07-16T05:30:14.981+0530] {logging_mixin.py:188} INFO - [2024-07-16T05:30:14.980+0530] {dag.py:3096} INFO - Sync 1 DAGs
[2024-07-16T05:30:14.997+0530] {logging_mixin.py:188} INFO - [2024-07-16T05:30:14.996+0530] {dag.py:3954} INFO - Setting next_dagrun for raw_load_cards to None, run_after=None
[2024-07-16T05:30:15.037+0530] {processor.py:183} INFO - Processing //home/kali/Desktop/projects/git/bank_data_processing/dags/dag_raw_cards.py took 0.870 seconds
[2024-07-16T05:30:45.403+0530] {processor.py:161} INFO - Started process (PID=24953) to work on //home/kali/Desktop/projects/git/bank_data_processing/dags/dag_raw_cards.py
[2024-07-16T05:30:45.410+0530] {processor.py:830} INFO - Processing file //home/kali/Desktop/projects/git/bank_data_processing/dags/dag_raw_cards.py for tasks to queue
[2024-07-16T05:30:45.412+0530] {logging_mixin.py:188} INFO - [2024-07-16T05:30:45.412+0530] {dagbag.py:545} INFO - Filling up the DagBag from //home/kali/Desktop/projects/git/bank_data_processing/dags/dag_raw_cards.py
[2024-07-16T05:30:45.943+0530] {logging_mixin.py:188} INFO - [2024-07-16T05:30:45.943+0530] {base.py:84} INFO - Using connection ID 'mysql_default' for task execution.
[2024-07-16T05:30:45.950+0530] {processor.py:840} INFO - DAG(s) 'raw_load_cards' retrieved from //home/kali/Desktop/projects/git/bank_data_processing/dags/dag_raw_cards.py
[2024-07-16T05:30:46.052+0530] {logging_mixin.py:188} INFO - [2024-07-16T05:30:46.052+0530] {dag.py:3096} INFO - Sync 1 DAGs
[2024-07-16T05:30:46.063+0530] {logging_mixin.py:188} INFO - [2024-07-16T05:30:46.062+0530] {dag.py:3954} INFO - Setting next_dagrun for raw_load_cards to None, run_after=None
[2024-07-16T05:30:46.086+0530] {processor.py:183} INFO - Processing //home/kali/Desktop/projects/git/bank_data_processing/dags/dag_raw_cards.py took 0.692 seconds
[2024-07-16T05:31:16.799+0530] {processor.py:161} INFO - Started process (PID=25703) to work on //home/kali/Desktop/projects/git/bank_data_processing/dags/dag_raw_cards.py
[2024-07-16T05:31:16.800+0530] {processor.py:830} INFO - Processing file //home/kali/Desktop/projects/git/bank_data_processing/dags/dag_raw_cards.py for tasks to queue
[2024-07-16T05:31:16.803+0530] {logging_mixin.py:188} INFO - [2024-07-16T05:31:16.802+0530] {dagbag.py:545} INFO - Filling up the DagBag from //home/kali/Desktop/projects/git/bank_data_processing/dags/dag_raw_cards.py
[2024-07-16T05:31:17.501+0530] {logging_mixin.py:188} INFO - [2024-07-16T05:31:17.500+0530] {base.py:84} INFO - Using connection ID 'mysql_default' for task execution.
[2024-07-16T05:31:17.508+0530] {processor.py:840} INFO - DAG(s) 'raw_load_cards' retrieved from //home/kali/Desktop/projects/git/bank_data_processing/dags/dag_raw_cards.py
[2024-07-16T05:31:17.656+0530] {logging_mixin.py:188} INFO - [2024-07-16T05:31:17.656+0530] {dag.py:3096} INFO - Sync 1 DAGs
[2024-07-16T05:31:17.670+0530] {logging_mixin.py:188} INFO - [2024-07-16T05:31:17.669+0530] {dag.py:3954} INFO - Setting next_dagrun for raw_load_cards to None, run_after=None
[2024-07-16T05:31:17.704+0530] {processor.py:183} INFO - Processing //home/kali/Desktop/projects/git/bank_data_processing/dags/dag_raw_cards.py took 0.911 seconds
[2024-07-16T05:31:48.645+0530] {processor.py:161} INFO - Started process (PID=26370) to work on //home/kali/Desktop/projects/git/bank_data_processing/dags/dag_raw_cards.py
[2024-07-16T05:31:48.651+0530] {processor.py:830} INFO - Processing file //home/kali/Desktop/projects/git/bank_data_processing/dags/dag_raw_cards.py for tasks to queue
[2024-07-16T05:31:48.653+0530] {logging_mixin.py:188} INFO - [2024-07-16T05:31:48.653+0530] {dagbag.py:545} INFO - Filling up the DagBag from //home/kali/Desktop/projects/git/bank_data_processing/dags/dag_raw_cards.py
[2024-07-16T05:31:49.179+0530] {logging_mixin.py:188} INFO - [2024-07-16T05:31:49.178+0530] {base.py:84} INFO - Using connection ID 'mysql_default' for task execution.
[2024-07-16T05:31:49.188+0530] {processor.py:840} INFO - DAG(s) 'raw_load_cards' retrieved from //home/kali/Desktop/projects/git/bank_data_processing/dags/dag_raw_cards.py
[2024-07-16T05:31:49.288+0530] {logging_mixin.py:188} INFO - [2024-07-16T05:31:49.287+0530] {dag.py:3096} INFO - Sync 1 DAGs
[2024-07-16T05:31:49.298+0530] {logging_mixin.py:188} INFO - [2024-07-16T05:31:49.298+0530] {dag.py:3954} INFO - Setting next_dagrun for raw_load_cards to None, run_after=None
[2024-07-16T05:31:49.331+0530] {processor.py:183} INFO - Processing //home/kali/Desktop/projects/git/bank_data_processing/dags/dag_raw_cards.py took 0.696 seconds
[2024-07-16T05:32:19.597+0530] {processor.py:161} INFO - Started process (PID=27162) to work on //home/kali/Desktop/projects/git/bank_data_processing/dags/dag_raw_cards.py
[2024-07-16T05:32:19.604+0530] {processor.py:830} INFO - Processing file //home/kali/Desktop/projects/git/bank_data_processing/dags/dag_raw_cards.py for tasks to queue
[2024-07-16T05:32:19.607+0530] {logging_mixin.py:188} INFO - [2024-07-16T05:32:19.607+0530] {dagbag.py:545} INFO - Filling up the DagBag from //home/kali/Desktop/projects/git/bank_data_processing/dags/dag_raw_cards.py
[2024-07-16T05:32:20.114+0530] {logging_mixin.py:188} INFO - [2024-07-16T05:32:20.114+0530] {base.py:84} INFO - Using connection ID 'mysql_default' for task execution.
[2024-07-16T05:32:20.121+0530] {processor.py:840} INFO - DAG(s) 'raw_load_cards' retrieved from //home/kali/Desktop/projects/git/bank_data_processing/dags/dag_raw_cards.py
[2024-07-16T05:32:20.205+0530] {logging_mixin.py:188} INFO - [2024-07-16T05:32:20.204+0530] {dag.py:3096} INFO - Sync 1 DAGs
[2024-07-16T05:32:20.212+0530] {logging_mixin.py:188} INFO - [2024-07-16T05:32:20.212+0530] {dag.py:3954} INFO - Setting next_dagrun for raw_load_cards to None, run_after=None
[2024-07-16T05:32:20.231+0530] {processor.py:183} INFO - Processing //home/kali/Desktop/projects/git/bank_data_processing/dags/dag_raw_cards.py took 0.650 seconds
[2024-07-16T05:32:50.401+0530] {processor.py:161} INFO - Started process (PID=27908) to work on //home/kali/Desktop/projects/git/bank_data_processing/dags/dag_raw_cards.py
[2024-07-16T05:32:50.403+0530] {processor.py:830} INFO - Processing file //home/kali/Desktop/projects/git/bank_data_processing/dags/dag_raw_cards.py for tasks to queue
[2024-07-16T05:32:50.405+0530] {logging_mixin.py:188} INFO - [2024-07-16T05:32:50.405+0530] {dagbag.py:545} INFO - Filling up the DagBag from //home/kali/Desktop/projects/git/bank_data_processing/dags/dag_raw_cards.py
[2024-07-16T05:32:51.402+0530] {logging_mixin.py:188} INFO - [2024-07-16T05:32:51.402+0530] {base.py:84} INFO - Using connection ID 'mysql_default' for task execution.
[2024-07-16T05:32:51.413+0530] {processor.py:840} INFO - DAG(s) 'raw_load_cards' retrieved from //home/kali/Desktop/projects/git/bank_data_processing/dags/dag_raw_cards.py
[2024-07-16T05:32:51.548+0530] {logging_mixin.py:188} INFO - [2024-07-16T05:32:51.548+0530] {dag.py:3096} INFO - Sync 1 DAGs
[2024-07-16T05:32:51.562+0530] {logging_mixin.py:188} INFO - [2024-07-16T05:32:51.561+0530] {dag.py:3954} INFO - Setting next_dagrun for raw_load_cards to None, run_after=None
[2024-07-16T05:32:51.593+0530] {processor.py:183} INFO - Processing //home/kali/Desktop/projects/git/bank_data_processing/dags/dag_raw_cards.py took 1.205 seconds
[2024-07-16T05:33:21.700+0530] {processor.py:161} INFO - Started process (PID=28620) to work on //home/kali/Desktop/projects/git/bank_data_processing/dags/dag_raw_cards.py
[2024-07-16T05:33:21.702+0530] {processor.py:830} INFO - Processing file //home/kali/Desktop/projects/git/bank_data_processing/dags/dag_raw_cards.py for tasks to queue
[2024-07-16T05:33:21.705+0530] {logging_mixin.py:188} INFO - [2024-07-16T05:33:21.704+0530] {dagbag.py:545} INFO - Filling up the DagBag from //home/kali/Desktop/projects/git/bank_data_processing/dags/dag_raw_cards.py
[2024-07-16T05:33:22.258+0530] {logging_mixin.py:188} INFO - [2024-07-16T05:33:22.258+0530] {base.py:84} INFO - Using connection ID 'mysql_default' for task execution.
[2024-07-16T05:33:22.264+0530] {processor.py:840} INFO - DAG(s) 'raw_load_cards' retrieved from //home/kali/Desktop/projects/git/bank_data_processing/dags/dag_raw_cards.py
[2024-07-16T05:33:22.346+0530] {logging_mixin.py:188} INFO - [2024-07-16T05:33:22.346+0530] {dag.py:3096} INFO - Sync 1 DAGs
[2024-07-16T05:33:22.355+0530] {logging_mixin.py:188} INFO - [2024-07-16T05:33:22.354+0530] {dag.py:3954} INFO - Setting next_dagrun for raw_load_cards to None, run_after=None
[2024-07-16T05:33:22.382+0530] {processor.py:183} INFO - Processing //home/kali/Desktop/projects/git/bank_data_processing/dags/dag_raw_cards.py took 0.688 seconds
[2024-07-16T05:33:52.970+0530] {processor.py:161} INFO - Started process (PID=29352) to work on //home/kali/Desktop/projects/git/bank_data_processing/dags/dag_raw_cards.py
[2024-07-16T05:33:52.972+0530] {processor.py:830} INFO - Processing file //home/kali/Desktop/projects/git/bank_data_processing/dags/dag_raw_cards.py for tasks to queue
[2024-07-16T05:33:52.973+0530] {logging_mixin.py:188} INFO - [2024-07-16T05:33:52.973+0530] {dagbag.py:545} INFO - Filling up the DagBag from //home/kali/Desktop/projects/git/bank_data_processing/dags/dag_raw_cards.py
[2024-07-16T05:33:53.651+0530] {logging_mixin.py:188} INFO - [2024-07-16T05:33:53.651+0530] {base.py:84} INFO - Using connection ID 'mysql_default' for task execution.
[2024-07-16T05:33:53.660+0530] {processor.py:840} INFO - DAG(s) 'raw_load_cards' retrieved from //home/kali/Desktop/projects/git/bank_data_processing/dags/dag_raw_cards.py
[2024-07-16T05:33:53.770+0530] {logging_mixin.py:188} INFO - [2024-07-16T05:33:53.770+0530] {dag.py:3096} INFO - Sync 1 DAGs
[2024-07-16T05:33:53.778+0530] {logging_mixin.py:188} INFO - [2024-07-16T05:33:53.778+0530] {dag.py:3954} INFO - Setting next_dagrun for raw_load_cards to None, run_after=None
[2024-07-16T05:33:53.798+0530] {processor.py:183} INFO - Processing //home/kali/Desktop/projects/git/bank_data_processing/dags/dag_raw_cards.py took 0.834 seconds
[2024-07-16T05:34:23.833+0530] {processor.py:161} INFO - Started process (PID=30034) to work on //home/kali/Desktop/projects/git/bank_data_processing/dags/dag_raw_cards.py
[2024-07-16T05:34:23.834+0530] {processor.py:830} INFO - Processing file //home/kali/Desktop/projects/git/bank_data_processing/dags/dag_raw_cards.py for tasks to queue
[2024-07-16T05:34:23.837+0530] {logging_mixin.py:188} INFO - [2024-07-16T05:34:23.837+0530] {dagbag.py:545} INFO - Filling up the DagBag from //home/kali/Desktop/projects/git/bank_data_processing/dags/dag_raw_cards.py
[2024-07-16T05:34:24.396+0530] {logging_mixin.py:188} INFO - [2024-07-16T05:34:24.396+0530] {base.py:84} INFO - Using connection ID 'mysql_default' for task execution.
[2024-07-16T05:34:24.402+0530] {processor.py:840} INFO - DAG(s) 'raw_load_cards' retrieved from //home/kali/Desktop/projects/git/bank_data_processing/dags/dag_raw_cards.py
[2024-07-16T05:34:24.490+0530] {logging_mixin.py:188} INFO - [2024-07-16T05:34:24.490+0530] {dag.py:3096} INFO - Sync 1 DAGs
[2024-07-16T05:34:24.498+0530] {logging_mixin.py:188} INFO - [2024-07-16T05:34:24.498+0530] {dag.py:3954} INFO - Setting next_dagrun for raw_load_cards to None, run_after=None
[2024-07-16T05:34:24.515+0530] {processor.py:183} INFO - Processing //home/kali/Desktop/projects/git/bank_data_processing/dags/dag_raw_cards.py took 0.688 seconds
[2024-07-16T05:34:55.481+0530] {processor.py:161} INFO - Started process (PID=30838) to work on //home/kali/Desktop/projects/git/bank_data_processing/dags/dag_raw_cards.py
[2024-07-16T05:34:55.483+0530] {processor.py:830} INFO - Processing file //home/kali/Desktop/projects/git/bank_data_processing/dags/dag_raw_cards.py for tasks to queue
[2024-07-16T05:34:55.485+0530] {logging_mixin.py:188} INFO - [2024-07-16T05:34:55.484+0530] {dagbag.py:545} INFO - Filling up the DagBag from //home/kali/Desktop/projects/git/bank_data_processing/dags/dag_raw_cards.py
[2024-07-16T05:34:56.186+0530] {logging_mixin.py:188} INFO - [2024-07-16T05:34:56.186+0530] {base.py:84} INFO - Using connection ID 'mysql_default' for task execution.
[2024-07-16T05:34:56.197+0530] {processor.py:840} INFO - DAG(s) 'raw_load_cards' retrieved from //home/kali/Desktop/projects/git/bank_data_processing/dags/dag_raw_cards.py
[2024-07-16T05:34:56.359+0530] {logging_mixin.py:188} INFO - [2024-07-16T05:34:56.359+0530] {dag.py:3096} INFO - Sync 1 DAGs
[2024-07-16T05:34:56.369+0530] {logging_mixin.py:188} INFO - [2024-07-16T05:34:56.368+0530] {dag.py:3954} INFO - Setting next_dagrun for raw_load_cards to None, run_after=None
[2024-07-16T05:34:56.394+0530] {processor.py:183} INFO - Processing //home/kali/Desktop/projects/git/bank_data_processing/dags/dag_raw_cards.py took 0.924 seconds
[2024-07-16T05:35:26.686+0530] {processor.py:161} INFO - Started process (PID=31595) to work on //home/kali/Desktop/projects/git/bank_data_processing/dags/dag_raw_cards.py
[2024-07-16T05:35:26.692+0530] {processor.py:830} INFO - Processing file //home/kali/Desktop/projects/git/bank_data_processing/dags/dag_raw_cards.py for tasks to queue
[2024-07-16T05:35:26.694+0530] {logging_mixin.py:188} INFO - [2024-07-16T05:35:26.694+0530] {dagbag.py:545} INFO - Filling up the DagBag from //home/kali/Desktop/projects/git/bank_data_processing/dags/dag_raw_cards.py
[2024-07-16T05:35:27.145+0530] {logging_mixin.py:188} INFO - [2024-07-16T05:35:27.145+0530] {base.py:84} INFO - Using connection ID 'mysql_default' for task execution.
[2024-07-16T05:35:27.151+0530] {processor.py:840} INFO - DAG(s) 'raw_load_cards' retrieved from //home/kali/Desktop/projects/git/bank_data_processing/dags/dag_raw_cards.py
[2024-07-16T05:35:27.232+0530] {logging_mixin.py:188} INFO - [2024-07-16T05:35:27.232+0530] {dag.py:3096} INFO - Sync 1 DAGs
[2024-07-16T05:35:27.240+0530] {logging_mixin.py:188} INFO - [2024-07-16T05:35:27.240+0530] {dag.py:3954} INFO - Setting next_dagrun for raw_load_cards to None, run_after=None
[2024-07-16T05:35:27.264+0530] {processor.py:183} INFO - Processing //home/kali/Desktop/projects/git/bank_data_processing/dags/dag_raw_cards.py took 0.594 seconds
[2024-07-16T05:35:57.303+0530] {processor.py:161} INFO - Started process (PID=32370) to work on //home/kali/Desktop/projects/git/bank_data_processing/dags/dag_raw_cards.py
[2024-07-16T05:35:57.304+0530] {processor.py:830} INFO - Processing file //home/kali/Desktop/projects/git/bank_data_processing/dags/dag_raw_cards.py for tasks to queue
[2024-07-16T05:35:57.305+0530] {logging_mixin.py:188} INFO - [2024-07-16T05:35:57.305+0530] {dagbag.py:545} INFO - Filling up the DagBag from //home/kali/Desktop/projects/git/bank_data_processing/dags/dag_raw_cards.py
[2024-07-16T05:35:57.790+0530] {logging_mixin.py:188} INFO - [2024-07-16T05:35:57.789+0530] {base.py:84} INFO - Using connection ID 'mysql_default' for task execution.
[2024-07-16T05:35:57.798+0530] {processor.py:840} INFO - DAG(s) 'raw_load_cards' retrieved from //home/kali/Desktop/projects/git/bank_data_processing/dags/dag_raw_cards.py
[2024-07-16T05:35:57.894+0530] {logging_mixin.py:188} INFO - [2024-07-16T05:35:57.893+0530] {dag.py:3096} INFO - Sync 1 DAGs
[2024-07-16T05:35:57.905+0530] {logging_mixin.py:188} INFO - [2024-07-16T05:35:57.905+0530] {dag.py:3954} INFO - Setting next_dagrun for raw_load_cards to None, run_after=None
[2024-07-16T05:35:57.927+0530] {processor.py:183} INFO - Processing //home/kali/Desktop/projects/git/bank_data_processing/dags/dag_raw_cards.py took 0.630 seconds
[2024-07-16T05:36:28.477+0530] {processor.py:161} INFO - Started process (PID=33103) to work on //home/kali/Desktop/projects/git/bank_data_processing/dags/dag_raw_cards.py
[2024-07-16T05:36:28.478+0530] {processor.py:830} INFO - Processing file //home/kali/Desktop/projects/git/bank_data_processing/dags/dag_raw_cards.py for tasks to queue
[2024-07-16T05:36:28.480+0530] {logging_mixin.py:188} INFO - [2024-07-16T05:36:28.479+0530] {dagbag.py:545} INFO - Filling up the DagBag from //home/kali/Desktop/projects/git/bank_data_processing/dags/dag_raw_cards.py
[2024-07-16T05:36:28.963+0530] {logging_mixin.py:188} INFO - [2024-07-16T05:36:28.963+0530] {base.py:84} INFO - Using connection ID 'mysql_default' for task execution.
[2024-07-16T05:36:28.969+0530] {processor.py:840} INFO - DAG(s) 'raw_load_cards' retrieved from //home/kali/Desktop/projects/git/bank_data_processing/dags/dag_raw_cards.py
[2024-07-16T05:36:29.053+0530] {logging_mixin.py:188} INFO - [2024-07-16T05:36:29.053+0530] {dag.py:3096} INFO - Sync 1 DAGs
[2024-07-16T05:36:29.061+0530] {logging_mixin.py:188} INFO - [2024-07-16T05:36:29.061+0530] {dag.py:3954} INFO - Setting next_dagrun for raw_load_cards to None, run_after=None
[2024-07-16T05:36:29.083+0530] {processor.py:183} INFO - Processing //home/kali/Desktop/projects/git/bank_data_processing/dags/dag_raw_cards.py took 0.611 seconds
[2024-07-16T05:36:59.728+0530] {processor.py:161} INFO - Started process (PID=33745) to work on //home/kali/Desktop/projects/git/bank_data_processing/dags/dag_raw_cards.py
[2024-07-16T05:36:59.732+0530] {processor.py:830} INFO - Processing file //home/kali/Desktop/projects/git/bank_data_processing/dags/dag_raw_cards.py for tasks to queue
[2024-07-16T05:36:59.735+0530] {logging_mixin.py:188} INFO - [2024-07-16T05:36:59.735+0530] {dagbag.py:545} INFO - Filling up the DagBag from //home/kali/Desktop/projects/git/bank_data_processing/dags/dag_raw_cards.py
[2024-07-16T05:37:00.399+0530] {logging_mixin.py:188} INFO - [2024-07-16T05:37:00.397+0530] {base.py:84} INFO - Using connection ID 'mysql_default' for task execution.
[2024-07-16T05:37:00.408+0530] {processor.py:840} INFO - DAG(s) 'raw_load_cards' retrieved from //home/kali/Desktop/projects/git/bank_data_processing/dags/dag_raw_cards.py
[2024-07-16T05:37:00.501+0530] {logging_mixin.py:188} INFO - [2024-07-16T05:37:00.500+0530] {dag.py:3096} INFO - Sync 1 DAGs
[2024-07-16T05:37:00.508+0530] {logging_mixin.py:188} INFO - [2024-07-16T05:37:00.508+0530] {dag.py:3954} INFO - Setting next_dagrun for raw_load_cards to None, run_after=None
[2024-07-16T05:37:00.527+0530] {processor.py:183} INFO - Processing //home/kali/Desktop/projects/git/bank_data_processing/dags/dag_raw_cards.py took 0.810 seconds
[2024-07-16T05:37:30.741+0530] {processor.py:161} INFO - Started process (PID=34437) to work on //home/kali/Desktop/projects/git/bank_data_processing/dags/dag_raw_cards.py
[2024-07-16T05:37:30.742+0530] {processor.py:830} INFO - Processing file //home/kali/Desktop/projects/git/bank_data_processing/dags/dag_raw_cards.py for tasks to queue
[2024-07-16T05:37:30.744+0530] {logging_mixin.py:188} INFO - [2024-07-16T05:37:30.743+0530] {dagbag.py:545} INFO - Filling up the DagBag from //home/kali/Desktop/projects/git/bank_data_processing/dags/dag_raw_cards.py
[2024-07-16T05:37:31.258+0530] {logging_mixin.py:188} INFO - [2024-07-16T05:37:31.257+0530] {base.py:84} INFO - Using connection ID 'mysql_default' for task execution.
[2024-07-16T05:37:31.266+0530] {processor.py:840} INFO - DAG(s) 'raw_load_cards' retrieved from //home/kali/Desktop/projects/git/bank_data_processing/dags/dag_raw_cards.py
[2024-07-16T05:37:31.366+0530] {logging_mixin.py:188} INFO - [2024-07-16T05:37:31.365+0530] {dag.py:3096} INFO - Sync 1 DAGs
[2024-07-16T05:37:31.375+0530] {logging_mixin.py:188} INFO - [2024-07-16T05:37:31.375+0530] {dag.py:3954} INFO - Setting next_dagrun for raw_load_cards to None, run_after=None
[2024-07-16T05:37:31.401+0530] {processor.py:183} INFO - Processing //home/kali/Desktop/projects/git/bank_data_processing/dags/dag_raw_cards.py took 0.668 seconds
[2024-07-16T05:38:01.673+0530] {processor.py:161} INFO - Started process (PID=35159) to work on //home/kali/Desktop/projects/git/bank_data_processing/dags/dag_raw_cards.py
[2024-07-16T05:38:01.674+0530] {processor.py:830} INFO - Processing file //home/kali/Desktop/projects/git/bank_data_processing/dags/dag_raw_cards.py for tasks to queue
[2024-07-16T05:38:01.676+0530] {logging_mixin.py:188} INFO - [2024-07-16T05:38:01.676+0530] {dagbag.py:545} INFO - Filling up the DagBag from //home/kali/Desktop/projects/git/bank_data_processing/dags/dag_raw_cards.py
[2024-07-16T05:38:02.152+0530] {logging_mixin.py:188} INFO - [2024-07-16T05:38:02.151+0530] {base.py:84} INFO - Using connection ID 'mysql_default' for task execution.
[2024-07-16T05:38:02.158+0530] {processor.py:840} INFO - DAG(s) 'raw_load_cards' retrieved from //home/kali/Desktop/projects/git/bank_data_processing/dags/dag_raw_cards.py
[2024-07-16T05:38:02.246+0530] {logging_mixin.py:188} INFO - [2024-07-16T05:38:02.245+0530] {dag.py:3096} INFO - Sync 1 DAGs
[2024-07-16T05:38:02.258+0530] {logging_mixin.py:188} INFO - [2024-07-16T05:38:02.258+0530] {dag.py:3954} INFO - Setting next_dagrun for raw_load_cards to None, run_after=None
[2024-07-16T05:38:02.284+0530] {processor.py:183} INFO - Processing //home/kali/Desktop/projects/git/bank_data_processing/dags/dag_raw_cards.py took 0.618 seconds
[2024-07-16T05:38:32.430+0530] {processor.py:161} INFO - Started process (PID=35810) to work on //home/kali/Desktop/projects/git/bank_data_processing/dags/dag_raw_cards.py
[2024-07-16T05:38:32.431+0530] {processor.py:830} INFO - Processing file //home/kali/Desktop/projects/git/bank_data_processing/dags/dag_raw_cards.py for tasks to queue
[2024-07-16T05:38:32.433+0530] {logging_mixin.py:188} INFO - [2024-07-16T05:38:32.433+0530] {dagbag.py:545} INFO - Filling up the DagBag from //home/kali/Desktop/projects/git/bank_data_processing/dags/dag_raw_cards.py
[2024-07-16T05:38:33.021+0530] {logging_mixin.py:188} INFO - [2024-07-16T05:38:33.021+0530] {base.py:84} INFO - Using connection ID 'mysql_default' for task execution.
[2024-07-16T05:38:33.027+0530] {processor.py:840} INFO - DAG(s) 'raw_load_cards' retrieved from //home/kali/Desktop/projects/git/bank_data_processing/dags/dag_raw_cards.py
[2024-07-16T05:38:33.127+0530] {logging_mixin.py:188} INFO - [2024-07-16T05:38:33.125+0530] {dag.py:3096} INFO - Sync 1 DAGs
[2024-07-16T05:38:33.137+0530] {logging_mixin.py:188} INFO - [2024-07-16T05:38:33.136+0530] {dag.py:3954} INFO - Setting next_dagrun for raw_load_cards to None, run_after=None
[2024-07-16T05:38:33.157+0530] {processor.py:183} INFO - Processing //home/kali/Desktop/projects/git/bank_data_processing/dags/dag_raw_cards.py took 0.734 seconds
[2024-07-16T05:39:03.928+0530] {processor.py:161} INFO - Started process (PID=36622) to work on //home/kali/Desktop/projects/git/bank_data_processing/dags/dag_raw_cards.py
[2024-07-16T05:39:03.929+0530] {processor.py:830} INFO - Processing file //home/kali/Desktop/projects/git/bank_data_processing/dags/dag_raw_cards.py for tasks to queue
[2024-07-16T05:39:03.931+0530] {logging_mixin.py:188} INFO - [2024-07-16T05:39:03.930+0530] {dagbag.py:545} INFO - Filling up the DagBag from //home/kali/Desktop/projects/git/bank_data_processing/dags/dag_raw_cards.py
[2024-07-16T05:39:04.467+0530] {logging_mixin.py:188} INFO - [2024-07-16T05:39:04.467+0530] {base.py:84} INFO - Using connection ID 'mysql_default' for task execution.
[2024-07-16T05:39:04.474+0530] {processor.py:840} INFO - DAG(s) 'raw_load_cards' retrieved from //home/kali/Desktop/projects/git/bank_data_processing/dags/dag_raw_cards.py
[2024-07-16T05:39:04.556+0530] {logging_mixin.py:188} INFO - [2024-07-16T05:39:04.556+0530] {dag.py:3096} INFO - Sync 1 DAGs
[2024-07-16T05:39:04.564+0530] {logging_mixin.py:188} INFO - [2024-07-16T05:39:04.564+0530] {dag.py:3954} INFO - Setting next_dagrun for raw_load_cards to None, run_after=None
[2024-07-16T05:39:04.583+0530] {processor.py:183} INFO - Processing //home/kali/Desktop/projects/git/bank_data_processing/dags/dag_raw_cards.py took 0.663 seconds
[2024-07-16T05:39:35.415+0530] {processor.py:161} INFO - Started process (PID=37422) to work on //home/kali/Desktop/projects/git/bank_data_processing/dags/dag_raw_cards.py
[2024-07-16T05:39:35.416+0530] {processor.py:830} INFO - Processing file //home/kali/Desktop/projects/git/bank_data_processing/dags/dag_raw_cards.py for tasks to queue
[2024-07-16T05:39:35.418+0530] {logging_mixin.py:188} INFO - [2024-07-16T05:39:35.418+0530] {dagbag.py:545} INFO - Filling up the DagBag from //home/kali/Desktop/projects/git/bank_data_processing/dags/dag_raw_cards.py
[2024-07-16T05:39:35.887+0530] {logging_mixin.py:188} INFO - [2024-07-16T05:39:35.887+0530] {base.py:84} INFO - Using connection ID 'mysql_default' for task execution.
[2024-07-16T05:39:35.893+0530] {processor.py:840} INFO - DAG(s) 'raw_load_cards' retrieved from //home/kali/Desktop/projects/git/bank_data_processing/dags/dag_raw_cards.py
[2024-07-16T05:39:35.982+0530] {logging_mixin.py:188} INFO - [2024-07-16T05:39:35.982+0530] {dag.py:3096} INFO - Sync 1 DAGs
[2024-07-16T05:39:35.989+0530] {logging_mixin.py:188} INFO - [2024-07-16T05:39:35.989+0530] {dag.py:3954} INFO - Setting next_dagrun for raw_load_cards to None, run_after=None
[2024-07-16T05:39:36.011+0530] {processor.py:183} INFO - Processing //home/kali/Desktop/projects/git/bank_data_processing/dags/dag_raw_cards.py took 0.602 seconds
[2024-07-16T05:40:06.780+0530] {processor.py:161} INFO - Started process (PID=38173) to work on //home/kali/Desktop/projects/git/bank_data_processing/dags/dag_raw_cards.py
[2024-07-16T05:40:06.781+0530] {processor.py:830} INFO - Processing file //home/kali/Desktop/projects/git/bank_data_processing/dags/dag_raw_cards.py for tasks to queue
[2024-07-16T05:40:06.783+0530] {logging_mixin.py:188} INFO - [2024-07-16T05:40:06.783+0530] {dagbag.py:545} INFO - Filling up the DagBag from //home/kali/Desktop/projects/git/bank_data_processing/dags/dag_raw_cards.py
[2024-07-16T05:40:07.264+0530] {logging_mixin.py:188} INFO - [2024-07-16T05:40:07.264+0530] {base.py:84} INFO - Using connection ID 'mysql_default' for task execution.
[2024-07-16T05:40:07.271+0530] {processor.py:840} INFO - DAG(s) 'raw_load_cards' retrieved from //home/kali/Desktop/projects/git/bank_data_processing/dags/dag_raw_cards.py
[2024-07-16T05:40:07.358+0530] {logging_mixin.py:188} INFO - [2024-07-16T05:40:07.357+0530] {dag.py:3096} INFO - Sync 1 DAGs
[2024-07-16T05:40:07.365+0530] {logging_mixin.py:188} INFO - [2024-07-16T05:40:07.365+0530] {dag.py:3954} INFO - Setting next_dagrun for raw_load_cards to None, run_after=None
[2024-07-16T05:40:07.393+0530] {processor.py:183} INFO - Processing //home/kali/Desktop/projects/git/bank_data_processing/dags/dag_raw_cards.py took 0.621 seconds
[2024-07-16T05:40:37.726+0530] {processor.py:161} INFO - Started process (PID=38879) to work on //home/kali/Desktop/projects/git/bank_data_processing/dags/dag_raw_cards.py
[2024-07-16T05:40:37.727+0530] {processor.py:830} INFO - Processing file //home/kali/Desktop/projects/git/bank_data_processing/dags/dag_raw_cards.py for tasks to queue
[2024-07-16T05:40:37.729+0530] {logging_mixin.py:188} INFO - [2024-07-16T05:40:37.729+0530] {dagbag.py:545} INFO - Filling up the DagBag from //home/kali/Desktop/projects/git/bank_data_processing/dags/dag_raw_cards.py
[2024-07-16T05:40:38.352+0530] {logging_mixin.py:188} INFO - [2024-07-16T05:40:38.351+0530] {base.py:84} INFO - Using connection ID 'mysql_default' for task execution.
[2024-07-16T05:40:38.358+0530] {processor.py:840} INFO - DAG(s) 'raw_load_cards' retrieved from //home/kali/Desktop/projects/git/bank_data_processing/dags/dag_raw_cards.py
[2024-07-16T05:40:38.455+0530] {logging_mixin.py:188} INFO - [2024-07-16T05:40:38.454+0530] {dag.py:3096} INFO - Sync 1 DAGs
[2024-07-16T05:40:38.464+0530] {logging_mixin.py:188} INFO - [2024-07-16T05:40:38.464+0530] {dag.py:3954} INFO - Setting next_dagrun for raw_load_cards to None, run_after=None
[2024-07-16T05:40:38.483+0530] {processor.py:183} INFO - Processing //home/kali/Desktop/projects/git/bank_data_processing/dags/dag_raw_cards.py took 0.764 seconds
[2024-07-16T05:41:08.719+0530] {processor.py:161} INFO - Started process (PID=39535) to work on //home/kali/Desktop/projects/git/bank_data_processing/dags/dag_raw_cards.py
[2024-07-16T05:41:08.719+0530] {processor.py:830} INFO - Processing file //home/kali/Desktop/projects/git/bank_data_processing/dags/dag_raw_cards.py for tasks to queue
[2024-07-16T05:41:08.721+0530] {logging_mixin.py:188} INFO - [2024-07-16T05:41:08.721+0530] {dagbag.py:545} INFO - Filling up the DagBag from //home/kali/Desktop/projects/git/bank_data_processing/dags/dag_raw_cards.py
[2024-07-16T05:41:09.298+0530] {logging_mixin.py:188} INFO - [2024-07-16T05:41:09.298+0530] {base.py:84} INFO - Using connection ID 'mysql_default' for task execution.
[2024-07-16T05:41:09.304+0530] {processor.py:840} INFO - DAG(s) 'raw_load_cards' retrieved from //home/kali/Desktop/projects/git/bank_data_processing/dags/dag_raw_cards.py
[2024-07-16T05:41:09.390+0530] {logging_mixin.py:188} INFO - [2024-07-16T05:41:09.389+0530] {dag.py:3096} INFO - Sync 1 DAGs
[2024-07-16T05:41:09.397+0530] {logging_mixin.py:188} INFO - [2024-07-16T05:41:09.397+0530] {dag.py:3954} INFO - Setting next_dagrun for raw_load_cards to None, run_after=None
[2024-07-16T05:41:09.415+0530] {processor.py:183} INFO - Processing //home/kali/Desktop/projects/git/bank_data_processing/dags/dag_raw_cards.py took 0.704 seconds
[2024-07-16T05:41:40.246+0530] {processor.py:161} INFO - Started process (PID=40327) to work on //home/kali/Desktop/projects/git/bank_data_processing/dags/dag_raw_cards.py
[2024-07-16T05:41:40.247+0530] {processor.py:830} INFO - Processing file //home/kali/Desktop/projects/git/bank_data_processing/dags/dag_raw_cards.py for tasks to queue
[2024-07-16T05:41:40.249+0530] {logging_mixin.py:188} INFO - [2024-07-16T05:41:40.248+0530] {dagbag.py:545} INFO - Filling up the DagBag from //home/kali/Desktop/projects/git/bank_data_processing/dags/dag_raw_cards.py
[2024-07-16T05:41:41.029+0530] {logging_mixin.py:188} INFO - [2024-07-16T05:41:41.028+0530] {base.py:84} INFO - Using connection ID 'mysql_default' for task execution.
[2024-07-16T05:41:41.042+0530] {processor.py:840} INFO - DAG(s) 'raw_load_cards' retrieved from //home/kali/Desktop/projects/git/bank_data_processing/dags/dag_raw_cards.py
[2024-07-16T05:41:41.250+0530] {logging_mixin.py:188} INFO - [2024-07-16T05:41:41.247+0530] {dag.py:3096} INFO - Sync 1 DAGs
[2024-07-16T05:41:41.272+0530] {logging_mixin.py:188} INFO - [2024-07-16T05:41:41.271+0530] {dag.py:3954} INFO - Setting next_dagrun for raw_load_cards to None, run_after=None
[2024-07-16T05:41:41.318+0530] {processor.py:183} INFO - Processing //home/kali/Desktop/projects/git/bank_data_processing/dags/dag_raw_cards.py took 1.079 seconds
[2024-07-16T05:42:12.104+0530] {processor.py:161} INFO - Started process (PID=41081) to work on //home/kali/Desktop/projects/git/bank_data_processing/dags/dag_raw_cards.py
[2024-07-16T05:42:12.105+0530] {processor.py:830} INFO - Processing file //home/kali/Desktop/projects/git/bank_data_processing/dags/dag_raw_cards.py for tasks to queue
[2024-07-16T05:42:12.107+0530] {logging_mixin.py:188} INFO - [2024-07-16T05:42:12.107+0530] {dagbag.py:545} INFO - Filling up the DagBag from //home/kali/Desktop/projects/git/bank_data_processing/dags/dag_raw_cards.py
[2024-07-16T05:42:12.698+0530] {logging_mixin.py:188} INFO - [2024-07-16T05:42:12.698+0530] {base.py:84} INFO - Using connection ID 'mysql_default' for task execution.
[2024-07-16T05:42:12.706+0530] {processor.py:840} INFO - DAG(s) 'raw_load_cards' retrieved from //home/kali/Desktop/projects/git/bank_data_processing/dags/dag_raw_cards.py
[2024-07-16T05:42:12.817+0530] {logging_mixin.py:188} INFO - [2024-07-16T05:42:12.817+0530] {dag.py:3096} INFO - Sync 1 DAGs
[2024-07-16T05:42:12.829+0530] {logging_mixin.py:188} INFO - [2024-07-16T05:42:12.828+0530] {dag.py:3954} INFO - Setting next_dagrun for raw_load_cards to None, run_after=None
[2024-07-16T05:42:12.857+0530] {processor.py:183} INFO - Processing //home/kali/Desktop/projects/git/bank_data_processing/dags/dag_raw_cards.py took 0.761 seconds
[2024-07-16T05:42:43.533+0530] {processor.py:161} INFO - Started process (PID=41895) to work on //home/kali/Desktop/projects/git/bank_data_processing/dags/dag_raw_cards.py
[2024-07-16T05:42:43.536+0530] {processor.py:830} INFO - Processing file //home/kali/Desktop/projects/git/bank_data_processing/dags/dag_raw_cards.py for tasks to queue
[2024-07-16T05:42:43.540+0530] {logging_mixin.py:188} INFO - [2024-07-16T05:42:43.539+0530] {dagbag.py:545} INFO - Filling up the DagBag from //home/kali/Desktop/projects/git/bank_data_processing/dags/dag_raw_cards.py
[2024-07-16T05:42:44.090+0530] {logging_mixin.py:188} INFO - [2024-07-16T05:42:44.089+0530] {base.py:84} INFO - Using connection ID 'mysql_default' for task execution.
[2024-07-16T05:42:44.097+0530] {processor.py:840} INFO - DAG(s) 'raw_load_cards' retrieved from //home/kali/Desktop/projects/git/bank_data_processing/dags/dag_raw_cards.py
[2024-07-16T05:42:44.185+0530] {logging_mixin.py:188} INFO - [2024-07-16T05:42:44.184+0530] {dag.py:3096} INFO - Sync 1 DAGs
[2024-07-16T05:42:44.193+0530] {logging_mixin.py:188} INFO - [2024-07-16T05:42:44.192+0530] {dag.py:3954} INFO - Setting next_dagrun for raw_load_cards to None, run_after=None
[2024-07-16T05:42:44.217+0530] {processor.py:183} INFO - Processing //home/kali/Desktop/projects/git/bank_data_processing/dags/dag_raw_cards.py took 0.692 seconds
[2024-07-16T05:43:15.219+0530] {processor.py:161} INFO - Started process (PID=42618) to work on //home/kali/Desktop/projects/git/bank_data_processing/dags/dag_raw_cards.py
[2024-07-16T05:43:15.221+0530] {processor.py:830} INFO - Processing file //home/kali/Desktop/projects/git/bank_data_processing/dags/dag_raw_cards.py for tasks to queue
[2024-07-16T05:43:15.222+0530] {logging_mixin.py:188} INFO - [2024-07-16T05:43:15.222+0530] {dagbag.py:545} INFO - Filling up the DagBag from //home/kali/Desktop/projects/git/bank_data_processing/dags/dag_raw_cards.py
[2024-07-16T05:43:15.883+0530] {logging_mixin.py:188} INFO - [2024-07-16T05:43:15.882+0530] {base.py:84} INFO - Using connection ID 'mysql_default' for task execution.
[2024-07-16T05:43:15.894+0530] {processor.py:840} INFO - DAG(s) 'raw_load_cards' retrieved from //home/kali/Desktop/projects/git/bank_data_processing/dags/dag_raw_cards.py
[2024-07-16T05:43:16.040+0530] {logging_mixin.py:188} INFO - [2024-07-16T05:43:16.039+0530] {dag.py:3096} INFO - Sync 1 DAGs
[2024-07-16T05:43:16.053+0530] {logging_mixin.py:188} INFO - [2024-07-16T05:43:16.053+0530] {dag.py:3954} INFO - Setting next_dagrun for raw_load_cards to None, run_after=None
[2024-07-16T05:43:16.086+0530] {processor.py:183} INFO - Processing //home/kali/Desktop/projects/git/bank_data_processing/dags/dag_raw_cards.py took 0.879 seconds
[2024-07-16T05:43:47.352+0530] {processor.py:161} INFO - Started process (PID=43827) to work on //home/kali/Desktop/projects/git/bank_data_processing/dags/dag_raw_cards.py
[2024-07-16T05:43:47.357+0530] {processor.py:830} INFO - Processing file //home/kali/Desktop/projects/git/bank_data_processing/dags/dag_raw_cards.py for tasks to queue
[2024-07-16T05:43:47.361+0530] {logging_mixin.py:188} INFO - [2024-07-16T05:43:47.360+0530] {dagbag.py:545} INFO - Filling up the DagBag from //home/kali/Desktop/projects/git/bank_data_processing/dags/dag_raw_cards.py
[2024-07-16T05:43:48.292+0530] {logging_mixin.py:188} INFO - [2024-07-16T05:43:48.292+0530] {base.py:84} INFO - Using connection ID 'mysql_default' for task execution.
[2024-07-16T05:43:48.302+0530] {processor.py:840} INFO - DAG(s) 'raw_load_cards' retrieved from //home/kali/Desktop/projects/git/bank_data_processing/dags/dag_raw_cards.py
[2024-07-16T05:43:48.542+0530] {logging_mixin.py:188} INFO - [2024-07-16T05:43:48.541+0530] {dag.py:3096} INFO - Sync 1 DAGs
[2024-07-16T05:43:48.564+0530] {logging_mixin.py:188} INFO - [2024-07-16T05:43:48.564+0530] {dag.py:3954} INFO - Setting next_dagrun for raw_load_cards to None, run_after=None
[2024-07-16T05:43:48.615+0530] {processor.py:183} INFO - Processing //home/kali/Desktop/projects/git/bank_data_processing/dags/dag_raw_cards.py took 1.281 seconds
[2024-07-16T05:44:19.401+0530] {processor.py:161} INFO - Started process (PID=44817) to work on //home/kali/Desktop/projects/git/bank_data_processing/dags/dag_raw_cards.py
[2024-07-16T05:44:19.403+0530] {processor.py:830} INFO - Processing file //home/kali/Desktop/projects/git/bank_data_processing/dags/dag_raw_cards.py for tasks to queue
[2024-07-16T05:44:19.406+0530] {logging_mixin.py:188} INFO - [2024-07-16T05:44:19.405+0530] {dagbag.py:545} INFO - Filling up the DagBag from //home/kali/Desktop/projects/git/bank_data_processing/dags/dag_raw_cards.py
[2024-07-16T05:44:20.020+0530] {logging_mixin.py:188} INFO - [2024-07-16T05:44:20.020+0530] {base.py:84} INFO - Using connection ID 'mysql_default' for task execution.
[2024-07-16T05:44:20.027+0530] {processor.py:840} INFO - DAG(s) 'raw_load_cards' retrieved from //home/kali/Desktop/projects/git/bank_data_processing/dags/dag_raw_cards.py
[2024-07-16T05:44:20.134+0530] {logging_mixin.py:188} INFO - [2024-07-16T05:44:20.134+0530] {dag.py:3096} INFO - Sync 1 DAGs
[2024-07-16T05:44:20.143+0530] {logging_mixin.py:188} INFO - [2024-07-16T05:44:20.143+0530] {dag.py:3954} INFO - Setting next_dagrun for raw_load_cards to None, run_after=None
[2024-07-16T05:44:20.166+0530] {processor.py:183} INFO - Processing //home/kali/Desktop/projects/git/bank_data_processing/dags/dag_raw_cards.py took 0.776 seconds
[2024-07-16T05:44:50.518+0530] {processor.py:161} INFO - Started process (PID=45611) to work on //home/kali/Desktop/projects/git/bank_data_processing/dags/dag_raw_cards.py
[2024-07-16T05:44:50.522+0530] {processor.py:830} INFO - Processing file //home/kali/Desktop/projects/git/bank_data_processing/dags/dag_raw_cards.py for tasks to queue
[2024-07-16T05:44:50.523+0530] {logging_mixin.py:188} INFO - [2024-07-16T05:44:50.522+0530] {dagbag.py:545} INFO - Filling up the DagBag from //home/kali/Desktop/projects/git/bank_data_processing/dags/dag_raw_cards.py
[2024-07-16T05:44:51.232+0530] {logging_mixin.py:188} INFO - [2024-07-16T05:44:51.232+0530] {base.py:84} INFO - Using connection ID 'mysql_default' for task execution.
[2024-07-16T05:44:51.243+0530] {processor.py:840} INFO - DAG(s) 'raw_load_cards' retrieved from //home/kali/Desktop/projects/git/bank_data_processing/dags/dag_raw_cards.py
[2024-07-16T05:44:51.358+0530] {logging_mixin.py:188} INFO - [2024-07-16T05:44:51.357+0530] {dag.py:3096} INFO - Sync 1 DAGs
[2024-07-16T05:44:51.367+0530] {logging_mixin.py:188} INFO - [2024-07-16T05:44:51.367+0530] {dag.py:3954} INFO - Setting next_dagrun for raw_load_cards to None, run_after=None
[2024-07-16T05:44:51.398+0530] {processor.py:183} INFO - Processing //home/kali/Desktop/projects/git/bank_data_processing/dags/dag_raw_cards.py took 0.888 seconds
[2024-07-16T05:45:21.654+0530] {processor.py:161} INFO - Started process (PID=46110) to work on //home/kali/Desktop/projects/git/bank_data_processing/dags/dag_raw_cards.py
[2024-07-16T05:45:21.657+0530] {processor.py:830} INFO - Processing file //home/kali/Desktop/projects/git/bank_data_processing/dags/dag_raw_cards.py for tasks to queue
[2024-07-16T05:45:21.657+0530] {logging_mixin.py:188} INFO - [2024-07-16T05:45:21.657+0530] {dagbag.py:545} INFO - Filling up the DagBag from //home/kali/Desktop/projects/git/bank_data_processing/dags/dag_raw_cards.py
[2024-07-16T05:45:22.292+0530] {logging_mixin.py:188} INFO - [2024-07-16T05:45:22.292+0530] {base.py:84} INFO - Using connection ID 'mysql_default' for task execution.
[2024-07-16T05:45:22.302+0530] {processor.py:840} INFO - DAG(s) 'raw_load_cards' retrieved from //home/kali/Desktop/projects/git/bank_data_processing/dags/dag_raw_cards.py
[2024-07-16T05:45:22.414+0530] {logging_mixin.py:188} INFO - [2024-07-16T05:45:22.414+0530] {dag.py:3096} INFO - Sync 1 DAGs
[2024-07-16T05:45:22.425+0530] {logging_mixin.py:188} INFO - [2024-07-16T05:45:22.425+0530] {dag.py:3954} INFO - Setting next_dagrun for raw_load_cards to None, run_after=None
[2024-07-16T05:45:22.452+0530] {processor.py:183} INFO - Processing //home/kali/Desktop/projects/git/bank_data_processing/dags/dag_raw_cards.py took 0.807 seconds
[2024-07-16T05:45:52.664+0530] {processor.py:161} INFO - Started process (PID=46674) to work on //home/kali/Desktop/projects/git/bank_data_processing/dags/dag_raw_cards.py
[2024-07-16T05:45:52.665+0530] {processor.py:830} INFO - Processing file //home/kali/Desktop/projects/git/bank_data_processing/dags/dag_raw_cards.py for tasks to queue
[2024-07-16T05:45:52.666+0530] {logging_mixin.py:188} INFO - [2024-07-16T05:45:52.665+0530] {dagbag.py:545} INFO - Filling up the DagBag from //home/kali/Desktop/projects/git/bank_data_processing/dags/dag_raw_cards.py
[2024-07-16T05:45:53.441+0530] {logging_mixin.py:188} INFO - [2024-07-16T05:45:53.440+0530] {base.py:84} INFO - Using connection ID 'mysql_default' for task execution.
[2024-07-16T05:45:53.449+0530] {processor.py:840} INFO - DAG(s) 'raw_load_cards' retrieved from //home/kali/Desktop/projects/git/bank_data_processing/dags/dag_raw_cards.py
[2024-07-16T05:45:53.606+0530] {logging_mixin.py:188} INFO - [2024-07-16T05:45:53.606+0530] {dag.py:3096} INFO - Sync 1 DAGs
[2024-07-16T05:45:53.617+0530] {logging_mixin.py:188} INFO - [2024-07-16T05:45:53.617+0530] {dag.py:3954} INFO - Setting next_dagrun for raw_load_cards to None, run_after=None
[2024-07-16T05:45:53.648+0530] {processor.py:183} INFO - Processing //home/kali/Desktop/projects/git/bank_data_processing/dags/dag_raw_cards.py took 0.995 seconds
[2024-07-16T05:46:23.817+0530] {processor.py:161} INFO - Started process (PID=47410) to work on //home/kali/Desktop/projects/git/bank_data_processing/dags/dag_raw_cards.py
[2024-07-16T05:46:23.821+0530] {processor.py:830} INFO - Processing file //home/kali/Desktop/projects/git/bank_data_processing/dags/dag_raw_cards.py for tasks to queue
[2024-07-16T05:46:23.823+0530] {logging_mixin.py:188} INFO - [2024-07-16T05:46:23.823+0530] {dagbag.py:545} INFO - Filling up the DagBag from //home/kali/Desktop/projects/git/bank_data_processing/dags/dag_raw_cards.py
[2024-07-16T05:46:24.850+0530] {logging_mixin.py:188} INFO - [2024-07-16T05:46:24.849+0530] {base.py:84} INFO - Using connection ID 'mysql_default' for task execution.
[2024-07-16T05:46:24.862+0530] {processor.py:840} INFO - DAG(s) 'raw_load_cards' retrieved from //home/kali/Desktop/projects/git/bank_data_processing/dags/dag_raw_cards.py
[2024-07-16T05:46:25.036+0530] {logging_mixin.py:188} INFO - [2024-07-16T05:46:25.034+0530] {dag.py:3096} INFO - Sync 1 DAGs
[2024-07-16T05:46:25.053+0530] {logging_mixin.py:188} INFO - [2024-07-16T05:46:25.053+0530] {dag.py:3954} INFO - Setting next_dagrun for raw_load_cards to None, run_after=None
[2024-07-16T05:46:25.086+0530] {processor.py:183} INFO - Processing //home/kali/Desktop/projects/git/bank_data_processing/dags/dag_raw_cards.py took 1.286 seconds
[2024-07-16T05:46:55.527+0530] {processor.py:161} INFO - Started process (PID=47916) to work on //home/kali/Desktop/projects/git/bank_data_processing/dags/dag_raw_cards.py
[2024-07-16T05:46:55.528+0530] {processor.py:830} INFO - Processing file //home/kali/Desktop/projects/git/bank_data_processing/dags/dag_raw_cards.py for tasks to queue
[2024-07-16T05:46:55.529+0530] {logging_mixin.py:188} INFO - [2024-07-16T05:46:55.528+0530] {dagbag.py:545} INFO - Filling up the DagBag from //home/kali/Desktop/projects/git/bank_data_processing/dags/dag_raw_cards.py
[2024-07-16T05:46:56.168+0530] {logging_mixin.py:188} INFO - [2024-07-16T05:46:56.168+0530] {base.py:84} INFO - Using connection ID 'mysql_default' for task execution.
[2024-07-16T05:46:56.176+0530] {processor.py:840} INFO - DAG(s) 'raw_load_cards' retrieved from //home/kali/Desktop/projects/git/bank_data_processing/dags/dag_raw_cards.py
[2024-07-16T05:46:56.277+0530] {logging_mixin.py:188} INFO - [2024-07-16T05:46:56.277+0530] {dag.py:3096} INFO - Sync 1 DAGs
[2024-07-16T05:46:56.287+0530] {logging_mixin.py:188} INFO - [2024-07-16T05:46:56.286+0530] {dag.py:3954} INFO - Setting next_dagrun for raw_load_cards to None, run_after=None
[2024-07-16T05:46:56.326+0530] {processor.py:183} INFO - Processing //home/kali/Desktop/projects/git/bank_data_processing/dags/dag_raw_cards.py took 0.807 seconds
[2024-07-16T05:47:26.536+0530] {processor.py:161} INFO - Started process (PID=48414) to work on //home/kali/Desktop/projects/git/bank_data_processing/dags/dag_raw_cards.py
[2024-07-16T05:47:26.538+0530] {processor.py:830} INFO - Processing file //home/kali/Desktop/projects/git/bank_data_processing/dags/dag_raw_cards.py for tasks to queue
[2024-07-16T05:47:26.539+0530] {logging_mixin.py:188} INFO - [2024-07-16T05:47:26.538+0530] {dagbag.py:545} INFO - Filling up the DagBag from //home/kali/Desktop/projects/git/bank_data_processing/dags/dag_raw_cards.py
[2024-07-16T05:47:27.285+0530] {logging_mixin.py:188} INFO - [2024-07-16T05:47:27.283+0530] {base.py:84} INFO - Using connection ID 'mysql_default' for task execution.
[2024-07-16T05:47:27.294+0530] {processor.py:840} INFO - DAG(s) 'raw_load_cards' retrieved from //home/kali/Desktop/projects/git/bank_data_processing/dags/dag_raw_cards.py
[2024-07-16T05:47:27.463+0530] {logging_mixin.py:188} INFO - [2024-07-16T05:47:27.462+0530] {dag.py:3096} INFO - Sync 1 DAGs
[2024-07-16T05:47:27.487+0530] {logging_mixin.py:188} INFO - [2024-07-16T05:47:27.486+0530] {dag.py:3954} INFO - Setting next_dagrun for raw_load_cards to None, run_after=None
[2024-07-16T05:47:27.527+0530] {processor.py:183} INFO - Processing //home/kali/Desktop/projects/git/bank_data_processing/dags/dag_raw_cards.py took 1.003 seconds
[2024-07-16T05:47:57.589+0530] {processor.py:161} INFO - Started process (PID=48915) to work on //home/kali/Desktop/projects/git/bank_data_processing/dags/dag_raw_cards.py
[2024-07-16T05:47:57.591+0530] {processor.py:830} INFO - Processing file //home/kali/Desktop/projects/git/bank_data_processing/dags/dag_raw_cards.py for tasks to queue
[2024-07-16T05:47:57.595+0530] {logging_mixin.py:188} INFO - [2024-07-16T05:47:57.594+0530] {dagbag.py:545} INFO - Filling up the DagBag from //home/kali/Desktop/projects/git/bank_data_processing/dags/dag_raw_cards.py
[2024-07-16T05:47:58.740+0530] {logging_mixin.py:188} INFO - [2024-07-16T05:47:58.739+0530] {base.py:84} INFO - Using connection ID 'mysql_default' for task execution.
[2024-07-16T05:47:58.755+0530] {processor.py:840} INFO - DAG(s) 'raw_load_cards' retrieved from //home/kali/Desktop/projects/git/bank_data_processing/dags/dag_raw_cards.py
[2024-07-16T05:47:58.932+0530] {logging_mixin.py:188} INFO - [2024-07-16T05:47:58.931+0530] {dag.py:3096} INFO - Sync 1 DAGs
[2024-07-16T05:47:58.947+0530] {logging_mixin.py:188} INFO - [2024-07-16T05:47:58.947+0530] {dag.py:3954} INFO - Setting next_dagrun for raw_load_cards to None, run_after=None
[2024-07-16T05:47:58.978+0530] {processor.py:183} INFO - Processing //home/kali/Desktop/projects/git/bank_data_processing/dags/dag_raw_cards.py took 1.397 seconds
[2024-07-16T05:48:29.050+0530] {processor.py:161} INFO - Started process (PID=49501) to work on //home/kali/Desktop/projects/git/bank_data_processing/dags/dag_raw_cards.py
[2024-07-16T05:48:29.051+0530] {processor.py:830} INFO - Processing file //home/kali/Desktop/projects/git/bank_data_processing/dags/dag_raw_cards.py for tasks to queue
[2024-07-16T05:48:29.053+0530] {logging_mixin.py:188} INFO - [2024-07-16T05:48:29.052+0530] {dagbag.py:545} INFO - Filling up the DagBag from //home/kali/Desktop/projects/git/bank_data_processing/dags/dag_raw_cards.py
[2024-07-16T05:48:29.749+0530] {logging_mixin.py:188} INFO - [2024-07-16T05:48:29.749+0530] {base.py:84} INFO - Using connection ID 'mysql_default' for task execution.
[2024-07-16T05:48:29.759+0530] {processor.py:840} INFO - DAG(s) 'raw_load_cards' retrieved from //home/kali/Desktop/projects/git/bank_data_processing/dags/dag_raw_cards.py
[2024-07-16T05:48:29.884+0530] {logging_mixin.py:188} INFO - [2024-07-16T05:48:29.883+0530] {dag.py:3096} INFO - Sync 1 DAGs
[2024-07-16T05:48:29.897+0530] {logging_mixin.py:188} INFO - [2024-07-16T05:48:29.896+0530] {dag.py:3954} INFO - Setting next_dagrun for raw_load_cards to None, run_after=None
[2024-07-16T05:48:29.928+0530] {processor.py:183} INFO - Processing //home/kali/Desktop/projects/git/bank_data_processing/dags/dag_raw_cards.py took 0.886 seconds
[2024-07-16T05:48:38.188+0530] {processor.py:161} INFO - Started process (PID=49923) to work on //home/kali/Desktop/projects/git/bank_data_processing/dags/dag_raw_cards.py
[2024-07-16T05:48:38.191+0530] {processor.py:830} INFO - Processing file //home/kali/Desktop/projects/git/bank_data_processing/dags/dag_raw_cards.py for tasks to queue
[2024-07-16T05:48:38.192+0530] {logging_mixin.py:188} INFO - [2024-07-16T05:48:38.192+0530] {dagbag.py:545} INFO - Filling up the DagBag from //home/kali/Desktop/projects/git/bank_data_processing/dags/dag_raw_cards.py
[2024-07-16T05:48:38.836+0530] {logging_mixin.py:188} INFO - [2024-07-16T05:48:38.836+0530] {base.py:84} INFO - Using connection ID 'mysql_default' for task execution.
[2024-07-16T05:48:38.840+0530] {processor.py:840} INFO - DAG(s) 'raw_load_cards' retrieved from //home/kali/Desktop/projects/git/bank_data_processing/dags/dag_raw_cards.py
[2024-07-16T05:48:38.843+0530] {logging_mixin.py:188} INFO - [2024-07-16T05:48:38.843+0530] {dag.py:3096} INFO - Sync 1 DAGs
[2024-07-16T05:48:38.854+0530] {logging_mixin.py:188} INFO - [2024-07-16T05:48:38.854+0530] {dag.py:3954} INFO - Setting next_dagrun for raw_load_cards to None, run_after=None
[2024-07-16T05:48:38.875+0530] {processor.py:183} INFO - Processing //home/kali/Desktop/projects/git/bank_data_processing/dags/dag_raw_cards.py took 0.699 seconds
[2024-07-16T05:49:10.072+0530] {processor.py:161} INFO - Started process (PID=50685) to work on //home/kali/Desktop/projects/git/bank_data_processing/dags/dag_raw_cards.py
[2024-07-16T05:49:10.073+0530] {processor.py:830} INFO - Processing file //home/kali/Desktop/projects/git/bank_data_processing/dags/dag_raw_cards.py for tasks to queue
[2024-07-16T05:49:10.074+0530] {logging_mixin.py:188} INFO - [2024-07-16T05:49:10.073+0530] {dagbag.py:545} INFO - Filling up the DagBag from //home/kali/Desktop/projects/git/bank_data_processing/dags/dag_raw_cards.py
[2024-07-16T05:49:10.782+0530] {logging_mixin.py:188} INFO - [2024-07-16T05:49:10.781+0530] {base.py:84} INFO - Using connection ID 'mysql_default' for task execution.
[2024-07-16T05:49:10.787+0530] {processor.py:840} INFO - DAG(s) 'raw_load_cards' retrieved from //home/kali/Desktop/projects/git/bank_data_processing/dags/dag_raw_cards.py
[2024-07-16T05:49:10.793+0530] {logging_mixin.py:188} INFO - [2024-07-16T05:49:10.790+0530] {dag.py:3096} INFO - Sync 1 DAGs
[2024-07-16T05:49:10.805+0530] {logging_mixin.py:188} INFO - [2024-07-16T05:49:10.805+0530] {dag.py:3954} INFO - Setting next_dagrun for raw_load_cards to None, run_after=None
[2024-07-16T05:49:10.837+0530] {processor.py:183} INFO - Processing //home/kali/Desktop/projects/git/bank_data_processing/dags/dag_raw_cards.py took 0.773 seconds
[2024-07-16T05:49:41.953+0530] {processor.py:161} INFO - Started process (PID=51509) to work on //home/kali/Desktop/projects/git/bank_data_processing/dags/dag_raw_cards.py
[2024-07-16T05:49:41.954+0530] {processor.py:830} INFO - Processing file //home/kali/Desktop/projects/git/bank_data_processing/dags/dag_raw_cards.py for tasks to queue
[2024-07-16T05:49:41.954+0530] {logging_mixin.py:188} INFO - [2024-07-16T05:49:41.954+0530] {dagbag.py:545} INFO - Filling up the DagBag from //home/kali/Desktop/projects/git/bank_data_processing/dags/dag_raw_cards.py
[2024-07-16T05:49:42.661+0530] {logging_mixin.py:188} INFO - [2024-07-16T05:49:42.660+0530] {base.py:84} INFO - Using connection ID 'mysql_default' for task execution.
[2024-07-16T05:49:42.665+0530] {processor.py:840} INFO - DAG(s) 'raw_load_cards' retrieved from //home/kali/Desktop/projects/git/bank_data_processing/dags/dag_raw_cards.py
[2024-07-16T05:49:42.812+0530] {logging_mixin.py:188} INFO - [2024-07-16T05:49:42.812+0530] {dag.py:3096} INFO - Sync 1 DAGs
[2024-07-16T05:49:42.824+0530] {logging_mixin.py:188} INFO - [2024-07-16T05:49:42.823+0530] {dag.py:3954} INFO - Setting next_dagrun for raw_load_cards to None, run_after=None
[2024-07-16T05:49:42.846+0530] {processor.py:183} INFO - Processing //home/kali/Desktop/projects/git/bank_data_processing/dags/dag_raw_cards.py took 0.900 seconds
[2024-07-16T05:50:13.234+0530] {processor.py:161} INFO - Started process (PID=52304) to work on //home/kali/Desktop/projects/git/bank_data_processing/dags/dag_raw_cards.py
[2024-07-16T05:50:13.236+0530] {processor.py:830} INFO - Processing file //home/kali/Desktop/projects/git/bank_data_processing/dags/dag_raw_cards.py for tasks to queue
[2024-07-16T05:50:13.237+0530] {logging_mixin.py:188} INFO - [2024-07-16T05:50:13.236+0530] {dagbag.py:545} INFO - Filling up the DagBag from //home/kali/Desktop/projects/git/bank_data_processing/dags/dag_raw_cards.py
[2024-07-16T05:50:14.324+0530] {logging_mixin.py:188} INFO - [2024-07-16T05:50:14.323+0530] {base.py:84} INFO - Using connection ID 'mysql_default' for task execution.
[2024-07-16T05:50:14.331+0530] {processor.py:840} INFO - DAG(s) 'raw_load_cards' retrieved from //home/kali/Desktop/projects/git/bank_data_processing/dags/dag_raw_cards.py
[2024-07-16T05:50:14.487+0530] {logging_mixin.py:188} INFO - [2024-07-16T05:50:14.487+0530] {dag.py:3096} INFO - Sync 1 DAGs
[2024-07-16T05:50:14.504+0530] {logging_mixin.py:188} INFO - [2024-07-16T05:50:14.503+0530] {dag.py:3954} INFO - Setting next_dagrun for raw_load_cards to None, run_after=None
[2024-07-16T05:50:14.541+0530] {processor.py:183} INFO - Processing //home/kali/Desktop/projects/git/bank_data_processing/dags/dag_raw_cards.py took 1.320 seconds
[2024-07-16T05:50:44.607+0530] {processor.py:161} INFO - Started process (PID=53341) to work on //home/kali/Desktop/projects/git/bank_data_processing/dags/dag_raw_cards.py
[2024-07-16T05:50:44.608+0530] {processor.py:830} INFO - Processing file //home/kali/Desktop/projects/git/bank_data_processing/dags/dag_raw_cards.py for tasks to queue
[2024-07-16T05:50:44.609+0530] {logging_mixin.py:188} INFO - [2024-07-16T05:50:44.609+0530] {dagbag.py:545} INFO - Filling up the DagBag from //home/kali/Desktop/projects/git/bank_data_processing/dags/dag_raw_cards.py
[2024-07-16T05:50:45.063+0530] {logging_mixin.py:188} INFO - [2024-07-16T05:50:45.062+0530] {base.py:84} INFO - Using connection ID 'mysql_default' for task execution.
[2024-07-16T05:50:45.067+0530] {processor.py:840} INFO - DAG(s) 'raw_load_cards' retrieved from //home/kali/Desktop/projects/git/bank_data_processing/dags/dag_raw_cards.py
[2024-07-16T05:50:45.152+0530] {logging_mixin.py:188} INFO - [2024-07-16T05:50:45.152+0530] {dag.py:3096} INFO - Sync 1 DAGs
[2024-07-16T05:50:45.161+0530] {logging_mixin.py:188} INFO - [2024-07-16T05:50:45.160+0530] {dag.py:3954} INFO - Setting next_dagrun for raw_load_cards to None, run_after=None
[2024-07-16T05:50:45.187+0530] {processor.py:183} INFO - Processing //home/kali/Desktop/projects/git/bank_data_processing/dags/dag_raw_cards.py took 0.586 seconds
[2024-07-16T05:51:15.914+0530] {processor.py:161} INFO - Started process (PID=54132) to work on //home/kali/Desktop/projects/git/bank_data_processing/dags/dag_raw_cards.py
[2024-07-16T05:51:15.916+0530] {processor.py:830} INFO - Processing file //home/kali/Desktop/projects/git/bank_data_processing/dags/dag_raw_cards.py for tasks to queue
[2024-07-16T05:51:15.917+0530] {logging_mixin.py:188} INFO - [2024-07-16T05:51:15.917+0530] {dagbag.py:545} INFO - Filling up the DagBag from //home/kali/Desktop/projects/git/bank_data_processing/dags/dag_raw_cards.py
[2024-07-16T05:51:16.595+0530] {logging_mixin.py:188} INFO - [2024-07-16T05:51:16.595+0530] {base.py:84} INFO - Using connection ID 'mysql_default' for task execution.
[2024-07-16T05:51:16.599+0530] {processor.py:840} INFO - DAG(s) 'raw_load_cards' retrieved from //home/kali/Desktop/projects/git/bank_data_processing/dags/dag_raw_cards.py
[2024-07-16T05:51:16.683+0530] {logging_mixin.py:188} INFO - [2024-07-16T05:51:16.682+0530] {dag.py:3096} INFO - Sync 1 DAGs
[2024-07-16T05:51:16.690+0530] {logging_mixin.py:188} INFO - [2024-07-16T05:51:16.690+0530] {dag.py:3954} INFO - Setting next_dagrun for raw_load_cards to None, run_after=None
[2024-07-16T05:51:16.713+0530] {processor.py:183} INFO - Processing //home/kali/Desktop/projects/git/bank_data_processing/dags/dag_raw_cards.py took 0.809 seconds
[2024-07-16T05:51:46.784+0530] {processor.py:161} INFO - Started process (PID=54756) to work on //home/kali/Desktop/projects/git/bank_data_processing/dags/dag_raw_cards.py
[2024-07-16T05:51:46.785+0530] {processor.py:830} INFO - Processing file //home/kali/Desktop/projects/git/bank_data_processing/dags/dag_raw_cards.py for tasks to queue
[2024-07-16T05:51:46.785+0530] {logging_mixin.py:188} INFO - [2024-07-16T05:51:46.785+0530] {dagbag.py:545} INFO - Filling up the DagBag from //home/kali/Desktop/projects/git/bank_data_processing/dags/dag_raw_cards.py
[2024-07-16T05:51:47.305+0530] {logging_mixin.py:188} INFO - [2024-07-16T05:51:47.305+0530] {base.py:84} INFO - Using connection ID 'mysql_default' for task execution.
[2024-07-16T05:51:47.309+0530] {processor.py:840} INFO - DAG(s) 'raw_load_cards' retrieved from //home/kali/Desktop/projects/git/bank_data_processing/dags/dag_raw_cards.py
[2024-07-16T05:51:47.403+0530] {logging_mixin.py:188} INFO - [2024-07-16T05:51:47.402+0530] {dag.py:3096} INFO - Sync 1 DAGs
[2024-07-16T05:51:47.411+0530] {logging_mixin.py:188} INFO - [2024-07-16T05:51:47.411+0530] {dag.py:3954} INFO - Setting next_dagrun for raw_load_cards to None, run_after=None
[2024-07-16T05:51:47.438+0530] {processor.py:183} INFO - Processing //home/kali/Desktop/projects/git/bank_data_processing/dags/dag_raw_cards.py took 0.661 seconds
[2024-07-16T05:52:17.977+0530] {processor.py:161} INFO - Started process (PID=55412) to work on //home/kali/Desktop/projects/git/bank_data_processing/dags/dag_raw_cards.py
[2024-07-16T05:52:17.978+0530] {processor.py:830} INFO - Processing file //home/kali/Desktop/projects/git/bank_data_processing/dags/dag_raw_cards.py for tasks to queue
[2024-07-16T05:52:17.979+0530] {logging_mixin.py:188} INFO - [2024-07-16T05:52:17.979+0530] {dagbag.py:545} INFO - Filling up the DagBag from //home/kali/Desktop/projects/git/bank_data_processing/dags/dag_raw_cards.py
[2024-07-16T05:52:18.657+0530] {logging_mixin.py:188} INFO - [2024-07-16T05:52:18.657+0530] {base.py:84} INFO - Using connection ID 'mysql_default' for task execution.
[2024-07-16T05:52:18.661+0530] {processor.py:840} INFO - DAG(s) 'raw_load_cards' retrieved from //home/kali/Desktop/projects/git/bank_data_processing/dags/dag_raw_cards.py
[2024-07-16T05:52:18.764+0530] {logging_mixin.py:188} INFO - [2024-07-16T05:52:18.764+0530] {dag.py:3096} INFO - Sync 1 DAGs
[2024-07-16T05:52:18.774+0530] {logging_mixin.py:188} INFO - [2024-07-16T05:52:18.774+0530] {dag.py:3954} INFO - Setting next_dagrun for raw_load_cards to None, run_after=None
[2024-07-16T05:52:18.802+0530] {processor.py:183} INFO - Processing //home/kali/Desktop/projects/git/bank_data_processing/dags/dag_raw_cards.py took 0.831 seconds
[2024-07-16T05:52:49.116+0530] {processor.py:161} INFO - Started process (PID=56239) to work on //home/kali/Desktop/projects/git/bank_data_processing/dags/dag_raw_cards.py
[2024-07-16T05:52:49.117+0530] {processor.py:830} INFO - Processing file //home/kali/Desktop/projects/git/bank_data_processing/dags/dag_raw_cards.py for tasks to queue
[2024-07-16T05:52:49.118+0530] {logging_mixin.py:188} INFO - [2024-07-16T05:52:49.118+0530] {dagbag.py:545} INFO - Filling up the DagBag from //home/kali/Desktop/projects/git/bank_data_processing/dags/dag_raw_cards.py
[2024-07-16T05:52:49.608+0530] {logging_mixin.py:188} INFO - [2024-07-16T05:52:49.608+0530] {base.py:84} INFO - Using connection ID 'mysql_default' for task execution.
[2024-07-16T05:52:49.612+0530] {processor.py:840} INFO - DAG(s) 'raw_load_cards' retrieved from //home/kali/Desktop/projects/git/bank_data_processing/dags/dag_raw_cards.py
[2024-07-16T05:52:49.692+0530] {logging_mixin.py:188} INFO - [2024-07-16T05:52:49.691+0530] {dag.py:3096} INFO - Sync 1 DAGs
[2024-07-16T05:52:49.699+0530] {logging_mixin.py:188} INFO - [2024-07-16T05:52:49.699+0530] {dag.py:3954} INFO - Setting next_dagrun for raw_load_cards to None, run_after=None
[2024-07-16T05:52:49.719+0530] {processor.py:183} INFO - Processing //home/kali/Desktop/projects/git/bank_data_processing/dags/dag_raw_cards.py took 0.612 seconds
[2024-07-16T05:53:19.989+0530] {processor.py:161} INFO - Started process (PID=56983) to work on //home/kali/Desktop/projects/git/bank_data_processing/dags/dag_raw_cards.py
[2024-07-16T05:53:19.990+0530] {processor.py:830} INFO - Processing file //home/kali/Desktop/projects/git/bank_data_processing/dags/dag_raw_cards.py for tasks to queue
[2024-07-16T05:53:19.990+0530] {logging_mixin.py:188} INFO - [2024-07-16T05:53:19.990+0530] {dagbag.py:545} INFO - Filling up the DagBag from //home/kali/Desktop/projects/git/bank_data_processing/dags/dag_raw_cards.py
[2024-07-16T05:53:20.464+0530] {logging_mixin.py:188} INFO - [2024-07-16T05:53:20.463+0530] {base.py:84} INFO - Using connection ID 'mysql_default' for task execution.
[2024-07-16T05:53:20.467+0530] {processor.py:840} INFO - DAG(s) 'raw_load_cards' retrieved from //home/kali/Desktop/projects/git/bank_data_processing/dags/dag_raw_cards.py
[2024-07-16T05:53:20.550+0530] {logging_mixin.py:188} INFO - [2024-07-16T05:53:20.550+0530] {dag.py:3096} INFO - Sync 1 DAGs
[2024-07-16T05:53:20.557+0530] {logging_mixin.py:188} INFO - [2024-07-16T05:53:20.557+0530] {dag.py:3954} INFO - Setting next_dagrun for raw_load_cards to None, run_after=None
[2024-07-16T05:53:20.574+0530] {processor.py:183} INFO - Processing //home/kali/Desktop/projects/git/bank_data_processing/dags/dag_raw_cards.py took 0.592 seconds
[2024-07-16T05:53:51.456+0530] {processor.py:161} INFO - Started process (PID=57679) to work on //home/kali/Desktop/projects/git/bank_data_processing/dags/dag_raw_cards.py
[2024-07-16T05:53:51.457+0530] {processor.py:830} INFO - Processing file //home/kali/Desktop/projects/git/bank_data_processing/dags/dag_raw_cards.py for tasks to queue
[2024-07-16T05:53:51.458+0530] {logging_mixin.py:188} INFO - [2024-07-16T05:53:51.458+0530] {dagbag.py:545} INFO - Filling up the DagBag from //home/kali/Desktop/projects/git/bank_data_processing/dags/dag_raw_cards.py
[2024-07-16T05:53:52.115+0530] {logging_mixin.py:188} INFO - [2024-07-16T05:53:52.115+0530] {base.py:84} INFO - Using connection ID 'mysql_default' for task execution.
[2024-07-16T05:53:52.119+0530] {processor.py:840} INFO - DAG(s) 'raw_load_cards' retrieved from //home/kali/Desktop/projects/git/bank_data_processing/dags/dag_raw_cards.py
[2024-07-16T05:53:52.220+0530] {logging_mixin.py:188} INFO - [2024-07-16T05:53:52.220+0530] {dag.py:3096} INFO - Sync 1 DAGs
[2024-07-16T05:53:52.229+0530] {logging_mixin.py:188} INFO - [2024-07-16T05:53:52.229+0530] {dag.py:3954} INFO - Setting next_dagrun for raw_load_cards to None, run_after=None
[2024-07-16T05:53:52.252+0530] {processor.py:183} INFO - Processing //home/kali/Desktop/projects/git/bank_data_processing/dags/dag_raw_cards.py took 0.803 seconds
[2024-07-16T05:54:22.644+0530] {processor.py:161} INFO - Started process (PID=58190) to work on //home/kali/Desktop/projects/git/bank_data_processing/dags/dag_raw_cards.py
[2024-07-16T05:54:22.645+0530] {processor.py:830} INFO - Processing file //home/kali/Desktop/projects/git/bank_data_processing/dags/dag_raw_cards.py for tasks to queue
[2024-07-16T05:54:22.646+0530] {logging_mixin.py:188} INFO - [2024-07-16T05:54:22.646+0530] {dagbag.py:545} INFO - Filling up the DagBag from //home/kali/Desktop/projects/git/bank_data_processing/dags/dag_raw_cards.py
[2024-07-16T05:54:23.130+0530] {logging_mixin.py:188} INFO - [2024-07-16T05:54:23.129+0530] {base.py:84} INFO - Using connection ID 'mysql_default' for task execution.
[2024-07-16T05:54:23.133+0530] {processor.py:840} INFO - DAG(s) 'raw_load_cards' retrieved from //home/kali/Desktop/projects/git/bank_data_processing/dags/dag_raw_cards.py
[2024-07-16T05:54:23.220+0530] {logging_mixin.py:188} INFO - [2024-07-16T05:54:23.219+0530] {dag.py:3096} INFO - Sync 1 DAGs
[2024-07-16T05:54:23.227+0530] {logging_mixin.py:188} INFO - [2024-07-16T05:54:23.227+0530] {dag.py:3954} INFO - Setting next_dagrun for raw_load_cards to None, run_after=None
[2024-07-16T05:54:23.248+0530] {processor.py:183} INFO - Processing //home/kali/Desktop/projects/git/bank_data_processing/dags/dag_raw_cards.py took 0.609 seconds
[2024-07-16T05:54:54.094+0530] {processor.py:161} INFO - Started process (PID=59142) to work on //home/kali/Desktop/projects/git/bank_data_processing/dags/dag_raw_cards.py
[2024-07-16T05:54:54.095+0530] {processor.py:830} INFO - Processing file //home/kali/Desktop/projects/git/bank_data_processing/dags/dag_raw_cards.py for tasks to queue
[2024-07-16T05:54:54.096+0530] {logging_mixin.py:188} INFO - [2024-07-16T05:54:54.095+0530] {dagbag.py:545} INFO - Filling up the DagBag from //home/kali/Desktop/projects/git/bank_data_processing/dags/dag_raw_cards.py
[2024-07-16T05:54:54.676+0530] {logging_mixin.py:188} INFO - [2024-07-16T05:54:54.676+0530] {base.py:84} INFO - Using connection ID 'mysql_default' for task execution.
[2024-07-16T05:54:54.679+0530] {processor.py:840} INFO - DAG(s) 'raw_load_cards' retrieved from //home/kali/Desktop/projects/git/bank_data_processing/dags/dag_raw_cards.py
[2024-07-16T05:54:54.774+0530] {logging_mixin.py:188} INFO - [2024-07-16T05:54:54.773+0530] {dag.py:3096} INFO - Sync 1 DAGs
[2024-07-16T05:54:54.782+0530] {logging_mixin.py:188} INFO - [2024-07-16T05:54:54.782+0530] {dag.py:3954} INFO - Setting next_dagrun for raw_load_cards to None, run_after=None
[2024-07-16T05:54:54.813+0530] {processor.py:183} INFO - Processing //home/kali/Desktop/projects/git/bank_data_processing/dags/dag_raw_cards.py took 0.726 seconds
[2024-07-16T05:55:25.695+0530] {processor.py:161} INFO - Started process (PID=59852) to work on //home/kali/Desktop/projects/git/bank_data_processing/dags/dag_raw_cards.py
[2024-07-16T05:55:25.699+0530] {processor.py:830} INFO - Processing file //home/kali/Desktop/projects/git/bank_data_processing/dags/dag_raw_cards.py for tasks to queue
[2024-07-16T05:55:25.701+0530] {logging_mixin.py:188} INFO - [2024-07-16T05:55:25.700+0530] {dagbag.py:545} INFO - Filling up the DagBag from //home/kali/Desktop/projects/git/bank_data_processing/dags/dag_raw_cards.py
[2024-07-16T05:55:26.521+0530] {logging_mixin.py:188} INFO - [2024-07-16T05:55:26.521+0530] {base.py:84} INFO - Using connection ID 'mysql_default' for task execution.
[2024-07-16T05:55:26.524+0530] {processor.py:840} INFO - DAG(s) 'raw_load_cards' retrieved from //home/kali/Desktop/projects/git/bank_data_processing/dags/dag_raw_cards.py
[2024-07-16T05:55:26.662+0530] {logging_mixin.py:188} INFO - [2024-07-16T05:55:26.662+0530] {dag.py:3096} INFO - Sync 1 DAGs
[2024-07-16T05:55:26.672+0530] {logging_mixin.py:188} INFO - [2024-07-16T05:55:26.671+0530] {dag.py:3954} INFO - Setting next_dagrun for raw_load_cards to None, run_after=None
[2024-07-16T05:55:26.697+0530] {processor.py:183} INFO - Processing //home/kali/Desktop/projects/git/bank_data_processing/dags/dag_raw_cards.py took 1.015 seconds
[2024-07-16T05:55:57.034+0530] {processor.py:161} INFO - Started process (PID=60635) to work on //home/kali/Desktop/projects/git/bank_data_processing/dags/dag_raw_cards.py
[2024-07-16T05:55:57.035+0530] {processor.py:830} INFO - Processing file //home/kali/Desktop/projects/git/bank_data_processing/dags/dag_raw_cards.py for tasks to queue
[2024-07-16T05:55:57.036+0530] {logging_mixin.py:188} INFO - [2024-07-16T05:55:57.036+0530] {dagbag.py:545} INFO - Filling up the DagBag from //home/kali/Desktop/projects/git/bank_data_processing/dags/dag_raw_cards.py
[2024-07-16T05:55:57.650+0530] {logging_mixin.py:188} INFO - [2024-07-16T05:55:57.649+0530] {base.py:84} INFO - Using connection ID 'mysql_default' for task execution.
[2024-07-16T05:55:57.653+0530] {processor.py:840} INFO - DAG(s) 'raw_load_cards' retrieved from //home/kali/Desktop/projects/git/bank_data_processing/dags/dag_raw_cards.py
[2024-07-16T05:55:57.743+0530] {logging_mixin.py:188} INFO - [2024-07-16T05:55:57.743+0530] {dag.py:3096} INFO - Sync 1 DAGs
[2024-07-16T05:55:57.750+0530] {logging_mixin.py:188} INFO - [2024-07-16T05:55:57.750+0530] {dag.py:3954} INFO - Setting next_dagrun for raw_load_cards to None, run_after=None
[2024-07-16T05:55:57.769+0530] {processor.py:183} INFO - Processing //home/kali/Desktop/projects/git/bank_data_processing/dags/dag_raw_cards.py took 0.741 seconds
[2024-07-16T05:56:28.063+0530] {processor.py:161} INFO - Started process (PID=61391) to work on //home/kali/Desktop/projects/git/bank_data_processing/dags/dag_raw_cards.py
[2024-07-16T05:56:28.065+0530] {processor.py:830} INFO - Processing file //home/kali/Desktop/projects/git/bank_data_processing/dags/dag_raw_cards.py for tasks to queue
[2024-07-16T05:56:28.066+0530] {logging_mixin.py:188} INFO - [2024-07-16T05:56:28.065+0530] {dagbag.py:545} INFO - Filling up the DagBag from //home/kali/Desktop/projects/git/bank_data_processing/dags/dag_raw_cards.py
[2024-07-16T05:56:28.919+0530] {logging_mixin.py:188} INFO - [2024-07-16T05:56:28.919+0530] {base.py:84} INFO - Using connection ID 'mysql_default' for task execution.
[2024-07-16T05:56:28.923+0530] {processor.py:840} INFO - DAG(s) 'raw_load_cards' retrieved from //home/kali/Desktop/projects/git/bank_data_processing/dags/dag_raw_cards.py
[2024-07-16T05:56:28.937+0530] {logging_mixin.py:188} INFO - [2024-07-16T05:56:28.937+0530] {dag.py:3096} INFO - Sync 1 DAGs
[2024-07-16T05:56:28.946+0530] {logging_mixin.py:188} INFO - [2024-07-16T05:56:28.946+0530] {dag.py:3954} INFO - Setting next_dagrun for raw_load_cards to None, run_after=None
[2024-07-16T05:56:28.962+0530] {processor.py:183} INFO - Processing //home/kali/Desktop/projects/git/bank_data_processing/dags/dag_raw_cards.py took 0.906 seconds
[2024-07-16T05:56:59.671+0530] {processor.py:161} INFO - Started process (PID=62140) to work on //home/kali/Desktop/projects/git/bank_data_processing/dags/dag_raw_cards.py
[2024-07-16T05:56:59.676+0530] {processor.py:830} INFO - Processing file //home/kali/Desktop/projects/git/bank_data_processing/dags/dag_raw_cards.py for tasks to queue
[2024-07-16T05:56:59.677+0530] {logging_mixin.py:188} INFO - [2024-07-16T05:56:59.677+0530] {dagbag.py:545} INFO - Filling up the DagBag from //home/kali/Desktop/projects/git/bank_data_processing/dags/dag_raw_cards.py
[2024-07-16T05:57:00.456+0530] {logging_mixin.py:188} INFO - [2024-07-16T05:57:00.456+0530] {base.py:84} INFO - Using connection ID 'mysql_default' for task execution.
[2024-07-16T05:57:00.462+0530] {processor.py:840} INFO - DAG(s) 'raw_load_cards' retrieved from //home/kali/Desktop/projects/git/bank_data_processing/dags/dag_raw_cards.py
[2024-07-16T05:57:00.468+0530] {logging_mixin.py:188} INFO - [2024-07-16T05:57:00.467+0530] {dag.py:3096} INFO - Sync 1 DAGs
[2024-07-16T05:57:00.487+0530] {logging_mixin.py:188} INFO - [2024-07-16T05:57:00.486+0530] {dag.py:3954} INFO - Setting next_dagrun for raw_load_cards to None, run_after=None
[2024-07-16T05:57:00.524+0530] {processor.py:183} INFO - Processing //home/kali/Desktop/projects/git/bank_data_processing/dags/dag_raw_cards.py took 0.865 seconds
