[2024-07-16T05:30:22.703+0530] {processor.py:161} INFO - Started process (PID=24694) to work on //home/kali/Desktop/projects/git/bank_data_processing/dags/dag_raw_cheques.py
[2024-07-16T05:30:22.704+0530] {processor.py:830} INFO - Processing file //home/kali/Desktop/projects/git/bank_data_processing/dags/dag_raw_cheques.py for tasks to queue
[2024-07-16T05:30:22.705+0530] {logging_mixin.py:188} INFO - [2024-07-16T05:30:22.705+0530] {dagbag.py:545} INFO - Filling up the DagBag from //home/kali/Desktop/projects/git/bank_data_processing/dags/dag_raw_cheques.py
[2024-07-16T05:30:23.594+0530] {logging_mixin.py:188} INFO - [2024-07-16T05:30:23.593+0530] {base.py:84} INFO - Using connection ID 'mysql_default' for task execution.
[2024-07-16T05:30:23.600+0530] {processor.py:840} INFO - DAG(s) 'raw_load_cheques' retrieved from //home/kali/Desktop/projects/git/bank_data_processing/dags/dag_raw_cheques.py
[2024-07-16T05:30:23.702+0530] {logging_mixin.py:188} INFO - [2024-07-16T05:30:23.702+0530] {dag.py:3096} INFO - Sync 1 DAGs
[2024-07-16T05:30:23.712+0530] {logging_mixin.py:188} INFO - [2024-07-16T05:30:23.712+0530] {dag.py:3954} INFO - Setting next_dagrun for raw_load_cheques to None, run_after=None
[2024-07-16T05:30:23.735+0530] {processor.py:183} INFO - Processing //home/kali/Desktop/projects/git/bank_data_processing/dags/dag_raw_cheques.py took 1.039 seconds
[2024-07-16T05:30:53.867+0530] {processor.py:161} INFO - Started process (PID=25211) to work on //home/kali/Desktop/projects/git/bank_data_processing/dags/dag_raw_cheques.py
[2024-07-16T05:30:53.870+0530] {processor.py:830} INFO - Processing file //home/kali/Desktop/projects/git/bank_data_processing/dags/dag_raw_cheques.py for tasks to queue
[2024-07-16T05:30:53.872+0530] {logging_mixin.py:188} INFO - [2024-07-16T05:30:53.872+0530] {dagbag.py:545} INFO - Filling up the DagBag from //home/kali/Desktop/projects/git/bank_data_processing/dags/dag_raw_cheques.py
[2024-07-16T05:30:54.470+0530] {logging_mixin.py:188} INFO - [2024-07-16T05:30:54.470+0530] {base.py:84} INFO - Using connection ID 'mysql_default' for task execution.
[2024-07-16T05:30:54.476+0530] {processor.py:840} INFO - DAG(s) 'raw_load_cheques' retrieved from //home/kali/Desktop/projects/git/bank_data_processing/dags/dag_raw_cheques.py
[2024-07-16T05:30:54.556+0530] {logging_mixin.py:188} INFO - [2024-07-16T05:30:54.555+0530] {dag.py:3096} INFO - Sync 1 DAGs
[2024-07-16T05:30:54.564+0530] {logging_mixin.py:188} INFO - [2024-07-16T05:30:54.564+0530] {dag.py:3954} INFO - Setting next_dagrun for raw_load_cheques to None, run_after=None
[2024-07-16T05:30:54.585+0530] {processor.py:183} INFO - Processing //home/kali/Desktop/projects/git/bank_data_processing/dags/dag_raw_cheques.py took 0.723 seconds
[2024-07-16T05:31:25.408+0530] {processor.py:161} INFO - Started process (PID=25965) to work on //home/kali/Desktop/projects/git/bank_data_processing/dags/dag_raw_cheques.py
[2024-07-16T05:31:25.409+0530] {processor.py:830} INFO - Processing file //home/kali/Desktop/projects/git/bank_data_processing/dags/dag_raw_cheques.py for tasks to queue
[2024-07-16T05:31:25.411+0530] {logging_mixin.py:188} INFO - [2024-07-16T05:31:25.410+0530] {dagbag.py:545} INFO - Filling up the DagBag from //home/kali/Desktop/projects/git/bank_data_processing/dags/dag_raw_cheques.py
[2024-07-16T05:31:25.875+0530] {logging_mixin.py:188} INFO - [2024-07-16T05:31:25.875+0530] {base.py:84} INFO - Using connection ID 'mysql_default' for task execution.
[2024-07-16T05:31:25.881+0530] {processor.py:840} INFO - DAG(s) 'raw_load_cheques' retrieved from //home/kali/Desktop/projects/git/bank_data_processing/dags/dag_raw_cheques.py
[2024-07-16T05:31:25.964+0530] {logging_mixin.py:188} INFO - [2024-07-16T05:31:25.963+0530] {dag.py:3096} INFO - Sync 1 DAGs
[2024-07-16T05:31:25.971+0530] {logging_mixin.py:188} INFO - [2024-07-16T05:31:25.971+0530] {dag.py:3954} INFO - Setting next_dagrun for raw_load_cheques to None, run_after=None
[2024-07-16T05:31:25.993+0530] {processor.py:183} INFO - Processing //home/kali/Desktop/projects/git/bank_data_processing/dags/dag_raw_cheques.py took 0.591 seconds
[2024-07-16T05:31:56.292+0530] {processor.py:161} INFO - Started process (PID=26662) to work on //home/kali/Desktop/projects/git/bank_data_processing/dags/dag_raw_cheques.py
[2024-07-16T05:31:56.293+0530] {processor.py:830} INFO - Processing file //home/kali/Desktop/projects/git/bank_data_processing/dags/dag_raw_cheques.py for tasks to queue
[2024-07-16T05:31:56.294+0530] {logging_mixin.py:188} INFO - [2024-07-16T05:31:56.294+0530] {dagbag.py:545} INFO - Filling up the DagBag from //home/kali/Desktop/projects/git/bank_data_processing/dags/dag_raw_cheques.py
[2024-07-16T05:31:56.843+0530] {logging_mixin.py:188} INFO - [2024-07-16T05:31:56.842+0530] {base.py:84} INFO - Using connection ID 'mysql_default' for task execution.
[2024-07-16T05:31:56.850+0530] {processor.py:840} INFO - DAG(s) 'raw_load_cheques' retrieved from //home/kali/Desktop/projects/git/bank_data_processing/dags/dag_raw_cheques.py
[2024-07-16T05:31:56.950+0530] {logging_mixin.py:188} INFO - [2024-07-16T05:31:56.950+0530] {dag.py:3096} INFO - Sync 1 DAGs
[2024-07-16T05:31:56.963+0530] {logging_mixin.py:188} INFO - [2024-07-16T05:31:56.963+0530] {dag.py:3954} INFO - Setting next_dagrun for raw_load_cheques to None, run_after=None
[2024-07-16T05:31:56.991+0530] {processor.py:183} INFO - Processing //home/kali/Desktop/projects/git/bank_data_processing/dags/dag_raw_cheques.py took 0.706 seconds
[2024-07-16T05:32:27.391+0530] {processor.py:161} INFO - Started process (PID=27452) to work on //home/kali/Desktop/projects/git/bank_data_processing/dags/dag_raw_cheques.py
[2024-07-16T05:32:27.392+0530] {processor.py:830} INFO - Processing file //home/kali/Desktop/projects/git/bank_data_processing/dags/dag_raw_cheques.py for tasks to queue
[2024-07-16T05:32:27.394+0530] {logging_mixin.py:188} INFO - [2024-07-16T05:32:27.393+0530] {dagbag.py:545} INFO - Filling up the DagBag from //home/kali/Desktop/projects/git/bank_data_processing/dags/dag_raw_cheques.py
[2024-07-16T05:32:27.925+0530] {logging_mixin.py:188} INFO - [2024-07-16T05:32:27.925+0530] {base.py:84} INFO - Using connection ID 'mysql_default' for task execution.
[2024-07-16T05:32:27.934+0530] {processor.py:840} INFO - DAG(s) 'raw_load_cheques' retrieved from //home/kali/Desktop/projects/git/bank_data_processing/dags/dag_raw_cheques.py
[2024-07-16T05:32:28.026+0530] {logging_mixin.py:188} INFO - [2024-07-16T05:32:28.025+0530] {dag.py:3096} INFO - Sync 1 DAGs
[2024-07-16T05:32:28.033+0530] {logging_mixin.py:188} INFO - [2024-07-16T05:32:28.033+0530] {dag.py:3954} INFO - Setting next_dagrun for raw_load_cheques to None, run_after=None
[2024-07-16T05:32:28.051+0530] {processor.py:183} INFO - Processing //home/kali/Desktop/projects/git/bank_data_processing/dags/dag_raw_cheques.py took 0.666 seconds
[2024-07-16T05:32:58.725+0530] {processor.py:161} INFO - Started process (PID=28152) to work on //home/kali/Desktop/projects/git/bank_data_processing/dags/dag_raw_cheques.py
[2024-07-16T05:32:58.726+0530] {processor.py:830} INFO - Processing file //home/kali/Desktop/projects/git/bank_data_processing/dags/dag_raw_cheques.py for tasks to queue
[2024-07-16T05:32:58.728+0530] {logging_mixin.py:188} INFO - [2024-07-16T05:32:58.728+0530] {dagbag.py:545} INFO - Filling up the DagBag from //home/kali/Desktop/projects/git/bank_data_processing/dags/dag_raw_cheques.py
[2024-07-16T05:32:59.428+0530] {logging_mixin.py:188} INFO - [2024-07-16T05:32:59.427+0530] {base.py:84} INFO - Using connection ID 'mysql_default' for task execution.
[2024-07-16T05:32:59.448+0530] {processor.py:840} INFO - DAG(s) 'raw_load_cheques' retrieved from //home/kali/Desktop/projects/git/bank_data_processing/dags/dag_raw_cheques.py
[2024-07-16T05:32:59.606+0530] {logging_mixin.py:188} INFO - [2024-07-16T05:32:59.604+0530] {dag.py:3096} INFO - Sync 1 DAGs
[2024-07-16T05:32:59.626+0530] {logging_mixin.py:188} INFO - [2024-07-16T05:32:59.625+0530] {dag.py:3954} INFO - Setting next_dagrun for raw_load_cheques to None, run_after=None
[2024-07-16T05:32:59.685+0530] {processor.py:183} INFO - Processing //home/kali/Desktop/projects/git/bank_data_processing/dags/dag_raw_cheques.py took 0.970 seconds
[2024-07-16T05:33:31.120+0530] {processor.py:161} INFO - Started process (PID=28932) to work on //home/kali/Desktop/projects/git/bank_data_processing/dags/dag_raw_cheques.py
[2024-07-16T05:33:31.121+0530] {processor.py:830} INFO - Processing file //home/kali/Desktop/projects/git/bank_data_processing/dags/dag_raw_cheques.py for tasks to queue
[2024-07-16T05:33:31.123+0530] {logging_mixin.py:188} INFO - [2024-07-16T05:33:31.123+0530] {dagbag.py:545} INFO - Filling up the DagBag from //home/kali/Desktop/projects/git/bank_data_processing/dags/dag_raw_cheques.py
[2024-07-16T05:33:31.654+0530] {logging_mixin.py:188} INFO - [2024-07-16T05:33:31.654+0530] {base.py:84} INFO - Using connection ID 'mysql_default' for task execution.
[2024-07-16T05:33:31.660+0530] {processor.py:840} INFO - DAG(s) 'raw_load_cheques' retrieved from //home/kali/Desktop/projects/git/bank_data_processing/dags/dag_raw_cheques.py
[2024-07-16T05:33:31.744+0530] {logging_mixin.py:188} INFO - [2024-07-16T05:33:31.744+0530] {dag.py:3096} INFO - Sync 1 DAGs
[2024-07-16T05:33:31.752+0530] {logging_mixin.py:188} INFO - [2024-07-16T05:33:31.752+0530] {dag.py:3954} INFO - Setting next_dagrun for raw_load_cheques to None, run_after=None
[2024-07-16T05:33:31.775+0530] {processor.py:183} INFO - Processing //home/kali/Desktop/projects/git/bank_data_processing/dags/dag_raw_cheques.py took 0.662 seconds
[2024-07-16T05:34:02.119+0530] {processor.py:161} INFO - Started process (PID=29642) to work on //home/kali/Desktop/projects/git/bank_data_processing/dags/dag_raw_cheques.py
[2024-07-16T05:34:02.122+0530] {processor.py:830} INFO - Processing file //home/kali/Desktop/projects/git/bank_data_processing/dags/dag_raw_cheques.py for tasks to queue
[2024-07-16T05:34:02.123+0530] {logging_mixin.py:188} INFO - [2024-07-16T05:34:02.123+0530] {dagbag.py:545} INFO - Filling up the DagBag from //home/kali/Desktop/projects/git/bank_data_processing/dags/dag_raw_cheques.py
[2024-07-16T05:34:02.621+0530] {logging_mixin.py:188} INFO - [2024-07-16T05:34:02.621+0530] {base.py:84} INFO - Using connection ID 'mysql_default' for task execution.
[2024-07-16T05:34:02.628+0530] {processor.py:840} INFO - DAG(s) 'raw_load_cheques' retrieved from //home/kali/Desktop/projects/git/bank_data_processing/dags/dag_raw_cheques.py
[2024-07-16T05:34:02.714+0530] {logging_mixin.py:188} INFO - [2024-07-16T05:34:02.714+0530] {dag.py:3096} INFO - Sync 1 DAGs
[2024-07-16T05:34:02.722+0530] {logging_mixin.py:188} INFO - [2024-07-16T05:34:02.722+0530] {dag.py:3954} INFO - Setting next_dagrun for raw_load_cheques to None, run_after=None
[2024-07-16T05:34:02.741+0530] {processor.py:183} INFO - Processing //home/kali/Desktop/projects/git/bank_data_processing/dags/dag_raw_cheques.py took 0.635 seconds
[2024-07-16T05:34:35.921+0530] {processor.py:161} INFO - Started process (PID=30508) to work on //home/kali/Desktop/projects/git/bank_data_processing/dags/dag_raw_cheques.py
[2024-07-16T05:34:35.923+0530] {processor.py:830} INFO - Processing file //home/kali/Desktop/projects/git/bank_data_processing/dags/dag_raw_cheques.py for tasks to queue
[2024-07-16T05:34:35.924+0530] {logging_mixin.py:188} INFO - [2024-07-16T05:34:35.924+0530] {dagbag.py:545} INFO - Filling up the DagBag from //home/kali/Desktop/projects/git/bank_data_processing/dags/dag_raw_cheques.py
[2024-07-16T05:34:36.487+0530] {logging_mixin.py:188} INFO - [2024-07-16T05:34:36.487+0530] {base.py:84} INFO - Using connection ID 'mysql_default' for task execution.
[2024-07-16T05:34:36.493+0530] {processor.py:840} INFO - DAG(s) 'raw_load_cheques' retrieved from //home/kali/Desktop/projects/git/bank_data_processing/dags/dag_raw_cheques.py
[2024-07-16T05:34:36.634+0530] {logging_mixin.py:188} INFO - [2024-07-16T05:34:36.633+0530] {dag.py:3096} INFO - Sync 1 DAGs
[2024-07-16T05:34:36.651+0530] {logging_mixin.py:188} INFO - [2024-07-16T05:34:36.651+0530] {dag.py:3954} INFO - Setting next_dagrun for raw_load_cheques to None, run_after=None
[2024-07-16T05:34:36.684+0530] {processor.py:183} INFO - Processing //home/kali/Desktop/projects/git/bank_data_processing/dags/dag_raw_cheques.py took 0.778 seconds
[2024-07-16T05:35:07.801+0530] {processor.py:161} INFO - Started process (PID=31220) to work on //home/kali/Desktop/projects/git/bank_data_processing/dags/dag_raw_cheques.py
[2024-07-16T05:35:07.802+0530] {processor.py:830} INFO - Processing file //home/kali/Desktop/projects/git/bank_data_processing/dags/dag_raw_cheques.py for tasks to queue
[2024-07-16T05:35:07.803+0530] {logging_mixin.py:188} INFO - [2024-07-16T05:35:07.803+0530] {dagbag.py:545} INFO - Filling up the DagBag from //home/kali/Desktop/projects/git/bank_data_processing/dags/dag_raw_cheques.py
[2024-07-16T05:35:08.397+0530] {logging_mixin.py:188} INFO - [2024-07-16T05:35:08.396+0530] {base.py:84} INFO - Using connection ID 'mysql_default' for task execution.
[2024-07-16T05:35:08.408+0530] {processor.py:840} INFO - DAG(s) 'raw_load_cheques' retrieved from //home/kali/Desktop/projects/git/bank_data_processing/dags/dag_raw_cheques.py
[2024-07-16T05:35:08.521+0530] {logging_mixin.py:188} INFO - [2024-07-16T05:35:08.521+0530] {dag.py:3096} INFO - Sync 1 DAGs
[2024-07-16T05:35:08.539+0530] {logging_mixin.py:188} INFO - [2024-07-16T05:35:08.539+0530] {dag.py:3954} INFO - Setting next_dagrun for raw_load_cheques to None, run_after=None
[2024-07-16T05:35:08.575+0530] {processor.py:183} INFO - Processing //home/kali/Desktop/projects/git/bank_data_processing/dags/dag_raw_cheques.py took 0.781 seconds
[2024-07-16T05:35:40.363+0530] {processor.py:161} INFO - Started process (PID=31993) to work on //home/kali/Desktop/projects/git/bank_data_processing/dags/dag_raw_cheques.py
[2024-07-16T05:35:40.364+0530] {processor.py:830} INFO - Processing file //home/kali/Desktop/projects/git/bank_data_processing/dags/dag_raw_cheques.py for tasks to queue
[2024-07-16T05:35:40.366+0530] {logging_mixin.py:188} INFO - [2024-07-16T05:35:40.366+0530] {dagbag.py:545} INFO - Filling up the DagBag from //home/kali/Desktop/projects/git/bank_data_processing/dags/dag_raw_cheques.py
[2024-07-16T05:35:40.834+0530] {logging_mixin.py:188} INFO - [2024-07-16T05:35:40.834+0530] {base.py:84} INFO - Using connection ID 'mysql_default' for task execution.
[2024-07-16T05:35:40.840+0530] {processor.py:840} INFO - DAG(s) 'raw_load_cheques' retrieved from //home/kali/Desktop/projects/git/bank_data_processing/dags/dag_raw_cheques.py
[2024-07-16T05:35:40.928+0530] {logging_mixin.py:188} INFO - [2024-07-16T05:35:40.927+0530] {dag.py:3096} INFO - Sync 1 DAGs
[2024-07-16T05:35:40.938+0530] {logging_mixin.py:188} INFO - [2024-07-16T05:35:40.938+0530] {dag.py:3954} INFO - Setting next_dagrun for raw_load_cheques to None, run_after=None
[2024-07-16T05:35:40.968+0530] {processor.py:183} INFO - Processing //home/kali/Desktop/projects/git/bank_data_processing/dags/dag_raw_cheques.py took 0.611 seconds
[2024-07-16T05:36:11.480+0530] {processor.py:161} INFO - Started process (PID=32830) to work on //home/kali/Desktop/projects/git/bank_data_processing/dags/dag_raw_cheques.py
[2024-07-16T05:36:11.482+0530] {processor.py:830} INFO - Processing file //home/kali/Desktop/projects/git/bank_data_processing/dags/dag_raw_cheques.py for tasks to queue
[2024-07-16T05:36:11.483+0530] {logging_mixin.py:188} INFO - [2024-07-16T05:36:11.483+0530] {dagbag.py:545} INFO - Filling up the DagBag from //home/kali/Desktop/projects/git/bank_data_processing/dags/dag_raw_cheques.py
[2024-07-16T05:36:12.142+0530] {logging_mixin.py:188} INFO - [2024-07-16T05:36:12.142+0530] {base.py:84} INFO - Using connection ID 'mysql_default' for task execution.
[2024-07-16T05:36:12.153+0530] {processor.py:840} INFO - DAG(s) 'raw_load_cheques' retrieved from //home/kali/Desktop/projects/git/bank_data_processing/dags/dag_raw_cheques.py
[2024-07-16T05:36:12.255+0530] {logging_mixin.py:188} INFO - [2024-07-16T05:36:12.255+0530] {dag.py:3096} INFO - Sync 1 DAGs
[2024-07-16T05:36:12.264+0530] {logging_mixin.py:188} INFO - [2024-07-16T05:36:12.264+0530] {dag.py:3954} INFO - Setting next_dagrun for raw_load_cheques to None, run_after=None
[2024-07-16T05:36:12.284+0530] {processor.py:183} INFO - Processing //home/kali/Desktop/projects/git/bank_data_processing/dags/dag_raw_cheques.py took 0.812 seconds
[2024-07-16T05:36:42.819+0530] {processor.py:161} INFO - Started process (PID=33464) to work on //home/kali/Desktop/projects/git/bank_data_processing/dags/dag_raw_cheques.py
[2024-07-16T05:36:42.821+0530] {processor.py:830} INFO - Processing file //home/kali/Desktop/projects/git/bank_data_processing/dags/dag_raw_cheques.py for tasks to queue
[2024-07-16T05:36:42.823+0530] {logging_mixin.py:188} INFO - [2024-07-16T05:36:42.822+0530] {dagbag.py:545} INFO - Filling up the DagBag from //home/kali/Desktop/projects/git/bank_data_processing/dags/dag_raw_cheques.py
[2024-07-16T05:36:43.326+0530] {logging_mixin.py:188} INFO - [2024-07-16T05:36:43.326+0530] {base.py:84} INFO - Using connection ID 'mysql_default' for task execution.
[2024-07-16T05:36:43.332+0530] {processor.py:840} INFO - DAG(s) 'raw_load_cheques' retrieved from //home/kali/Desktop/projects/git/bank_data_processing/dags/dag_raw_cheques.py
[2024-07-16T05:36:43.412+0530] {logging_mixin.py:188} INFO - [2024-07-16T05:36:43.412+0530] {dag.py:3096} INFO - Sync 1 DAGs
[2024-07-16T05:36:43.419+0530] {logging_mixin.py:188} INFO - [2024-07-16T05:36:43.419+0530] {dag.py:3954} INFO - Setting next_dagrun for raw_load_cheques to None, run_after=None
[2024-07-16T05:36:43.437+0530] {processor.py:183} INFO - Processing //home/kali/Desktop/projects/git/bank_data_processing/dags/dag_raw_cheques.py took 0.624 seconds
[2024-07-16T05:37:14.738+0530] {processor.py:161} INFO - Started process (PID=34141) to work on //home/kali/Desktop/projects/git/bank_data_processing/dags/dag_raw_cheques.py
[2024-07-16T05:37:14.738+0530] {processor.py:830} INFO - Processing file //home/kali/Desktop/projects/git/bank_data_processing/dags/dag_raw_cheques.py for tasks to queue
[2024-07-16T05:37:14.740+0530] {logging_mixin.py:188} INFO - [2024-07-16T05:37:14.740+0530] {dagbag.py:545} INFO - Filling up the DagBag from //home/kali/Desktop/projects/git/bank_data_processing/dags/dag_raw_cheques.py
[2024-07-16T05:37:15.581+0530] {logging_mixin.py:188} INFO - [2024-07-16T05:37:15.580+0530] {base.py:84} INFO - Using connection ID 'mysql_default' for task execution.
[2024-07-16T05:37:15.590+0530] {processor.py:840} INFO - DAG(s) 'raw_load_cheques' retrieved from //home/kali/Desktop/projects/git/bank_data_processing/dags/dag_raw_cheques.py
[2024-07-16T05:37:15.595+0530] {logging_mixin.py:188} INFO - [2024-07-16T05:37:15.593+0530] {dag.py:3096} INFO - Sync 1 DAGs
[2024-07-16T05:37:15.607+0530] {logging_mixin.py:188} INFO - [2024-07-16T05:37:15.607+0530] {dag.py:3954} INFO - Setting next_dagrun for raw_load_cheques to None, run_after=None
[2024-07-16T05:37:15.655+0530] {processor.py:183} INFO - Processing //home/kali/Desktop/projects/git/bank_data_processing/dags/dag_raw_cheques.py took 0.925 seconds
[2024-07-16T05:37:46.276+0530] {processor.py:161} INFO - Started process (PID=34805) to work on //home/kali/Desktop/projects/git/bank_data_processing/dags/dag_raw_cheques.py
[2024-07-16T05:37:46.276+0530] {processor.py:830} INFO - Processing file //home/kali/Desktop/projects/git/bank_data_processing/dags/dag_raw_cheques.py for tasks to queue
[2024-07-16T05:37:46.278+0530] {logging_mixin.py:188} INFO - [2024-07-16T05:37:46.278+0530] {dagbag.py:545} INFO - Filling up the DagBag from //home/kali/Desktop/projects/git/bank_data_processing/dags/dag_raw_cheques.py
[2024-07-16T05:37:46.783+0530] {logging_mixin.py:188} INFO - [2024-07-16T05:37:46.783+0530] {base.py:84} INFO - Using connection ID 'mysql_default' for task execution.
[2024-07-16T05:37:46.790+0530] {processor.py:840} INFO - DAG(s) 'raw_load_cheques' retrieved from //home/kali/Desktop/projects/git/bank_data_processing/dags/dag_raw_cheques.py
[2024-07-16T05:37:46.881+0530] {logging_mixin.py:188} INFO - [2024-07-16T05:37:46.881+0530] {dag.py:3096} INFO - Sync 1 DAGs
[2024-07-16T05:37:46.891+0530] {logging_mixin.py:188} INFO - [2024-07-16T05:37:46.891+0530] {dag.py:3954} INFO - Setting next_dagrun for raw_load_cheques to None, run_after=None
[2024-07-16T05:37:46.918+0530] {processor.py:183} INFO - Processing //home/kali/Desktop/projects/git/bank_data_processing/dags/dag_raw_cheques.py took 0.648 seconds
[2024-07-16T05:38:16.971+0530] {processor.py:161} INFO - Started process (PID=35520) to work on //home/kali/Desktop/projects/git/bank_data_processing/dags/dag_raw_cheques.py
[2024-07-16T05:38:16.972+0530] {processor.py:830} INFO - Processing file //home/kali/Desktop/projects/git/bank_data_processing/dags/dag_raw_cheques.py for tasks to queue
[2024-07-16T05:38:16.974+0530] {logging_mixin.py:188} INFO - [2024-07-16T05:38:16.974+0530] {dagbag.py:545} INFO - Filling up the DagBag from //home/kali/Desktop/projects/git/bank_data_processing/dags/dag_raw_cheques.py
[2024-07-16T05:38:17.674+0530] {logging_mixin.py:188} INFO - [2024-07-16T05:38:17.673+0530] {base.py:84} INFO - Using connection ID 'mysql_default' for task execution.
[2024-07-16T05:38:17.685+0530] {processor.py:840} INFO - DAG(s) 'raw_load_cheques' retrieved from //home/kali/Desktop/projects/git/bank_data_processing/dags/dag_raw_cheques.py
[2024-07-16T05:38:17.816+0530] {logging_mixin.py:188} INFO - [2024-07-16T05:38:17.816+0530] {dag.py:3096} INFO - Sync 1 DAGs
[2024-07-16T05:38:17.834+0530] {logging_mixin.py:188} INFO - [2024-07-16T05:38:17.833+0530] {dag.py:3954} INFO - Setting next_dagrun for raw_load_cheques to None, run_after=None
[2024-07-16T05:38:17.867+0530] {processor.py:183} INFO - Processing //home/kali/Desktop/projects/git/bank_data_processing/dags/dag_raw_cheques.py took 0.904 seconds
[2024-07-16T05:38:47.934+0530] {processor.py:161} INFO - Started process (PID=36222) to work on //home/kali/Desktop/projects/git/bank_data_processing/dags/dag_raw_cheques.py
[2024-07-16T05:38:47.939+0530] {processor.py:830} INFO - Processing file //home/kali/Desktop/projects/git/bank_data_processing/dags/dag_raw_cheques.py for tasks to queue
[2024-07-16T05:38:47.941+0530] {logging_mixin.py:188} INFO - [2024-07-16T05:38:47.941+0530] {dagbag.py:545} INFO - Filling up the DagBag from //home/kali/Desktop/projects/git/bank_data_processing/dags/dag_raw_cheques.py
[2024-07-16T05:38:48.576+0530] {logging_mixin.py:188} INFO - [2024-07-16T05:38:48.575+0530] {base.py:84} INFO - Using connection ID 'mysql_default' for task execution.
[2024-07-16T05:38:48.582+0530] {processor.py:840} INFO - DAG(s) 'raw_load_cheques' retrieved from //home/kali/Desktop/projects/git/bank_data_processing/dags/dag_raw_cheques.py
[2024-07-16T05:38:48.680+0530] {logging_mixin.py:188} INFO - [2024-07-16T05:38:48.680+0530] {dag.py:3096} INFO - Sync 1 DAGs
[2024-07-16T05:38:48.688+0530] {logging_mixin.py:188} INFO - [2024-07-16T05:38:48.688+0530] {dag.py:3954} INFO - Setting next_dagrun for raw_load_cheques to None, run_after=None
[2024-07-16T05:38:48.711+0530] {processor.py:183} INFO - Processing //home/kali/Desktop/projects/git/bank_data_processing/dags/dag_raw_cheques.py took 0.783 seconds
[2024-07-16T05:39:19.209+0530] {processor.py:161} INFO - Started process (PID=37027) to work on //home/kali/Desktop/projects/git/bank_data_processing/dags/dag_raw_cheques.py
[2024-07-16T05:39:19.211+0530] {processor.py:830} INFO - Processing file //home/kali/Desktop/projects/git/bank_data_processing/dags/dag_raw_cheques.py for tasks to queue
[2024-07-16T05:39:19.213+0530] {logging_mixin.py:188} INFO - [2024-07-16T05:39:19.212+0530] {dagbag.py:545} INFO - Filling up the DagBag from //home/kali/Desktop/projects/git/bank_data_processing/dags/dag_raw_cheques.py
[2024-07-16T05:39:19.859+0530] {logging_mixin.py:188} INFO - [2024-07-16T05:39:19.859+0530] {base.py:84} INFO - Using connection ID 'mysql_default' for task execution.
[2024-07-16T05:39:19.868+0530] {processor.py:840} INFO - DAG(s) 'raw_load_cheques' retrieved from //home/kali/Desktop/projects/git/bank_data_processing/dags/dag_raw_cheques.py
[2024-07-16T05:39:20.010+0530] {logging_mixin.py:188} INFO - [2024-07-16T05:39:20.009+0530] {dag.py:3096} INFO - Sync 1 DAGs
[2024-07-16T05:39:20.024+0530] {logging_mixin.py:188} INFO - [2024-07-16T05:39:20.023+0530] {dag.py:3954} INFO - Setting next_dagrun for raw_load_cheques to None, run_after=None
[2024-07-16T05:39:20.053+0530] {processor.py:183} INFO - Processing //home/kali/Desktop/projects/git/bank_data_processing/dags/dag_raw_cheques.py took 0.856 seconds
[2024-07-16T05:39:50.150+0530] {processor.py:161} INFO - Started process (PID=37829) to work on //home/kali/Desktop/projects/git/bank_data_processing/dags/dag_raw_cheques.py
[2024-07-16T05:39:50.151+0530] {processor.py:830} INFO - Processing file //home/kali/Desktop/projects/git/bank_data_processing/dags/dag_raw_cheques.py for tasks to queue
[2024-07-16T05:39:50.154+0530] {logging_mixin.py:188} INFO - [2024-07-16T05:39:50.154+0530] {dagbag.py:545} INFO - Filling up the DagBag from //home/kali/Desktop/projects/git/bank_data_processing/dags/dag_raw_cheques.py
[2024-07-16T05:39:50.695+0530] {logging_mixin.py:188} INFO - [2024-07-16T05:39:50.694+0530] {base.py:84} INFO - Using connection ID 'mysql_default' for task execution.
[2024-07-16T05:39:50.703+0530] {processor.py:840} INFO - DAG(s) 'raw_load_cheques' retrieved from //home/kali/Desktop/projects/git/bank_data_processing/dags/dag_raw_cheques.py
[2024-07-16T05:39:50.824+0530] {logging_mixin.py:188} INFO - [2024-07-16T05:39:50.823+0530] {dag.py:3096} INFO - Sync 1 DAGs
[2024-07-16T05:39:50.832+0530] {logging_mixin.py:188} INFO - [2024-07-16T05:39:50.832+0530] {dag.py:3954} INFO - Setting next_dagrun for raw_load_cheques to None, run_after=None
[2024-07-16T05:39:50.858+0530] {processor.py:183} INFO - Processing //home/kali/Desktop/projects/git/bank_data_processing/dags/dag_raw_cheques.py took 0.719 seconds
[2024-07-16T05:40:20.978+0530] {processor.py:161} INFO - Started process (PID=38573) to work on //home/kali/Desktop/projects/git/bank_data_processing/dags/dag_raw_cheques.py
[2024-07-16T05:40:20.979+0530] {processor.py:830} INFO - Processing file //home/kali/Desktop/projects/git/bank_data_processing/dags/dag_raw_cheques.py for tasks to queue
[2024-07-16T05:40:20.981+0530] {logging_mixin.py:188} INFO - [2024-07-16T05:40:20.980+0530] {dagbag.py:545} INFO - Filling up the DagBag from //home/kali/Desktop/projects/git/bank_data_processing/dags/dag_raw_cheques.py
[2024-07-16T05:40:21.677+0530] {logging_mixin.py:188} INFO - [2024-07-16T05:40:21.676+0530] {base.py:84} INFO - Using connection ID 'mysql_default' for task execution.
[2024-07-16T05:40:21.683+0530] {processor.py:840} INFO - DAG(s) 'raw_load_cheques' retrieved from //home/kali/Desktop/projects/git/bank_data_processing/dags/dag_raw_cheques.py
[2024-07-16T05:40:21.801+0530] {logging_mixin.py:188} INFO - [2024-07-16T05:40:21.801+0530] {dag.py:3096} INFO - Sync 1 DAGs
[2024-07-16T05:40:21.811+0530] {logging_mixin.py:188} INFO - [2024-07-16T05:40:21.811+0530] {dag.py:3954} INFO - Setting next_dagrun for raw_load_cheques to None, run_after=None
[2024-07-16T05:40:21.840+0530] {processor.py:183} INFO - Processing //home/kali/Desktop/projects/git/bank_data_processing/dags/dag_raw_cheques.py took 0.874 seconds
[2024-07-16T05:40:52.644+0530] {processor.py:161} INFO - Started process (PID=39278) to work on //home/kali/Desktop/projects/git/bank_data_processing/dags/dag_raw_cheques.py
[2024-07-16T05:40:52.647+0530] {processor.py:830} INFO - Processing file //home/kali/Desktop/projects/git/bank_data_processing/dags/dag_raw_cheques.py for tasks to queue
[2024-07-16T05:40:52.650+0530] {logging_mixin.py:188} INFO - [2024-07-16T05:40:52.649+0530] {dagbag.py:545} INFO - Filling up the DagBag from //home/kali/Desktop/projects/git/bank_data_processing/dags/dag_raw_cheques.py
[2024-07-16T05:40:53.282+0530] {logging_mixin.py:188} INFO - [2024-07-16T05:40:53.282+0530] {base.py:84} INFO - Using connection ID 'mysql_default' for task execution.
[2024-07-16T05:40:53.290+0530] {processor.py:840} INFO - DAG(s) 'raw_load_cheques' retrieved from //home/kali/Desktop/projects/git/bank_data_processing/dags/dag_raw_cheques.py
[2024-07-16T05:40:53.400+0530] {logging_mixin.py:188} INFO - [2024-07-16T05:40:53.400+0530] {dag.py:3096} INFO - Sync 1 DAGs
[2024-07-16T05:40:53.408+0530] {logging_mixin.py:188} INFO - [2024-07-16T05:40:53.408+0530] {dag.py:3954} INFO - Setting next_dagrun for raw_load_cheques to None, run_after=None
[2024-07-16T05:40:53.427+0530] {processor.py:183} INFO - Processing //home/kali/Desktop/projects/git/bank_data_processing/dags/dag_raw_cheques.py took 0.791 seconds
[2024-07-16T05:41:24.332+0530] {processor.py:161} INFO - Started process (PID=39967) to work on //home/kali/Desktop/projects/git/bank_data_processing/dags/dag_raw_cheques.py
[2024-07-16T05:41:24.333+0530] {processor.py:830} INFO - Processing file //home/kali/Desktop/projects/git/bank_data_processing/dags/dag_raw_cheques.py for tasks to queue
[2024-07-16T05:41:24.336+0530] {logging_mixin.py:188} INFO - [2024-07-16T05:41:24.335+0530] {dagbag.py:545} INFO - Filling up the DagBag from //home/kali/Desktop/projects/git/bank_data_processing/dags/dag_raw_cheques.py
[2024-07-16T05:41:24.809+0530] {logging_mixin.py:188} INFO - [2024-07-16T05:41:24.808+0530] {base.py:84} INFO - Using connection ID 'mysql_default' for task execution.
[2024-07-16T05:41:24.814+0530] {processor.py:840} INFO - DAG(s) 'raw_load_cheques' retrieved from //home/kali/Desktop/projects/git/bank_data_processing/dags/dag_raw_cheques.py
[2024-07-16T05:41:24.905+0530] {logging_mixin.py:188} INFO - [2024-07-16T05:41:24.905+0530] {dag.py:3096} INFO - Sync 1 DAGs
[2024-07-16T05:41:24.913+0530] {logging_mixin.py:188} INFO - [2024-07-16T05:41:24.913+0530] {dag.py:3954} INFO - Setting next_dagrun for raw_load_cheques to None, run_after=None
[2024-07-16T05:41:24.931+0530] {processor.py:183} INFO - Processing //home/kali/Desktop/projects/git/bank_data_processing/dags/dag_raw_cheques.py took 0.607 seconds
[2024-07-16T05:41:55.267+0530] {processor.py:161} INFO - Started process (PID=40782) to work on //home/kali/Desktop/projects/git/bank_data_processing/dags/dag_raw_cheques.py
[2024-07-16T05:41:55.268+0530] {processor.py:830} INFO - Processing file //home/kali/Desktop/projects/git/bank_data_processing/dags/dag_raw_cheques.py for tasks to queue
[2024-07-16T05:41:55.272+0530] {logging_mixin.py:188} INFO - [2024-07-16T05:41:55.271+0530] {dagbag.py:545} INFO - Filling up the DagBag from //home/kali/Desktop/projects/git/bank_data_processing/dags/dag_raw_cheques.py
[2024-07-16T05:41:55.778+0530] {logging_mixin.py:188} INFO - [2024-07-16T05:41:55.778+0530] {base.py:84} INFO - Using connection ID 'mysql_default' for task execution.
[2024-07-16T05:41:55.784+0530] {processor.py:840} INFO - DAG(s) 'raw_load_cheques' retrieved from //home/kali/Desktop/projects/git/bank_data_processing/dags/dag_raw_cheques.py
[2024-07-16T05:41:55.863+0530] {logging_mixin.py:188} INFO - [2024-07-16T05:41:55.863+0530] {dag.py:3096} INFO - Sync 1 DAGs
[2024-07-16T05:41:55.870+0530] {logging_mixin.py:188} INFO - [2024-07-16T05:41:55.870+0530] {dag.py:3954} INFO - Setting next_dagrun for raw_load_cheques to None, run_after=None
[2024-07-16T05:41:55.889+0530] {processor.py:183} INFO - Processing //home/kali/Desktop/projects/git/bank_data_processing/dags/dag_raw_cheques.py took 0.633 seconds
[2024-07-16T05:42:26.406+0530] {processor.py:161} INFO - Started process (PID=41571) to work on //home/kali/Desktop/projects/git/bank_data_processing/dags/dag_raw_cheques.py
[2024-07-16T05:42:26.408+0530] {processor.py:830} INFO - Processing file //home/kali/Desktop/projects/git/bank_data_processing/dags/dag_raw_cheques.py for tasks to queue
[2024-07-16T05:42:26.411+0530] {logging_mixin.py:188} INFO - [2024-07-16T05:42:26.411+0530] {dagbag.py:545} INFO - Filling up the DagBag from //home/kali/Desktop/projects/git/bank_data_processing/dags/dag_raw_cheques.py
[2024-07-16T05:42:27.193+0530] {logging_mixin.py:188} INFO - [2024-07-16T05:42:27.193+0530] {base.py:84} INFO - Using connection ID 'mysql_default' for task execution.
[2024-07-16T05:42:27.201+0530] {processor.py:840} INFO - DAG(s) 'raw_load_cheques' retrieved from //home/kali/Desktop/projects/git/bank_data_processing/dags/dag_raw_cheques.py
[2024-07-16T05:42:27.353+0530] {logging_mixin.py:188} INFO - [2024-07-16T05:42:27.353+0530] {dag.py:3096} INFO - Sync 1 DAGs
[2024-07-16T05:42:27.362+0530] {logging_mixin.py:188} INFO - [2024-07-16T05:42:27.362+0530] {dag.py:3954} INFO - Setting next_dagrun for raw_load_cheques to None, run_after=None
[2024-07-16T05:42:27.383+0530] {processor.py:183} INFO - Processing //home/kali/Desktop/projects/git/bank_data_processing/dags/dag_raw_cheques.py took 0.991 seconds
[2024-07-16T05:42:58.410+0530] {processor.py:161} INFO - Started process (PID=42312) to work on //home/kali/Desktop/projects/git/bank_data_processing/dags/dag_raw_cheques.py
[2024-07-16T05:42:58.416+0530] {processor.py:830} INFO - Processing file //home/kali/Desktop/projects/git/bank_data_processing/dags/dag_raw_cheques.py for tasks to queue
[2024-07-16T05:42:58.419+0530] {logging_mixin.py:188} INFO - [2024-07-16T05:42:58.419+0530] {dagbag.py:545} INFO - Filling up the DagBag from //home/kali/Desktop/projects/git/bank_data_processing/dags/dag_raw_cheques.py
[2024-07-16T05:42:59.004+0530] {logging_mixin.py:188} INFO - [2024-07-16T05:42:59.004+0530] {base.py:84} INFO - Using connection ID 'mysql_default' for task execution.
[2024-07-16T05:42:59.011+0530] {processor.py:840} INFO - DAG(s) 'raw_load_cheques' retrieved from //home/kali/Desktop/projects/git/bank_data_processing/dags/dag_raw_cheques.py
[2024-07-16T05:42:59.094+0530] {logging_mixin.py:188} INFO - [2024-07-16T05:42:59.093+0530] {dag.py:3096} INFO - Sync 1 DAGs
[2024-07-16T05:42:59.101+0530] {logging_mixin.py:188} INFO - [2024-07-16T05:42:59.101+0530] {dag.py:3954} INFO - Setting next_dagrun for raw_load_cheques to None, run_after=None
[2024-07-16T05:42:59.127+0530] {processor.py:183} INFO - Processing //home/kali/Desktop/projects/git/bank_data_processing/dags/dag_raw_cheques.py took 0.726 seconds
[2024-07-16T05:43:29.399+0530] {processor.py:161} INFO - Started process (PID=43249) to work on //home/kali/Desktop/projects/git/bank_data_processing/dags/dag_raw_cheques.py
[2024-07-16T05:43:29.402+0530] {processor.py:830} INFO - Processing file //home/kali/Desktop/projects/git/bank_data_processing/dags/dag_raw_cheques.py for tasks to queue
[2024-07-16T05:43:29.405+0530] {logging_mixin.py:188} INFO - [2024-07-16T05:43:29.404+0530] {dagbag.py:545} INFO - Filling up the DagBag from //home/kali/Desktop/projects/git/bank_data_processing/dags/dag_raw_cheques.py
[2024-07-16T05:43:29.851+0530] {logging_mixin.py:188} INFO - [2024-07-16T05:43:29.850+0530] {base.py:84} INFO - Using connection ID 'mysql_default' for task execution.
[2024-07-16T05:43:29.856+0530] {processor.py:840} INFO - DAG(s) 'raw_load_cheques' retrieved from //home/kali/Desktop/projects/git/bank_data_processing/dags/dag_raw_cheques.py
[2024-07-16T05:43:29.937+0530] {logging_mixin.py:188} INFO - [2024-07-16T05:43:29.936+0530] {dag.py:3096} INFO - Sync 1 DAGs
[2024-07-16T05:43:29.944+0530] {logging_mixin.py:188} INFO - [2024-07-16T05:43:29.944+0530] {dag.py:3954} INFO - Setting next_dagrun for raw_load_cheques to None, run_after=None
[2024-07-16T05:43:29.962+0530] {processor.py:183} INFO - Processing //home/kali/Desktop/projects/git/bank_data_processing/dags/dag_raw_cheques.py took 0.580 seconds
[2024-07-16T05:44:00.286+0530] {processor.py:161} INFO - Started process (PID=44373) to work on //home/kali/Desktop/projects/git/bank_data_processing/dags/dag_raw_cheques.py
[2024-07-16T05:44:00.287+0530] {processor.py:830} INFO - Processing file //home/kali/Desktop/projects/git/bank_data_processing/dags/dag_raw_cheques.py for tasks to queue
[2024-07-16T05:44:00.289+0530] {logging_mixin.py:188} INFO - [2024-07-16T05:44:00.289+0530] {dagbag.py:545} INFO - Filling up the DagBag from //home/kali/Desktop/projects/git/bank_data_processing/dags/dag_raw_cheques.py
[2024-07-16T05:44:00.890+0530] {logging_mixin.py:188} INFO - [2024-07-16T05:44:00.889+0530] {base.py:84} INFO - Using connection ID 'mysql_default' for task execution.
[2024-07-16T05:44:00.898+0530] {processor.py:840} INFO - DAG(s) 'raw_load_cheques' retrieved from //home/kali/Desktop/projects/git/bank_data_processing/dags/dag_raw_cheques.py
[2024-07-16T05:44:01.042+0530] {logging_mixin.py:188} INFO - [2024-07-16T05:44:01.042+0530] {dag.py:3096} INFO - Sync 1 DAGs
[2024-07-16T05:44:01.057+0530] {logging_mixin.py:188} INFO - [2024-07-16T05:44:01.056+0530] {dag.py:3954} INFO - Setting next_dagrun for raw_load_cheques to None, run_after=None
[2024-07-16T05:44:01.088+0530] {processor.py:183} INFO - Processing //home/kali/Desktop/projects/git/bank_data_processing/dags/dag_raw_cheques.py took 0.813 seconds
[2024-07-16T05:44:32.283+0530] {processor.py:161} INFO - Started process (PID=45282) to work on //home/kali/Desktop/projects/git/bank_data_processing/dags/dag_raw_cheques.py
[2024-07-16T05:44:32.286+0530] {processor.py:830} INFO - Processing file //home/kali/Desktop/projects/git/bank_data_processing/dags/dag_raw_cheques.py for tasks to queue
[2024-07-16T05:44:32.287+0530] {logging_mixin.py:188} INFO - [2024-07-16T05:44:32.287+0530] {dagbag.py:545} INFO - Filling up the DagBag from //home/kali/Desktop/projects/git/bank_data_processing/dags/dag_raw_cheques.py
[2024-07-16T05:44:33.051+0530] {logging_mixin.py:188} INFO - [2024-07-16T05:44:33.051+0530] {base.py:84} INFO - Using connection ID 'mysql_default' for task execution.
[2024-07-16T05:44:33.058+0530] {processor.py:840} INFO - DAG(s) 'raw_load_cheques' retrieved from //home/kali/Desktop/projects/git/bank_data_processing/dags/dag_raw_cheques.py
[2024-07-16T05:44:33.184+0530] {logging_mixin.py:188} INFO - [2024-07-16T05:44:33.183+0530] {dag.py:3096} INFO - Sync 1 DAGs
[2024-07-16T05:44:33.196+0530] {logging_mixin.py:188} INFO - [2024-07-16T05:44:33.195+0530] {dag.py:3954} INFO - Setting next_dagrun for raw_load_cheques to None, run_after=None
[2024-07-16T05:44:33.227+0530] {processor.py:183} INFO - Processing //home/kali/Desktop/projects/git/bank_data_processing/dags/dag_raw_cheques.py took 0.956 seconds
[2024-07-16T05:45:03.553+0530] {processor.py:161} INFO - Started process (PID=45906) to work on //home/kali/Desktop/projects/git/bank_data_processing/dags/dag_raw_cheques.py
[2024-07-16T05:45:03.554+0530] {processor.py:830} INFO - Processing file //home/kali/Desktop/projects/git/bank_data_processing/dags/dag_raw_cheques.py for tasks to queue
[2024-07-16T05:45:03.555+0530] {logging_mixin.py:188} INFO - [2024-07-16T05:45:03.555+0530] {dagbag.py:545} INFO - Filling up the DagBag from //home/kali/Desktop/projects/git/bank_data_processing/dags/dag_raw_cheques.py
[2024-07-16T05:45:04.063+0530] {logging_mixin.py:188} INFO - [2024-07-16T05:45:04.062+0530] {base.py:84} INFO - Using connection ID 'mysql_default' for task execution.
[2024-07-16T05:45:04.071+0530] {processor.py:840} INFO - DAG(s) 'raw_load_cheques' retrieved from //home/kali/Desktop/projects/git/bank_data_processing/dags/dag_raw_cheques.py
[2024-07-16T05:45:04.164+0530] {logging_mixin.py:188} INFO - [2024-07-16T05:45:04.163+0530] {dag.py:3096} INFO - Sync 1 DAGs
[2024-07-16T05:45:04.174+0530] {logging_mixin.py:188} INFO - [2024-07-16T05:45:04.174+0530] {dag.py:3954} INFO - Setting next_dagrun for raw_load_cheques to None, run_after=None
[2024-07-16T05:45:04.197+0530] {processor.py:183} INFO - Processing //home/kali/Desktop/projects/git/bank_data_processing/dags/dag_raw_cheques.py took 0.653 seconds
[2024-07-16T05:45:35.003+0530] {processor.py:161} INFO - Started process (PID=46397) to work on //home/kali/Desktop/projects/git/bank_data_processing/dags/dag_raw_cheques.py
[2024-07-16T05:45:35.004+0530] {processor.py:830} INFO - Processing file //home/kali/Desktop/projects/git/bank_data_processing/dags/dag_raw_cheques.py for tasks to queue
[2024-07-16T05:45:35.005+0530] {logging_mixin.py:188} INFO - [2024-07-16T05:45:35.005+0530] {dagbag.py:545} INFO - Filling up the DagBag from //home/kali/Desktop/projects/git/bank_data_processing/dags/dag_raw_cheques.py
[2024-07-16T05:45:35.556+0530] {logging_mixin.py:188} INFO - [2024-07-16T05:45:35.555+0530] {base.py:84} INFO - Using connection ID 'mysql_default' for task execution.
[2024-07-16T05:45:35.565+0530] {processor.py:840} INFO - DAG(s) 'raw_load_cheques' retrieved from //home/kali/Desktop/projects/git/bank_data_processing/dags/dag_raw_cheques.py
[2024-07-16T05:45:35.697+0530] {logging_mixin.py:188} INFO - [2024-07-16T05:45:35.696+0530] {dag.py:3096} INFO - Sync 1 DAGs
[2024-07-16T05:45:35.706+0530] {logging_mixin.py:188} INFO - [2024-07-16T05:45:35.706+0530] {dag.py:3954} INFO - Setting next_dagrun for raw_load_cheques to None, run_after=None
[2024-07-16T05:45:35.738+0530] {processor.py:183} INFO - Processing //home/kali/Desktop/projects/git/bank_data_processing/dags/dag_raw_cheques.py took 0.748 seconds
[2024-07-16T05:46:06.949+0530] {processor.py:161} INFO - Started process (PID=47206) to work on //home/kali/Desktop/projects/git/bank_data_processing/dags/dag_raw_cheques.py
[2024-07-16T05:46:06.950+0530] {processor.py:830} INFO - Processing file //home/kali/Desktop/projects/git/bank_data_processing/dags/dag_raw_cheques.py for tasks to queue
[2024-07-16T05:46:06.952+0530] {logging_mixin.py:188} INFO - [2024-07-16T05:46:06.951+0530] {dagbag.py:545} INFO - Filling up the DagBag from //home/kali/Desktop/projects/git/bank_data_processing/dags/dag_raw_cheques.py
[2024-07-16T05:46:07.715+0530] {logging_mixin.py:188} INFO - [2024-07-16T05:46:07.714+0530] {base.py:84} INFO - Using connection ID 'mysql_default' for task execution.
[2024-07-16T05:46:07.726+0530] {processor.py:840} INFO - DAG(s) 'raw_load_cheques' retrieved from //home/kali/Desktop/projects/git/bank_data_processing/dags/dag_raw_cheques.py
[2024-07-16T05:46:07.880+0530] {logging_mixin.py:188} INFO - [2024-07-16T05:46:07.880+0530] {dag.py:3096} INFO - Sync 1 DAGs
[2024-07-16T05:46:07.893+0530] {logging_mixin.py:188} INFO - [2024-07-16T05:46:07.893+0530] {dag.py:3954} INFO - Setting next_dagrun for raw_load_cheques to None, run_after=None
[2024-07-16T05:46:07.917+0530] {processor.py:183} INFO - Processing //home/kali/Desktop/projects/git/bank_data_processing/dags/dag_raw_cheques.py took 0.978 seconds
[2024-07-16T05:46:38.731+0530] {processor.py:161} INFO - Started process (PID=47725) to work on //home/kali/Desktop/projects/git/bank_data_processing/dags/dag_raw_cheques.py
[2024-07-16T05:46:38.733+0530] {processor.py:830} INFO - Processing file //home/kali/Desktop/projects/git/bank_data_processing/dags/dag_raw_cheques.py for tasks to queue
[2024-07-16T05:46:38.734+0530] {logging_mixin.py:188} INFO - [2024-07-16T05:46:38.734+0530] {dagbag.py:545} INFO - Filling up the DagBag from //home/kali/Desktop/projects/git/bank_data_processing/dags/dag_raw_cheques.py
[2024-07-16T05:46:39.353+0530] {logging_mixin.py:188} INFO - [2024-07-16T05:46:39.353+0530] {base.py:84} INFO - Using connection ID 'mysql_default' for task execution.
[2024-07-16T05:46:39.359+0530] {processor.py:840} INFO - DAG(s) 'raw_load_cheques' retrieved from //home/kali/Desktop/projects/git/bank_data_processing/dags/dag_raw_cheques.py
[2024-07-16T05:46:39.466+0530] {logging_mixin.py:188} INFO - [2024-07-16T05:46:39.466+0530] {dag.py:3096} INFO - Sync 1 DAGs
[2024-07-16T05:46:39.474+0530] {logging_mixin.py:188} INFO - [2024-07-16T05:46:39.474+0530] {dag.py:3954} INFO - Setting next_dagrun for raw_load_cheques to None, run_after=None
[2024-07-16T05:46:39.502+0530] {processor.py:183} INFO - Processing //home/kali/Desktop/projects/git/bank_data_processing/dags/dag_raw_cheques.py took 0.782 seconds
[2024-07-16T05:47:09.932+0530] {processor.py:161} INFO - Started process (PID=48233) to work on //home/kali/Desktop/projects/git/bank_data_processing/dags/dag_raw_cheques.py
[2024-07-16T05:47:09.935+0530] {processor.py:830} INFO - Processing file //home/kali/Desktop/projects/git/bank_data_processing/dags/dag_raw_cheques.py for tasks to queue
[2024-07-16T05:47:09.937+0530] {logging_mixin.py:188} INFO - [2024-07-16T05:47:09.936+0530] {dagbag.py:545} INFO - Filling up the DagBag from //home/kali/Desktop/projects/git/bank_data_processing/dags/dag_raw_cheques.py
[2024-07-16T05:47:10.518+0530] {logging_mixin.py:188} INFO - [2024-07-16T05:47:10.517+0530] {base.py:84} INFO - Using connection ID 'mysql_default' for task execution.
[2024-07-16T05:47:10.526+0530] {processor.py:840} INFO - DAG(s) 'raw_load_cheques' retrieved from //home/kali/Desktop/projects/git/bank_data_processing/dags/dag_raw_cheques.py
[2024-07-16T05:47:10.630+0530] {logging_mixin.py:188} INFO - [2024-07-16T05:47:10.629+0530] {dag.py:3096} INFO - Sync 1 DAGs
[2024-07-16T05:47:10.640+0530] {logging_mixin.py:188} INFO - [2024-07-16T05:47:10.639+0530] {dag.py:3954} INFO - Setting next_dagrun for raw_load_cheques to None, run_after=None
[2024-07-16T05:47:10.664+0530] {processor.py:183} INFO - Processing //home/kali/Desktop/projects/git/bank_data_processing/dags/dag_raw_cheques.py took 0.742 seconds
[2024-07-16T05:47:41.015+0530] {processor.py:161} INFO - Started process (PID=48730) to work on //home/kali/Desktop/projects/git/bank_data_processing/dags/dag_raw_cheques.py
[2024-07-16T05:47:41.016+0530] {processor.py:830} INFO - Processing file //home/kali/Desktop/projects/git/bank_data_processing/dags/dag_raw_cheques.py for tasks to queue
[2024-07-16T05:47:41.017+0530] {logging_mixin.py:188} INFO - [2024-07-16T05:47:41.017+0530] {dagbag.py:545} INFO - Filling up the DagBag from //home/kali/Desktop/projects/git/bank_data_processing/dags/dag_raw_cheques.py
[2024-07-16T05:47:41.549+0530] {logging_mixin.py:188} INFO - [2024-07-16T05:47:41.548+0530] {base.py:84} INFO - Using connection ID 'mysql_default' for task execution.
[2024-07-16T05:47:41.557+0530] {processor.py:840} INFO - DAG(s) 'raw_load_cheques' retrieved from //home/kali/Desktop/projects/git/bank_data_processing/dags/dag_raw_cheques.py
[2024-07-16T05:47:41.705+0530] {logging_mixin.py:188} INFO - [2024-07-16T05:47:41.704+0530] {dag.py:3096} INFO - Sync 1 DAGs
[2024-07-16T05:47:41.718+0530] {logging_mixin.py:188} INFO - [2024-07-16T05:47:41.717+0530] {dag.py:3954} INFO - Setting next_dagrun for raw_load_cheques to None, run_after=None
[2024-07-16T05:47:41.741+0530] {processor.py:183} INFO - Processing //home/kali/Desktop/projects/git/bank_data_processing/dags/dag_raw_cheques.py took 0.736 seconds
[2024-07-16T05:48:11.969+0530] {processor.py:161} INFO - Started process (PID=49233) to work on //home/kali/Desktop/projects/git/bank_data_processing/dags/dag_raw_cheques.py
[2024-07-16T05:48:11.973+0530] {processor.py:830} INFO - Processing file //home/kali/Desktop/projects/git/bank_data_processing/dags/dag_raw_cheques.py for tasks to queue
[2024-07-16T05:48:11.976+0530] {logging_mixin.py:188} INFO - [2024-07-16T05:48:11.975+0530] {dagbag.py:545} INFO - Filling up the DagBag from //home/kali/Desktop/projects/git/bank_data_processing/dags/dag_raw_cheques.py
[2024-07-16T05:48:12.597+0530] {logging_mixin.py:188} INFO - [2024-07-16T05:48:12.596+0530] {base.py:84} INFO - Using connection ID 'mysql_default' for task execution.
[2024-07-16T05:48:12.605+0530] {processor.py:840} INFO - DAG(s) 'raw_load_cheques' retrieved from //home/kali/Desktop/projects/git/bank_data_processing/dags/dag_raw_cheques.py
[2024-07-16T05:48:12.850+0530] {logging_mixin.py:188} INFO - [2024-07-16T05:48:12.849+0530] {dag.py:3096} INFO - Sync 1 DAGs
[2024-07-16T05:48:12.884+0530] {logging_mixin.py:188} INFO - [2024-07-16T05:48:12.883+0530] {dag.py:3954} INFO - Setting next_dagrun for raw_load_cheques to None, run_after=None
[2024-07-16T05:48:12.943+0530] {processor.py:183} INFO - Processing //home/kali/Desktop/projects/git/bank_data_processing/dags/dag_raw_cheques.py took 0.987 seconds
[2024-07-16T05:48:45.367+0530] {processor.py:161} INFO - Started process (PID=50300) to work on //home/kali/Desktop/projects/git/bank_data_processing/dags/dag_raw_cheques.py
[2024-07-16T05:48:45.370+0530] {processor.py:830} INFO - Processing file //home/kali/Desktop/projects/git/bank_data_processing/dags/dag_raw_cheques.py for tasks to queue
[2024-07-16T05:48:45.372+0530] {logging_mixin.py:188} INFO - [2024-07-16T05:48:45.371+0530] {dagbag.py:545} INFO - Filling up the DagBag from //home/kali/Desktop/projects/git/bank_data_processing/dags/dag_raw_cheques.py
[2024-07-16T05:48:46.211+0530] {logging_mixin.py:188} INFO - [2024-07-16T05:48:46.211+0530] {base.py:84} INFO - Using connection ID 'mysql_default' for task execution.
[2024-07-16T05:48:46.215+0530] {processor.py:840} INFO - DAG(s) 'raw_load_cheques' retrieved from //home/kali/Desktop/projects/git/bank_data_processing/dags/dag_raw_cheques.py
[2024-07-16T05:48:46.492+0530] {logging_mixin.py:188} INFO - [2024-07-16T05:48:46.491+0530] {dag.py:3096} INFO - Sync 1 DAGs
[2024-07-16T05:48:46.503+0530] {logging_mixin.py:188} INFO - [2024-07-16T05:48:46.502+0530] {dag.py:3954} INFO - Setting next_dagrun for raw_load_cheques to None, run_after=None
[2024-07-16T05:48:46.535+0530] {processor.py:183} INFO - Processing //home/kali/Desktop/projects/git/bank_data_processing/dags/dag_raw_cheques.py took 1.186 seconds
[2024-07-16T05:49:16.792+0530] {processor.py:161} INFO - Started process (PID=50925) to work on //home/kali/Desktop/projects/git/bank_data_processing/dags/dag_raw_cheques.py
[2024-07-16T05:49:16.793+0530] {processor.py:830} INFO - Processing file //home/kali/Desktop/projects/git/bank_data_processing/dags/dag_raw_cheques.py for tasks to queue
[2024-07-16T05:49:16.796+0530] {logging_mixin.py:188} INFO - [2024-07-16T05:49:16.794+0530] {dagbag.py:545} INFO - Filling up the DagBag from //home/kali/Desktop/projects/git/bank_data_processing/dags/dag_raw_cheques.py
[2024-07-16T05:49:17.457+0530] {logging_mixin.py:188} INFO - [2024-07-16T05:49:17.456+0530] {base.py:84} INFO - Using connection ID 'mysql_default' for task execution.
[2024-07-16T05:49:17.461+0530] {processor.py:840} INFO - DAG(s) 'raw_load_cheques' retrieved from //home/kali/Desktop/projects/git/bank_data_processing/dags/dag_raw_cheques.py
[2024-07-16T05:49:17.548+0530] {logging_mixin.py:188} INFO - [2024-07-16T05:49:17.547+0530] {dag.py:3096} INFO - Sync 1 DAGs
[2024-07-16T05:49:17.555+0530] {logging_mixin.py:188} INFO - [2024-07-16T05:49:17.555+0530] {dag.py:3954} INFO - Setting next_dagrun for raw_load_cheques to None, run_after=None
[2024-07-16T05:49:17.574+0530] {processor.py:183} INFO - Processing //home/kali/Desktop/projects/git/bank_data_processing/dags/dag_raw_cheques.py took 0.791 seconds
[2024-07-16T05:49:48.941+0530] {processor.py:161} INFO - Started process (PID=51791) to work on //home/kali/Desktop/projects/git/bank_data_processing/dags/dag_raw_cheques.py
[2024-07-16T05:49:48.943+0530] {processor.py:830} INFO - Processing file //home/kali/Desktop/projects/git/bank_data_processing/dags/dag_raw_cheques.py for tasks to queue
[2024-07-16T05:49:48.944+0530] {logging_mixin.py:188} INFO - [2024-07-16T05:49:48.944+0530] {dagbag.py:545} INFO - Filling up the DagBag from //home/kali/Desktop/projects/git/bank_data_processing/dags/dag_raw_cheques.py
[2024-07-16T05:49:49.489+0530] {logging_mixin.py:188} INFO - [2024-07-16T05:49:49.488+0530] {base.py:84} INFO - Using connection ID 'mysql_default' for task execution.
[2024-07-16T05:49:49.493+0530] {processor.py:840} INFO - DAG(s) 'raw_load_cheques' retrieved from //home/kali/Desktop/projects/git/bank_data_processing/dags/dag_raw_cheques.py
[2024-07-16T05:49:49.583+0530] {logging_mixin.py:188} INFO - [2024-07-16T05:49:49.582+0530] {dag.py:3096} INFO - Sync 1 DAGs
[2024-07-16T05:49:49.589+0530] {logging_mixin.py:188} INFO - [2024-07-16T05:49:49.589+0530] {dag.py:3954} INFO - Setting next_dagrun for raw_load_cheques to None, run_after=None
[2024-07-16T05:49:49.613+0530] {processor.py:183} INFO - Processing //home/kali/Desktop/projects/git/bank_data_processing/dags/dag_raw_cheques.py took 0.682 seconds
[2024-07-16T05:50:22.363+0530] {processor.py:161} INFO - Started process (PID=52832) to work on //home/kali/Desktop/projects/git/bank_data_processing/dags/dag_raw_cheques.py
[2024-07-16T05:50:22.364+0530] {processor.py:830} INFO - Processing file //home/kali/Desktop/projects/git/bank_data_processing/dags/dag_raw_cheques.py for tasks to queue
[2024-07-16T05:50:22.365+0530] {logging_mixin.py:188} INFO - [2024-07-16T05:50:22.364+0530] {dagbag.py:545} INFO - Filling up the DagBag from //home/kali/Desktop/projects/git/bank_data_processing/dags/dag_raw_cheques.py
[2024-07-16T05:50:22.887+0530] {logging_mixin.py:188} INFO - [2024-07-16T05:50:22.887+0530] {base.py:84} INFO - Using connection ID 'mysql_default' for task execution.
[2024-07-16T05:50:22.891+0530] {processor.py:840} INFO - DAG(s) 'raw_load_cheques' retrieved from //home/kali/Desktop/projects/git/bank_data_processing/dags/dag_raw_cheques.py
[2024-07-16T05:50:22.983+0530] {logging_mixin.py:188} INFO - [2024-07-16T05:50:22.983+0530] {dag.py:3096} INFO - Sync 1 DAGs
[2024-07-16T05:50:22.991+0530] {logging_mixin.py:188} INFO - [2024-07-16T05:50:22.991+0530] {dag.py:3954} INFO - Setting next_dagrun for raw_load_cheques to None, run_after=None
[2024-07-16T05:50:23.013+0530] {processor.py:183} INFO - Processing //home/kali/Desktop/projects/git/bank_data_processing/dags/dag_raw_cheques.py took 0.659 seconds
[2024-07-16T05:50:53.513+0530] {processor.py:161} INFO - Started process (PID=53640) to work on //home/kali/Desktop/projects/git/bank_data_processing/dags/dag_raw_cheques.py
[2024-07-16T05:50:53.514+0530] {processor.py:830} INFO - Processing file //home/kali/Desktop/projects/git/bank_data_processing/dags/dag_raw_cheques.py for tasks to queue
[2024-07-16T05:50:53.515+0530] {logging_mixin.py:188} INFO - [2024-07-16T05:50:53.515+0530] {dagbag.py:545} INFO - Filling up the DagBag from //home/kali/Desktop/projects/git/bank_data_processing/dags/dag_raw_cheques.py
[2024-07-16T05:50:54.141+0530] {logging_mixin.py:188} INFO - [2024-07-16T05:50:54.140+0530] {base.py:84} INFO - Using connection ID 'mysql_default' for task execution.
[2024-07-16T05:50:54.152+0530] {processor.py:840} INFO - DAG(s) 'raw_load_cheques' retrieved from //home/kali/Desktop/projects/git/bank_data_processing/dags/dag_raw_cheques.py
[2024-07-16T05:50:54.295+0530] {logging_mixin.py:188} INFO - [2024-07-16T05:50:54.295+0530] {dag.py:3096} INFO - Sync 1 DAGs
[2024-07-16T05:50:54.311+0530] {logging_mixin.py:188} INFO - [2024-07-16T05:50:54.310+0530] {dag.py:3954} INFO - Setting next_dagrun for raw_load_cheques to None, run_after=None
[2024-07-16T05:50:54.345+0530] {processor.py:183} INFO - Processing //home/kali/Desktop/projects/git/bank_data_processing/dags/dag_raw_cheques.py took 0.838 seconds
[2024-07-16T05:51:24.821+0530] {processor.py:161} INFO - Started process (PID=54399) to work on //home/kali/Desktop/projects/git/bank_data_processing/dags/dag_raw_cheques.py
[2024-07-16T05:51:24.823+0530] {processor.py:830} INFO - Processing file //home/kali/Desktop/projects/git/bank_data_processing/dags/dag_raw_cheques.py for tasks to queue
[2024-07-16T05:51:24.824+0530] {logging_mixin.py:188} INFO - [2024-07-16T05:51:24.823+0530] {dagbag.py:545} INFO - Filling up the DagBag from //home/kali/Desktop/projects/git/bank_data_processing/dags/dag_raw_cheques.py
[2024-07-16T05:51:25.685+0530] {logging_mixin.py:188} INFO - [2024-07-16T05:51:25.685+0530] {base.py:84} INFO - Using connection ID 'mysql_default' for task execution.
[2024-07-16T05:51:25.689+0530] {processor.py:840} INFO - DAG(s) 'raw_load_cheques' retrieved from //home/kali/Desktop/projects/git/bank_data_processing/dags/dag_raw_cheques.py
[2024-07-16T05:51:25.826+0530] {logging_mixin.py:188} INFO - [2024-07-16T05:51:25.826+0530] {dag.py:3096} INFO - Sync 1 DAGs
[2024-07-16T05:51:25.836+0530] {logging_mixin.py:188} INFO - [2024-07-16T05:51:25.835+0530] {dag.py:3954} INFO - Setting next_dagrun for raw_load_cheques to None, run_after=None
[2024-07-16T05:51:25.859+0530] {processor.py:183} INFO - Processing //home/kali/Desktop/projects/git/bank_data_processing/dags/dag_raw_cheques.py took 1.048 seconds
[2024-07-16T05:51:56.300+0530] {processor.py:161} INFO - Started process (PID=55067) to work on //home/kali/Desktop/projects/git/bank_data_processing/dags/dag_raw_cheques.py
[2024-07-16T05:51:56.301+0530] {processor.py:830} INFO - Processing file //home/kali/Desktop/projects/git/bank_data_processing/dags/dag_raw_cheques.py for tasks to queue
[2024-07-16T05:51:56.302+0530] {logging_mixin.py:188} INFO - [2024-07-16T05:51:56.302+0530] {dagbag.py:545} INFO - Filling up the DagBag from //home/kali/Desktop/projects/git/bank_data_processing/dags/dag_raw_cheques.py
[2024-07-16T05:51:56.750+0530] {logging_mixin.py:188} INFO - [2024-07-16T05:51:56.750+0530] {base.py:84} INFO - Using connection ID 'mysql_default' for task execution.
[2024-07-16T05:51:56.753+0530] {processor.py:840} INFO - DAG(s) 'raw_load_cheques' retrieved from //home/kali/Desktop/projects/git/bank_data_processing/dags/dag_raw_cheques.py
[2024-07-16T05:51:56.834+0530] {logging_mixin.py:188} INFO - [2024-07-16T05:51:56.834+0530] {dag.py:3096} INFO - Sync 1 DAGs
[2024-07-16T05:51:56.841+0530] {logging_mixin.py:188} INFO - [2024-07-16T05:51:56.840+0530] {dag.py:3954} INFO - Setting next_dagrun for raw_load_cheques to None, run_after=None
[2024-07-16T05:51:56.867+0530] {processor.py:183} INFO - Processing //home/kali/Desktop/projects/git/bank_data_processing/dags/dag_raw_cheques.py took 0.572 seconds
[2024-07-16T05:52:27.404+0530] {processor.py:161} INFO - Started process (PID=55775) to work on //home/kali/Desktop/projects/git/bank_data_processing/dags/dag_raw_cheques.py
[2024-07-16T05:52:27.407+0530] {processor.py:830} INFO - Processing file //home/kali/Desktop/projects/git/bank_data_processing/dags/dag_raw_cheques.py for tasks to queue
[2024-07-16T05:52:27.408+0530] {logging_mixin.py:188} INFO - [2024-07-16T05:52:27.408+0530] {dagbag.py:545} INFO - Filling up the DagBag from //home/kali/Desktop/projects/git/bank_data_processing/dags/dag_raw_cheques.py
[2024-07-16T05:52:28.119+0530] {logging_mixin.py:188} INFO - [2024-07-16T05:52:28.119+0530] {base.py:84} INFO - Using connection ID 'mysql_default' for task execution.
[2024-07-16T05:52:28.123+0530] {processor.py:840} INFO - DAG(s) 'raw_load_cheques' retrieved from //home/kali/Desktop/projects/git/bank_data_processing/dags/dag_raw_cheques.py
[2024-07-16T05:52:28.207+0530] {logging_mixin.py:188} INFO - [2024-07-16T05:52:28.206+0530] {dag.py:3096} INFO - Sync 1 DAGs
[2024-07-16T05:52:28.214+0530] {logging_mixin.py:188} INFO - [2024-07-16T05:52:28.213+0530] {dag.py:3954} INFO - Setting next_dagrun for raw_load_cheques to None, run_after=None
[2024-07-16T05:52:28.237+0530] {processor.py:183} INFO - Processing //home/kali/Desktop/projects/git/bank_data_processing/dags/dag_raw_cheques.py took 0.846 seconds
[2024-07-16T05:52:58.508+0530] {processor.py:161} INFO - Started process (PID=56543) to work on //home/kali/Desktop/projects/git/bank_data_processing/dags/dag_raw_cheques.py
[2024-07-16T05:52:58.510+0530] {processor.py:830} INFO - Processing file //home/kali/Desktop/projects/git/bank_data_processing/dags/dag_raw_cheques.py for tasks to queue
[2024-07-16T05:52:58.511+0530] {logging_mixin.py:188} INFO - [2024-07-16T05:52:58.510+0530] {dagbag.py:545} INFO - Filling up the DagBag from //home/kali/Desktop/projects/git/bank_data_processing/dags/dag_raw_cheques.py
[2024-07-16T05:52:59.128+0530] {logging_mixin.py:188} INFO - [2024-07-16T05:52:59.128+0530] {base.py:84} INFO - Using connection ID 'mysql_default' for task execution.
[2024-07-16T05:52:59.133+0530] {processor.py:840} INFO - DAG(s) 'raw_load_cheques' retrieved from //home/kali/Desktop/projects/git/bank_data_processing/dags/dag_raw_cheques.py
[2024-07-16T05:52:59.216+0530] {logging_mixin.py:188} INFO - [2024-07-16T05:52:59.216+0530] {dag.py:3096} INFO - Sync 1 DAGs
[2024-07-16T05:52:59.225+0530] {logging_mixin.py:188} INFO - [2024-07-16T05:52:59.224+0530] {dag.py:3954} INFO - Setting next_dagrun for raw_load_cheques to None, run_after=None
[2024-07-16T05:52:59.244+0530] {processor.py:183} INFO - Processing //home/kali/Desktop/projects/git/bank_data_processing/dags/dag_raw_cheques.py took 0.749 seconds
[2024-07-16T05:53:29.576+0530] {processor.py:161} INFO - Started process (PID=57296) to work on //home/kali/Desktop/projects/git/bank_data_processing/dags/dag_raw_cheques.py
[2024-07-16T05:53:29.577+0530] {processor.py:830} INFO - Processing file //home/kali/Desktop/projects/git/bank_data_processing/dags/dag_raw_cheques.py for tasks to queue
[2024-07-16T05:53:29.578+0530] {logging_mixin.py:188} INFO - [2024-07-16T05:53:29.577+0530] {dagbag.py:545} INFO - Filling up the DagBag from //home/kali/Desktop/projects/git/bank_data_processing/dags/dag_raw_cheques.py
[2024-07-16T05:53:30.222+0530] {logging_mixin.py:188} INFO - [2024-07-16T05:53:30.221+0530] {base.py:84} INFO - Using connection ID 'mysql_default' for task execution.
[2024-07-16T05:53:30.225+0530] {processor.py:840} INFO - DAG(s) 'raw_load_cheques' retrieved from //home/kali/Desktop/projects/git/bank_data_processing/dags/dag_raw_cheques.py
[2024-07-16T05:53:30.315+0530] {logging_mixin.py:188} INFO - [2024-07-16T05:53:30.314+0530] {dag.py:3096} INFO - Sync 1 DAGs
[2024-07-16T05:53:30.322+0530] {logging_mixin.py:188} INFO - [2024-07-16T05:53:30.322+0530] {dag.py:3954} INFO - Setting next_dagrun for raw_load_cheques to None, run_after=None
[2024-07-16T05:53:30.341+0530] {processor.py:183} INFO - Processing //home/kali/Desktop/projects/git/bank_data_processing/dags/dag_raw_cheques.py took 0.772 seconds
[2024-07-16T05:54:01.121+0530] {processor.py:161} INFO - Started process (PID=57936) to work on //home/kali/Desktop/projects/git/bank_data_processing/dags/dag_raw_cheques.py
[2024-07-16T05:54:01.122+0530] {processor.py:830} INFO - Processing file //home/kali/Desktop/projects/git/bank_data_processing/dags/dag_raw_cheques.py for tasks to queue
[2024-07-16T05:54:01.123+0530] {logging_mixin.py:188} INFO - [2024-07-16T05:54:01.122+0530] {dagbag.py:545} INFO - Filling up the DagBag from //home/kali/Desktop/projects/git/bank_data_processing/dags/dag_raw_cheques.py
[2024-07-16T05:54:01.688+0530] {logging_mixin.py:188} INFO - [2024-07-16T05:54:01.687+0530] {base.py:84} INFO - Using connection ID 'mysql_default' for task execution.
[2024-07-16T05:54:01.691+0530] {processor.py:840} INFO - DAG(s) 'raw_load_cheques' retrieved from //home/kali/Desktop/projects/git/bank_data_processing/dags/dag_raw_cheques.py
[2024-07-16T05:54:01.771+0530] {logging_mixin.py:188} INFO - [2024-07-16T05:54:01.770+0530] {dag.py:3096} INFO - Sync 1 DAGs
[2024-07-16T05:54:01.778+0530] {logging_mixin.py:188} INFO - [2024-07-16T05:54:01.777+0530] {dag.py:3954} INFO - Setting next_dagrun for raw_load_cheques to None, run_after=None
[2024-07-16T05:54:01.805+0530] {processor.py:183} INFO - Processing //home/kali/Desktop/projects/git/bank_data_processing/dags/dag_raw_cheques.py took 0.691 seconds
[2024-07-16T05:54:32.156+0530] {processor.py:161} INFO - Started process (PID=58568) to work on //home/kali/Desktop/projects/git/bank_data_processing/dags/dag_raw_cheques.py
[2024-07-16T05:54:32.157+0530] {processor.py:830} INFO - Processing file //home/kali/Desktop/projects/git/bank_data_processing/dags/dag_raw_cheques.py for tasks to queue
[2024-07-16T05:54:32.158+0530] {logging_mixin.py:188} INFO - [2024-07-16T05:54:32.158+0530] {dagbag.py:545} INFO - Filling up the DagBag from //home/kali/Desktop/projects/git/bank_data_processing/dags/dag_raw_cheques.py
[2024-07-16T05:54:32.610+0530] {logging_mixin.py:188} INFO - [2024-07-16T05:54:32.609+0530] {base.py:84} INFO - Using connection ID 'mysql_default' for task execution.
[2024-07-16T05:54:32.613+0530] {processor.py:840} INFO - DAG(s) 'raw_load_cheques' retrieved from //home/kali/Desktop/projects/git/bank_data_processing/dags/dag_raw_cheques.py
[2024-07-16T05:54:32.692+0530] {logging_mixin.py:188} INFO - [2024-07-16T05:54:32.692+0530] {dag.py:3096} INFO - Sync 1 DAGs
[2024-07-16T05:54:32.699+0530] {logging_mixin.py:188} INFO - [2024-07-16T05:54:32.699+0530] {dag.py:3954} INFO - Setting next_dagrun for raw_load_cheques to None, run_after=None
[2024-07-16T05:54:32.727+0530] {processor.py:183} INFO - Processing //home/kali/Desktop/projects/git/bank_data_processing/dags/dag_raw_cheques.py took 0.576 seconds
[2024-07-16T05:55:03.320+0530] {processor.py:161} INFO - Started process (PID=59447) to work on //home/kali/Desktop/projects/git/bank_data_processing/dags/dag_raw_cheques.py
[2024-07-16T05:55:03.321+0530] {processor.py:830} INFO - Processing file //home/kali/Desktop/projects/git/bank_data_processing/dags/dag_raw_cheques.py for tasks to queue
[2024-07-16T05:55:03.322+0530] {logging_mixin.py:188} INFO - [2024-07-16T05:55:03.322+0530] {dagbag.py:545} INFO - Filling up the DagBag from //home/kali/Desktop/projects/git/bank_data_processing/dags/dag_raw_cheques.py
[2024-07-16T05:55:03.853+0530] {logging_mixin.py:188} INFO - [2024-07-16T05:55:03.853+0530] {base.py:84} INFO - Using connection ID 'mysql_default' for task execution.
[2024-07-16T05:55:03.856+0530] {processor.py:840} INFO - DAG(s) 'raw_load_cheques' retrieved from //home/kali/Desktop/projects/git/bank_data_processing/dags/dag_raw_cheques.py
[2024-07-16T05:55:03.937+0530] {logging_mixin.py:188} INFO - [2024-07-16T05:55:03.937+0530] {dag.py:3096} INFO - Sync 1 DAGs
[2024-07-16T05:55:03.944+0530] {logging_mixin.py:188} INFO - [2024-07-16T05:55:03.944+0530] {dag.py:3954} INFO - Setting next_dagrun for raw_load_cheques to None, run_after=None
[2024-07-16T05:55:03.965+0530] {processor.py:183} INFO - Processing //home/kali/Desktop/projects/git/bank_data_processing/dags/dag_raw_cheques.py took 0.654 seconds
[2024-07-16T05:55:34.720+0530] {processor.py:161} INFO - Started process (PID=60164) to work on //home/kali/Desktop/projects/git/bank_data_processing/dags/dag_raw_cheques.py
[2024-07-16T05:55:34.720+0530] {processor.py:830} INFO - Processing file //home/kali/Desktop/projects/git/bank_data_processing/dags/dag_raw_cheques.py for tasks to queue
[2024-07-16T05:55:34.721+0530] {logging_mixin.py:188} INFO - [2024-07-16T05:55:34.721+0530] {dagbag.py:545} INFO - Filling up the DagBag from //home/kali/Desktop/projects/git/bank_data_processing/dags/dag_raw_cheques.py
[2024-07-16T05:55:35.191+0530] {logging_mixin.py:188} INFO - [2024-07-16T05:55:35.191+0530] {base.py:84} INFO - Using connection ID 'mysql_default' for task execution.
[2024-07-16T05:55:35.194+0530] {processor.py:840} INFO - DAG(s) 'raw_load_cheques' retrieved from //home/kali/Desktop/projects/git/bank_data_processing/dags/dag_raw_cheques.py
[2024-07-16T05:55:35.271+0530] {logging_mixin.py:188} INFO - [2024-07-16T05:55:35.271+0530] {dag.py:3096} INFO - Sync 1 DAGs
[2024-07-16T05:55:35.278+0530] {logging_mixin.py:188} INFO - [2024-07-16T05:55:35.278+0530] {dag.py:3954} INFO - Setting next_dagrun for raw_load_cheques to None, run_after=None
[2024-07-16T05:55:35.298+0530] {processor.py:183} INFO - Processing //home/kali/Desktop/projects/git/bank_data_processing/dags/dag_raw_cheques.py took 0.584 seconds
[2024-07-16T05:56:05.479+0530] {processor.py:161} INFO - Started process (PID=60943) to work on //home/kali/Desktop/projects/git/bank_data_processing/dags/dag_raw_cheques.py
[2024-07-16T05:56:05.480+0530] {processor.py:830} INFO - Processing file //home/kali/Desktop/projects/git/bank_data_processing/dags/dag_raw_cheques.py for tasks to queue
[2024-07-16T05:56:05.481+0530] {logging_mixin.py:188} INFO - [2024-07-16T05:56:05.480+0530] {dagbag.py:545} INFO - Filling up the DagBag from //home/kali/Desktop/projects/git/bank_data_processing/dags/dag_raw_cheques.py
[2024-07-16T05:56:05.996+0530] {logging_mixin.py:188} INFO - [2024-07-16T05:56:05.995+0530] {base.py:84} INFO - Using connection ID 'mysql_default' for task execution.
[2024-07-16T05:56:06.000+0530] {processor.py:840} INFO - DAG(s) 'raw_load_cheques' retrieved from //home/kali/Desktop/projects/git/bank_data_processing/dags/dag_raw_cheques.py
[2024-07-16T05:56:06.144+0530] {logging_mixin.py:188} INFO - [2024-07-16T05:56:06.143+0530] {dag.py:3096} INFO - Sync 1 DAGs
[2024-07-16T05:56:06.152+0530] {logging_mixin.py:188} INFO - [2024-07-16T05:56:06.152+0530] {dag.py:3954} INFO - Setting next_dagrun for raw_load_cheques to None, run_after=None
[2024-07-16T05:56:06.182+0530] {processor.py:183} INFO - Processing //home/kali/Desktop/projects/git/bank_data_processing/dags/dag_raw_cheques.py took 0.710 seconds
[2024-07-16T05:56:36.622+0530] {processor.py:161} INFO - Started process (PID=61658) to work on //home/kali/Desktop/projects/git/bank_data_processing/dags/dag_raw_cheques.py
[2024-07-16T05:56:36.622+0530] {processor.py:830} INFO - Processing file //home/kali/Desktop/projects/git/bank_data_processing/dags/dag_raw_cheques.py for tasks to queue
[2024-07-16T05:56:36.623+0530] {logging_mixin.py:188} INFO - [2024-07-16T05:56:36.623+0530] {dagbag.py:545} INFO - Filling up the DagBag from //home/kali/Desktop/projects/git/bank_data_processing/dags/dag_raw_cheques.py
[2024-07-16T05:56:37.178+0530] {logging_mixin.py:188} INFO - [2024-07-16T05:56:37.178+0530] {base.py:84} INFO - Using connection ID 'mysql_default' for task execution.
[2024-07-16T05:56:37.182+0530] {processor.py:840} INFO - DAG(s) 'raw_load_cheques' retrieved from //home/kali/Desktop/projects/git/bank_data_processing/dags/dag_raw_cheques.py
[2024-07-16T05:56:37.310+0530] {logging_mixin.py:188} INFO - [2024-07-16T05:56:37.310+0530] {dag.py:3096} INFO - Sync 1 DAGs
[2024-07-16T05:56:37.322+0530] {logging_mixin.py:188} INFO - [2024-07-16T05:56:37.322+0530] {dag.py:3954} INFO - Setting next_dagrun for raw_load_cheques to None, run_after=None
[2024-07-16T05:56:37.362+0530] {processor.py:183} INFO - Processing //home/kali/Desktop/projects/git/bank_data_processing/dags/dag_raw_cheques.py took 0.747 seconds
[2024-07-16T05:57:07.696+0530] {processor.py:161} INFO - Started process (PID=62520) to work on //home/kali/Desktop/projects/git/bank_data_processing/dags/dag_raw_cheques.py
[2024-07-16T05:57:07.697+0530] {processor.py:830} INFO - Processing file //home/kali/Desktop/projects/git/bank_data_processing/dags/dag_raw_cheques.py for tasks to queue
[2024-07-16T05:57:07.698+0530] {logging_mixin.py:188} INFO - [2024-07-16T05:57:07.697+0530] {dagbag.py:545} INFO - Filling up the DagBag from //home/kali/Desktop/projects/git/bank_data_processing/dags/dag_raw_cheques.py
[2024-07-16T05:57:08.284+0530] {logging_mixin.py:188} INFO - [2024-07-16T05:57:08.283+0530] {base.py:84} INFO - Using connection ID 'mysql_default' for task execution.
[2024-07-16T05:57:08.288+0530] {processor.py:840} INFO - DAG(s) 'raw_load_cheques' retrieved from //home/kali/Desktop/projects/git/bank_data_processing/dags/dag_raw_cheques.py
[2024-07-16T05:57:08.443+0530] {logging_mixin.py:188} INFO - [2024-07-16T05:57:08.442+0530] {dag.py:3096} INFO - Sync 1 DAGs
[2024-07-16T05:57:08.457+0530] {logging_mixin.py:188} INFO - [2024-07-16T05:57:08.457+0530] {dag.py:3954} INFO - Setting next_dagrun for raw_load_cheques to None, run_after=None
[2024-07-16T05:57:08.487+0530] {processor.py:183} INFO - Processing //home/kali/Desktop/projects/git/bank_data_processing/dags/dag_raw_cheques.py took 0.798 seconds
