[2024-07-16T05:30:17.055+0530] {processor.py:161} INFO - Started process (PID=24506) to work on //home/kali/Desktop/projects/git/bank_data_processing/dags/dag_raw_atms.py
[2024-07-16T05:30:17.056+0530] {processor.py:830} INFO - Processing file //home/kali/Desktop/projects/git/bank_data_processing/dags/dag_raw_atms.py for tasks to queue
[2024-07-16T05:30:17.058+0530] {logging_mixin.py:188} INFO - [2024-07-16T05:30:17.058+0530] {dagbag.py:545} INFO - Filling up the DagBag from //home/kali/Desktop/projects/git/bank_data_processing/dags/dag_raw_atms.py
[2024-07-16T05:30:17.599+0530] {logging_mixin.py:188} INFO - [2024-07-16T05:30:17.598+0530] {base.py:84} INFO - Using connection ID 'mysql_default' for task execution.
[2024-07-16T05:30:17.607+0530] {processor.py:840} INFO - DAG(s) 'raw_load_atms' retrieved from //home/kali/Desktop/projects/git/bank_data_processing/dags/dag_raw_atms.py
[2024-07-16T05:30:17.770+0530] {logging_mixin.py:188} INFO - [2024-07-16T05:30:17.769+0530] {dag.py:3096} INFO - Sync 1 DAGs
[2024-07-16T05:30:17.781+0530] {logging_mixin.py:188} INFO - [2024-07-16T05:30:17.780+0530] {dag.py:3954} INFO - Setting next_dagrun for raw_load_atms to None, run_after=None
[2024-07-16T05:30:17.805+0530] {processor.py:183} INFO - Processing //home/kali/Desktop/projects/git/bank_data_processing/dags/dag_raw_atms.py took 0.758 seconds
[2024-07-16T05:30:48.109+0530] {processor.py:161} INFO - Started process (PID=25018) to work on //home/kali/Desktop/projects/git/bank_data_processing/dags/dag_raw_atms.py
[2024-07-16T05:30:48.109+0530] {processor.py:830} INFO - Processing file //home/kali/Desktop/projects/git/bank_data_processing/dags/dag_raw_atms.py for tasks to queue
[2024-07-16T05:30:48.111+0530] {logging_mixin.py:188} INFO - [2024-07-16T05:30:48.111+0530] {dagbag.py:545} INFO - Filling up the DagBag from //home/kali/Desktop/projects/git/bank_data_processing/dags/dag_raw_atms.py
[2024-07-16T05:30:48.609+0530] {logging_mixin.py:188} INFO - [2024-07-16T05:30:48.608+0530] {base.py:84} INFO - Using connection ID 'mysql_default' for task execution.
[2024-07-16T05:30:48.616+0530] {processor.py:840} INFO - DAG(s) 'raw_load_atms' retrieved from //home/kali/Desktop/projects/git/bank_data_processing/dags/dag_raw_atms.py
[2024-07-16T05:30:48.727+0530] {logging_mixin.py:188} INFO - [2024-07-16T05:30:48.727+0530] {dag.py:3096} INFO - Sync 1 DAGs
[2024-07-16T05:30:48.736+0530] {logging_mixin.py:188} INFO - [2024-07-16T05:30:48.736+0530] {dag.py:3954} INFO - Setting next_dagrun for raw_load_atms to None, run_after=None
[2024-07-16T05:30:48.759+0530] {processor.py:183} INFO - Processing //home/kali/Desktop/projects/git/bank_data_processing/dags/dag_raw_atms.py took 0.658 seconds
[2024-07-16T05:31:19.960+0530] {processor.py:161} INFO - Started process (PID=25771) to work on //home/kali/Desktop/projects/git/bank_data_processing/dags/dag_raw_atms.py
[2024-07-16T05:31:19.961+0530] {processor.py:830} INFO - Processing file //home/kali/Desktop/projects/git/bank_data_processing/dags/dag_raw_atms.py for tasks to queue
[2024-07-16T05:31:19.964+0530] {logging_mixin.py:188} INFO - [2024-07-16T05:31:19.963+0530] {dagbag.py:545} INFO - Filling up the DagBag from //home/kali/Desktop/projects/git/bank_data_processing/dags/dag_raw_atms.py
[2024-07-16T05:31:20.663+0530] {logging_mixin.py:188} INFO - [2024-07-16T05:31:20.663+0530] {base.py:84} INFO - Using connection ID 'mysql_default' for task execution.
[2024-07-16T05:31:20.675+0530] {processor.py:840} INFO - DAG(s) 'raw_load_atms' retrieved from //home/kali/Desktop/projects/git/bank_data_processing/dags/dag_raw_atms.py
[2024-07-16T05:31:20.825+0530] {logging_mixin.py:188} INFO - [2024-07-16T05:31:20.825+0530] {dag.py:3096} INFO - Sync 1 DAGs
[2024-07-16T05:31:20.844+0530] {logging_mixin.py:188} INFO - [2024-07-16T05:31:20.844+0530] {dag.py:3954} INFO - Setting next_dagrun for raw_load_atms to None, run_after=None
[2024-07-16T05:31:20.881+0530] {processor.py:183} INFO - Processing //home/kali/Desktop/projects/git/bank_data_processing/dags/dag_raw_atms.py took 0.927 seconds
[2024-07-16T05:31:51.230+0530] {processor.py:161} INFO - Started process (PID=26476) to work on //home/kali/Desktop/projects/git/bank_data_processing/dags/dag_raw_atms.py
[2024-07-16T05:31:51.231+0530] {processor.py:830} INFO - Processing file //home/kali/Desktop/projects/git/bank_data_processing/dags/dag_raw_atms.py for tasks to queue
[2024-07-16T05:31:51.234+0530] {logging_mixin.py:188} INFO - [2024-07-16T05:31:51.233+0530] {dagbag.py:545} INFO - Filling up the DagBag from //home/kali/Desktop/projects/git/bank_data_processing/dags/dag_raw_atms.py
[2024-07-16T05:31:51.833+0530] {logging_mixin.py:188} INFO - [2024-07-16T05:31:51.833+0530] {base.py:84} INFO - Using connection ID 'mysql_default' for task execution.
[2024-07-16T05:31:51.844+0530] {processor.py:840} INFO - DAG(s) 'raw_load_atms' retrieved from //home/kali/Desktop/projects/git/bank_data_processing/dags/dag_raw_atms.py
[2024-07-16T05:31:52.008+0530] {logging_mixin.py:188} INFO - [2024-07-16T05:31:52.008+0530] {dag.py:3096} INFO - Sync 1 DAGs
[2024-07-16T05:31:52.025+0530] {logging_mixin.py:188} INFO - [2024-07-16T05:31:52.024+0530] {dag.py:3954} INFO - Setting next_dagrun for raw_load_atms to None, run_after=None
[2024-07-16T05:31:52.048+0530] {processor.py:183} INFO - Processing //home/kali/Desktop/projects/git/bank_data_processing/dags/dag_raw_atms.py took 0.827 seconds
[2024-07-16T05:32:22.284+0530] {processor.py:161} INFO - Started process (PID=27220) to work on //home/kali/Desktop/projects/git/bank_data_processing/dags/dag_raw_atms.py
[2024-07-16T05:32:22.290+0530] {processor.py:830} INFO - Processing file //home/kali/Desktop/projects/git/bank_data_processing/dags/dag_raw_atms.py for tasks to queue
[2024-07-16T05:32:22.292+0530] {logging_mixin.py:188} INFO - [2024-07-16T05:32:22.291+0530] {dagbag.py:545} INFO - Filling up the DagBag from //home/kali/Desktop/projects/git/bank_data_processing/dags/dag_raw_atms.py
[2024-07-16T05:32:22.866+0530] {logging_mixin.py:188} INFO - [2024-07-16T05:32:22.865+0530] {base.py:84} INFO - Using connection ID 'mysql_default' for task execution.
[2024-07-16T05:32:22.872+0530] {processor.py:840} INFO - DAG(s) 'raw_load_atms' retrieved from //home/kali/Desktop/projects/git/bank_data_processing/dags/dag_raw_atms.py
[2024-07-16T05:32:22.972+0530] {logging_mixin.py:188} INFO - [2024-07-16T05:32:22.972+0530] {dag.py:3096} INFO - Sync 1 DAGs
[2024-07-16T05:32:22.982+0530] {logging_mixin.py:188} INFO - [2024-07-16T05:32:22.982+0530] {dag.py:3954} INFO - Setting next_dagrun for raw_load_atms to None, run_after=None
[2024-07-16T05:32:23.011+0530] {processor.py:183} INFO - Processing //home/kali/Desktop/projects/git/bank_data_processing/dags/dag_raw_atms.py took 0.734 seconds
[2024-07-16T05:32:53.220+0530] {processor.py:161} INFO - Started process (PID=27961) to work on //home/kali/Desktop/projects/git/bank_data_processing/dags/dag_raw_atms.py
[2024-07-16T05:32:53.221+0530] {processor.py:830} INFO - Processing file //home/kali/Desktop/projects/git/bank_data_processing/dags/dag_raw_atms.py for tasks to queue
[2024-07-16T05:32:53.226+0530] {logging_mixin.py:188} INFO - [2024-07-16T05:32:53.225+0530] {dagbag.py:545} INFO - Filling up the DagBag from //home/kali/Desktop/projects/git/bank_data_processing/dags/dag_raw_atms.py
[2024-07-16T05:32:54.036+0530] {logging_mixin.py:188} INFO - [2024-07-16T05:32:54.035+0530] {base.py:84} INFO - Using connection ID 'mysql_default' for task execution.
[2024-07-16T05:32:54.046+0530] {processor.py:840} INFO - DAG(s) 'raw_load_atms' retrieved from //home/kali/Desktop/projects/git/bank_data_processing/dags/dag_raw_atms.py
[2024-07-16T05:32:54.180+0530] {logging_mixin.py:188} INFO - [2024-07-16T05:32:54.179+0530] {dag.py:3096} INFO - Sync 1 DAGs
[2024-07-16T05:32:54.193+0530] {logging_mixin.py:188} INFO - [2024-07-16T05:32:54.192+0530] {dag.py:3954} INFO - Setting next_dagrun for raw_load_atms to None, run_after=None
[2024-07-16T05:32:54.231+0530] {processor.py:183} INFO - Processing //home/kali/Desktop/projects/git/bank_data_processing/dags/dag_raw_atms.py took 1.020 seconds
[2024-07-16T05:33:25.015+0530] {processor.py:161} INFO - Started process (PID=28674) to work on //home/kali/Desktop/projects/git/bank_data_processing/dags/dag_raw_atms.py
[2024-07-16T05:33:25.016+0530] {processor.py:830} INFO - Processing file //home/kali/Desktop/projects/git/bank_data_processing/dags/dag_raw_atms.py for tasks to queue
[2024-07-16T05:33:25.019+0530] {logging_mixin.py:188} INFO - [2024-07-16T05:33:25.018+0530] {dagbag.py:545} INFO - Filling up the DagBag from //home/kali/Desktop/projects/git/bank_data_processing/dags/dag_raw_atms.py
[2024-07-16T05:33:25.671+0530] {logging_mixin.py:188} INFO - [2024-07-16T05:33:25.670+0530] {base.py:84} INFO - Using connection ID 'mysql_default' for task execution.
[2024-07-16T05:33:25.681+0530] {processor.py:840} INFO - DAG(s) 'raw_load_atms' retrieved from //home/kali/Desktop/projects/git/bank_data_processing/dags/dag_raw_atms.py
[2024-07-16T05:33:25.807+0530] {logging_mixin.py:188} INFO - [2024-07-16T05:33:25.807+0530] {dag.py:3096} INFO - Sync 1 DAGs
[2024-07-16T05:33:25.816+0530] {logging_mixin.py:188} INFO - [2024-07-16T05:33:25.815+0530] {dag.py:3954} INFO - Setting next_dagrun for raw_load_atms to None, run_after=None
[2024-07-16T05:33:25.840+0530] {processor.py:183} INFO - Processing //home/kali/Desktop/projects/git/bank_data_processing/dags/dag_raw_atms.py took 0.831 seconds
[2024-07-16T05:33:56.517+0530] {processor.py:161} INFO - Started process (PID=29416) to work on //home/kali/Desktop/projects/git/bank_data_processing/dags/dag_raw_atms.py
[2024-07-16T05:33:56.518+0530] {processor.py:830} INFO - Processing file //home/kali/Desktop/projects/git/bank_data_processing/dags/dag_raw_atms.py for tasks to queue
[2024-07-16T05:33:56.520+0530] {logging_mixin.py:188} INFO - [2024-07-16T05:33:56.520+0530] {dagbag.py:545} INFO - Filling up the DagBag from //home/kali/Desktop/projects/git/bank_data_processing/dags/dag_raw_atms.py
[2024-07-16T05:33:57.442+0530] {logging_mixin.py:188} INFO - [2024-07-16T05:33:57.440+0530] {base.py:84} INFO - Using connection ID 'mysql_default' for task execution.
[2024-07-16T05:33:57.455+0530] {processor.py:840} INFO - DAG(s) 'raw_load_atms' retrieved from //home/kali/Desktop/projects/git/bank_data_processing/dags/dag_raw_atms.py
[2024-07-16T05:33:57.668+0530] {logging_mixin.py:188} INFO - [2024-07-16T05:33:57.667+0530] {dag.py:3096} INFO - Sync 1 DAGs
[2024-07-16T05:33:57.698+0530] {logging_mixin.py:188} INFO - [2024-07-16T05:33:57.696+0530] {dag.py:3954} INFO - Setting next_dagrun for raw_load_atms to None, run_after=None
[2024-07-16T05:33:57.774+0530] {processor.py:183} INFO - Processing //home/kali/Desktop/projects/git/bank_data_processing/dags/dag_raw_atms.py took 1.267 seconds
[2024-07-16T05:34:28.485+0530] {processor.py:161} INFO - Started process (PID=30159) to work on //home/kali/Desktop/projects/git/bank_data_processing/dags/dag_raw_atms.py
[2024-07-16T05:34:28.486+0530] {processor.py:830} INFO - Processing file //home/kali/Desktop/projects/git/bank_data_processing/dags/dag_raw_atms.py for tasks to queue
[2024-07-16T05:34:28.489+0530] {logging_mixin.py:188} INFO - [2024-07-16T05:34:28.488+0530] {dagbag.py:545} INFO - Filling up the DagBag from //home/kali/Desktop/projects/git/bank_data_processing/dags/dag_raw_atms.py
[2024-07-16T05:34:29.095+0530] {logging_mixin.py:188} INFO - [2024-07-16T05:34:29.094+0530] {base.py:84} INFO - Using connection ID 'mysql_default' for task execution.
[2024-07-16T05:34:29.110+0530] {processor.py:840} INFO - DAG(s) 'raw_load_atms' retrieved from //home/kali/Desktop/projects/git/bank_data_processing/dags/dag_raw_atms.py
[2024-07-16T05:34:29.201+0530] {logging_mixin.py:188} INFO - [2024-07-16T05:34:29.201+0530] {dag.py:3096} INFO - Sync 1 DAGs
[2024-07-16T05:34:29.209+0530] {logging_mixin.py:188} INFO - [2024-07-16T05:34:29.209+0530] {dag.py:3954} INFO - Setting next_dagrun for raw_load_atms to None, run_after=None
[2024-07-16T05:34:29.227+0530] {processor.py:183} INFO - Processing //home/kali/Desktop/projects/git/bank_data_processing/dags/dag_raw_atms.py took 0.752 seconds
[2024-07-16T05:34:59.473+0530] {processor.py:161} INFO - Started process (PID=30945) to work on //home/kali/Desktop/projects/git/bank_data_processing/dags/dag_raw_atms.py
[2024-07-16T05:34:59.474+0530] {processor.py:830} INFO - Processing file //home/kali/Desktop/projects/git/bank_data_processing/dags/dag_raw_atms.py for tasks to queue
[2024-07-16T05:34:59.476+0530] {logging_mixin.py:188} INFO - [2024-07-16T05:34:59.476+0530] {dagbag.py:545} INFO - Filling up the DagBag from //home/kali/Desktop/projects/git/bank_data_processing/dags/dag_raw_atms.py
[2024-07-16T05:35:00.067+0530] {logging_mixin.py:188} INFO - [2024-07-16T05:35:00.067+0530] {base.py:84} INFO - Using connection ID 'mysql_default' for task execution.
[2024-07-16T05:35:00.074+0530] {processor.py:840} INFO - DAG(s) 'raw_load_atms' retrieved from //home/kali/Desktop/projects/git/bank_data_processing/dags/dag_raw_atms.py
[2024-07-16T05:35:00.159+0530] {logging_mixin.py:188} INFO - [2024-07-16T05:35:00.158+0530] {dag.py:3096} INFO - Sync 1 DAGs
[2024-07-16T05:35:00.166+0530] {logging_mixin.py:188} INFO - [2024-07-16T05:35:00.166+0530] {dag.py:3954} INFO - Setting next_dagrun for raw_load_atms to None, run_after=None
[2024-07-16T05:35:00.185+0530] {processor.py:183} INFO - Processing //home/kali/Desktop/projects/git/bank_data_processing/dags/dag_raw_atms.py took 0.719 seconds
[2024-07-16T05:35:30.343+0530] {processor.py:161} INFO - Started process (PID=31694) to work on //home/kali/Desktop/projects/git/bank_data_processing/dags/dag_raw_atms.py
[2024-07-16T05:35:30.344+0530] {processor.py:830} INFO - Processing file //home/kali/Desktop/projects/git/bank_data_processing/dags/dag_raw_atms.py for tasks to queue
[2024-07-16T05:35:30.346+0530] {logging_mixin.py:188} INFO - [2024-07-16T05:35:30.346+0530] {dagbag.py:545} INFO - Filling up the DagBag from //home/kali/Desktop/projects/git/bank_data_processing/dags/dag_raw_atms.py
[2024-07-16T05:35:31.081+0530] {logging_mixin.py:188} INFO - [2024-07-16T05:35:31.080+0530] {base.py:84} INFO - Using connection ID 'mysql_default' for task execution.
[2024-07-16T05:35:31.093+0530] {processor.py:840} INFO - DAG(s) 'raw_load_atms' retrieved from //home/kali/Desktop/projects/git/bank_data_processing/dags/dag_raw_atms.py
[2024-07-16T05:35:31.220+0530] {logging_mixin.py:188} INFO - [2024-07-16T05:35:31.219+0530] {dag.py:3096} INFO - Sync 1 DAGs
[2024-07-16T05:35:31.230+0530] {logging_mixin.py:188} INFO - [2024-07-16T05:35:31.230+0530] {dag.py:3954} INFO - Setting next_dagrun for raw_load_atms to None, run_after=None
[2024-07-16T05:35:31.252+0530] {processor.py:183} INFO - Processing //home/kali/Desktop/projects/git/bank_data_processing/dags/dag_raw_atms.py took 0.918 seconds
[2024-07-16T05:36:01.375+0530] {processor.py:161} INFO - Started process (PID=32479) to work on //home/kali/Desktop/projects/git/bank_data_processing/dags/dag_raw_atms.py
[2024-07-16T05:36:01.376+0530] {processor.py:830} INFO - Processing file //home/kali/Desktop/projects/git/bank_data_processing/dags/dag_raw_atms.py for tasks to queue
[2024-07-16T05:36:01.378+0530] {logging_mixin.py:188} INFO - [2024-07-16T05:36:01.377+0530] {dagbag.py:545} INFO - Filling up the DagBag from //home/kali/Desktop/projects/git/bank_data_processing/dags/dag_raw_atms.py
[2024-07-16T05:36:01.979+0530] {logging_mixin.py:188} INFO - [2024-07-16T05:36:01.979+0530] {base.py:84} INFO - Using connection ID 'mysql_default' for task execution.
[2024-07-16T05:36:01.985+0530] {processor.py:840} INFO - DAG(s) 'raw_load_atms' retrieved from //home/kali/Desktop/projects/git/bank_data_processing/dags/dag_raw_atms.py
[2024-07-16T05:36:02.075+0530] {logging_mixin.py:188} INFO - [2024-07-16T05:36:02.075+0530] {dag.py:3096} INFO - Sync 1 DAGs
[2024-07-16T05:36:02.083+0530] {logging_mixin.py:188} INFO - [2024-07-16T05:36:02.083+0530] {dag.py:3954} INFO - Setting next_dagrun for raw_load_atms to None, run_after=None
[2024-07-16T05:36:02.105+0530] {processor.py:183} INFO - Processing //home/kali/Desktop/projects/git/bank_data_processing/dags/dag_raw_atms.py took 0.740 seconds
[2024-07-16T05:36:32.857+0530] {processor.py:161} INFO - Started process (PID=33170) to work on //home/kali/Desktop/projects/git/bank_data_processing/dags/dag_raw_atms.py
[2024-07-16T05:36:32.858+0530] {processor.py:830} INFO - Processing file //home/kali/Desktop/projects/git/bank_data_processing/dags/dag_raw_atms.py for tasks to queue
[2024-07-16T05:36:32.861+0530] {logging_mixin.py:188} INFO - [2024-07-16T05:36:32.861+0530] {dagbag.py:545} INFO - Filling up the DagBag from //home/kali/Desktop/projects/git/bank_data_processing/dags/dag_raw_atms.py
[2024-07-16T05:36:33.413+0530] {logging_mixin.py:188} INFO - [2024-07-16T05:36:33.412+0530] {base.py:84} INFO - Using connection ID 'mysql_default' for task execution.
[2024-07-16T05:36:33.418+0530] {processor.py:840} INFO - DAG(s) 'raw_load_atms' retrieved from //home/kali/Desktop/projects/git/bank_data_processing/dags/dag_raw_atms.py
[2024-07-16T05:36:33.433+0530] {logging_mixin.py:188} INFO - [2024-07-16T05:36:33.432+0530] {dag.py:3096} INFO - Sync 1 DAGs
[2024-07-16T05:36:33.441+0530] {logging_mixin.py:188} INFO - [2024-07-16T05:36:33.441+0530] {dag.py:3954} INFO - Setting next_dagrun for raw_load_atms to None, run_after=None
[2024-07-16T05:36:33.464+0530] {processor.py:183} INFO - Processing //home/kali/Desktop/projects/git/bank_data_processing/dags/dag_raw_atms.py took 0.614 seconds
[2024-07-16T05:37:03.607+0530] {processor.py:161} INFO - Started process (PID=33841) to work on //home/kali/Desktop/projects/git/bank_data_processing/dags/dag_raw_atms.py
[2024-07-16T05:37:03.608+0530] {processor.py:830} INFO - Processing file //home/kali/Desktop/projects/git/bank_data_processing/dags/dag_raw_atms.py for tasks to queue
[2024-07-16T05:37:03.610+0530] {logging_mixin.py:188} INFO - [2024-07-16T05:37:03.610+0530] {dagbag.py:545} INFO - Filling up the DagBag from //home/kali/Desktop/projects/git/bank_data_processing/dags/dag_raw_atms.py
[2024-07-16T05:37:04.369+0530] {logging_mixin.py:188} INFO - [2024-07-16T05:37:04.369+0530] {base.py:84} INFO - Using connection ID 'mysql_default' for task execution.
[2024-07-16T05:37:04.377+0530] {processor.py:840} INFO - DAG(s) 'raw_load_atms' retrieved from //home/kali/Desktop/projects/git/bank_data_processing/dags/dag_raw_atms.py
[2024-07-16T05:37:04.380+0530] {logging_mixin.py:188} INFO - [2024-07-16T05:37:04.379+0530] {dag.py:3096} INFO - Sync 1 DAGs
[2024-07-16T05:37:04.389+0530] {logging_mixin.py:188} INFO - [2024-07-16T05:37:04.389+0530] {dag.py:3954} INFO - Setting next_dagrun for raw_load_atms to None, run_after=None
[2024-07-16T05:37:04.413+0530] {processor.py:183} INFO - Processing //home/kali/Desktop/projects/git/bank_data_processing/dags/dag_raw_atms.py took 0.819 seconds
[2024-07-16T05:37:34.456+0530] {processor.py:161} INFO - Started process (PID=34535) to work on //home/kali/Desktop/projects/git/bank_data_processing/dags/dag_raw_atms.py
[2024-07-16T05:37:34.461+0530] {processor.py:830} INFO - Processing file //home/kali/Desktop/projects/git/bank_data_processing/dags/dag_raw_atms.py for tasks to queue
[2024-07-16T05:37:34.464+0530] {logging_mixin.py:188} INFO - [2024-07-16T05:37:34.463+0530] {dagbag.py:545} INFO - Filling up the DagBag from //home/kali/Desktop/projects/git/bank_data_processing/dags/dag_raw_atms.py
[2024-07-16T05:37:35.179+0530] {logging_mixin.py:188} INFO - [2024-07-16T05:37:35.178+0530] {base.py:84} INFO - Using connection ID 'mysql_default' for task execution.
[2024-07-16T05:37:35.186+0530] {processor.py:840} INFO - DAG(s) 'raw_load_atms' retrieved from //home/kali/Desktop/projects/git/bank_data_processing/dags/dag_raw_atms.py
[2024-07-16T05:37:35.313+0530] {logging_mixin.py:188} INFO - [2024-07-16T05:37:35.312+0530] {dag.py:3096} INFO - Sync 1 DAGs
[2024-07-16T05:37:35.323+0530] {logging_mixin.py:188} INFO - [2024-07-16T05:37:35.323+0530] {dag.py:3954} INFO - Setting next_dagrun for raw_load_atms to None, run_after=None
[2024-07-16T05:37:35.357+0530] {processor.py:183} INFO - Processing //home/kali/Desktop/projects/git/bank_data_processing/dags/dag_raw_atms.py took 0.911 seconds
[2024-07-16T05:38:05.835+0530] {processor.py:161} INFO - Started process (PID=35268) to work on //home/kali/Desktop/projects/git/bank_data_processing/dags/dag_raw_atms.py
[2024-07-16T05:38:05.836+0530] {processor.py:830} INFO - Processing file //home/kali/Desktop/projects/git/bank_data_processing/dags/dag_raw_atms.py for tasks to queue
[2024-07-16T05:38:05.838+0530] {logging_mixin.py:188} INFO - [2024-07-16T05:38:05.837+0530] {dagbag.py:545} INFO - Filling up the DagBag from //home/kali/Desktop/projects/git/bank_data_processing/dags/dag_raw_atms.py
[2024-07-16T05:38:06.547+0530] {logging_mixin.py:188} INFO - [2024-07-16T05:38:06.546+0530] {base.py:84} INFO - Using connection ID 'mysql_default' for task execution.
[2024-07-16T05:38:06.552+0530] {processor.py:840} INFO - DAG(s) 'raw_load_atms' retrieved from //home/kali/Desktop/projects/git/bank_data_processing/dags/dag_raw_atms.py
[2024-07-16T05:38:06.640+0530] {logging_mixin.py:188} INFO - [2024-07-16T05:38:06.640+0530] {dag.py:3096} INFO - Sync 1 DAGs
[2024-07-16T05:38:06.649+0530] {logging_mixin.py:188} INFO - [2024-07-16T05:38:06.649+0530] {dag.py:3954} INFO - Setting next_dagrun for raw_load_atms to None, run_after=None
[2024-07-16T05:38:06.675+0530] {processor.py:183} INFO - Processing //home/kali/Desktop/projects/git/bank_data_processing/dags/dag_raw_atms.py took 0.849 seconds
[2024-07-16T05:38:36.848+0530] {processor.py:161} INFO - Started process (PID=35927) to work on //home/kali/Desktop/projects/git/bank_data_processing/dags/dag_raw_atms.py
[2024-07-16T05:38:36.849+0530] {processor.py:830} INFO - Processing file //home/kali/Desktop/projects/git/bank_data_processing/dags/dag_raw_atms.py for tasks to queue
[2024-07-16T05:38:36.851+0530] {logging_mixin.py:188} INFO - [2024-07-16T05:38:36.850+0530] {dagbag.py:545} INFO - Filling up the DagBag from //home/kali/Desktop/projects/git/bank_data_processing/dags/dag_raw_atms.py
[2024-07-16T05:38:37.500+0530] {logging_mixin.py:188} INFO - [2024-07-16T05:38:37.500+0530] {base.py:84} INFO - Using connection ID 'mysql_default' for task execution.
[2024-07-16T05:38:37.509+0530] {processor.py:840} INFO - DAG(s) 'raw_load_atms' retrieved from //home/kali/Desktop/projects/git/bank_data_processing/dags/dag_raw_atms.py
[2024-07-16T05:38:37.609+0530] {logging_mixin.py:188} INFO - [2024-07-16T05:38:37.608+0530] {dag.py:3096} INFO - Sync 1 DAGs
[2024-07-16T05:38:37.619+0530] {logging_mixin.py:188} INFO - [2024-07-16T05:38:37.619+0530] {dag.py:3954} INFO - Setting next_dagrun for raw_load_atms to None, run_after=None
[2024-07-16T05:38:37.641+0530] {processor.py:183} INFO - Processing //home/kali/Desktop/projects/git/bank_data_processing/dags/dag_raw_atms.py took 0.802 seconds
[2024-07-16T05:39:08.306+0530] {processor.py:161} INFO - Started process (PID=36732) to work on //home/kali/Desktop/projects/git/bank_data_processing/dags/dag_raw_atms.py
[2024-07-16T05:39:08.307+0530] {processor.py:830} INFO - Processing file //home/kali/Desktop/projects/git/bank_data_processing/dags/dag_raw_atms.py for tasks to queue
[2024-07-16T05:39:08.309+0530] {logging_mixin.py:188} INFO - [2024-07-16T05:39:08.308+0530] {dagbag.py:545} INFO - Filling up the DagBag from //home/kali/Desktop/projects/git/bank_data_processing/dags/dag_raw_atms.py
[2024-07-16T05:39:08.882+0530] {logging_mixin.py:188} INFO - [2024-07-16T05:39:08.882+0530] {base.py:84} INFO - Using connection ID 'mysql_default' for task execution.
[2024-07-16T05:39:08.889+0530] {processor.py:840} INFO - DAG(s) 'raw_load_atms' retrieved from //home/kali/Desktop/projects/git/bank_data_processing/dags/dag_raw_atms.py
[2024-07-16T05:39:08.977+0530] {logging_mixin.py:188} INFO - [2024-07-16T05:39:08.977+0530] {dag.py:3096} INFO - Sync 1 DAGs
[2024-07-16T05:39:08.986+0530] {logging_mixin.py:188} INFO - [2024-07-16T05:39:08.986+0530] {dag.py:3954} INFO - Setting next_dagrun for raw_load_atms to None, run_after=None
[2024-07-16T05:39:09.007+0530] {processor.py:183} INFO - Processing //home/kali/Desktop/projects/git/bank_data_processing/dags/dag_raw_atms.py took 0.708 seconds
[2024-07-16T05:39:39.086+0530] {processor.py:161} INFO - Started process (PID=37532) to work on //home/kali/Desktop/projects/git/bank_data_processing/dags/dag_raw_atms.py
[2024-07-16T05:39:39.087+0530] {processor.py:830} INFO - Processing file //home/kali/Desktop/projects/git/bank_data_processing/dags/dag_raw_atms.py for tasks to queue
[2024-07-16T05:39:39.089+0530] {logging_mixin.py:188} INFO - [2024-07-16T05:39:39.089+0530] {dagbag.py:545} INFO - Filling up the DagBag from //home/kali/Desktop/projects/git/bank_data_processing/dags/dag_raw_atms.py
[2024-07-16T05:39:39.696+0530] {logging_mixin.py:188} INFO - [2024-07-16T05:39:39.695+0530] {base.py:84} INFO - Using connection ID 'mysql_default' for task execution.
[2024-07-16T05:39:39.702+0530] {processor.py:840} INFO - DAG(s) 'raw_load_atms' retrieved from //home/kali/Desktop/projects/git/bank_data_processing/dags/dag_raw_atms.py
[2024-07-16T05:39:39.796+0530] {logging_mixin.py:188} INFO - [2024-07-16T05:39:39.796+0530] {dag.py:3096} INFO - Sync 1 DAGs
[2024-07-16T05:39:39.805+0530] {logging_mixin.py:188} INFO - [2024-07-16T05:39:39.804+0530] {dag.py:3954} INFO - Setting next_dagrun for raw_load_atms to None, run_after=None
[2024-07-16T05:39:39.837+0530] {processor.py:183} INFO - Processing //home/kali/Desktop/projects/git/bank_data_processing/dags/dag_raw_atms.py took 0.758 seconds
[2024-07-16T05:40:09.930+0530] {processor.py:161} INFO - Started process (PID=38235) to work on //home/kali/Desktop/projects/git/bank_data_processing/dags/dag_raw_atms.py
[2024-07-16T05:40:09.931+0530] {processor.py:830} INFO - Processing file //home/kali/Desktop/projects/git/bank_data_processing/dags/dag_raw_atms.py for tasks to queue
[2024-07-16T05:40:09.932+0530] {logging_mixin.py:188} INFO - [2024-07-16T05:40:09.932+0530] {dagbag.py:545} INFO - Filling up the DagBag from //home/kali/Desktop/projects/git/bank_data_processing/dags/dag_raw_atms.py
[2024-07-16T05:40:10.559+0530] {logging_mixin.py:188} INFO - [2024-07-16T05:40:10.558+0530] {base.py:84} INFO - Using connection ID 'mysql_default' for task execution.
[2024-07-16T05:40:10.565+0530] {processor.py:840} INFO - DAG(s) 'raw_load_atms' retrieved from //home/kali/Desktop/projects/git/bank_data_processing/dags/dag_raw_atms.py
[2024-07-16T05:40:10.650+0530] {logging_mixin.py:188} INFO - [2024-07-16T05:40:10.650+0530] {dag.py:3096} INFO - Sync 1 DAGs
[2024-07-16T05:40:10.660+0530] {logging_mixin.py:188} INFO - [2024-07-16T05:40:10.660+0530] {dag.py:3954} INFO - Setting next_dagrun for raw_load_atms to None, run_after=None
[2024-07-16T05:40:10.683+0530] {processor.py:183} INFO - Processing //home/kali/Desktop/projects/git/bank_data_processing/dags/dag_raw_atms.py took 0.761 seconds
[2024-07-16T05:40:41.338+0530] {processor.py:161} INFO - Started process (PID=39014) to work on //home/kali/Desktop/projects/git/bank_data_processing/dags/dag_raw_atms.py
[2024-07-16T05:40:41.339+0530] {processor.py:830} INFO - Processing file //home/kali/Desktop/projects/git/bank_data_processing/dags/dag_raw_atms.py for tasks to queue
[2024-07-16T05:40:41.342+0530] {logging_mixin.py:188} INFO - [2024-07-16T05:40:41.341+0530] {dagbag.py:545} INFO - Filling up the DagBag from //home/kali/Desktop/projects/git/bank_data_processing/dags/dag_raw_atms.py
[2024-07-16T05:40:41.892+0530] {logging_mixin.py:188} INFO - [2024-07-16T05:40:41.892+0530] {base.py:84} INFO - Using connection ID 'mysql_default' for task execution.
[2024-07-16T05:40:41.899+0530] {processor.py:840} INFO - DAG(s) 'raw_load_atms' retrieved from //home/kali/Desktop/projects/git/bank_data_processing/dags/dag_raw_atms.py
[2024-07-16T05:40:42.007+0530] {logging_mixin.py:188} INFO - [2024-07-16T05:40:42.006+0530] {dag.py:3096} INFO - Sync 1 DAGs
[2024-07-16T05:40:42.026+0530] {logging_mixin.py:188} INFO - [2024-07-16T05:40:42.026+0530] {dag.py:3954} INFO - Setting next_dagrun for raw_load_atms to None, run_after=None
[2024-07-16T05:40:42.064+0530] {processor.py:183} INFO - Processing //home/kali/Desktop/projects/git/bank_data_processing/dags/dag_raw_atms.py took 0.734 seconds
[2024-07-16T05:41:12.768+0530] {processor.py:161} INFO - Started process (PID=39652) to work on //home/kali/Desktop/projects/git/bank_data_processing/dags/dag_raw_atms.py
[2024-07-16T05:41:12.769+0530] {processor.py:830} INFO - Processing file //home/kali/Desktop/projects/git/bank_data_processing/dags/dag_raw_atms.py for tasks to queue
[2024-07-16T05:41:12.771+0530] {logging_mixin.py:188} INFO - [2024-07-16T05:41:12.770+0530] {dagbag.py:545} INFO - Filling up the DagBag from //home/kali/Desktop/projects/git/bank_data_processing/dags/dag_raw_atms.py
[2024-07-16T05:41:13.430+0530] {logging_mixin.py:188} INFO - [2024-07-16T05:41:13.429+0530] {base.py:84} INFO - Using connection ID 'mysql_default' for task execution.
[2024-07-16T05:41:13.435+0530] {processor.py:840} INFO - DAG(s) 'raw_load_atms' retrieved from //home/kali/Desktop/projects/git/bank_data_processing/dags/dag_raw_atms.py
[2024-07-16T05:41:13.521+0530] {logging_mixin.py:188} INFO - [2024-07-16T05:41:13.521+0530] {dag.py:3096} INFO - Sync 1 DAGs
[2024-07-16T05:41:13.529+0530] {logging_mixin.py:188} INFO - [2024-07-16T05:41:13.528+0530] {dag.py:3954} INFO - Setting next_dagrun for raw_load_atms to None, run_after=None
[2024-07-16T05:41:13.552+0530] {processor.py:183} INFO - Processing //home/kali/Desktop/projects/git/bank_data_processing/dags/dag_raw_atms.py took 0.792 seconds
[2024-07-16T05:41:43.835+0530] {processor.py:161} INFO - Started process (PID=40380) to work on //home/kali/Desktop/projects/git/bank_data_processing/dags/dag_raw_atms.py
[2024-07-16T05:41:43.837+0530] {processor.py:830} INFO - Processing file //home/kali/Desktop/projects/git/bank_data_processing/dags/dag_raw_atms.py for tasks to queue
[2024-07-16T05:41:43.840+0530] {logging_mixin.py:188} INFO - [2024-07-16T05:41:43.839+0530] {dagbag.py:545} INFO - Filling up the DagBag from //home/kali/Desktop/projects/git/bank_data_processing/dags/dag_raw_atms.py
[2024-07-16T05:41:44.593+0530] {logging_mixin.py:188} INFO - [2024-07-16T05:41:44.592+0530] {base.py:84} INFO - Using connection ID 'mysql_default' for task execution.
[2024-07-16T05:41:44.606+0530] {processor.py:840} INFO - DAG(s) 'raw_load_atms' retrieved from //home/kali/Desktop/projects/git/bank_data_processing/dags/dag_raw_atms.py
[2024-07-16T05:41:44.723+0530] {logging_mixin.py:188} INFO - [2024-07-16T05:41:44.723+0530] {dag.py:3096} INFO - Sync 1 DAGs
[2024-07-16T05:41:44.733+0530] {logging_mixin.py:188} INFO - [2024-07-16T05:41:44.733+0530] {dag.py:3954} INFO - Setting next_dagrun for raw_load_atms to None, run_after=None
[2024-07-16T05:41:44.757+0530] {processor.py:183} INFO - Processing //home/kali/Desktop/projects/git/bank_data_processing/dags/dag_raw_atms.py took 0.931 seconds
[2024-07-16T05:42:14.938+0530] {processor.py:161} INFO - Started process (PID=41172) to work on //home/kali/Desktop/projects/git/bank_data_processing/dags/dag_raw_atms.py
[2024-07-16T05:42:14.939+0530] {processor.py:830} INFO - Processing file //home/kali/Desktop/projects/git/bank_data_processing/dags/dag_raw_atms.py for tasks to queue
[2024-07-16T05:42:14.941+0530] {logging_mixin.py:188} INFO - [2024-07-16T05:42:14.941+0530] {dagbag.py:545} INFO - Filling up the DagBag from //home/kali/Desktop/projects/git/bank_data_processing/dags/dag_raw_atms.py
[2024-07-16T05:42:15.543+0530] {logging_mixin.py:188} INFO - [2024-07-16T05:42:15.543+0530] {base.py:84} INFO - Using connection ID 'mysql_default' for task execution.
[2024-07-16T05:42:15.551+0530] {processor.py:840} INFO - DAG(s) 'raw_load_atms' retrieved from //home/kali/Desktop/projects/git/bank_data_processing/dags/dag_raw_atms.py
[2024-07-16T05:42:15.642+0530] {logging_mixin.py:188} INFO - [2024-07-16T05:42:15.642+0530] {dag.py:3096} INFO - Sync 1 DAGs
[2024-07-16T05:42:15.650+0530] {logging_mixin.py:188} INFO - [2024-07-16T05:42:15.650+0530] {dag.py:3954} INFO - Setting next_dagrun for raw_load_atms to None, run_after=None
[2024-07-16T05:42:15.670+0530] {processor.py:183} INFO - Processing //home/kali/Desktop/projects/git/bank_data_processing/dags/dag_raw_atms.py took 0.742 seconds
[2024-07-16T05:42:46.279+0530] {processor.py:161} INFO - Started process (PID=41957) to work on //home/kali/Desktop/projects/git/bank_data_processing/dags/dag_raw_atms.py
[2024-07-16T05:42:46.280+0530] {processor.py:830} INFO - Processing file //home/kali/Desktop/projects/git/bank_data_processing/dags/dag_raw_atms.py for tasks to queue
[2024-07-16T05:42:46.285+0530] {logging_mixin.py:188} INFO - [2024-07-16T05:42:46.284+0530] {dagbag.py:545} INFO - Filling up the DagBag from //home/kali/Desktop/projects/git/bank_data_processing/dags/dag_raw_atms.py
[2024-07-16T05:42:47.174+0530] {logging_mixin.py:188} INFO - [2024-07-16T05:42:47.173+0530] {base.py:84} INFO - Using connection ID 'mysql_default' for task execution.
[2024-07-16T05:42:47.184+0530] {processor.py:840} INFO - DAG(s) 'raw_load_atms' retrieved from //home/kali/Desktop/projects/git/bank_data_processing/dags/dag_raw_atms.py
[2024-07-16T05:42:47.342+0530] {logging_mixin.py:188} INFO - [2024-07-16T05:42:47.341+0530] {dag.py:3096} INFO - Sync 1 DAGs
[2024-07-16T05:42:47.353+0530] {logging_mixin.py:188} INFO - [2024-07-16T05:42:47.352+0530] {dag.py:3954} INFO - Setting next_dagrun for raw_load_atms to None, run_after=None
[2024-07-16T05:42:47.377+0530] {processor.py:183} INFO - Processing //home/kali/Desktop/projects/git/bank_data_processing/dags/dag_raw_atms.py took 1.107 seconds
[2024-07-16T05:43:18.170+0530] {processor.py:161} INFO - Started process (PID=42681) to work on //home/kali/Desktop/projects/git/bank_data_processing/dags/dag_raw_atms.py
[2024-07-16T05:43:18.171+0530] {processor.py:830} INFO - Processing file //home/kali/Desktop/projects/git/bank_data_processing/dags/dag_raw_atms.py for tasks to queue
[2024-07-16T05:43:18.173+0530] {logging_mixin.py:188} INFO - [2024-07-16T05:43:18.173+0530] {dagbag.py:545} INFO - Filling up the DagBag from //home/kali/Desktop/projects/git/bank_data_processing/dags/dag_raw_atms.py
[2024-07-16T05:43:18.851+0530] {logging_mixin.py:188} INFO - [2024-07-16T05:43:18.851+0530] {base.py:84} INFO - Using connection ID 'mysql_default' for task execution.
[2024-07-16T05:43:18.861+0530] {processor.py:840} INFO - DAG(s) 'raw_load_atms' retrieved from //home/kali/Desktop/projects/git/bank_data_processing/dags/dag_raw_atms.py
[2024-07-16T05:43:18.997+0530] {logging_mixin.py:188} INFO - [2024-07-16T05:43:18.996+0530] {dag.py:3096} INFO - Sync 1 DAGs
[2024-07-16T05:43:19.013+0530] {logging_mixin.py:188} INFO - [2024-07-16T05:43:19.013+0530] {dag.py:3954} INFO - Setting next_dagrun for raw_load_atms to None, run_after=None
[2024-07-16T05:43:19.053+0530] {processor.py:183} INFO - Processing //home/kali/Desktop/projects/git/bank_data_processing/dags/dag_raw_atms.py took 0.890 seconds
[2024-07-16T05:43:49.743+0530] {processor.py:161} INFO - Started process (PID=43873) to work on //home/kali/Desktop/projects/git/bank_data_processing/dags/dag_raw_atms.py
[2024-07-16T05:43:49.747+0530] {processor.py:830} INFO - Processing file //home/kali/Desktop/projects/git/bank_data_processing/dags/dag_raw_atms.py for tasks to queue
[2024-07-16T05:43:49.755+0530] {logging_mixin.py:188} INFO - [2024-07-16T05:43:49.754+0530] {dagbag.py:545} INFO - Filling up the DagBag from //home/kali/Desktop/projects/git/bank_data_processing/dags/dag_raw_atms.py
[2024-07-16T05:43:50.483+0530] {logging_mixin.py:188} INFO - [2024-07-16T05:43:50.482+0530] {base.py:84} INFO - Using connection ID 'mysql_default' for task execution.
[2024-07-16T05:43:50.489+0530] {processor.py:840} INFO - DAG(s) 'raw_load_atms' retrieved from //home/kali/Desktop/projects/git/bank_data_processing/dags/dag_raw_atms.py
[2024-07-16T05:43:50.576+0530] {logging_mixin.py:188} INFO - [2024-07-16T05:43:50.576+0530] {dag.py:3096} INFO - Sync 1 DAGs
[2024-07-16T05:43:50.584+0530] {logging_mixin.py:188} INFO - [2024-07-16T05:43:50.584+0530] {dag.py:3954} INFO - Setting next_dagrun for raw_load_atms to None, run_after=None
[2024-07-16T05:43:50.607+0530] {processor.py:183} INFO - Processing //home/kali/Desktop/projects/git/bank_data_processing/dags/dag_raw_atms.py took 0.886 seconds
[2024-07-16T05:44:21.242+0530] {processor.py:161} INFO - Started process (PID=44853) to work on //home/kali/Desktop/projects/git/bank_data_processing/dags/dag_raw_atms.py
[2024-07-16T05:44:21.243+0530] {processor.py:830} INFO - Processing file //home/kali/Desktop/projects/git/bank_data_processing/dags/dag_raw_atms.py for tasks to queue
[2024-07-16T05:44:21.245+0530] {logging_mixin.py:188} INFO - [2024-07-16T05:44:21.245+0530] {dagbag.py:545} INFO - Filling up the DagBag from //home/kali/Desktop/projects/git/bank_data_processing/dags/dag_raw_atms.py
[2024-07-16T05:44:22.173+0530] {logging_mixin.py:188} INFO - [2024-07-16T05:44:22.172+0530] {base.py:84} INFO - Using connection ID 'mysql_default' for task execution.
[2024-07-16T05:44:22.184+0530] {processor.py:840} INFO - DAG(s) 'raw_load_atms' retrieved from //home/kali/Desktop/projects/git/bank_data_processing/dags/dag_raw_atms.py
[2024-07-16T05:44:22.353+0530] {logging_mixin.py:188} INFO - [2024-07-16T05:44:22.353+0530] {dag.py:3096} INFO - Sync 1 DAGs
[2024-07-16T05:44:22.367+0530] {logging_mixin.py:188} INFO - [2024-07-16T05:44:22.366+0530] {dag.py:3954} INFO - Setting next_dagrun for raw_load_atms to None, run_after=None
[2024-07-16T05:44:22.403+0530] {processor.py:183} INFO - Processing //home/kali/Desktop/projects/git/bank_data_processing/dags/dag_raw_atms.py took 1.171 seconds
[2024-07-16T05:44:52.463+0530] {processor.py:161} INFO - Started process (PID=45651) to work on //home/kali/Desktop/projects/git/bank_data_processing/dags/dag_raw_atms.py
[2024-07-16T05:44:52.466+0530] {processor.py:830} INFO - Processing file //home/kali/Desktop/projects/git/bank_data_processing/dags/dag_raw_atms.py for tasks to queue
[2024-07-16T05:44:52.467+0530] {logging_mixin.py:188} INFO - [2024-07-16T05:44:52.466+0530] {dagbag.py:545} INFO - Filling up the DagBag from //home/kali/Desktop/projects/git/bank_data_processing/dags/dag_raw_atms.py
[2024-07-16T05:44:53.075+0530] {logging_mixin.py:188} INFO - [2024-07-16T05:44:53.075+0530] {base.py:84} INFO - Using connection ID 'mysql_default' for task execution.
[2024-07-16T05:44:53.084+0530] {processor.py:840} INFO - DAG(s) 'raw_load_atms' retrieved from //home/kali/Desktop/projects/git/bank_data_processing/dags/dag_raw_atms.py
[2024-07-16T05:44:53.214+0530] {logging_mixin.py:188} INFO - [2024-07-16T05:44:53.213+0530] {dag.py:3096} INFO - Sync 1 DAGs
[2024-07-16T05:44:53.225+0530] {logging_mixin.py:188} INFO - [2024-07-16T05:44:53.224+0530] {dag.py:3954} INFO - Setting next_dagrun for raw_load_atms to None, run_after=None
[2024-07-16T05:44:53.256+0530] {processor.py:183} INFO - Processing //home/kali/Desktop/projects/git/bank_data_processing/dags/dag_raw_atms.py took 0.800 seconds
[2024-07-16T05:45:23.511+0530] {processor.py:161} INFO - Started process (PID=46150) to work on //home/kali/Desktop/projects/git/bank_data_processing/dags/dag_raw_atms.py
[2024-07-16T05:45:23.517+0530] {processor.py:830} INFO - Processing file //home/kali/Desktop/projects/git/bank_data_processing/dags/dag_raw_atms.py for tasks to queue
[2024-07-16T05:45:23.518+0530] {logging_mixin.py:188} INFO - [2024-07-16T05:45:23.517+0530] {dagbag.py:545} INFO - Filling up the DagBag from //home/kali/Desktop/projects/git/bank_data_processing/dags/dag_raw_atms.py
[2024-07-16T05:45:24.036+0530] {logging_mixin.py:188} INFO - [2024-07-16T05:45:24.035+0530] {base.py:84} INFO - Using connection ID 'mysql_default' for task execution.
[2024-07-16T05:45:24.042+0530] {processor.py:840} INFO - DAG(s) 'raw_load_atms' retrieved from //home/kali/Desktop/projects/git/bank_data_processing/dags/dag_raw_atms.py
[2024-07-16T05:45:24.152+0530] {logging_mixin.py:188} INFO - [2024-07-16T05:45:24.152+0530] {dag.py:3096} INFO - Sync 1 DAGs
[2024-07-16T05:45:24.164+0530] {logging_mixin.py:188} INFO - [2024-07-16T05:45:24.163+0530] {dag.py:3954} INFO - Setting next_dagrun for raw_load_atms to None, run_after=None
[2024-07-16T05:45:24.189+0530] {processor.py:183} INFO - Processing //home/kali/Desktop/projects/git/bank_data_processing/dags/dag_raw_atms.py took 0.686 seconds
[2024-07-16T05:45:54.703+0530] {processor.py:161} INFO - Started process (PID=46799) to work on //home/kali/Desktop/projects/git/bank_data_processing/dags/dag_raw_atms.py
[2024-07-16T05:45:54.707+0530] {processor.py:830} INFO - Processing file //home/kali/Desktop/projects/git/bank_data_processing/dags/dag_raw_atms.py for tasks to queue
[2024-07-16T05:45:54.709+0530] {logging_mixin.py:188} INFO - [2024-07-16T05:45:54.708+0530] {dagbag.py:545} INFO - Filling up the DagBag from //home/kali/Desktop/projects/git/bank_data_processing/dags/dag_raw_atms.py
[2024-07-16T05:45:55.326+0530] {logging_mixin.py:188} INFO - [2024-07-16T05:45:55.325+0530] {base.py:84} INFO - Using connection ID 'mysql_default' for task execution.
[2024-07-16T05:45:55.333+0530] {processor.py:840} INFO - DAG(s) 'raw_load_atms' retrieved from //home/kali/Desktop/projects/git/bank_data_processing/dags/dag_raw_atms.py
[2024-07-16T05:45:55.431+0530] {logging_mixin.py:188} INFO - [2024-07-16T05:45:55.431+0530] {dag.py:3096} INFO - Sync 1 DAGs
[2024-07-16T05:45:55.440+0530] {logging_mixin.py:188} INFO - [2024-07-16T05:45:55.439+0530] {dag.py:3954} INFO - Setting next_dagrun for raw_load_atms to None, run_after=None
[2024-07-16T05:45:55.460+0530] {processor.py:183} INFO - Processing //home/kali/Desktop/projects/git/bank_data_processing/dags/dag_raw_atms.py took 0.766 seconds
[2024-07-16T05:46:26.053+0530] {processor.py:161} INFO - Started process (PID=47450) to work on //home/kali/Desktop/projects/git/bank_data_processing/dags/dag_raw_atms.py
[2024-07-16T05:46:26.054+0530] {processor.py:830} INFO - Processing file //home/kali/Desktop/projects/git/bank_data_processing/dags/dag_raw_atms.py for tasks to queue
[2024-07-16T05:46:26.055+0530] {logging_mixin.py:188} INFO - [2024-07-16T05:46:26.055+0530] {dagbag.py:545} INFO - Filling up the DagBag from //home/kali/Desktop/projects/git/bank_data_processing/dags/dag_raw_atms.py
[2024-07-16T05:46:26.766+0530] {logging_mixin.py:188} INFO - [2024-07-16T05:46:26.765+0530] {base.py:84} INFO - Using connection ID 'mysql_default' for task execution.
[2024-07-16T05:46:26.778+0530] {processor.py:840} INFO - DAG(s) 'raw_load_atms' retrieved from //home/kali/Desktop/projects/git/bank_data_processing/dags/dag_raw_atms.py
[2024-07-16T05:46:26.960+0530] {logging_mixin.py:188} INFO - [2024-07-16T05:46:26.959+0530] {dag.py:3096} INFO - Sync 1 DAGs
[2024-07-16T05:46:26.980+0530] {logging_mixin.py:188} INFO - [2024-07-16T05:46:26.980+0530] {dag.py:3954} INFO - Setting next_dagrun for raw_load_atms to None, run_after=None
[2024-07-16T05:46:27.019+0530] {processor.py:183} INFO - Processing //home/kali/Desktop/projects/git/bank_data_processing/dags/dag_raw_atms.py took 0.977 seconds
[2024-07-16T05:46:57.097+0530] {processor.py:161} INFO - Started process (PID=47961) to work on //home/kali/Desktop/projects/git/bank_data_processing/dags/dag_raw_atms.py
[2024-07-16T05:46:57.098+0530] {processor.py:830} INFO - Processing file //home/kali/Desktop/projects/git/bank_data_processing/dags/dag_raw_atms.py for tasks to queue
[2024-07-16T05:46:57.099+0530] {logging_mixin.py:188} INFO - [2024-07-16T05:46:57.099+0530] {dagbag.py:545} INFO - Filling up the DagBag from //home/kali/Desktop/projects/git/bank_data_processing/dags/dag_raw_atms.py
[2024-07-16T05:46:57.643+0530] {logging_mixin.py:188} INFO - [2024-07-16T05:46:57.643+0530] {base.py:84} INFO - Using connection ID 'mysql_default' for task execution.
[2024-07-16T05:46:57.649+0530] {processor.py:840} INFO - DAG(s) 'raw_load_atms' retrieved from //home/kali/Desktop/projects/git/bank_data_processing/dags/dag_raw_atms.py
[2024-07-16T05:46:57.733+0530] {logging_mixin.py:188} INFO - [2024-07-16T05:46:57.733+0530] {dag.py:3096} INFO - Sync 1 DAGs
[2024-07-16T05:46:57.741+0530] {logging_mixin.py:188} INFO - [2024-07-16T05:46:57.741+0530] {dag.py:3954} INFO - Setting next_dagrun for raw_load_atms to None, run_after=None
[2024-07-16T05:46:57.766+0530] {processor.py:183} INFO - Processing //home/kali/Desktop/projects/git/bank_data_processing/dags/dag_raw_atms.py took 0.676 seconds
[2024-07-16T05:47:28.438+0530] {processor.py:161} INFO - Started process (PID=48466) to work on //home/kali/Desktop/projects/git/bank_data_processing/dags/dag_raw_atms.py
[2024-07-16T05:47:28.439+0530] {processor.py:830} INFO - Processing file //home/kali/Desktop/projects/git/bank_data_processing/dags/dag_raw_atms.py for tasks to queue
[2024-07-16T05:47:28.439+0530] {logging_mixin.py:188} INFO - [2024-07-16T05:47:28.439+0530] {dagbag.py:545} INFO - Filling up the DagBag from //home/kali/Desktop/projects/git/bank_data_processing/dags/dag_raw_atms.py
[2024-07-16T05:47:29.031+0530] {logging_mixin.py:188} INFO - [2024-07-16T05:47:29.030+0530] {base.py:84} INFO - Using connection ID 'mysql_default' for task execution.
[2024-07-16T05:47:29.038+0530] {processor.py:840} INFO - DAG(s) 'raw_load_atms' retrieved from //home/kali/Desktop/projects/git/bank_data_processing/dags/dag_raw_atms.py
[2024-07-16T05:47:29.040+0530] {logging_mixin.py:188} INFO - [2024-07-16T05:47:29.040+0530] {dag.py:3096} INFO - Sync 1 DAGs
[2024-07-16T05:47:29.050+0530] {logging_mixin.py:188} INFO - [2024-07-16T05:47:29.050+0530] {dag.py:3954} INFO - Setting next_dagrun for raw_load_atms to None, run_after=None
[2024-07-16T05:47:29.074+0530] {processor.py:183} INFO - Processing //home/kali/Desktop/projects/git/bank_data_processing/dags/dag_raw_atms.py took 0.646 seconds
[2024-07-16T05:47:59.422+0530] {processor.py:161} INFO - Started process (PID=48967) to work on //home/kali/Desktop/projects/git/bank_data_processing/dags/dag_raw_atms.py
[2024-07-16T05:47:59.423+0530] {processor.py:830} INFO - Processing file //home/kali/Desktop/projects/git/bank_data_processing/dags/dag_raw_atms.py for tasks to queue
[2024-07-16T05:47:59.426+0530] {logging_mixin.py:188} INFO - [2024-07-16T05:47:59.424+0530] {dagbag.py:545} INFO - Filling up the DagBag from //home/kali/Desktop/projects/git/bank_data_processing/dags/dag_raw_atms.py
[2024-07-16T05:48:00.349+0530] {logging_mixin.py:188} INFO - [2024-07-16T05:48:00.348+0530] {base.py:84} INFO - Using connection ID 'mysql_default' for task execution.
[2024-07-16T05:48:00.358+0530] {processor.py:840} INFO - DAG(s) 'raw_load_atms' retrieved from //home/kali/Desktop/projects/git/bank_data_processing/dags/dag_raw_atms.py
[2024-07-16T05:48:00.478+0530] {logging_mixin.py:188} INFO - [2024-07-16T05:48:00.478+0530] {dag.py:3096} INFO - Sync 1 DAGs
[2024-07-16T05:48:00.488+0530] {logging_mixin.py:188} INFO - [2024-07-16T05:48:00.488+0530] {dag.py:3954} INFO - Setting next_dagrun for raw_load_atms to None, run_after=None
[2024-07-16T05:48:00.521+0530] {processor.py:183} INFO - Processing //home/kali/Desktop/projects/git/bank_data_processing/dags/dag_raw_atms.py took 1.110 seconds
[2024-07-16T05:48:30.720+0530] {processor.py:161} INFO - Started process (PID=49579) to work on //home/kali/Desktop/projects/git/bank_data_processing/dags/dag_raw_atms.py
[2024-07-16T05:48:30.721+0530] {processor.py:830} INFO - Processing file //home/kali/Desktop/projects/git/bank_data_processing/dags/dag_raw_atms.py for tasks to queue
[2024-07-16T05:48:30.721+0530] {logging_mixin.py:188} INFO - [2024-07-16T05:48:30.721+0530] {dagbag.py:545} INFO - Filling up the DagBag from //home/kali/Desktop/projects/git/bank_data_processing/dags/dag_raw_atms.py
[2024-07-16T05:48:31.211+0530] {logging_mixin.py:188} INFO - [2024-07-16T05:48:31.210+0530] {base.py:84} INFO - Using connection ID 'mysql_default' for task execution.
[2024-07-16T05:48:31.218+0530] {processor.py:840} INFO - DAG(s) 'raw_load_atms' retrieved from //home/kali/Desktop/projects/git/bank_data_processing/dags/dag_raw_atms.py
[2024-07-16T05:48:31.310+0530] {logging_mixin.py:188} INFO - [2024-07-16T05:48:31.310+0530] {dag.py:3096} INFO - Sync 1 DAGs
[2024-07-16T05:48:31.318+0530] {logging_mixin.py:188} INFO - [2024-07-16T05:48:31.318+0530] {dag.py:3954} INFO - Setting next_dagrun for raw_load_atms to None, run_after=None
[2024-07-16T05:48:31.336+0530] {processor.py:183} INFO - Processing //home/kali/Desktop/projects/git/bank_data_processing/dags/dag_raw_atms.py took 0.624 seconds
[2024-07-16T05:48:39.196+0530] {processor.py:161} INFO - Started process (PID=49967) to work on //home/kali/Desktop/projects/git/bank_data_processing/dags/dag_raw_atms.py
[2024-07-16T05:48:39.199+0530] {processor.py:830} INFO - Processing file //home/kali/Desktop/projects/git/bank_data_processing/dags/dag_raw_atms.py for tasks to queue
[2024-07-16T05:48:39.201+0530] {logging_mixin.py:188} INFO - [2024-07-16T05:48:39.200+0530] {dagbag.py:545} INFO - Filling up the DagBag from //home/kali/Desktop/projects/git/bank_data_processing/dags/dag_raw_atms.py
[2024-07-16T05:48:39.885+0530] {logging_mixin.py:188} INFO - [2024-07-16T05:48:39.885+0530] {base.py:84} INFO - Using connection ID 'mysql_default' for task execution.
[2024-07-16T05:48:39.898+0530] {processor.py:840} INFO - DAG(s) 'raw_load_atms' retrieved from //home/kali/Desktop/projects/git/bank_data_processing/dags/dag_raw_atms.py
[2024-07-16T05:48:39.906+0530] {logging_mixin.py:188} INFO - [2024-07-16T05:48:39.904+0530] {dag.py:3096} INFO - Sync 1 DAGs
[2024-07-16T05:48:39.922+0530] {logging_mixin.py:188} INFO - [2024-07-16T05:48:39.922+0530] {dag.py:3954} INFO - Setting next_dagrun for raw_load_atms to None, run_after=None
[2024-07-16T05:48:39.951+0530] {processor.py:183} INFO - Processing //home/kali/Desktop/projects/git/bank_data_processing/dags/dag_raw_atms.py took 0.764 seconds
[2024-07-16T05:49:11.790+0530] {processor.py:161} INFO - Started process (PID=50735) to work on //home/kali/Desktop/projects/git/bank_data_processing/dags/dag_raw_atms.py
[2024-07-16T05:49:11.791+0530] {processor.py:830} INFO - Processing file //home/kali/Desktop/projects/git/bank_data_processing/dags/dag_raw_atms.py for tasks to queue
[2024-07-16T05:49:11.791+0530] {logging_mixin.py:188} INFO - [2024-07-16T05:49:11.791+0530] {dagbag.py:545} INFO - Filling up the DagBag from //home/kali/Desktop/projects/git/bank_data_processing/dags/dag_raw_atms.py
[2024-07-16T05:49:12.535+0530] {logging_mixin.py:188} INFO - [2024-07-16T05:49:12.534+0530] {base.py:84} INFO - Using connection ID 'mysql_default' for task execution.
[2024-07-16T05:49:12.540+0530] {processor.py:840} INFO - DAG(s) 'raw_load_atms' retrieved from //home/kali/Desktop/projects/git/bank_data_processing/dags/dag_raw_atms.py
[2024-07-16T05:49:12.545+0530] {logging_mixin.py:188} INFO - [2024-07-16T05:49:12.545+0530] {dag.py:3096} INFO - Sync 1 DAGs
[2024-07-16T05:49:12.557+0530] {logging_mixin.py:188} INFO - [2024-07-16T05:49:12.557+0530] {dag.py:3954} INFO - Setting next_dagrun for raw_load_atms to None, run_after=None
[2024-07-16T05:49:12.583+0530] {processor.py:183} INFO - Processing //home/kali/Desktop/projects/git/bank_data_processing/dags/dag_raw_atms.py took 0.801 seconds
[2024-07-16T05:49:43.891+0530] {processor.py:161} INFO - Started process (PID=51559) to work on //home/kali/Desktop/projects/git/bank_data_processing/dags/dag_raw_atms.py
[2024-07-16T05:49:43.892+0530] {processor.py:830} INFO - Processing file //home/kali/Desktop/projects/git/bank_data_processing/dags/dag_raw_atms.py for tasks to queue
[2024-07-16T05:49:43.893+0530] {logging_mixin.py:188} INFO - [2024-07-16T05:49:43.893+0530] {dagbag.py:545} INFO - Filling up the DagBag from //home/kali/Desktop/projects/git/bank_data_processing/dags/dag_raw_atms.py
[2024-07-16T05:49:44.504+0530] {logging_mixin.py:188} INFO - [2024-07-16T05:49:44.504+0530] {base.py:84} INFO - Using connection ID 'mysql_default' for task execution.
[2024-07-16T05:49:44.508+0530] {processor.py:840} INFO - DAG(s) 'raw_load_atms' retrieved from //home/kali/Desktop/projects/git/bank_data_processing/dags/dag_raw_atms.py
[2024-07-16T05:49:44.613+0530] {logging_mixin.py:188} INFO - [2024-07-16T05:49:44.612+0530] {dag.py:3096} INFO - Sync 1 DAGs
[2024-07-16T05:49:44.624+0530] {logging_mixin.py:188} INFO - [2024-07-16T05:49:44.624+0530] {dag.py:3954} INFO - Setting next_dagrun for raw_load_atms to None, run_after=None
[2024-07-16T05:49:44.656+0530] {processor.py:183} INFO - Processing //home/kali/Desktop/projects/git/bank_data_processing/dags/dag_raw_atms.py took 0.772 seconds
[2024-07-16T05:50:15.478+0530] {processor.py:161} INFO - Started process (PID=52455) to work on //home/kali/Desktop/projects/git/bank_data_processing/dags/dag_raw_atms.py
[2024-07-16T05:50:15.481+0530] {processor.py:830} INFO - Processing file //home/kali/Desktop/projects/git/bank_data_processing/dags/dag_raw_atms.py for tasks to queue
[2024-07-16T05:50:15.482+0530] {logging_mixin.py:188} INFO - [2024-07-16T05:50:15.482+0530] {dagbag.py:545} INFO - Filling up the DagBag from //home/kali/Desktop/projects/git/bank_data_processing/dags/dag_raw_atms.py
[2024-07-16T05:50:16.270+0530] {logging_mixin.py:188} INFO - [2024-07-16T05:50:16.269+0530] {base.py:84} INFO - Using connection ID 'mysql_default' for task execution.
[2024-07-16T05:50:16.275+0530] {processor.py:840} INFO - DAG(s) 'raw_load_atms' retrieved from //home/kali/Desktop/projects/git/bank_data_processing/dags/dag_raw_atms.py
[2024-07-16T05:50:16.406+0530] {logging_mixin.py:188} INFO - [2024-07-16T05:50:16.406+0530] {dag.py:3096} INFO - Sync 1 DAGs
[2024-07-16T05:50:16.421+0530] {logging_mixin.py:188} INFO - [2024-07-16T05:50:16.421+0530] {dag.py:3954} INFO - Setting next_dagrun for raw_load_atms to None, run_after=None
[2024-07-16T05:50:16.451+0530] {processor.py:183} INFO - Processing //home/kali/Desktop/projects/git/bank_data_processing/dags/dag_raw_atms.py took 0.985 seconds
[2024-07-16T05:50:46.554+0530] {processor.py:161} INFO - Started process (PID=53391) to work on //home/kali/Desktop/projects/git/bank_data_processing/dags/dag_raw_atms.py
[2024-07-16T05:50:46.555+0530] {processor.py:830} INFO - Processing file //home/kali/Desktop/projects/git/bank_data_processing/dags/dag_raw_atms.py for tasks to queue
[2024-07-16T05:50:46.556+0530] {logging_mixin.py:188} INFO - [2024-07-16T05:50:46.556+0530] {dagbag.py:545} INFO - Filling up the DagBag from //home/kali/Desktop/projects/git/bank_data_processing/dags/dag_raw_atms.py
[2024-07-16T05:50:47.106+0530] {logging_mixin.py:188} INFO - [2024-07-16T05:50:47.106+0530] {base.py:84} INFO - Using connection ID 'mysql_default' for task execution.
[2024-07-16T05:50:47.110+0530] {processor.py:840} INFO - DAG(s) 'raw_load_atms' retrieved from //home/kali/Desktop/projects/git/bank_data_processing/dags/dag_raw_atms.py
[2024-07-16T05:50:47.191+0530] {logging_mixin.py:188} INFO - [2024-07-16T05:50:47.191+0530] {dag.py:3096} INFO - Sync 1 DAGs
[2024-07-16T05:50:47.200+0530] {logging_mixin.py:188} INFO - [2024-07-16T05:50:47.199+0530] {dag.py:3954} INFO - Setting next_dagrun for raw_load_atms to None, run_after=None
[2024-07-16T05:50:47.222+0530] {processor.py:183} INFO - Processing //home/kali/Desktop/projects/git/bank_data_processing/dags/dag_raw_atms.py took 0.673 seconds
[2024-07-16T05:51:17.397+0530] {processor.py:161} INFO - Started process (PID=54184) to work on //home/kali/Desktop/projects/git/bank_data_processing/dags/dag_raw_atms.py
[2024-07-16T05:51:17.398+0530] {processor.py:830} INFO - Processing file //home/kali/Desktop/projects/git/bank_data_processing/dags/dag_raw_atms.py for tasks to queue
[2024-07-16T05:51:17.399+0530] {logging_mixin.py:188} INFO - [2024-07-16T05:51:17.399+0530] {dagbag.py:545} INFO - Filling up the DagBag from //home/kali/Desktop/projects/git/bank_data_processing/dags/dag_raw_atms.py
[2024-07-16T05:51:17.915+0530] {logging_mixin.py:188} INFO - [2024-07-16T05:51:17.914+0530] {base.py:84} INFO - Using connection ID 'mysql_default' for task execution.
[2024-07-16T05:51:17.918+0530] {processor.py:840} INFO - DAG(s) 'raw_load_atms' retrieved from //home/kali/Desktop/projects/git/bank_data_processing/dags/dag_raw_atms.py
[2024-07-16T05:51:18.001+0530] {logging_mixin.py:188} INFO - [2024-07-16T05:51:18.000+0530] {dag.py:3096} INFO - Sync 1 DAGs
[2024-07-16T05:51:18.008+0530] {logging_mixin.py:188} INFO - [2024-07-16T05:51:18.008+0530] {dag.py:3954} INFO - Setting next_dagrun for raw_load_atms to None, run_after=None
[2024-07-16T05:51:18.028+0530] {processor.py:183} INFO - Processing //home/kali/Desktop/projects/git/bank_data_processing/dags/dag_raw_atms.py took 0.637 seconds
[2024-07-16T05:51:48.185+0530] {processor.py:161} INFO - Started process (PID=54808) to work on //home/kali/Desktop/projects/git/bank_data_processing/dags/dag_raw_atms.py
[2024-07-16T05:51:48.186+0530] {processor.py:830} INFO - Processing file //home/kali/Desktop/projects/git/bank_data_processing/dags/dag_raw_atms.py for tasks to queue
[2024-07-16T05:51:48.187+0530] {logging_mixin.py:188} INFO - [2024-07-16T05:51:48.186+0530] {dagbag.py:545} INFO - Filling up the DagBag from //home/kali/Desktop/projects/git/bank_data_processing/dags/dag_raw_atms.py
[2024-07-16T05:51:49.001+0530] {logging_mixin.py:188} INFO - [2024-07-16T05:51:49.000+0530] {base.py:84} INFO - Using connection ID 'mysql_default' for task execution.
[2024-07-16T05:51:49.008+0530] {processor.py:840} INFO - DAG(s) 'raw_load_atms' retrieved from //home/kali/Desktop/projects/git/bank_data_processing/dags/dag_raw_atms.py
[2024-07-16T05:51:49.136+0530] {logging_mixin.py:188} INFO - [2024-07-16T05:51:49.136+0530] {dag.py:3096} INFO - Sync 1 DAGs
[2024-07-16T05:51:49.144+0530] {logging_mixin.py:188} INFO - [2024-07-16T05:51:49.144+0530] {dag.py:3954} INFO - Setting next_dagrun for raw_load_atms to None, run_after=None
[2024-07-16T05:51:49.163+0530] {processor.py:183} INFO - Processing //home/kali/Desktop/projects/git/bank_data_processing/dags/dag_raw_atms.py took 0.985 seconds
[2024-07-16T05:52:19.868+0530] {processor.py:161} INFO - Started process (PID=55513) to work on //home/kali/Desktop/projects/git/bank_data_processing/dags/dag_raw_atms.py
[2024-07-16T05:52:19.870+0530] {processor.py:830} INFO - Processing file //home/kali/Desktop/projects/git/bank_data_processing/dags/dag_raw_atms.py for tasks to queue
[2024-07-16T05:52:19.871+0530] {logging_mixin.py:188} INFO - [2024-07-16T05:52:19.871+0530] {dagbag.py:545} INFO - Filling up the DagBag from //home/kali/Desktop/projects/git/bank_data_processing/dags/dag_raw_atms.py
[2024-07-16T05:52:20.735+0530] {logging_mixin.py:188} INFO - [2024-07-16T05:52:20.735+0530] {base.py:84} INFO - Using connection ID 'mysql_default' for task execution.
[2024-07-16T05:52:20.739+0530] {processor.py:840} INFO - DAG(s) 'raw_load_atms' retrieved from //home/kali/Desktop/projects/git/bank_data_processing/dags/dag_raw_atms.py
[2024-07-16T05:52:20.873+0530] {logging_mixin.py:188} INFO - [2024-07-16T05:52:20.873+0530] {dag.py:3096} INFO - Sync 1 DAGs
[2024-07-16T05:52:20.887+0530] {logging_mixin.py:188} INFO - [2024-07-16T05:52:20.887+0530] {dag.py:3954} INFO - Setting next_dagrun for raw_load_atms to None, run_after=None
[2024-07-16T05:52:20.919+0530] {processor.py:183} INFO - Processing //home/kali/Desktop/projects/git/bank_data_processing/dags/dag_raw_atms.py took 1.062 seconds
[2024-07-16T05:52:51.011+0530] {processor.py:161} INFO - Started process (PID=56285) to work on //home/kali/Desktop/projects/git/bank_data_processing/dags/dag_raw_atms.py
[2024-07-16T05:52:51.012+0530] {processor.py:830} INFO - Processing file //home/kali/Desktop/projects/git/bank_data_processing/dags/dag_raw_atms.py for tasks to queue
[2024-07-16T05:52:51.013+0530] {logging_mixin.py:188} INFO - [2024-07-16T05:52:51.013+0530] {dagbag.py:545} INFO - Filling up the DagBag from //home/kali/Desktop/projects/git/bank_data_processing/dags/dag_raw_atms.py
[2024-07-16T05:52:51.482+0530] {logging_mixin.py:188} INFO - [2024-07-16T05:52:51.481+0530] {base.py:84} INFO - Using connection ID 'mysql_default' for task execution.
[2024-07-16T05:52:51.485+0530] {processor.py:840} INFO - DAG(s) 'raw_load_atms' retrieved from //home/kali/Desktop/projects/git/bank_data_processing/dags/dag_raw_atms.py
[2024-07-16T05:52:51.570+0530] {logging_mixin.py:188} INFO - [2024-07-16T05:52:51.570+0530] {dag.py:3096} INFO - Sync 1 DAGs
[2024-07-16T05:52:51.577+0530] {logging_mixin.py:188} INFO - [2024-07-16T05:52:51.577+0530] {dag.py:3954} INFO - Setting next_dagrun for raw_load_atms to None, run_after=None
[2024-07-16T05:52:51.605+0530] {processor.py:183} INFO - Processing //home/kali/Desktop/projects/git/bank_data_processing/dags/dag_raw_atms.py took 0.600 seconds
[2024-07-16T05:53:21.725+0530] {processor.py:161} INFO - Started process (PID=57035) to work on //home/kali/Desktop/projects/git/bank_data_processing/dags/dag_raw_atms.py
[2024-07-16T05:53:21.726+0530] {processor.py:830} INFO - Processing file //home/kali/Desktop/projects/git/bank_data_processing/dags/dag_raw_atms.py for tasks to queue
[2024-07-16T05:53:21.727+0530] {logging_mixin.py:188} INFO - [2024-07-16T05:53:21.726+0530] {dagbag.py:545} INFO - Filling up the DagBag from //home/kali/Desktop/projects/git/bank_data_processing/dags/dag_raw_atms.py
[2024-07-16T05:53:22.194+0530] {logging_mixin.py:188} INFO - [2024-07-16T05:53:22.194+0530] {base.py:84} INFO - Using connection ID 'mysql_default' for task execution.
[2024-07-16T05:53:22.198+0530] {processor.py:840} INFO - DAG(s) 'raw_load_atms' retrieved from //home/kali/Desktop/projects/git/bank_data_processing/dags/dag_raw_atms.py
[2024-07-16T05:53:22.279+0530] {logging_mixin.py:188} INFO - [2024-07-16T05:53:22.279+0530] {dag.py:3096} INFO - Sync 1 DAGs
[2024-07-16T05:53:22.286+0530] {logging_mixin.py:188} INFO - [2024-07-16T05:53:22.286+0530] {dag.py:3954} INFO - Setting next_dagrun for raw_load_atms to None, run_after=None
[2024-07-16T05:53:22.302+0530] {processor.py:183} INFO - Processing //home/kali/Desktop/projects/git/bank_data_processing/dags/dag_raw_atms.py took 0.584 seconds
[2024-07-16T05:53:52.356+0530] {processor.py:161} INFO - Started process (PID=57723) to work on //home/kali/Desktop/projects/git/bank_data_processing/dags/dag_raw_atms.py
[2024-07-16T05:53:52.357+0530] {processor.py:830} INFO - Processing file //home/kali/Desktop/projects/git/bank_data_processing/dags/dag_raw_atms.py for tasks to queue
[2024-07-16T05:53:52.358+0530] {logging_mixin.py:188} INFO - [2024-07-16T05:53:52.358+0530] {dagbag.py:545} INFO - Filling up the DagBag from //home/kali/Desktop/projects/git/bank_data_processing/dags/dag_raw_atms.py
[2024-07-16T05:53:52.992+0530] {logging_mixin.py:188} INFO - [2024-07-16T05:53:52.991+0530] {base.py:84} INFO - Using connection ID 'mysql_default' for task execution.
[2024-07-16T05:53:52.996+0530] {processor.py:840} INFO - DAG(s) 'raw_load_atms' retrieved from //home/kali/Desktop/projects/git/bank_data_processing/dags/dag_raw_atms.py
[2024-07-16T05:53:53.101+0530] {logging_mixin.py:188} INFO - [2024-07-16T05:53:53.100+0530] {dag.py:3096} INFO - Sync 1 DAGs
[2024-07-16T05:53:53.111+0530] {logging_mixin.py:188} INFO - [2024-07-16T05:53:53.110+0530] {dag.py:3954} INFO - Setting next_dagrun for raw_load_atms to None, run_after=None
[2024-07-16T05:53:53.134+0530] {processor.py:183} INFO - Processing //home/kali/Desktop/projects/git/bank_data_processing/dags/dag_raw_atms.py took 0.786 seconds
[2024-07-16T05:54:23.654+0530] {processor.py:161} INFO - Started process (PID=58232) to work on //home/kali/Desktop/projects/git/bank_data_processing/dags/dag_raw_atms.py
[2024-07-16T05:54:23.655+0530] {processor.py:830} INFO - Processing file //home/kali/Desktop/projects/git/bank_data_processing/dags/dag_raw_atms.py for tasks to queue
[2024-07-16T05:54:23.656+0530] {logging_mixin.py:188} INFO - [2024-07-16T05:54:23.656+0530] {dagbag.py:545} INFO - Filling up the DagBag from //home/kali/Desktop/projects/git/bank_data_processing/dags/dag_raw_atms.py
[2024-07-16T05:54:24.191+0530] {logging_mixin.py:188} INFO - [2024-07-16T05:54:24.190+0530] {base.py:84} INFO - Using connection ID 'mysql_default' for task execution.
[2024-07-16T05:54:24.194+0530] {processor.py:840} INFO - DAG(s) 'raw_load_atms' retrieved from //home/kali/Desktop/projects/git/bank_data_processing/dags/dag_raw_atms.py
[2024-07-16T05:54:24.207+0530] {logging_mixin.py:188} INFO - [2024-07-16T05:54:24.207+0530] {dag.py:3096} INFO - Sync 1 DAGs
[2024-07-16T05:54:24.215+0530] {logging_mixin.py:188} INFO - [2024-07-16T05:54:24.214+0530] {dag.py:3954} INFO - Setting next_dagrun for raw_load_atms to None, run_after=None
[2024-07-16T05:54:24.231+0530] {processor.py:183} INFO - Processing //home/kali/Desktop/projects/git/bank_data_processing/dags/dag_raw_atms.py took 0.583 seconds
[2024-07-16T05:54:54.949+0530] {processor.py:161} INFO - Started process (PID=59186) to work on //home/kali/Desktop/projects/git/bank_data_processing/dags/dag_raw_atms.py
[2024-07-16T05:54:54.957+0530] {processor.py:830} INFO - Processing file //home/kali/Desktop/projects/git/bank_data_processing/dags/dag_raw_atms.py for tasks to queue
[2024-07-16T05:54:54.957+0530] {logging_mixin.py:188} INFO - [2024-07-16T05:54:54.957+0530] {dagbag.py:545} INFO - Filling up the DagBag from //home/kali/Desktop/projects/git/bank_data_processing/dags/dag_raw_atms.py
[2024-07-16T05:54:55.536+0530] {logging_mixin.py:188} INFO - [2024-07-16T05:54:55.535+0530] {base.py:84} INFO - Using connection ID 'mysql_default' for task execution.
[2024-07-16T05:54:55.539+0530] {processor.py:840} INFO - DAG(s) 'raw_load_atms' retrieved from //home/kali/Desktop/projects/git/bank_data_processing/dags/dag_raw_atms.py
[2024-07-16T05:54:55.541+0530] {logging_mixin.py:188} INFO - [2024-07-16T05:54:55.541+0530] {dag.py:3096} INFO - Sync 1 DAGs
[2024-07-16T05:54:55.550+0530] {logging_mixin.py:188} INFO - [2024-07-16T05:54:55.550+0530] {dag.py:3954} INFO - Setting next_dagrun for raw_load_atms to None, run_after=None
[2024-07-16T05:54:55.570+0530] {processor.py:183} INFO - Processing //home/kali/Desktop/projects/git/bank_data_processing/dags/dag_raw_atms.py took 0.630 seconds
[2024-07-16T05:55:26.797+0530] {processor.py:161} INFO - Started process (PID=59896) to work on //home/kali/Desktop/projects/git/bank_data_processing/dags/dag_raw_atms.py
[2024-07-16T05:55:26.798+0530] {processor.py:830} INFO - Processing file //home/kali/Desktop/projects/git/bank_data_processing/dags/dag_raw_atms.py for tasks to queue
[2024-07-16T05:55:26.799+0530] {logging_mixin.py:188} INFO - [2024-07-16T05:55:26.798+0530] {dagbag.py:545} INFO - Filling up the DagBag from //home/kali/Desktop/projects/git/bank_data_processing/dags/dag_raw_atms.py
[2024-07-16T05:55:27.443+0530] {logging_mixin.py:188} INFO - [2024-07-16T05:55:27.443+0530] {base.py:84} INFO - Using connection ID 'mysql_default' for task execution.
[2024-07-16T05:55:27.446+0530] {processor.py:840} INFO - DAG(s) 'raw_load_atms' retrieved from //home/kali/Desktop/projects/git/bank_data_processing/dags/dag_raw_atms.py
[2024-07-16T05:55:27.544+0530] {logging_mixin.py:188} INFO - [2024-07-16T05:55:27.544+0530] {dag.py:3096} INFO - Sync 1 DAGs
[2024-07-16T05:55:27.554+0530] {logging_mixin.py:188} INFO - [2024-07-16T05:55:27.553+0530] {dag.py:3954} INFO - Setting next_dagrun for raw_load_atms to None, run_after=None
[2024-07-16T05:55:27.576+0530] {processor.py:183} INFO - Processing //home/kali/Desktop/projects/git/bank_data_processing/dags/dag_raw_atms.py took 0.788 seconds
[2024-07-16T05:55:57.806+0530] {processor.py:161} INFO - Started process (PID=60673) to work on //home/kali/Desktop/projects/git/bank_data_processing/dags/dag_raw_atms.py
[2024-07-16T05:55:57.807+0530] {processor.py:830} INFO - Processing file //home/kali/Desktop/projects/git/bank_data_processing/dags/dag_raw_atms.py for tasks to queue
[2024-07-16T05:55:57.808+0530] {logging_mixin.py:188} INFO - [2024-07-16T05:55:57.807+0530] {dagbag.py:545} INFO - Filling up the DagBag from //home/kali/Desktop/projects/git/bank_data_processing/dags/dag_raw_atms.py
[2024-07-16T05:55:58.358+0530] {logging_mixin.py:188} INFO - [2024-07-16T05:55:58.358+0530] {base.py:84} INFO - Using connection ID 'mysql_default' for task execution.
[2024-07-16T05:55:58.361+0530] {processor.py:840} INFO - DAG(s) 'raw_load_atms' retrieved from //home/kali/Desktop/projects/git/bank_data_processing/dags/dag_raw_atms.py
[2024-07-16T05:55:58.458+0530] {logging_mixin.py:188} INFO - [2024-07-16T05:55:58.458+0530] {dag.py:3096} INFO - Sync 1 DAGs
[2024-07-16T05:55:58.466+0530] {logging_mixin.py:188} INFO - [2024-07-16T05:55:58.466+0530] {dag.py:3954} INFO - Setting next_dagrun for raw_load_atms to None, run_after=None
[2024-07-16T05:55:58.485+0530] {processor.py:183} INFO - Processing //home/kali/Desktop/projects/git/bank_data_processing/dags/dag_raw_atms.py took 0.686 seconds
[2024-07-16T05:56:29.122+0530] {processor.py:161} INFO - Started process (PID=61434) to work on //home/kali/Desktop/projects/git/bank_data_processing/dags/dag_raw_atms.py
[2024-07-16T05:56:29.125+0530] {processor.py:830} INFO - Processing file //home/kali/Desktop/projects/git/bank_data_processing/dags/dag_raw_atms.py for tasks to queue
[2024-07-16T05:56:29.127+0530] {logging_mixin.py:188} INFO - [2024-07-16T05:56:29.126+0530] {dagbag.py:545} INFO - Filling up the DagBag from //home/kali/Desktop/projects/git/bank_data_processing/dags/dag_raw_atms.py
[2024-07-16T05:56:29.760+0530] {logging_mixin.py:188} INFO - [2024-07-16T05:56:29.760+0530] {base.py:84} INFO - Using connection ID 'mysql_default' for task execution.
[2024-07-16T05:56:29.764+0530] {processor.py:840} INFO - DAG(s) 'raw_load_atms' retrieved from //home/kali/Desktop/projects/git/bank_data_processing/dags/dag_raw_atms.py
[2024-07-16T05:56:29.907+0530] {logging_mixin.py:188} INFO - [2024-07-16T05:56:29.907+0530] {dag.py:3096} INFO - Sync 1 DAGs
[2024-07-16T05:56:29.918+0530] {logging_mixin.py:188} INFO - [2024-07-16T05:56:29.918+0530] {dag.py:3954} INFO - Setting next_dagrun for raw_load_atms to None, run_after=None
[2024-07-16T05:56:29.941+0530] {processor.py:183} INFO - Processing //home/kali/Desktop/projects/git/bank_data_processing/dags/dag_raw_atms.py took 0.828 seconds
[2024-07-16T05:57:00.820+0530] {processor.py:161} INFO - Started process (PID=62236) to work on //home/kali/Desktop/projects/git/bank_data_processing/dags/dag_raw_atms.py
[2024-07-16T05:57:00.821+0530] {processor.py:830} INFO - Processing file //home/kali/Desktop/projects/git/bank_data_processing/dags/dag_raw_atms.py for tasks to queue
[2024-07-16T05:57:00.823+0530] {logging_mixin.py:188} INFO - [2024-07-16T05:57:00.822+0530] {dagbag.py:545} INFO - Filling up the DagBag from //home/kali/Desktop/projects/git/bank_data_processing/dags/dag_raw_atms.py
[2024-07-16T05:57:01.482+0530] {logging_mixin.py:188} INFO - [2024-07-16T05:57:01.482+0530] {base.py:84} INFO - Using connection ID 'mysql_default' for task execution.
[2024-07-16T05:57:01.486+0530] {processor.py:840} INFO - DAG(s) 'raw_load_atms' retrieved from //home/kali/Desktop/projects/git/bank_data_processing/dags/dag_raw_atms.py
[2024-07-16T05:57:01.578+0530] {logging_mixin.py:188} INFO - [2024-07-16T05:57:01.578+0530] {dag.py:3096} INFO - Sync 1 DAGs
[2024-07-16T05:57:01.587+0530] {logging_mixin.py:188} INFO - [2024-07-16T05:57:01.587+0530] {dag.py:3954} INFO - Setting next_dagrun for raw_load_atms to None, run_after=None
[2024-07-16T05:57:01.615+0530] {processor.py:183} INFO - Processing //home/kali/Desktop/projects/git/bank_data_processing/dags/dag_raw_atms.py took 0.809 seconds
