[2024-07-16T05:30:17.591+0530] {processor.py:161} INFO - Started process (PID=24516) to work on //home/kali/Desktop/projects/git/bank_data_processing/dags/dag_raw_branches.py
[2024-07-16T05:30:17.592+0530] {processor.py:830} INFO - Processing file //home/kali/Desktop/projects/git/bank_data_processing/dags/dag_raw_branches.py for tasks to queue
[2024-07-16T05:30:17.595+0530] {logging_mixin.py:188} INFO - [2024-07-16T05:30:17.594+0530] {dagbag.py:545} INFO - Filling up the DagBag from //home/kali/Desktop/projects/git/bank_data_processing/dags/dag_raw_branches.py
[2024-07-16T05:30:18.232+0530] {logging_mixin.py:188} INFO - [2024-07-16T05:30:18.231+0530] {base.py:84} INFO - Using connection ID 'mysql_default' for task execution.
[2024-07-16T05:30:18.239+0530] {processor.py:840} INFO - DAG(s) 'raw_load_branches' retrieved from //home/kali/Desktop/projects/git/bank_data_processing/dags/dag_raw_branches.py
[2024-07-16T05:30:18.413+0530] {logging_mixin.py:188} INFO - [2024-07-16T05:30:18.412+0530] {dag.py:3096} INFO - Sync 1 DAGs
[2024-07-16T05:30:18.435+0530] {logging_mixin.py:188} INFO - [2024-07-16T05:30:18.435+0530] {dag.py:3954} INFO - Setting next_dagrun for raw_load_branches to None, run_after=None
[2024-07-16T05:30:18.475+0530] {processor.py:183} INFO - Processing //home/kali/Desktop/projects/git/bank_data_processing/dags/dag_raw_branches.py took 0.890 seconds
[2024-07-16T05:30:48.562+0530] {processor.py:161} INFO - Started process (PID=25028) to work on //home/kali/Desktop/projects/git/bank_data_processing/dags/dag_raw_branches.py
[2024-07-16T05:30:48.568+0530] {processor.py:830} INFO - Processing file //home/kali/Desktop/projects/git/bank_data_processing/dags/dag_raw_branches.py for tasks to queue
[2024-07-16T05:30:48.571+0530] {logging_mixin.py:188} INFO - [2024-07-16T05:30:48.571+0530] {dagbag.py:545} INFO - Filling up the DagBag from //home/kali/Desktop/projects/git/bank_data_processing/dags/dag_raw_branches.py
[2024-07-16T05:30:49.186+0530] {logging_mixin.py:188} INFO - [2024-07-16T05:30:49.185+0530] {base.py:84} INFO - Using connection ID 'mysql_default' for task execution.
[2024-07-16T05:30:49.194+0530] {processor.py:840} INFO - DAG(s) 'raw_load_branches' retrieved from //home/kali/Desktop/projects/git/bank_data_processing/dags/dag_raw_branches.py
[2024-07-16T05:30:49.278+0530] {logging_mixin.py:188} INFO - [2024-07-16T05:30:49.278+0530] {dag.py:3096} INFO - Sync 1 DAGs
[2024-07-16T05:30:49.286+0530] {logging_mixin.py:188} INFO - [2024-07-16T05:30:49.285+0530] {dag.py:3954} INFO - Setting next_dagrun for raw_load_branches to None, run_after=None
[2024-07-16T05:30:49.303+0530] {processor.py:183} INFO - Processing //home/kali/Desktop/projects/git/bank_data_processing/dags/dag_raw_branches.py took 0.746 seconds
[2024-07-16T05:31:20.160+0530] {processor.py:161} INFO - Started process (PID=25791) to work on //home/kali/Desktop/projects/git/bank_data_processing/dags/dag_raw_branches.py
[2024-07-16T05:31:20.162+0530] {processor.py:830} INFO - Processing file //home/kali/Desktop/projects/git/bank_data_processing/dags/dag_raw_branches.py for tasks to queue
[2024-07-16T05:31:20.165+0530] {logging_mixin.py:188} INFO - [2024-07-16T05:31:20.164+0530] {dagbag.py:545} INFO - Filling up the DagBag from //home/kali/Desktop/projects/git/bank_data_processing/dags/dag_raw_branches.py
[2024-07-16T05:31:20.883+0530] {logging_mixin.py:188} INFO - [2024-07-16T05:31:20.882+0530] {base.py:84} INFO - Using connection ID 'mysql_default' for task execution.
[2024-07-16T05:31:20.890+0530] {processor.py:840} INFO - DAG(s) 'raw_load_branches' retrieved from //home/kali/Desktop/projects/git/bank_data_processing/dags/dag_raw_branches.py
[2024-07-16T05:31:21.004+0530] {logging_mixin.py:188} INFO - [2024-07-16T05:31:21.004+0530] {dag.py:3096} INFO - Sync 1 DAGs
[2024-07-16T05:31:21.017+0530] {logging_mixin.py:188} INFO - [2024-07-16T05:31:21.016+0530] {dag.py:3954} INFO - Setting next_dagrun for raw_load_branches to None, run_after=None
[2024-07-16T05:31:21.057+0530] {processor.py:183} INFO - Processing //home/kali/Desktop/projects/git/bank_data_processing/dags/dag_raw_branches.py took 0.902 seconds
[2024-07-16T05:31:51.283+0530] {processor.py:161} INFO - Started process (PID=26481) to work on //home/kali/Desktop/projects/git/bank_data_processing/dags/dag_raw_branches.py
[2024-07-16T05:31:51.284+0530] {processor.py:830} INFO - Processing file //home/kali/Desktop/projects/git/bank_data_processing/dags/dag_raw_branches.py for tasks to queue
[2024-07-16T05:31:51.286+0530] {logging_mixin.py:188} INFO - [2024-07-16T05:31:51.286+0530] {dagbag.py:545} INFO - Filling up the DagBag from //home/kali/Desktop/projects/git/bank_data_processing/dags/dag_raw_branches.py
[2024-07-16T05:31:51.813+0530] {logging_mixin.py:188} INFO - [2024-07-16T05:31:51.813+0530] {base.py:84} INFO - Using connection ID 'mysql_default' for task execution.
[2024-07-16T05:31:51.819+0530] {processor.py:840} INFO - DAG(s) 'raw_load_branches' retrieved from //home/kali/Desktop/projects/git/bank_data_processing/dags/dag_raw_branches.py
[2024-07-16T05:31:51.980+0530] {logging_mixin.py:188} INFO - [2024-07-16T05:31:51.979+0530] {dag.py:3096} INFO - Sync 1 DAGs
[2024-07-16T05:31:51.997+0530] {logging_mixin.py:188} INFO - [2024-07-16T05:31:51.996+0530] {dag.py:3954} INFO - Setting next_dagrun for raw_load_branches to None, run_after=None
[2024-07-16T05:31:52.030+0530] {processor.py:183} INFO - Processing //home/kali/Desktop/projects/git/bank_data_processing/dags/dag_raw_branches.py took 0.756 seconds
[2024-07-16T05:32:22.650+0530] {processor.py:161} INFO - Started process (PID=27232) to work on //home/kali/Desktop/projects/git/bank_data_processing/dags/dag_raw_branches.py
[2024-07-16T05:32:22.651+0530] {processor.py:830} INFO - Processing file //home/kali/Desktop/projects/git/bank_data_processing/dags/dag_raw_branches.py for tasks to queue
[2024-07-16T05:32:22.653+0530] {logging_mixin.py:188} INFO - [2024-07-16T05:32:22.653+0530] {dagbag.py:545} INFO - Filling up the DagBag from //home/kali/Desktop/projects/git/bank_data_processing/dags/dag_raw_branches.py
[2024-07-16T05:32:23.306+0530] {logging_mixin.py:188} INFO - [2024-07-16T05:32:23.306+0530] {base.py:84} INFO - Using connection ID 'mysql_default' for task execution.
[2024-07-16T05:32:23.318+0530] {processor.py:840} INFO - DAG(s) 'raw_load_branches' retrieved from //home/kali/Desktop/projects/git/bank_data_processing/dags/dag_raw_branches.py
[2024-07-16T05:32:23.486+0530] {logging_mixin.py:188} INFO - [2024-07-16T05:32:23.485+0530] {dag.py:3096} INFO - Sync 1 DAGs
[2024-07-16T05:32:23.502+0530] {logging_mixin.py:188} INFO - [2024-07-16T05:32:23.501+0530] {dag.py:3954} INFO - Setting next_dagrun for raw_load_branches to None, run_after=None
[2024-07-16T05:32:23.549+0530] {processor.py:183} INFO - Processing //home/kali/Desktop/projects/git/bank_data_processing/dags/dag_raw_branches.py took 0.906 seconds
[2024-07-16T05:32:54.280+0530] {processor.py:161} INFO - Started process (PID=27990) to work on //home/kali/Desktop/projects/git/bank_data_processing/dags/dag_raw_branches.py
[2024-07-16T05:32:54.283+0530] {processor.py:830} INFO - Processing file //home/kali/Desktop/projects/git/bank_data_processing/dags/dag_raw_branches.py for tasks to queue
[2024-07-16T05:32:54.285+0530] {logging_mixin.py:188} INFO - [2024-07-16T05:32:54.284+0530] {dagbag.py:545} INFO - Filling up the DagBag from //home/kali/Desktop/projects/git/bank_data_processing/dags/dag_raw_branches.py
[2024-07-16T05:32:54.827+0530] {logging_mixin.py:188} INFO - [2024-07-16T05:32:54.827+0530] {base.py:84} INFO - Using connection ID 'mysql_default' for task execution.
[2024-07-16T05:32:54.833+0530] {processor.py:840} INFO - DAG(s) 'raw_load_branches' retrieved from //home/kali/Desktop/projects/git/bank_data_processing/dags/dag_raw_branches.py
[2024-07-16T05:32:54.928+0530] {logging_mixin.py:188} INFO - [2024-07-16T05:32:54.928+0530] {dag.py:3096} INFO - Sync 1 DAGs
[2024-07-16T05:32:54.936+0530] {logging_mixin.py:188} INFO - [2024-07-16T05:32:54.936+0530] {dag.py:3954} INFO - Setting next_dagrun for raw_load_branches to None, run_after=None
[2024-07-16T05:32:54.957+0530] {processor.py:183} INFO - Processing //home/kali/Desktop/projects/git/bank_data_processing/dags/dag_raw_branches.py took 0.686 seconds
[2024-07-16T05:33:25.890+0530] {processor.py:161} INFO - Started process (PID=28705) to work on //home/kali/Desktop/projects/git/bank_data_processing/dags/dag_raw_branches.py
[2024-07-16T05:33:25.891+0530] {processor.py:830} INFO - Processing file //home/kali/Desktop/projects/git/bank_data_processing/dags/dag_raw_branches.py for tasks to queue
[2024-07-16T05:33:25.893+0530] {logging_mixin.py:188} INFO - [2024-07-16T05:33:25.893+0530] {dagbag.py:545} INFO - Filling up the DagBag from //home/kali/Desktop/projects/git/bank_data_processing/dags/dag_raw_branches.py
[2024-07-16T05:33:26.758+0530] {logging_mixin.py:188} INFO - [2024-07-16T05:33:26.758+0530] {base.py:84} INFO - Using connection ID 'mysql_default' for task execution.
[2024-07-16T05:33:26.773+0530] {processor.py:840} INFO - DAG(s) 'raw_load_branches' retrieved from //home/kali/Desktop/projects/git/bank_data_processing/dags/dag_raw_branches.py
[2024-07-16T05:33:26.948+0530] {logging_mixin.py:188} INFO - [2024-07-16T05:33:26.947+0530] {dag.py:3096} INFO - Sync 1 DAGs
[2024-07-16T05:33:26.967+0530] {logging_mixin.py:188} INFO - [2024-07-16T05:33:26.967+0530] {dag.py:3954} INFO - Setting next_dagrun for raw_load_branches to None, run_after=None
[2024-07-16T05:33:27.023+0530] {processor.py:183} INFO - Processing //home/kali/Desktop/projects/git/bank_data_processing/dags/dag_raw_branches.py took 1.145 seconds
[2024-07-16T05:33:57.718+0530] {processor.py:161} INFO - Started process (PID=29470) to work on //home/kali/Desktop/projects/git/bank_data_processing/dags/dag_raw_branches.py
[2024-07-16T05:33:57.721+0530] {processor.py:830} INFO - Processing file //home/kali/Desktop/projects/git/bank_data_processing/dags/dag_raw_branches.py for tasks to queue
[2024-07-16T05:33:57.727+0530] {logging_mixin.py:188} INFO - [2024-07-16T05:33:57.725+0530] {dagbag.py:545} INFO - Filling up the DagBag from //home/kali/Desktop/projects/git/bank_data_processing/dags/dag_raw_branches.py
[2024-07-16T05:33:58.673+0530] {logging_mixin.py:188} INFO - [2024-07-16T05:33:58.672+0530] {base.py:84} INFO - Using connection ID 'mysql_default' for task execution.
[2024-07-16T05:33:58.685+0530] {processor.py:840} INFO - DAG(s) 'raw_load_branches' retrieved from //home/kali/Desktop/projects/git/bank_data_processing/dags/dag_raw_branches.py
[2024-07-16T05:33:58.853+0530] {logging_mixin.py:188} INFO - [2024-07-16T05:33:58.852+0530] {dag.py:3096} INFO - Sync 1 DAGs
[2024-07-16T05:33:58.867+0530] {logging_mixin.py:188} INFO - [2024-07-16T05:33:58.867+0530] {dag.py:3954} INFO - Setting next_dagrun for raw_load_branches to None, run_after=None
[2024-07-16T05:33:58.904+0530] {processor.py:183} INFO - Processing //home/kali/Desktop/projects/git/bank_data_processing/dags/dag_raw_branches.py took 1.204 seconds
[2024-07-16T05:34:29.614+0530] {processor.py:161} INFO - Started process (PID=30199) to work on //home/kali/Desktop/projects/git/bank_data_processing/dags/dag_raw_branches.py
[2024-07-16T05:34:29.620+0530] {processor.py:830} INFO - Processing file //home/kali/Desktop/projects/git/bank_data_processing/dags/dag_raw_branches.py for tasks to queue
[2024-07-16T05:34:29.623+0530] {logging_mixin.py:188} INFO - [2024-07-16T05:34:29.622+0530] {dagbag.py:545} INFO - Filling up the DagBag from //home/kali/Desktop/projects/git/bank_data_processing/dags/dag_raw_branches.py
[2024-07-16T05:34:30.251+0530] {logging_mixin.py:188} INFO - [2024-07-16T05:34:30.250+0530] {base.py:84} INFO - Using connection ID 'mysql_default' for task execution.
[2024-07-16T05:34:30.259+0530] {processor.py:840} INFO - DAG(s) 'raw_load_branches' retrieved from //home/kali/Desktop/projects/git/bank_data_processing/dags/dag_raw_branches.py
[2024-07-16T05:34:30.393+0530] {logging_mixin.py:188} INFO - [2024-07-16T05:34:30.393+0530] {dag.py:3096} INFO - Sync 1 DAGs
[2024-07-16T05:34:30.408+0530] {logging_mixin.py:188} INFO - [2024-07-16T05:34:30.407+0530] {dag.py:3954} INFO - Setting next_dagrun for raw_load_branches to None, run_after=None
[2024-07-16T05:34:30.444+0530] {processor.py:183} INFO - Processing //home/kali/Desktop/projects/git/bank_data_processing/dags/dag_raw_branches.py took 0.839 seconds
[2024-07-16T05:35:01.252+0530] {processor.py:161} INFO - Started process (PID=30974) to work on //home/kali/Desktop/projects/git/bank_data_processing/dags/dag_raw_branches.py
[2024-07-16T05:35:01.259+0530] {processor.py:830} INFO - Processing file //home/kali/Desktop/projects/git/bank_data_processing/dags/dag_raw_branches.py for tasks to queue
[2024-07-16T05:35:01.263+0530] {logging_mixin.py:188} INFO - [2024-07-16T05:35:01.262+0530] {dagbag.py:545} INFO - Filling up the DagBag from //home/kali/Desktop/projects/git/bank_data_processing/dags/dag_raw_branches.py
[2024-07-16T05:35:01.734+0530] {logging_mixin.py:188} INFO - [2024-07-16T05:35:01.734+0530] {base.py:84} INFO - Using connection ID 'mysql_default' for task execution.
[2024-07-16T05:35:01.740+0530] {processor.py:840} INFO - DAG(s) 'raw_load_branches' retrieved from //home/kali/Desktop/projects/git/bank_data_processing/dags/dag_raw_branches.py
[2024-07-16T05:35:01.829+0530] {logging_mixin.py:188} INFO - [2024-07-16T05:35:01.828+0530] {dag.py:3096} INFO - Sync 1 DAGs
[2024-07-16T05:35:01.836+0530] {logging_mixin.py:188} INFO - [2024-07-16T05:35:01.836+0530] {dag.py:3954} INFO - Setting next_dagrun for raw_load_branches to None, run_after=None
[2024-07-16T05:35:01.858+0530] {processor.py:183} INFO - Processing //home/kali/Desktop/projects/git/bank_data_processing/dags/dag_raw_branches.py took 0.625 seconds
[2024-07-16T05:35:32.309+0530] {processor.py:161} INFO - Started process (PID=31731) to work on //home/kali/Desktop/projects/git/bank_data_processing/dags/dag_raw_branches.py
[2024-07-16T05:35:32.315+0530] {processor.py:830} INFO - Processing file //home/kali/Desktop/projects/git/bank_data_processing/dags/dag_raw_branches.py for tasks to queue
[2024-07-16T05:35:32.320+0530] {logging_mixin.py:188} INFO - [2024-07-16T05:35:32.319+0530] {dagbag.py:545} INFO - Filling up the DagBag from //home/kali/Desktop/projects/git/bank_data_processing/dags/dag_raw_branches.py
[2024-07-16T05:35:32.820+0530] {logging_mixin.py:188} INFO - [2024-07-16T05:35:32.820+0530] {base.py:84} INFO - Using connection ID 'mysql_default' for task execution.
[2024-07-16T05:35:32.826+0530] {processor.py:840} INFO - DAG(s) 'raw_load_branches' retrieved from //home/kali/Desktop/projects/git/bank_data_processing/dags/dag_raw_branches.py
[2024-07-16T05:35:32.911+0530] {logging_mixin.py:188} INFO - [2024-07-16T05:35:32.911+0530] {dag.py:3096} INFO - Sync 1 DAGs
[2024-07-16T05:35:32.920+0530] {logging_mixin.py:188} INFO - [2024-07-16T05:35:32.920+0530] {dag.py:3954} INFO - Setting next_dagrun for raw_load_branches to None, run_after=None
[2024-07-16T05:35:32.938+0530] {processor.py:183} INFO - Processing //home/kali/Desktop/projects/git/bank_data_processing/dags/dag_raw_branches.py took 0.639 seconds
[2024-07-16T05:36:03.171+0530] {processor.py:161} INFO - Started process (PID=32516) to work on //home/kali/Desktop/projects/git/bank_data_processing/dags/dag_raw_branches.py
[2024-07-16T05:36:03.173+0530] {processor.py:830} INFO - Processing file //home/kali/Desktop/projects/git/bank_data_processing/dags/dag_raw_branches.py for tasks to queue
[2024-07-16T05:36:03.175+0530] {logging_mixin.py:188} INFO - [2024-07-16T05:36:03.175+0530] {dagbag.py:545} INFO - Filling up the DagBag from //home/kali/Desktop/projects/git/bank_data_processing/dags/dag_raw_branches.py
[2024-07-16T05:36:03.642+0530] {logging_mixin.py:188} INFO - [2024-07-16T05:36:03.641+0530] {base.py:84} INFO - Using connection ID 'mysql_default' for task execution.
[2024-07-16T05:36:03.649+0530] {processor.py:840} INFO - DAG(s) 'raw_load_branches' retrieved from //home/kali/Desktop/projects/git/bank_data_processing/dags/dag_raw_branches.py
[2024-07-16T05:36:03.738+0530] {logging_mixin.py:188} INFO - [2024-07-16T05:36:03.738+0530] {dag.py:3096} INFO - Sync 1 DAGs
[2024-07-16T05:36:03.747+0530] {logging_mixin.py:188} INFO - [2024-07-16T05:36:03.746+0530] {dag.py:3954} INFO - Setting next_dagrun for raw_load_branches to None, run_after=None
[2024-07-16T05:36:03.767+0530] {processor.py:183} INFO - Processing //home/kali/Desktop/projects/git/bank_data_processing/dags/dag_raw_branches.py took 0.606 seconds
[2024-07-16T05:36:34.534+0530] {processor.py:161} INFO - Started process (PID=33204) to work on //home/kali/Desktop/projects/git/bank_data_processing/dags/dag_raw_branches.py
[2024-07-16T05:36:34.537+0530] {processor.py:830} INFO - Processing file //home/kali/Desktop/projects/git/bank_data_processing/dags/dag_raw_branches.py for tasks to queue
[2024-07-16T05:36:34.538+0530] {logging_mixin.py:188} INFO - [2024-07-16T05:36:34.538+0530] {dagbag.py:545} INFO - Filling up the DagBag from //home/kali/Desktop/projects/git/bank_data_processing/dags/dag_raw_branches.py
[2024-07-16T05:36:35.014+0530] {logging_mixin.py:188} INFO - [2024-07-16T05:36:35.013+0530] {base.py:84} INFO - Using connection ID 'mysql_default' for task execution.
[2024-07-16T05:36:35.019+0530] {processor.py:840} INFO - DAG(s) 'raw_load_branches' retrieved from //home/kali/Desktop/projects/git/bank_data_processing/dags/dag_raw_branches.py
[2024-07-16T05:36:35.100+0530] {logging_mixin.py:188} INFO - [2024-07-16T05:36:35.099+0530] {dag.py:3096} INFO - Sync 1 DAGs
[2024-07-16T05:36:35.107+0530] {logging_mixin.py:188} INFO - [2024-07-16T05:36:35.107+0530] {dag.py:3954} INFO - Setting next_dagrun for raw_load_branches to None, run_after=None
[2024-07-16T05:36:35.127+0530] {processor.py:183} INFO - Processing //home/kali/Desktop/projects/git/bank_data_processing/dags/dag_raw_branches.py took 0.603 seconds
[2024-07-16T05:37:05.484+0530] {processor.py:161} INFO - Started process (PID=33870) to work on //home/kali/Desktop/projects/git/bank_data_processing/dags/dag_raw_branches.py
[2024-07-16T05:37:05.487+0530] {processor.py:830} INFO - Processing file //home/kali/Desktop/projects/git/bank_data_processing/dags/dag_raw_branches.py for tasks to queue
[2024-07-16T05:37:05.490+0530] {logging_mixin.py:188} INFO - [2024-07-16T05:37:05.489+0530] {dagbag.py:545} INFO - Filling up the DagBag from //home/kali/Desktop/projects/git/bank_data_processing/dags/dag_raw_branches.py
[2024-07-16T05:37:05.941+0530] {logging_mixin.py:188} INFO - [2024-07-16T05:37:05.940+0530] {base.py:84} INFO - Using connection ID 'mysql_default' for task execution.
[2024-07-16T05:37:05.947+0530] {processor.py:840} INFO - DAG(s) 'raw_load_branches' retrieved from //home/kali/Desktop/projects/git/bank_data_processing/dags/dag_raw_branches.py
[2024-07-16T05:37:06.029+0530] {logging_mixin.py:188} INFO - [2024-07-16T05:37:06.029+0530] {dag.py:3096} INFO - Sync 1 DAGs
[2024-07-16T05:37:06.037+0530] {logging_mixin.py:188} INFO - [2024-07-16T05:37:06.036+0530] {dag.py:3954} INFO - Setting next_dagrun for raw_load_branches to None, run_after=None
[2024-07-16T05:37:06.058+0530] {processor.py:183} INFO - Processing //home/kali/Desktop/projects/git/bank_data_processing/dags/dag_raw_branches.py took 0.591 seconds
[2024-07-16T05:37:36.419+0530] {processor.py:161} INFO - Started process (PID=34576) to work on //home/kali/Desktop/projects/git/bank_data_processing/dags/dag_raw_branches.py
[2024-07-16T05:37:36.422+0530] {processor.py:830} INFO - Processing file //home/kali/Desktop/projects/git/bank_data_processing/dags/dag_raw_branches.py for tasks to queue
[2024-07-16T05:37:36.425+0530] {logging_mixin.py:188} INFO - [2024-07-16T05:37:36.425+0530] {dagbag.py:545} INFO - Filling up the DagBag from //home/kali/Desktop/projects/git/bank_data_processing/dags/dag_raw_branches.py
[2024-07-16T05:37:36.987+0530] {logging_mixin.py:188} INFO - [2024-07-16T05:37:36.987+0530] {base.py:84} INFO - Using connection ID 'mysql_default' for task execution.
[2024-07-16T05:37:36.993+0530] {processor.py:840} INFO - DAG(s) 'raw_load_branches' retrieved from //home/kali/Desktop/projects/git/bank_data_processing/dags/dag_raw_branches.py
[2024-07-16T05:37:37.085+0530] {logging_mixin.py:188} INFO - [2024-07-16T05:37:37.085+0530] {dag.py:3096} INFO - Sync 1 DAGs
[2024-07-16T05:37:37.096+0530] {logging_mixin.py:188} INFO - [2024-07-16T05:37:37.096+0530] {dag.py:3954} INFO - Setting next_dagrun for raw_load_branches to None, run_after=None
[2024-07-16T05:37:37.136+0530] {processor.py:183} INFO - Processing //home/kali/Desktop/projects/git/bank_data_processing/dags/dag_raw_branches.py took 0.728 seconds
[2024-07-16T05:38:07.381+0530] {processor.py:161} INFO - Started process (PID=35298) to work on //home/kali/Desktop/projects/git/bank_data_processing/dags/dag_raw_branches.py
[2024-07-16T05:38:07.389+0530] {processor.py:830} INFO - Processing file //home/kali/Desktop/projects/git/bank_data_processing/dags/dag_raw_branches.py for tasks to queue
[2024-07-16T05:38:07.391+0530] {logging_mixin.py:188} INFO - [2024-07-16T05:38:07.390+0530] {dagbag.py:545} INFO - Filling up the DagBag from //home/kali/Desktop/projects/git/bank_data_processing/dags/dag_raw_branches.py
[2024-07-16T05:38:07.911+0530] {logging_mixin.py:188} INFO - [2024-07-16T05:38:07.911+0530] {base.py:84} INFO - Using connection ID 'mysql_default' for task execution.
[2024-07-16T05:38:07.917+0530] {processor.py:840} INFO - DAG(s) 'raw_load_branches' retrieved from //home/kali/Desktop/projects/git/bank_data_processing/dags/dag_raw_branches.py
[2024-07-16T05:38:08.013+0530] {logging_mixin.py:188} INFO - [2024-07-16T05:38:08.013+0530] {dag.py:3096} INFO - Sync 1 DAGs
[2024-07-16T05:38:08.023+0530] {logging_mixin.py:188} INFO - [2024-07-16T05:38:08.023+0530] {dag.py:3954} INFO - Setting next_dagrun for raw_load_branches to None, run_after=None
[2024-07-16T05:38:08.048+0530] {processor.py:183} INFO - Processing //home/kali/Desktop/projects/git/bank_data_processing/dags/dag_raw_branches.py took 0.677 seconds
[2024-07-16T05:38:38.673+0530] {processor.py:161} INFO - Started process (PID=35957) to work on //home/kali/Desktop/projects/git/bank_data_processing/dags/dag_raw_branches.py
[2024-07-16T05:38:38.676+0530] {processor.py:830} INFO - Processing file //home/kali/Desktop/projects/git/bank_data_processing/dags/dag_raw_branches.py for tasks to queue
[2024-07-16T05:38:38.679+0530] {logging_mixin.py:188} INFO - [2024-07-16T05:38:38.679+0530] {dagbag.py:545} INFO - Filling up the DagBag from //home/kali/Desktop/projects/git/bank_data_processing/dags/dag_raw_branches.py
[2024-07-16T05:38:39.183+0530] {logging_mixin.py:188} INFO - [2024-07-16T05:38:39.183+0530] {base.py:84} INFO - Using connection ID 'mysql_default' for task execution.
[2024-07-16T05:38:39.190+0530] {processor.py:840} INFO - DAG(s) 'raw_load_branches' retrieved from //home/kali/Desktop/projects/git/bank_data_processing/dags/dag_raw_branches.py
[2024-07-16T05:38:39.285+0530] {logging_mixin.py:188} INFO - [2024-07-16T05:38:39.285+0530] {dag.py:3096} INFO - Sync 1 DAGs
[2024-07-16T05:38:39.294+0530] {logging_mixin.py:188} INFO - [2024-07-16T05:38:39.293+0530] {dag.py:3954} INFO - Setting next_dagrun for raw_load_branches to None, run_after=None
[2024-07-16T05:38:39.314+0530] {processor.py:183} INFO - Processing //home/kali/Desktop/projects/git/bank_data_processing/dags/dag_raw_branches.py took 0.649 seconds
[2024-07-16T05:39:10.039+0530] {processor.py:161} INFO - Started process (PID=36769) to work on //home/kali/Desktop/projects/git/bank_data_processing/dags/dag_raw_branches.py
[2024-07-16T05:39:10.044+0530] {processor.py:830} INFO - Processing file //home/kali/Desktop/projects/git/bank_data_processing/dags/dag_raw_branches.py for tasks to queue
[2024-07-16T05:39:10.046+0530] {logging_mixin.py:188} INFO - [2024-07-16T05:39:10.046+0530] {dagbag.py:545} INFO - Filling up the DagBag from //home/kali/Desktop/projects/git/bank_data_processing/dags/dag_raw_branches.py
[2024-07-16T05:39:10.775+0530] {logging_mixin.py:188} INFO - [2024-07-16T05:39:10.775+0530] {base.py:84} INFO - Using connection ID 'mysql_default' for task execution.
[2024-07-16T05:39:10.785+0530] {processor.py:840} INFO - DAG(s) 'raw_load_branches' retrieved from //home/kali/Desktop/projects/git/bank_data_processing/dags/dag_raw_branches.py
[2024-07-16T05:39:10.925+0530] {logging_mixin.py:188} INFO - [2024-07-16T05:39:10.924+0530] {dag.py:3096} INFO - Sync 1 DAGs
[2024-07-16T05:39:10.937+0530] {logging_mixin.py:188} INFO - [2024-07-16T05:39:10.937+0530] {dag.py:3954} INFO - Setting next_dagrun for raw_load_branches to None, run_after=None
[2024-07-16T05:39:10.976+0530] {processor.py:183} INFO - Processing //home/kali/Desktop/projects/git/bank_data_processing/dags/dag_raw_branches.py took 0.948 seconds
[2024-07-16T05:39:41.888+0530] {processor.py:161} INFO - Started process (PID=37577) to work on //home/kali/Desktop/projects/git/bank_data_processing/dags/dag_raw_branches.py
[2024-07-16T05:39:41.888+0530] {processor.py:830} INFO - Processing file //home/kali/Desktop/projects/git/bank_data_processing/dags/dag_raw_branches.py for tasks to queue
[2024-07-16T05:39:41.890+0530] {logging_mixin.py:188} INFO - [2024-07-16T05:39:41.890+0530] {dagbag.py:545} INFO - Filling up the DagBag from //home/kali/Desktop/projects/git/bank_data_processing/dags/dag_raw_branches.py
[2024-07-16T05:39:42.672+0530] {logging_mixin.py:188} INFO - [2024-07-16T05:39:42.672+0530] {base.py:84} INFO - Using connection ID 'mysql_default' for task execution.
[2024-07-16T05:39:42.680+0530] {processor.py:840} INFO - DAG(s) 'raw_load_branches' retrieved from //home/kali/Desktop/projects/git/bank_data_processing/dags/dag_raw_branches.py
[2024-07-16T05:39:42.776+0530] {logging_mixin.py:188} INFO - [2024-07-16T05:39:42.776+0530] {dag.py:3096} INFO - Sync 1 DAGs
[2024-07-16T05:39:42.785+0530] {logging_mixin.py:188} INFO - [2024-07-16T05:39:42.785+0530] {dag.py:3954} INFO - Setting next_dagrun for raw_load_branches to None, run_after=None
[2024-07-16T05:39:42.818+0530] {processor.py:183} INFO - Processing //home/kali/Desktop/projects/git/bank_data_processing/dags/dag_raw_branches.py took 0.942 seconds
[2024-07-16T05:40:13.757+0530] {processor.py:161} INFO - Started process (PID=38330) to work on //home/kali/Desktop/projects/git/bank_data_processing/dags/dag_raw_branches.py
[2024-07-16T05:40:13.762+0530] {processor.py:830} INFO - Processing file //home/kali/Desktop/projects/git/bank_data_processing/dags/dag_raw_branches.py for tasks to queue
[2024-07-16T05:40:13.764+0530] {logging_mixin.py:188} INFO - [2024-07-16T05:40:13.764+0530] {dagbag.py:545} INFO - Filling up the DagBag from //home/kali/Desktop/projects/git/bank_data_processing/dags/dag_raw_branches.py
[2024-07-16T05:40:14.409+0530] {logging_mixin.py:188} INFO - [2024-07-16T05:40:14.409+0530] {base.py:84} INFO - Using connection ID 'mysql_default' for task execution.
[2024-07-16T05:40:14.417+0530] {processor.py:840} INFO - DAG(s) 'raw_load_branches' retrieved from //home/kali/Desktop/projects/git/bank_data_processing/dags/dag_raw_branches.py
[2024-07-16T05:40:14.527+0530] {logging_mixin.py:188} INFO - [2024-07-16T05:40:14.527+0530] {dag.py:3096} INFO - Sync 1 DAGs
[2024-07-16T05:40:14.536+0530] {logging_mixin.py:188} INFO - [2024-07-16T05:40:14.536+0530] {dag.py:3954} INFO - Setting next_dagrun for raw_load_branches to None, run_after=None
[2024-07-16T05:40:14.576+0530] {processor.py:183} INFO - Processing //home/kali/Desktop/projects/git/bank_data_processing/dags/dag_raw_branches.py took 0.826 seconds
[2024-07-16T05:40:45.233+0530] {processor.py:161} INFO - Started process (PID=39074) to work on //home/kali/Desktop/projects/git/bank_data_processing/dags/dag_raw_branches.py
[2024-07-16T05:40:45.239+0530] {processor.py:830} INFO - Processing file //home/kali/Desktop/projects/git/bank_data_processing/dags/dag_raw_branches.py for tasks to queue
[2024-07-16T05:40:45.241+0530] {logging_mixin.py:188} INFO - [2024-07-16T05:40:45.241+0530] {dagbag.py:545} INFO - Filling up the DagBag from //home/kali/Desktop/projects/git/bank_data_processing/dags/dag_raw_branches.py
[2024-07-16T05:40:45.898+0530] {logging_mixin.py:188} INFO - [2024-07-16T05:40:45.898+0530] {base.py:84} INFO - Using connection ID 'mysql_default' for task execution.
[2024-07-16T05:40:45.905+0530] {processor.py:840} INFO - DAG(s) 'raw_load_branches' retrieved from //home/kali/Desktop/projects/git/bank_data_processing/dags/dag_raw_branches.py
[2024-07-16T05:40:45.995+0530] {logging_mixin.py:188} INFO - [2024-07-16T05:40:45.994+0530] {dag.py:3096} INFO - Sync 1 DAGs
[2024-07-16T05:40:46.004+0530] {logging_mixin.py:188} INFO - [2024-07-16T05:40:46.004+0530] {dag.py:3954} INFO - Setting next_dagrun for raw_load_branches to None, run_after=None
[2024-07-16T05:40:46.024+0530] {processor.py:183} INFO - Processing //home/kali/Desktop/projects/git/bank_data_processing/dags/dag_raw_branches.py took 0.802 seconds
[2024-07-16T05:41:16.126+0530] {processor.py:161} INFO - Started process (PID=39708) to work on //home/kali/Desktop/projects/git/bank_data_processing/dags/dag_raw_branches.py
[2024-07-16T05:41:16.131+0530] {processor.py:830} INFO - Processing file //home/kali/Desktop/projects/git/bank_data_processing/dags/dag_raw_branches.py for tasks to queue
[2024-07-16T05:41:16.133+0530] {logging_mixin.py:188} INFO - [2024-07-16T05:41:16.133+0530] {dagbag.py:545} INFO - Filling up the DagBag from //home/kali/Desktop/projects/git/bank_data_processing/dags/dag_raw_branches.py
[2024-07-16T05:41:16.839+0530] {logging_mixin.py:188} INFO - [2024-07-16T05:41:16.839+0530] {base.py:84} INFO - Using connection ID 'mysql_default' for task execution.
[2024-07-16T05:41:16.848+0530] {processor.py:840} INFO - DAG(s) 'raw_load_branches' retrieved from //home/kali/Desktop/projects/git/bank_data_processing/dags/dag_raw_branches.py
[2024-07-16T05:41:16.972+0530] {logging_mixin.py:188} INFO - [2024-07-16T05:41:16.971+0530] {dag.py:3096} INFO - Sync 1 DAGs
[2024-07-16T05:41:16.986+0530] {logging_mixin.py:188} INFO - [2024-07-16T05:41:16.985+0530] {dag.py:3954} INFO - Setting next_dagrun for raw_load_branches to None, run_after=None
[2024-07-16T05:41:17.005+0530] {processor.py:183} INFO - Processing //home/kali/Desktop/projects/git/bank_data_processing/dags/dag_raw_branches.py took 0.891 seconds
[2024-07-16T05:41:47.757+0530] {processor.py:161} INFO - Started process (PID=40482) to work on //home/kali/Desktop/projects/git/bank_data_processing/dags/dag_raw_branches.py
[2024-07-16T05:41:47.764+0530] {processor.py:830} INFO - Processing file //home/kali/Desktop/projects/git/bank_data_processing/dags/dag_raw_branches.py for tasks to queue
[2024-07-16T05:41:47.766+0530] {logging_mixin.py:188} INFO - [2024-07-16T05:41:47.765+0530] {dagbag.py:545} INFO - Filling up the DagBag from //home/kali/Desktop/projects/git/bank_data_processing/dags/dag_raw_branches.py
[2024-07-16T05:41:48.343+0530] {logging_mixin.py:188} INFO - [2024-07-16T05:41:48.343+0530] {base.py:84} INFO - Using connection ID 'mysql_default' for task execution.
[2024-07-16T05:41:48.349+0530] {processor.py:840} INFO - DAG(s) 'raw_load_branches' retrieved from //home/kali/Desktop/projects/git/bank_data_processing/dags/dag_raw_branches.py
[2024-07-16T05:41:48.474+0530] {logging_mixin.py:188} INFO - [2024-07-16T05:41:48.474+0530] {dag.py:3096} INFO - Sync 1 DAGs
[2024-07-16T05:41:48.486+0530] {logging_mixin.py:188} INFO - [2024-07-16T05:41:48.485+0530] {dag.py:3954} INFO - Setting next_dagrun for raw_load_branches to None, run_after=None
[2024-07-16T05:41:48.509+0530] {processor.py:183} INFO - Processing //home/kali/Desktop/projects/git/bank_data_processing/dags/dag_raw_branches.py took 0.761 seconds
[2024-07-16T05:42:18.733+0530] {processor.py:161} INFO - Started process (PID=41230) to work on //home/kali/Desktop/projects/git/bank_data_processing/dags/dag_raw_branches.py
[2024-07-16T05:42:18.735+0530] {processor.py:830} INFO - Processing file //home/kali/Desktop/projects/git/bank_data_processing/dags/dag_raw_branches.py for tasks to queue
[2024-07-16T05:42:18.738+0530] {logging_mixin.py:188} INFO - [2024-07-16T05:42:18.737+0530] {dagbag.py:545} INFO - Filling up the DagBag from //home/kali/Desktop/projects/git/bank_data_processing/dags/dag_raw_branches.py
[2024-07-16T05:42:19.517+0530] {logging_mixin.py:188} INFO - [2024-07-16T05:42:19.516+0530] {base.py:84} INFO - Using connection ID 'mysql_default' for task execution.
[2024-07-16T05:42:19.529+0530] {processor.py:840} INFO - DAG(s) 'raw_load_branches' retrieved from //home/kali/Desktop/projects/git/bank_data_processing/dags/dag_raw_branches.py
[2024-07-16T05:42:19.649+0530] {logging_mixin.py:188} INFO - [2024-07-16T05:42:19.648+0530] {dag.py:3096} INFO - Sync 1 DAGs
[2024-07-16T05:42:19.657+0530] {logging_mixin.py:188} INFO - [2024-07-16T05:42:19.657+0530] {dag.py:3954} INFO - Setting next_dagrun for raw_load_branches to None, run_after=None
[2024-07-16T05:42:19.686+0530] {processor.py:183} INFO - Processing //home/kali/Desktop/projects/git/bank_data_processing/dags/dag_raw_branches.py took 0.964 seconds
[2024-07-16T05:42:50.448+0530] {processor.py:161} INFO - Started process (PID=42058) to work on //home/kali/Desktop/projects/git/bank_data_processing/dags/dag_raw_branches.py
[2024-07-16T05:42:50.450+0530] {processor.py:830} INFO - Processing file //home/kali/Desktop/projects/git/bank_data_processing/dags/dag_raw_branches.py for tasks to queue
[2024-07-16T05:42:50.452+0530] {logging_mixin.py:188} INFO - [2024-07-16T05:42:50.452+0530] {dagbag.py:545} INFO - Filling up the DagBag from //home/kali/Desktop/projects/git/bank_data_processing/dags/dag_raw_branches.py
[2024-07-16T05:42:51.088+0530] {logging_mixin.py:188} INFO - [2024-07-16T05:42:51.088+0530] {base.py:84} INFO - Using connection ID 'mysql_default' for task execution.
[2024-07-16T05:42:51.097+0530] {processor.py:840} INFO - DAG(s) 'raw_load_branches' retrieved from //home/kali/Desktop/projects/git/bank_data_processing/dags/dag_raw_branches.py
[2024-07-16T05:42:51.236+0530] {logging_mixin.py:188} INFO - [2024-07-16T05:42:51.236+0530] {dag.py:3096} INFO - Sync 1 DAGs
[2024-07-16T05:42:51.248+0530] {logging_mixin.py:188} INFO - [2024-07-16T05:42:51.248+0530] {dag.py:3954} INFO - Setting next_dagrun for raw_load_branches to None, run_after=None
[2024-07-16T05:42:51.271+0530] {processor.py:183} INFO - Processing //home/kali/Desktop/projects/git/bank_data_processing/dags/dag_raw_branches.py took 0.835 seconds
[2024-07-16T05:43:22.123+0530] {processor.py:161} INFO - Started process (PID=42872) to work on //home/kali/Desktop/projects/git/bank_data_processing/dags/dag_raw_branches.py
[2024-07-16T05:43:22.131+0530] {processor.py:830} INFO - Processing file //home/kali/Desktop/projects/git/bank_data_processing/dags/dag_raw_branches.py for tasks to queue
[2024-07-16T05:43:22.133+0530] {logging_mixin.py:188} INFO - [2024-07-16T05:43:22.133+0530] {dagbag.py:545} INFO - Filling up the DagBag from //home/kali/Desktop/projects/git/bank_data_processing/dags/dag_raw_branches.py
[2024-07-16T05:43:23.031+0530] {logging_mixin.py:188} INFO - [2024-07-16T05:43:23.031+0530] {base.py:84} INFO - Using connection ID 'mysql_default' for task execution.
[2024-07-16T05:43:23.039+0530] {processor.py:840} INFO - DAG(s) 'raw_load_branches' retrieved from //home/kali/Desktop/projects/git/bank_data_processing/dags/dag_raw_branches.py
[2024-07-16T05:43:23.203+0530] {logging_mixin.py:188} INFO - [2024-07-16T05:43:23.202+0530] {dag.py:3096} INFO - Sync 1 DAGs
[2024-07-16T05:43:23.216+0530] {logging_mixin.py:188} INFO - [2024-07-16T05:43:23.216+0530] {dag.py:3954} INFO - Setting next_dagrun for raw_load_branches to None, run_after=None
[2024-07-16T05:43:23.245+0530] {processor.py:183} INFO - Processing //home/kali/Desktop/projects/git/bank_data_processing/dags/dag_raw_branches.py took 1.136 seconds
[2024-07-16T05:43:53.679+0530] {processor.py:161} INFO - Started process (PID=44055) to work on //home/kali/Desktop/projects/git/bank_data_processing/dags/dag_raw_branches.py
[2024-07-16T05:43:53.680+0530] {processor.py:830} INFO - Processing file //home/kali/Desktop/projects/git/bank_data_processing/dags/dag_raw_branches.py for tasks to queue
[2024-07-16T05:43:53.684+0530] {logging_mixin.py:188} INFO - [2024-07-16T05:43:53.683+0530] {dagbag.py:545} INFO - Filling up the DagBag from //home/kali/Desktop/projects/git/bank_data_processing/dags/dag_raw_branches.py
[2024-07-16T05:43:54.408+0530] {logging_mixin.py:188} INFO - [2024-07-16T05:43:54.407+0530] {base.py:84} INFO - Using connection ID 'mysql_default' for task execution.
[2024-07-16T05:43:54.417+0530] {processor.py:840} INFO - DAG(s) 'raw_load_branches' retrieved from //home/kali/Desktop/projects/git/bank_data_processing/dags/dag_raw_branches.py
[2024-07-16T05:43:54.422+0530] {logging_mixin.py:188} INFO - [2024-07-16T05:43:54.421+0530] {dag.py:3096} INFO - Sync 1 DAGs
[2024-07-16T05:43:54.436+0530] {logging_mixin.py:188} INFO - [2024-07-16T05:43:54.436+0530] {dag.py:3954} INFO - Setting next_dagrun for raw_load_branches to None, run_after=None
[2024-07-16T05:43:54.473+0530] {processor.py:183} INFO - Processing //home/kali/Desktop/projects/git/bank_data_processing/dags/dag_raw_branches.py took 0.805 seconds
[2024-07-16T05:44:24.726+0530] {processor.py:161} INFO - Started process (PID=44966) to work on //home/kali/Desktop/projects/git/bank_data_processing/dags/dag_raw_branches.py
[2024-07-16T05:44:24.728+0530] {processor.py:830} INFO - Processing file //home/kali/Desktop/projects/git/bank_data_processing/dags/dag_raw_branches.py for tasks to queue
[2024-07-16T05:44:24.729+0530] {logging_mixin.py:188} INFO - [2024-07-16T05:44:24.729+0530] {dagbag.py:545} INFO - Filling up the DagBag from //home/kali/Desktop/projects/git/bank_data_processing/dags/dag_raw_branches.py
[2024-07-16T05:44:25.195+0530] {logging_mixin.py:188} INFO - [2024-07-16T05:44:25.194+0530] {base.py:84} INFO - Using connection ID 'mysql_default' for task execution.
[2024-07-16T05:44:25.200+0530] {processor.py:840} INFO - DAG(s) 'raw_load_branches' retrieved from //home/kali/Desktop/projects/git/bank_data_processing/dags/dag_raw_branches.py
[2024-07-16T05:44:25.303+0530] {logging_mixin.py:188} INFO - [2024-07-16T05:44:25.302+0530] {dag.py:3096} INFO - Sync 1 DAGs
[2024-07-16T05:44:25.311+0530] {logging_mixin.py:188} INFO - [2024-07-16T05:44:25.311+0530] {dag.py:3954} INFO - Setting next_dagrun for raw_load_branches to None, run_after=None
[2024-07-16T05:44:25.336+0530] {processor.py:183} INFO - Processing //home/kali/Desktop/projects/git/bank_data_processing/dags/dag_raw_branches.py took 0.618 seconds
[2024-07-16T05:44:55.584+0530] {processor.py:161} INFO - Started process (PID=45702) to work on //home/kali/Desktop/projects/git/bank_data_processing/dags/dag_raw_branches.py
[2024-07-16T05:44:55.588+0530] {processor.py:830} INFO - Processing file //home/kali/Desktop/projects/git/bank_data_processing/dags/dag_raw_branches.py for tasks to queue
[2024-07-16T05:44:55.589+0530] {logging_mixin.py:188} INFO - [2024-07-16T05:44:55.588+0530] {dagbag.py:545} INFO - Filling up the DagBag from //home/kali/Desktop/projects/git/bank_data_processing/dags/dag_raw_branches.py
[2024-07-16T05:44:56.248+0530] {logging_mixin.py:188} INFO - [2024-07-16T05:44:56.247+0530] {base.py:84} INFO - Using connection ID 'mysql_default' for task execution.
[2024-07-16T05:44:56.261+0530] {processor.py:840} INFO - DAG(s) 'raw_load_branches' retrieved from //home/kali/Desktop/projects/git/bank_data_processing/dags/dag_raw_branches.py
[2024-07-16T05:44:56.265+0530] {logging_mixin.py:188} INFO - [2024-07-16T05:44:56.265+0530] {dag.py:3096} INFO - Sync 1 DAGs
[2024-07-16T05:44:56.290+0530] {logging_mixin.py:188} INFO - [2024-07-16T05:44:56.290+0530] {dag.py:3954} INFO - Setting next_dagrun for raw_load_branches to None, run_after=None
[2024-07-16T05:44:56.329+0530] {processor.py:183} INFO - Processing //home/kali/Desktop/projects/git/bank_data_processing/dags/dag_raw_branches.py took 0.754 seconds
[2024-07-16T05:45:26.968+0530] {processor.py:161} INFO - Started process (PID=46203) to work on //home/kali/Desktop/projects/git/bank_data_processing/dags/dag_raw_branches.py
[2024-07-16T05:45:26.974+0530] {processor.py:830} INFO - Processing file //home/kali/Desktop/projects/git/bank_data_processing/dags/dag_raw_branches.py for tasks to queue
[2024-07-16T05:45:26.975+0530] {logging_mixin.py:188} INFO - [2024-07-16T05:45:26.975+0530] {dagbag.py:545} INFO - Filling up the DagBag from //home/kali/Desktop/projects/git/bank_data_processing/dags/dag_raw_branches.py
[2024-07-16T05:45:27.510+0530] {logging_mixin.py:188} INFO - [2024-07-16T05:45:27.509+0530] {base.py:84} INFO - Using connection ID 'mysql_default' for task execution.
[2024-07-16T05:45:27.517+0530] {processor.py:840} INFO - DAG(s) 'raw_load_branches' retrieved from //home/kali/Desktop/projects/git/bank_data_processing/dags/dag_raw_branches.py
[2024-07-16T05:45:27.616+0530] {logging_mixin.py:188} INFO - [2024-07-16T05:45:27.615+0530] {dag.py:3096} INFO - Sync 1 DAGs
[2024-07-16T05:45:27.624+0530] {logging_mixin.py:188} INFO - [2024-07-16T05:45:27.624+0530] {dag.py:3954} INFO - Setting next_dagrun for raw_load_branches to None, run_after=None
[2024-07-16T05:45:27.654+0530] {processor.py:183} INFO - Processing //home/kali/Desktop/projects/git/bank_data_processing/dags/dag_raw_branches.py took 0.701 seconds
[2024-07-16T05:45:58.235+0530] {processor.py:161} INFO - Started process (PID=46918) to work on //home/kali/Desktop/projects/git/bank_data_processing/dags/dag_raw_branches.py
[2024-07-16T05:45:58.238+0530] {processor.py:830} INFO - Processing file //home/kali/Desktop/projects/git/bank_data_processing/dags/dag_raw_branches.py for tasks to queue
[2024-07-16T05:45:58.239+0530] {logging_mixin.py:188} INFO - [2024-07-16T05:45:58.239+0530] {dagbag.py:545} INFO - Filling up the DagBag from //home/kali/Desktop/projects/git/bank_data_processing/dags/dag_raw_branches.py
[2024-07-16T05:45:58.981+0530] {logging_mixin.py:188} INFO - [2024-07-16T05:45:58.981+0530] {base.py:84} INFO - Using connection ID 'mysql_default' for task execution.
[2024-07-16T05:45:58.996+0530] {processor.py:840} INFO - DAG(s) 'raw_load_branches' retrieved from //home/kali/Desktop/projects/git/bank_data_processing/dags/dag_raw_branches.py
[2024-07-16T05:45:59.176+0530] {logging_mixin.py:188} INFO - [2024-07-16T05:45:59.175+0530] {dag.py:3096} INFO - Sync 1 DAGs
[2024-07-16T05:45:59.192+0530] {logging_mixin.py:188} INFO - [2024-07-16T05:45:59.191+0530] {dag.py:3954} INFO - Setting next_dagrun for raw_load_branches to None, run_after=None
[2024-07-16T05:45:59.229+0530] {processor.py:183} INFO - Processing //home/kali/Desktop/projects/git/bank_data_processing/dags/dag_raw_branches.py took 1.001 seconds
[2024-07-16T05:46:29.448+0530] {processor.py:161} INFO - Started process (PID=47510) to work on //home/kali/Desktop/projects/git/bank_data_processing/dags/dag_raw_branches.py
[2024-07-16T05:46:29.450+0530] {processor.py:830} INFO - Processing file //home/kali/Desktop/projects/git/bank_data_processing/dags/dag_raw_branches.py for tasks to queue
[2024-07-16T05:46:29.451+0530] {logging_mixin.py:188} INFO - [2024-07-16T05:46:29.451+0530] {dagbag.py:545} INFO - Filling up the DagBag from //home/kali/Desktop/projects/git/bank_data_processing/dags/dag_raw_branches.py
[2024-07-16T05:46:30.169+0530] {logging_mixin.py:188} INFO - [2024-07-16T05:46:30.169+0530] {base.py:84} INFO - Using connection ID 'mysql_default' for task execution.
[2024-07-16T05:46:30.177+0530] {processor.py:840} INFO - DAG(s) 'raw_load_branches' retrieved from //home/kali/Desktop/projects/git/bank_data_processing/dags/dag_raw_branches.py
[2024-07-16T05:46:30.307+0530] {logging_mixin.py:188} INFO - [2024-07-16T05:46:30.307+0530] {dag.py:3096} INFO - Sync 1 DAGs
[2024-07-16T05:46:30.318+0530] {logging_mixin.py:188} INFO - [2024-07-16T05:46:30.318+0530] {dag.py:3954} INFO - Setting next_dagrun for raw_load_branches to None, run_after=None
[2024-07-16T05:46:30.351+0530] {processor.py:183} INFO - Processing //home/kali/Desktop/projects/git/bank_data_processing/dags/dag_raw_branches.py took 0.914 seconds
[2024-07-16T05:47:01.053+0530] {processor.py:161} INFO - Started process (PID=48026) to work on //home/kali/Desktop/projects/git/bank_data_processing/dags/dag_raw_branches.py
[2024-07-16T05:47:01.055+0530] {processor.py:830} INFO - Processing file //home/kali/Desktop/projects/git/bank_data_processing/dags/dag_raw_branches.py for tasks to queue
[2024-07-16T05:47:01.056+0530] {logging_mixin.py:188} INFO - [2024-07-16T05:47:01.056+0530] {dagbag.py:545} INFO - Filling up the DagBag from //home/kali/Desktop/projects/git/bank_data_processing/dags/dag_raw_branches.py
[2024-07-16T05:47:01.685+0530] {logging_mixin.py:188} INFO - [2024-07-16T05:47:01.684+0530] {base.py:84} INFO - Using connection ID 'mysql_default' for task execution.
[2024-07-16T05:47:01.694+0530] {processor.py:840} INFO - DAG(s) 'raw_load_branches' retrieved from //home/kali/Desktop/projects/git/bank_data_processing/dags/dag_raw_branches.py
[2024-07-16T05:47:01.812+0530] {logging_mixin.py:188} INFO - [2024-07-16T05:47:01.812+0530] {dag.py:3096} INFO - Sync 1 DAGs
[2024-07-16T05:47:01.827+0530] {logging_mixin.py:188} INFO - [2024-07-16T05:47:01.826+0530] {dag.py:3954} INFO - Setting next_dagrun for raw_load_branches to None, run_after=None
[2024-07-16T05:47:01.866+0530] {processor.py:183} INFO - Processing //home/kali/Desktop/projects/git/bank_data_processing/dags/dag_raw_branches.py took 0.821 seconds
[2024-07-16T05:47:32.146+0530] {processor.py:161} INFO - Started process (PID=48526) to work on //home/kali/Desktop/projects/git/bank_data_processing/dags/dag_raw_branches.py
[2024-07-16T05:47:32.150+0530] {processor.py:830} INFO - Processing file //home/kali/Desktop/projects/git/bank_data_processing/dags/dag_raw_branches.py for tasks to queue
[2024-07-16T05:47:32.152+0530] {logging_mixin.py:188} INFO - [2024-07-16T05:47:32.151+0530] {dagbag.py:545} INFO - Filling up the DagBag from //home/kali/Desktop/projects/git/bank_data_processing/dags/dag_raw_branches.py
[2024-07-16T05:47:33.000+0530] {logging_mixin.py:188} INFO - [2024-07-16T05:47:32.999+0530] {base.py:84} INFO - Using connection ID 'mysql_default' for task execution.
[2024-07-16T05:47:33.007+0530] {processor.py:840} INFO - DAG(s) 'raw_load_branches' retrieved from //home/kali/Desktop/projects/git/bank_data_processing/dags/dag_raw_branches.py
[2024-07-16T05:47:33.106+0530] {logging_mixin.py:188} INFO - [2024-07-16T05:47:33.106+0530] {dag.py:3096} INFO - Sync 1 DAGs
[2024-07-16T05:47:33.115+0530] {logging_mixin.py:188} INFO - [2024-07-16T05:47:33.114+0530] {dag.py:3954} INFO - Setting next_dagrun for raw_load_branches to None, run_after=None
[2024-07-16T05:47:33.143+0530] {processor.py:183} INFO - Processing //home/kali/Desktop/projects/git/bank_data_processing/dags/dag_raw_branches.py took 1.007 seconds
[2024-07-16T05:48:03.657+0530] {processor.py:161} INFO - Started process (PID=49028) to work on //home/kali/Desktop/projects/git/bank_data_processing/dags/dag_raw_branches.py
[2024-07-16T05:48:03.665+0530] {processor.py:830} INFO - Processing file //home/kali/Desktop/projects/git/bank_data_processing/dags/dag_raw_branches.py for tasks to queue
[2024-07-16T05:48:03.669+0530] {logging_mixin.py:188} INFO - [2024-07-16T05:48:03.668+0530] {dagbag.py:545} INFO - Filling up the DagBag from //home/kali/Desktop/projects/git/bank_data_processing/dags/dag_raw_branches.py
[2024-07-16T05:48:04.519+0530] {logging_mixin.py:188} INFO - [2024-07-16T05:48:04.519+0530] {base.py:84} INFO - Using connection ID 'mysql_default' for task execution.
[2024-07-16T05:48:04.528+0530] {processor.py:840} INFO - DAG(s) 'raw_load_branches' retrieved from //home/kali/Desktop/projects/git/bank_data_processing/dags/dag_raw_branches.py
[2024-07-16T05:48:04.638+0530] {logging_mixin.py:188} INFO - [2024-07-16T05:48:04.638+0530] {dag.py:3096} INFO - Sync 1 DAGs
[2024-07-16T05:48:04.651+0530] {logging_mixin.py:188} INFO - [2024-07-16T05:48:04.650+0530] {dag.py:3954} INFO - Setting next_dagrun for raw_load_branches to None, run_after=None
[2024-07-16T05:48:04.689+0530] {processor.py:183} INFO - Processing //home/kali/Desktop/projects/git/bank_data_processing/dags/dag_raw_branches.py took 1.072 seconds
[2024-07-16T05:48:34.933+0530] {processor.py:161} INFO - Started process (PID=49683) to work on //home/kali/Desktop/projects/git/bank_data_processing/dags/dag_raw_branches.py
[2024-07-16T05:48:34.939+0530] {processor.py:830} INFO - Processing file //home/kali/Desktop/projects/git/bank_data_processing/dags/dag_raw_branches.py for tasks to queue
[2024-07-16T05:48:34.940+0530] {logging_mixin.py:188} INFO - [2024-07-16T05:48:34.940+0530] {dagbag.py:545} INFO - Filling up the DagBag from //home/kali/Desktop/projects/git/bank_data_processing/dags/dag_raw_branches.py
[2024-07-16T05:48:35.612+0530] {logging_mixin.py:188} INFO - [2024-07-16T05:48:35.612+0530] {base.py:84} INFO - Using connection ID 'mysql_default' for task execution.
[2024-07-16T05:48:35.620+0530] {processor.py:840} INFO - DAG(s) 'raw_load_branches' retrieved from //home/kali/Desktop/projects/git/bank_data_processing/dags/dag_raw_branches.py
[2024-07-16T05:48:35.723+0530] {logging_mixin.py:188} INFO - [2024-07-16T05:48:35.722+0530] {dag.py:3096} INFO - Sync 1 DAGs
[2024-07-16T05:48:35.732+0530] {logging_mixin.py:188} INFO - [2024-07-16T05:48:35.732+0530] {dag.py:3954} INFO - Setting next_dagrun for raw_load_branches to None, run_after=None
[2024-07-16T05:48:35.760+0530] {processor.py:183} INFO - Processing //home/kali/Desktop/projects/git/bank_data_processing/dags/dag_raw_branches.py took 0.833 seconds
[2024-07-16T05:48:39.720+0530] {processor.py:161} INFO - Started process (PID=49987) to work on //home/kali/Desktop/projects/git/bank_data_processing/dags/dag_raw_branches.py
[2024-07-16T05:48:39.723+0530] {processor.py:830} INFO - Processing file //home/kali/Desktop/projects/git/bank_data_processing/dags/dag_raw_branches.py for tasks to queue
[2024-07-16T05:48:39.724+0530] {logging_mixin.py:188} INFO - [2024-07-16T05:48:39.723+0530] {dagbag.py:545} INFO - Filling up the DagBag from //home/kali/Desktop/projects/git/bank_data_processing/dags/dag_raw_branches.py
[2024-07-16T05:48:40.534+0530] {logging_mixin.py:188} INFO - [2024-07-16T05:48:40.533+0530] {base.py:84} INFO - Using connection ID 'mysql_default' for task execution.
[2024-07-16T05:48:40.539+0530] {processor.py:840} INFO - DAG(s) 'raw_load_branches' retrieved from //home/kali/Desktop/projects/git/bank_data_processing/dags/dag_raw_branches.py
[2024-07-16T05:48:40.542+0530] {logging_mixin.py:188} INFO - [2024-07-16T05:48:40.541+0530] {dag.py:3096} INFO - Sync 1 DAGs
[2024-07-16T05:48:40.553+0530] {logging_mixin.py:188} INFO - [2024-07-16T05:48:40.553+0530] {dag.py:3954} INFO - Setting next_dagrun for raw_load_branches to None, run_after=None
[2024-07-16T05:48:40.578+0530] {processor.py:183} INFO - Processing //home/kali/Desktop/projects/git/bank_data_processing/dags/dag_raw_branches.py took 0.869 seconds
[2024-07-16T05:49:11.822+0530] {processor.py:161} INFO - Started process (PID=50740) to work on //home/kali/Desktop/projects/git/bank_data_processing/dags/dag_raw_branches.py
[2024-07-16T05:49:11.823+0530] {processor.py:830} INFO - Processing file //home/kali/Desktop/projects/git/bank_data_processing/dags/dag_raw_branches.py for tasks to queue
[2024-07-16T05:49:11.824+0530] {logging_mixin.py:188} INFO - [2024-07-16T05:49:11.823+0530] {dagbag.py:545} INFO - Filling up the DagBag from //home/kali/Desktop/projects/git/bank_data_processing/dags/dag_raw_branches.py
[2024-07-16T05:49:12.561+0530] {logging_mixin.py:188} INFO - [2024-07-16T05:49:12.560+0530] {base.py:84} INFO - Using connection ID 'mysql_default' for task execution.
[2024-07-16T05:49:12.567+0530] {processor.py:840} INFO - DAG(s) 'raw_load_branches' retrieved from //home/kali/Desktop/projects/git/bank_data_processing/dags/dag_raw_branches.py
[2024-07-16T05:49:12.571+0530] {logging_mixin.py:188} INFO - [2024-07-16T05:49:12.570+0530] {dag.py:3096} INFO - Sync 1 DAGs
[2024-07-16T05:49:12.586+0530] {logging_mixin.py:188} INFO - [2024-07-16T05:49:12.586+0530] {dag.py:3954} INFO - Setting next_dagrun for raw_load_branches to None, run_after=None
[2024-07-16T05:49:12.608+0530] {processor.py:183} INFO - Processing //home/kali/Desktop/projects/git/bank_data_processing/dags/dag_raw_branches.py took 0.793 seconds
[2024-07-16T05:49:44.088+0530] {processor.py:161} INFO - Started process (PID=51571) to work on //home/kali/Desktop/projects/git/bank_data_processing/dags/dag_raw_branches.py
[2024-07-16T05:49:44.090+0530] {processor.py:830} INFO - Processing file //home/kali/Desktop/projects/git/bank_data_processing/dags/dag_raw_branches.py for tasks to queue
[2024-07-16T05:49:44.091+0530] {logging_mixin.py:188} INFO - [2024-07-16T05:49:44.091+0530] {dagbag.py:545} INFO - Filling up the DagBag from //home/kali/Desktop/projects/git/bank_data_processing/dags/dag_raw_branches.py
[2024-07-16T05:49:44.693+0530] {logging_mixin.py:188} INFO - [2024-07-16T05:49:44.693+0530] {base.py:84} INFO - Using connection ID 'mysql_default' for task execution.
[2024-07-16T05:49:44.699+0530] {processor.py:840} INFO - DAG(s) 'raw_load_branches' retrieved from //home/kali/Desktop/projects/git/bank_data_processing/dags/dag_raw_branches.py
[2024-07-16T05:49:44.809+0530] {logging_mixin.py:188} INFO - [2024-07-16T05:49:44.808+0530] {dag.py:3096} INFO - Sync 1 DAGs
[2024-07-16T05:49:44.818+0530] {logging_mixin.py:188} INFO - [2024-07-16T05:49:44.818+0530] {dag.py:3954} INFO - Setting next_dagrun for raw_load_branches to None, run_after=None
[2024-07-16T05:49:44.850+0530] {processor.py:183} INFO - Processing //home/kali/Desktop/projects/git/bank_data_processing/dags/dag_raw_branches.py took 0.772 seconds
[2024-07-16T05:50:15.969+0530] {processor.py:161} INFO - Started process (PID=52475) to work on //home/kali/Desktop/projects/git/bank_data_processing/dags/dag_raw_branches.py
[2024-07-16T05:50:15.972+0530] {processor.py:830} INFO - Processing file //home/kali/Desktop/projects/git/bank_data_processing/dags/dag_raw_branches.py for tasks to queue
[2024-07-16T05:50:15.973+0530] {logging_mixin.py:188} INFO - [2024-07-16T05:50:15.972+0530] {dagbag.py:545} INFO - Filling up the DagBag from //home/kali/Desktop/projects/git/bank_data_processing/dags/dag_raw_branches.py
[2024-07-16T05:50:17.089+0530] {logging_mixin.py:188} INFO - [2024-07-16T05:50:17.088+0530] {base.py:84} INFO - Using connection ID 'mysql_default' for task execution.
[2024-07-16T05:50:17.099+0530] {processor.py:840} INFO - DAG(s) 'raw_load_branches' retrieved from //home/kali/Desktop/projects/git/bank_data_processing/dags/dag_raw_branches.py
[2024-07-16T05:50:17.383+0530] {logging_mixin.py:188} INFO - [2024-07-16T05:50:17.383+0530] {dag.py:3096} INFO - Sync 1 DAGs
[2024-07-16T05:50:17.407+0530] {logging_mixin.py:188} INFO - [2024-07-16T05:50:17.407+0530] {dag.py:3954} INFO - Setting next_dagrun for raw_load_branches to None, run_after=None
[2024-07-16T05:50:17.451+0530] {processor.py:183} INFO - Processing //home/kali/Desktop/projects/git/bank_data_processing/dags/dag_raw_branches.py took 1.492 seconds
[2024-07-16T05:50:47.942+0530] {processor.py:161} INFO - Started process (PID=53469) to work on //home/kali/Desktop/projects/git/bank_data_processing/dags/dag_raw_branches.py
[2024-07-16T05:50:47.948+0530] {processor.py:830} INFO - Processing file //home/kali/Desktop/projects/git/bank_data_processing/dags/dag_raw_branches.py for tasks to queue
[2024-07-16T05:50:47.949+0530] {logging_mixin.py:188} INFO - [2024-07-16T05:50:47.948+0530] {dagbag.py:545} INFO - Filling up the DagBag from //home/kali/Desktop/projects/git/bank_data_processing/dags/dag_raw_branches.py
[2024-07-16T05:50:48.511+0530] {logging_mixin.py:188} INFO - [2024-07-16T05:50:48.511+0530] {base.py:84} INFO - Using connection ID 'mysql_default' for task execution.
[2024-07-16T05:50:48.515+0530] {processor.py:840} INFO - DAG(s) 'raw_load_branches' retrieved from //home/kali/Desktop/projects/git/bank_data_processing/dags/dag_raw_branches.py
[2024-07-16T05:50:48.600+0530] {logging_mixin.py:188} INFO - [2024-07-16T05:50:48.600+0530] {dag.py:3096} INFO - Sync 1 DAGs
[2024-07-16T05:50:48.608+0530] {logging_mixin.py:188} INFO - [2024-07-16T05:50:48.608+0530] {dag.py:3954} INFO - Setting next_dagrun for raw_load_branches to None, run_after=None
[2024-07-16T05:50:48.632+0530] {processor.py:183} INFO - Processing //home/kali/Desktop/projects/git/bank_data_processing/dags/dag_raw_branches.py took 0.698 seconds
[2024-07-16T05:51:18.735+0530] {processor.py:161} INFO - Started process (PID=54206) to work on //home/kali/Desktop/projects/git/bank_data_processing/dags/dag_raw_branches.py
[2024-07-16T05:51:18.741+0530] {processor.py:830} INFO - Processing file //home/kali/Desktop/projects/git/bank_data_processing/dags/dag_raw_branches.py for tasks to queue
[2024-07-16T05:51:18.742+0530] {logging_mixin.py:188} INFO - [2024-07-16T05:51:18.741+0530] {dagbag.py:545} INFO - Filling up the DagBag from //home/kali/Desktop/projects/git/bank_data_processing/dags/dag_raw_branches.py
[2024-07-16T05:51:19.250+0530] {logging_mixin.py:188} INFO - [2024-07-16T05:51:19.249+0530] {base.py:84} INFO - Using connection ID 'mysql_default' for task execution.
[2024-07-16T05:51:19.256+0530] {processor.py:840} INFO - DAG(s) 'raw_load_branches' retrieved from //home/kali/Desktop/projects/git/bank_data_processing/dags/dag_raw_branches.py
[2024-07-16T05:51:19.351+0530] {logging_mixin.py:188} INFO - [2024-07-16T05:51:19.351+0530] {dag.py:3096} INFO - Sync 1 DAGs
[2024-07-16T05:51:19.361+0530] {logging_mixin.py:188} INFO - [2024-07-16T05:51:19.361+0530] {dag.py:3954} INFO - Setting next_dagrun for raw_load_branches to None, run_after=None
[2024-07-16T05:51:19.382+0530] {processor.py:183} INFO - Processing //home/kali/Desktop/projects/git/bank_data_processing/dags/dag_raw_branches.py took 0.654 seconds
[2024-07-16T05:51:49.934+0530] {processor.py:161} INFO - Started process (PID=54878) to work on //home/kali/Desktop/projects/git/bank_data_processing/dags/dag_raw_branches.py
[2024-07-16T05:51:49.940+0530] {processor.py:830} INFO - Processing file //home/kali/Desktop/projects/git/bank_data_processing/dags/dag_raw_branches.py for tasks to queue
[2024-07-16T05:51:49.941+0530] {logging_mixin.py:188} INFO - [2024-07-16T05:51:49.941+0530] {dagbag.py:545} INFO - Filling up the DagBag from //home/kali/Desktop/projects/git/bank_data_processing/dags/dag_raw_branches.py
[2024-07-16T05:51:50.518+0530] {logging_mixin.py:188} INFO - [2024-07-16T05:51:50.518+0530] {base.py:84} INFO - Using connection ID 'mysql_default' for task execution.
[2024-07-16T05:51:50.521+0530] {processor.py:840} INFO - DAG(s) 'raw_load_branches' retrieved from //home/kali/Desktop/projects/git/bank_data_processing/dags/dag_raw_branches.py
[2024-07-16T05:51:50.608+0530] {logging_mixin.py:188} INFO - [2024-07-16T05:51:50.607+0530] {dag.py:3096} INFO - Sync 1 DAGs
[2024-07-16T05:51:50.615+0530] {logging_mixin.py:188} INFO - [2024-07-16T05:51:50.615+0530] {dag.py:3954} INFO - Setting next_dagrun for raw_load_branches to None, run_after=None
[2024-07-16T05:51:50.638+0530] {processor.py:183} INFO - Processing //home/kali/Desktop/projects/git/bank_data_processing/dags/dag_raw_branches.py took 0.710 seconds
[2024-07-16T05:52:20.882+0530] {processor.py:161} INFO - Started process (PID=55536) to work on //home/kali/Desktop/projects/git/bank_data_processing/dags/dag_raw_branches.py
[2024-07-16T05:52:20.888+0530] {processor.py:830} INFO - Processing file //home/kali/Desktop/projects/git/bank_data_processing/dags/dag_raw_branches.py for tasks to queue
[2024-07-16T05:52:20.889+0530] {logging_mixin.py:188} INFO - [2024-07-16T05:52:20.889+0530] {dagbag.py:545} INFO - Filling up the DagBag from //home/kali/Desktop/projects/git/bank_data_processing/dags/dag_raw_branches.py
[2024-07-16T05:52:21.530+0530] {logging_mixin.py:188} INFO - [2024-07-16T05:52:21.529+0530] {base.py:84} INFO - Using connection ID 'mysql_default' for task execution.
[2024-07-16T05:52:21.534+0530] {processor.py:840} INFO - DAG(s) 'raw_load_branches' retrieved from //home/kali/Desktop/projects/git/bank_data_processing/dags/dag_raw_branches.py
[2024-07-16T05:52:21.650+0530] {logging_mixin.py:188} INFO - [2024-07-16T05:52:21.650+0530] {dag.py:3096} INFO - Sync 1 DAGs
[2024-07-16T05:52:21.658+0530] {logging_mixin.py:188} INFO - [2024-07-16T05:52:21.657+0530] {dag.py:3954} INFO - Setting next_dagrun for raw_load_branches to None, run_after=None
[2024-07-16T05:52:21.683+0530] {processor.py:183} INFO - Processing //home/kali/Desktop/projects/git/bank_data_processing/dags/dag_raw_branches.py took 0.812 seconds
[2024-07-16T05:52:52.414+0530] {processor.py:161} INFO - Started process (PID=56361) to work on //home/kali/Desktop/projects/git/bank_data_processing/dags/dag_raw_branches.py
[2024-07-16T05:52:52.416+0530] {processor.py:830} INFO - Processing file //home/kali/Desktop/projects/git/bank_data_processing/dags/dag_raw_branches.py for tasks to queue
[2024-07-16T05:52:52.417+0530] {logging_mixin.py:188} INFO - [2024-07-16T05:52:52.416+0530] {dagbag.py:545} INFO - Filling up the DagBag from //home/kali/Desktop/projects/git/bank_data_processing/dags/dag_raw_branches.py
[2024-07-16T05:52:52.990+0530] {logging_mixin.py:188} INFO - [2024-07-16T05:52:52.990+0530] {base.py:84} INFO - Using connection ID 'mysql_default' for task execution.
[2024-07-16T05:52:52.994+0530] {processor.py:840} INFO - DAG(s) 'raw_load_branches' retrieved from //home/kali/Desktop/projects/git/bank_data_processing/dags/dag_raw_branches.py
[2024-07-16T05:52:53.089+0530] {logging_mixin.py:188} INFO - [2024-07-16T05:52:53.089+0530] {dag.py:3096} INFO - Sync 1 DAGs
[2024-07-16T05:52:53.098+0530] {logging_mixin.py:188} INFO - [2024-07-16T05:52:53.098+0530] {dag.py:3954} INFO - Setting next_dagrun for raw_load_branches to None, run_after=None
[2024-07-16T05:52:53.124+0530] {processor.py:183} INFO - Processing //home/kali/Desktop/projects/git/bank_data_processing/dags/dag_raw_branches.py took 0.715 seconds
[2024-07-16T05:53:23.272+0530] {processor.py:161} INFO - Started process (PID=57111) to work on //home/kali/Desktop/projects/git/bank_data_processing/dags/dag_raw_branches.py
[2024-07-16T05:53:23.278+0530] {processor.py:830} INFO - Processing file //home/kali/Desktop/projects/git/bank_data_processing/dags/dag_raw_branches.py for tasks to queue
[2024-07-16T05:53:23.279+0530] {logging_mixin.py:188} INFO - [2024-07-16T05:53:23.279+0530] {dagbag.py:545} INFO - Filling up the DagBag from //home/kali/Desktop/projects/git/bank_data_processing/dags/dag_raw_branches.py
[2024-07-16T05:53:23.862+0530] {logging_mixin.py:188} INFO - [2024-07-16T05:53:23.862+0530] {base.py:84} INFO - Using connection ID 'mysql_default' for task execution.
[2024-07-16T05:53:23.866+0530] {processor.py:840} INFO - DAG(s) 'raw_load_branches' retrieved from //home/kali/Desktop/projects/git/bank_data_processing/dags/dag_raw_branches.py
[2024-07-16T05:53:23.961+0530] {logging_mixin.py:188} INFO - [2024-07-16T05:53:23.961+0530] {dag.py:3096} INFO - Sync 1 DAGs
[2024-07-16T05:53:23.969+0530] {logging_mixin.py:188} INFO - [2024-07-16T05:53:23.969+0530] {dag.py:3954} INFO - Setting next_dagrun for raw_load_branches to None, run_after=None
[2024-07-16T05:53:23.991+0530] {processor.py:183} INFO - Processing //home/kali/Desktop/projects/git/bank_data_processing/dags/dag_raw_branches.py took 0.729 seconds
[2024-07-16T05:53:54.202+0530] {processor.py:161} INFO - Started process (PID=57745) to work on //home/kali/Desktop/projects/git/bank_data_processing/dags/dag_raw_branches.py
[2024-07-16T05:53:54.205+0530] {processor.py:830} INFO - Processing file //home/kali/Desktop/projects/git/bank_data_processing/dags/dag_raw_branches.py for tasks to queue
[2024-07-16T05:53:54.206+0530] {logging_mixin.py:188} INFO - [2024-07-16T05:53:54.206+0530] {dagbag.py:545} INFO - Filling up the DagBag from //home/kali/Desktop/projects/git/bank_data_processing/dags/dag_raw_branches.py
[2024-07-16T05:53:54.899+0530] {logging_mixin.py:188} INFO - [2024-07-16T05:53:54.898+0530] {base.py:84} INFO - Using connection ID 'mysql_default' for task execution.
[2024-07-16T05:53:54.904+0530] {processor.py:840} INFO - DAG(s) 'raw_load_branches' retrieved from //home/kali/Desktop/projects/git/bank_data_processing/dags/dag_raw_branches.py
[2024-07-16T05:53:55.075+0530] {logging_mixin.py:188} INFO - [2024-07-16T05:53:55.075+0530] {dag.py:3096} INFO - Sync 1 DAGs
[2024-07-16T05:53:55.087+0530] {logging_mixin.py:188} INFO - [2024-07-16T05:53:55.086+0530] {dag.py:3954} INFO - Setting next_dagrun for raw_load_branches to None, run_after=None
[2024-07-16T05:53:55.127+0530] {processor.py:183} INFO - Processing //home/kali/Desktop/projects/git/bank_data_processing/dags/dag_raw_branches.py took 0.939 seconds
[2024-07-16T05:54:25.297+0530] {processor.py:161} INFO - Started process (PID=58259) to work on //home/kali/Desktop/projects/git/bank_data_processing/dags/dag_raw_branches.py
[2024-07-16T05:54:25.303+0530] {processor.py:830} INFO - Processing file //home/kali/Desktop/projects/git/bank_data_processing/dags/dag_raw_branches.py for tasks to queue
[2024-07-16T05:54:25.305+0530] {logging_mixin.py:188} INFO - [2024-07-16T05:54:25.304+0530] {dagbag.py:545} INFO - Filling up the DagBag from //home/kali/Desktop/projects/git/bank_data_processing/dags/dag_raw_branches.py
[2024-07-16T05:54:25.929+0530] {logging_mixin.py:188} INFO - [2024-07-16T05:54:25.928+0530] {base.py:84} INFO - Using connection ID 'mysql_default' for task execution.
[2024-07-16T05:54:25.932+0530] {processor.py:840} INFO - DAG(s) 'raw_load_branches' retrieved from //home/kali/Desktop/projects/git/bank_data_processing/dags/dag_raw_branches.py
[2024-07-16T05:54:26.021+0530] {logging_mixin.py:188} INFO - [2024-07-16T05:54:26.020+0530] {dag.py:3096} INFO - Sync 1 DAGs
[2024-07-16T05:54:26.030+0530] {logging_mixin.py:188} INFO - [2024-07-16T05:54:26.030+0530] {dag.py:3954} INFO - Setting next_dagrun for raw_load_branches to None, run_after=None
[2024-07-16T05:54:26.053+0530] {processor.py:183} INFO - Processing //home/kali/Desktop/projects/git/bank_data_processing/dags/dag_raw_branches.py took 0.769 seconds
[2024-07-16T05:54:56.633+0530] {processor.py:161} INFO - Started process (PID=59216) to work on //home/kali/Desktop/projects/git/bank_data_processing/dags/dag_raw_branches.py
[2024-07-16T05:54:56.634+0530] {processor.py:830} INFO - Processing file //home/kali/Desktop/projects/git/bank_data_processing/dags/dag_raw_branches.py for tasks to queue
[2024-07-16T05:54:56.634+0530] {logging_mixin.py:188} INFO - [2024-07-16T05:54:56.634+0530] {dagbag.py:545} INFO - Filling up the DagBag from //home/kali/Desktop/projects/git/bank_data_processing/dags/dag_raw_branches.py
[2024-07-16T05:54:57.310+0530] {logging_mixin.py:188} INFO - [2024-07-16T05:54:57.310+0530] {base.py:84} INFO - Using connection ID 'mysql_default' for task execution.
[2024-07-16T05:54:57.315+0530] {processor.py:840} INFO - DAG(s) 'raw_load_branches' retrieved from //home/kali/Desktop/projects/git/bank_data_processing/dags/dag_raw_branches.py
[2024-07-16T05:54:57.436+0530] {logging_mixin.py:188} INFO - [2024-07-16T05:54:57.436+0530] {dag.py:3096} INFO - Sync 1 DAGs
[2024-07-16T05:54:57.454+0530] {logging_mixin.py:188} INFO - [2024-07-16T05:54:57.454+0530] {dag.py:3954} INFO - Setting next_dagrun for raw_load_branches to None, run_after=None
[2024-07-16T05:54:57.487+0530] {processor.py:183} INFO - Processing //home/kali/Desktop/projects/git/bank_data_processing/dags/dag_raw_branches.py took 0.863 seconds
[2024-07-16T05:55:27.577+0530] {processor.py:161} INFO - Started process (PID=59916) to work on //home/kali/Desktop/projects/git/bank_data_processing/dags/dag_raw_branches.py
[2024-07-16T05:55:27.578+0530] {processor.py:830} INFO - Processing file //home/kali/Desktop/projects/git/bank_data_processing/dags/dag_raw_branches.py for tasks to queue
[2024-07-16T05:55:27.579+0530] {logging_mixin.py:188} INFO - [2024-07-16T05:55:27.579+0530] {dagbag.py:545} INFO - Filling up the DagBag from //home/kali/Desktop/projects/git/bank_data_processing/dags/dag_raw_branches.py
[2024-07-16T05:55:28.310+0530] {logging_mixin.py:188} INFO - [2024-07-16T05:55:28.309+0530] {base.py:84} INFO - Using connection ID 'mysql_default' for task execution.
[2024-07-16T05:55:28.313+0530] {processor.py:840} INFO - DAG(s) 'raw_load_branches' retrieved from //home/kali/Desktop/projects/git/bank_data_processing/dags/dag_raw_branches.py
[2024-07-16T05:55:28.408+0530] {logging_mixin.py:188} INFO - [2024-07-16T05:55:28.408+0530] {dag.py:3096} INFO - Sync 1 DAGs
[2024-07-16T05:55:28.416+0530] {logging_mixin.py:188} INFO - [2024-07-16T05:55:28.415+0530] {dag.py:3954} INFO - Setting next_dagrun for raw_load_branches to None, run_after=None
[2024-07-16T05:55:28.435+0530] {processor.py:183} INFO - Processing //home/kali/Desktop/projects/git/bank_data_processing/dags/dag_raw_branches.py took 0.865 seconds
[2024-07-16T05:55:58.503+0530] {processor.py:161} INFO - Started process (PID=60702) to work on //home/kali/Desktop/projects/git/bank_data_processing/dags/dag_raw_branches.py
[2024-07-16T05:55:58.504+0530] {processor.py:830} INFO - Processing file //home/kali/Desktop/projects/git/bank_data_processing/dags/dag_raw_branches.py for tasks to queue
[2024-07-16T05:55:58.505+0530] {logging_mixin.py:188} INFO - [2024-07-16T05:55:58.504+0530] {dagbag.py:545} INFO - Filling up the DagBag from //home/kali/Desktop/projects/git/bank_data_processing/dags/dag_raw_branches.py
[2024-07-16T05:55:59.088+0530] {logging_mixin.py:188} INFO - [2024-07-16T05:55:59.088+0530] {base.py:84} INFO - Using connection ID 'mysql_default' for task execution.
[2024-07-16T05:55:59.091+0530] {processor.py:840} INFO - DAG(s) 'raw_load_branches' retrieved from //home/kali/Desktop/projects/git/bank_data_processing/dags/dag_raw_branches.py
[2024-07-16T05:55:59.189+0530] {logging_mixin.py:188} INFO - [2024-07-16T05:55:59.188+0530] {dag.py:3096} INFO - Sync 1 DAGs
[2024-07-16T05:55:59.196+0530] {logging_mixin.py:188} INFO - [2024-07-16T05:55:59.196+0530] {dag.py:3954} INFO - Setting next_dagrun for raw_load_branches to None, run_after=None
[2024-07-16T05:55:59.217+0530] {processor.py:183} INFO - Processing //home/kali/Desktop/projects/git/bank_data_processing/dags/dag_raw_branches.py took 0.722 seconds
[2024-07-16T05:56:29.983+0530] {processor.py:161} INFO - Started process (PID=61460) to work on //home/kali/Desktop/projects/git/bank_data_processing/dags/dag_raw_branches.py
[2024-07-16T05:56:29.984+0530] {processor.py:830} INFO - Processing file //home/kali/Desktop/projects/git/bank_data_processing/dags/dag_raw_branches.py for tasks to queue
[2024-07-16T05:56:29.985+0530] {logging_mixin.py:188} INFO - [2024-07-16T05:56:29.985+0530] {dagbag.py:545} INFO - Filling up the DagBag from //home/kali/Desktop/projects/git/bank_data_processing/dags/dag_raw_branches.py
[2024-07-16T05:56:30.601+0530] {logging_mixin.py:188} INFO - [2024-07-16T05:56:30.600+0530] {base.py:84} INFO - Using connection ID 'mysql_default' for task execution.
[2024-07-16T05:56:30.608+0530] {processor.py:840} INFO - DAG(s) 'raw_load_branches' retrieved from //home/kali/Desktop/projects/git/bank_data_processing/dags/dag_raw_branches.py
[2024-07-16T05:56:30.735+0530] {logging_mixin.py:188} INFO - [2024-07-16T05:56:30.735+0530] {dag.py:3096} INFO - Sync 1 DAGs
[2024-07-16T05:56:30.743+0530] {logging_mixin.py:188} INFO - [2024-07-16T05:56:30.743+0530] {dag.py:3954} INFO - Setting next_dagrun for raw_load_branches to None, run_after=None
[2024-07-16T05:56:30.766+0530] {processor.py:183} INFO - Processing //home/kali/Desktop/projects/git/bank_data_processing/dags/dag_raw_branches.py took 0.790 seconds
[2024-07-16T05:57:01.548+0530] {processor.py:161} INFO - Started process (PID=62331) to work on //home/kali/Desktop/projects/git/bank_data_processing/dags/dag_raw_branches.py
[2024-07-16T05:57:01.549+0530] {processor.py:830} INFO - Processing file //home/kali/Desktop/projects/git/bank_data_processing/dags/dag_raw_branches.py for tasks to queue
[2024-07-16T05:57:01.550+0530] {logging_mixin.py:188} INFO - [2024-07-16T05:57:01.549+0530] {dagbag.py:545} INFO - Filling up the DagBag from //home/kali/Desktop/projects/git/bank_data_processing/dags/dag_raw_branches.py
[2024-07-16T05:57:02.168+0530] {logging_mixin.py:188} INFO - [2024-07-16T05:57:02.167+0530] {base.py:84} INFO - Using connection ID 'mysql_default' for task execution.
[2024-07-16T05:57:02.172+0530] {processor.py:840} INFO - DAG(s) 'raw_load_branches' retrieved from //home/kali/Desktop/projects/git/bank_data_processing/dags/dag_raw_branches.py
[2024-07-16T05:57:02.261+0530] {logging_mixin.py:188} INFO - [2024-07-16T05:57:02.260+0530] {dag.py:3096} INFO - Sync 1 DAGs
[2024-07-16T05:57:02.269+0530] {logging_mixin.py:188} INFO - [2024-07-16T05:57:02.269+0530] {dag.py:3954} INFO - Setting next_dagrun for raw_load_branches to None, run_after=None
[2024-07-16T05:57:02.292+0530] {processor.py:183} INFO - Processing //home/kali/Desktop/projects/git/bank_data_processing/dags/dag_raw_branches.py took 0.750 seconds
