[2024-07-16T05:30:21.918+0530] {processor.py:161} INFO - Started process (PID=24670) to work on //home/kali/Desktop/projects/git/bank_data_processing/dags/dag_raw_recurring_deposits.py
[2024-07-16T05:30:21.919+0530] {processor.py:830} INFO - Processing file //home/kali/Desktop/projects/git/bank_data_processing/dags/dag_raw_recurring_deposits.py for tasks to queue
[2024-07-16T05:30:21.922+0530] {logging_mixin.py:188} INFO - [2024-07-16T05:30:21.921+0530] {dagbag.py:545} INFO - Filling up the DagBag from //home/kali/Desktop/projects/git/bank_data_processing/dags/dag_raw_recurring_deposits.py
[2024-07-16T05:30:22.517+0530] {logging_mixin.py:188} INFO - [2024-07-16T05:30:22.517+0530] {base.py:84} INFO - Using connection ID 'mysql_default' for task execution.
[2024-07-16T05:30:22.524+0530] {processor.py:840} INFO - DAG(s) 'raw_load_recurring_deposits' retrieved from //home/kali/Desktop/projects/git/bank_data_processing/dags/dag_raw_recurring_deposits.py
[2024-07-16T05:30:22.622+0530] {logging_mixin.py:188} INFO - [2024-07-16T05:30:22.622+0530] {dag.py:3096} INFO - Sync 1 DAGs
[2024-07-16T05:30:22.634+0530] {logging_mixin.py:188} INFO - [2024-07-16T05:30:22.633+0530] {dag.py:3954} INFO - Setting next_dagrun for raw_load_recurring_deposits to None, run_after=None
[2024-07-16T05:30:22.660+0530] {processor.py:183} INFO - Processing //home/kali/Desktop/projects/git/bank_data_processing/dags/dag_raw_recurring_deposits.py took 0.749 seconds
[2024-07-16T05:30:52.928+0530] {processor.py:161} INFO - Started process (PID=25168) to work on //home/kali/Desktop/projects/git/bank_data_processing/dags/dag_raw_recurring_deposits.py
[2024-07-16T05:30:52.929+0530] {processor.py:830} INFO - Processing file //home/kali/Desktop/projects/git/bank_data_processing/dags/dag_raw_recurring_deposits.py for tasks to queue
[2024-07-16T05:30:52.931+0530] {logging_mixin.py:188} INFO - [2024-07-16T05:30:52.931+0530] {dagbag.py:545} INFO - Filling up the DagBag from //home/kali/Desktop/projects/git/bank_data_processing/dags/dag_raw_recurring_deposits.py
[2024-07-16T05:30:53.658+0530] {logging_mixin.py:188} INFO - [2024-07-16T05:30:53.658+0530] {base.py:84} INFO - Using connection ID 'mysql_default' for task execution.
[2024-07-16T05:30:53.676+0530] {processor.py:840} INFO - DAG(s) 'raw_load_recurring_deposits' retrieved from //home/kali/Desktop/projects/git/bank_data_processing/dags/dag_raw_recurring_deposits.py
[2024-07-16T05:30:53.798+0530] {logging_mixin.py:188} INFO - [2024-07-16T05:30:53.798+0530] {dag.py:3096} INFO - Sync 1 DAGs
[2024-07-16T05:30:53.806+0530] {logging_mixin.py:188} INFO - [2024-07-16T05:30:53.806+0530] {dag.py:3954} INFO - Setting next_dagrun for raw_load_recurring_deposits to None, run_after=None
[2024-07-16T05:30:53.826+0530] {processor.py:183} INFO - Processing //home/kali/Desktop/projects/git/bank_data_processing/dags/dag_raw_recurring_deposits.py took 0.906 seconds
[2024-07-16T05:31:24.630+0530] {processor.py:161} INFO - Started process (PID=25931) to work on //home/kali/Desktop/projects/git/bank_data_processing/dags/dag_raw_recurring_deposits.py
[2024-07-16T05:31:24.631+0530] {processor.py:830} INFO - Processing file //home/kali/Desktop/projects/git/bank_data_processing/dags/dag_raw_recurring_deposits.py for tasks to queue
[2024-07-16T05:31:24.633+0530] {logging_mixin.py:188} INFO - [2024-07-16T05:31:24.632+0530] {dagbag.py:545} INFO - Filling up the DagBag from //home/kali/Desktop/projects/git/bank_data_processing/dags/dag_raw_recurring_deposits.py
[2024-07-16T05:31:25.237+0530] {logging_mixin.py:188} INFO - [2024-07-16T05:31:25.237+0530] {base.py:84} INFO - Using connection ID 'mysql_default' for task execution.
[2024-07-16T05:31:25.243+0530] {processor.py:840} INFO - DAG(s) 'raw_load_recurring_deposits' retrieved from //home/kali/Desktop/projects/git/bank_data_processing/dags/dag_raw_recurring_deposits.py
[2024-07-16T05:31:25.335+0530] {logging_mixin.py:188} INFO - [2024-07-16T05:31:25.335+0530] {dag.py:3096} INFO - Sync 1 DAGs
[2024-07-16T05:31:25.343+0530] {logging_mixin.py:188} INFO - [2024-07-16T05:31:25.343+0530] {dag.py:3954} INFO - Setting next_dagrun for raw_load_recurring_deposits to None, run_after=None
[2024-07-16T05:31:25.371+0530] {processor.py:183} INFO - Processing //home/kali/Desktop/projects/git/bank_data_processing/dags/dag_raw_recurring_deposits.py took 0.750 seconds
[2024-07-16T05:31:55.441+0530] {processor.py:161} INFO - Started process (PID=26630) to work on //home/kali/Desktop/projects/git/bank_data_processing/dags/dag_raw_recurring_deposits.py
[2024-07-16T05:31:55.442+0530] {processor.py:830} INFO - Processing file //home/kali/Desktop/projects/git/bank_data_processing/dags/dag_raw_recurring_deposits.py for tasks to queue
[2024-07-16T05:31:55.445+0530] {logging_mixin.py:188} INFO - [2024-07-16T05:31:55.444+0530] {dagbag.py:545} INFO - Filling up the DagBag from //home/kali/Desktop/projects/git/bank_data_processing/dags/dag_raw_recurring_deposits.py
[2024-07-16T05:31:56.030+0530] {logging_mixin.py:188} INFO - [2024-07-16T05:31:56.029+0530] {base.py:84} INFO - Using connection ID 'mysql_default' for task execution.
[2024-07-16T05:31:56.039+0530] {processor.py:840} INFO - DAG(s) 'raw_load_recurring_deposits' retrieved from //home/kali/Desktop/projects/git/bank_data_processing/dags/dag_raw_recurring_deposits.py
[2024-07-16T05:31:56.204+0530] {logging_mixin.py:188} INFO - [2024-07-16T05:31:56.204+0530] {dag.py:3096} INFO - Sync 1 DAGs
[2024-07-16T05:31:56.217+0530] {logging_mixin.py:188} INFO - [2024-07-16T05:31:56.216+0530] {dag.py:3954} INFO - Setting next_dagrun for raw_load_recurring_deposits to None, run_after=None
[2024-07-16T05:31:56.247+0530] {processor.py:183} INFO - Processing //home/kali/Desktop/projects/git/bank_data_processing/dags/dag_raw_recurring_deposits.py took 0.814 seconds
[2024-07-16T05:32:26.697+0530] {processor.py:161} INFO - Started process (PID=27420) to work on //home/kali/Desktop/projects/git/bank_data_processing/dags/dag_raw_recurring_deposits.py
[2024-07-16T05:32:26.698+0530] {processor.py:830} INFO - Processing file //home/kali/Desktop/projects/git/bank_data_processing/dags/dag_raw_recurring_deposits.py for tasks to queue
[2024-07-16T05:32:26.700+0530] {logging_mixin.py:188} INFO - [2024-07-16T05:32:26.699+0530] {dagbag.py:545} INFO - Filling up the DagBag from //home/kali/Desktop/projects/git/bank_data_processing/dags/dag_raw_recurring_deposits.py
[2024-07-16T05:32:27.215+0530] {logging_mixin.py:188} INFO - [2024-07-16T05:32:27.214+0530] {base.py:84} INFO - Using connection ID 'mysql_default' for task execution.
[2024-07-16T05:32:27.222+0530] {processor.py:840} INFO - DAG(s) 'raw_load_recurring_deposits' retrieved from //home/kali/Desktop/projects/git/bank_data_processing/dags/dag_raw_recurring_deposits.py
[2024-07-16T05:32:27.328+0530] {logging_mixin.py:188} INFO - [2024-07-16T05:32:27.328+0530] {dag.py:3096} INFO - Sync 1 DAGs
[2024-07-16T05:32:27.338+0530] {logging_mixin.py:188} INFO - [2024-07-16T05:32:27.338+0530] {dag.py:3954} INFO - Setting next_dagrun for raw_load_recurring_deposits to None, run_after=None
[2024-07-16T05:32:27.360+0530] {processor.py:183} INFO - Processing //home/kali/Desktop/projects/git/bank_data_processing/dags/dag_raw_recurring_deposits.py took 0.669 seconds
[2024-07-16T05:32:57.965+0530] {processor.py:161} INFO - Started process (PID=28120) to work on //home/kali/Desktop/projects/git/bank_data_processing/dags/dag_raw_recurring_deposits.py
[2024-07-16T05:32:57.967+0530] {processor.py:830} INFO - Processing file //home/kali/Desktop/projects/git/bank_data_processing/dags/dag_raw_recurring_deposits.py for tasks to queue
[2024-07-16T05:32:57.969+0530] {logging_mixin.py:188} INFO - [2024-07-16T05:32:57.968+0530] {dagbag.py:545} INFO - Filling up the DagBag from //home/kali/Desktop/projects/git/bank_data_processing/dags/dag_raw_recurring_deposits.py
[2024-07-16T05:32:58.536+0530] {logging_mixin.py:188} INFO - [2024-07-16T05:32:58.536+0530] {base.py:84} INFO - Using connection ID 'mysql_default' for task execution.
[2024-07-16T05:32:58.548+0530] {processor.py:840} INFO - DAG(s) 'raw_load_recurring_deposits' retrieved from //home/kali/Desktop/projects/git/bank_data_processing/dags/dag_raw_recurring_deposits.py
[2024-07-16T05:32:58.655+0530] {logging_mixin.py:188} INFO - [2024-07-16T05:32:58.655+0530] {dag.py:3096} INFO - Sync 1 DAGs
[2024-07-16T05:32:58.664+0530] {logging_mixin.py:188} INFO - [2024-07-16T05:32:58.664+0530] {dag.py:3954} INFO - Setting next_dagrun for raw_load_recurring_deposits to None, run_after=None
[2024-07-16T05:32:58.684+0530] {processor.py:183} INFO - Processing //home/kali/Desktop/projects/git/bank_data_processing/dags/dag_raw_recurring_deposits.py took 0.725 seconds
[2024-07-16T05:33:30.372+0530] {processor.py:161} INFO - Started process (PID=28907) to work on //home/kali/Desktop/projects/git/bank_data_processing/dags/dag_raw_recurring_deposits.py
[2024-07-16T05:33:30.373+0530] {processor.py:830} INFO - Processing file //home/kali/Desktop/projects/git/bank_data_processing/dags/dag_raw_recurring_deposits.py for tasks to queue
[2024-07-16T05:33:30.374+0530] {logging_mixin.py:188} INFO - [2024-07-16T05:33:30.374+0530] {dagbag.py:545} INFO - Filling up the DagBag from //home/kali/Desktop/projects/git/bank_data_processing/dags/dag_raw_recurring_deposits.py
[2024-07-16T05:33:30.872+0530] {logging_mixin.py:188} INFO - [2024-07-16T05:33:30.871+0530] {base.py:84} INFO - Using connection ID 'mysql_default' for task execution.
[2024-07-16T05:33:30.882+0530] {processor.py:840} INFO - DAG(s) 'raw_load_recurring_deposits' retrieved from //home/kali/Desktop/projects/git/bank_data_processing/dags/dag_raw_recurring_deposits.py
[2024-07-16T05:33:31.054+0530] {logging_mixin.py:188} INFO - [2024-07-16T05:33:31.054+0530] {dag.py:3096} INFO - Sync 1 DAGs
[2024-07-16T05:33:31.062+0530] {logging_mixin.py:188} INFO - [2024-07-16T05:33:31.062+0530] {dag.py:3954} INFO - Setting next_dagrun for raw_load_recurring_deposits to None, run_after=None
[2024-07-16T05:33:31.082+0530] {processor.py:183} INFO - Processing //home/kali/Desktop/projects/git/bank_data_processing/dags/dag_raw_recurring_deposits.py took 0.715 seconds
[2024-07-16T05:34:01.273+0530] {processor.py:161} INFO - Started process (PID=29611) to work on //home/kali/Desktop/projects/git/bank_data_processing/dags/dag_raw_recurring_deposits.py
[2024-07-16T05:34:01.274+0530] {processor.py:830} INFO - Processing file //home/kali/Desktop/projects/git/bank_data_processing/dags/dag_raw_recurring_deposits.py for tasks to queue
[2024-07-16T05:34:01.276+0530] {logging_mixin.py:188} INFO - [2024-07-16T05:34:01.275+0530] {dagbag.py:545} INFO - Filling up the DagBag from //home/kali/Desktop/projects/git/bank_data_processing/dags/dag_raw_recurring_deposits.py
[2024-07-16T05:34:01.881+0530] {logging_mixin.py:188} INFO - [2024-07-16T05:34:01.881+0530] {base.py:84} INFO - Using connection ID 'mysql_default' for task execution.
[2024-07-16T05:34:01.887+0530] {processor.py:840} INFO - DAG(s) 'raw_load_recurring_deposits' retrieved from //home/kali/Desktop/projects/git/bank_data_processing/dags/dag_raw_recurring_deposits.py
[2024-07-16T05:34:01.983+0530] {logging_mixin.py:188} INFO - [2024-07-16T05:34:01.982+0530] {dag.py:3096} INFO - Sync 1 DAGs
[2024-07-16T05:34:01.996+0530] {logging_mixin.py:188} INFO - [2024-07-16T05:34:01.993+0530] {dag.py:3954} INFO - Setting next_dagrun for raw_load_recurring_deposits to None, run_after=None
[2024-07-16T05:34:02.027+0530] {processor.py:183} INFO - Processing //home/kali/Desktop/projects/git/bank_data_processing/dags/dag_raw_recurring_deposits.py took 0.759 seconds
[2024-07-16T05:34:35.140+0530] {processor.py:161} INFO - Started process (PID=30469) to work on //home/kali/Desktop/projects/git/bank_data_processing/dags/dag_raw_recurring_deposits.py
[2024-07-16T05:34:35.141+0530] {processor.py:830} INFO - Processing file //home/kali/Desktop/projects/git/bank_data_processing/dags/dag_raw_recurring_deposits.py for tasks to queue
[2024-07-16T05:34:35.143+0530] {logging_mixin.py:188} INFO - [2024-07-16T05:34:35.142+0530] {dagbag.py:545} INFO - Filling up the DagBag from //home/kali/Desktop/projects/git/bank_data_processing/dags/dag_raw_recurring_deposits.py
[2024-07-16T05:34:35.723+0530] {logging_mixin.py:188} INFO - [2024-07-16T05:34:35.723+0530] {base.py:84} INFO - Using connection ID 'mysql_default' for task execution.
[2024-07-16T05:34:35.729+0530] {processor.py:840} INFO - DAG(s) 'raw_load_recurring_deposits' retrieved from //home/kali/Desktop/projects/git/bank_data_processing/dags/dag_raw_recurring_deposits.py
[2024-07-16T05:34:35.817+0530] {logging_mixin.py:188} INFO - [2024-07-16T05:34:35.816+0530] {dag.py:3096} INFO - Sync 1 DAGs
[2024-07-16T05:34:35.825+0530] {logging_mixin.py:188} INFO - [2024-07-16T05:34:35.824+0530] {dag.py:3954} INFO - Setting next_dagrun for raw_load_recurring_deposits to None, run_after=None
[2024-07-16T05:34:35.843+0530] {processor.py:183} INFO - Processing //home/kali/Desktop/projects/git/bank_data_processing/dags/dag_raw_recurring_deposits.py took 0.709 seconds
[2024-07-16T05:35:06.932+0530] {processor.py:161} INFO - Started process (PID=31187) to work on //home/kali/Desktop/projects/git/bank_data_processing/dags/dag_raw_recurring_deposits.py
[2024-07-16T05:35:06.933+0530] {processor.py:830} INFO - Processing file //home/kali/Desktop/projects/git/bank_data_processing/dags/dag_raw_recurring_deposits.py for tasks to queue
[2024-07-16T05:35:06.935+0530] {logging_mixin.py:188} INFO - [2024-07-16T05:35:06.934+0530] {dagbag.py:545} INFO - Filling up the DagBag from //home/kali/Desktop/projects/git/bank_data_processing/dags/dag_raw_recurring_deposits.py
[2024-07-16T05:35:07.628+0530] {logging_mixin.py:188} INFO - [2024-07-16T05:35:07.627+0530] {base.py:84} INFO - Using connection ID 'mysql_default' for task execution.
[2024-07-16T05:35:07.635+0530] {processor.py:840} INFO - DAG(s) 'raw_load_recurring_deposits' retrieved from //home/kali/Desktop/projects/git/bank_data_processing/dags/dag_raw_recurring_deposits.py
[2024-07-16T05:35:07.725+0530] {logging_mixin.py:188} INFO - [2024-07-16T05:35:07.724+0530] {dag.py:3096} INFO - Sync 1 DAGs
[2024-07-16T05:35:07.735+0530] {logging_mixin.py:188} INFO - [2024-07-16T05:35:07.734+0530] {dag.py:3954} INFO - Setting next_dagrun for raw_load_recurring_deposits to None, run_after=None
[2024-07-16T05:35:07.759+0530] {processor.py:183} INFO - Processing //home/kali/Desktop/projects/git/bank_data_processing/dags/dag_raw_recurring_deposits.py took 0.834 seconds
[2024-07-16T05:35:39.397+0530] {processor.py:161} INFO - Started process (PID=31958) to work on //home/kali/Desktop/projects/git/bank_data_processing/dags/dag_raw_recurring_deposits.py
[2024-07-16T05:35:39.398+0530] {processor.py:830} INFO - Processing file //home/kali/Desktop/projects/git/bank_data_processing/dags/dag_raw_recurring_deposits.py for tasks to queue
[2024-07-16T05:35:39.400+0530] {logging_mixin.py:188} INFO - [2024-07-16T05:35:39.400+0530] {dagbag.py:545} INFO - Filling up the DagBag from //home/kali/Desktop/projects/git/bank_data_processing/dags/dag_raw_recurring_deposits.py
[2024-07-16T05:35:40.163+0530] {logging_mixin.py:188} INFO - [2024-07-16T05:35:40.162+0530] {base.py:84} INFO - Using connection ID 'mysql_default' for task execution.
[2024-07-16T05:35:40.174+0530] {processor.py:840} INFO - DAG(s) 'raw_load_recurring_deposits' retrieved from //home/kali/Desktop/projects/git/bank_data_processing/dags/dag_raw_recurring_deposits.py
[2024-07-16T05:35:40.296+0530] {logging_mixin.py:188} INFO - [2024-07-16T05:35:40.295+0530] {dag.py:3096} INFO - Sync 1 DAGs
[2024-07-16T05:35:40.305+0530] {logging_mixin.py:188} INFO - [2024-07-16T05:35:40.305+0530] {dag.py:3954} INFO - Setting next_dagrun for raw_load_recurring_deposits to None, run_after=None
[2024-07-16T05:35:40.328+0530] {processor.py:183} INFO - Processing //home/kali/Desktop/projects/git/bank_data_processing/dags/dag_raw_recurring_deposits.py took 0.937 seconds
[2024-07-16T05:36:10.732+0530] {processor.py:161} INFO - Started process (PID=32798) to work on //home/kali/Desktop/projects/git/bank_data_processing/dags/dag_raw_recurring_deposits.py
[2024-07-16T05:36:10.734+0530] {processor.py:830} INFO - Processing file //home/kali/Desktop/projects/git/bank_data_processing/dags/dag_raw_recurring_deposits.py for tasks to queue
[2024-07-16T05:36:10.736+0530] {logging_mixin.py:188} INFO - [2024-07-16T05:36:10.736+0530] {dagbag.py:545} INFO - Filling up the DagBag from //home/kali/Desktop/projects/git/bank_data_processing/dags/dag_raw_recurring_deposits.py
[2024-07-16T05:36:11.279+0530] {logging_mixin.py:188} INFO - [2024-07-16T05:36:11.279+0530] {base.py:84} INFO - Using connection ID 'mysql_default' for task execution.
[2024-07-16T05:36:11.286+0530] {processor.py:840} INFO - DAG(s) 'raw_load_recurring_deposits' retrieved from //home/kali/Desktop/projects/git/bank_data_processing/dags/dag_raw_recurring_deposits.py
[2024-07-16T05:36:11.392+0530] {logging_mixin.py:188} INFO - [2024-07-16T05:36:11.392+0530] {dag.py:3096} INFO - Sync 1 DAGs
[2024-07-16T05:36:11.402+0530] {logging_mixin.py:188} INFO - [2024-07-16T05:36:11.401+0530] {dag.py:3954} INFO - Setting next_dagrun for raw_load_recurring_deposits to None, run_after=None
[2024-07-16T05:36:11.436+0530] {processor.py:183} INFO - Processing //home/kali/Desktop/projects/git/bank_data_processing/dags/dag_raw_recurring_deposits.py took 0.715 seconds
[2024-07-16T05:36:42.133+0530] {processor.py:161} INFO - Started process (PID=33432) to work on //home/kali/Desktop/projects/git/bank_data_processing/dags/dag_raw_recurring_deposits.py
[2024-07-16T05:36:42.135+0530] {processor.py:830} INFO - Processing file //home/kali/Desktop/projects/git/bank_data_processing/dags/dag_raw_recurring_deposits.py for tasks to queue
[2024-07-16T05:36:42.137+0530] {logging_mixin.py:188} INFO - [2024-07-16T05:36:42.137+0530] {dagbag.py:545} INFO - Filling up the DagBag from //home/kali/Desktop/projects/git/bank_data_processing/dags/dag_raw_recurring_deposits.py
[2024-07-16T05:36:42.600+0530] {logging_mixin.py:188} INFO - [2024-07-16T05:36:42.600+0530] {base.py:84} INFO - Using connection ID 'mysql_default' for task execution.
[2024-07-16T05:36:42.606+0530] {processor.py:840} INFO - DAG(s) 'raw_load_recurring_deposits' retrieved from //home/kali/Desktop/projects/git/bank_data_processing/dags/dag_raw_recurring_deposits.py
[2024-07-16T05:36:42.705+0530] {logging_mixin.py:188} INFO - [2024-07-16T05:36:42.705+0530] {dag.py:3096} INFO - Sync 1 DAGs
[2024-07-16T05:36:42.715+0530] {logging_mixin.py:188} INFO - [2024-07-16T05:36:42.714+0530] {dag.py:3954} INFO - Setting next_dagrun for raw_load_recurring_deposits to None, run_after=None
[2024-07-16T05:36:42.751+0530] {processor.py:183} INFO - Processing //home/kali/Desktop/projects/git/bank_data_processing/dags/dag_raw_recurring_deposits.py took 0.632 seconds
[2024-07-16T05:37:13.755+0530] {processor.py:161} INFO - Started process (PID=34060) to work on //home/kali/Desktop/projects/git/bank_data_processing/dags/dag_raw_recurring_deposits.py
[2024-07-16T05:37:13.756+0530] {processor.py:830} INFO - Processing file //home/kali/Desktop/projects/git/bank_data_processing/dags/dag_raw_recurring_deposits.py for tasks to queue
[2024-07-16T05:37:13.757+0530] {logging_mixin.py:188} INFO - [2024-07-16T05:37:13.757+0530] {dagbag.py:545} INFO - Filling up the DagBag from //home/kali/Desktop/projects/git/bank_data_processing/dags/dag_raw_recurring_deposits.py
[2024-07-16T05:37:14.498+0530] {logging_mixin.py:188} INFO - [2024-07-16T05:37:14.497+0530] {base.py:84} INFO - Using connection ID 'mysql_default' for task execution.
[2024-07-16T05:37:14.510+0530] {processor.py:840} INFO - DAG(s) 'raw_load_recurring_deposits' retrieved from //home/kali/Desktop/projects/git/bank_data_processing/dags/dag_raw_recurring_deposits.py
[2024-07-16T05:37:14.660+0530] {logging_mixin.py:188} INFO - [2024-07-16T05:37:14.660+0530] {dag.py:3096} INFO - Sync 1 DAGs
[2024-07-16T05:37:14.673+0530] {logging_mixin.py:188} INFO - [2024-07-16T05:37:14.673+0530] {dag.py:3954} INFO - Setting next_dagrun for raw_load_recurring_deposits to None, run_after=None
[2024-07-16T05:37:14.701+0530] {processor.py:183} INFO - Processing //home/kali/Desktop/projects/git/bank_data_processing/dags/dag_raw_recurring_deposits.py took 0.952 seconds
[2024-07-16T05:37:44.858+0530] {processor.py:161} INFO - Started process (PID=34768) to work on //home/kali/Desktop/projects/git/bank_data_processing/dags/dag_raw_recurring_deposits.py
[2024-07-16T05:37:44.859+0530] {processor.py:830} INFO - Processing file //home/kali/Desktop/projects/git/bank_data_processing/dags/dag_raw_recurring_deposits.py for tasks to queue
[2024-07-16T05:37:44.861+0530] {logging_mixin.py:188} INFO - [2024-07-16T05:37:44.861+0530] {dagbag.py:545} INFO - Filling up the DagBag from //home/kali/Desktop/projects/git/bank_data_processing/dags/dag_raw_recurring_deposits.py
[2024-07-16T05:37:45.350+0530] {logging_mixin.py:188} INFO - [2024-07-16T05:37:45.349+0530] {base.py:84} INFO - Using connection ID 'mysql_default' for task execution.
[2024-07-16T05:37:45.356+0530] {processor.py:840} INFO - DAG(s) 'raw_load_recurring_deposits' retrieved from //home/kali/Desktop/projects/git/bank_data_processing/dags/dag_raw_recurring_deposits.py
[2024-07-16T05:37:45.443+0530] {logging_mixin.py:188} INFO - [2024-07-16T05:37:45.442+0530] {dag.py:3096} INFO - Sync 1 DAGs
[2024-07-16T05:37:45.450+0530] {logging_mixin.py:188} INFO - [2024-07-16T05:37:45.450+0530] {dag.py:3954} INFO - Setting next_dagrun for raw_load_recurring_deposits to None, run_after=None
[2024-07-16T05:37:45.470+0530] {processor.py:183} INFO - Processing //home/kali/Desktop/projects/git/bank_data_processing/dags/dag_raw_recurring_deposits.py took 0.617 seconds
[2024-07-16T05:38:15.672+0530] {processor.py:161} INFO - Started process (PID=35472) to work on //home/kali/Desktop/projects/git/bank_data_processing/dags/dag_raw_recurring_deposits.py
[2024-07-16T05:38:15.672+0530] {processor.py:830} INFO - Processing file //home/kali/Desktop/projects/git/bank_data_processing/dags/dag_raw_recurring_deposits.py for tasks to queue
[2024-07-16T05:38:15.674+0530] {logging_mixin.py:188} INFO - [2024-07-16T05:38:15.674+0530] {dagbag.py:545} INFO - Filling up the DagBag from //home/kali/Desktop/projects/git/bank_data_processing/dags/dag_raw_recurring_deposits.py
[2024-07-16T05:38:16.133+0530] {logging_mixin.py:188} INFO - [2024-07-16T05:38:16.133+0530] {base.py:84} INFO - Using connection ID 'mysql_default' for task execution.
[2024-07-16T05:38:16.139+0530] {processor.py:840} INFO - DAG(s) 'raw_load_recurring_deposits' retrieved from //home/kali/Desktop/projects/git/bank_data_processing/dags/dag_raw_recurring_deposits.py
[2024-07-16T05:38:16.232+0530] {logging_mixin.py:188} INFO - [2024-07-16T05:38:16.232+0530] {dag.py:3096} INFO - Sync 1 DAGs
[2024-07-16T05:38:16.243+0530] {logging_mixin.py:188} INFO - [2024-07-16T05:38:16.242+0530] {dag.py:3954} INFO - Setting next_dagrun for raw_load_recurring_deposits to None, run_after=None
[2024-07-16T05:38:16.265+0530] {processor.py:183} INFO - Processing //home/kali/Desktop/projects/git/bank_data_processing/dags/dag_raw_recurring_deposits.py took 0.599 seconds
[2024-07-16T05:38:46.781+0530] {processor.py:161} INFO - Started process (PID=36190) to work on //home/kali/Desktop/projects/git/bank_data_processing/dags/dag_raw_recurring_deposits.py
[2024-07-16T05:38:46.782+0530] {processor.py:830} INFO - Processing file //home/kali/Desktop/projects/git/bank_data_processing/dags/dag_raw_recurring_deposits.py for tasks to queue
[2024-07-16T05:38:46.784+0530] {logging_mixin.py:188} INFO - [2024-07-16T05:38:46.784+0530] {dagbag.py:545} INFO - Filling up the DagBag from //home/kali/Desktop/projects/git/bank_data_processing/dags/dag_raw_recurring_deposits.py
[2024-07-16T05:38:47.293+0530] {logging_mixin.py:188} INFO - [2024-07-16T05:38:47.293+0530] {base.py:84} INFO - Using connection ID 'mysql_default' for task execution.
[2024-07-16T05:38:47.299+0530] {processor.py:840} INFO - DAG(s) 'raw_load_recurring_deposits' retrieved from //home/kali/Desktop/projects/git/bank_data_processing/dags/dag_raw_recurring_deposits.py
[2024-07-16T05:38:47.385+0530] {logging_mixin.py:188} INFO - [2024-07-16T05:38:47.385+0530] {dag.py:3096} INFO - Sync 1 DAGs
[2024-07-16T05:38:47.393+0530] {logging_mixin.py:188} INFO - [2024-07-16T05:38:47.393+0530] {dag.py:3954} INFO - Setting next_dagrun for raw_load_recurring_deposits to None, run_after=None
[2024-07-16T05:38:47.416+0530] {processor.py:183} INFO - Processing //home/kali/Desktop/projects/git/bank_data_processing/dags/dag_raw_recurring_deposits.py took 0.642 seconds
[2024-07-16T05:39:17.709+0530] {processor.py:161} INFO - Started process (PID=36987) to work on //home/kali/Desktop/projects/git/bank_data_processing/dags/dag_raw_recurring_deposits.py
[2024-07-16T05:39:17.710+0530] {processor.py:830} INFO - Processing file //home/kali/Desktop/projects/git/bank_data_processing/dags/dag_raw_recurring_deposits.py for tasks to queue
[2024-07-16T05:39:17.712+0530] {logging_mixin.py:188} INFO - [2024-07-16T05:39:17.712+0530] {dagbag.py:545} INFO - Filling up the DagBag from //home/kali/Desktop/projects/git/bank_data_processing/dags/dag_raw_recurring_deposits.py
[2024-07-16T05:39:18.257+0530] {logging_mixin.py:188} INFO - [2024-07-16T05:39:18.256+0530] {base.py:84} INFO - Using connection ID 'mysql_default' for task execution.
[2024-07-16T05:39:18.266+0530] {processor.py:840} INFO - DAG(s) 'raw_load_recurring_deposits' retrieved from //home/kali/Desktop/projects/git/bank_data_processing/dags/dag_raw_recurring_deposits.py
[2024-07-16T05:39:18.412+0530] {logging_mixin.py:188} INFO - [2024-07-16T05:39:18.411+0530] {dag.py:3096} INFO - Sync 1 DAGs
[2024-07-16T05:39:18.426+0530] {logging_mixin.py:188} INFO - [2024-07-16T05:39:18.426+0530] {dag.py:3954} INFO - Setting next_dagrun for raw_load_recurring_deposits to None, run_after=None
[2024-07-16T05:39:18.458+0530] {processor.py:183} INFO - Processing //home/kali/Desktop/projects/git/bank_data_processing/dags/dag_raw_recurring_deposits.py took 0.756 seconds
[2024-07-16T05:39:48.562+0530] {processor.py:161} INFO - Started process (PID=37787) to work on //home/kali/Desktop/projects/git/bank_data_processing/dags/dag_raw_recurring_deposits.py
[2024-07-16T05:39:48.563+0530] {processor.py:830} INFO - Processing file //home/kali/Desktop/projects/git/bank_data_processing/dags/dag_raw_recurring_deposits.py for tasks to queue
[2024-07-16T05:39:48.565+0530] {logging_mixin.py:188} INFO - [2024-07-16T05:39:48.564+0530] {dagbag.py:545} INFO - Filling up the DagBag from //home/kali/Desktop/projects/git/bank_data_processing/dags/dag_raw_recurring_deposits.py
[2024-07-16T05:39:49.214+0530] {logging_mixin.py:188} INFO - [2024-07-16T05:39:49.213+0530] {base.py:84} INFO - Using connection ID 'mysql_default' for task execution.
[2024-07-16T05:39:49.220+0530] {processor.py:840} INFO - DAG(s) 'raw_load_recurring_deposits' retrieved from //home/kali/Desktop/projects/git/bank_data_processing/dags/dag_raw_recurring_deposits.py
[2024-07-16T05:39:49.325+0530] {logging_mixin.py:188} INFO - [2024-07-16T05:39:49.325+0530] {dag.py:3096} INFO - Sync 1 DAGs
[2024-07-16T05:39:49.340+0530] {logging_mixin.py:188} INFO - [2024-07-16T05:39:49.340+0530] {dag.py:3954} INFO - Setting next_dagrun for raw_load_recurring_deposits to None, run_after=None
[2024-07-16T05:39:49.378+0530] {processor.py:183} INFO - Processing //home/kali/Desktop/projects/git/bank_data_processing/dags/dag_raw_recurring_deposits.py took 0.822 seconds
[2024-07-16T05:40:20.110+0530] {processor.py:161} INFO - Started process (PID=38550) to work on //home/kali/Desktop/projects/git/bank_data_processing/dags/dag_raw_recurring_deposits.py
[2024-07-16T05:40:20.111+0530] {processor.py:830} INFO - Processing file //home/kali/Desktop/projects/git/bank_data_processing/dags/dag_raw_recurring_deposits.py for tasks to queue
[2024-07-16T05:40:20.113+0530] {logging_mixin.py:188} INFO - [2024-07-16T05:40:20.113+0530] {dagbag.py:545} INFO - Filling up the DagBag from //home/kali/Desktop/projects/git/bank_data_processing/dags/dag_raw_recurring_deposits.py
[2024-07-16T05:40:20.715+0530] {logging_mixin.py:188} INFO - [2024-07-16T05:40:20.714+0530] {base.py:84} INFO - Using connection ID 'mysql_default' for task execution.
[2024-07-16T05:40:20.726+0530] {processor.py:840} INFO - DAG(s) 'raw_load_recurring_deposits' retrieved from //home/kali/Desktop/projects/git/bank_data_processing/dags/dag_raw_recurring_deposits.py
[2024-07-16T05:40:20.864+0530] {logging_mixin.py:188} INFO - [2024-07-16T05:40:20.864+0530] {dag.py:3096} INFO - Sync 1 DAGs
[2024-07-16T05:40:20.879+0530] {logging_mixin.py:188} INFO - [2024-07-16T05:40:20.879+0530] {dag.py:3954} INFO - Setting next_dagrun for raw_load_recurring_deposits to None, run_after=None
[2024-07-16T05:40:20.914+0530] {processor.py:183} INFO - Processing //home/kali/Desktop/projects/git/bank_data_processing/dags/dag_raw_recurring_deposits.py took 0.810 seconds
[2024-07-16T05:40:51.712+0530] {processor.py:161} INFO - Started process (PID=39248) to work on //home/kali/Desktop/projects/git/bank_data_processing/dags/dag_raw_recurring_deposits.py
[2024-07-16T05:40:51.713+0530] {processor.py:830} INFO - Processing file //home/kali/Desktop/projects/git/bank_data_processing/dags/dag_raw_recurring_deposits.py for tasks to queue
[2024-07-16T05:40:51.717+0530] {logging_mixin.py:188} INFO - [2024-07-16T05:40:51.716+0530] {dagbag.py:545} INFO - Filling up the DagBag from //home/kali/Desktop/projects/git/bank_data_processing/dags/dag_raw_recurring_deposits.py
[2024-07-16T05:40:52.427+0530] {logging_mixin.py:188} INFO - [2024-07-16T05:40:52.427+0530] {base.py:84} INFO - Using connection ID 'mysql_default' for task execution.
[2024-07-16T05:40:52.434+0530] {processor.py:840} INFO - DAG(s) 'raw_load_recurring_deposits' retrieved from //home/kali/Desktop/projects/git/bank_data_processing/dags/dag_raw_recurring_deposits.py
[2024-07-16T05:40:52.543+0530] {logging_mixin.py:188} INFO - [2024-07-16T05:40:52.543+0530] {dag.py:3096} INFO - Sync 1 DAGs
[2024-07-16T05:40:52.564+0530] {logging_mixin.py:188} INFO - [2024-07-16T05:40:52.564+0530] {dag.py:3954} INFO - Setting next_dagrun for raw_load_recurring_deposits to None, run_after=None
[2024-07-16T05:40:52.596+0530] {processor.py:183} INFO - Processing //home/kali/Desktop/projects/git/bank_data_processing/dags/dag_raw_recurring_deposits.py took 0.894 seconds
[2024-07-16T05:41:23.475+0530] {processor.py:161} INFO - Started process (PID=39935) to work on //home/kali/Desktop/projects/git/bank_data_processing/dags/dag_raw_recurring_deposits.py
[2024-07-16T05:41:23.481+0530] {processor.py:830} INFO - Processing file //home/kali/Desktop/projects/git/bank_data_processing/dags/dag_raw_recurring_deposits.py for tasks to queue
[2024-07-16T05:41:23.483+0530] {logging_mixin.py:188} INFO - [2024-07-16T05:41:23.482+0530] {dagbag.py:545} INFO - Filling up the DagBag from //home/kali/Desktop/projects/git/bank_data_processing/dags/dag_raw_recurring_deposits.py
[2024-07-16T05:41:24.138+0530] {logging_mixin.py:188} INFO - [2024-07-16T05:41:24.137+0530] {base.py:84} INFO - Using connection ID 'mysql_default' for task execution.
[2024-07-16T05:41:24.146+0530] {processor.py:840} INFO - DAG(s) 'raw_load_recurring_deposits' retrieved from //home/kali/Desktop/projects/git/bank_data_processing/dags/dag_raw_recurring_deposits.py
[2024-07-16T05:41:24.258+0530] {logging_mixin.py:188} INFO - [2024-07-16T05:41:24.258+0530] {dag.py:3096} INFO - Sync 1 DAGs
[2024-07-16T05:41:24.268+0530] {logging_mixin.py:188} INFO - [2024-07-16T05:41:24.268+0530] {dag.py:3954} INFO - Setting next_dagrun for raw_load_recurring_deposits to None, run_after=None
[2024-07-16T05:41:24.296+0530] {processor.py:183} INFO - Processing //home/kali/Desktop/projects/git/bank_data_processing/dags/dag_raw_recurring_deposits.py took 0.836 seconds
[2024-07-16T05:41:54.357+0530] {processor.py:161} INFO - Started process (PID=40703) to work on //home/kali/Desktop/projects/git/bank_data_processing/dags/dag_raw_recurring_deposits.py
[2024-07-16T05:41:54.364+0530] {processor.py:830} INFO - Processing file //home/kali/Desktop/projects/git/bank_data_processing/dags/dag_raw_recurring_deposits.py for tasks to queue
[2024-07-16T05:41:54.367+0530] {logging_mixin.py:188} INFO - [2024-07-16T05:41:54.367+0530] {dagbag.py:545} INFO - Filling up the DagBag from //home/kali/Desktop/projects/git/bank_data_processing/dags/dag_raw_recurring_deposits.py
[2024-07-16T05:41:55.056+0530] {logging_mixin.py:188} INFO - [2024-07-16T05:41:55.056+0530] {base.py:84} INFO - Using connection ID 'mysql_default' for task execution.
[2024-07-16T05:41:55.062+0530] {processor.py:840} INFO - DAG(s) 'raw_load_recurring_deposits' retrieved from //home/kali/Desktop/projects/git/bank_data_processing/dags/dag_raw_recurring_deposits.py
[2024-07-16T05:41:55.181+0530] {logging_mixin.py:188} INFO - [2024-07-16T05:41:55.180+0530] {dag.py:3096} INFO - Sync 1 DAGs
[2024-07-16T05:41:55.199+0530] {logging_mixin.py:188} INFO - [2024-07-16T05:41:55.199+0530] {dag.py:3954} INFO - Setting next_dagrun for raw_load_recurring_deposits to None, run_after=None
[2024-07-16T05:41:55.245+0530] {processor.py:183} INFO - Processing //home/kali/Desktop/projects/git/bank_data_processing/dags/dag_raw_recurring_deposits.py took 0.899 seconds
[2024-07-16T05:42:25.338+0530] {processor.py:161} INFO - Started process (PID=41526) to work on //home/kali/Desktop/projects/git/bank_data_processing/dags/dag_raw_recurring_deposits.py
[2024-07-16T05:42:25.341+0530] {processor.py:830} INFO - Processing file //home/kali/Desktop/projects/git/bank_data_processing/dags/dag_raw_recurring_deposits.py for tasks to queue
[2024-07-16T05:42:25.343+0530] {logging_mixin.py:188} INFO - [2024-07-16T05:42:25.343+0530] {dagbag.py:545} INFO - Filling up the DagBag from //home/kali/Desktop/projects/git/bank_data_processing/dags/dag_raw_recurring_deposits.py
[2024-07-16T05:42:26.140+0530] {logging_mixin.py:188} INFO - [2024-07-16T05:42:26.140+0530] {base.py:84} INFO - Using connection ID 'mysql_default' for task execution.
[2024-07-16T05:42:26.146+0530] {processor.py:840} INFO - DAG(s) 'raw_load_recurring_deposits' retrieved from //home/kali/Desktop/projects/git/bank_data_processing/dags/dag_raw_recurring_deposits.py
[2024-07-16T05:42:26.293+0530] {logging_mixin.py:188} INFO - [2024-07-16T05:42:26.292+0530] {dag.py:3096} INFO - Sync 1 DAGs
[2024-07-16T05:42:26.309+0530] {logging_mixin.py:188} INFO - [2024-07-16T05:42:26.309+0530] {dag.py:3954} INFO - Setting next_dagrun for raw_load_recurring_deposits to None, run_after=None
[2024-07-16T05:42:26.348+0530] {processor.py:183} INFO - Processing //home/kali/Desktop/projects/git/bank_data_processing/dags/dag_raw_recurring_deposits.py took 1.022 seconds
[2024-07-16T05:42:56.593+0530] {processor.py:161} INFO - Started process (PID=42272) to work on //home/kali/Desktop/projects/git/bank_data_processing/dags/dag_raw_recurring_deposits.py
[2024-07-16T05:42:56.596+0530] {processor.py:830} INFO - Processing file //home/kali/Desktop/projects/git/bank_data_processing/dags/dag_raw_recurring_deposits.py for tasks to queue
[2024-07-16T05:42:56.600+0530] {logging_mixin.py:188} INFO - [2024-07-16T05:42:56.600+0530] {dagbag.py:545} INFO - Filling up the DagBag from //home/kali/Desktop/projects/git/bank_data_processing/dags/dag_raw_recurring_deposits.py
[2024-07-16T05:42:57.217+0530] {logging_mixin.py:188} INFO - [2024-07-16T05:42:57.217+0530] {base.py:84} INFO - Using connection ID 'mysql_default' for task execution.
[2024-07-16T05:42:57.224+0530] {processor.py:840} INFO - DAG(s) 'raw_load_recurring_deposits' retrieved from //home/kali/Desktop/projects/git/bank_data_processing/dags/dag_raw_recurring_deposits.py
[2024-07-16T05:42:57.315+0530] {logging_mixin.py:188} INFO - [2024-07-16T05:42:57.315+0530] {dag.py:3096} INFO - Sync 1 DAGs
[2024-07-16T05:42:57.323+0530] {logging_mixin.py:188} INFO - [2024-07-16T05:42:57.323+0530] {dag.py:3954} INFO - Setting next_dagrun for raw_load_recurring_deposits to None, run_after=None
[2024-07-16T05:42:57.347+0530] {processor.py:183} INFO - Processing //home/kali/Desktop/projects/git/bank_data_processing/dags/dag_raw_recurring_deposits.py took 0.766 seconds
[2024-07-16T05:43:27.384+0530] {processor.py:161} INFO - Started process (PID=43207) to work on //home/kali/Desktop/projects/git/bank_data_processing/dags/dag_raw_recurring_deposits.py
[2024-07-16T05:43:27.385+0530] {processor.py:830} INFO - Processing file //home/kali/Desktop/projects/git/bank_data_processing/dags/dag_raw_recurring_deposits.py for tasks to queue
[2024-07-16T05:43:27.387+0530] {logging_mixin.py:188} INFO - [2024-07-16T05:43:27.386+0530] {dagbag.py:545} INFO - Filling up the DagBag from //home/kali/Desktop/projects/git/bank_data_processing/dags/dag_raw_recurring_deposits.py
[2024-07-16T05:43:28.101+0530] {logging_mixin.py:188} INFO - [2024-07-16T05:43:28.101+0530] {base.py:84} INFO - Using connection ID 'mysql_default' for task execution.
[2024-07-16T05:43:28.113+0530] {processor.py:840} INFO - DAG(s) 'raw_load_recurring_deposits' retrieved from //home/kali/Desktop/projects/git/bank_data_processing/dags/dag_raw_recurring_deposits.py
[2024-07-16T05:43:28.266+0530] {logging_mixin.py:188} INFO - [2024-07-16T05:43:28.265+0530] {dag.py:3096} INFO - Sync 1 DAGs
[2024-07-16T05:43:28.280+0530] {logging_mixin.py:188} INFO - [2024-07-16T05:43:28.280+0530] {dag.py:3954} INFO - Setting next_dagrun for raw_load_recurring_deposits to None, run_after=None
[2024-07-16T05:43:28.315+0530] {processor.py:183} INFO - Processing //home/kali/Desktop/projects/git/bank_data_processing/dags/dag_raw_recurring_deposits.py took 0.938 seconds
[2024-07-16T05:43:59.233+0530] {processor.py:161} INFO - Started process (PID=44331) to work on //home/kali/Desktop/projects/git/bank_data_processing/dags/dag_raw_recurring_deposits.py
[2024-07-16T05:43:59.235+0530] {processor.py:830} INFO - Processing file //home/kali/Desktop/projects/git/bank_data_processing/dags/dag_raw_recurring_deposits.py for tasks to queue
[2024-07-16T05:43:59.238+0530] {logging_mixin.py:188} INFO - [2024-07-16T05:43:59.237+0530] {dagbag.py:545} INFO - Filling up the DagBag from //home/kali/Desktop/projects/git/bank_data_processing/dags/dag_raw_recurring_deposits.py
[2024-07-16T05:44:00.024+0530] {logging_mixin.py:188} INFO - [2024-07-16T05:44:00.024+0530] {base.py:84} INFO - Using connection ID 'mysql_default' for task execution.
[2024-07-16T05:44:00.038+0530] {processor.py:840} INFO - DAG(s) 'raw_load_recurring_deposits' retrieved from //home/kali/Desktop/projects/git/bank_data_processing/dags/dag_raw_recurring_deposits.py
[2024-07-16T05:44:00.192+0530] {logging_mixin.py:188} INFO - [2024-07-16T05:44:00.192+0530] {dag.py:3096} INFO - Sync 1 DAGs
[2024-07-16T05:44:00.206+0530] {logging_mixin.py:188} INFO - [2024-07-16T05:44:00.205+0530] {dag.py:3954} INFO - Setting next_dagrun for raw_load_recurring_deposits to None, run_after=None
[2024-07-16T05:44:00.238+0530] {processor.py:183} INFO - Processing //home/kali/Desktop/projects/git/bank_data_processing/dags/dag_raw_recurring_deposits.py took 1.016 seconds
[2024-07-16T05:44:31.099+0530] {processor.py:161} INFO - Started process (PID=45171) to work on //home/kali/Desktop/projects/git/bank_data_processing/dags/dag_raw_recurring_deposits.py
[2024-07-16T05:44:31.102+0530] {processor.py:830} INFO - Processing file //home/kali/Desktop/projects/git/bank_data_processing/dags/dag_raw_recurring_deposits.py for tasks to queue
[2024-07-16T05:44:31.104+0530] {logging_mixin.py:188} INFO - [2024-07-16T05:44:31.103+0530] {dagbag.py:545} INFO - Filling up the DagBag from //home/kali/Desktop/projects/git/bank_data_processing/dags/dag_raw_recurring_deposits.py
[2024-07-16T05:44:32.071+0530] {logging_mixin.py:188} INFO - [2024-07-16T05:44:32.070+0530] {base.py:84} INFO - Using connection ID 'mysql_default' for task execution.
[2024-07-16T05:44:32.084+0530] {processor.py:840} INFO - DAG(s) 'raw_load_recurring_deposits' retrieved from //home/kali/Desktop/projects/git/bank_data_processing/dags/dag_raw_recurring_deposits.py
[2024-07-16T05:44:32.270+0530] {logging_mixin.py:188} INFO - [2024-07-16T05:44:32.269+0530] {dag.py:3096} INFO - Sync 1 DAGs
[2024-07-16T05:44:32.289+0530] {logging_mixin.py:188} INFO - [2024-07-16T05:44:32.289+0530] {dag.py:3954} INFO - Setting next_dagrun for raw_load_recurring_deposits to None, run_after=None
[2024-07-16T05:44:32.328+0530] {processor.py:183} INFO - Processing //home/kali/Desktop/projects/git/bank_data_processing/dags/dag_raw_recurring_deposits.py took 1.239 seconds
[2024-07-16T05:45:02.632+0530] {processor.py:161} INFO - Started process (PID=45874) to work on //home/kali/Desktop/projects/git/bank_data_processing/dags/dag_raw_recurring_deposits.py
[2024-07-16T05:45:02.638+0530] {processor.py:830} INFO - Processing file //home/kali/Desktop/projects/git/bank_data_processing/dags/dag_raw_recurring_deposits.py for tasks to queue
[2024-07-16T05:45:02.639+0530] {logging_mixin.py:188} INFO - [2024-07-16T05:45:02.638+0530] {dagbag.py:545} INFO - Filling up the DagBag from //home/kali/Desktop/projects/git/bank_data_processing/dags/dag_raw_recurring_deposits.py
[2024-07-16T05:45:03.324+0530] {logging_mixin.py:188} INFO - [2024-07-16T05:45:03.324+0530] {base.py:84} INFO - Using connection ID 'mysql_default' for task execution.
[2024-07-16T05:45:03.335+0530] {processor.py:840} INFO - DAG(s) 'raw_load_recurring_deposits' retrieved from //home/kali/Desktop/projects/git/bank_data_processing/dags/dag_raw_recurring_deposits.py
[2024-07-16T05:45:03.465+0530] {logging_mixin.py:188} INFO - [2024-07-16T05:45:03.464+0530] {dag.py:3096} INFO - Sync 1 DAGs
[2024-07-16T05:45:03.479+0530] {logging_mixin.py:188} INFO - [2024-07-16T05:45:03.479+0530] {dag.py:3954} INFO - Setting next_dagrun for raw_load_recurring_deposits to None, run_after=None
[2024-07-16T05:45:03.509+0530] {processor.py:183} INFO - Processing //home/kali/Desktop/projects/git/bank_data_processing/dags/dag_raw_recurring_deposits.py took 0.887 seconds
[2024-07-16T05:45:34.151+0530] {processor.py:161} INFO - Started process (PID=46367) to work on //home/kali/Desktop/projects/git/bank_data_processing/dags/dag_raw_recurring_deposits.py
[2024-07-16T05:45:34.153+0530] {processor.py:830} INFO - Processing file //home/kali/Desktop/projects/git/bank_data_processing/dags/dag_raw_recurring_deposits.py for tasks to queue
[2024-07-16T05:45:34.154+0530] {logging_mixin.py:188} INFO - [2024-07-16T05:45:34.154+0530] {dagbag.py:545} INFO - Filling up the DagBag from //home/kali/Desktop/projects/git/bank_data_processing/dags/dag_raw_recurring_deposits.py
[2024-07-16T05:45:34.802+0530] {logging_mixin.py:188} INFO - [2024-07-16T05:45:34.801+0530] {base.py:84} INFO - Using connection ID 'mysql_default' for task execution.
[2024-07-16T05:45:34.808+0530] {processor.py:840} INFO - DAG(s) 'raw_load_recurring_deposits' retrieved from //home/kali/Desktop/projects/git/bank_data_processing/dags/dag_raw_recurring_deposits.py
[2024-07-16T05:45:34.921+0530] {logging_mixin.py:188} INFO - [2024-07-16T05:45:34.920+0530] {dag.py:3096} INFO - Sync 1 DAGs
[2024-07-16T05:45:34.931+0530] {logging_mixin.py:188} INFO - [2024-07-16T05:45:34.931+0530] {dag.py:3954} INFO - Setting next_dagrun for raw_load_recurring_deposits to None, run_after=None
[2024-07-16T05:45:34.955+0530] {processor.py:183} INFO - Processing //home/kali/Desktop/projects/git/bank_data_processing/dags/dag_raw_recurring_deposits.py took 0.814 seconds
[2024-07-16T05:46:05.198+0530] {processor.py:161} INFO - Started process (PID=47162) to work on //home/kali/Desktop/projects/git/bank_data_processing/dags/dag_raw_recurring_deposits.py
[2024-07-16T05:46:05.205+0530] {processor.py:830} INFO - Processing file //home/kali/Desktop/projects/git/bank_data_processing/dags/dag_raw_recurring_deposits.py for tasks to queue
[2024-07-16T05:46:05.206+0530] {logging_mixin.py:188} INFO - [2024-07-16T05:46:05.206+0530] {dagbag.py:545} INFO - Filling up the DagBag from //home/kali/Desktop/projects/git/bank_data_processing/dags/dag_raw_recurring_deposits.py
[2024-07-16T05:46:06.551+0530] {logging_mixin.py:188} INFO - [2024-07-16T05:46:06.550+0530] {base.py:84} INFO - Using connection ID 'mysql_default' for task execution.
[2024-07-16T05:46:06.566+0530] {processor.py:840} INFO - DAG(s) 'raw_load_recurring_deposits' retrieved from //home/kali/Desktop/projects/git/bank_data_processing/dags/dag_raw_recurring_deposits.py
[2024-07-16T05:46:06.828+0530] {logging_mixin.py:188} INFO - [2024-07-16T05:46:06.827+0530] {dag.py:3096} INFO - Sync 1 DAGs
[2024-07-16T05:46:06.845+0530] {logging_mixin.py:188} INFO - [2024-07-16T05:46:06.844+0530] {dag.py:3954} INFO - Setting next_dagrun for raw_load_recurring_deposits to None, run_after=None
[2024-07-16T05:46:06.889+0530] {processor.py:183} INFO - Processing //home/kali/Desktop/projects/git/bank_data_processing/dags/dag_raw_recurring_deposits.py took 1.700 seconds
[2024-07-16T05:46:36.938+0530] {processor.py:161} INFO - Started process (PID=47685) to work on //home/kali/Desktop/projects/git/bank_data_processing/dags/dag_raw_recurring_deposits.py
[2024-07-16T05:46:36.941+0530] {processor.py:830} INFO - Processing file //home/kali/Desktop/projects/git/bank_data_processing/dags/dag_raw_recurring_deposits.py for tasks to queue
[2024-07-16T05:46:36.941+0530] {logging_mixin.py:188} INFO - [2024-07-16T05:46:36.941+0530] {dagbag.py:545} INFO - Filling up the DagBag from //home/kali/Desktop/projects/git/bank_data_processing/dags/dag_raw_recurring_deposits.py
[2024-07-16T05:46:37.609+0530] {logging_mixin.py:188} INFO - [2024-07-16T05:46:37.608+0530] {base.py:84} INFO - Using connection ID 'mysql_default' for task execution.
[2024-07-16T05:46:37.623+0530] {processor.py:840} INFO - DAG(s) 'raw_load_recurring_deposits' retrieved from //home/kali/Desktop/projects/git/bank_data_processing/dags/dag_raw_recurring_deposits.py
[2024-07-16T05:46:37.773+0530] {logging_mixin.py:188} INFO - [2024-07-16T05:46:37.772+0530] {dag.py:3096} INFO - Sync 1 DAGs
[2024-07-16T05:46:37.787+0530] {logging_mixin.py:188} INFO - [2024-07-16T05:46:37.787+0530] {dag.py:3954} INFO - Setting next_dagrun for raw_load_recurring_deposits to None, run_after=None
[2024-07-16T05:46:37.824+0530] {processor.py:183} INFO - Processing //home/kali/Desktop/projects/git/bank_data_processing/dags/dag_raw_recurring_deposits.py took 0.893 seconds
[2024-07-16T05:47:07.923+0530] {processor.py:161} INFO - Started process (PID=48191) to work on //home/kali/Desktop/projects/git/bank_data_processing/dags/dag_raw_recurring_deposits.py
[2024-07-16T05:47:07.929+0530] {processor.py:830} INFO - Processing file //home/kali/Desktop/projects/git/bank_data_processing/dags/dag_raw_recurring_deposits.py for tasks to queue
[2024-07-16T05:47:07.930+0530] {logging_mixin.py:188} INFO - [2024-07-16T05:47:07.930+0530] {dagbag.py:545} INFO - Filling up the DagBag from //home/kali/Desktop/projects/git/bank_data_processing/dags/dag_raw_recurring_deposits.py
[2024-07-16T05:47:08.842+0530] {logging_mixin.py:188} INFO - [2024-07-16T05:47:08.841+0530] {base.py:84} INFO - Using connection ID 'mysql_default' for task execution.
[2024-07-16T05:47:08.854+0530] {processor.py:840} INFO - DAG(s) 'raw_load_recurring_deposits' retrieved from //home/kali/Desktop/projects/git/bank_data_processing/dags/dag_raw_recurring_deposits.py
[2024-07-16T05:47:08.996+0530] {logging_mixin.py:188} INFO - [2024-07-16T05:47:08.995+0530] {dag.py:3096} INFO - Sync 1 DAGs
[2024-07-16T05:47:09.011+0530] {logging_mixin.py:188} INFO - [2024-07-16T05:47:09.010+0530] {dag.py:3954} INFO - Setting next_dagrun for raw_load_recurring_deposits to None, run_after=None
[2024-07-16T05:47:09.039+0530] {processor.py:183} INFO - Processing //home/kali/Desktop/projects/git/bank_data_processing/dags/dag_raw_recurring_deposits.py took 1.130 seconds
[2024-07-16T05:47:40.050+0530] {processor.py:161} INFO - Started process (PID=48700) to work on //home/kali/Desktop/projects/git/bank_data_processing/dags/dag_raw_recurring_deposits.py
[2024-07-16T05:47:40.051+0530] {processor.py:830} INFO - Processing file //home/kali/Desktop/projects/git/bank_data_processing/dags/dag_raw_recurring_deposits.py for tasks to queue
[2024-07-16T05:47:40.052+0530] {logging_mixin.py:188} INFO - [2024-07-16T05:47:40.051+0530] {dagbag.py:545} INFO - Filling up the DagBag from //home/kali/Desktop/projects/git/bank_data_processing/dags/dag_raw_recurring_deposits.py
[2024-07-16T05:47:40.771+0530] {logging_mixin.py:188} INFO - [2024-07-16T05:47:40.771+0530] {base.py:84} INFO - Using connection ID 'mysql_default' for task execution.
[2024-07-16T05:47:40.778+0530] {processor.py:840} INFO - DAG(s) 'raw_load_recurring_deposits' retrieved from //home/kali/Desktop/projects/git/bank_data_processing/dags/dag_raw_recurring_deposits.py
[2024-07-16T05:47:40.927+0530] {logging_mixin.py:188} INFO - [2024-07-16T05:47:40.927+0530] {dag.py:3096} INFO - Sync 1 DAGs
[2024-07-16T05:47:40.939+0530] {logging_mixin.py:188} INFO - [2024-07-16T05:47:40.939+0530] {dag.py:3954} INFO - Setting next_dagrun for raw_load_recurring_deposits to None, run_after=None
[2024-07-16T05:47:40.969+0530] {processor.py:183} INFO - Processing //home/kali/Desktop/projects/git/bank_data_processing/dags/dag_raw_recurring_deposits.py took 0.928 seconds
[2024-07-16T05:48:11.051+0530] {processor.py:161} INFO - Started process (PID=49203) to work on //home/kali/Desktop/projects/git/bank_data_processing/dags/dag_raw_recurring_deposits.py
[2024-07-16T05:48:11.057+0530] {processor.py:830} INFO - Processing file //home/kali/Desktop/projects/git/bank_data_processing/dags/dag_raw_recurring_deposits.py for tasks to queue
[2024-07-16T05:48:11.059+0530] {logging_mixin.py:188} INFO - [2024-07-16T05:48:11.058+0530] {dagbag.py:545} INFO - Filling up the DagBag from //home/kali/Desktop/projects/git/bank_data_processing/dags/dag_raw_recurring_deposits.py
[2024-07-16T05:48:11.694+0530] {logging_mixin.py:188} INFO - [2024-07-16T05:48:11.694+0530] {base.py:84} INFO - Using connection ID 'mysql_default' for task execution.
[2024-07-16T05:48:11.706+0530] {processor.py:840} INFO - DAG(s) 'raw_load_recurring_deposits' retrieved from //home/kali/Desktop/projects/git/bank_data_processing/dags/dag_raw_recurring_deposits.py
[2024-07-16T05:48:11.849+0530] {logging_mixin.py:188} INFO - [2024-07-16T05:48:11.849+0530] {dag.py:3096} INFO - Sync 1 DAGs
[2024-07-16T05:48:11.868+0530] {logging_mixin.py:188} INFO - [2024-07-16T05:48:11.867+0530] {dag.py:3954} INFO - Setting next_dagrun for raw_load_recurring_deposits to None, run_after=None
[2024-07-16T05:48:11.903+0530] {processor.py:183} INFO - Processing //home/kali/Desktop/projects/git/bank_data_processing/dags/dag_raw_recurring_deposits.py took 0.860 seconds
[2024-07-16T05:48:43.803+0530] {processor.py:161} INFO - Started process (PID=50257) to work on //home/kali/Desktop/projects/git/bank_data_processing/dags/dag_raw_recurring_deposits.py
[2024-07-16T05:48:43.806+0530] {processor.py:830} INFO - Processing file //home/kali/Desktop/projects/git/bank_data_processing/dags/dag_raw_recurring_deposits.py for tasks to queue
[2024-07-16T05:48:43.808+0530] {logging_mixin.py:188} INFO - [2024-07-16T05:48:43.808+0530] {dagbag.py:545} INFO - Filling up the DagBag from //home/kali/Desktop/projects/git/bank_data_processing/dags/dag_raw_recurring_deposits.py
[2024-07-16T05:48:44.581+0530] {logging_mixin.py:188} INFO - [2024-07-16T05:48:44.580+0530] {base.py:84} INFO - Using connection ID 'mysql_default' for task execution.
[2024-07-16T05:48:44.592+0530] {processor.py:840} INFO - DAG(s) 'raw_load_recurring_deposits' retrieved from //home/kali/Desktop/projects/git/bank_data_processing/dags/dag_raw_recurring_deposits.py
[2024-07-16T05:48:45.160+0530] {logging_mixin.py:188} INFO - [2024-07-16T05:48:45.159+0530] {dag.py:3096} INFO - Sync 1 DAGs
[2024-07-16T05:48:45.182+0530] {logging_mixin.py:188} INFO - [2024-07-16T05:48:45.181+0530] {dag.py:3954} INFO - Setting next_dagrun for raw_load_recurring_deposits to None, run_after=None
[2024-07-16T05:48:45.287+0530] {processor.py:183} INFO - Processing //home/kali/Desktop/projects/git/bank_data_processing/dags/dag_raw_recurring_deposits.py took 1.501 seconds
[2024-07-16T05:49:15.658+0530] {processor.py:161} INFO - Started process (PID=50879) to work on //home/kali/Desktop/projects/git/bank_data_processing/dags/dag_raw_recurring_deposits.py
[2024-07-16T05:49:15.660+0530] {processor.py:830} INFO - Processing file //home/kali/Desktop/projects/git/bank_data_processing/dags/dag_raw_recurring_deposits.py for tasks to queue
[2024-07-16T05:49:15.661+0530] {logging_mixin.py:188} INFO - [2024-07-16T05:49:15.660+0530] {dagbag.py:545} INFO - Filling up the DagBag from //home/kali/Desktop/projects/git/bank_data_processing/dags/dag_raw_recurring_deposits.py
[2024-07-16T05:49:16.378+0530] {logging_mixin.py:188} INFO - [2024-07-16T05:49:16.378+0530] {base.py:84} INFO - Using connection ID 'mysql_default' for task execution.
[2024-07-16T05:49:16.385+0530] {processor.py:840} INFO - DAG(s) 'raw_load_recurring_deposits' retrieved from //home/kali/Desktop/projects/git/bank_data_processing/dags/dag_raw_recurring_deposits.py
[2024-07-16T05:49:16.566+0530] {logging_mixin.py:188} INFO - [2024-07-16T05:49:16.566+0530] {dag.py:3096} INFO - Sync 1 DAGs
[2024-07-16T05:49:16.581+0530] {logging_mixin.py:188} INFO - [2024-07-16T05:49:16.581+0530] {dag.py:3954} INFO - Setting next_dagrun for raw_load_recurring_deposits to None, run_after=None
[2024-07-16T05:49:16.629+0530] {processor.py:183} INFO - Processing //home/kali/Desktop/projects/git/bank_data_processing/dags/dag_raw_recurring_deposits.py took 0.980 seconds
[2024-07-16T05:49:48.184+0530] {processor.py:161} INFO - Started process (PID=51759) to work on //home/kali/Desktop/projects/git/bank_data_processing/dags/dag_raw_recurring_deposits.py
[2024-07-16T05:49:48.186+0530] {processor.py:830} INFO - Processing file //home/kali/Desktop/projects/git/bank_data_processing/dags/dag_raw_recurring_deposits.py for tasks to queue
[2024-07-16T05:49:48.187+0530] {logging_mixin.py:188} INFO - [2024-07-16T05:49:48.186+0530] {dagbag.py:545} INFO - Filling up the DagBag from //home/kali/Desktop/projects/git/bank_data_processing/dags/dag_raw_recurring_deposits.py
[2024-07-16T05:49:48.759+0530] {logging_mixin.py:188} INFO - [2024-07-16T05:49:48.759+0530] {base.py:84} INFO - Using connection ID 'mysql_default' for task execution.
[2024-07-16T05:49:48.763+0530] {processor.py:840} INFO - DAG(s) 'raw_load_recurring_deposits' retrieved from //home/kali/Desktop/projects/git/bank_data_processing/dags/dag_raw_recurring_deposits.py
[2024-07-16T05:49:48.853+0530] {logging_mixin.py:188} INFO - [2024-07-16T05:49:48.853+0530] {dag.py:3096} INFO - Sync 1 DAGs
[2024-07-16T05:49:48.861+0530] {logging_mixin.py:188} INFO - [2024-07-16T05:49:48.861+0530] {dag.py:3954} INFO - Setting next_dagrun for raw_load_recurring_deposits to None, run_after=None
[2024-07-16T05:49:48.889+0530] {processor.py:183} INFO - Processing //home/kali/Desktop/projects/git/bank_data_processing/dags/dag_raw_recurring_deposits.py took 0.712 seconds
[2024-07-16T05:50:21.538+0530] {processor.py:161} INFO - Started process (PID=52757) to work on //home/kali/Desktop/projects/git/bank_data_processing/dags/dag_raw_recurring_deposits.py
[2024-07-16T05:50:21.543+0530] {processor.py:830} INFO - Processing file //home/kali/Desktop/projects/git/bank_data_processing/dags/dag_raw_recurring_deposits.py for tasks to queue
[2024-07-16T05:50:21.546+0530] {logging_mixin.py:188} INFO - [2024-07-16T05:50:21.544+0530] {dagbag.py:545} INFO - Filling up the DagBag from //home/kali/Desktop/projects/git/bank_data_processing/dags/dag_raw_recurring_deposits.py
[2024-07-16T05:50:22.173+0530] {logging_mixin.py:188} INFO - [2024-07-16T05:50:22.172+0530] {base.py:84} INFO - Using connection ID 'mysql_default' for task execution.
[2024-07-16T05:50:22.177+0530] {processor.py:840} INFO - DAG(s) 'raw_load_recurring_deposits' retrieved from //home/kali/Desktop/projects/git/bank_data_processing/dags/dag_raw_recurring_deposits.py
[2024-07-16T05:50:22.281+0530] {logging_mixin.py:188} INFO - [2024-07-16T05:50:22.281+0530] {dag.py:3096} INFO - Sync 1 DAGs
[2024-07-16T05:50:22.292+0530] {logging_mixin.py:188} INFO - [2024-07-16T05:50:22.292+0530] {dag.py:3954} INFO - Setting next_dagrun for raw_load_recurring_deposits to None, run_after=None
[2024-07-16T05:50:22.321+0530] {processor.py:183} INFO - Processing //home/kali/Desktop/projects/git/bank_data_processing/dags/dag_raw_recurring_deposits.py took 0.794 seconds
[2024-07-16T05:50:52.813+0530] {processor.py:161} INFO - Started process (PID=53608) to work on //home/kali/Desktop/projects/git/bank_data_processing/dags/dag_raw_recurring_deposits.py
[2024-07-16T05:50:52.819+0530] {processor.py:830} INFO - Processing file //home/kali/Desktop/projects/git/bank_data_processing/dags/dag_raw_recurring_deposits.py for tasks to queue
[2024-07-16T05:50:52.819+0530] {logging_mixin.py:188} INFO - [2024-07-16T05:50:52.819+0530] {dagbag.py:545} INFO - Filling up the DagBag from //home/kali/Desktop/projects/git/bank_data_processing/dags/dag_raw_recurring_deposits.py
[2024-07-16T05:50:53.331+0530] {logging_mixin.py:188} INFO - [2024-07-16T05:50:53.331+0530] {base.py:84} INFO - Using connection ID 'mysql_default' for task execution.
[2024-07-16T05:50:53.335+0530] {processor.py:840} INFO - DAG(s) 'raw_load_recurring_deposits' retrieved from //home/kali/Desktop/projects/git/bank_data_processing/dags/dag_raw_recurring_deposits.py
[2024-07-16T05:50:53.434+0530] {logging_mixin.py:188} INFO - [2024-07-16T05:50:53.434+0530] {dag.py:3096} INFO - Sync 1 DAGs
[2024-07-16T05:50:53.445+0530] {logging_mixin.py:188} INFO - [2024-07-16T05:50:53.445+0530] {dag.py:3954} INFO - Setting next_dagrun for raw_load_recurring_deposits to None, run_after=None
[2024-07-16T05:50:53.470+0530] {processor.py:183} INFO - Processing //home/kali/Desktop/projects/git/bank_data_processing/dags/dag_raw_recurring_deposits.py took 0.662 seconds
[2024-07-16T05:51:23.655+0530] {processor.py:161} INFO - Started process (PID=54367) to work on //home/kali/Desktop/projects/git/bank_data_processing/dags/dag_raw_recurring_deposits.py
[2024-07-16T05:51:23.655+0530] {processor.py:830} INFO - Processing file //home/kali/Desktop/projects/git/bank_data_processing/dags/dag_raw_recurring_deposits.py for tasks to queue
[2024-07-16T05:51:23.656+0530] {logging_mixin.py:188} INFO - [2024-07-16T05:51:23.656+0530] {dagbag.py:545} INFO - Filling up the DagBag from //home/kali/Desktop/projects/git/bank_data_processing/dags/dag_raw_recurring_deposits.py
[2024-07-16T05:51:24.552+0530] {logging_mixin.py:188} INFO - [2024-07-16T05:51:24.551+0530] {base.py:84} INFO - Using connection ID 'mysql_default' for task execution.
[2024-07-16T05:51:24.557+0530] {processor.py:840} INFO - DAG(s) 'raw_load_recurring_deposits' retrieved from //home/kali/Desktop/projects/git/bank_data_processing/dags/dag_raw_recurring_deposits.py
[2024-07-16T05:51:24.717+0530] {logging_mixin.py:188} INFO - [2024-07-16T05:51:24.716+0530] {dag.py:3096} INFO - Sync 1 DAGs
[2024-07-16T05:51:24.733+0530] {logging_mixin.py:188} INFO - [2024-07-16T05:51:24.733+0530] {dag.py:3954} INFO - Setting next_dagrun for raw_load_recurring_deposits to None, run_after=None
[2024-07-16T05:51:24.770+0530] {processor.py:183} INFO - Processing //home/kali/Desktop/projects/git/bank_data_processing/dags/dag_raw_recurring_deposits.py took 1.121 seconds
[2024-07-16T05:51:55.193+0530] {processor.py:161} INFO - Started process (PID=55035) to work on //home/kali/Desktop/projects/git/bank_data_processing/dags/dag_raw_recurring_deposits.py
[2024-07-16T05:51:55.194+0530] {processor.py:830} INFO - Processing file //home/kali/Desktop/projects/git/bank_data_processing/dags/dag_raw_recurring_deposits.py for tasks to queue
[2024-07-16T05:51:55.195+0530] {logging_mixin.py:188} INFO - [2024-07-16T05:51:55.195+0530] {dagbag.py:545} INFO - Filling up the DagBag from //home/kali/Desktop/projects/git/bank_data_processing/dags/dag_raw_recurring_deposits.py
[2024-07-16T05:51:55.638+0530] {logging_mixin.py:188} INFO - [2024-07-16T05:51:55.638+0530] {base.py:84} INFO - Using connection ID 'mysql_default' for task execution.
[2024-07-16T05:51:55.641+0530] {processor.py:840} INFO - DAG(s) 'raw_load_recurring_deposits' retrieved from //home/kali/Desktop/projects/git/bank_data_processing/dags/dag_raw_recurring_deposits.py
[2024-07-16T05:51:55.725+0530] {logging_mixin.py:188} INFO - [2024-07-16T05:51:55.725+0530] {dag.py:3096} INFO - Sync 1 DAGs
[2024-07-16T05:51:55.735+0530] {logging_mixin.py:188} INFO - [2024-07-16T05:51:55.735+0530] {dag.py:3954} INFO - Setting next_dagrun for raw_load_recurring_deposits to None, run_after=None
[2024-07-16T05:51:55.755+0530] {processor.py:183} INFO - Processing //home/kali/Desktop/projects/git/bank_data_processing/dags/dag_raw_recurring_deposits.py took 0.567 seconds
[2024-07-16T05:52:26.290+0530] {processor.py:161} INFO - Started process (PID=55742) to work on //home/kali/Desktop/projects/git/bank_data_processing/dags/dag_raw_recurring_deposits.py
[2024-07-16T05:52:26.293+0530] {processor.py:830} INFO - Processing file //home/kali/Desktop/projects/git/bank_data_processing/dags/dag_raw_recurring_deposits.py for tasks to queue
[2024-07-16T05:52:26.294+0530] {logging_mixin.py:188} INFO - [2024-07-16T05:52:26.293+0530] {dagbag.py:545} INFO - Filling up the DagBag from //home/kali/Desktop/projects/git/bank_data_processing/dags/dag_raw_recurring_deposits.py
[2024-07-16T05:52:27.084+0530] {logging_mixin.py:188} INFO - [2024-07-16T05:52:27.082+0530] {base.py:84} INFO - Using connection ID 'mysql_default' for task execution.
[2024-07-16T05:52:27.089+0530] {processor.py:840} INFO - DAG(s) 'raw_load_recurring_deposits' retrieved from //home/kali/Desktop/projects/git/bank_data_processing/dags/dag_raw_recurring_deposits.py
[2024-07-16T05:52:27.273+0530] {logging_mixin.py:188} INFO - [2024-07-16T05:52:27.273+0530] {dag.py:3096} INFO - Sync 1 DAGs
[2024-07-16T05:52:27.290+0530] {logging_mixin.py:188} INFO - [2024-07-16T05:52:27.290+0530] {dag.py:3954} INFO - Setting next_dagrun for raw_load_recurring_deposits to None, run_after=None
[2024-07-16T05:52:27.336+0530] {processor.py:183} INFO - Processing //home/kali/Desktop/projects/git/bank_data_processing/dags/dag_raw_recurring_deposits.py took 1.053 seconds
[2024-07-16T05:52:57.584+0530] {processor.py:161} INFO - Started process (PID=56513) to work on //home/kali/Desktop/projects/git/bank_data_processing/dags/dag_raw_recurring_deposits.py
[2024-07-16T05:52:57.585+0530] {processor.py:830} INFO - Processing file //home/kali/Desktop/projects/git/bank_data_processing/dags/dag_raw_recurring_deposits.py for tasks to queue
[2024-07-16T05:52:57.586+0530] {logging_mixin.py:188} INFO - [2024-07-16T05:52:57.585+0530] {dagbag.py:545} INFO - Filling up the DagBag from //home/kali/Desktop/projects/git/bank_data_processing/dags/dag_raw_recurring_deposits.py
[2024-07-16T05:52:58.242+0530] {logging_mixin.py:188} INFO - [2024-07-16T05:52:58.242+0530] {base.py:84} INFO - Using connection ID 'mysql_default' for task execution.
[2024-07-16T05:52:58.247+0530] {processor.py:840} INFO - DAG(s) 'raw_load_recurring_deposits' retrieved from //home/kali/Desktop/projects/git/bank_data_processing/dags/dag_raw_recurring_deposits.py
[2024-07-16T05:52:58.393+0530] {logging_mixin.py:188} INFO - [2024-07-16T05:52:58.392+0530] {dag.py:3096} INFO - Sync 1 DAGs
[2024-07-16T05:52:58.406+0530] {logging_mixin.py:188} INFO - [2024-07-16T05:52:58.406+0530] {dag.py:3954} INFO - Setting next_dagrun for raw_load_recurring_deposits to None, run_after=None
[2024-07-16T05:52:58.449+0530] {processor.py:183} INFO - Processing //home/kali/Desktop/projects/git/bank_data_processing/dags/dag_raw_recurring_deposits.py took 0.872 seconds
[2024-07-16T05:53:28.900+0530] {processor.py:161} INFO - Started process (PID=57260) to work on //home/kali/Desktop/projects/git/bank_data_processing/dags/dag_raw_recurring_deposits.py
[2024-07-16T05:53:28.907+0530] {processor.py:830} INFO - Processing file //home/kali/Desktop/projects/git/bank_data_processing/dags/dag_raw_recurring_deposits.py for tasks to queue
[2024-07-16T05:53:28.909+0530] {logging_mixin.py:188} INFO - [2024-07-16T05:53:28.908+0530] {dagbag.py:545} INFO - Filling up the DagBag from //home/kali/Desktop/projects/git/bank_data_processing/dags/dag_raw_recurring_deposits.py
[2024-07-16T05:53:29.415+0530] {logging_mixin.py:188} INFO - [2024-07-16T05:53:29.415+0530] {base.py:84} INFO - Using connection ID 'mysql_default' for task execution.
[2024-07-16T05:53:29.419+0530] {processor.py:840} INFO - DAG(s) 'raw_load_recurring_deposits' retrieved from //home/kali/Desktop/projects/git/bank_data_processing/dags/dag_raw_recurring_deposits.py
[2024-07-16T05:53:29.510+0530] {logging_mixin.py:188} INFO - [2024-07-16T05:53:29.510+0530] {dag.py:3096} INFO - Sync 1 DAGs
[2024-07-16T05:53:29.517+0530] {logging_mixin.py:188} INFO - [2024-07-16T05:53:29.517+0530] {dag.py:3954} INFO - Setting next_dagrun for raw_load_recurring_deposits to None, run_after=None
[2024-07-16T05:53:29.535+0530] {processor.py:183} INFO - Processing //home/kali/Desktop/projects/git/bank_data_processing/dags/dag_raw_recurring_deposits.py took 0.648 seconds
[2024-07-16T05:54:00.234+0530] {processor.py:161} INFO - Started process (PID=57906) to work on //home/kali/Desktop/projects/git/bank_data_processing/dags/dag_raw_recurring_deposits.py
[2024-07-16T05:54:00.241+0530] {processor.py:830} INFO - Processing file //home/kali/Desktop/projects/git/bank_data_processing/dags/dag_raw_recurring_deposits.py for tasks to queue
[2024-07-16T05:54:00.242+0530] {logging_mixin.py:188} INFO - [2024-07-16T05:54:00.241+0530] {dagbag.py:545} INFO - Filling up the DagBag from //home/kali/Desktop/projects/git/bank_data_processing/dags/dag_raw_recurring_deposits.py
[2024-07-16T05:54:00.895+0530] {logging_mixin.py:188} INFO - [2024-07-16T05:54:00.894+0530] {base.py:84} INFO - Using connection ID 'mysql_default' for task execution.
[2024-07-16T05:54:00.901+0530] {processor.py:840} INFO - DAG(s) 'raw_load_recurring_deposits' retrieved from //home/kali/Desktop/projects/git/bank_data_processing/dags/dag_raw_recurring_deposits.py
[2024-07-16T05:54:01.042+0530] {logging_mixin.py:188} INFO - [2024-07-16T05:54:01.041+0530] {dag.py:3096} INFO - Sync 1 DAGs
[2024-07-16T05:54:01.050+0530] {logging_mixin.py:188} INFO - [2024-07-16T05:54:01.050+0530] {dag.py:3954} INFO - Setting next_dagrun for raw_load_recurring_deposits to None, run_after=None
[2024-07-16T05:54:01.078+0530] {processor.py:183} INFO - Processing //home/kali/Desktop/projects/git/bank_data_processing/dags/dag_raw_recurring_deposits.py took 0.867 seconds
[2024-07-16T05:54:31.431+0530] {processor.py:161} INFO - Started process (PID=58525) to work on //home/kali/Desktop/projects/git/bank_data_processing/dags/dag_raw_recurring_deposits.py
[2024-07-16T05:54:31.437+0530] {processor.py:830} INFO - Processing file //home/kali/Desktop/projects/git/bank_data_processing/dags/dag_raw_recurring_deposits.py for tasks to queue
[2024-07-16T05:54:31.438+0530] {logging_mixin.py:188} INFO - [2024-07-16T05:54:31.438+0530] {dagbag.py:545} INFO - Filling up the DagBag from //home/kali/Desktop/projects/git/bank_data_processing/dags/dag_raw_recurring_deposits.py
[2024-07-16T05:54:31.994+0530] {logging_mixin.py:188} INFO - [2024-07-16T05:54:31.994+0530] {base.py:84} INFO - Using connection ID 'mysql_default' for task execution.
[2024-07-16T05:54:31.998+0530] {processor.py:840} INFO - DAG(s) 'raw_load_recurring_deposits' retrieved from //home/kali/Desktop/projects/git/bank_data_processing/dags/dag_raw_recurring_deposits.py
[2024-07-16T05:54:32.091+0530] {logging_mixin.py:188} INFO - [2024-07-16T05:54:32.090+0530] {dag.py:3096} INFO - Sync 1 DAGs
[2024-07-16T05:54:32.099+0530] {logging_mixin.py:188} INFO - [2024-07-16T05:54:32.099+0530] {dag.py:3954} INFO - Setting next_dagrun for raw_load_recurring_deposits to None, run_after=None
[2024-07-16T05:54:32.122+0530] {processor.py:183} INFO - Processing //home/kali/Desktop/projects/git/bank_data_processing/dags/dag_raw_recurring_deposits.py took 0.700 seconds
[2024-07-16T05:55:02.605+0530] {processor.py:161} INFO - Started process (PID=59423) to work on //home/kali/Desktop/projects/git/bank_data_processing/dags/dag_raw_recurring_deposits.py
[2024-07-16T05:55:02.610+0530] {processor.py:830} INFO - Processing file //home/kali/Desktop/projects/git/bank_data_processing/dags/dag_raw_recurring_deposits.py for tasks to queue
[2024-07-16T05:55:02.611+0530] {logging_mixin.py:188} INFO - [2024-07-16T05:55:02.611+0530] {dagbag.py:545} INFO - Filling up the DagBag from //home/kali/Desktop/projects/git/bank_data_processing/dags/dag_raw_recurring_deposits.py
[2024-07-16T05:55:03.164+0530] {logging_mixin.py:188} INFO - [2024-07-16T05:55:03.164+0530] {base.py:84} INFO - Using connection ID 'mysql_default' for task execution.
[2024-07-16T05:55:03.167+0530] {processor.py:840} INFO - DAG(s) 'raw_load_recurring_deposits' retrieved from //home/kali/Desktop/projects/git/bank_data_processing/dags/dag_raw_recurring_deposits.py
[2024-07-16T05:55:03.253+0530] {logging_mixin.py:188} INFO - [2024-07-16T05:55:03.253+0530] {dag.py:3096} INFO - Sync 1 DAGs
[2024-07-16T05:55:03.260+0530] {logging_mixin.py:188} INFO - [2024-07-16T05:55:03.260+0530] {dag.py:3954} INFO - Setting next_dagrun for raw_load_recurring_deposits to None, run_after=None
[2024-07-16T05:55:03.283+0530] {processor.py:183} INFO - Processing //home/kali/Desktop/projects/git/bank_data_processing/dags/dag_raw_recurring_deposits.py took 0.686 seconds
[2024-07-16T05:55:33.430+0530] {processor.py:161} INFO - Started process (PID=60127) to work on //home/kali/Desktop/projects/git/bank_data_processing/dags/dag_raw_recurring_deposits.py
[2024-07-16T05:55:33.431+0530] {processor.py:830} INFO - Processing file //home/kali/Desktop/projects/git/bank_data_processing/dags/dag_raw_recurring_deposits.py for tasks to queue
[2024-07-16T05:55:33.433+0530] {logging_mixin.py:188} INFO - [2024-07-16T05:55:33.432+0530] {dagbag.py:545} INFO - Filling up the DagBag from //home/kali/Desktop/projects/git/bank_data_processing/dags/dag_raw_recurring_deposits.py
[2024-07-16T05:55:34.377+0530] {logging_mixin.py:188} INFO - [2024-07-16T05:55:34.377+0530] {base.py:84} INFO - Using connection ID 'mysql_default' for task execution.
[2024-07-16T05:55:34.391+0530] {processor.py:840} INFO - DAG(s) 'raw_load_recurring_deposits' retrieved from //home/kali/Desktop/projects/git/bank_data_processing/dags/dag_raw_recurring_deposits.py
[2024-07-16T05:55:34.567+0530] {logging_mixin.py:188} INFO - [2024-07-16T05:55:34.566+0530] {dag.py:3096} INFO - Sync 1 DAGs
[2024-07-16T05:55:34.575+0530] {logging_mixin.py:188} INFO - [2024-07-16T05:55:34.574+0530] {dag.py:3954} INFO - Setting next_dagrun for raw_load_recurring_deposits to None, run_after=None
[2024-07-16T05:55:34.597+0530] {processor.py:183} INFO - Processing //home/kali/Desktop/projects/git/bank_data_processing/dags/dag_raw_recurring_deposits.py took 1.174 seconds
[2024-07-16T05:56:04.651+0530] {processor.py:161} INFO - Started process (PID=60906) to work on //home/kali/Desktop/projects/git/bank_data_processing/dags/dag_raw_recurring_deposits.py
[2024-07-16T05:56:04.658+0530] {processor.py:830} INFO - Processing file //home/kali/Desktop/projects/git/bank_data_processing/dags/dag_raw_recurring_deposits.py for tasks to queue
[2024-07-16T05:56:04.659+0530] {logging_mixin.py:188} INFO - [2024-07-16T05:56:04.659+0530] {dagbag.py:545} INFO - Filling up the DagBag from //home/kali/Desktop/projects/git/bank_data_processing/dags/dag_raw_recurring_deposits.py
[2024-07-16T05:56:05.218+0530] {logging_mixin.py:188} INFO - [2024-07-16T05:56:05.217+0530] {base.py:84} INFO - Using connection ID 'mysql_default' for task execution.
[2024-07-16T05:56:05.221+0530] {processor.py:840} INFO - DAG(s) 'raw_load_recurring_deposits' retrieved from //home/kali/Desktop/projects/git/bank_data_processing/dags/dag_raw_recurring_deposits.py
[2024-07-16T05:56:05.308+0530] {logging_mixin.py:188} INFO - [2024-07-16T05:56:05.308+0530] {dag.py:3096} INFO - Sync 1 DAGs
[2024-07-16T05:56:05.316+0530] {logging_mixin.py:188} INFO - [2024-07-16T05:56:05.316+0530] {dag.py:3954} INFO - Setting next_dagrun for raw_load_recurring_deposits to None, run_after=None
[2024-07-16T05:56:05.339+0530] {processor.py:183} INFO - Processing //home/kali/Desktop/projects/git/bank_data_processing/dags/dag_raw_recurring_deposits.py took 0.698 seconds
[2024-07-16T05:56:35.447+0530] {processor.py:161} INFO - Started process (PID=61617) to work on //home/kali/Desktop/projects/git/bank_data_processing/dags/dag_raw_recurring_deposits.py
[2024-07-16T05:56:35.448+0530] {processor.py:830} INFO - Processing file //home/kali/Desktop/projects/git/bank_data_processing/dags/dag_raw_recurring_deposits.py for tasks to queue
[2024-07-16T05:56:35.449+0530] {logging_mixin.py:188} INFO - [2024-07-16T05:56:35.449+0530] {dagbag.py:545} INFO - Filling up the DagBag from //home/kali/Desktop/projects/git/bank_data_processing/dags/dag_raw_recurring_deposits.py
[2024-07-16T05:56:36.389+0530] {logging_mixin.py:188} INFO - [2024-07-16T05:56:36.388+0530] {base.py:84} INFO - Using connection ID 'mysql_default' for task execution.
[2024-07-16T05:56:36.395+0530] {processor.py:840} INFO - DAG(s) 'raw_load_recurring_deposits' retrieved from //home/kali/Desktop/projects/git/bank_data_processing/dags/dag_raw_recurring_deposits.py
[2024-07-16T05:56:36.546+0530] {logging_mixin.py:188} INFO - [2024-07-16T05:56:36.545+0530] {dag.py:3096} INFO - Sync 1 DAGs
[2024-07-16T05:56:36.561+0530] {logging_mixin.py:188} INFO - [2024-07-16T05:56:36.561+0530] {dag.py:3954} INFO - Setting next_dagrun for raw_load_recurring_deposits to None, run_after=None
[2024-07-16T05:56:36.586+0530] {processor.py:183} INFO - Processing //home/kali/Desktop/projects/git/bank_data_processing/dags/dag_raw_recurring_deposits.py took 1.146 seconds
[2024-07-16T05:57:06.852+0530] {processor.py:161} INFO - Started process (PID=62490) to work on //home/kali/Desktop/projects/git/bank_data_processing/dags/dag_raw_recurring_deposits.py
[2024-07-16T05:57:06.853+0530] {processor.py:830} INFO - Processing file //home/kali/Desktop/projects/git/bank_data_processing/dags/dag_raw_recurring_deposits.py for tasks to queue
[2024-07-16T05:57:06.854+0530] {logging_mixin.py:188} INFO - [2024-07-16T05:57:06.853+0530] {dagbag.py:545} INFO - Filling up the DagBag from //home/kali/Desktop/projects/git/bank_data_processing/dags/dag_raw_recurring_deposits.py
[2024-07-16T05:57:07.541+0530] {logging_mixin.py:188} INFO - [2024-07-16T05:57:07.540+0530] {base.py:84} INFO - Using connection ID 'mysql_default' for task execution.
[2024-07-16T05:57:07.544+0530] {processor.py:840} INFO - DAG(s) 'raw_load_recurring_deposits' retrieved from //home/kali/Desktop/projects/git/bank_data_processing/dags/dag_raw_recurring_deposits.py
[2024-07-16T05:57:07.632+0530] {logging_mixin.py:188} INFO - [2024-07-16T05:57:07.632+0530] {dag.py:3096} INFO - Sync 1 DAGs
[2024-07-16T05:57:07.639+0530] {logging_mixin.py:188} INFO - [2024-07-16T05:57:07.639+0530] {dag.py:3954} INFO - Setting next_dagrun for raw_load_recurring_deposits to None, run_after=None
[2024-07-16T05:57:07.662+0530] {processor.py:183} INFO - Processing //home/kali/Desktop/projects/git/bank_data_processing/dags/dag_raw_recurring_deposits.py took 0.820 seconds
