[2024-07-16T05:30:18.534+0530] {processor.py:161} INFO - Started process (PID=24549) to work on //home/kali/Desktop/projects/git/bank_data_processing/dags/dag_raw_savings_goals.py
[2024-07-16T05:30:18.535+0530] {processor.py:830} INFO - Processing file //home/kali/Desktop/projects/git/bank_data_processing/dags/dag_raw_savings_goals.py for tasks to queue
[2024-07-16T05:30:18.537+0530] {logging_mixin.py:188} INFO - [2024-07-16T05:30:18.536+0530] {dagbag.py:545} INFO - Filling up the DagBag from //home/kali/Desktop/projects/git/bank_data_processing/dags/dag_raw_savings_goals.py
[2024-07-16T05:30:19.253+0530] {logging_mixin.py:188} INFO - [2024-07-16T05:30:19.252+0530] {base.py:84} INFO - Using connection ID 'mysql_default' for task execution.
[2024-07-16T05:30:19.261+0530] {processor.py:840} INFO - DAG(s) 'raw_load_savings_goals' retrieved from //home/kali/Desktop/projects/git/bank_data_processing/dags/dag_raw_savings_goals.py
[2024-07-16T05:30:19.361+0530] {logging_mixin.py:188} INFO - [2024-07-16T05:30:19.361+0530] {dag.py:3096} INFO - Sync 1 DAGs
[2024-07-16T05:30:19.371+0530] {logging_mixin.py:188} INFO - [2024-07-16T05:30:19.370+0530] {dag.py:3954} INFO - Setting next_dagrun for raw_load_savings_goals to None, run_after=None
[2024-07-16T05:30:19.404+0530] {processor.py:183} INFO - Processing //home/kali/Desktop/projects/git/bank_data_processing/dags/dag_raw_savings_goals.py took 0.880 seconds
[2024-07-16T05:30:49.808+0530] {processor.py:161} INFO - Started process (PID=25060) to work on //home/kali/Desktop/projects/git/bank_data_processing/dags/dag_raw_savings_goals.py
[2024-07-16T05:30:49.813+0530] {processor.py:830} INFO - Processing file //home/kali/Desktop/projects/git/bank_data_processing/dags/dag_raw_savings_goals.py for tasks to queue
[2024-07-16T05:30:49.815+0530] {logging_mixin.py:188} INFO - [2024-07-16T05:30:49.815+0530] {dagbag.py:545} INFO - Filling up the DagBag from //home/kali/Desktop/projects/git/bank_data_processing/dags/dag_raw_savings_goals.py
[2024-07-16T05:30:50.328+0530] {logging_mixin.py:188} INFO - [2024-07-16T05:30:50.327+0530] {base.py:84} INFO - Using connection ID 'mysql_default' for task execution.
[2024-07-16T05:30:50.337+0530] {processor.py:840} INFO - DAG(s) 'raw_load_savings_goals' retrieved from //home/kali/Desktop/projects/git/bank_data_processing/dags/dag_raw_savings_goals.py
[2024-07-16T05:30:50.474+0530] {logging_mixin.py:188} INFO - [2024-07-16T05:30:50.474+0530] {dag.py:3096} INFO - Sync 1 DAGs
[2024-07-16T05:30:50.483+0530] {logging_mixin.py:188} INFO - [2024-07-16T05:30:50.483+0530] {dag.py:3954} INFO - Setting next_dagrun for raw_load_savings_goals to None, run_after=None
[2024-07-16T05:30:50.503+0530] {processor.py:183} INFO - Processing //home/kali/Desktop/projects/git/bank_data_processing/dags/dag_raw_savings_goals.py took 0.701 seconds
[2024-07-16T05:31:21.132+0530] {processor.py:161} INFO - Started process (PID=25823) to work on //home/kali/Desktop/projects/git/bank_data_processing/dags/dag_raw_savings_goals.py
[2024-07-16T05:31:21.135+0530] {processor.py:830} INFO - Processing file //home/kali/Desktop/projects/git/bank_data_processing/dags/dag_raw_savings_goals.py for tasks to queue
[2024-07-16T05:31:21.139+0530] {logging_mixin.py:188} INFO - [2024-07-16T05:31:21.138+0530] {dagbag.py:545} INFO - Filling up the DagBag from //home/kali/Desktop/projects/git/bank_data_processing/dags/dag_raw_savings_goals.py
[2024-07-16T05:31:21.952+0530] {logging_mixin.py:188} INFO - [2024-07-16T05:31:21.951+0530] {base.py:84} INFO - Using connection ID 'mysql_default' for task execution.
[2024-07-16T05:31:21.959+0530] {processor.py:840} INFO - DAG(s) 'raw_load_savings_goals' retrieved from //home/kali/Desktop/projects/git/bank_data_processing/dags/dag_raw_savings_goals.py
[2024-07-16T05:31:22.126+0530] {logging_mixin.py:188} INFO - [2024-07-16T05:31:22.125+0530] {dag.py:3096} INFO - Sync 1 DAGs
[2024-07-16T05:31:22.140+0530] {logging_mixin.py:188} INFO - [2024-07-16T05:31:22.140+0530] {dag.py:3954} INFO - Setting next_dagrun for raw_load_savings_goals to None, run_after=None
[2024-07-16T05:31:22.175+0530] {processor.py:183} INFO - Processing //home/kali/Desktop/projects/git/bank_data_processing/dags/dag_raw_savings_goals.py took 1.052 seconds
[2024-07-16T05:31:52.785+0530] {processor.py:161} INFO - Started process (PID=26523) to work on //home/kali/Desktop/projects/git/bank_data_processing/dags/dag_raw_savings_goals.py
[2024-07-16T05:31:52.786+0530] {processor.py:830} INFO - Processing file //home/kali/Desktop/projects/git/bank_data_processing/dags/dag_raw_savings_goals.py for tasks to queue
[2024-07-16T05:31:52.787+0530] {logging_mixin.py:188} INFO - [2024-07-16T05:31:52.787+0530] {dagbag.py:545} INFO - Filling up the DagBag from //home/kali/Desktop/projects/git/bank_data_processing/dags/dag_raw_savings_goals.py
[2024-07-16T05:31:53.318+0530] {logging_mixin.py:188} INFO - [2024-07-16T05:31:53.317+0530] {base.py:84} INFO - Using connection ID 'mysql_default' for task execution.
[2024-07-16T05:31:53.324+0530] {processor.py:840} INFO - DAG(s) 'raw_load_savings_goals' retrieved from //home/kali/Desktop/projects/git/bank_data_processing/dags/dag_raw_savings_goals.py
[2024-07-16T05:31:53.430+0530] {logging_mixin.py:188} INFO - [2024-07-16T05:31:53.430+0530] {dag.py:3096} INFO - Sync 1 DAGs
[2024-07-16T05:31:53.441+0530] {logging_mixin.py:188} INFO - [2024-07-16T05:31:53.440+0530] {dag.py:3954} INFO - Setting next_dagrun for raw_load_savings_goals to None, run_after=None
[2024-07-16T05:31:53.470+0530] {processor.py:183} INFO - Processing //home/kali/Desktop/projects/git/bank_data_processing/dags/dag_raw_savings_goals.py took 0.693 seconds
[2024-07-16T05:32:23.621+0530] {processor.py:161} INFO - Started process (PID=27264) to work on //home/kali/Desktop/projects/git/bank_data_processing/dags/dag_raw_savings_goals.py
[2024-07-16T05:32:23.623+0530] {processor.py:830} INFO - Processing file //home/kali/Desktop/projects/git/bank_data_processing/dags/dag_raw_savings_goals.py for tasks to queue
[2024-07-16T05:32:23.626+0530] {logging_mixin.py:188} INFO - [2024-07-16T05:32:23.625+0530] {dagbag.py:545} INFO - Filling up the DagBag from //home/kali/Desktop/projects/git/bank_data_processing/dags/dag_raw_savings_goals.py
[2024-07-16T05:32:24.444+0530] {logging_mixin.py:188} INFO - [2024-07-16T05:32:24.444+0530] {base.py:84} INFO - Using connection ID 'mysql_default' for task execution.
[2024-07-16T05:32:24.452+0530] {processor.py:840} INFO - DAG(s) 'raw_load_savings_goals' retrieved from //home/kali/Desktop/projects/git/bank_data_processing/dags/dag_raw_savings_goals.py
[2024-07-16T05:32:24.570+0530] {logging_mixin.py:188} INFO - [2024-07-16T05:32:24.569+0530] {dag.py:3096} INFO - Sync 1 DAGs
[2024-07-16T05:32:24.579+0530] {logging_mixin.py:188} INFO - [2024-07-16T05:32:24.579+0530] {dag.py:3954} INFO - Setting next_dagrun for raw_load_savings_goals to None, run_after=None
[2024-07-16T05:32:24.604+0530] {processor.py:183} INFO - Processing //home/kali/Desktop/projects/git/bank_data_processing/dags/dag_raw_savings_goals.py took 0.997 seconds
[2024-07-16T05:32:54.995+0530] {processor.py:161} INFO - Started process (PID=28005) to work on //home/kali/Desktop/projects/git/bank_data_processing/dags/dag_raw_savings_goals.py
[2024-07-16T05:32:54.996+0530] {processor.py:830} INFO - Processing file //home/kali/Desktop/projects/git/bank_data_processing/dags/dag_raw_savings_goals.py for tasks to queue
[2024-07-16T05:32:54.998+0530] {logging_mixin.py:188} INFO - [2024-07-16T05:32:54.998+0530] {dagbag.py:545} INFO - Filling up the DagBag from //home/kali/Desktop/projects/git/bank_data_processing/dags/dag_raw_savings_goals.py
[2024-07-16T05:32:55.586+0530] {logging_mixin.py:188} INFO - [2024-07-16T05:32:55.586+0530] {base.py:84} INFO - Using connection ID 'mysql_default' for task execution.
[2024-07-16T05:32:55.592+0530] {processor.py:840} INFO - DAG(s) 'raw_load_savings_goals' retrieved from //home/kali/Desktop/projects/git/bank_data_processing/dags/dag_raw_savings_goals.py
[2024-07-16T05:32:55.678+0530] {logging_mixin.py:188} INFO - [2024-07-16T05:32:55.678+0530] {dag.py:3096} INFO - Sync 1 DAGs
[2024-07-16T05:32:55.686+0530] {logging_mixin.py:188} INFO - [2024-07-16T05:32:55.686+0530] {dag.py:3954} INFO - Setting next_dagrun for raw_load_savings_goals to None, run_after=None
[2024-07-16T05:32:55.716+0530] {processor.py:183} INFO - Processing //home/kali/Desktop/projects/git/bank_data_processing/dags/dag_raw_savings_goals.py took 0.727 seconds
[2024-07-16T05:33:27.071+0530] {processor.py:161} INFO - Started process (PID=28761) to work on //home/kali/Desktop/projects/git/bank_data_processing/dags/dag_raw_savings_goals.py
[2024-07-16T05:33:27.073+0530] {processor.py:830} INFO - Processing file //home/kali/Desktop/projects/git/bank_data_processing/dags/dag_raw_savings_goals.py for tasks to queue
[2024-07-16T05:33:27.076+0530] {logging_mixin.py:188} INFO - [2024-07-16T05:33:27.075+0530] {dagbag.py:545} INFO - Filling up the DagBag from //home/kali/Desktop/projects/git/bank_data_processing/dags/dag_raw_savings_goals.py
[2024-07-16T05:33:27.708+0530] {logging_mixin.py:188} INFO - [2024-07-16T05:33:27.708+0530] {base.py:84} INFO - Using connection ID 'mysql_default' for task execution.
[2024-07-16T05:33:27.718+0530] {processor.py:840} INFO - DAG(s) 'raw_load_savings_goals' retrieved from //home/kali/Desktop/projects/git/bank_data_processing/dags/dag_raw_savings_goals.py
[2024-07-16T05:33:27.863+0530] {logging_mixin.py:188} INFO - [2024-07-16T05:33:27.863+0530] {dag.py:3096} INFO - Sync 1 DAGs
[2024-07-16T05:33:27.877+0530] {logging_mixin.py:188} INFO - [2024-07-16T05:33:27.876+0530] {dag.py:3954} INFO - Setting next_dagrun for raw_load_savings_goals to None, run_after=None
[2024-07-16T05:33:27.909+0530] {processor.py:183} INFO - Processing //home/kali/Desktop/projects/git/bank_data_processing/dags/dag_raw_savings_goals.py took 0.845 seconds
[2024-07-16T05:33:58.954+0530] {processor.py:161} INFO - Started process (PID=29510) to work on //home/kali/Desktop/projects/git/bank_data_processing/dags/dag_raw_savings_goals.py
[2024-07-16T05:33:58.957+0530] {processor.py:830} INFO - Processing file //home/kali/Desktop/projects/git/bank_data_processing/dags/dag_raw_savings_goals.py for tasks to queue
[2024-07-16T05:33:58.963+0530] {logging_mixin.py:188} INFO - [2024-07-16T05:33:58.963+0530] {dagbag.py:545} INFO - Filling up the DagBag from //home/kali/Desktop/projects/git/bank_data_processing/dags/dag_raw_savings_goals.py
[2024-07-16T05:33:59.621+0530] {logging_mixin.py:188} INFO - [2024-07-16T05:33:59.620+0530] {base.py:84} INFO - Using connection ID 'mysql_default' for task execution.
[2024-07-16T05:33:59.626+0530] {processor.py:840} INFO - DAG(s) 'raw_load_savings_goals' retrieved from //home/kali/Desktop/projects/git/bank_data_processing/dags/dag_raw_savings_goals.py
[2024-07-16T05:33:59.714+0530] {logging_mixin.py:188} INFO - [2024-07-16T05:33:59.713+0530] {dag.py:3096} INFO - Sync 1 DAGs
[2024-07-16T05:33:59.722+0530] {logging_mixin.py:188} INFO - [2024-07-16T05:33:59.721+0530] {dag.py:3954} INFO - Setting next_dagrun for raw_load_savings_goals to None, run_after=None
[2024-07-16T05:33:59.745+0530] {processor.py:183} INFO - Processing //home/kali/Desktop/projects/git/bank_data_processing/dags/dag_raw_savings_goals.py took 0.798 seconds
[2024-07-16T05:34:31.498+0530] {processor.py:161} INFO - Started process (PID=30366) to work on //home/kali/Desktop/projects/git/bank_data_processing/dags/dag_raw_savings_goals.py
[2024-07-16T05:34:31.500+0530] {processor.py:830} INFO - Processing file //home/kali/Desktop/projects/git/bank_data_processing/dags/dag_raw_savings_goals.py for tasks to queue
[2024-07-16T05:34:31.502+0530] {logging_mixin.py:188} INFO - [2024-07-16T05:34:31.502+0530] {dagbag.py:545} INFO - Filling up the DagBag from //home/kali/Desktop/projects/git/bank_data_processing/dags/dag_raw_savings_goals.py
[2024-07-16T05:34:31.985+0530] {logging_mixin.py:188} INFO - [2024-07-16T05:34:31.985+0530] {base.py:84} INFO - Using connection ID 'mysql_default' for task execution.
[2024-07-16T05:34:31.991+0530] {processor.py:840} INFO - DAG(s) 'raw_load_savings_goals' retrieved from //home/kali/Desktop/projects/git/bank_data_processing/dags/dag_raw_savings_goals.py
[2024-07-16T05:34:32.124+0530] {logging_mixin.py:188} INFO - [2024-07-16T05:34:32.124+0530] {dag.py:3096} INFO - Sync 1 DAGs
[2024-07-16T05:34:32.137+0530] {logging_mixin.py:188} INFO - [2024-07-16T05:34:32.136+0530] {dag.py:3954} INFO - Setting next_dagrun for raw_load_savings_goals to None, run_after=None
[2024-07-16T05:34:32.173+0530] {processor.py:183} INFO - Processing //home/kali/Desktop/projects/git/bank_data_processing/dags/dag_raw_savings_goals.py took 0.683 seconds
[2024-07-16T05:35:02.260+0530] {processor.py:161} INFO - Started process (PID=31007) to work on //home/kali/Desktop/projects/git/bank_data_processing/dags/dag_raw_savings_goals.py
[2024-07-16T05:35:02.266+0530] {processor.py:830} INFO - Processing file //home/kali/Desktop/projects/git/bank_data_processing/dags/dag_raw_savings_goals.py for tasks to queue
[2024-07-16T05:35:02.267+0530] {logging_mixin.py:188} INFO - [2024-07-16T05:35:02.267+0530] {dagbag.py:545} INFO - Filling up the DagBag from //home/kali/Desktop/projects/git/bank_data_processing/dags/dag_raw_savings_goals.py
[2024-07-16T05:35:02.882+0530] {logging_mixin.py:188} INFO - [2024-07-16T05:35:02.882+0530] {base.py:84} INFO - Using connection ID 'mysql_default' for task execution.
[2024-07-16T05:35:02.890+0530] {processor.py:840} INFO - DAG(s) 'raw_load_savings_goals' retrieved from //home/kali/Desktop/projects/git/bank_data_processing/dags/dag_raw_savings_goals.py
[2024-07-16T05:35:02.987+0530] {logging_mixin.py:188} INFO - [2024-07-16T05:35:02.987+0530] {dag.py:3096} INFO - Sync 1 DAGs
[2024-07-16T05:35:02.997+0530] {logging_mixin.py:188} INFO - [2024-07-16T05:35:02.997+0530] {dag.py:3954} INFO - Setting next_dagrun for raw_load_savings_goals to None, run_after=None
[2024-07-16T05:35:03.023+0530] {processor.py:183} INFO - Processing //home/kali/Desktop/projects/git/bank_data_processing/dags/dag_raw_savings_goals.py took 0.771 seconds
[2024-07-16T05:35:33.358+0530] {processor.py:161} INFO - Started process (PID=31764) to work on //home/kali/Desktop/projects/git/bank_data_processing/dags/dag_raw_savings_goals.py
[2024-07-16T05:35:33.360+0530] {processor.py:830} INFO - Processing file //home/kali/Desktop/projects/git/bank_data_processing/dags/dag_raw_savings_goals.py for tasks to queue
[2024-07-16T05:35:33.362+0530] {logging_mixin.py:188} INFO - [2024-07-16T05:35:33.362+0530] {dagbag.py:545} INFO - Filling up the DagBag from //home/kali/Desktop/projects/git/bank_data_processing/dags/dag_raw_savings_goals.py
[2024-07-16T05:35:33.990+0530] {logging_mixin.py:188} INFO - [2024-07-16T05:35:33.990+0530] {base.py:84} INFO - Using connection ID 'mysql_default' for task execution.
[2024-07-16T05:35:33.996+0530] {processor.py:840} INFO - DAG(s) 'raw_load_savings_goals' retrieved from //home/kali/Desktop/projects/git/bank_data_processing/dags/dag_raw_savings_goals.py
[2024-07-16T05:35:34.080+0530] {logging_mixin.py:188} INFO - [2024-07-16T05:35:34.079+0530] {dag.py:3096} INFO - Sync 1 DAGs
[2024-07-16T05:35:34.088+0530] {logging_mixin.py:188} INFO - [2024-07-16T05:35:34.088+0530] {dag.py:3954} INFO - Setting next_dagrun for raw_load_savings_goals to None, run_after=None
[2024-07-16T05:35:34.107+0530] {processor.py:183} INFO - Processing //home/kali/Desktop/projects/git/bank_data_processing/dags/dag_raw_savings_goals.py took 0.762 seconds
[2024-07-16T05:36:04.758+0530] {processor.py:161} INFO - Started process (PID=32595) to work on //home/kali/Desktop/projects/git/bank_data_processing/dags/dag_raw_savings_goals.py
[2024-07-16T05:36:04.759+0530] {processor.py:830} INFO - Processing file //home/kali/Desktop/projects/git/bank_data_processing/dags/dag_raw_savings_goals.py for tasks to queue
[2024-07-16T05:36:04.761+0530] {logging_mixin.py:188} INFO - [2024-07-16T05:36:04.761+0530] {dagbag.py:545} INFO - Filling up the DagBag from //home/kali/Desktop/projects/git/bank_data_processing/dags/dag_raw_savings_goals.py
[2024-07-16T05:36:05.322+0530] {logging_mixin.py:188} INFO - [2024-07-16T05:36:05.321+0530] {base.py:84} INFO - Using connection ID 'mysql_default' for task execution.
[2024-07-16T05:36:05.328+0530] {processor.py:840} INFO - DAG(s) 'raw_load_savings_goals' retrieved from //home/kali/Desktop/projects/git/bank_data_processing/dags/dag_raw_savings_goals.py
[2024-07-16T05:36:05.420+0530] {logging_mixin.py:188} INFO - [2024-07-16T05:36:05.420+0530] {dag.py:3096} INFO - Sync 1 DAGs
[2024-07-16T05:36:05.428+0530] {logging_mixin.py:188} INFO - [2024-07-16T05:36:05.428+0530] {dag.py:3954} INFO - Setting next_dagrun for raw_load_savings_goals to None, run_after=None
[2024-07-16T05:36:05.448+0530] {processor.py:183} INFO - Processing //home/kali/Desktop/projects/git/bank_data_processing/dags/dag_raw_savings_goals.py took 0.696 seconds
[2024-07-16T05:36:35.585+0530] {processor.py:161} INFO - Started process (PID=33230) to work on //home/kali/Desktop/projects/git/bank_data_processing/dags/dag_raw_savings_goals.py
[2024-07-16T05:36:35.586+0530] {processor.py:830} INFO - Processing file //home/kali/Desktop/projects/git/bank_data_processing/dags/dag_raw_savings_goals.py for tasks to queue
[2024-07-16T05:36:35.588+0530] {logging_mixin.py:188} INFO - [2024-07-16T05:36:35.587+0530] {dagbag.py:545} INFO - Filling up the DagBag from //home/kali/Desktop/projects/git/bank_data_processing/dags/dag_raw_savings_goals.py
[2024-07-16T05:36:36.143+0530] {logging_mixin.py:188} INFO - [2024-07-16T05:36:36.143+0530] {base.py:84} INFO - Using connection ID 'mysql_default' for task execution.
[2024-07-16T05:36:36.151+0530] {processor.py:840} INFO - DAG(s) 'raw_load_savings_goals' retrieved from //home/kali/Desktop/projects/git/bank_data_processing/dags/dag_raw_savings_goals.py
[2024-07-16T05:36:36.240+0530] {logging_mixin.py:188} INFO - [2024-07-16T05:36:36.239+0530] {dag.py:3096} INFO - Sync 1 DAGs
[2024-07-16T05:36:36.248+0530] {logging_mixin.py:188} INFO - [2024-07-16T05:36:36.248+0530] {dag.py:3954} INFO - Setting next_dagrun for raw_load_savings_goals to None, run_after=None
[2024-07-16T05:36:36.268+0530] {processor.py:183} INFO - Processing //home/kali/Desktop/projects/git/bank_data_processing/dags/dag_raw_savings_goals.py took 0.693 seconds
[2024-07-16T05:37:06.559+0530] {processor.py:161} INFO - Started process (PID=33893) to work on //home/kali/Desktop/projects/git/bank_data_processing/dags/dag_raw_savings_goals.py
[2024-07-16T05:37:06.560+0530] {processor.py:830} INFO - Processing file //home/kali/Desktop/projects/git/bank_data_processing/dags/dag_raw_savings_goals.py for tasks to queue
[2024-07-16T05:37:06.563+0530] {logging_mixin.py:188} INFO - [2024-07-16T05:37:06.562+0530] {dagbag.py:545} INFO - Filling up the DagBag from //home/kali/Desktop/projects/git/bank_data_processing/dags/dag_raw_savings_goals.py
[2024-07-16T05:37:07.129+0530] {logging_mixin.py:188} INFO - [2024-07-16T05:37:07.129+0530] {base.py:84} INFO - Using connection ID 'mysql_default' for task execution.
[2024-07-16T05:37:07.135+0530] {processor.py:840} INFO - DAG(s) 'raw_load_savings_goals' retrieved from //home/kali/Desktop/projects/git/bank_data_processing/dags/dag_raw_savings_goals.py
[2024-07-16T05:37:07.220+0530] {logging_mixin.py:188} INFO - [2024-07-16T05:37:07.219+0530] {dag.py:3096} INFO - Sync 1 DAGs
[2024-07-16T05:37:07.227+0530] {logging_mixin.py:188} INFO - [2024-07-16T05:37:07.227+0530] {dag.py:3954} INFO - Setting next_dagrun for raw_load_savings_goals to None, run_after=None
[2024-07-16T05:37:07.246+0530] {processor.py:183} INFO - Processing //home/kali/Desktop/projects/git/bank_data_processing/dags/dag_raw_savings_goals.py took 0.697 seconds
[2024-07-16T05:37:37.803+0530] {processor.py:161} INFO - Started process (PID=34609) to work on //home/kali/Desktop/projects/git/bank_data_processing/dags/dag_raw_savings_goals.py
[2024-07-16T05:37:37.805+0530] {processor.py:830} INFO - Processing file //home/kali/Desktop/projects/git/bank_data_processing/dags/dag_raw_savings_goals.py for tasks to queue
[2024-07-16T05:37:37.807+0530] {logging_mixin.py:188} INFO - [2024-07-16T05:37:37.807+0530] {dagbag.py:545} INFO - Filling up the DagBag from //home/kali/Desktop/projects/git/bank_data_processing/dags/dag_raw_savings_goals.py
[2024-07-16T05:37:38.413+0530] {logging_mixin.py:188} INFO - [2024-07-16T05:37:38.413+0530] {base.py:84} INFO - Using connection ID 'mysql_default' for task execution.
[2024-07-16T05:37:38.419+0530] {processor.py:840} INFO - DAG(s) 'raw_load_savings_goals' retrieved from //home/kali/Desktop/projects/git/bank_data_processing/dags/dag_raw_savings_goals.py
[2024-07-16T05:37:38.502+0530] {logging_mixin.py:188} INFO - [2024-07-16T05:37:38.502+0530] {dag.py:3096} INFO - Sync 1 DAGs
[2024-07-16T05:37:38.511+0530] {logging_mixin.py:188} INFO - [2024-07-16T05:37:38.511+0530] {dag.py:3954} INFO - Setting next_dagrun for raw_load_savings_goals to None, run_after=None
[2024-07-16T05:37:38.534+0530] {processor.py:183} INFO - Processing //home/kali/Desktop/projects/git/bank_data_processing/dags/dag_raw_savings_goals.py took 0.739 seconds
[2024-07-16T05:38:08.750+0530] {processor.py:161} INFO - Started process (PID=35329) to work on //home/kali/Desktop/projects/git/bank_data_processing/dags/dag_raw_savings_goals.py
[2024-07-16T05:38:08.750+0530] {processor.py:830} INFO - Processing file //home/kali/Desktop/projects/git/bank_data_processing/dags/dag_raw_savings_goals.py for tasks to queue
[2024-07-16T05:38:08.752+0530] {logging_mixin.py:188} INFO - [2024-07-16T05:38:08.752+0530] {dagbag.py:545} INFO - Filling up the DagBag from //home/kali/Desktop/projects/git/bank_data_processing/dags/dag_raw_savings_goals.py
[2024-07-16T05:38:09.388+0530] {logging_mixin.py:188} INFO - [2024-07-16T05:38:09.388+0530] {base.py:84} INFO - Using connection ID 'mysql_default' for task execution.
[2024-07-16T05:38:09.394+0530] {processor.py:840} INFO - DAG(s) 'raw_load_savings_goals' retrieved from //home/kali/Desktop/projects/git/bank_data_processing/dags/dag_raw_savings_goals.py
[2024-07-16T05:38:09.481+0530] {logging_mixin.py:188} INFO - [2024-07-16T05:38:09.481+0530] {dag.py:3096} INFO - Sync 1 DAGs
[2024-07-16T05:38:09.490+0530] {logging_mixin.py:188} INFO - [2024-07-16T05:38:09.490+0530] {dag.py:3954} INFO - Setting next_dagrun for raw_load_savings_goals to None, run_after=None
[2024-07-16T05:38:09.511+0530] {processor.py:183} INFO - Processing //home/kali/Desktop/projects/git/bank_data_processing/dags/dag_raw_savings_goals.py took 0.770 seconds
[2024-07-16T05:38:39.726+0530] {processor.py:161} INFO - Started process (PID=35983) to work on //home/kali/Desktop/projects/git/bank_data_processing/dags/dag_raw_savings_goals.py
[2024-07-16T05:38:39.727+0530] {processor.py:830} INFO - Processing file //home/kali/Desktop/projects/git/bank_data_processing/dags/dag_raw_savings_goals.py for tasks to queue
[2024-07-16T05:38:39.729+0530] {logging_mixin.py:188} INFO - [2024-07-16T05:38:39.728+0530] {dagbag.py:545} INFO - Filling up the DagBag from //home/kali/Desktop/projects/git/bank_data_processing/dags/dag_raw_savings_goals.py
[2024-07-16T05:38:40.439+0530] {logging_mixin.py:188} INFO - [2024-07-16T05:38:40.438+0530] {base.py:84} INFO - Using connection ID 'mysql_default' for task execution.
[2024-07-16T05:38:40.449+0530] {processor.py:840} INFO - DAG(s) 'raw_load_savings_goals' retrieved from //home/kali/Desktop/projects/git/bank_data_processing/dags/dag_raw_savings_goals.py
[2024-07-16T05:38:40.601+0530] {logging_mixin.py:188} INFO - [2024-07-16T05:38:40.600+0530] {dag.py:3096} INFO - Sync 1 DAGs
[2024-07-16T05:38:40.621+0530] {logging_mixin.py:188} INFO - [2024-07-16T05:38:40.621+0530] {dag.py:3954} INFO - Setting next_dagrun for raw_load_savings_goals to None, run_after=None
[2024-07-16T05:38:40.654+0530] {processor.py:183} INFO - Processing //home/kali/Desktop/projects/git/bank_data_processing/dags/dag_raw_savings_goals.py took 0.938 seconds
[2024-07-16T05:39:11.037+0530] {processor.py:161} INFO - Started process (PID=36792) to work on //home/kali/Desktop/projects/git/bank_data_processing/dags/dag_raw_savings_goals.py
[2024-07-16T05:39:11.038+0530] {processor.py:830} INFO - Processing file //home/kali/Desktop/projects/git/bank_data_processing/dags/dag_raw_savings_goals.py for tasks to queue
[2024-07-16T05:39:11.041+0530] {logging_mixin.py:188} INFO - [2024-07-16T05:39:11.040+0530] {dagbag.py:545} INFO - Filling up the DagBag from //home/kali/Desktop/projects/git/bank_data_processing/dags/dag_raw_savings_goals.py
[2024-07-16T05:39:11.614+0530] {logging_mixin.py:188} INFO - [2024-07-16T05:39:11.613+0530] {base.py:84} INFO - Using connection ID 'mysql_default' for task execution.
[2024-07-16T05:39:11.622+0530] {processor.py:840} INFO - DAG(s) 'raw_load_savings_goals' retrieved from //home/kali/Desktop/projects/git/bank_data_processing/dags/dag_raw_savings_goals.py
[2024-07-16T05:39:11.750+0530] {logging_mixin.py:188} INFO - [2024-07-16T05:39:11.749+0530] {dag.py:3096} INFO - Sync 1 DAGs
[2024-07-16T05:39:11.759+0530] {logging_mixin.py:188} INFO - [2024-07-16T05:39:11.759+0530] {dag.py:3954} INFO - Setting next_dagrun for raw_load_savings_goals to None, run_after=None
[2024-07-16T05:39:11.778+0530] {processor.py:183} INFO - Processing //home/kali/Desktop/projects/git/bank_data_processing/dags/dag_raw_savings_goals.py took 0.751 seconds
[2024-07-16T05:39:42.880+0530] {processor.py:161} INFO - Started process (PID=37657) to work on //home/kali/Desktop/projects/git/bank_data_processing/dags/dag_raw_savings_goals.py
[2024-07-16T05:39:42.881+0530] {processor.py:830} INFO - Processing file //home/kali/Desktop/projects/git/bank_data_processing/dags/dag_raw_savings_goals.py for tasks to queue
[2024-07-16T05:39:42.883+0530] {logging_mixin.py:188} INFO - [2024-07-16T05:39:42.882+0530] {dagbag.py:545} INFO - Filling up the DagBag from //home/kali/Desktop/projects/git/bank_data_processing/dags/dag_raw_savings_goals.py
[2024-07-16T05:39:43.399+0530] {logging_mixin.py:188} INFO - [2024-07-16T05:39:43.399+0530] {base.py:84} INFO - Using connection ID 'mysql_default' for task execution.
[2024-07-16T05:39:43.406+0530] {processor.py:840} INFO - DAG(s) 'raw_load_savings_goals' retrieved from //home/kali/Desktop/projects/git/bank_data_processing/dags/dag_raw_savings_goals.py
[2024-07-16T05:39:43.502+0530] {logging_mixin.py:188} INFO - [2024-07-16T05:39:43.502+0530] {dag.py:3096} INFO - Sync 1 DAGs
[2024-07-16T05:39:43.510+0530] {logging_mixin.py:188} INFO - [2024-07-16T05:39:43.510+0530] {dag.py:3954} INFO - Setting next_dagrun for raw_load_savings_goals to None, run_after=None
[2024-07-16T05:39:43.534+0530] {processor.py:183} INFO - Processing //home/kali/Desktop/projects/git/bank_data_processing/dags/dag_raw_savings_goals.py took 0.665 seconds
[2024-07-16T05:40:14.621+0530] {processor.py:161} INFO - Started process (PID=38362) to work on //home/kali/Desktop/projects/git/bank_data_processing/dags/dag_raw_savings_goals.py
[2024-07-16T05:40:14.622+0530] {processor.py:830} INFO - Processing file //home/kali/Desktop/projects/git/bank_data_processing/dags/dag_raw_savings_goals.py for tasks to queue
[2024-07-16T05:40:14.624+0530] {logging_mixin.py:188} INFO - [2024-07-16T05:40:14.623+0530] {dagbag.py:545} INFO - Filling up the DagBag from //home/kali/Desktop/projects/git/bank_data_processing/dags/dag_raw_savings_goals.py
[2024-07-16T05:40:15.432+0530] {logging_mixin.py:188} INFO - [2024-07-16T05:40:15.431+0530] {base.py:84} INFO - Using connection ID 'mysql_default' for task execution.
[2024-07-16T05:40:15.442+0530] {processor.py:840} INFO - DAG(s) 'raw_load_savings_goals' retrieved from //home/kali/Desktop/projects/git/bank_data_processing/dags/dag_raw_savings_goals.py
[2024-07-16T05:40:15.540+0530] {logging_mixin.py:188} INFO - [2024-07-16T05:40:15.540+0530] {dag.py:3096} INFO - Sync 1 DAGs
[2024-07-16T05:40:15.548+0530] {logging_mixin.py:188} INFO - [2024-07-16T05:40:15.548+0530] {dag.py:3954} INFO - Setting next_dagrun for raw_load_savings_goals to None, run_after=None
[2024-07-16T05:40:15.572+0530] {processor.py:183} INFO - Processing //home/kali/Desktop/projects/git/bank_data_processing/dags/dag_raw_savings_goals.py took 0.959 seconds
[2024-07-16T05:40:46.130+0530] {processor.py:161} INFO - Started process (PID=39112) to work on //home/kali/Desktop/projects/git/bank_data_processing/dags/dag_raw_savings_goals.py
[2024-07-16T05:40:46.131+0530] {processor.py:830} INFO - Processing file //home/kali/Desktop/projects/git/bank_data_processing/dags/dag_raw_savings_goals.py for tasks to queue
[2024-07-16T05:40:46.133+0530] {logging_mixin.py:188} INFO - [2024-07-16T05:40:46.132+0530] {dagbag.py:545} INFO - Filling up the DagBag from //home/kali/Desktop/projects/git/bank_data_processing/dags/dag_raw_savings_goals.py
[2024-07-16T05:40:46.890+0530] {logging_mixin.py:188} INFO - [2024-07-16T05:40:46.890+0530] {base.py:84} INFO - Using connection ID 'mysql_default' for task execution.
[2024-07-16T05:40:46.900+0530] {processor.py:840} INFO - DAG(s) 'raw_load_savings_goals' retrieved from //home/kali/Desktop/projects/git/bank_data_processing/dags/dag_raw_savings_goals.py
[2024-07-16T05:40:47.037+0530] {logging_mixin.py:188} INFO - [2024-07-16T05:40:47.037+0530] {dag.py:3096} INFO - Sync 1 DAGs
[2024-07-16T05:40:47.048+0530] {logging_mixin.py:188} INFO - [2024-07-16T05:40:47.048+0530] {dag.py:3954} INFO - Setting next_dagrun for raw_load_savings_goals to None, run_after=None
[2024-07-16T05:40:47.074+0530] {processor.py:183} INFO - Processing //home/kali/Desktop/projects/git/bank_data_processing/dags/dag_raw_savings_goals.py took 0.953 seconds
[2024-07-16T05:41:18.030+0530] {processor.py:161} INFO - Started process (PID=39798) to work on //home/kali/Desktop/projects/git/bank_data_processing/dags/dag_raw_savings_goals.py
[2024-07-16T05:41:18.032+0530] {processor.py:830} INFO - Processing file //home/kali/Desktop/projects/git/bank_data_processing/dags/dag_raw_savings_goals.py for tasks to queue
[2024-07-16T05:41:18.035+0530] {logging_mixin.py:188} INFO - [2024-07-16T05:41:18.034+0530] {dagbag.py:545} INFO - Filling up the DagBag from //home/kali/Desktop/projects/git/bank_data_processing/dags/dag_raw_savings_goals.py
[2024-07-16T05:41:18.632+0530] {logging_mixin.py:188} INFO - [2024-07-16T05:41:18.632+0530] {base.py:84} INFO - Using connection ID 'mysql_default' for task execution.
[2024-07-16T05:41:18.642+0530] {processor.py:840} INFO - DAG(s) 'raw_load_savings_goals' retrieved from //home/kali/Desktop/projects/git/bank_data_processing/dags/dag_raw_savings_goals.py
[2024-07-16T05:41:18.746+0530] {logging_mixin.py:188} INFO - [2024-07-16T05:41:18.746+0530] {dag.py:3096} INFO - Sync 1 DAGs
[2024-07-16T05:41:18.754+0530] {logging_mixin.py:188} INFO - [2024-07-16T05:41:18.754+0530] {dag.py:3954} INFO - Setting next_dagrun for raw_load_savings_goals to None, run_after=None
[2024-07-16T05:41:18.772+0530] {processor.py:183} INFO - Processing //home/kali/Desktop/projects/git/bank_data_processing/dags/dag_raw_savings_goals.py took 0.755 seconds
[2024-07-16T05:41:49.550+0530] {processor.py:161} INFO - Started process (PID=40570) to work on //home/kali/Desktop/projects/git/bank_data_processing/dags/dag_raw_savings_goals.py
[2024-07-16T05:41:49.556+0530] {processor.py:830} INFO - Processing file //home/kali/Desktop/projects/git/bank_data_processing/dags/dag_raw_savings_goals.py for tasks to queue
[2024-07-16T05:41:49.558+0530] {logging_mixin.py:188} INFO - [2024-07-16T05:41:49.557+0530] {dagbag.py:545} INFO - Filling up the DagBag from //home/kali/Desktop/projects/git/bank_data_processing/dags/dag_raw_savings_goals.py
[2024-07-16T05:41:50.132+0530] {logging_mixin.py:188} INFO - [2024-07-16T05:41:50.132+0530] {base.py:84} INFO - Using connection ID 'mysql_default' for task execution.
[2024-07-16T05:41:50.142+0530] {processor.py:840} INFO - DAG(s) 'raw_load_savings_goals' retrieved from //home/kali/Desktop/projects/git/bank_data_processing/dags/dag_raw_savings_goals.py
[2024-07-16T05:41:50.244+0530] {logging_mixin.py:188} INFO - [2024-07-16T05:41:50.243+0530] {dag.py:3096} INFO - Sync 1 DAGs
[2024-07-16T05:41:50.258+0530] {logging_mixin.py:188} INFO - [2024-07-16T05:41:50.258+0530] {dag.py:3954} INFO - Setting next_dagrun for raw_load_savings_goals to None, run_after=None
[2024-07-16T05:41:50.287+0530] {processor.py:183} INFO - Processing //home/kali/Desktop/projects/git/bank_data_processing/dags/dag_raw_savings_goals.py took 0.748 seconds
[2024-07-16T05:42:20.742+0530] {processor.py:161} INFO - Started process (PID=41318) to work on //home/kali/Desktop/projects/git/bank_data_processing/dags/dag_raw_savings_goals.py
[2024-07-16T05:42:20.747+0530] {processor.py:830} INFO - Processing file //home/kali/Desktop/projects/git/bank_data_processing/dags/dag_raw_savings_goals.py for tasks to queue
[2024-07-16T05:42:20.749+0530] {logging_mixin.py:188} INFO - [2024-07-16T05:42:20.749+0530] {dagbag.py:545} INFO - Filling up the DagBag from //home/kali/Desktop/projects/git/bank_data_processing/dags/dag_raw_savings_goals.py
[2024-07-16T05:42:21.358+0530] {logging_mixin.py:188} INFO - [2024-07-16T05:42:21.358+0530] {base.py:84} INFO - Using connection ID 'mysql_default' for task execution.
[2024-07-16T05:42:21.365+0530] {processor.py:840} INFO - DAG(s) 'raw_load_savings_goals' retrieved from //home/kali/Desktop/projects/git/bank_data_processing/dags/dag_raw_savings_goals.py
[2024-07-16T05:42:21.456+0530] {logging_mixin.py:188} INFO - [2024-07-16T05:42:21.455+0530] {dag.py:3096} INFO - Sync 1 DAGs
[2024-07-16T05:42:21.463+0530] {logging_mixin.py:188} INFO - [2024-07-16T05:42:21.463+0530] {dag.py:3954} INFO - Setting next_dagrun for raw_load_savings_goals to None, run_after=None
[2024-07-16T05:42:21.482+0530] {processor.py:183} INFO - Processing //home/kali/Desktop/projects/git/bank_data_processing/dags/dag_raw_savings_goals.py took 0.751 seconds
[2024-07-16T05:42:52.307+0530] {processor.py:161} INFO - Started process (PID=42101) to work on //home/kali/Desktop/projects/git/bank_data_processing/dags/dag_raw_savings_goals.py
[2024-07-16T05:42:52.308+0530] {processor.py:830} INFO - Processing file //home/kali/Desktop/projects/git/bank_data_processing/dags/dag_raw_savings_goals.py for tasks to queue
[2024-07-16T05:42:52.310+0530] {logging_mixin.py:188} INFO - [2024-07-16T05:42:52.310+0530] {dagbag.py:545} INFO - Filling up the DagBag from //home/kali/Desktop/projects/git/bank_data_processing/dags/dag_raw_savings_goals.py
[2024-07-16T05:42:53.206+0530] {logging_mixin.py:188} INFO - [2024-07-16T05:42:53.205+0530] {base.py:84} INFO - Using connection ID 'mysql_default' for task execution.
[2024-07-16T05:42:53.219+0530] {processor.py:840} INFO - DAG(s) 'raw_load_savings_goals' retrieved from //home/kali/Desktop/projects/git/bank_data_processing/dags/dag_raw_savings_goals.py
[2024-07-16T05:42:53.223+0530] {logging_mixin.py:188} INFO - [2024-07-16T05:42:53.223+0530] {dag.py:3096} INFO - Sync 1 DAGs
[2024-07-16T05:42:53.238+0530] {logging_mixin.py:188} INFO - [2024-07-16T05:42:53.238+0530] {dag.py:3954} INFO - Setting next_dagrun for raw_load_savings_goals to None, run_after=None
[2024-07-16T05:42:53.271+0530] {processor.py:183} INFO - Processing //home/kali/Desktop/projects/git/bank_data_processing/dags/dag_raw_savings_goals.py took 0.973 seconds
[2024-07-16T05:43:23.488+0530] {processor.py:161} INFO - Started process (PID=42917) to work on //home/kali/Desktop/projects/git/bank_data_processing/dags/dag_raw_savings_goals.py
[2024-07-16T05:43:23.491+0530] {processor.py:830} INFO - Processing file //home/kali/Desktop/projects/git/bank_data_processing/dags/dag_raw_savings_goals.py for tasks to queue
[2024-07-16T05:43:23.494+0530] {logging_mixin.py:188} INFO - [2024-07-16T05:43:23.494+0530] {dagbag.py:545} INFO - Filling up the DagBag from //home/kali/Desktop/projects/git/bank_data_processing/dags/dag_raw_savings_goals.py
[2024-07-16T05:43:24.092+0530] {logging_mixin.py:188} INFO - [2024-07-16T05:43:24.091+0530] {base.py:84} INFO - Using connection ID 'mysql_default' for task execution.
[2024-07-16T05:43:24.100+0530] {processor.py:840} INFO - DAG(s) 'raw_load_savings_goals' retrieved from //home/kali/Desktop/projects/git/bank_data_processing/dags/dag_raw_savings_goals.py
[2024-07-16T05:43:24.246+0530] {logging_mixin.py:188} INFO - [2024-07-16T05:43:24.245+0530] {dag.py:3096} INFO - Sync 1 DAGs
[2024-07-16T05:43:24.261+0530] {logging_mixin.py:188} INFO - [2024-07-16T05:43:24.260+0530] {dag.py:3954} INFO - Setting next_dagrun for raw_load_savings_goals to None, run_after=None
[2024-07-16T05:43:24.292+0530] {processor.py:183} INFO - Processing //home/kali/Desktop/projects/git/bank_data_processing/dags/dag_raw_savings_goals.py took 0.811 seconds
[2024-07-16T05:43:54.529+0530] {processor.py:161} INFO - Started process (PID=44087) to work on //home/kali/Desktop/projects/git/bank_data_processing/dags/dag_raw_savings_goals.py
[2024-07-16T05:43:54.532+0530] {processor.py:830} INFO - Processing file //home/kali/Desktop/projects/git/bank_data_processing/dags/dag_raw_savings_goals.py for tasks to queue
[2024-07-16T05:43:54.536+0530] {logging_mixin.py:188} INFO - [2024-07-16T05:43:54.535+0530] {dagbag.py:545} INFO - Filling up the DagBag from //home/kali/Desktop/projects/git/bank_data_processing/dags/dag_raw_savings_goals.py
[2024-07-16T05:43:55.228+0530] {logging_mixin.py:188} INFO - [2024-07-16T05:43:55.227+0530] {base.py:84} INFO - Using connection ID 'mysql_default' for task execution.
[2024-07-16T05:43:55.237+0530] {processor.py:840} INFO - DAG(s) 'raw_load_savings_goals' retrieved from //home/kali/Desktop/projects/git/bank_data_processing/dags/dag_raw_savings_goals.py
[2024-07-16T05:43:55.355+0530] {logging_mixin.py:188} INFO - [2024-07-16T05:43:55.354+0530] {dag.py:3096} INFO - Sync 1 DAGs
[2024-07-16T05:43:55.362+0530] {logging_mixin.py:188} INFO - [2024-07-16T05:43:55.362+0530] {dag.py:3954} INFO - Setting next_dagrun for raw_load_savings_goals to None, run_after=None
[2024-07-16T05:43:55.387+0530] {processor.py:183} INFO - Processing //home/kali/Desktop/projects/git/bank_data_processing/dags/dag_raw_savings_goals.py took 0.867 seconds
[2024-07-16T05:44:25.739+0530] {processor.py:161} INFO - Started process (PID=44996) to work on //home/kali/Desktop/projects/git/bank_data_processing/dags/dag_raw_savings_goals.py
[2024-07-16T05:44:25.741+0530] {processor.py:830} INFO - Processing file //home/kali/Desktop/projects/git/bank_data_processing/dags/dag_raw_savings_goals.py for tasks to queue
[2024-07-16T05:44:25.743+0530] {logging_mixin.py:188} INFO - [2024-07-16T05:44:25.743+0530] {dagbag.py:545} INFO - Filling up the DagBag from //home/kali/Desktop/projects/git/bank_data_processing/dags/dag_raw_savings_goals.py
[2024-07-16T05:44:26.328+0530] {logging_mixin.py:188} INFO - [2024-07-16T05:44:26.328+0530] {base.py:84} INFO - Using connection ID 'mysql_default' for task execution.
[2024-07-16T05:44:26.334+0530] {processor.py:840} INFO - DAG(s) 'raw_load_savings_goals' retrieved from //home/kali/Desktop/projects/git/bank_data_processing/dags/dag_raw_savings_goals.py
[2024-07-16T05:44:26.413+0530] {logging_mixin.py:188} INFO - [2024-07-16T05:44:26.412+0530] {dag.py:3096} INFO - Sync 1 DAGs
[2024-07-16T05:44:26.419+0530] {logging_mixin.py:188} INFO - [2024-07-16T05:44:26.419+0530] {dag.py:3954} INFO - Setting next_dagrun for raw_load_savings_goals to None, run_after=None
[2024-07-16T05:44:26.438+0530] {processor.py:183} INFO - Processing //home/kali/Desktop/projects/git/bank_data_processing/dags/dag_raw_savings_goals.py took 0.706 seconds
[2024-07-16T05:44:56.711+0530] {processor.py:161} INFO - Started process (PID=45737) to work on //home/kali/Desktop/projects/git/bank_data_processing/dags/dag_raw_savings_goals.py
[2024-07-16T05:44:56.713+0530] {processor.py:830} INFO - Processing file //home/kali/Desktop/projects/git/bank_data_processing/dags/dag_raw_savings_goals.py for tasks to queue
[2024-07-16T05:44:56.714+0530] {logging_mixin.py:188} INFO - [2024-07-16T05:44:56.713+0530] {dagbag.py:545} INFO - Filling up the DagBag from //home/kali/Desktop/projects/git/bank_data_processing/dags/dag_raw_savings_goals.py
[2024-07-16T05:44:57.432+0530] {logging_mixin.py:188} INFO - [2024-07-16T05:44:57.432+0530] {base.py:84} INFO - Using connection ID 'mysql_default' for task execution.
[2024-07-16T05:44:57.444+0530] {processor.py:840} INFO - DAG(s) 'raw_load_savings_goals' retrieved from //home/kali/Desktop/projects/git/bank_data_processing/dags/dag_raw_savings_goals.py
[2024-07-16T05:44:57.553+0530] {logging_mixin.py:188} INFO - [2024-07-16T05:44:57.552+0530] {dag.py:3096} INFO - Sync 1 DAGs
[2024-07-16T05:44:57.560+0530] {logging_mixin.py:188} INFO - [2024-07-16T05:44:57.560+0530] {dag.py:3954} INFO - Setting next_dagrun for raw_load_savings_goals to None, run_after=None
[2024-07-16T05:44:57.583+0530] {processor.py:183} INFO - Processing //home/kali/Desktop/projects/git/bank_data_processing/dags/dag_raw_savings_goals.py took 0.879 seconds
[2024-07-16T05:45:27.705+0530] {processor.py:161} INFO - Started process (PID=46226) to work on //home/kali/Desktop/projects/git/bank_data_processing/dags/dag_raw_savings_goals.py
[2024-07-16T05:45:27.706+0530] {processor.py:830} INFO - Processing file //home/kali/Desktop/projects/git/bank_data_processing/dags/dag_raw_savings_goals.py for tasks to queue
[2024-07-16T05:45:27.708+0530] {logging_mixin.py:188} INFO - [2024-07-16T05:45:27.707+0530] {dagbag.py:545} INFO - Filling up the DagBag from //home/kali/Desktop/projects/git/bank_data_processing/dags/dag_raw_savings_goals.py
[2024-07-16T05:45:28.438+0530] {logging_mixin.py:188} INFO - [2024-07-16T05:45:28.437+0530] {base.py:84} INFO - Using connection ID 'mysql_default' for task execution.
[2024-07-16T05:45:28.447+0530] {processor.py:840} INFO - DAG(s) 'raw_load_savings_goals' retrieved from //home/kali/Desktop/projects/git/bank_data_processing/dags/dag_raw_savings_goals.py
[2024-07-16T05:45:28.469+0530] {logging_mixin.py:188} INFO - [2024-07-16T05:45:28.469+0530] {dag.py:3096} INFO - Sync 1 DAGs
[2024-07-16T05:45:28.485+0530] {logging_mixin.py:188} INFO - [2024-07-16T05:45:28.485+0530] {dag.py:3954} INFO - Setting next_dagrun for raw_load_savings_goals to None, run_after=None
[2024-07-16T05:45:28.518+0530] {processor.py:183} INFO - Processing //home/kali/Desktop/projects/git/bank_data_processing/dags/dag_raw_savings_goals.py took 0.824 seconds
[2024-07-16T05:45:58.610+0530] {processor.py:161} INFO - Started process (PID=46998) to work on //home/kali/Desktop/projects/git/bank_data_processing/dags/dag_raw_savings_goals.py
[2024-07-16T05:45:58.616+0530] {processor.py:830} INFO - Processing file //home/kali/Desktop/projects/git/bank_data_processing/dags/dag_raw_savings_goals.py for tasks to queue
[2024-07-16T05:45:58.617+0530] {logging_mixin.py:188} INFO - [2024-07-16T05:45:58.617+0530] {dagbag.py:545} INFO - Filling up the DagBag from //home/kali/Desktop/projects/git/bank_data_processing/dags/dag_raw_savings_goals.py
[2024-07-16T05:45:59.429+0530] {logging_mixin.py:188} INFO - [2024-07-16T05:45:59.429+0530] {base.py:84} INFO - Using connection ID 'mysql_default' for task execution.
[2024-07-16T05:45:59.438+0530] {processor.py:840} INFO - DAG(s) 'raw_load_savings_goals' retrieved from //home/kali/Desktop/projects/git/bank_data_processing/dags/dag_raw_savings_goals.py
[2024-07-16T05:45:59.443+0530] {logging_mixin.py:188} INFO - [2024-07-16T05:45:59.442+0530] {dag.py:3096} INFO - Sync 1 DAGs
[2024-07-16T05:45:59.459+0530] {logging_mixin.py:188} INFO - [2024-07-16T05:45:59.459+0530] {dag.py:3954} INFO - Setting next_dagrun for raw_load_savings_goals to None, run_after=None
[2024-07-16T05:45:59.498+0530] {processor.py:183} INFO - Processing //home/kali/Desktop/projects/git/bank_data_processing/dags/dag_raw_savings_goals.py took 0.901 seconds
[2024-07-16T05:46:29.925+0530] {processor.py:161} INFO - Started process (PID=47528) to work on //home/kali/Desktop/projects/git/bank_data_processing/dags/dag_raw_savings_goals.py
[2024-07-16T05:46:29.931+0530] {processor.py:830} INFO - Processing file //home/kali/Desktop/projects/git/bank_data_processing/dags/dag_raw_savings_goals.py for tasks to queue
[2024-07-16T05:46:29.932+0530] {logging_mixin.py:188} INFO - [2024-07-16T05:46:29.931+0530] {dagbag.py:545} INFO - Filling up the DagBag from //home/kali/Desktop/projects/git/bank_data_processing/dags/dag_raw_savings_goals.py
[2024-07-16T05:46:30.628+0530] {logging_mixin.py:188} INFO - [2024-07-16T05:46:30.627+0530] {base.py:84} INFO - Using connection ID 'mysql_default' for task execution.
[2024-07-16T05:46:30.642+0530] {processor.py:840} INFO - DAG(s) 'raw_load_savings_goals' retrieved from //home/kali/Desktop/projects/git/bank_data_processing/dags/dag_raw_savings_goals.py
[2024-07-16T05:46:30.799+0530] {logging_mixin.py:188} INFO - [2024-07-16T05:46:30.798+0530] {dag.py:3096} INFO - Sync 1 DAGs
[2024-07-16T05:46:30.809+0530] {logging_mixin.py:188} INFO - [2024-07-16T05:46:30.809+0530] {dag.py:3954} INFO - Setting next_dagrun for raw_load_savings_goals to None, run_after=None
[2024-07-16T05:46:30.840+0530] {processor.py:183} INFO - Processing //home/kali/Desktop/projects/git/bank_data_processing/dags/dag_raw_savings_goals.py took 0.923 seconds
[2024-07-16T05:47:01.062+0530] {processor.py:161} INFO - Started process (PID=48029) to work on //home/kali/Desktop/projects/git/bank_data_processing/dags/dag_raw_savings_goals.py
[2024-07-16T05:47:01.063+0530] {processor.py:830} INFO - Processing file //home/kali/Desktop/projects/git/bank_data_processing/dags/dag_raw_savings_goals.py for tasks to queue
[2024-07-16T05:47:01.064+0530] {logging_mixin.py:188} INFO - [2024-07-16T05:47:01.064+0530] {dagbag.py:545} INFO - Filling up the DagBag from //home/kali/Desktop/projects/git/bank_data_processing/dags/dag_raw_savings_goals.py
[2024-07-16T05:47:01.705+0530] {logging_mixin.py:188} INFO - [2024-07-16T05:47:01.705+0530] {base.py:84} INFO - Using connection ID 'mysql_default' for task execution.
[2024-07-16T05:47:01.714+0530] {processor.py:840} INFO - DAG(s) 'raw_load_savings_goals' retrieved from //home/kali/Desktop/projects/git/bank_data_processing/dags/dag_raw_savings_goals.py
[2024-07-16T05:47:01.841+0530] {logging_mixin.py:188} INFO - [2024-07-16T05:47:01.840+0530] {dag.py:3096} INFO - Sync 1 DAGs
[2024-07-16T05:47:01.860+0530] {logging_mixin.py:188} INFO - [2024-07-16T05:47:01.859+0530] {dag.py:3954} INFO - Setting next_dagrun for raw_load_savings_goals to None, run_after=None
[2024-07-16T05:47:01.896+0530] {processor.py:183} INFO - Processing //home/kali/Desktop/projects/git/bank_data_processing/dags/dag_raw_savings_goals.py took 0.841 seconds
[2024-07-16T05:47:32.164+0530] {processor.py:161} INFO - Started process (PID=48529) to work on //home/kali/Desktop/projects/git/bank_data_processing/dags/dag_raw_savings_goals.py
[2024-07-16T05:47:32.167+0530] {processor.py:830} INFO - Processing file //home/kali/Desktop/projects/git/bank_data_processing/dags/dag_raw_savings_goals.py for tasks to queue
[2024-07-16T05:47:32.171+0530] {logging_mixin.py:188} INFO - [2024-07-16T05:47:32.170+0530] {dagbag.py:545} INFO - Filling up the DagBag from //home/kali/Desktop/projects/git/bank_data_processing/dags/dag_raw_savings_goals.py
[2024-07-16T05:47:33.000+0530] {logging_mixin.py:188} INFO - [2024-07-16T05:47:32.999+0530] {base.py:84} INFO - Using connection ID 'mysql_default' for task execution.
[2024-07-16T05:47:33.007+0530] {processor.py:840} INFO - DAG(s) 'raw_load_savings_goals' retrieved from //home/kali/Desktop/projects/git/bank_data_processing/dags/dag_raw_savings_goals.py
[2024-07-16T05:47:33.107+0530] {logging_mixin.py:188} INFO - [2024-07-16T05:47:33.107+0530] {dag.py:3096} INFO - Sync 1 DAGs
[2024-07-16T05:47:33.115+0530] {logging_mixin.py:188} INFO - [2024-07-16T05:47:33.115+0530] {dag.py:3954} INFO - Setting next_dagrun for raw_load_savings_goals to None, run_after=None
[2024-07-16T05:47:33.143+0530] {processor.py:183} INFO - Processing //home/kali/Desktop/projects/git/bank_data_processing/dags/dag_raw_savings_goals.py took 0.997 seconds
[2024-07-16T05:48:03.679+0530] {processor.py:161} INFO - Started process (PID=49036) to work on //home/kali/Desktop/projects/git/bank_data_processing/dags/dag_raw_savings_goals.py
[2024-07-16T05:48:03.683+0530] {processor.py:830} INFO - Processing file //home/kali/Desktop/projects/git/bank_data_processing/dags/dag_raw_savings_goals.py for tasks to queue
[2024-07-16T05:48:03.686+0530] {logging_mixin.py:188} INFO - [2024-07-16T05:48:03.684+0530] {dagbag.py:545} INFO - Filling up the DagBag from //home/kali/Desktop/projects/git/bank_data_processing/dags/dag_raw_savings_goals.py
[2024-07-16T05:48:04.518+0530] {logging_mixin.py:188} INFO - [2024-07-16T05:48:04.517+0530] {base.py:84} INFO - Using connection ID 'mysql_default' for task execution.
[2024-07-16T05:48:04.527+0530] {processor.py:840} INFO - DAG(s) 'raw_load_savings_goals' retrieved from //home/kali/Desktop/projects/git/bank_data_processing/dags/dag_raw_savings_goals.py
[2024-07-16T05:48:04.638+0530] {logging_mixin.py:188} INFO - [2024-07-16T05:48:04.637+0530] {dag.py:3096} INFO - Sync 1 DAGs
[2024-07-16T05:48:04.653+0530] {logging_mixin.py:188} INFO - [2024-07-16T05:48:04.653+0530] {dag.py:3954} INFO - Setting next_dagrun for raw_load_savings_goals to None, run_after=None
[2024-07-16T05:48:04.689+0530] {processor.py:183} INFO - Processing //home/kali/Desktop/projects/git/bank_data_processing/dags/dag_raw_savings_goals.py took 1.041 seconds
[2024-07-16T05:48:34.941+0530] {processor.py:161} INFO - Started process (PID=49686) to work on //home/kali/Desktop/projects/git/bank_data_processing/dags/dag_raw_savings_goals.py
[2024-07-16T05:48:34.942+0530] {processor.py:830} INFO - Processing file //home/kali/Desktop/projects/git/bank_data_processing/dags/dag_raw_savings_goals.py for tasks to queue
[2024-07-16T05:48:34.942+0530] {logging_mixin.py:188} INFO - [2024-07-16T05:48:34.942+0530] {dagbag.py:545} INFO - Filling up the DagBag from //home/kali/Desktop/projects/git/bank_data_processing/dags/dag_raw_savings_goals.py
[2024-07-16T05:48:35.612+0530] {logging_mixin.py:188} INFO - [2024-07-16T05:48:35.611+0530] {base.py:84} INFO - Using connection ID 'mysql_default' for task execution.
[2024-07-16T05:48:35.619+0530] {processor.py:840} INFO - DAG(s) 'raw_load_savings_goals' retrieved from //home/kali/Desktop/projects/git/bank_data_processing/dags/dag_raw_savings_goals.py
[2024-07-16T05:48:35.723+0530] {logging_mixin.py:188} INFO - [2024-07-16T05:48:35.722+0530] {dag.py:3096} INFO - Sync 1 DAGs
[2024-07-16T05:48:35.732+0530] {logging_mixin.py:188} INFO - [2024-07-16T05:48:35.732+0530] {dag.py:3954} INFO - Setting next_dagrun for raw_load_savings_goals to None, run_after=None
[2024-07-16T05:48:35.758+0530] {processor.py:183} INFO - Processing //home/kali/Desktop/projects/git/bank_data_processing/dags/dag_raw_savings_goals.py took 0.826 seconds
[2024-07-16T05:48:40.643+0530] {processor.py:161} INFO - Started process (PID=50014) to work on //home/kali/Desktop/projects/git/bank_data_processing/dags/dag_raw_savings_goals.py
[2024-07-16T05:48:40.645+0530] {processor.py:830} INFO - Processing file //home/kali/Desktop/projects/git/bank_data_processing/dags/dag_raw_savings_goals.py for tasks to queue
[2024-07-16T05:48:40.646+0530] {logging_mixin.py:188} INFO - [2024-07-16T05:48:40.646+0530] {dagbag.py:545} INFO - Filling up the DagBag from //home/kali/Desktop/projects/git/bank_data_processing/dags/dag_raw_savings_goals.py
[2024-07-16T05:48:41.137+0530] {logging_mixin.py:188} INFO - [2024-07-16T05:48:41.136+0530] {base.py:84} INFO - Using connection ID 'mysql_default' for task execution.
[2024-07-16T05:48:41.142+0530] {processor.py:840} INFO - DAG(s) 'raw_load_savings_goals' retrieved from //home/kali/Desktop/projects/git/bank_data_processing/dags/dag_raw_savings_goals.py
[2024-07-16T05:48:41.145+0530] {logging_mixin.py:188} INFO - [2024-07-16T05:48:41.144+0530] {dag.py:3096} INFO - Sync 1 DAGs
[2024-07-16T05:48:41.160+0530] {logging_mixin.py:188} INFO - [2024-07-16T05:48:41.160+0530] {dag.py:3954} INFO - Setting next_dagrun for raw_load_savings_goals to None, run_after=None
[2024-07-16T05:48:41.188+0530] {processor.py:183} INFO - Processing //home/kali/Desktop/projects/git/bank_data_processing/dags/dag_raw_savings_goals.py took 0.554 seconds
[2024-07-16T05:49:12.648+0530] {processor.py:161} INFO - Started process (PID=50764) to work on //home/kali/Desktop/projects/git/bank_data_processing/dags/dag_raw_savings_goals.py
[2024-07-16T05:49:12.649+0530] {processor.py:830} INFO - Processing file //home/kali/Desktop/projects/git/bank_data_processing/dags/dag_raw_savings_goals.py for tasks to queue
[2024-07-16T05:49:12.650+0530] {logging_mixin.py:188} INFO - [2024-07-16T05:49:12.650+0530] {dagbag.py:545} INFO - Filling up the DagBag from //home/kali/Desktop/projects/git/bank_data_processing/dags/dag_raw_savings_goals.py
[2024-07-16T05:49:13.240+0530] {logging_mixin.py:188} INFO - [2024-07-16T05:49:13.239+0530] {base.py:84} INFO - Using connection ID 'mysql_default' for task execution.
[2024-07-16T05:49:13.249+0530] {processor.py:840} INFO - DAG(s) 'raw_load_savings_goals' retrieved from //home/kali/Desktop/projects/git/bank_data_processing/dags/dag_raw_savings_goals.py
[2024-07-16T05:49:13.253+0530] {logging_mixin.py:188} INFO - [2024-07-16T05:49:13.252+0530] {dag.py:3096} INFO - Sync 1 DAGs
[2024-07-16T05:49:13.268+0530] {logging_mixin.py:188} INFO - [2024-07-16T05:49:13.268+0530] {dag.py:3954} INFO - Setting next_dagrun for raw_load_savings_goals to None, run_after=None
[2024-07-16T05:49:13.290+0530] {processor.py:183} INFO - Processing //home/kali/Desktop/projects/git/bank_data_processing/dags/dag_raw_savings_goals.py took 0.649 seconds
[2024-07-16T05:49:44.926+0530] {processor.py:161} INFO - Started process (PID=51603) to work on //home/kali/Desktop/projects/git/bank_data_processing/dags/dag_raw_savings_goals.py
[2024-07-16T05:49:44.928+0530] {processor.py:830} INFO - Processing file //home/kali/Desktop/projects/git/bank_data_processing/dags/dag_raw_savings_goals.py for tasks to queue
[2024-07-16T05:49:44.929+0530] {logging_mixin.py:188} INFO - [2024-07-16T05:49:44.929+0530] {dagbag.py:545} INFO - Filling up the DagBag from //home/kali/Desktop/projects/git/bank_data_processing/dags/dag_raw_savings_goals.py
[2024-07-16T05:49:45.574+0530] {logging_mixin.py:188} INFO - [2024-07-16T05:49:45.573+0530] {base.py:84} INFO - Using connection ID 'mysql_default' for task execution.
[2024-07-16T05:49:45.577+0530] {processor.py:840} INFO - DAG(s) 'raw_load_savings_goals' retrieved from //home/kali/Desktop/projects/git/bank_data_processing/dags/dag_raw_savings_goals.py
[2024-07-16T05:49:45.706+0530] {logging_mixin.py:188} INFO - [2024-07-16T05:49:45.706+0530] {dag.py:3096} INFO - Sync 1 DAGs
[2024-07-16T05:49:45.715+0530] {logging_mixin.py:188} INFO - [2024-07-16T05:49:45.715+0530] {dag.py:3954} INFO - Setting next_dagrun for raw_load_savings_goals to None, run_after=None
[2024-07-16T05:49:45.747+0530] {processor.py:183} INFO - Processing //home/kali/Desktop/projects/git/bank_data_processing/dags/dag_raw_savings_goals.py took 0.834 seconds
[2024-07-16T05:50:17.519+0530] {processor.py:161} INFO - Started process (PID=52588) to work on //home/kali/Desktop/projects/git/bank_data_processing/dags/dag_raw_savings_goals.py
[2024-07-16T05:50:17.522+0530] {processor.py:830} INFO - Processing file //home/kali/Desktop/projects/git/bank_data_processing/dags/dag_raw_savings_goals.py for tasks to queue
[2024-07-16T05:50:17.523+0530] {logging_mixin.py:188} INFO - [2024-07-16T05:50:17.522+0530] {dagbag.py:545} INFO - Filling up the DagBag from //home/kali/Desktop/projects/git/bank_data_processing/dags/dag_raw_savings_goals.py
[2024-07-16T05:50:18.284+0530] {logging_mixin.py:188} INFO - [2024-07-16T05:50:18.284+0530] {base.py:84} INFO - Using connection ID 'mysql_default' for task execution.
[2024-07-16T05:50:18.290+0530] {processor.py:840} INFO - DAG(s) 'raw_load_savings_goals' retrieved from //home/kali/Desktop/projects/git/bank_data_processing/dags/dag_raw_savings_goals.py
[2024-07-16T05:50:18.453+0530] {logging_mixin.py:188} INFO - [2024-07-16T05:50:18.452+0530] {dag.py:3096} INFO - Sync 1 DAGs
[2024-07-16T05:50:18.470+0530] {logging_mixin.py:188} INFO - [2024-07-16T05:50:18.469+0530] {dag.py:3954} INFO - Setting next_dagrun for raw_load_savings_goals to None, run_after=None
[2024-07-16T05:50:18.498+0530] {processor.py:183} INFO - Processing //home/kali/Desktop/projects/git/bank_data_processing/dags/dag_raw_savings_goals.py took 0.988 seconds
[2024-07-16T05:50:48.680+0530] {processor.py:161} INFO - Started process (PID=53491) to work on //home/kali/Desktop/projects/git/bank_data_processing/dags/dag_raw_savings_goals.py
[2024-07-16T05:50:48.682+0530] {processor.py:830} INFO - Processing file //home/kali/Desktop/projects/git/bank_data_processing/dags/dag_raw_savings_goals.py for tasks to queue
[2024-07-16T05:50:48.683+0530] {logging_mixin.py:188} INFO - [2024-07-16T05:50:48.682+0530] {dagbag.py:545} INFO - Filling up the DagBag from //home/kali/Desktop/projects/git/bank_data_processing/dags/dag_raw_savings_goals.py
[2024-07-16T05:50:49.227+0530] {logging_mixin.py:188} INFO - [2024-07-16T05:50:49.226+0530] {base.py:84} INFO - Using connection ID 'mysql_default' for task execution.
[2024-07-16T05:50:49.230+0530] {processor.py:840} INFO - DAG(s) 'raw_load_savings_goals' retrieved from //home/kali/Desktop/projects/git/bank_data_processing/dags/dag_raw_savings_goals.py
[2024-07-16T05:50:49.311+0530] {logging_mixin.py:188} INFO - [2024-07-16T05:50:49.311+0530] {dag.py:3096} INFO - Sync 1 DAGs
[2024-07-16T05:50:49.319+0530] {logging_mixin.py:188} INFO - [2024-07-16T05:50:49.319+0530] {dag.py:3954} INFO - Setting next_dagrun for raw_load_savings_goals to None, run_after=None
[2024-07-16T05:50:49.340+0530] {processor.py:183} INFO - Processing //home/kali/Desktop/projects/git/bank_data_processing/dags/dag_raw_savings_goals.py took 0.669 seconds
[2024-07-16T05:51:19.421+0530] {processor.py:161} INFO - Started process (PID=54236) to work on //home/kali/Desktop/projects/git/bank_data_processing/dags/dag_raw_savings_goals.py
[2024-07-16T05:51:19.422+0530] {processor.py:830} INFO - Processing file //home/kali/Desktop/projects/git/bank_data_processing/dags/dag_raw_savings_goals.py for tasks to queue
[2024-07-16T05:51:19.423+0530] {logging_mixin.py:188} INFO - [2024-07-16T05:51:19.423+0530] {dagbag.py:545} INFO - Filling up the DagBag from //home/kali/Desktop/projects/git/bank_data_processing/dags/dag_raw_savings_goals.py
[2024-07-16T05:51:20.018+0530] {logging_mixin.py:188} INFO - [2024-07-16T05:51:20.018+0530] {base.py:84} INFO - Using connection ID 'mysql_default' for task execution.
[2024-07-16T05:51:20.022+0530] {processor.py:840} INFO - DAG(s) 'raw_load_savings_goals' retrieved from //home/kali/Desktop/projects/git/bank_data_processing/dags/dag_raw_savings_goals.py
[2024-07-16T05:51:20.168+0530] {logging_mixin.py:188} INFO - [2024-07-16T05:51:20.168+0530] {dag.py:3096} INFO - Sync 1 DAGs
[2024-07-16T05:51:20.183+0530] {logging_mixin.py:188} INFO - [2024-07-16T05:51:20.182+0530] {dag.py:3954} INFO - Setting next_dagrun for raw_load_savings_goals to None, run_after=None
[2024-07-16T05:51:20.219+0530] {processor.py:183} INFO - Processing //home/kali/Desktop/projects/git/bank_data_processing/dags/dag_raw_savings_goals.py took 0.805 seconds
[2024-07-16T05:51:50.610+0530] {processor.py:161} INFO - Started process (PID=54908) to work on //home/kali/Desktop/projects/git/bank_data_processing/dags/dag_raw_savings_goals.py
[2024-07-16T05:51:50.611+0530] {processor.py:830} INFO - Processing file //home/kali/Desktop/projects/git/bank_data_processing/dags/dag_raw_savings_goals.py for tasks to queue
[2024-07-16T05:51:50.612+0530] {logging_mixin.py:188} INFO - [2024-07-16T05:51:50.611+0530] {dagbag.py:545} INFO - Filling up the DagBag from //home/kali/Desktop/projects/git/bank_data_processing/dags/dag_raw_savings_goals.py
[2024-07-16T05:51:51.081+0530] {logging_mixin.py:188} INFO - [2024-07-16T05:51:51.080+0530] {base.py:84} INFO - Using connection ID 'mysql_default' for task execution.
[2024-07-16T05:51:51.084+0530] {processor.py:840} INFO - DAG(s) 'raw_load_savings_goals' retrieved from //home/kali/Desktop/projects/git/bank_data_processing/dags/dag_raw_savings_goals.py
[2024-07-16T05:51:51.168+0530] {logging_mixin.py:188} INFO - [2024-07-16T05:51:51.168+0530] {dag.py:3096} INFO - Sync 1 DAGs
[2024-07-16T05:51:51.175+0530] {logging_mixin.py:188} INFO - [2024-07-16T05:51:51.175+0530] {dag.py:3954} INFO - Setting next_dagrun for raw_load_savings_goals to None, run_after=None
[2024-07-16T05:51:51.198+0530] {processor.py:183} INFO - Processing //home/kali/Desktop/projects/git/bank_data_processing/dags/dag_raw_savings_goals.py took 0.594 seconds
[2024-07-16T05:52:21.716+0530] {processor.py:161} INFO - Started process (PID=55568) to work on //home/kali/Desktop/projects/git/bank_data_processing/dags/dag_raw_savings_goals.py
[2024-07-16T05:52:21.717+0530] {processor.py:830} INFO - Processing file //home/kali/Desktop/projects/git/bank_data_processing/dags/dag_raw_savings_goals.py for tasks to queue
[2024-07-16T05:52:21.717+0530] {logging_mixin.py:188} INFO - [2024-07-16T05:52:21.717+0530] {dagbag.py:545} INFO - Filling up the DagBag from //home/kali/Desktop/projects/git/bank_data_processing/dags/dag_raw_savings_goals.py
[2024-07-16T05:52:22.405+0530] {logging_mixin.py:188} INFO - [2024-07-16T05:52:22.404+0530] {base.py:84} INFO - Using connection ID 'mysql_default' for task execution.
[2024-07-16T05:52:22.409+0530] {processor.py:840} INFO - DAG(s) 'raw_load_savings_goals' retrieved from //home/kali/Desktop/projects/git/bank_data_processing/dags/dag_raw_savings_goals.py
[2024-07-16T05:52:22.537+0530] {logging_mixin.py:188} INFO - [2024-07-16T05:52:22.537+0530] {dag.py:3096} INFO - Sync 1 DAGs
[2024-07-16T05:52:22.549+0530] {logging_mixin.py:188} INFO - [2024-07-16T05:52:22.548+0530] {dag.py:3954} INFO - Setting next_dagrun for raw_load_savings_goals to None, run_after=None
[2024-07-16T05:52:22.576+0530] {processor.py:183} INFO - Processing //home/kali/Desktop/projects/git/bank_data_processing/dags/dag_raw_savings_goals.py took 0.866 seconds
[2024-07-16T05:52:53.099+0530] {processor.py:161} INFO - Started process (PID=56383) to work on //home/kali/Desktop/projects/git/bank_data_processing/dags/dag_raw_savings_goals.py
[2024-07-16T05:52:53.099+0530] {processor.py:830} INFO - Processing file //home/kali/Desktop/projects/git/bank_data_processing/dags/dag_raw_savings_goals.py for tasks to queue
[2024-07-16T05:52:53.100+0530] {logging_mixin.py:188} INFO - [2024-07-16T05:52:53.100+0530] {dagbag.py:545} INFO - Filling up the DagBag from //home/kali/Desktop/projects/git/bank_data_processing/dags/dag_raw_savings_goals.py
[2024-07-16T05:52:53.587+0530] {logging_mixin.py:188} INFO - [2024-07-16T05:52:53.586+0530] {base.py:84} INFO - Using connection ID 'mysql_default' for task execution.
[2024-07-16T05:52:53.590+0530] {processor.py:840} INFO - DAG(s) 'raw_load_savings_goals' retrieved from //home/kali/Desktop/projects/git/bank_data_processing/dags/dag_raw_savings_goals.py
[2024-07-16T05:52:53.671+0530] {logging_mixin.py:188} INFO - [2024-07-16T05:52:53.671+0530] {dag.py:3096} INFO - Sync 1 DAGs
[2024-07-16T05:52:53.678+0530] {logging_mixin.py:188} INFO - [2024-07-16T05:52:53.678+0530] {dag.py:3954} INFO - Setting next_dagrun for raw_load_savings_goals to None, run_after=None
[2024-07-16T05:52:53.699+0530] {processor.py:183} INFO - Processing //home/kali/Desktop/projects/git/bank_data_processing/dags/dag_raw_savings_goals.py took 0.607 seconds
[2024-07-16T05:53:24.026+0530] {processor.py:161} INFO - Started process (PID=57135) to work on //home/kali/Desktop/projects/git/bank_data_processing/dags/dag_raw_savings_goals.py
[2024-07-16T05:53:24.027+0530] {processor.py:830} INFO - Processing file //home/kali/Desktop/projects/git/bank_data_processing/dags/dag_raw_savings_goals.py for tasks to queue
[2024-07-16T05:53:24.028+0530] {logging_mixin.py:188} INFO - [2024-07-16T05:53:24.028+0530] {dagbag.py:545} INFO - Filling up the DagBag from //home/kali/Desktop/projects/git/bank_data_processing/dags/dag_raw_savings_goals.py
[2024-07-16T05:53:24.498+0530] {logging_mixin.py:188} INFO - [2024-07-16T05:53:24.497+0530] {base.py:84} INFO - Using connection ID 'mysql_default' for task execution.
[2024-07-16T05:53:24.501+0530] {processor.py:840} INFO - DAG(s) 'raw_load_savings_goals' retrieved from //home/kali/Desktop/projects/git/bank_data_processing/dags/dag_raw_savings_goals.py
[2024-07-16T05:53:24.582+0530] {logging_mixin.py:188} INFO - [2024-07-16T05:53:24.581+0530] {dag.py:3096} INFO - Sync 1 DAGs
[2024-07-16T05:53:24.588+0530] {logging_mixin.py:188} INFO - [2024-07-16T05:53:24.588+0530] {dag.py:3954} INFO - Setting next_dagrun for raw_load_savings_goals to None, run_after=None
[2024-07-16T05:53:24.610+0530] {processor.py:183} INFO - Processing //home/kali/Desktop/projects/git/bank_data_processing/dags/dag_raw_savings_goals.py took 0.590 seconds
[2024-07-16T05:53:55.185+0530] {processor.py:161} INFO - Started process (PID=57777) to work on //home/kali/Desktop/projects/git/bank_data_processing/dags/dag_raw_savings_goals.py
[2024-07-16T05:53:55.186+0530] {processor.py:830} INFO - Processing file //home/kali/Desktop/projects/git/bank_data_processing/dags/dag_raw_savings_goals.py for tasks to queue
[2024-07-16T05:53:55.187+0530] {logging_mixin.py:188} INFO - [2024-07-16T05:53:55.187+0530] {dagbag.py:545} INFO - Filling up the DagBag from //home/kali/Desktop/projects/git/bank_data_processing/dags/dag_raw_savings_goals.py
[2024-07-16T05:53:55.880+0530] {logging_mixin.py:188} INFO - [2024-07-16T05:53:55.880+0530] {base.py:84} INFO - Using connection ID 'mysql_default' for task execution.
[2024-07-16T05:53:55.884+0530] {processor.py:840} INFO - DAG(s) 'raw_load_savings_goals' retrieved from //home/kali/Desktop/projects/git/bank_data_processing/dags/dag_raw_savings_goals.py
[2024-07-16T05:53:56.012+0530] {logging_mixin.py:188} INFO - [2024-07-16T05:53:56.011+0530] {dag.py:3096} INFO - Sync 1 DAGs
[2024-07-16T05:53:56.028+0530] {logging_mixin.py:188} INFO - [2024-07-16T05:53:56.028+0530] {dag.py:3954} INFO - Setting next_dagrun for raw_load_savings_goals to None, run_after=None
[2024-07-16T05:53:56.061+0530] {processor.py:183} INFO - Processing //home/kali/Desktop/projects/git/bank_data_processing/dags/dag_raw_savings_goals.py took 0.885 seconds
[2024-07-16T05:54:27.070+0530] {processor.py:161} INFO - Started process (PID=58294) to work on //home/kali/Desktop/projects/git/bank_data_processing/dags/dag_raw_savings_goals.py
[2024-07-16T05:54:27.076+0530] {processor.py:830} INFO - Processing file //home/kali/Desktop/projects/git/bank_data_processing/dags/dag_raw_savings_goals.py for tasks to queue
[2024-07-16T05:54:27.077+0530] {logging_mixin.py:188} INFO - [2024-07-16T05:54:27.077+0530] {dagbag.py:545} INFO - Filling up the DagBag from //home/kali/Desktop/projects/git/bank_data_processing/dags/dag_raw_savings_goals.py
[2024-07-16T05:54:27.562+0530] {logging_mixin.py:188} INFO - [2024-07-16T05:54:27.561+0530] {base.py:84} INFO - Using connection ID 'mysql_default' for task execution.
[2024-07-16T05:54:27.565+0530] {processor.py:840} INFO - DAG(s) 'raw_load_savings_goals' retrieved from //home/kali/Desktop/projects/git/bank_data_processing/dags/dag_raw_savings_goals.py
[2024-07-16T05:54:27.646+0530] {logging_mixin.py:188} INFO - [2024-07-16T05:54:27.646+0530] {dag.py:3096} INFO - Sync 1 DAGs
[2024-07-16T05:54:27.653+0530] {logging_mixin.py:188} INFO - [2024-07-16T05:54:27.653+0530] {dag.py:3954} INFO - Setting next_dagrun for raw_load_savings_goals to None, run_after=None
[2024-07-16T05:54:27.670+0530] {processor.py:183} INFO - Processing //home/kali/Desktop/projects/git/bank_data_processing/dags/dag_raw_savings_goals.py took 0.608 seconds
[2024-07-16T05:54:58.534+0530] {processor.py:161} INFO - Started process (PID=59256) to work on //home/kali/Desktop/projects/git/bank_data_processing/dags/dag_raw_savings_goals.py
[2024-07-16T05:54:58.535+0530] {processor.py:830} INFO - Processing file //home/kali/Desktop/projects/git/bank_data_processing/dags/dag_raw_savings_goals.py for tasks to queue
[2024-07-16T05:54:58.535+0530] {logging_mixin.py:188} INFO - [2024-07-16T05:54:58.535+0530] {dagbag.py:545} INFO - Filling up the DagBag from //home/kali/Desktop/projects/git/bank_data_processing/dags/dag_raw_savings_goals.py
[2024-07-16T05:54:59.231+0530] {logging_mixin.py:188} INFO - [2024-07-16T05:54:59.230+0530] {base.py:84} INFO - Using connection ID 'mysql_default' for task execution.
[2024-07-16T05:54:59.235+0530] {processor.py:840} INFO - DAG(s) 'raw_load_savings_goals' retrieved from //home/kali/Desktop/projects/git/bank_data_processing/dags/dag_raw_savings_goals.py
[2024-07-16T05:54:59.328+0530] {logging_mixin.py:188} INFO - [2024-07-16T05:54:59.328+0530] {dag.py:3096} INFO - Sync 1 DAGs
[2024-07-16T05:54:59.336+0530] {logging_mixin.py:188} INFO - [2024-07-16T05:54:59.335+0530] {dag.py:3954} INFO - Setting next_dagrun for raw_load_savings_goals to None, run_after=None
[2024-07-16T05:54:59.360+0530] {processor.py:183} INFO - Processing //home/kali/Desktop/projects/git/bank_data_processing/dags/dag_raw_savings_goals.py took 0.834 seconds
[2024-07-16T05:55:29.477+0530] {processor.py:161} INFO - Started process (PID=59959) to work on //home/kali/Desktop/projects/git/bank_data_processing/dags/dag_raw_savings_goals.py
[2024-07-16T05:55:29.483+0530] {processor.py:830} INFO - Processing file //home/kali/Desktop/projects/git/bank_data_processing/dags/dag_raw_savings_goals.py for tasks to queue
[2024-07-16T05:55:29.485+0530] {logging_mixin.py:188} INFO - [2024-07-16T05:55:29.484+0530] {dagbag.py:545} INFO - Filling up the DagBag from //home/kali/Desktop/projects/git/bank_data_processing/dags/dag_raw_savings_goals.py
[2024-07-16T05:55:30.447+0530] {logging_mixin.py:188} INFO - [2024-07-16T05:55:30.446+0530] {base.py:84} INFO - Using connection ID 'mysql_default' for task execution.
[2024-07-16T05:55:30.454+0530] {processor.py:840} INFO - DAG(s) 'raw_load_savings_goals' retrieved from //home/kali/Desktop/projects/git/bank_data_processing/dags/dag_raw_savings_goals.py
[2024-07-16T05:55:30.643+0530] {logging_mixin.py:188} INFO - [2024-07-16T05:55:30.642+0530] {dag.py:3096} INFO - Sync 1 DAGs
[2024-07-16T05:55:30.657+0530] {logging_mixin.py:188} INFO - [2024-07-16T05:55:30.656+0530] {dag.py:3954} INFO - Setting next_dagrun for raw_load_savings_goals to None, run_after=None
[2024-07-16T05:55:30.685+0530] {processor.py:183} INFO - Processing //home/kali/Desktop/projects/git/bank_data_processing/dags/dag_raw_savings_goals.py took 1.218 seconds
[2024-07-16T05:56:01.295+0530] {processor.py:161} INFO - Started process (PID=60790) to work on //home/kali/Desktop/projects/git/bank_data_processing/dags/dag_raw_savings_goals.py
[2024-07-16T05:56:01.301+0530] {processor.py:830} INFO - Processing file //home/kali/Desktop/projects/git/bank_data_processing/dags/dag_raw_savings_goals.py for tasks to queue
[2024-07-16T05:56:01.302+0530] {logging_mixin.py:188} INFO - [2024-07-16T05:56:01.302+0530] {dagbag.py:545} INFO - Filling up the DagBag from //home/kali/Desktop/projects/git/bank_data_processing/dags/dag_raw_savings_goals.py
[2024-07-16T05:56:01.880+0530] {logging_mixin.py:188} INFO - [2024-07-16T05:56:01.880+0530] {base.py:84} INFO - Using connection ID 'mysql_default' for task execution.
[2024-07-16T05:56:01.883+0530] {processor.py:840} INFO - DAG(s) 'raw_load_savings_goals' retrieved from //home/kali/Desktop/projects/git/bank_data_processing/dags/dag_raw_savings_goals.py
[2024-07-16T05:56:01.987+0530] {logging_mixin.py:188} INFO - [2024-07-16T05:56:01.986+0530] {dag.py:3096} INFO - Sync 1 DAGs
[2024-07-16T05:56:01.996+0530] {logging_mixin.py:188} INFO - [2024-07-16T05:56:01.996+0530] {dag.py:3954} INFO - Setting next_dagrun for raw_load_savings_goals to None, run_after=None
[2024-07-16T05:56:02.017+0530] {processor.py:183} INFO - Processing //home/kali/Desktop/projects/git/bank_data_processing/dags/dag_raw_savings_goals.py took 0.734 seconds
[2024-07-16T05:56:32.628+0530] {processor.py:161} INFO - Started process (PID=61522) to work on //home/kali/Desktop/projects/git/bank_data_processing/dags/dag_raw_savings_goals.py
[2024-07-16T05:56:32.629+0530] {processor.py:830} INFO - Processing file //home/kali/Desktop/projects/git/bank_data_processing/dags/dag_raw_savings_goals.py for tasks to queue
[2024-07-16T05:56:32.629+0530] {logging_mixin.py:188} INFO - [2024-07-16T05:56:32.629+0530] {dagbag.py:545} INFO - Filling up the DagBag from //home/kali/Desktop/projects/git/bank_data_processing/dags/dag_raw_savings_goals.py
[2024-07-16T05:56:33.194+0530] {logging_mixin.py:188} INFO - [2024-07-16T05:56:33.194+0530] {base.py:84} INFO - Using connection ID 'mysql_default' for task execution.
[2024-07-16T05:56:33.197+0530] {processor.py:840} INFO - DAG(s) 'raw_load_savings_goals' retrieved from //home/kali/Desktop/projects/git/bank_data_processing/dags/dag_raw_savings_goals.py
[2024-07-16T05:56:33.292+0530] {logging_mixin.py:188} INFO - [2024-07-16T05:56:33.292+0530] {dag.py:3096} INFO - Sync 1 DAGs
[2024-07-16T05:56:33.301+0530] {logging_mixin.py:188} INFO - [2024-07-16T05:56:33.301+0530] {dag.py:3954} INFO - Setting next_dagrun for raw_load_savings_goals to None, run_after=None
[2024-07-16T05:56:33.325+0530] {processor.py:183} INFO - Processing //home/kali/Desktop/projects/git/bank_data_processing/dags/dag_raw_savings_goals.py took 0.703 seconds
[2024-07-16T05:57:03.482+0530] {processor.py:161} INFO - Started process (PID=62376) to work on //home/kali/Desktop/projects/git/bank_data_processing/dags/dag_raw_savings_goals.py
[2024-07-16T05:57:03.489+0530] {processor.py:830} INFO - Processing file //home/kali/Desktop/projects/git/bank_data_processing/dags/dag_raw_savings_goals.py for tasks to queue
[2024-07-16T05:57:03.489+0530] {logging_mixin.py:188} INFO - [2024-07-16T05:57:03.489+0530] {dagbag.py:545} INFO - Filling up the DagBag from //home/kali/Desktop/projects/git/bank_data_processing/dags/dag_raw_savings_goals.py
[2024-07-16T05:57:04.036+0530] {logging_mixin.py:188} INFO - [2024-07-16T05:57:04.036+0530] {base.py:84} INFO - Using connection ID 'mysql_default' for task execution.
[2024-07-16T05:57:04.040+0530] {processor.py:840} INFO - DAG(s) 'raw_load_savings_goals' retrieved from //home/kali/Desktop/projects/git/bank_data_processing/dags/dag_raw_savings_goals.py
[2024-07-16T05:57:04.159+0530] {logging_mixin.py:188} INFO - [2024-07-16T05:57:04.158+0530] {dag.py:3096} INFO - Sync 1 DAGs
[2024-07-16T05:57:04.170+0530] {logging_mixin.py:188} INFO - [2024-07-16T05:57:04.170+0530] {dag.py:3954} INFO - Setting next_dagrun for raw_load_savings_goals to None, run_after=None
[2024-07-16T05:57:04.195+0530] {processor.py:183} INFO - Processing //home/kali/Desktop/projects/git/bank_data_processing/dags/dag_raw_savings_goals.py took 0.728 seconds
