[2024-07-16T05:30:20.316+0530] {processor.py:161} INFO - Started process (PID=24615) to work on //home/kali/Desktop/projects/git/bank_data_processing/dags/dag_raw_transactions.py
[2024-07-16T05:30:20.317+0530] {processor.py:830} INFO - Processing file //home/kali/Desktop/projects/git/bank_data_processing/dags/dag_raw_transactions.py for tasks to queue
[2024-07-16T05:30:20.320+0530] {logging_mixin.py:188} INFO - [2024-07-16T05:30:20.319+0530] {dagbag.py:545} INFO - Filling up the DagBag from //home/kali/Desktop/projects/git/bank_data_processing/dags/dag_raw_transactions.py
[2024-07-16T05:30:21.167+0530] {logging_mixin.py:188} INFO - [2024-07-16T05:30:21.166+0530] {base.py:84} INFO - Using connection ID 'mysql_default' for task execution.
[2024-07-16T05:30:21.185+0530] {processor.py:840} INFO - DAG(s) 'raw_load_transactions' retrieved from //home/kali/Desktop/projects/git/bank_data_processing/dags/dag_raw_transactions.py
[2024-07-16T05:30:21.405+0530] {logging_mixin.py:188} INFO - [2024-07-16T05:30:21.404+0530] {dag.py:3096} INFO - Sync 1 DAGs
[2024-07-16T05:30:21.418+0530] {logging_mixin.py:188} INFO - [2024-07-16T05:30:21.418+0530] {dag.py:3954} INFO - Setting next_dagrun for raw_load_transactions to None, run_after=None
[2024-07-16T05:30:21.445+0530] {processor.py:183} INFO - Processing //home/kali/Desktop/projects/git/bank_data_processing/dags/dag_raw_transactions.py took 1.141 seconds
[2024-07-16T05:30:51.752+0530] {processor.py:161} INFO - Started process (PID=25124) to work on //home/kali/Desktop/projects/git/bank_data_processing/dags/dag_raw_transactions.py
[2024-07-16T05:30:51.758+0530] {processor.py:830} INFO - Processing file //home/kali/Desktop/projects/git/bank_data_processing/dags/dag_raw_transactions.py for tasks to queue
[2024-07-16T05:30:51.760+0530] {logging_mixin.py:188} INFO - [2024-07-16T05:30:51.760+0530] {dagbag.py:545} INFO - Filling up the DagBag from //home/kali/Desktop/projects/git/bank_data_processing/dags/dag_raw_transactions.py
[2024-07-16T05:30:52.430+0530] {logging_mixin.py:188} INFO - [2024-07-16T05:30:52.430+0530] {base.py:84} INFO - Using connection ID 'mysql_default' for task execution.
[2024-07-16T05:30:52.440+0530] {processor.py:840} INFO - DAG(s) 'raw_load_transactions' retrieved from //home/kali/Desktop/projects/git/bank_data_processing/dags/dag_raw_transactions.py
[2024-07-16T05:30:52.564+0530] {logging_mixin.py:188} INFO - [2024-07-16T05:30:52.563+0530] {dag.py:3096} INFO - Sync 1 DAGs
[2024-07-16T05:30:52.576+0530] {logging_mixin.py:188} INFO - [2024-07-16T05:30:52.576+0530] {dag.py:3954} INFO - Setting next_dagrun for raw_load_transactions to None, run_after=None
[2024-07-16T05:30:52.602+0530] {processor.py:183} INFO - Processing //home/kali/Desktop/projects/git/bank_data_processing/dags/dag_raw_transactions.py took 0.856 seconds
[2024-07-16T05:31:23.102+0530] {processor.py:161} INFO - Started process (PID=25880) to work on //home/kali/Desktop/projects/git/bank_data_processing/dags/dag_raw_transactions.py
[2024-07-16T05:31:23.103+0530] {processor.py:830} INFO - Processing file //home/kali/Desktop/projects/git/bank_data_processing/dags/dag_raw_transactions.py for tasks to queue
[2024-07-16T05:31:23.105+0530] {logging_mixin.py:188} INFO - [2024-07-16T05:31:23.105+0530] {dagbag.py:545} INFO - Filling up the DagBag from //home/kali/Desktop/projects/git/bank_data_processing/dags/dag_raw_transactions.py
[2024-07-16T05:31:23.691+0530] {logging_mixin.py:188} INFO - [2024-07-16T05:31:23.691+0530] {base.py:84} INFO - Using connection ID 'mysql_default' for task execution.
[2024-07-16T05:31:23.697+0530] {processor.py:840} INFO - DAG(s) 'raw_load_transactions' retrieved from //home/kali/Desktop/projects/git/bank_data_processing/dags/dag_raw_transactions.py
[2024-07-16T05:31:23.795+0530] {logging_mixin.py:188} INFO - [2024-07-16T05:31:23.795+0530] {dag.py:3096} INFO - Sync 1 DAGs
[2024-07-16T05:31:23.804+0530] {logging_mixin.py:188} INFO - [2024-07-16T05:31:23.804+0530] {dag.py:3954} INFO - Setting next_dagrun for raw_load_transactions to None, run_after=None
[2024-07-16T05:31:23.823+0530] {processor.py:183} INFO - Processing //home/kali/Desktop/projects/git/bank_data_processing/dags/dag_raw_transactions.py took 0.729 seconds
[2024-07-16T05:31:54.204+0530] {processor.py:161} INFO - Started process (PID=26586) to work on //home/kali/Desktop/projects/git/bank_data_processing/dags/dag_raw_transactions.py
[2024-07-16T05:31:54.205+0530] {processor.py:830} INFO - Processing file //home/kali/Desktop/projects/git/bank_data_processing/dags/dag_raw_transactions.py for tasks to queue
[2024-07-16T05:31:54.207+0530] {logging_mixin.py:188} INFO - [2024-07-16T05:31:54.206+0530] {dagbag.py:545} INFO - Filling up the DagBag from //home/kali/Desktop/projects/git/bank_data_processing/dags/dag_raw_transactions.py
[2024-07-16T05:31:54.770+0530] {logging_mixin.py:188} INFO - [2024-07-16T05:31:54.769+0530] {base.py:84} INFO - Using connection ID 'mysql_default' for task execution.
[2024-07-16T05:31:54.779+0530] {processor.py:840} INFO - DAG(s) 'raw_load_transactions' retrieved from //home/kali/Desktop/projects/git/bank_data_processing/dags/dag_raw_transactions.py
[2024-07-16T05:31:54.876+0530] {logging_mixin.py:188} INFO - [2024-07-16T05:31:54.876+0530] {dag.py:3096} INFO - Sync 1 DAGs
[2024-07-16T05:31:54.884+0530] {logging_mixin.py:188} INFO - [2024-07-16T05:31:54.883+0530] {dag.py:3954} INFO - Setting next_dagrun for raw_load_transactions to None, run_after=None
[2024-07-16T05:31:54.902+0530] {processor.py:183} INFO - Processing //home/kali/Desktop/projects/git/bank_data_processing/dags/dag_raw_transactions.py took 0.705 seconds
[2024-07-16T05:32:25.645+0530] {processor.py:161} INFO - Started process (PID=27376) to work on //home/kali/Desktop/projects/git/bank_data_processing/dags/dag_raw_transactions.py
[2024-07-16T05:32:25.650+0530] {processor.py:830} INFO - Processing file //home/kali/Desktop/projects/git/bank_data_processing/dags/dag_raw_transactions.py for tasks to queue
[2024-07-16T05:32:25.652+0530] {logging_mixin.py:188} INFO - [2024-07-16T05:32:25.652+0530] {dagbag.py:545} INFO - Filling up the DagBag from //home/kali/Desktop/projects/git/bank_data_processing/dags/dag_raw_transactions.py
[2024-07-16T05:32:26.267+0530] {logging_mixin.py:188} INFO - [2024-07-16T05:32:26.267+0530] {base.py:84} INFO - Using connection ID 'mysql_default' for task execution.
[2024-07-16T05:32:26.273+0530] {processor.py:840} INFO - DAG(s) 'raw_load_transactions' retrieved from //home/kali/Desktop/projects/git/bank_data_processing/dags/dag_raw_transactions.py
[2024-07-16T05:32:26.377+0530] {logging_mixin.py:188} INFO - [2024-07-16T05:32:26.376+0530] {dag.py:3096} INFO - Sync 1 DAGs
[2024-07-16T05:32:26.387+0530] {logging_mixin.py:188} INFO - [2024-07-16T05:32:26.386+0530] {dag.py:3954} INFO - Setting next_dagrun for raw_load_transactions to None, run_after=None
[2024-07-16T05:32:26.413+0530] {processor.py:183} INFO - Processing //home/kali/Desktop/projects/git/bank_data_processing/dags/dag_raw_transactions.py took 0.775 seconds
[2024-07-16T05:32:57.031+0530] {processor.py:161} INFO - Started process (PID=28076) to work on //home/kali/Desktop/projects/git/bank_data_processing/dags/dag_raw_transactions.py
[2024-07-16T05:32:57.032+0530] {processor.py:830} INFO - Processing file //home/kali/Desktop/projects/git/bank_data_processing/dags/dag_raw_transactions.py for tasks to queue
[2024-07-16T05:32:57.034+0530] {logging_mixin.py:188} INFO - [2024-07-16T05:32:57.034+0530] {dagbag.py:545} INFO - Filling up the DagBag from //home/kali/Desktop/projects/git/bank_data_processing/dags/dag_raw_transactions.py
[2024-07-16T05:32:57.589+0530] {logging_mixin.py:188} INFO - [2024-07-16T05:32:57.588+0530] {base.py:84} INFO - Using connection ID 'mysql_default' for task execution.
[2024-07-16T05:32:57.597+0530] {processor.py:840} INFO - DAG(s) 'raw_load_transactions' retrieved from //home/kali/Desktop/projects/git/bank_data_processing/dags/dag_raw_transactions.py
[2024-07-16T05:32:57.696+0530] {logging_mixin.py:188} INFO - [2024-07-16T05:32:57.696+0530] {dag.py:3096} INFO - Sync 1 DAGs
[2024-07-16T05:32:57.707+0530] {logging_mixin.py:188} INFO - [2024-07-16T05:32:57.706+0530] {dag.py:3954} INFO - Setting next_dagrun for raw_load_transactions to None, run_after=None
[2024-07-16T05:32:57.730+0530] {processor.py:183} INFO - Processing //home/kali/Desktop/projects/git/bank_data_processing/dags/dag_raw_transactions.py took 0.705 seconds
[2024-07-16T05:33:28.988+0530] {processor.py:161} INFO - Started process (PID=28854) to work on //home/kali/Desktop/projects/git/bank_data_processing/dags/dag_raw_transactions.py
[2024-07-16T05:33:28.991+0530] {processor.py:830} INFO - Processing file //home/kali/Desktop/projects/git/bank_data_processing/dags/dag_raw_transactions.py for tasks to queue
[2024-07-16T05:33:28.993+0530] {logging_mixin.py:188} INFO - [2024-07-16T05:33:28.993+0530] {dagbag.py:545} INFO - Filling up the DagBag from //home/kali/Desktop/projects/git/bank_data_processing/dags/dag_raw_transactions.py
[2024-07-16T05:33:29.578+0530] {logging_mixin.py:188} INFO - [2024-07-16T05:33:29.577+0530] {base.py:84} INFO - Using connection ID 'mysql_default' for task execution.
[2024-07-16T05:33:29.591+0530] {processor.py:840} INFO - DAG(s) 'raw_load_transactions' retrieved from //home/kali/Desktop/projects/git/bank_data_processing/dags/dag_raw_transactions.py
[2024-07-16T05:33:29.719+0530] {logging_mixin.py:188} INFO - [2024-07-16T05:33:29.719+0530] {dag.py:3096} INFO - Sync 1 DAGs
[2024-07-16T05:33:29.729+0530] {logging_mixin.py:188} INFO - [2024-07-16T05:33:29.729+0530] {dag.py:3954} INFO - Setting next_dagrun for raw_load_transactions to None, run_after=None
[2024-07-16T05:33:29.765+0530] {processor.py:183} INFO - Processing //home/kali/Desktop/projects/git/bank_data_processing/dags/dag_raw_transactions.py took 0.787 seconds
[2024-07-16T05:34:00.550+0530] {processor.py:161} INFO - Started process (PID=29574) to work on //home/kali/Desktop/projects/git/bank_data_processing/dags/dag_raw_transactions.py
[2024-07-16T05:34:00.551+0530] {processor.py:830} INFO - Processing file //home/kali/Desktop/projects/git/bank_data_processing/dags/dag_raw_transactions.py for tasks to queue
[2024-07-16T05:34:00.554+0530] {logging_mixin.py:188} INFO - [2024-07-16T05:34:00.553+0530] {dagbag.py:545} INFO - Filling up the DagBag from //home/kali/Desktop/projects/git/bank_data_processing/dags/dag_raw_transactions.py
[2024-07-16T05:34:01.100+0530] {logging_mixin.py:188} INFO - [2024-07-16T05:34:01.099+0530] {base.py:84} INFO - Using connection ID 'mysql_default' for task execution.
[2024-07-16T05:34:01.107+0530] {processor.py:840} INFO - DAG(s) 'raw_load_transactions' retrieved from //home/kali/Desktop/projects/git/bank_data_processing/dags/dag_raw_transactions.py
[2024-07-16T05:34:01.196+0530] {logging_mixin.py:188} INFO - [2024-07-16T05:34:01.196+0530] {dag.py:3096} INFO - Sync 1 DAGs
[2024-07-16T05:34:01.203+0530] {logging_mixin.py:188} INFO - [2024-07-16T05:34:01.203+0530] {dag.py:3954} INFO - Setting next_dagrun for raw_load_transactions to None, run_after=None
[2024-07-16T05:34:01.226+0530] {processor.py:183} INFO - Processing //home/kali/Desktop/projects/git/bank_data_processing/dags/dag_raw_transactions.py took 0.689 seconds
[2024-07-16T05:34:33.688+0530] {processor.py:161} INFO - Started process (PID=30432) to work on //home/kali/Desktop/projects/git/bank_data_processing/dags/dag_raw_transactions.py
[2024-07-16T05:34:33.691+0530] {processor.py:830} INFO - Processing file //home/kali/Desktop/projects/git/bank_data_processing/dags/dag_raw_transactions.py for tasks to queue
[2024-07-16T05:34:33.694+0530] {logging_mixin.py:188} INFO - [2024-07-16T05:34:33.693+0530] {dagbag.py:545} INFO - Filling up the DagBag from //home/kali/Desktop/projects/git/bank_data_processing/dags/dag_raw_transactions.py
[2024-07-16T05:34:34.355+0530] {logging_mixin.py:188} INFO - [2024-07-16T05:34:34.355+0530] {base.py:84} INFO - Using connection ID 'mysql_default' for task execution.
[2024-07-16T05:34:34.361+0530] {processor.py:840} INFO - DAG(s) 'raw_load_transactions' retrieved from //home/kali/Desktop/projects/git/bank_data_processing/dags/dag_raw_transactions.py
[2024-07-16T05:34:34.442+0530] {logging_mixin.py:188} INFO - [2024-07-16T05:34:34.442+0530] {dag.py:3096} INFO - Sync 1 DAGs
[2024-07-16T05:34:34.450+0530] {logging_mixin.py:188} INFO - [2024-07-16T05:34:34.450+0530] {dag.py:3954} INFO - Setting next_dagrun for raw_load_transactions to None, run_after=None
[2024-07-16T05:34:34.473+0530] {processor.py:183} INFO - Processing //home/kali/Desktop/projects/git/bank_data_processing/dags/dag_raw_transactions.py took 0.794 seconds
[2024-07-16T05:35:06.098+0530] {processor.py:161} INFO - Started process (PID=31149) to work on //home/kali/Desktop/projects/git/bank_data_processing/dags/dag_raw_transactions.py
[2024-07-16T05:35:06.099+0530] {processor.py:830} INFO - Processing file //home/kali/Desktop/projects/git/bank_data_processing/dags/dag_raw_transactions.py for tasks to queue
[2024-07-16T05:35:06.101+0530] {logging_mixin.py:188} INFO - [2024-07-16T05:35:06.100+0530] {dagbag.py:545} INFO - Filling up the DagBag from //home/kali/Desktop/projects/git/bank_data_processing/dags/dag_raw_transactions.py
[2024-07-16T05:35:06.730+0530] {logging_mixin.py:188} INFO - [2024-07-16T05:35:06.730+0530] {base.py:84} INFO - Using connection ID 'mysql_default' for task execution.
[2024-07-16T05:35:06.736+0530] {processor.py:840} INFO - DAG(s) 'raw_load_transactions' retrieved from //home/kali/Desktop/projects/git/bank_data_processing/dags/dag_raw_transactions.py
[2024-07-16T05:35:06.831+0530] {logging_mixin.py:188} INFO - [2024-07-16T05:35:06.831+0530] {dag.py:3096} INFO - Sync 1 DAGs
[2024-07-16T05:35:06.846+0530] {logging_mixin.py:188} INFO - [2024-07-16T05:35:06.846+0530] {dag.py:3954} INFO - Setting next_dagrun for raw_load_transactions to None, run_after=None
[2024-07-16T05:35:06.879+0530] {processor.py:183} INFO - Processing //home/kali/Desktop/projects/git/bank_data_processing/dags/dag_raw_transactions.py took 0.789 seconds
[2024-07-16T05:35:37.692+0530] {processor.py:161} INFO - Started process (PID=31914) to work on //home/kali/Desktop/projects/git/bank_data_processing/dags/dag_raw_transactions.py
[2024-07-16T05:35:37.693+0530] {processor.py:830} INFO - Processing file //home/kali/Desktop/projects/git/bank_data_processing/dags/dag_raw_transactions.py for tasks to queue
[2024-07-16T05:35:37.695+0530] {logging_mixin.py:188} INFO - [2024-07-16T05:35:37.694+0530] {dagbag.py:545} INFO - Filling up the DagBag from //home/kali/Desktop/projects/git/bank_data_processing/dags/dag_raw_transactions.py
[2024-07-16T05:35:38.211+0530] {logging_mixin.py:188} INFO - [2024-07-16T05:35:38.211+0530] {base.py:84} INFO - Using connection ID 'mysql_default' for task execution.
[2024-07-16T05:35:38.219+0530] {processor.py:840} INFO - DAG(s) 'raw_load_transactions' retrieved from //home/kali/Desktop/projects/git/bank_data_processing/dags/dag_raw_transactions.py
[2024-07-16T05:35:38.353+0530] {logging_mixin.py:188} INFO - [2024-07-16T05:35:38.352+0530] {dag.py:3096} INFO - Sync 1 DAGs
[2024-07-16T05:35:38.366+0530] {logging_mixin.py:188} INFO - [2024-07-16T05:35:38.366+0530] {dag.py:3954} INFO - Setting next_dagrun for raw_load_transactions to None, run_after=None
[2024-07-16T05:35:38.408+0530] {processor.py:183} INFO - Processing //home/kali/Desktop/projects/git/bank_data_processing/dags/dag_raw_transactions.py took 0.721 seconds
[2024-07-16T05:36:08.960+0530] {processor.py:161} INFO - Started process (PID=32689) to work on //home/kali/Desktop/projects/git/bank_data_processing/dags/dag_raw_transactions.py
[2024-07-16T05:36:08.961+0530] {processor.py:830} INFO - Processing file //home/kali/Desktop/projects/git/bank_data_processing/dags/dag_raw_transactions.py for tasks to queue
[2024-07-16T05:36:08.963+0530] {logging_mixin.py:188} INFO - [2024-07-16T05:36:08.962+0530] {dagbag.py:545} INFO - Filling up the DagBag from //home/kali/Desktop/projects/git/bank_data_processing/dags/dag_raw_transactions.py
[2024-07-16T05:36:09.733+0530] {logging_mixin.py:188} INFO - [2024-07-16T05:36:09.733+0530] {base.py:84} INFO - Using connection ID 'mysql_default' for task execution.
[2024-07-16T05:36:09.741+0530] {processor.py:840} INFO - DAG(s) 'raw_load_transactions' retrieved from //home/kali/Desktop/projects/git/bank_data_processing/dags/dag_raw_transactions.py
[2024-07-16T05:36:09.870+0530] {logging_mixin.py:188} INFO - [2024-07-16T05:36:09.869+0530] {dag.py:3096} INFO - Sync 1 DAGs
[2024-07-16T05:36:09.882+0530] {logging_mixin.py:188} INFO - [2024-07-16T05:36:09.882+0530] {dag.py:3954} INFO - Setting next_dagrun for raw_load_transactions to None, run_after=None
[2024-07-16T05:36:09.910+0530] {processor.py:183} INFO - Processing //home/kali/Desktop/projects/git/bank_data_processing/dags/dag_raw_transactions.py took 0.957 seconds
[2024-07-16T05:36:40.395+0530] {processor.py:161} INFO - Started process (PID=33366) to work on //home/kali/Desktop/projects/git/bank_data_processing/dags/dag_raw_transactions.py
[2024-07-16T05:36:40.401+0530] {processor.py:830} INFO - Processing file //home/kali/Desktop/projects/git/bank_data_processing/dags/dag_raw_transactions.py for tasks to queue
[2024-07-16T05:36:40.403+0530] {logging_mixin.py:188} INFO - [2024-07-16T05:36:40.402+0530] {dagbag.py:545} INFO - Filling up the DagBag from //home/kali/Desktop/projects/git/bank_data_processing/dags/dag_raw_transactions.py
[2024-07-16T05:36:41.146+0530] {logging_mixin.py:188} INFO - [2024-07-16T05:36:41.145+0530] {base.py:84} INFO - Using connection ID 'mysql_default' for task execution.
[2024-07-16T05:36:41.160+0530] {processor.py:840} INFO - DAG(s) 'raw_load_transactions' retrieved from //home/kali/Desktop/projects/git/bank_data_processing/dags/dag_raw_transactions.py
[2024-07-16T05:36:41.295+0530] {logging_mixin.py:188} INFO - [2024-07-16T05:36:41.295+0530] {dag.py:3096} INFO - Sync 1 DAGs
[2024-07-16T05:36:41.305+0530] {logging_mixin.py:188} INFO - [2024-07-16T05:36:41.305+0530] {dag.py:3954} INFO - Setting next_dagrun for raw_load_transactions to None, run_after=None
[2024-07-16T05:36:41.326+0530] {processor.py:183} INFO - Processing //home/kali/Desktop/projects/git/bank_data_processing/dags/dag_raw_transactions.py took 0.943 seconds
[2024-07-16T05:37:11.753+0530] {processor.py:161} INFO - Started process (PID=33998) to work on //home/kali/Desktop/projects/git/bank_data_processing/dags/dag_raw_transactions.py
[2024-07-16T05:37:11.760+0530] {processor.py:830} INFO - Processing file //home/kali/Desktop/projects/git/bank_data_processing/dags/dag_raw_transactions.py for tasks to queue
[2024-07-16T05:37:11.763+0530] {logging_mixin.py:188} INFO - [2024-07-16T05:37:11.762+0530] {dagbag.py:545} INFO - Filling up the DagBag from //home/kali/Desktop/projects/git/bank_data_processing/dags/dag_raw_transactions.py
[2024-07-16T05:37:12.259+0530] {logging_mixin.py:188} INFO - [2024-07-16T05:37:12.258+0530] {base.py:84} INFO - Using connection ID 'mysql_default' for task execution.
[2024-07-16T05:37:12.267+0530] {processor.py:840} INFO - DAG(s) 'raw_load_transactions' retrieved from //home/kali/Desktop/projects/git/bank_data_processing/dags/dag_raw_transactions.py
[2024-07-16T05:37:12.357+0530] {logging_mixin.py:188} INFO - [2024-07-16T05:37:12.356+0530] {dag.py:3096} INFO - Sync 1 DAGs
[2024-07-16T05:37:12.368+0530] {logging_mixin.py:188} INFO - [2024-07-16T05:37:12.367+0530] {dag.py:3954} INFO - Setting next_dagrun for raw_load_transactions to None, run_after=None
[2024-07-16T05:37:12.395+0530] {processor.py:183} INFO - Processing //home/kali/Desktop/projects/git/bank_data_processing/dags/dag_raw_transactions.py took 0.659 seconds
[2024-07-16T05:37:43.076+0530] {processor.py:161} INFO - Started process (PID=34706) to work on //home/kali/Desktop/projects/git/bank_data_processing/dags/dag_raw_transactions.py
[2024-07-16T05:37:43.079+0530] {processor.py:830} INFO - Processing file //home/kali/Desktop/projects/git/bank_data_processing/dags/dag_raw_transactions.py for tasks to queue
[2024-07-16T05:37:43.082+0530] {logging_mixin.py:188} INFO - [2024-07-16T05:37:43.082+0530] {dagbag.py:545} INFO - Filling up the DagBag from //home/kali/Desktop/projects/git/bank_data_processing/dags/dag_raw_transactions.py
[2024-07-16T05:37:43.575+0530] {logging_mixin.py:188} INFO - [2024-07-16T05:37:43.575+0530] {base.py:84} INFO - Using connection ID 'mysql_default' for task execution.
[2024-07-16T05:37:43.593+0530] {processor.py:840} INFO - DAG(s) 'raw_load_transactions' retrieved from //home/kali/Desktop/projects/git/bank_data_processing/dags/dag_raw_transactions.py
[2024-07-16T05:37:43.688+0530] {logging_mixin.py:188} INFO - [2024-07-16T05:37:43.687+0530] {dag.py:3096} INFO - Sync 1 DAGs
[2024-07-16T05:37:43.696+0530] {logging_mixin.py:188} INFO - [2024-07-16T05:37:43.696+0530] {dag.py:3954} INFO - Setting next_dagrun for raw_load_transactions to None, run_after=None
[2024-07-16T05:37:43.721+0530] {processor.py:183} INFO - Processing //home/kali/Desktop/projects/git/bank_data_processing/dags/dag_raw_transactions.py took 0.658 seconds
[2024-07-16T05:38:14.046+0530] {processor.py:161} INFO - Started process (PID=35427) to work on //home/kali/Desktop/projects/git/bank_data_processing/dags/dag_raw_transactions.py
[2024-07-16T05:38:14.048+0530] {processor.py:830} INFO - Processing file //home/kali/Desktop/projects/git/bank_data_processing/dags/dag_raw_transactions.py for tasks to queue
[2024-07-16T05:38:14.051+0530] {logging_mixin.py:188} INFO - [2024-07-16T05:38:14.051+0530] {dagbag.py:545} INFO - Filling up the DagBag from //home/kali/Desktop/projects/git/bank_data_processing/dags/dag_raw_transactions.py
[2024-07-16T05:38:14.549+0530] {logging_mixin.py:188} INFO - [2024-07-16T05:38:14.548+0530] {base.py:84} INFO - Using connection ID 'mysql_default' for task execution.
[2024-07-16T05:38:14.554+0530] {processor.py:840} INFO - DAG(s) 'raw_load_transactions' retrieved from //home/kali/Desktop/projects/git/bank_data_processing/dags/dag_raw_transactions.py
[2024-07-16T05:38:14.652+0530] {logging_mixin.py:188} INFO - [2024-07-16T05:38:14.651+0530] {dag.py:3096} INFO - Sync 1 DAGs
[2024-07-16T05:38:14.664+0530] {logging_mixin.py:188} INFO - [2024-07-16T05:38:14.663+0530] {dag.py:3954} INFO - Setting next_dagrun for raw_load_transactions to None, run_after=None
[2024-07-16T05:38:14.690+0530] {processor.py:183} INFO - Processing //home/kali/Desktop/projects/git/bank_data_processing/dags/dag_raw_transactions.py took 0.652 seconds
[2024-07-16T05:38:45.334+0530] {processor.py:161} INFO - Started process (PID=36134) to work on //home/kali/Desktop/projects/git/bank_data_processing/dags/dag_raw_transactions.py
[2024-07-16T05:38:45.337+0530] {processor.py:830} INFO - Processing file //home/kali/Desktop/projects/git/bank_data_processing/dags/dag_raw_transactions.py for tasks to queue
[2024-07-16T05:38:45.339+0530] {logging_mixin.py:188} INFO - [2024-07-16T05:38:45.339+0530] {dagbag.py:545} INFO - Filling up the DagBag from //home/kali/Desktop/projects/git/bank_data_processing/dags/dag_raw_transactions.py
[2024-07-16T05:38:45.892+0530] {logging_mixin.py:188} INFO - [2024-07-16T05:38:45.892+0530] {base.py:84} INFO - Using connection ID 'mysql_default' for task execution.
[2024-07-16T05:38:45.899+0530] {processor.py:840} INFO - DAG(s) 'raw_load_transactions' retrieved from //home/kali/Desktop/projects/git/bank_data_processing/dags/dag_raw_transactions.py
[2024-07-16T05:38:46.011+0530] {logging_mixin.py:188} INFO - [2024-07-16T05:38:46.011+0530] {dag.py:3096} INFO - Sync 1 DAGs
[2024-07-16T05:38:46.024+0530] {logging_mixin.py:188} INFO - [2024-07-16T05:38:46.023+0530] {dag.py:3954} INFO - Setting next_dagrun for raw_load_transactions to None, run_after=None
[2024-07-16T05:38:46.057+0530] {processor.py:183} INFO - Processing //home/kali/Desktop/projects/git/bank_data_processing/dags/dag_raw_transactions.py took 0.737 seconds
[2024-07-16T05:39:16.288+0530] {processor.py:161} INFO - Started process (PID=36938) to work on //home/kali/Desktop/projects/git/bank_data_processing/dags/dag_raw_transactions.py
[2024-07-16T05:39:16.293+0530] {processor.py:830} INFO - Processing file //home/kali/Desktop/projects/git/bank_data_processing/dags/dag_raw_transactions.py for tasks to queue
[2024-07-16T05:39:16.295+0530] {logging_mixin.py:188} INFO - [2024-07-16T05:39:16.295+0530] {dagbag.py:545} INFO - Filling up the DagBag from //home/kali/Desktop/projects/git/bank_data_processing/dags/dag_raw_transactions.py
[2024-07-16T05:39:16.850+0530] {logging_mixin.py:188} INFO - [2024-07-16T05:39:16.850+0530] {base.py:84} INFO - Using connection ID 'mysql_default' for task execution.
[2024-07-16T05:39:16.856+0530] {processor.py:840} INFO - DAG(s) 'raw_load_transactions' retrieved from //home/kali/Desktop/projects/git/bank_data_processing/dags/dag_raw_transactions.py
[2024-07-16T05:39:16.952+0530] {logging_mixin.py:188} INFO - [2024-07-16T05:39:16.952+0530] {dag.py:3096} INFO - Sync 1 DAGs
[2024-07-16T05:39:16.960+0530] {logging_mixin.py:188} INFO - [2024-07-16T05:39:16.960+0530] {dag.py:3954} INFO - Setting next_dagrun for raw_load_transactions to None, run_after=None
[2024-07-16T05:39:16.983+0530] {processor.py:183} INFO - Processing //home/kali/Desktop/projects/git/bank_data_processing/dags/dag_raw_transactions.py took 0.702 seconds
[2024-07-16T05:39:47.560+0530] {processor.py:161} INFO - Started process (PID=37743) to work on //home/kali/Desktop/projects/git/bank_data_processing/dags/dag_raw_transactions.py
[2024-07-16T05:39:47.562+0530] {processor.py:830} INFO - Processing file //home/kali/Desktop/projects/git/bank_data_processing/dags/dag_raw_transactions.py for tasks to queue
[2024-07-16T05:39:47.564+0530] {logging_mixin.py:188} INFO - [2024-07-16T05:39:47.564+0530] {dagbag.py:545} INFO - Filling up the DagBag from //home/kali/Desktop/projects/git/bank_data_processing/dags/dag_raw_transactions.py
[2024-07-16T05:39:48.187+0530] {logging_mixin.py:188} INFO - [2024-07-16T05:39:48.187+0530] {base.py:84} INFO - Using connection ID 'mysql_default' for task execution.
[2024-07-16T05:39:48.193+0530] {processor.py:840} INFO - DAG(s) 'raw_load_transactions' retrieved from //home/kali/Desktop/projects/git/bank_data_processing/dags/dag_raw_transactions.py
[2024-07-16T05:39:48.195+0530] {logging_mixin.py:188} INFO - [2024-07-16T05:39:48.195+0530] {dag.py:3096} INFO - Sync 1 DAGs
[2024-07-16T05:39:48.204+0530] {logging_mixin.py:188} INFO - [2024-07-16T05:39:48.204+0530] {dag.py:3954} INFO - Setting next_dagrun for raw_load_transactions to None, run_after=None
[2024-07-16T05:39:48.229+0530] {processor.py:183} INFO - Processing //home/kali/Desktop/projects/git/bank_data_processing/dags/dag_raw_transactions.py took 0.678 seconds
[2024-07-16T05:40:18.337+0530] {processor.py:161} INFO - Started process (PID=38495) to work on //home/kali/Desktop/projects/git/bank_data_processing/dags/dag_raw_transactions.py
[2024-07-16T05:40:18.339+0530] {processor.py:830} INFO - Processing file //home/kali/Desktop/projects/git/bank_data_processing/dags/dag_raw_transactions.py for tasks to queue
[2024-07-16T05:40:18.340+0530] {logging_mixin.py:188} INFO - [2024-07-16T05:40:18.340+0530] {dagbag.py:545} INFO - Filling up the DagBag from //home/kali/Desktop/projects/git/bank_data_processing/dags/dag_raw_transactions.py
[2024-07-16T05:40:18.960+0530] {logging_mixin.py:188} INFO - [2024-07-16T05:40:18.960+0530] {base.py:84} INFO - Using connection ID 'mysql_default' for task execution.
[2024-07-16T05:40:18.969+0530] {processor.py:840} INFO - DAG(s) 'raw_load_transactions' retrieved from //home/kali/Desktop/projects/git/bank_data_processing/dags/dag_raw_transactions.py
[2024-07-16T05:40:19.112+0530] {logging_mixin.py:188} INFO - [2024-07-16T05:40:19.111+0530] {dag.py:3096} INFO - Sync 1 DAGs
[2024-07-16T05:40:19.127+0530] {logging_mixin.py:188} INFO - [2024-07-16T05:40:19.127+0530] {dag.py:3954} INFO - Setting next_dagrun for raw_load_transactions to None, run_after=None
[2024-07-16T05:40:19.158+0530] {processor.py:183} INFO - Processing //home/kali/Desktop/projects/git/bank_data_processing/dags/dag_raw_transactions.py took 0.828 seconds
[2024-07-16T05:40:49.397+0530] {processor.py:161} INFO - Started process (PID=39187) to work on //home/kali/Desktop/projects/git/bank_data_processing/dags/dag_raw_transactions.py
[2024-07-16T05:40:49.398+0530] {processor.py:830} INFO - Processing file //home/kali/Desktop/projects/git/bank_data_processing/dags/dag_raw_transactions.py for tasks to queue
[2024-07-16T05:40:49.400+0530] {logging_mixin.py:188} INFO - [2024-07-16T05:40:49.400+0530] {dagbag.py:545} INFO - Filling up the DagBag from //home/kali/Desktop/projects/git/bank_data_processing/dags/dag_raw_transactions.py
[2024-07-16T05:40:49.940+0530] {logging_mixin.py:188} INFO - [2024-07-16T05:40:49.940+0530] {base.py:84} INFO - Using connection ID 'mysql_default' for task execution.
[2024-07-16T05:40:49.946+0530] {processor.py:840} INFO - DAG(s) 'raw_load_transactions' retrieved from //home/kali/Desktop/projects/git/bank_data_processing/dags/dag_raw_transactions.py
[2024-07-16T05:40:49.949+0530] {logging_mixin.py:188} INFO - [2024-07-16T05:40:49.949+0530] {dag.py:3096} INFO - Sync 1 DAGs
[2024-07-16T05:40:49.958+0530] {logging_mixin.py:188} INFO - [2024-07-16T05:40:49.958+0530] {dag.py:3954} INFO - Setting next_dagrun for raw_load_transactions to None, run_after=None
[2024-07-16T05:40:49.978+0530] {processor.py:183} INFO - Processing //home/kali/Desktop/projects/git/bank_data_processing/dags/dag_raw_transactions.py took 0.590 seconds
[2024-07-16T05:41:20.884+0530] {processor.py:161} INFO - Started process (PID=39874) to work on //home/kali/Desktop/projects/git/bank_data_processing/dags/dag_raw_transactions.py
[2024-07-16T05:41:20.890+0530] {processor.py:830} INFO - Processing file //home/kali/Desktop/projects/git/bank_data_processing/dags/dag_raw_transactions.py for tasks to queue
[2024-07-16T05:41:20.893+0530] {logging_mixin.py:188} INFO - [2024-07-16T05:41:20.892+0530] {dagbag.py:545} INFO - Filling up the DagBag from //home/kali/Desktop/projects/git/bank_data_processing/dags/dag_raw_transactions.py
[2024-07-16T05:41:21.418+0530] {logging_mixin.py:188} INFO - [2024-07-16T05:41:21.418+0530] {base.py:84} INFO - Using connection ID 'mysql_default' for task execution.
[2024-07-16T05:41:21.425+0530] {processor.py:840} INFO - DAG(s) 'raw_load_transactions' retrieved from //home/kali/Desktop/projects/git/bank_data_processing/dags/dag_raw_transactions.py
[2024-07-16T05:41:21.532+0530] {logging_mixin.py:188} INFO - [2024-07-16T05:41:21.531+0530] {dag.py:3096} INFO - Sync 1 DAGs
[2024-07-16T05:41:21.543+0530] {logging_mixin.py:188} INFO - [2024-07-16T05:41:21.543+0530] {dag.py:3954} INFO - Setting next_dagrun for raw_load_transactions to None, run_after=None
[2024-07-16T05:41:21.570+0530] {processor.py:183} INFO - Processing //home/kali/Desktop/projects/git/bank_data_processing/dags/dag_raw_transactions.py took 0.700 seconds
[2024-07-16T05:41:51.910+0530] {processor.py:161} INFO - Started process (PID=40642) to work on //home/kali/Desktop/projects/git/bank_data_processing/dags/dag_raw_transactions.py
[2024-07-16T05:41:51.911+0530] {processor.py:830} INFO - Processing file //home/kali/Desktop/projects/git/bank_data_processing/dags/dag_raw_transactions.py for tasks to queue
[2024-07-16T05:41:51.912+0530] {logging_mixin.py:188} INFO - [2024-07-16T05:41:51.912+0530] {dagbag.py:545} INFO - Filling up the DagBag from //home/kali/Desktop/projects/git/bank_data_processing/dags/dag_raw_transactions.py
[2024-07-16T05:41:52.382+0530] {logging_mixin.py:188} INFO - [2024-07-16T05:41:52.382+0530] {base.py:84} INFO - Using connection ID 'mysql_default' for task execution.
[2024-07-16T05:41:52.388+0530] {processor.py:840} INFO - DAG(s) 'raw_load_transactions' retrieved from //home/kali/Desktop/projects/git/bank_data_processing/dags/dag_raw_transactions.py
[2024-07-16T05:41:52.470+0530] {logging_mixin.py:188} INFO - [2024-07-16T05:41:52.469+0530] {dag.py:3096} INFO - Sync 1 DAGs
[2024-07-16T05:41:52.477+0530] {logging_mixin.py:188} INFO - [2024-07-16T05:41:52.477+0530] {dag.py:3954} INFO - Setting next_dagrun for raw_load_transactions to None, run_after=None
[2024-07-16T05:41:52.502+0530] {processor.py:183} INFO - Processing //home/kali/Desktop/projects/git/bank_data_processing/dags/dag_raw_transactions.py took 0.600 seconds
[2024-07-16T05:42:22.736+0530] {processor.py:161} INFO - Started process (PID=41385) to work on //home/kali/Desktop/projects/git/bank_data_processing/dags/dag_raw_transactions.py
[2024-07-16T05:42:22.738+0530] {processor.py:830} INFO - Processing file //home/kali/Desktop/projects/git/bank_data_processing/dags/dag_raw_transactions.py for tasks to queue
[2024-07-16T05:42:22.739+0530] {logging_mixin.py:188} INFO - [2024-07-16T05:42:22.739+0530] {dagbag.py:545} INFO - Filling up the DagBag from //home/kali/Desktop/projects/git/bank_data_processing/dags/dag_raw_transactions.py
[2024-07-16T05:42:23.679+0530] {logging_mixin.py:188} INFO - [2024-07-16T05:42:23.679+0530] {base.py:84} INFO - Using connection ID 'mysql_default' for task execution.
[2024-07-16T05:42:23.692+0530] {processor.py:840} INFO - DAG(s) 'raw_load_transactions' retrieved from //home/kali/Desktop/projects/git/bank_data_processing/dags/dag_raw_transactions.py
[2024-07-16T05:42:23.907+0530] {logging_mixin.py:188} INFO - [2024-07-16T05:42:23.906+0530] {dag.py:3096} INFO - Sync 1 DAGs
[2024-07-16T05:42:23.931+0530] {logging_mixin.py:188} INFO - [2024-07-16T05:42:23.931+0530] {dag.py:3954} INFO - Setting next_dagrun for raw_load_transactions to None, run_after=None
[2024-07-16T05:42:23.973+0530] {processor.py:183} INFO - Processing //home/kali/Desktop/projects/git/bank_data_processing/dags/dag_raw_transactions.py took 1.243 seconds
[2024-07-16T05:42:54.213+0530] {processor.py:161} INFO - Started process (PID=42218) to work on //home/kali/Desktop/projects/git/bank_data_processing/dags/dag_raw_transactions.py
[2024-07-16T05:42:54.214+0530] {processor.py:830} INFO - Processing file //home/kali/Desktop/projects/git/bank_data_processing/dags/dag_raw_transactions.py for tasks to queue
[2024-07-16T05:42:54.216+0530] {logging_mixin.py:188} INFO - [2024-07-16T05:42:54.216+0530] {dagbag.py:545} INFO - Filling up the DagBag from //home/kali/Desktop/projects/git/bank_data_processing/dags/dag_raw_transactions.py
[2024-07-16T05:42:54.833+0530] {logging_mixin.py:188} INFO - [2024-07-16T05:42:54.833+0530] {base.py:84} INFO - Using connection ID 'mysql_default' for task execution.
[2024-07-16T05:42:54.839+0530] {processor.py:840} INFO - DAG(s) 'raw_load_transactions' retrieved from //home/kali/Desktop/projects/git/bank_data_processing/dags/dag_raw_transactions.py
[2024-07-16T05:42:54.957+0530] {logging_mixin.py:188} INFO - [2024-07-16T05:42:54.956+0530] {dag.py:3096} INFO - Sync 1 DAGs
[2024-07-16T05:42:54.966+0530] {logging_mixin.py:188} INFO - [2024-07-16T05:42:54.966+0530] {dag.py:3954} INFO - Setting next_dagrun for raw_load_transactions to None, run_after=None
[2024-07-16T05:42:54.993+0530] {processor.py:183} INFO - Processing //home/kali/Desktop/projects/git/bank_data_processing/dags/dag_raw_transactions.py took 0.789 seconds
[2024-07-16T05:43:25.850+0530] {processor.py:161} INFO - Started process (PID=43075) to work on //home/kali/Desktop/projects/git/bank_data_processing/dags/dag_raw_transactions.py
[2024-07-16T05:43:25.852+0530] {processor.py:830} INFO - Processing file //home/kali/Desktop/projects/git/bank_data_processing/dags/dag_raw_transactions.py for tasks to queue
[2024-07-16T05:43:25.854+0530] {logging_mixin.py:188} INFO - [2024-07-16T05:43:25.854+0530] {dagbag.py:545} INFO - Filling up the DagBag from //home/kali/Desktop/projects/git/bank_data_processing/dags/dag_raw_transactions.py
[2024-07-16T05:43:26.531+0530] {logging_mixin.py:188} INFO - [2024-07-16T05:43:26.531+0530] {base.py:84} INFO - Using connection ID 'mysql_default' for task execution.
[2024-07-16T05:43:26.539+0530] {processor.py:840} INFO - DAG(s) 'raw_load_transactions' retrieved from //home/kali/Desktop/projects/git/bank_data_processing/dags/dag_raw_transactions.py
[2024-07-16T05:43:26.642+0530] {logging_mixin.py:188} INFO - [2024-07-16T05:43:26.641+0530] {dag.py:3096} INFO - Sync 1 DAGs
[2024-07-16T05:43:26.652+0530] {logging_mixin.py:188} INFO - [2024-07-16T05:43:26.652+0530] {dag.py:3954} INFO - Setting next_dagrun for raw_load_transactions to None, run_after=None
[2024-07-16T05:43:26.681+0530] {processor.py:183} INFO - Processing //home/kali/Desktop/projects/git/bank_data_processing/dags/dag_raw_transactions.py took 0.842 seconds
[2024-07-16T05:43:57.126+0530] {processor.py:161} INFO - Started process (PID=44146) to work on //home/kali/Desktop/projects/git/bank_data_processing/dags/dag_raw_transactions.py
[2024-07-16T05:43:57.127+0530] {processor.py:830} INFO - Processing file //home/kali/Desktop/projects/git/bank_data_processing/dags/dag_raw_transactions.py for tasks to queue
[2024-07-16T05:43:57.129+0530] {logging_mixin.py:188} INFO - [2024-07-16T05:43:57.129+0530] {dagbag.py:545} INFO - Filling up the DagBag from //home/kali/Desktop/projects/git/bank_data_processing/dags/dag_raw_transactions.py
[2024-07-16T05:43:57.950+0530] {logging_mixin.py:188} INFO - [2024-07-16T05:43:57.948+0530] {base.py:84} INFO - Using connection ID 'mysql_default' for task execution.
[2024-07-16T05:43:57.959+0530] {processor.py:840} INFO - DAG(s) 'raw_load_transactions' retrieved from //home/kali/Desktop/projects/git/bank_data_processing/dags/dag_raw_transactions.py
[2024-07-16T05:43:58.107+0530] {logging_mixin.py:188} INFO - [2024-07-16T05:43:58.106+0530] {dag.py:3096} INFO - Sync 1 DAGs
[2024-07-16T05:43:58.122+0530] {logging_mixin.py:188} INFO - [2024-07-16T05:43:58.122+0530] {dag.py:3954} INFO - Setting next_dagrun for raw_load_transactions to None, run_after=None
[2024-07-16T05:43:58.156+0530] {processor.py:183} INFO - Processing //home/kali/Desktop/projects/git/bank_data_processing/dags/dag_raw_transactions.py took 1.038 seconds
[2024-07-16T05:44:28.514+0530] {processor.py:161} INFO - Started process (PID=45061) to work on //home/kali/Desktop/projects/git/bank_data_processing/dags/dag_raw_transactions.py
[2024-07-16T05:44:28.515+0530] {processor.py:830} INFO - Processing file //home/kali/Desktop/projects/git/bank_data_processing/dags/dag_raw_transactions.py for tasks to queue
[2024-07-16T05:44:28.517+0530] {logging_mixin.py:188} INFO - [2024-07-16T05:44:28.516+0530] {dagbag.py:545} INFO - Filling up the DagBag from //home/kali/Desktop/projects/git/bank_data_processing/dags/dag_raw_transactions.py
[2024-07-16T05:44:29.105+0530] {logging_mixin.py:188} INFO - [2024-07-16T05:44:29.104+0530] {base.py:84} INFO - Using connection ID 'mysql_default' for task execution.
[2024-07-16T05:44:29.111+0530] {processor.py:840} INFO - DAG(s) 'raw_load_transactions' retrieved from //home/kali/Desktop/projects/git/bank_data_processing/dags/dag_raw_transactions.py
[2024-07-16T05:44:29.212+0530] {logging_mixin.py:188} INFO - [2024-07-16T05:44:29.211+0530] {dag.py:3096} INFO - Sync 1 DAGs
[2024-07-16T05:44:29.220+0530] {logging_mixin.py:188} INFO - [2024-07-16T05:44:29.220+0530] {dag.py:3954} INFO - Setting next_dagrun for raw_load_transactions to None, run_after=None
[2024-07-16T05:44:29.241+0530] {processor.py:183} INFO - Processing //home/kali/Desktop/projects/git/bank_data_processing/dags/dag_raw_transactions.py took 0.736 seconds
[2024-07-16T05:44:59.589+0530] {processor.py:161} INFO - Started process (PID=45802) to work on //home/kali/Desktop/projects/git/bank_data_processing/dags/dag_raw_transactions.py
[2024-07-16T05:44:59.591+0530] {processor.py:830} INFO - Processing file //home/kali/Desktop/projects/git/bank_data_processing/dags/dag_raw_transactions.py for tasks to queue
[2024-07-16T05:44:59.593+0530] {logging_mixin.py:188} INFO - [2024-07-16T05:44:59.592+0530] {dagbag.py:545} INFO - Filling up the DagBag from //home/kali/Desktop/projects/git/bank_data_processing/dags/dag_raw_transactions.py
[2024-07-16T05:45:00.617+0530] {logging_mixin.py:188} INFO - [2024-07-16T05:45:00.616+0530] {base.py:84} INFO - Using connection ID 'mysql_default' for task execution.
[2024-07-16T05:45:00.628+0530] {processor.py:840} INFO - DAG(s) 'raw_load_transactions' retrieved from //home/kali/Desktop/projects/git/bank_data_processing/dags/dag_raw_transactions.py
[2024-07-16T05:45:00.823+0530] {logging_mixin.py:188} INFO - [2024-07-16T05:45:00.822+0530] {dag.py:3096} INFO - Sync 1 DAGs
[2024-07-16T05:45:00.842+0530] {logging_mixin.py:188} INFO - [2024-07-16T05:45:00.842+0530] {dag.py:3954} INFO - Setting next_dagrun for raw_load_transactions to None, run_after=None
[2024-07-16T05:45:00.885+0530] {processor.py:183} INFO - Processing //home/kali/Desktop/projects/git/bank_data_processing/dags/dag_raw_transactions.py took 1.309 seconds
[2024-07-16T05:45:31.476+0530] {processor.py:161} INFO - Started process (PID=46306) to work on //home/kali/Desktop/projects/git/bank_data_processing/dags/dag_raw_transactions.py
[2024-07-16T05:45:31.477+0530] {processor.py:830} INFO - Processing file //home/kali/Desktop/projects/git/bank_data_processing/dags/dag_raw_transactions.py for tasks to queue
[2024-07-16T05:45:31.478+0530] {logging_mixin.py:188} INFO - [2024-07-16T05:45:31.478+0530] {dagbag.py:545} INFO - Filling up the DagBag from //home/kali/Desktop/projects/git/bank_data_processing/dags/dag_raw_transactions.py
[2024-07-16T05:45:32.206+0530] {logging_mixin.py:188} INFO - [2024-07-16T05:45:32.205+0530] {base.py:84} INFO - Using connection ID 'mysql_default' for task execution.
[2024-07-16T05:45:32.213+0530] {processor.py:840} INFO - DAG(s) 'raw_load_transactions' retrieved from //home/kali/Desktop/projects/git/bank_data_processing/dags/dag_raw_transactions.py
[2024-07-16T05:45:32.324+0530] {logging_mixin.py:188} INFO - [2024-07-16T05:45:32.324+0530] {dag.py:3096} INFO - Sync 1 DAGs
[2024-07-16T05:45:32.336+0530] {logging_mixin.py:188} INFO - [2024-07-16T05:45:32.336+0530] {dag.py:3954} INFO - Setting next_dagrun for raw_load_transactions to None, run_after=None
[2024-07-16T05:45:32.363+0530] {processor.py:183} INFO - Processing //home/kali/Desktop/projects/git/bank_data_processing/dags/dag_raw_transactions.py took 0.895 seconds
[2024-07-16T05:46:03.273+0530] {processor.py:161} INFO - Started process (PID=47109) to work on //home/kali/Desktop/projects/git/bank_data_processing/dags/dag_raw_transactions.py
[2024-07-16T05:46:03.274+0530] {processor.py:830} INFO - Processing file //home/kali/Desktop/projects/git/bank_data_processing/dags/dag_raw_transactions.py for tasks to queue
[2024-07-16T05:46:03.275+0530] {logging_mixin.py:188} INFO - [2024-07-16T05:46:03.275+0530] {dagbag.py:545} INFO - Filling up the DagBag from //home/kali/Desktop/projects/git/bank_data_processing/dags/dag_raw_transactions.py
[2024-07-16T05:46:03.990+0530] {logging_mixin.py:188} INFO - [2024-07-16T05:46:03.989+0530] {base.py:84} INFO - Using connection ID 'mysql_default' for task execution.
[2024-07-16T05:46:03.996+0530] {processor.py:840} INFO - DAG(s) 'raw_load_transactions' retrieved from //home/kali/Desktop/projects/git/bank_data_processing/dags/dag_raw_transactions.py
[2024-07-16T05:46:04.097+0530] {logging_mixin.py:188} INFO - [2024-07-16T05:46:04.097+0530] {dag.py:3096} INFO - Sync 1 DAGs
[2024-07-16T05:46:04.107+0530] {logging_mixin.py:188} INFO - [2024-07-16T05:46:04.107+0530] {dag.py:3954} INFO - Setting next_dagrun for raw_load_transactions to None, run_after=None
[2024-07-16T05:46:04.133+0530] {processor.py:183} INFO - Processing //home/kali/Desktop/projects/git/bank_data_processing/dags/dag_raw_transactions.py took 0.869 seconds
[2024-07-16T05:46:34.777+0530] {processor.py:161} INFO - Started process (PID=47631) to work on //home/kali/Desktop/projects/git/bank_data_processing/dags/dag_raw_transactions.py
[2024-07-16T05:46:34.782+0530] {processor.py:830} INFO - Processing file //home/kali/Desktop/projects/git/bank_data_processing/dags/dag_raw_transactions.py for tasks to queue
[2024-07-16T05:46:34.784+0530] {logging_mixin.py:188} INFO - [2024-07-16T05:46:34.783+0530] {dagbag.py:545} INFO - Filling up the DagBag from //home/kali/Desktop/projects/git/bank_data_processing/dags/dag_raw_transactions.py
[2024-07-16T05:46:35.639+0530] {logging_mixin.py:188} INFO - [2024-07-16T05:46:35.639+0530] {base.py:84} INFO - Using connection ID 'mysql_default' for task execution.
[2024-07-16T05:46:35.651+0530] {processor.py:840} INFO - DAG(s) 'raw_load_transactions' retrieved from //home/kali/Desktop/projects/git/bank_data_processing/dags/dag_raw_transactions.py
[2024-07-16T05:46:35.817+0530] {logging_mixin.py:188} INFO - [2024-07-16T05:46:35.816+0530] {dag.py:3096} INFO - Sync 1 DAGs
[2024-07-16T05:46:35.827+0530] {logging_mixin.py:188} INFO - [2024-07-16T05:46:35.826+0530] {dag.py:3954} INFO - Setting next_dagrun for raw_load_transactions to None, run_after=None
[2024-07-16T05:46:35.859+0530] {processor.py:183} INFO - Processing //home/kali/Desktop/projects/git/bank_data_processing/dags/dag_raw_transactions.py took 1.093 seconds
[2024-07-16T05:47:06.023+0530] {processor.py:161} INFO - Started process (PID=48137) to work on //home/kali/Desktop/projects/git/bank_data_processing/dags/dag_raw_transactions.py
[2024-07-16T05:47:06.029+0530] {processor.py:830} INFO - Processing file //home/kali/Desktop/projects/git/bank_data_processing/dags/dag_raw_transactions.py for tasks to queue
[2024-07-16T05:47:06.030+0530] {logging_mixin.py:188} INFO - [2024-07-16T05:47:06.030+0530] {dagbag.py:545} INFO - Filling up the DagBag from //home/kali/Desktop/projects/git/bank_data_processing/dags/dag_raw_transactions.py
[2024-07-16T05:47:06.595+0530] {logging_mixin.py:188} INFO - [2024-07-16T05:47:06.594+0530] {base.py:84} INFO - Using connection ID 'mysql_default' for task execution.
[2024-07-16T05:47:06.605+0530] {processor.py:840} INFO - DAG(s) 'raw_load_transactions' retrieved from //home/kali/Desktop/projects/git/bank_data_processing/dags/dag_raw_transactions.py
[2024-07-16T05:47:06.704+0530] {logging_mixin.py:188} INFO - [2024-07-16T05:47:06.704+0530] {dag.py:3096} INFO - Sync 1 DAGs
[2024-07-16T05:47:06.717+0530] {logging_mixin.py:188} INFO - [2024-07-16T05:47:06.717+0530] {dag.py:3954} INFO - Setting next_dagrun for raw_load_transactions to None, run_after=None
[2024-07-16T05:47:06.743+0530] {processor.py:183} INFO - Processing //home/kali/Desktop/projects/git/bank_data_processing/dags/dag_raw_transactions.py took 0.728 seconds
[2024-07-16T05:47:36.838+0530] {processor.py:161} INFO - Started process (PID=48638) to work on //home/kali/Desktop/projects/git/bank_data_processing/dags/dag_raw_transactions.py
[2024-07-16T05:47:36.839+0530] {processor.py:830} INFO - Processing file //home/kali/Desktop/projects/git/bank_data_processing/dags/dag_raw_transactions.py for tasks to queue
[2024-07-16T05:47:36.840+0530] {logging_mixin.py:188} INFO - [2024-07-16T05:47:36.840+0530] {dagbag.py:545} INFO - Filling up the DagBag from //home/kali/Desktop/projects/git/bank_data_processing/dags/dag_raw_transactions.py
[2024-07-16T05:47:37.674+0530] {logging_mixin.py:188} INFO - [2024-07-16T05:47:37.673+0530] {base.py:84} INFO - Using connection ID 'mysql_default' for task execution.
[2024-07-16T05:47:37.684+0530] {processor.py:840} INFO - DAG(s) 'raw_load_transactions' retrieved from //home/kali/Desktop/projects/git/bank_data_processing/dags/dag_raw_transactions.py
[2024-07-16T05:47:37.896+0530] {logging_mixin.py:188} INFO - [2024-07-16T05:47:37.895+0530] {dag.py:3096} INFO - Sync 1 DAGs
[2024-07-16T05:47:37.925+0530] {logging_mixin.py:188} INFO - [2024-07-16T05:47:37.924+0530] {dag.py:3954} INFO - Setting next_dagrun for raw_load_transactions to None, run_after=None
[2024-07-16T05:47:37.975+0530] {processor.py:183} INFO - Processing //home/kali/Desktop/projects/git/bank_data_processing/dags/dag_raw_transactions.py took 1.148 seconds
[2024-07-16T05:48:08.219+0530] {processor.py:161} INFO - Started process (PID=49142) to work on //home/kali/Desktop/projects/git/bank_data_processing/dags/dag_raw_transactions.py
[2024-07-16T05:48:08.221+0530] {processor.py:830} INFO - Processing file //home/kali/Desktop/projects/git/bank_data_processing/dags/dag_raw_transactions.py for tasks to queue
[2024-07-16T05:48:08.221+0530] {logging_mixin.py:188} INFO - [2024-07-16T05:48:08.221+0530] {dagbag.py:545} INFO - Filling up the DagBag from //home/kali/Desktop/projects/git/bank_data_processing/dags/dag_raw_transactions.py
[2024-07-16T05:48:08.735+0530] {logging_mixin.py:188} INFO - [2024-07-16T05:48:08.735+0530] {base.py:84} INFO - Using connection ID 'mysql_default' for task execution.
[2024-07-16T05:48:08.742+0530] {processor.py:840} INFO - DAG(s) 'raw_load_transactions' retrieved from //home/kali/Desktop/projects/git/bank_data_processing/dags/dag_raw_transactions.py
[2024-07-16T05:48:08.876+0530] {logging_mixin.py:188} INFO - [2024-07-16T05:48:08.875+0530] {dag.py:3096} INFO - Sync 1 DAGs
[2024-07-16T05:48:08.891+0530] {logging_mixin.py:188} INFO - [2024-07-16T05:48:08.890+0530] {dag.py:3954} INFO - Setting next_dagrun for raw_load_transactions to None, run_after=None
[2024-07-16T05:48:08.938+0530] {processor.py:183} INFO - Processing //home/kali/Desktop/projects/git/bank_data_processing/dags/dag_raw_transactions.py took 0.725 seconds
[2024-07-16T05:48:42.104+0530] {processor.py:161} INFO - Started process (PID=50126) to work on //home/kali/Desktop/projects/git/bank_data_processing/dags/dag_raw_transactions.py
[2024-07-16T05:48:42.106+0530] {processor.py:830} INFO - Processing file //home/kali/Desktop/projects/git/bank_data_processing/dags/dag_raw_transactions.py for tasks to queue
[2024-07-16T05:48:42.107+0530] {logging_mixin.py:188} INFO - [2024-07-16T05:48:42.107+0530] {dagbag.py:545} INFO - Filling up the DagBag from //home/kali/Desktop/projects/git/bank_data_processing/dags/dag_raw_transactions.py
[2024-07-16T05:48:42.625+0530] {logging_mixin.py:188} INFO - [2024-07-16T05:48:42.624+0530] {base.py:84} INFO - Using connection ID 'mysql_default' for task execution.
[2024-07-16T05:48:42.632+0530] {processor.py:840} INFO - DAG(s) 'raw_load_transactions' retrieved from //home/kali/Desktop/projects/git/bank_data_processing/dags/dag_raw_transactions.py
[2024-07-16T05:48:42.919+0530] {logging_mixin.py:188} INFO - [2024-07-16T05:48:42.918+0530] {dag.py:3096} INFO - Sync 1 DAGs
[2024-07-16T05:48:42.929+0530] {logging_mixin.py:188} INFO - [2024-07-16T05:48:42.929+0530] {dag.py:3954} INFO - Setting next_dagrun for raw_load_transactions to None, run_after=None
[2024-07-16T05:48:42.969+0530] {processor.py:183} INFO - Processing //home/kali/Desktop/projects/git/bank_data_processing/dags/dag_raw_transactions.py took 0.878 seconds
[2024-07-16T05:49:14.348+0530] {processor.py:161} INFO - Started process (PID=50835) to work on //home/kali/Desktop/projects/git/bank_data_processing/dags/dag_raw_transactions.py
[2024-07-16T05:49:14.350+0530] {processor.py:830} INFO - Processing file //home/kali/Desktop/projects/git/bank_data_processing/dags/dag_raw_transactions.py for tasks to queue
[2024-07-16T05:49:14.350+0530] {logging_mixin.py:188} INFO - [2024-07-16T05:49:14.350+0530] {dagbag.py:545} INFO - Filling up the DagBag from //home/kali/Desktop/projects/git/bank_data_processing/dags/dag_raw_transactions.py
[2024-07-16T05:49:14.948+0530] {logging_mixin.py:188} INFO - [2024-07-16T05:49:14.947+0530] {base.py:84} INFO - Using connection ID 'mysql_default' for task execution.
[2024-07-16T05:49:14.953+0530] {processor.py:840} INFO - DAG(s) 'raw_load_transactions' retrieved from //home/kali/Desktop/projects/git/bank_data_processing/dags/dag_raw_transactions.py
[2024-07-16T05:49:15.060+0530] {logging_mixin.py:188} INFO - [2024-07-16T05:49:15.059+0530] {dag.py:3096} INFO - Sync 1 DAGs
[2024-07-16T05:49:15.068+0530] {logging_mixin.py:188} INFO - [2024-07-16T05:49:15.068+0530] {dag.py:3954} INFO - Setting next_dagrun for raw_load_transactions to None, run_after=None
[2024-07-16T05:49:15.087+0530] {processor.py:183} INFO - Processing //home/kali/Desktop/projects/git/bank_data_processing/dags/dag_raw_transactions.py took 0.753 seconds
[2024-07-16T05:49:46.662+0530] {processor.py:161} INFO - Started process (PID=51707) to work on //home/kali/Desktop/projects/git/bank_data_processing/dags/dag_raw_transactions.py
[2024-07-16T05:49:46.664+0530] {processor.py:830} INFO - Processing file //home/kali/Desktop/projects/git/bank_data_processing/dags/dag_raw_transactions.py for tasks to queue
[2024-07-16T05:49:46.667+0530] {logging_mixin.py:188} INFO - [2024-07-16T05:49:46.666+0530] {dagbag.py:545} INFO - Filling up the DagBag from //home/kali/Desktop/projects/git/bank_data_processing/dags/dag_raw_transactions.py
[2024-07-16T05:49:47.356+0530] {logging_mixin.py:188} INFO - [2024-07-16T05:49:47.355+0530] {base.py:84} INFO - Using connection ID 'mysql_default' for task execution.
[2024-07-16T05:49:47.362+0530] {processor.py:840} INFO - DAG(s) 'raw_load_transactions' retrieved from //home/kali/Desktop/projects/git/bank_data_processing/dags/dag_raw_transactions.py
[2024-07-16T05:49:47.486+0530] {logging_mixin.py:188} INFO - [2024-07-16T05:49:47.485+0530] {dag.py:3096} INFO - Sync 1 DAGs
[2024-07-16T05:49:47.495+0530] {logging_mixin.py:188} INFO - [2024-07-16T05:49:47.495+0530] {dag.py:3954} INFO - Setting next_dagrun for raw_load_transactions to None, run_after=None
[2024-07-16T05:49:47.517+0530] {processor.py:183} INFO - Processing //home/kali/Desktop/projects/git/bank_data_processing/dags/dag_raw_transactions.py took 0.862 seconds
[2024-07-16T05:50:19.782+0530] {processor.py:161} INFO - Started process (PID=52700) to work on //home/kali/Desktop/projects/git/bank_data_processing/dags/dag_raw_transactions.py
[2024-07-16T05:50:19.784+0530] {processor.py:830} INFO - Processing file //home/kali/Desktop/projects/git/bank_data_processing/dags/dag_raw_transactions.py for tasks to queue
[2024-07-16T05:50:19.785+0530] {logging_mixin.py:188} INFO - [2024-07-16T05:50:19.785+0530] {dagbag.py:545} INFO - Filling up the DagBag from //home/kali/Desktop/projects/git/bank_data_processing/dags/dag_raw_transactions.py
[2024-07-16T05:50:20.579+0530] {logging_mixin.py:188} INFO - [2024-07-16T05:50:20.578+0530] {base.py:84} INFO - Using connection ID 'mysql_default' for task execution.
[2024-07-16T05:50:20.584+0530] {processor.py:840} INFO - DAG(s) 'raw_load_transactions' retrieved from //home/kali/Desktop/projects/git/bank_data_processing/dags/dag_raw_transactions.py
[2024-07-16T05:50:20.719+0530] {logging_mixin.py:188} INFO - [2024-07-16T05:50:20.718+0530] {dag.py:3096} INFO - Sync 1 DAGs
[2024-07-16T05:50:20.733+0530] {logging_mixin.py:188} INFO - [2024-07-16T05:50:20.732+0530] {dag.py:3954} INFO - Setting next_dagrun for raw_load_transactions to None, run_after=None
[2024-07-16T05:50:20.763+0530] {processor.py:183} INFO - Processing //home/kali/Desktop/projects/git/bank_data_processing/dags/dag_raw_transactions.py took 0.995 seconds
[2024-07-16T05:50:51.169+0530] {processor.py:161} INFO - Started process (PID=53565) to work on //home/kali/Desktop/projects/git/bank_data_processing/dags/dag_raw_transactions.py
[2024-07-16T05:50:51.170+0530] {processor.py:830} INFO - Processing file //home/kali/Desktop/projects/git/bank_data_processing/dags/dag_raw_transactions.py for tasks to queue
[2024-07-16T05:50:51.171+0530] {logging_mixin.py:188} INFO - [2024-07-16T05:50:51.171+0530] {dagbag.py:545} INFO - Filling up the DagBag from //home/kali/Desktop/projects/git/bank_data_processing/dags/dag_raw_transactions.py
[2024-07-16T05:50:51.638+0530] {logging_mixin.py:188} INFO - [2024-07-16T05:50:51.637+0530] {base.py:84} INFO - Using connection ID 'mysql_default' for task execution.
[2024-07-16T05:50:51.642+0530] {processor.py:840} INFO - DAG(s) 'raw_load_transactions' retrieved from //home/kali/Desktop/projects/git/bank_data_processing/dags/dag_raw_transactions.py
[2024-07-16T05:50:51.744+0530] {logging_mixin.py:188} INFO - [2024-07-16T05:50:51.743+0530] {dag.py:3096} INFO - Sync 1 DAGs
[2024-07-16T05:50:51.754+0530] {logging_mixin.py:188} INFO - [2024-07-16T05:50:51.754+0530] {dag.py:3954} INFO - Setting next_dagrun for raw_load_transactions to None, run_after=None
[2024-07-16T05:50:51.775+0530] {processor.py:183} INFO - Processing //home/kali/Desktop/projects/git/bank_data_processing/dags/dag_raw_transactions.py took 0.613 seconds
[2024-07-16T05:51:22.156+0530] {processor.py:161} INFO - Started process (PID=54321) to work on //home/kali/Desktop/projects/git/bank_data_processing/dags/dag_raw_transactions.py
[2024-07-16T05:51:22.157+0530] {processor.py:830} INFO - Processing file //home/kali/Desktop/projects/git/bank_data_processing/dags/dag_raw_transactions.py for tasks to queue
[2024-07-16T05:51:22.159+0530] {logging_mixin.py:188} INFO - [2024-07-16T05:51:22.158+0530] {dagbag.py:545} INFO - Filling up the DagBag from //home/kali/Desktop/projects/git/bank_data_processing/dags/dag_raw_transactions.py
[2024-07-16T05:51:23.104+0530] {logging_mixin.py:188} INFO - [2024-07-16T05:51:23.103+0530] {base.py:84} INFO - Using connection ID 'mysql_default' for task execution.
[2024-07-16T05:51:23.108+0530] {processor.py:840} INFO - DAG(s) 'raw_load_transactions' retrieved from //home/kali/Desktop/projects/git/bank_data_processing/dags/dag_raw_transactions.py
[2024-07-16T05:51:23.267+0530] {logging_mixin.py:188} INFO - [2024-07-16T05:51:23.266+0530] {dag.py:3096} INFO - Sync 1 DAGs
[2024-07-16T05:51:23.283+0530] {logging_mixin.py:188} INFO - [2024-07-16T05:51:23.282+0530] {dag.py:3954} INFO - Setting next_dagrun for raw_load_transactions to None, run_after=None
[2024-07-16T05:51:23.323+0530] {processor.py:183} INFO - Processing //home/kali/Desktop/projects/git/bank_data_processing/dags/dag_raw_transactions.py took 1.178 seconds
[2024-07-16T05:51:53.372+0530] {processor.py:161} INFO - Started process (PID=54981) to work on //home/kali/Desktop/projects/git/bank_data_processing/dags/dag_raw_transactions.py
[2024-07-16T05:51:53.372+0530] {processor.py:830} INFO - Processing file //home/kali/Desktop/projects/git/bank_data_processing/dags/dag_raw_transactions.py for tasks to queue
[2024-07-16T05:51:53.373+0530] {logging_mixin.py:188} INFO - [2024-07-16T05:51:53.373+0530] {dagbag.py:545} INFO - Filling up the DagBag from //home/kali/Desktop/projects/git/bank_data_processing/dags/dag_raw_transactions.py
[2024-07-16T05:51:53.882+0530] {logging_mixin.py:188} INFO - [2024-07-16T05:51:53.881+0530] {base.py:84} INFO - Using connection ID 'mysql_default' for task execution.
[2024-07-16T05:51:53.885+0530] {processor.py:840} INFO - DAG(s) 'raw_load_transactions' retrieved from //home/kali/Desktop/projects/git/bank_data_processing/dags/dag_raw_transactions.py
[2024-07-16T05:51:53.969+0530] {logging_mixin.py:188} INFO - [2024-07-16T05:51:53.968+0530] {dag.py:3096} INFO - Sync 1 DAGs
[2024-07-16T05:51:53.977+0530] {logging_mixin.py:188} INFO - [2024-07-16T05:51:53.977+0530] {dag.py:3954} INFO - Setting next_dagrun for raw_load_transactions to None, run_after=None
[2024-07-16T05:51:54.008+0530] {processor.py:183} INFO - Processing //home/kali/Desktop/projects/git/bank_data_processing/dags/dag_raw_transactions.py took 0.642 seconds
[2024-07-16T05:52:24.524+0530] {processor.py:161} INFO - Started process (PID=55688) to work on //home/kali/Desktop/projects/git/bank_data_processing/dags/dag_raw_transactions.py
[2024-07-16T05:52:24.526+0530] {processor.py:830} INFO - Processing file //home/kali/Desktop/projects/git/bank_data_processing/dags/dag_raw_transactions.py for tasks to queue
[2024-07-16T05:52:24.527+0530] {logging_mixin.py:188} INFO - [2024-07-16T05:52:24.527+0530] {dagbag.py:545} INFO - Filling up the DagBag from //home/kali/Desktop/projects/git/bank_data_processing/dags/dag_raw_transactions.py
[2024-07-16T05:52:25.169+0530] {logging_mixin.py:188} INFO - [2024-07-16T05:52:25.169+0530] {base.py:84} INFO - Using connection ID 'mysql_default' for task execution.
[2024-07-16T05:52:25.173+0530] {processor.py:840} INFO - DAG(s) 'raw_load_transactions' retrieved from //home/kali/Desktop/projects/git/bank_data_processing/dags/dag_raw_transactions.py
[2024-07-16T05:52:25.293+0530] {logging_mixin.py:188} INFO - [2024-07-16T05:52:25.293+0530] {dag.py:3096} INFO - Sync 1 DAGs
[2024-07-16T05:52:25.310+0530] {logging_mixin.py:188} INFO - [2024-07-16T05:52:25.309+0530] {dag.py:3954} INFO - Setting next_dagrun for raw_load_transactions to None, run_after=None
[2024-07-16T05:52:25.349+0530] {processor.py:183} INFO - Processing //home/kali/Desktop/projects/git/bank_data_processing/dags/dag_raw_transactions.py took 0.832 seconds
[2024-07-16T05:52:55.536+0530] {processor.py:161} INFO - Started process (PID=56455) to work on //home/kali/Desktop/projects/git/bank_data_processing/dags/dag_raw_transactions.py
[2024-07-16T05:52:55.536+0530] {processor.py:830} INFO - Processing file //home/kali/Desktop/projects/git/bank_data_processing/dags/dag_raw_transactions.py for tasks to queue
[2024-07-16T05:52:55.537+0530] {logging_mixin.py:188} INFO - [2024-07-16T05:52:55.537+0530] {dagbag.py:545} INFO - Filling up the DagBag from //home/kali/Desktop/projects/git/bank_data_processing/dags/dag_raw_transactions.py
[2024-07-16T05:52:56.094+0530] {logging_mixin.py:188} INFO - [2024-07-16T05:52:56.093+0530] {base.py:84} INFO - Using connection ID 'mysql_default' for task execution.
[2024-07-16T05:52:56.097+0530] {processor.py:840} INFO - DAG(s) 'raw_load_transactions' retrieved from //home/kali/Desktop/projects/git/bank_data_processing/dags/dag_raw_transactions.py
[2024-07-16T05:52:56.184+0530] {logging_mixin.py:188} INFO - [2024-07-16T05:52:56.184+0530] {dag.py:3096} INFO - Sync 1 DAGs
[2024-07-16T05:52:56.192+0530] {logging_mixin.py:188} INFO - [2024-07-16T05:52:56.192+0530] {dag.py:3954} INFO - Setting next_dagrun for raw_load_transactions to None, run_after=None
[2024-07-16T05:52:56.215+0530] {processor.py:183} INFO - Processing //home/kali/Desktop/projects/git/bank_data_processing/dags/dag_raw_transactions.py took 0.686 seconds
[2024-07-16T05:53:26.424+0530] {processor.py:161} INFO - Started process (PID=57198) to work on //home/kali/Desktop/projects/git/bank_data_processing/dags/dag_raw_transactions.py
[2024-07-16T05:53:26.425+0530] {processor.py:830} INFO - Processing file //home/kali/Desktop/projects/git/bank_data_processing/dags/dag_raw_transactions.py for tasks to queue
[2024-07-16T05:53:26.427+0530] {logging_mixin.py:188} INFO - [2024-07-16T05:53:26.426+0530] {dagbag.py:545} INFO - Filling up the DagBag from //home/kali/Desktop/projects/git/bank_data_processing/dags/dag_raw_transactions.py
[2024-07-16T05:53:27.009+0530] {logging_mixin.py:188} INFO - [2024-07-16T05:53:27.008+0530] {base.py:84} INFO - Using connection ID 'mysql_default' for task execution.
[2024-07-16T05:53:27.013+0530] {processor.py:840} INFO - DAG(s) 'raw_load_transactions' retrieved from //home/kali/Desktop/projects/git/bank_data_processing/dags/dag_raw_transactions.py
[2024-07-16T05:53:27.033+0530] {logging_mixin.py:188} INFO - [2024-07-16T05:53:27.032+0530] {dag.py:3096} INFO - Sync 1 DAGs
[2024-07-16T05:53:27.045+0530] {logging_mixin.py:188} INFO - [2024-07-16T05:53:27.045+0530] {dag.py:3954} INFO - Setting next_dagrun for raw_load_transactions to None, run_after=None
[2024-07-16T05:53:27.070+0530] {processor.py:183} INFO - Processing //home/kali/Desktop/projects/git/bank_data_processing/dags/dag_raw_transactions.py took 0.654 seconds
[2024-07-16T05:53:57.166+0530] {processor.py:161} INFO - Started process (PID=57833) to work on //home/kali/Desktop/projects/git/bank_data_processing/dags/dag_raw_transactions.py
[2024-07-16T05:53:57.167+0530] {processor.py:830} INFO - Processing file //home/kali/Desktop/projects/git/bank_data_processing/dags/dag_raw_transactions.py for tasks to queue
[2024-07-16T05:53:57.168+0530] {logging_mixin.py:188} INFO - [2024-07-16T05:53:57.168+0530] {dagbag.py:545} INFO - Filling up the DagBag from //home/kali/Desktop/projects/git/bank_data_processing/dags/dag_raw_transactions.py
[2024-07-16T05:53:57.803+0530] {logging_mixin.py:188} INFO - [2024-07-16T05:53:57.803+0530] {base.py:84} INFO - Using connection ID 'mysql_default' for task execution.
[2024-07-16T05:53:57.809+0530] {processor.py:840} INFO - DAG(s) 'raw_load_transactions' retrieved from //home/kali/Desktop/projects/git/bank_data_processing/dags/dag_raw_transactions.py
[2024-07-16T05:53:57.811+0530] {logging_mixin.py:188} INFO - [2024-07-16T05:53:57.811+0530] {dag.py:3096} INFO - Sync 1 DAGs
[2024-07-16T05:53:57.820+0530] {logging_mixin.py:188} INFO - [2024-07-16T05:53:57.820+0530] {dag.py:3954} INFO - Setting next_dagrun for raw_load_transactions to None, run_after=None
[2024-07-16T05:53:57.848+0530] {processor.py:183} INFO - Processing //home/kali/Desktop/projects/git/bank_data_processing/dags/dag_raw_transactions.py took 0.693 seconds
[2024-07-16T05:54:28.409+0530] {processor.py:161} INFO - Started process (PID=58346) to work on //home/kali/Desktop/projects/git/bank_data_processing/dags/dag_raw_transactions.py
[2024-07-16T05:54:28.410+0530] {processor.py:830} INFO - Processing file //home/kali/Desktop/projects/git/bank_data_processing/dags/dag_raw_transactions.py for tasks to queue
[2024-07-16T05:54:28.410+0530] {logging_mixin.py:188} INFO - [2024-07-16T05:54:28.410+0530] {dagbag.py:545} INFO - Filling up the DagBag from //home/kali/Desktop/projects/git/bank_data_processing/dags/dag_raw_transactions.py
[2024-07-16T05:54:28.865+0530] {logging_mixin.py:188} INFO - [2024-07-16T05:54:28.865+0530] {base.py:84} INFO - Using connection ID 'mysql_default' for task execution.
[2024-07-16T05:54:28.868+0530] {processor.py:840} INFO - DAG(s) 'raw_load_transactions' retrieved from //home/kali/Desktop/projects/git/bank_data_processing/dags/dag_raw_transactions.py
[2024-07-16T05:54:28.952+0530] {logging_mixin.py:188} INFO - [2024-07-16T05:54:28.951+0530] {dag.py:3096} INFO - Sync 1 DAGs
[2024-07-16T05:54:28.959+0530] {logging_mixin.py:188} INFO - [2024-07-16T05:54:28.958+0530] {dag.py:3954} INFO - Setting next_dagrun for raw_load_transactions to None, run_after=None
[2024-07-16T05:54:28.977+0530] {processor.py:183} INFO - Processing //home/kali/Desktop/projects/git/bank_data_processing/dags/dag_raw_transactions.py took 0.574 seconds
[2024-07-16T05:54:59.448+0530] {processor.py:161} INFO - Started process (PID=59339) to work on //home/kali/Desktop/projects/git/bank_data_processing/dags/dag_raw_transactions.py
[2024-07-16T05:54:59.449+0530] {processor.py:830} INFO - Processing file //home/kali/Desktop/projects/git/bank_data_processing/dags/dag_raw_transactions.py for tasks to queue
[2024-07-16T05:54:59.450+0530] {logging_mixin.py:188} INFO - [2024-07-16T05:54:59.450+0530] {dagbag.py:545} INFO - Filling up the DagBag from //home/kali/Desktop/projects/git/bank_data_processing/dags/dag_raw_transactions.py
[2024-07-16T05:55:00.011+0530] {logging_mixin.py:188} INFO - [2024-07-16T05:55:00.011+0530] {base.py:84} INFO - Using connection ID 'mysql_default' for task execution.
[2024-07-16T05:55:00.014+0530] {processor.py:840} INFO - DAG(s) 'raw_load_transactions' retrieved from //home/kali/Desktop/projects/git/bank_data_processing/dags/dag_raw_transactions.py
[2024-07-16T05:55:00.130+0530] {logging_mixin.py:188} INFO - [2024-07-16T05:55:00.130+0530] {dag.py:3096} INFO - Sync 1 DAGs
[2024-07-16T05:55:00.141+0530] {logging_mixin.py:188} INFO - [2024-07-16T05:55:00.141+0530] {dag.py:3954} INFO - Setting next_dagrun for raw_load_transactions to None, run_after=None
[2024-07-16T05:55:00.172+0530] {processor.py:183} INFO - Processing //home/kali/Desktop/projects/git/bank_data_processing/dags/dag_raw_transactions.py took 0.732 seconds
[2024-07-16T05:55:30.746+0530] {processor.py:161} INFO - Started process (PID=60050) to work on //home/kali/Desktop/projects/git/bank_data_processing/dags/dag_raw_transactions.py
[2024-07-16T05:55:30.753+0530] {processor.py:830} INFO - Processing file //home/kali/Desktop/projects/git/bank_data_processing/dags/dag_raw_transactions.py for tasks to queue
[2024-07-16T05:55:30.755+0530] {logging_mixin.py:188} INFO - [2024-07-16T05:55:30.754+0530] {dagbag.py:545} INFO - Filling up the DagBag from //home/kali/Desktop/projects/git/bank_data_processing/dags/dag_raw_transactions.py
[2024-07-16T05:55:31.408+0530] {logging_mixin.py:188} INFO - [2024-07-16T05:55:31.408+0530] {base.py:84} INFO - Using connection ID 'mysql_default' for task execution.
[2024-07-16T05:55:31.412+0530] {processor.py:840} INFO - DAG(s) 'raw_load_transactions' retrieved from //home/kali/Desktop/projects/git/bank_data_processing/dags/dag_raw_transactions.py
[2024-07-16T05:55:31.514+0530] {logging_mixin.py:188} INFO - [2024-07-16T05:55:31.514+0530] {dag.py:3096} INFO - Sync 1 DAGs
[2024-07-16T05:55:31.523+0530] {logging_mixin.py:188} INFO - [2024-07-16T05:55:31.523+0530] {dag.py:3954} INFO - Setting next_dagrun for raw_load_transactions to None, run_after=None
[2024-07-16T05:55:31.545+0530] {processor.py:183} INFO - Processing //home/kali/Desktop/projects/git/bank_data_processing/dags/dag_raw_transactions.py took 0.808 seconds
[2024-07-16T05:56:02.074+0530] {processor.py:161} INFO - Started process (PID=60832) to work on //home/kali/Desktop/projects/git/bank_data_processing/dags/dag_raw_transactions.py
[2024-07-16T05:56:02.077+0530] {processor.py:830} INFO - Processing file //home/kali/Desktop/projects/git/bank_data_processing/dags/dag_raw_transactions.py for tasks to queue
[2024-07-16T05:56:02.078+0530] {logging_mixin.py:188} INFO - [2024-07-16T05:56:02.077+0530] {dagbag.py:545} INFO - Filling up the DagBag from //home/kali/Desktop/projects/git/bank_data_processing/dags/dag_raw_transactions.py
[2024-07-16T05:56:02.610+0530] {logging_mixin.py:188} INFO - [2024-07-16T05:56:02.609+0530] {base.py:84} INFO - Using connection ID 'mysql_default' for task execution.
[2024-07-16T05:56:02.613+0530] {processor.py:840} INFO - DAG(s) 'raw_load_transactions' retrieved from //home/kali/Desktop/projects/git/bank_data_processing/dags/dag_raw_transactions.py
[2024-07-16T05:56:02.735+0530] {logging_mixin.py:188} INFO - [2024-07-16T05:56:02.734+0530] {dag.py:3096} INFO - Sync 1 DAGs
[2024-07-16T05:56:02.745+0530] {logging_mixin.py:188} INFO - [2024-07-16T05:56:02.745+0530] {dag.py:3954} INFO - Setting next_dagrun for raw_load_transactions to None, run_after=None
[2024-07-16T05:56:02.782+0530] {processor.py:183} INFO - Processing //home/kali/Desktop/projects/git/bank_data_processing/dags/dag_raw_transactions.py took 0.716 seconds
[2024-07-16T05:56:33.366+0530] {processor.py:161} INFO - Started process (PID=61544) to work on //home/kali/Desktop/projects/git/bank_data_processing/dags/dag_raw_transactions.py
[2024-07-16T05:56:33.367+0530] {processor.py:830} INFO - Processing file //home/kali/Desktop/projects/git/bank_data_processing/dags/dag_raw_transactions.py for tasks to queue
[2024-07-16T05:56:33.369+0530] {logging_mixin.py:188} INFO - [2024-07-16T05:56:33.368+0530] {dagbag.py:545} INFO - Filling up the DagBag from //home/kali/Desktop/projects/git/bank_data_processing/dags/dag_raw_transactions.py
[2024-07-16T05:56:33.939+0530] {logging_mixin.py:188} INFO - [2024-07-16T05:56:33.939+0530] {base.py:84} INFO - Using connection ID 'mysql_default' for task execution.
[2024-07-16T05:56:33.942+0530] {processor.py:840} INFO - DAG(s) 'raw_load_transactions' retrieved from //home/kali/Desktop/projects/git/bank_data_processing/dags/dag_raw_transactions.py
[2024-07-16T05:56:34.039+0530] {logging_mixin.py:188} INFO - [2024-07-16T05:56:34.038+0530] {dag.py:3096} INFO - Sync 1 DAGs
[2024-07-16T05:56:34.049+0530] {logging_mixin.py:188} INFO - [2024-07-16T05:56:34.049+0530] {dag.py:3954} INFO - Setting next_dagrun for raw_load_transactions to None, run_after=None
[2024-07-16T05:56:34.077+0530] {processor.py:183} INFO - Processing //home/kali/Desktop/projects/git/bank_data_processing/dags/dag_raw_transactions.py took 0.719 seconds
[2024-07-16T05:57:04.233+0530] {processor.py:161} INFO - Started process (PID=62409) to work on //home/kali/Desktop/projects/git/bank_data_processing/dags/dag_raw_transactions.py
[2024-07-16T05:57:04.234+0530] {processor.py:830} INFO - Processing file //home/kali/Desktop/projects/git/bank_data_processing/dags/dag_raw_transactions.py for tasks to queue
[2024-07-16T05:57:04.234+0530] {logging_mixin.py:188} INFO - [2024-07-16T05:57:04.234+0530] {dagbag.py:545} INFO - Filling up the DagBag from //home/kali/Desktop/projects/git/bank_data_processing/dags/dag_raw_transactions.py
[2024-07-16T05:57:04.909+0530] {logging_mixin.py:188} INFO - [2024-07-16T05:57:04.909+0530] {base.py:84} INFO - Using connection ID 'mysql_default' for task execution.
[2024-07-16T05:57:04.914+0530] {processor.py:840} INFO - DAG(s) 'raw_load_transactions' retrieved from //home/kali/Desktop/projects/git/bank_data_processing/dags/dag_raw_transactions.py
[2024-07-16T05:57:05.038+0530] {logging_mixin.py:188} INFO - [2024-07-16T05:57:05.038+0530] {dag.py:3096} INFO - Sync 1 DAGs
[2024-07-16T05:57:05.051+0530] {logging_mixin.py:188} INFO - [2024-07-16T05:57:05.051+0530] {dag.py:3954} INFO - Setting next_dagrun for raw_load_transactions to None, run_after=None
[2024-07-16T05:57:05.078+0530] {processor.py:183} INFO - Processing //home/kali/Desktop/projects/git/bank_data_processing/dags/dag_raw_transactions.py took 0.851 seconds
