[2024-07-16T05:30:16.113+0530] {processor.py:161} INFO - Started process (PID=24474) to work on //home/kali/Desktop/projects/git/bank_data_processing/dags/dag_raw_credit_scores.py
[2024-07-16T05:30:16.114+0530] {processor.py:830} INFO - Processing file //home/kali/Desktop/projects/git/bank_data_processing/dags/dag_raw_credit_scores.py for tasks to queue
[2024-07-16T05:30:16.116+0530] {logging_mixin.py:188} INFO - [2024-07-16T05:30:16.116+0530] {dagbag.py:545} INFO - Filling up the DagBag from //home/kali/Desktop/projects/git/bank_data_processing/dags/dag_raw_credit_scores.py
[2024-07-16T05:30:16.788+0530] {logging_mixin.py:188} INFO - [2024-07-16T05:30:16.787+0530] {base.py:84} INFO - Using connection ID 'mysql_default' for task execution.
[2024-07-16T05:30:16.797+0530] {processor.py:840} INFO - DAG(s) 'raw_load_credit_scores' retrieved from //home/kali/Desktop/projects/git/bank_data_processing/dags/dag_raw_credit_scores.py
[2024-07-16T05:30:16.954+0530] {logging_mixin.py:188} INFO - [2024-07-16T05:30:16.953+0530] {dag.py:3096} INFO - Sync 1 DAGs
[2024-07-16T05:30:16.968+0530] {logging_mixin.py:188} INFO - [2024-07-16T05:30:16.967+0530] {dag.py:3954} INFO - Setting next_dagrun for raw_load_credit_scores to None, run_after=None
[2024-07-16T05:30:17.005+0530] {processor.py:183} INFO - Processing //home/kali/Desktop/projects/git/bank_data_processing/dags/dag_raw_credit_scores.py took 0.904 seconds
[2024-07-16T05:30:47.146+0530] {processor.py:161} INFO - Started process (PID=24983) to work on //home/kali/Desktop/projects/git/bank_data_processing/dags/dag_raw_credit_scores.py
[2024-07-16T05:30:47.148+0530] {processor.py:830} INFO - Processing file //home/kali/Desktop/projects/git/bank_data_processing/dags/dag_raw_credit_scores.py for tasks to queue
[2024-07-16T05:30:47.150+0530] {logging_mixin.py:188} INFO - [2024-07-16T05:30:47.150+0530] {dagbag.py:545} INFO - Filling up the DagBag from //home/kali/Desktop/projects/git/bank_data_processing/dags/dag_raw_credit_scores.py
[2024-07-16T05:30:47.874+0530] {logging_mixin.py:188} INFO - [2024-07-16T05:30:47.873+0530] {base.py:84} INFO - Using connection ID 'mysql_default' for task execution.
[2024-07-16T05:30:47.882+0530] {processor.py:840} INFO - DAG(s) 'raw_load_credit_scores' retrieved from //home/kali/Desktop/projects/git/bank_data_processing/dags/dag_raw_credit_scores.py
[2024-07-16T05:30:48.032+0530] {logging_mixin.py:188} INFO - [2024-07-16T05:30:48.031+0530] {dag.py:3096} INFO - Sync 1 DAGs
[2024-07-16T05:30:48.044+0530] {logging_mixin.py:188} INFO - [2024-07-16T05:30:48.044+0530] {dag.py:3954} INFO - Setting next_dagrun for raw_load_credit_scores to None, run_after=None
[2024-07-16T05:30:48.072+0530] {processor.py:183} INFO - Processing //home/kali/Desktop/projects/git/bank_data_processing/dags/dag_raw_credit_scores.py took 0.935 seconds
[2024-07-16T05:31:18.804+0530] {processor.py:161} INFO - Started process (PID=25741) to work on //home/kali/Desktop/projects/git/bank_data_processing/dags/dag_raw_credit_scores.py
[2024-07-16T05:31:18.811+0530] {processor.py:830} INFO - Processing file //home/kali/Desktop/projects/git/bank_data_processing/dags/dag_raw_credit_scores.py for tasks to queue
[2024-07-16T05:31:18.819+0530] {logging_mixin.py:188} INFO - [2024-07-16T05:31:18.818+0530] {dagbag.py:545} INFO - Filling up the DagBag from //home/kali/Desktop/projects/git/bank_data_processing/dags/dag_raw_credit_scores.py
[2024-07-16T05:31:19.881+0530] {logging_mixin.py:188} INFO - [2024-07-16T05:31:19.880+0530] {base.py:84} INFO - Using connection ID 'mysql_default' for task execution.
[2024-07-16T05:31:19.892+0530] {processor.py:840} INFO - DAG(s) 'raw_load_credit_scores' retrieved from //home/kali/Desktop/projects/git/bank_data_processing/dags/dag_raw_credit_scores.py
[2024-07-16T05:31:20.020+0530] {logging_mixin.py:188} INFO - [2024-07-16T05:31:20.019+0530] {dag.py:3096} INFO - Sync 1 DAGs
[2024-07-16T05:31:20.032+0530] {logging_mixin.py:188} INFO - [2024-07-16T05:31:20.032+0530] {dag.py:3954} INFO - Setting next_dagrun for raw_load_credit_scores to None, run_after=None
[2024-07-16T05:31:20.061+0530] {processor.py:183} INFO - Processing //home/kali/Desktop/projects/git/bank_data_processing/dags/dag_raw_credit_scores.py took 1.277 seconds
[2024-07-16T05:31:50.399+0530] {processor.py:161} INFO - Started process (PID=26398) to work on //home/kali/Desktop/projects/git/bank_data_processing/dags/dag_raw_credit_scores.py
[2024-07-16T05:31:50.405+0530] {processor.py:830} INFO - Processing file //home/kali/Desktop/projects/git/bank_data_processing/dags/dag_raw_credit_scores.py for tasks to queue
[2024-07-16T05:31:50.407+0530] {logging_mixin.py:188} INFO - [2024-07-16T05:31:50.406+0530] {dagbag.py:545} INFO - Filling up the DagBag from //home/kali/Desktop/projects/git/bank_data_processing/dags/dag_raw_credit_scores.py
[2024-07-16T05:31:51.034+0530] {logging_mixin.py:188} INFO - [2024-07-16T05:31:51.034+0530] {base.py:84} INFO - Using connection ID 'mysql_default' for task execution.
[2024-07-16T05:31:51.041+0530] {processor.py:840} INFO - DAG(s) 'raw_load_credit_scores' retrieved from //home/kali/Desktop/projects/git/bank_data_processing/dags/dag_raw_credit_scores.py
[2024-07-16T05:31:51.129+0530] {logging_mixin.py:188} INFO - [2024-07-16T05:31:51.129+0530] {dag.py:3096} INFO - Sync 1 DAGs
[2024-07-16T05:31:51.143+0530] {logging_mixin.py:188} INFO - [2024-07-16T05:31:51.142+0530] {dag.py:3954} INFO - Setting next_dagrun for raw_load_credit_scores to None, run_after=None
[2024-07-16T05:31:51.175+0530] {processor.py:183} INFO - Processing //home/kali/Desktop/projects/git/bank_data_processing/dags/dag_raw_credit_scores.py took 0.789 seconds
[2024-07-16T05:32:21.278+0530] {processor.py:161} INFO - Started process (PID=27190) to work on //home/kali/Desktop/projects/git/bank_data_processing/dags/dag_raw_credit_scores.py
[2024-07-16T05:32:21.284+0530] {processor.py:830} INFO - Processing file //home/kali/Desktop/projects/git/bank_data_processing/dags/dag_raw_credit_scores.py for tasks to queue
[2024-07-16T05:32:21.287+0530] {logging_mixin.py:188} INFO - [2024-07-16T05:32:21.286+0530] {dagbag.py:545} INFO - Filling up the DagBag from //home/kali/Desktop/projects/git/bank_data_processing/dags/dag_raw_credit_scores.py
[2024-07-16T05:32:21.760+0530] {logging_mixin.py:188} INFO - [2024-07-16T05:32:21.760+0530] {base.py:84} INFO - Using connection ID 'mysql_default' for task execution.
[2024-07-16T05:32:21.766+0530] {processor.py:840} INFO - DAG(s) 'raw_load_credit_scores' retrieved from //home/kali/Desktop/projects/git/bank_data_processing/dags/dag_raw_credit_scores.py
[2024-07-16T05:32:21.848+0530] {logging_mixin.py:188} INFO - [2024-07-16T05:32:21.848+0530] {dag.py:3096} INFO - Sync 1 DAGs
[2024-07-16T05:32:21.855+0530] {logging_mixin.py:188} INFO - [2024-07-16T05:32:21.855+0530] {dag.py:3954} INFO - Setting next_dagrun for raw_load_credit_scores to None, run_after=None
[2024-07-16T05:32:21.879+0530] {processor.py:183} INFO - Processing //home/kali/Desktop/projects/git/bank_data_processing/dags/dag_raw_credit_scores.py took 0.611 seconds
[2024-07-16T05:32:52.411+0530] {processor.py:161} INFO - Started process (PID=27938) to work on //home/kali/Desktop/projects/git/bank_data_processing/dags/dag_raw_credit_scores.py
[2024-07-16T05:32:52.418+0530] {processor.py:830} INFO - Processing file //home/kali/Desktop/projects/git/bank_data_processing/dags/dag_raw_credit_scores.py for tasks to queue
[2024-07-16T05:32:52.425+0530] {logging_mixin.py:188} INFO - [2024-07-16T05:32:52.423+0530] {dagbag.py:545} INFO - Filling up the DagBag from //home/kali/Desktop/projects/git/bank_data_processing/dags/dag_raw_credit_scores.py
[2024-07-16T05:32:52.985+0530] {logging_mixin.py:188} INFO - [2024-07-16T05:32:52.985+0530] {base.py:84} INFO - Using connection ID 'mysql_default' for task execution.
[2024-07-16T05:32:52.991+0530] {processor.py:840} INFO - DAG(s) 'raw_load_credit_scores' retrieved from //home/kali/Desktop/projects/git/bank_data_processing/dags/dag_raw_credit_scores.py
[2024-07-16T05:32:53.105+0530] {logging_mixin.py:188} INFO - [2024-07-16T05:32:53.104+0530] {dag.py:3096} INFO - Sync 1 DAGs
[2024-07-16T05:32:53.120+0530] {logging_mixin.py:188} INFO - [2024-07-16T05:32:53.120+0530] {dag.py:3954} INFO - Setting next_dagrun for raw_load_credit_scores to None, run_after=None
[2024-07-16T05:32:53.159+0530] {processor.py:183} INFO - Processing //home/kali/Desktop/projects/git/bank_data_processing/dags/dag_raw_credit_scores.py took 0.758 seconds
[2024-07-16T05:33:23.456+0530] {processor.py:161} INFO - Started process (PID=28651) to work on //home/kali/Desktop/projects/git/bank_data_processing/dags/dag_raw_credit_scores.py
[2024-07-16T05:33:23.459+0530] {processor.py:830} INFO - Processing file //home/kali/Desktop/projects/git/bank_data_processing/dags/dag_raw_credit_scores.py for tasks to queue
[2024-07-16T05:33:23.462+0530] {logging_mixin.py:188} INFO - [2024-07-16T05:33:23.461+0530] {dagbag.py:545} INFO - Filling up the DagBag from //home/kali/Desktop/projects/git/bank_data_processing/dags/dag_raw_credit_scores.py
[2024-07-16T05:33:24.010+0530] {logging_mixin.py:188} INFO - [2024-07-16T05:33:24.009+0530] {base.py:84} INFO - Using connection ID 'mysql_default' for task execution.
[2024-07-16T05:33:24.016+0530] {processor.py:840} INFO - DAG(s) 'raw_load_credit_scores' retrieved from //home/kali/Desktop/projects/git/bank_data_processing/dags/dag_raw_credit_scores.py
[2024-07-16T05:33:24.107+0530] {logging_mixin.py:188} INFO - [2024-07-16T05:33:24.107+0530] {dag.py:3096} INFO - Sync 1 DAGs
[2024-07-16T05:33:24.115+0530] {logging_mixin.py:188} INFO - [2024-07-16T05:33:24.114+0530] {dag.py:3954} INFO - Setting next_dagrun for raw_load_credit_scores to None, run_after=None
[2024-07-16T05:33:24.133+0530] {processor.py:183} INFO - Processing //home/kali/Desktop/projects/git/bank_data_processing/dags/dag_raw_credit_scores.py took 0.693 seconds
[2024-07-16T05:33:54.804+0530] {processor.py:161} INFO - Started process (PID=29385) to work on //home/kali/Desktop/projects/git/bank_data_processing/dags/dag_raw_credit_scores.py
[2024-07-16T05:33:54.811+0530] {processor.py:830} INFO - Processing file //home/kali/Desktop/projects/git/bank_data_processing/dags/dag_raw_credit_scores.py for tasks to queue
[2024-07-16T05:33:54.816+0530] {logging_mixin.py:188} INFO - [2024-07-16T05:33:54.815+0530] {dagbag.py:545} INFO - Filling up the DagBag from //home/kali/Desktop/projects/git/bank_data_processing/dags/dag_raw_credit_scores.py
[2024-07-16T05:33:55.342+0530] {logging_mixin.py:188} INFO - [2024-07-16T05:33:55.342+0530] {base.py:84} INFO - Using connection ID 'mysql_default' for task execution.
[2024-07-16T05:33:55.348+0530] {processor.py:840} INFO - DAG(s) 'raw_load_credit_scores' retrieved from //home/kali/Desktop/projects/git/bank_data_processing/dags/dag_raw_credit_scores.py
[2024-07-16T05:33:55.437+0530] {logging_mixin.py:188} INFO - [2024-07-16T05:33:55.436+0530] {dag.py:3096} INFO - Sync 1 DAGs
[2024-07-16T05:33:55.444+0530] {logging_mixin.py:188} INFO - [2024-07-16T05:33:55.444+0530] {dag.py:3954} INFO - Setting next_dagrun for raw_load_credit_scores to None, run_after=None
[2024-07-16T05:33:55.462+0530] {processor.py:183} INFO - Processing //home/kali/Desktop/projects/git/bank_data_processing/dags/dag_raw_credit_scores.py took 0.675 seconds
[2024-07-16T05:34:25.548+0530] {processor.py:161} INFO - Started process (PID=30071) to work on //home/kali/Desktop/projects/git/bank_data_processing/dags/dag_raw_credit_scores.py
[2024-07-16T05:34:25.555+0530] {processor.py:830} INFO - Processing file //home/kali/Desktop/projects/git/bank_data_processing/dags/dag_raw_credit_scores.py for tasks to queue
[2024-07-16T05:34:25.558+0530] {logging_mixin.py:188} INFO - [2024-07-16T05:34:25.558+0530] {dagbag.py:545} INFO - Filling up the DagBag from //home/kali/Desktop/projects/git/bank_data_processing/dags/dag_raw_credit_scores.py
[2024-07-16T05:34:26.197+0530] {logging_mixin.py:188} INFO - [2024-07-16T05:34:26.196+0530] {base.py:84} INFO - Using connection ID 'mysql_default' for task execution.
[2024-07-16T05:34:26.207+0530] {processor.py:840} INFO - DAG(s) 'raw_load_credit_scores' retrieved from //home/kali/Desktop/projects/git/bank_data_processing/dags/dag_raw_credit_scores.py
[2024-07-16T05:34:26.348+0530] {logging_mixin.py:188} INFO - [2024-07-16T05:34:26.347+0530] {dag.py:3096} INFO - Sync 1 DAGs
[2024-07-16T05:34:26.360+0530] {logging_mixin.py:188} INFO - [2024-07-16T05:34:26.360+0530] {dag.py:3954} INFO - Setting next_dagrun for raw_load_credit_scores to None, run_after=None
[2024-07-16T05:34:26.396+0530] {processor.py:183} INFO - Processing //home/kali/Desktop/projects/git/bank_data_processing/dags/dag_raw_credit_scores.py took 0.868 seconds
[2024-07-16T05:34:56.884+0530] {processor.py:161} INFO - Started process (PID=30858) to work on //home/kali/Desktop/projects/git/bank_data_processing/dags/dag_raw_credit_scores.py
[2024-07-16T05:34:56.891+0530] {processor.py:830} INFO - Processing file //home/kali/Desktop/projects/git/bank_data_processing/dags/dag_raw_credit_scores.py for tasks to queue
[2024-07-16T05:34:56.894+0530] {logging_mixin.py:188} INFO - [2024-07-16T05:34:56.893+0530] {dagbag.py:545} INFO - Filling up the DagBag from //home/kali/Desktop/projects/git/bank_data_processing/dags/dag_raw_credit_scores.py
[2024-07-16T05:34:57.349+0530] {logging_mixin.py:188} INFO - [2024-07-16T05:34:57.349+0530] {base.py:84} INFO - Using connection ID 'mysql_default' for task execution.
[2024-07-16T05:34:57.355+0530] {processor.py:840} INFO - DAG(s) 'raw_load_credit_scores' retrieved from //home/kali/Desktop/projects/git/bank_data_processing/dags/dag_raw_credit_scores.py
[2024-07-16T05:34:57.438+0530] {logging_mixin.py:188} INFO - [2024-07-16T05:34:57.437+0530] {dag.py:3096} INFO - Sync 1 DAGs
[2024-07-16T05:34:57.445+0530] {logging_mixin.py:188} INFO - [2024-07-16T05:34:57.445+0530] {dag.py:3954} INFO - Setting next_dagrun for raw_load_credit_scores to None, run_after=None
[2024-07-16T05:34:57.465+0530] {processor.py:183} INFO - Processing //home/kali/Desktop/projects/git/bank_data_processing/dags/dag_raw_credit_scores.py took 0.592 seconds
[2024-07-16T05:35:28.268+0530] {processor.py:161} INFO - Started process (PID=31615) to work on //home/kali/Desktop/projects/git/bank_data_processing/dags/dag_raw_credit_scores.py
[2024-07-16T05:35:28.273+0530] {processor.py:830} INFO - Processing file //home/kali/Desktop/projects/git/bank_data_processing/dags/dag_raw_credit_scores.py for tasks to queue
[2024-07-16T05:35:28.276+0530] {logging_mixin.py:188} INFO - [2024-07-16T05:35:28.275+0530] {dagbag.py:545} INFO - Filling up the DagBag from //home/kali/Desktop/projects/git/bank_data_processing/dags/dag_raw_credit_scores.py
[2024-07-16T05:35:28.744+0530] {logging_mixin.py:188} INFO - [2024-07-16T05:35:28.744+0530] {base.py:84} INFO - Using connection ID 'mysql_default' for task execution.
[2024-07-16T05:35:28.750+0530] {processor.py:840} INFO - DAG(s) 'raw_load_credit_scores' retrieved from //home/kali/Desktop/projects/git/bank_data_processing/dags/dag_raw_credit_scores.py
[2024-07-16T05:35:28.831+0530] {logging_mixin.py:188} INFO - [2024-07-16T05:35:28.831+0530] {dag.py:3096} INFO - Sync 1 DAGs
[2024-07-16T05:35:28.842+0530] {logging_mixin.py:188} INFO - [2024-07-16T05:35:28.842+0530] {dag.py:3954} INFO - Setting next_dagrun for raw_load_credit_scores to None, run_after=None
[2024-07-16T05:35:28.867+0530] {processor.py:183} INFO - Processing //home/kali/Desktop/projects/git/bank_data_processing/dags/dag_raw_credit_scores.py took 0.607 seconds
[2024-07-16T05:35:59.000+0530] {processor.py:161} INFO - Started process (PID=32399) to work on //home/kali/Desktop/projects/git/bank_data_processing/dags/dag_raw_credit_scores.py
[2024-07-16T05:35:59.006+0530] {processor.py:830} INFO - Processing file //home/kali/Desktop/projects/git/bank_data_processing/dags/dag_raw_credit_scores.py for tasks to queue
[2024-07-16T05:35:59.008+0530] {logging_mixin.py:188} INFO - [2024-07-16T05:35:59.008+0530] {dagbag.py:545} INFO - Filling up the DagBag from //home/kali/Desktop/projects/git/bank_data_processing/dags/dag_raw_credit_scores.py
[2024-07-16T05:35:59.556+0530] {logging_mixin.py:188} INFO - [2024-07-16T05:35:59.555+0530] {base.py:84} INFO - Using connection ID 'mysql_default' for task execution.
[2024-07-16T05:35:59.565+0530] {processor.py:840} INFO - DAG(s) 'raw_load_credit_scores' retrieved from //home/kali/Desktop/projects/git/bank_data_processing/dags/dag_raw_credit_scores.py
[2024-07-16T05:35:59.661+0530] {logging_mixin.py:188} INFO - [2024-07-16T05:35:59.660+0530] {dag.py:3096} INFO - Sync 1 DAGs
[2024-07-16T05:35:59.668+0530] {logging_mixin.py:188} INFO - [2024-07-16T05:35:59.668+0530] {dag.py:3954} INFO - Setting next_dagrun for raw_load_credit_scores to None, run_after=None
[2024-07-16T05:35:59.688+0530] {processor.py:183} INFO - Processing //home/kali/Desktop/projects/git/bank_data_processing/dags/dag_raw_credit_scores.py took 0.707 seconds
[2024-07-16T05:36:29.850+0530] {processor.py:161} INFO - Started process (PID=33131) to work on //home/kali/Desktop/projects/git/bank_data_processing/dags/dag_raw_credit_scores.py
[2024-07-16T05:36:29.856+0530] {processor.py:830} INFO - Processing file //home/kali/Desktop/projects/git/bank_data_processing/dags/dag_raw_credit_scores.py for tasks to queue
[2024-07-16T05:36:29.858+0530] {logging_mixin.py:188} INFO - [2024-07-16T05:36:29.857+0530] {dagbag.py:545} INFO - Filling up the DagBag from //home/kali/Desktop/projects/git/bank_data_processing/dags/dag_raw_credit_scores.py
[2024-07-16T05:36:30.572+0530] {logging_mixin.py:188} INFO - [2024-07-16T05:36:30.572+0530] {base.py:84} INFO - Using connection ID 'mysql_default' for task execution.
[2024-07-16T05:36:30.583+0530] {processor.py:840} INFO - DAG(s) 'raw_load_credit_scores' retrieved from //home/kali/Desktop/projects/git/bank_data_processing/dags/dag_raw_credit_scores.py
[2024-07-16T05:36:30.730+0530] {logging_mixin.py:188} INFO - [2024-07-16T05:36:30.729+0530] {dag.py:3096} INFO - Sync 1 DAGs
[2024-07-16T05:36:30.742+0530] {logging_mixin.py:188} INFO - [2024-07-16T05:36:30.742+0530] {dag.py:3954} INFO - Setting next_dagrun for raw_load_credit_scores to None, run_after=None
[2024-07-16T05:36:30.775+0530] {processor.py:183} INFO - Processing //home/kali/Desktop/projects/git/bank_data_processing/dags/dag_raw_credit_scores.py took 0.931 seconds
[2024-07-16T05:37:01.006+0530] {processor.py:161} INFO - Started process (PID=33766) to work on //home/kali/Desktop/projects/git/bank_data_processing/dags/dag_raw_credit_scores.py
[2024-07-16T05:37:01.012+0530] {processor.py:830} INFO - Processing file //home/kali/Desktop/projects/git/bank_data_processing/dags/dag_raw_credit_scores.py for tasks to queue
[2024-07-16T05:37:01.015+0530] {logging_mixin.py:188} INFO - [2024-07-16T05:37:01.014+0530] {dagbag.py:545} INFO - Filling up the DagBag from //home/kali/Desktop/projects/git/bank_data_processing/dags/dag_raw_credit_scores.py
[2024-07-16T05:37:01.571+0530] {logging_mixin.py:188} INFO - [2024-07-16T05:37:01.571+0530] {base.py:84} INFO - Using connection ID 'mysql_default' for task execution.
[2024-07-16T05:37:01.580+0530] {processor.py:840} INFO - DAG(s) 'raw_load_credit_scores' retrieved from //home/kali/Desktop/projects/git/bank_data_processing/dags/dag_raw_credit_scores.py
[2024-07-16T05:37:01.700+0530] {logging_mixin.py:188} INFO - [2024-07-16T05:37:01.699+0530] {dag.py:3096} INFO - Sync 1 DAGs
[2024-07-16T05:37:01.709+0530] {logging_mixin.py:188} INFO - [2024-07-16T05:37:01.709+0530] {dag.py:3954} INFO - Setting next_dagrun for raw_load_credit_scores to None, run_after=None
[2024-07-16T05:37:01.738+0530] {processor.py:183} INFO - Processing //home/kali/Desktop/projects/git/bank_data_processing/dags/dag_raw_credit_scores.py took 0.741 seconds
[2024-07-16T05:37:32.168+0530] {processor.py:161} INFO - Started process (PID=34458) to work on //home/kali/Desktop/projects/git/bank_data_processing/dags/dag_raw_credit_scores.py
[2024-07-16T05:37:32.169+0530] {processor.py:830} INFO - Processing file //home/kali/Desktop/projects/git/bank_data_processing/dags/dag_raw_credit_scores.py for tasks to queue
[2024-07-16T05:37:32.171+0530] {logging_mixin.py:188} INFO - [2024-07-16T05:37:32.170+0530] {dagbag.py:545} INFO - Filling up the DagBag from //home/kali/Desktop/projects/git/bank_data_processing/dags/dag_raw_credit_scores.py
[2024-07-16T05:37:32.678+0530] {logging_mixin.py:188} INFO - [2024-07-16T05:37:32.678+0530] {base.py:84} INFO - Using connection ID 'mysql_default' for task execution.
[2024-07-16T05:37:32.684+0530] {processor.py:840} INFO - DAG(s) 'raw_load_credit_scores' retrieved from //home/kali/Desktop/projects/git/bank_data_processing/dags/dag_raw_credit_scores.py
[2024-07-16T05:37:32.772+0530] {logging_mixin.py:188} INFO - [2024-07-16T05:37:32.771+0530] {dag.py:3096} INFO - Sync 1 DAGs
[2024-07-16T05:37:32.779+0530] {logging_mixin.py:188} INFO - [2024-07-16T05:37:32.779+0530] {dag.py:3954} INFO - Setting next_dagrun for raw_load_credit_scores to None, run_after=None
[2024-07-16T05:37:32.805+0530] {processor.py:183} INFO - Processing //home/kali/Desktop/projects/git/bank_data_processing/dags/dag_raw_credit_scores.py took 0.647 seconds
[2024-07-16T05:38:03.135+0530] {processor.py:161} INFO - Started process (PID=35180) to work on //home/kali/Desktop/projects/git/bank_data_processing/dags/dag_raw_credit_scores.py
[2024-07-16T05:38:03.141+0530] {processor.py:830} INFO - Processing file //home/kali/Desktop/projects/git/bank_data_processing/dags/dag_raw_credit_scores.py for tasks to queue
[2024-07-16T05:38:03.143+0530] {logging_mixin.py:188} INFO - [2024-07-16T05:38:03.143+0530] {dagbag.py:545} INFO - Filling up the DagBag from //home/kali/Desktop/projects/git/bank_data_processing/dags/dag_raw_credit_scores.py
[2024-07-16T05:38:03.615+0530] {logging_mixin.py:188} INFO - [2024-07-16T05:38:03.614+0530] {base.py:84} INFO - Using connection ID 'mysql_default' for task execution.
[2024-07-16T05:38:03.621+0530] {processor.py:840} INFO - DAG(s) 'raw_load_credit_scores' retrieved from //home/kali/Desktop/projects/git/bank_data_processing/dags/dag_raw_credit_scores.py
[2024-07-16T05:38:03.744+0530] {logging_mixin.py:188} INFO - [2024-07-16T05:38:03.744+0530] {dag.py:3096} INFO - Sync 1 DAGs
[2024-07-16T05:38:03.756+0530] {logging_mixin.py:188} INFO - [2024-07-16T05:38:03.756+0530] {dag.py:3954} INFO - Setting next_dagrun for raw_load_credit_scores to None, run_after=None
[2024-07-16T05:38:03.778+0530] {processor.py:183} INFO - Processing //home/kali/Desktop/projects/git/bank_data_processing/dags/dag_raw_credit_scores.py took 0.660 seconds
[2024-07-16T05:38:34.189+0530] {processor.py:161} INFO - Started process (PID=35840) to work on //home/kali/Desktop/projects/git/bank_data_processing/dags/dag_raw_credit_scores.py
[2024-07-16T05:38:34.196+0530] {processor.py:830} INFO - Processing file //home/kali/Desktop/projects/git/bank_data_processing/dags/dag_raw_credit_scores.py for tasks to queue
[2024-07-16T05:38:34.199+0530] {logging_mixin.py:188} INFO - [2024-07-16T05:38:34.198+0530] {dagbag.py:545} INFO - Filling up the DagBag from //home/kali/Desktop/projects/git/bank_data_processing/dags/dag_raw_credit_scores.py
[2024-07-16T05:38:34.647+0530] {logging_mixin.py:188} INFO - [2024-07-16T05:38:34.647+0530] {base.py:84} INFO - Using connection ID 'mysql_default' for task execution.
[2024-07-16T05:38:34.653+0530] {processor.py:840} INFO - DAG(s) 'raw_load_credit_scores' retrieved from //home/kali/Desktop/projects/git/bank_data_processing/dags/dag_raw_credit_scores.py
[2024-07-16T05:38:34.735+0530] {logging_mixin.py:188} INFO - [2024-07-16T05:38:34.734+0530] {dag.py:3096} INFO - Sync 1 DAGs
[2024-07-16T05:38:34.742+0530] {logging_mixin.py:188} INFO - [2024-07-16T05:38:34.742+0530] {dag.py:3954} INFO - Setting next_dagrun for raw_load_credit_scores to None, run_after=None
[2024-07-16T05:38:34.765+0530] {processor.py:183} INFO - Processing //home/kali/Desktop/projects/git/bank_data_processing/dags/dag_raw_credit_scores.py took 0.597 seconds
[2024-07-16T05:39:05.392+0530] {processor.py:161} INFO - Started process (PID=36644) to work on //home/kali/Desktop/projects/git/bank_data_processing/dags/dag_raw_credit_scores.py
[2024-07-16T05:39:05.395+0530] {processor.py:830} INFO - Processing file //home/kali/Desktop/projects/git/bank_data_processing/dags/dag_raw_credit_scores.py for tasks to queue
[2024-07-16T05:39:05.399+0530] {logging_mixin.py:188} INFO - [2024-07-16T05:39:05.398+0530] {dagbag.py:545} INFO - Filling up the DagBag from //home/kali/Desktop/projects/git/bank_data_processing/dags/dag_raw_credit_scores.py
[2024-07-16T05:39:06.020+0530] {logging_mixin.py:188} INFO - [2024-07-16T05:39:06.020+0530] {base.py:84} INFO - Using connection ID 'mysql_default' for task execution.
[2024-07-16T05:39:06.029+0530] {processor.py:840} INFO - DAG(s) 'raw_load_credit_scores' retrieved from //home/kali/Desktop/projects/git/bank_data_processing/dags/dag_raw_credit_scores.py
[2024-07-16T05:39:06.181+0530] {logging_mixin.py:188} INFO - [2024-07-16T05:39:06.181+0530] {dag.py:3096} INFO - Sync 1 DAGs
[2024-07-16T05:39:06.194+0530] {logging_mixin.py:188} INFO - [2024-07-16T05:39:06.194+0530] {dag.py:3954} INFO - Setting next_dagrun for raw_load_credit_scores to None, run_after=None
[2024-07-16T05:39:06.229+0530] {processor.py:183} INFO - Processing //home/kali/Desktop/projects/git/bank_data_processing/dags/dag_raw_credit_scores.py took 0.856 seconds
[2024-07-16T05:39:36.464+0530] {processor.py:161} INFO - Started process (PID=37442) to work on //home/kali/Desktop/projects/git/bank_data_processing/dags/dag_raw_credit_scores.py
[2024-07-16T05:39:36.466+0530] {processor.py:830} INFO - Processing file //home/kali/Desktop/projects/git/bank_data_processing/dags/dag_raw_credit_scores.py for tasks to queue
[2024-07-16T05:39:36.468+0530] {logging_mixin.py:188} INFO - [2024-07-16T05:39:36.468+0530] {dagbag.py:545} INFO - Filling up the DagBag from //home/kali/Desktop/projects/git/bank_data_processing/dags/dag_raw_credit_scores.py
[2024-07-16T05:39:37.060+0530] {logging_mixin.py:188} INFO - [2024-07-16T05:39:37.060+0530] {base.py:84} INFO - Using connection ID 'mysql_default' for task execution.
[2024-07-16T05:39:37.067+0530] {processor.py:840} INFO - DAG(s) 'raw_load_credit_scores' retrieved from //home/kali/Desktop/projects/git/bank_data_processing/dags/dag_raw_credit_scores.py
[2024-07-16T05:39:37.169+0530] {logging_mixin.py:188} INFO - [2024-07-16T05:39:37.168+0530] {dag.py:3096} INFO - Sync 1 DAGs
[2024-07-16T05:39:37.177+0530] {logging_mixin.py:188} INFO - [2024-07-16T05:39:37.176+0530] {dag.py:3954} INFO - Setting next_dagrun for raw_load_credit_scores to None, run_after=None
[2024-07-16T05:39:37.201+0530] {processor.py:183} INFO - Processing //home/kali/Desktop/projects/git/bank_data_processing/dags/dag_raw_credit_scores.py took 0.755 seconds
[2024-07-16T05:40:07.435+0530] {processor.py:161} INFO - Started process (PID=38195) to work on //home/kali/Desktop/projects/git/bank_data_processing/dags/dag_raw_credit_scores.py
[2024-07-16T05:40:07.436+0530] {processor.py:830} INFO - Processing file //home/kali/Desktop/projects/git/bank_data_processing/dags/dag_raw_credit_scores.py for tasks to queue
[2024-07-16T05:40:07.438+0530] {logging_mixin.py:188} INFO - [2024-07-16T05:40:07.438+0530] {dagbag.py:545} INFO - Filling up the DagBag from //home/kali/Desktop/projects/git/bank_data_processing/dags/dag_raw_credit_scores.py
[2024-07-16T05:40:07.891+0530] {logging_mixin.py:188} INFO - [2024-07-16T05:40:07.890+0530] {base.py:84} INFO - Using connection ID 'mysql_default' for task execution.
[2024-07-16T05:40:07.896+0530] {processor.py:840} INFO - DAG(s) 'raw_load_credit_scores' retrieved from //home/kali/Desktop/projects/git/bank_data_processing/dags/dag_raw_credit_scores.py
[2024-07-16T05:40:07.979+0530] {logging_mixin.py:188} INFO - [2024-07-16T05:40:07.978+0530] {dag.py:3096} INFO - Sync 1 DAGs
[2024-07-16T05:40:07.986+0530] {logging_mixin.py:188} INFO - [2024-07-16T05:40:07.986+0530] {dag.py:3954} INFO - Setting next_dagrun for raw_load_credit_scores to None, run_after=None
[2024-07-16T05:40:08.010+0530] {processor.py:183} INFO - Processing //home/kali/Desktop/projects/git/bank_data_processing/dags/dag_raw_credit_scores.py took 0.582 seconds
[2024-07-16T05:40:38.512+0530] {processor.py:161} INFO - Started process (PID=38908) to work on //home/kali/Desktop/projects/git/bank_data_processing/dags/dag_raw_credit_scores.py
[2024-07-16T05:40:38.513+0530] {processor.py:830} INFO - Processing file //home/kali/Desktop/projects/git/bank_data_processing/dags/dag_raw_credit_scores.py for tasks to queue
[2024-07-16T05:40:38.515+0530] {logging_mixin.py:188} INFO - [2024-07-16T05:40:38.515+0530] {dagbag.py:545} INFO - Filling up the DagBag from //home/kali/Desktop/projects/git/bank_data_processing/dags/dag_raw_credit_scores.py
[2024-07-16T05:40:39.037+0530] {logging_mixin.py:188} INFO - [2024-07-16T05:40:39.037+0530] {base.py:84} INFO - Using connection ID 'mysql_default' for task execution.
[2024-07-16T05:40:39.043+0530] {processor.py:840} INFO - DAG(s) 'raw_load_credit_scores' retrieved from //home/kali/Desktop/projects/git/bank_data_processing/dags/dag_raw_credit_scores.py
[2024-07-16T05:40:39.142+0530] {logging_mixin.py:188} INFO - [2024-07-16T05:40:39.141+0530] {dag.py:3096} INFO - Sync 1 DAGs
[2024-07-16T05:40:39.157+0530] {logging_mixin.py:188} INFO - [2024-07-16T05:40:39.157+0530] {dag.py:3954} INFO - Setting next_dagrun for raw_load_credit_scores to None, run_after=None
[2024-07-16T05:40:39.186+0530] {processor.py:183} INFO - Processing //home/kali/Desktop/projects/git/bank_data_processing/dags/dag_raw_credit_scores.py took 0.680 seconds
[2024-07-16T05:41:09.445+0530] {processor.py:161} INFO - Started process (PID=39564) to work on //home/kali/Desktop/projects/git/bank_data_processing/dags/dag_raw_credit_scores.py
[2024-07-16T05:41:09.446+0530] {processor.py:830} INFO - Processing file //home/kali/Desktop/projects/git/bank_data_processing/dags/dag_raw_credit_scores.py for tasks to queue
[2024-07-16T05:41:09.447+0530] {logging_mixin.py:188} INFO - [2024-07-16T05:41:09.447+0530] {dagbag.py:545} INFO - Filling up the DagBag from //home/kali/Desktop/projects/git/bank_data_processing/dags/dag_raw_credit_scores.py
[2024-07-16T05:41:09.904+0530] {logging_mixin.py:188} INFO - [2024-07-16T05:41:09.903+0530] {base.py:84} INFO - Using connection ID 'mysql_default' for task execution.
[2024-07-16T05:41:09.911+0530] {processor.py:840} INFO - DAG(s) 'raw_load_credit_scores' retrieved from //home/kali/Desktop/projects/git/bank_data_processing/dags/dag_raw_credit_scores.py
[2024-07-16T05:41:09.999+0530] {logging_mixin.py:188} INFO - [2024-07-16T05:41:09.998+0530] {dag.py:3096} INFO - Sync 1 DAGs
[2024-07-16T05:41:10.006+0530] {logging_mixin.py:188} INFO - [2024-07-16T05:41:10.006+0530] {dag.py:3954} INFO - Setting next_dagrun for raw_load_credit_scores to None, run_after=None
[2024-07-16T05:41:10.029+0530] {processor.py:183} INFO - Processing //home/kali/Desktop/projects/git/bank_data_processing/dags/dag_raw_credit_scores.py took 0.592 seconds
[2024-07-16T05:41:40.737+0530] {processor.py:161} INFO - Started process (PID=40339) to work on //home/kali/Desktop/projects/git/bank_data_processing/dags/dag_raw_credit_scores.py
[2024-07-16T05:41:40.741+0530] {processor.py:830} INFO - Processing file //home/kali/Desktop/projects/git/bank_data_processing/dags/dag_raw_credit_scores.py for tasks to queue
[2024-07-16T05:41:40.746+0530] {logging_mixin.py:188} INFO - [2024-07-16T05:41:40.745+0530] {dagbag.py:545} INFO - Filling up the DagBag from //home/kali/Desktop/projects/git/bank_data_processing/dags/dag_raw_credit_scores.py
[2024-07-16T05:41:41.528+0530] {logging_mixin.py:188} INFO - [2024-07-16T05:41:41.527+0530] {base.py:84} INFO - Using connection ID 'mysql_default' for task execution.
[2024-07-16T05:41:41.539+0530] {processor.py:840} INFO - DAG(s) 'raw_load_credit_scores' retrieved from //home/kali/Desktop/projects/git/bank_data_processing/dags/dag_raw_credit_scores.py
[2024-07-16T05:41:41.684+0530] {logging_mixin.py:188} INFO - [2024-07-16T05:41:41.683+0530] {dag.py:3096} INFO - Sync 1 DAGs
[2024-07-16T05:41:41.695+0530] {logging_mixin.py:188} INFO - [2024-07-16T05:41:41.695+0530] {dag.py:3954} INFO - Setting next_dagrun for raw_load_credit_scores to None, run_after=None
[2024-07-16T05:41:41.740+0530] {processor.py:183} INFO - Processing //home/kali/Desktop/projects/git/bank_data_processing/dags/dag_raw_credit_scores.py took 1.019 seconds
[2024-07-16T05:42:12.170+0530] {processor.py:161} INFO - Started process (PID=41084) to work on //home/kali/Desktop/projects/git/bank_data_processing/dags/dag_raw_credit_scores.py
[2024-07-16T05:42:12.173+0530] {processor.py:830} INFO - Processing file //home/kali/Desktop/projects/git/bank_data_processing/dags/dag_raw_credit_scores.py for tasks to queue
[2024-07-16T05:42:12.175+0530] {logging_mixin.py:188} INFO - [2024-07-16T05:42:12.175+0530] {dagbag.py:545} INFO - Filling up the DagBag from //home/kali/Desktop/projects/git/bank_data_processing/dags/dag_raw_credit_scores.py
[2024-07-16T05:42:12.819+0530] {logging_mixin.py:188} INFO - [2024-07-16T05:42:12.818+0530] {base.py:84} INFO - Using connection ID 'mysql_default' for task execution.
[2024-07-16T05:42:12.827+0530] {processor.py:840} INFO - DAG(s) 'raw_load_credit_scores' retrieved from //home/kali/Desktop/projects/git/bank_data_processing/dags/dag_raw_credit_scores.py
[2024-07-16T05:42:12.932+0530] {logging_mixin.py:188} INFO - [2024-07-16T05:42:12.932+0530] {dag.py:3096} INFO - Sync 1 DAGs
[2024-07-16T05:42:12.940+0530] {logging_mixin.py:188} INFO - [2024-07-16T05:42:12.940+0530] {dag.py:3954} INFO - Setting next_dagrun for raw_load_credit_scores to None, run_after=None
[2024-07-16T05:42:12.961+0530] {processor.py:183} INFO - Processing //home/kali/Desktop/projects/git/bank_data_processing/dags/dag_raw_credit_scores.py took 0.802 seconds
[2024-07-16T05:42:43.608+0530] {processor.py:161} INFO - Started process (PID=41907) to work on //home/kali/Desktop/projects/git/bank_data_processing/dags/dag_raw_credit_scores.py
[2024-07-16T05:42:43.610+0530] {processor.py:830} INFO - Processing file //home/kali/Desktop/projects/git/bank_data_processing/dags/dag_raw_credit_scores.py for tasks to queue
[2024-07-16T05:42:43.612+0530] {logging_mixin.py:188} INFO - [2024-07-16T05:42:43.611+0530] {dagbag.py:545} INFO - Filling up the DagBag from //home/kali/Desktop/projects/git/bank_data_processing/dags/dag_raw_credit_scores.py
[2024-07-16T05:42:44.140+0530] {logging_mixin.py:188} INFO - [2024-07-16T05:42:44.140+0530] {base.py:84} INFO - Using connection ID 'mysql_default' for task execution.
[2024-07-16T05:42:44.146+0530] {processor.py:840} INFO - DAG(s) 'raw_load_credit_scores' retrieved from //home/kali/Desktop/projects/git/bank_data_processing/dags/dag_raw_credit_scores.py
[2024-07-16T05:42:44.231+0530] {logging_mixin.py:188} INFO - [2024-07-16T05:42:44.231+0530] {dag.py:3096} INFO - Sync 1 DAGs
[2024-07-16T05:42:44.239+0530] {logging_mixin.py:188} INFO - [2024-07-16T05:42:44.239+0530] {dag.py:3954} INFO - Setting next_dagrun for raw_load_credit_scores to None, run_after=None
[2024-07-16T05:42:44.258+0530] {processor.py:183} INFO - Processing //home/kali/Desktop/projects/git/bank_data_processing/dags/dag_raw_credit_scores.py took 0.661 seconds
[2024-07-16T05:43:15.429+0530] {processor.py:161} INFO - Started process (PID=42628) to work on //home/kali/Desktop/projects/git/bank_data_processing/dags/dag_raw_credit_scores.py
[2024-07-16T05:43:15.432+0530] {processor.py:830} INFO - Processing file //home/kali/Desktop/projects/git/bank_data_processing/dags/dag_raw_credit_scores.py for tasks to queue
[2024-07-16T05:43:15.434+0530] {logging_mixin.py:188} INFO - [2024-07-16T05:43:15.434+0530] {dagbag.py:545} INFO - Filling up the DagBag from //home/kali/Desktop/projects/git/bank_data_processing/dags/dag_raw_credit_scores.py
[2024-07-16T05:43:16.144+0530] {logging_mixin.py:188} INFO - [2024-07-16T05:43:16.144+0530] {base.py:84} INFO - Using connection ID 'mysql_default' for task execution.
[2024-07-16T05:43:16.152+0530] {processor.py:840} INFO - DAG(s) 'raw_load_credit_scores' retrieved from //home/kali/Desktop/projects/git/bank_data_processing/dags/dag_raw_credit_scores.py
[2024-07-16T05:43:16.253+0530] {logging_mixin.py:188} INFO - [2024-07-16T05:43:16.252+0530] {dag.py:3096} INFO - Sync 1 DAGs
[2024-07-16T05:43:16.263+0530] {logging_mixin.py:188} INFO - [2024-07-16T05:43:16.262+0530] {dag.py:3954} INFO - Setting next_dagrun for raw_load_credit_scores to None, run_after=None
[2024-07-16T05:43:16.285+0530] {processor.py:183} INFO - Processing //home/kali/Desktop/projects/git/bank_data_processing/dags/dag_raw_credit_scores.py took 0.866 seconds
[2024-07-16T05:43:47.421+0530] {processor.py:161} INFO - Started process (PID=43832) to work on //home/kali/Desktop/projects/git/bank_data_processing/dags/dag_raw_credit_scores.py
[2024-07-16T05:43:47.425+0530] {processor.py:830} INFO - Processing file //home/kali/Desktop/projects/git/bank_data_processing/dags/dag_raw_credit_scores.py for tasks to queue
[2024-07-16T05:43:47.428+0530] {logging_mixin.py:188} INFO - [2024-07-16T05:43:47.427+0530] {dagbag.py:545} INFO - Filling up the DagBag from //home/kali/Desktop/projects/git/bank_data_processing/dags/dag_raw_credit_scores.py
[2024-07-16T05:43:48.370+0530] {logging_mixin.py:188} INFO - [2024-07-16T05:43:48.368+0530] {base.py:84} INFO - Using connection ID 'mysql_default' for task execution.
[2024-07-16T05:43:48.383+0530] {processor.py:840} INFO - DAG(s) 'raw_load_credit_scores' retrieved from //home/kali/Desktop/projects/git/bank_data_processing/dags/dag_raw_credit_scores.py
[2024-07-16T05:43:48.626+0530] {logging_mixin.py:188} INFO - [2024-07-16T05:43:48.625+0530] {dag.py:3096} INFO - Sync 1 DAGs
[2024-07-16T05:43:48.652+0530] {logging_mixin.py:188} INFO - [2024-07-16T05:43:48.651+0530] {dag.py:3954} INFO - Setting next_dagrun for raw_load_credit_scores to None, run_after=None
[2024-07-16T05:43:48.699+0530] {processor.py:183} INFO - Processing //home/kali/Desktop/projects/git/bank_data_processing/dags/dag_raw_credit_scores.py took 1.291 seconds
[2024-07-16T05:44:19.411+0530] {processor.py:161} INFO - Started process (PID=44820) to work on //home/kali/Desktop/projects/git/bank_data_processing/dags/dag_raw_credit_scores.py
[2024-07-16T05:44:19.412+0530] {processor.py:830} INFO - Processing file //home/kali/Desktop/projects/git/bank_data_processing/dags/dag_raw_credit_scores.py for tasks to queue
[2024-07-16T05:44:19.415+0530] {logging_mixin.py:188} INFO - [2024-07-16T05:44:19.414+0530] {dagbag.py:545} INFO - Filling up the DagBag from //home/kali/Desktop/projects/git/bank_data_processing/dags/dag_raw_credit_scores.py
[2024-07-16T05:44:20.055+0530] {logging_mixin.py:188} INFO - [2024-07-16T05:44:20.055+0530] {base.py:84} INFO - Using connection ID 'mysql_default' for task execution.
[2024-07-16T05:44:20.062+0530] {processor.py:840} INFO - DAG(s) 'raw_load_credit_scores' retrieved from //home/kali/Desktop/projects/git/bank_data_processing/dags/dag_raw_credit_scores.py
[2024-07-16T05:44:20.171+0530] {logging_mixin.py:188} INFO - [2024-07-16T05:44:20.170+0530] {dag.py:3096} INFO - Sync 1 DAGs
[2024-07-16T05:44:20.182+0530] {logging_mixin.py:188} INFO - [2024-07-16T05:44:20.181+0530] {dag.py:3954} INFO - Setting next_dagrun for raw_load_credit_scores to None, run_after=None
[2024-07-16T05:44:20.208+0530] {processor.py:183} INFO - Processing //home/kali/Desktop/projects/git/bank_data_processing/dags/dag_raw_credit_scores.py took 0.808 seconds
[2024-07-16T05:44:50.527+0530] {processor.py:161} INFO - Started process (PID=45614) to work on //home/kali/Desktop/projects/git/bank_data_processing/dags/dag_raw_credit_scores.py
[2024-07-16T05:44:50.529+0530] {processor.py:830} INFO - Processing file //home/kali/Desktop/projects/git/bank_data_processing/dags/dag_raw_credit_scores.py for tasks to queue
[2024-07-16T05:44:50.529+0530] {logging_mixin.py:188} INFO - [2024-07-16T05:44:50.529+0530] {dagbag.py:545} INFO - Filling up the DagBag from //home/kali/Desktop/projects/git/bank_data_processing/dags/dag_raw_credit_scores.py
[2024-07-16T05:44:51.241+0530] {logging_mixin.py:188} INFO - [2024-07-16T05:44:51.240+0530] {base.py:84} INFO - Using connection ID 'mysql_default' for task execution.
[2024-07-16T05:44:51.251+0530] {processor.py:840} INFO - DAG(s) 'raw_load_credit_scores' retrieved from //home/kali/Desktop/projects/git/bank_data_processing/dags/dag_raw_credit_scores.py
[2024-07-16T05:44:51.358+0530] {logging_mixin.py:188} INFO - [2024-07-16T05:44:51.357+0530] {dag.py:3096} INFO - Sync 1 DAGs
[2024-07-16T05:44:51.367+0530] {logging_mixin.py:188} INFO - [2024-07-16T05:44:51.367+0530] {dag.py:3954} INFO - Setting next_dagrun for raw_load_credit_scores to None, run_after=None
[2024-07-16T05:44:51.398+0530] {processor.py:183} INFO - Processing //home/kali/Desktop/projects/git/bank_data_processing/dags/dag_raw_credit_scores.py took 0.881 seconds
[2024-07-16T05:45:21.664+0530] {processor.py:161} INFO - Started process (PID=46113) to work on //home/kali/Desktop/projects/git/bank_data_processing/dags/dag_raw_credit_scores.py
[2024-07-16T05:45:21.665+0530] {processor.py:830} INFO - Processing file //home/kali/Desktop/projects/git/bank_data_processing/dags/dag_raw_credit_scores.py for tasks to queue
[2024-07-16T05:45:21.666+0530] {logging_mixin.py:188} INFO - [2024-07-16T05:45:21.665+0530] {dagbag.py:545} INFO - Filling up the DagBag from //home/kali/Desktop/projects/git/bank_data_processing/dags/dag_raw_credit_scores.py
[2024-07-16T05:45:22.322+0530] {logging_mixin.py:188} INFO - [2024-07-16T05:45:22.322+0530] {base.py:84} INFO - Using connection ID 'mysql_default' for task execution.
[2024-07-16T05:45:22.331+0530] {processor.py:840} INFO - DAG(s) 'raw_load_credit_scores' retrieved from //home/kali/Desktop/projects/git/bank_data_processing/dags/dag_raw_credit_scores.py
[2024-07-16T05:45:22.442+0530] {logging_mixin.py:188} INFO - [2024-07-16T05:45:22.441+0530] {dag.py:3096} INFO - Sync 1 DAGs
[2024-07-16T05:45:22.454+0530] {logging_mixin.py:188} INFO - [2024-07-16T05:45:22.454+0530] {dag.py:3954} INFO - Setting next_dagrun for raw_load_credit_scores to None, run_after=None
[2024-07-16T05:45:22.480+0530] {processor.py:183} INFO - Processing //home/kali/Desktop/projects/git/bank_data_processing/dags/dag_raw_credit_scores.py took 0.827 seconds
[2024-07-16T05:45:52.670+0530] {processor.py:161} INFO - Started process (PID=46677) to work on //home/kali/Desktop/projects/git/bank_data_processing/dags/dag_raw_credit_scores.py
[2024-07-16T05:45:52.672+0530] {processor.py:830} INFO - Processing file //home/kali/Desktop/projects/git/bank_data_processing/dags/dag_raw_credit_scores.py for tasks to queue
[2024-07-16T05:45:52.674+0530] {logging_mixin.py:188} INFO - [2024-07-16T05:45:52.673+0530] {dagbag.py:545} INFO - Filling up the DagBag from //home/kali/Desktop/projects/git/bank_data_processing/dags/dag_raw_credit_scores.py
[2024-07-16T05:45:53.491+0530] {logging_mixin.py:188} INFO - [2024-07-16T05:45:53.490+0530] {base.py:84} INFO - Using connection ID 'mysql_default' for task execution.
[2024-07-16T05:45:53.502+0530] {processor.py:840} INFO - DAG(s) 'raw_load_credit_scores' retrieved from //home/kali/Desktop/projects/git/bank_data_processing/dags/dag_raw_credit_scores.py
[2024-07-16T05:45:53.644+0530] {logging_mixin.py:188} INFO - [2024-07-16T05:45:53.643+0530] {dag.py:3096} INFO - Sync 1 DAGs
[2024-07-16T05:45:53.657+0530] {logging_mixin.py:188} INFO - [2024-07-16T05:45:53.657+0530] {dag.py:3954} INFO - Setting next_dagrun for raw_load_credit_scores to None, run_after=None
[2024-07-16T05:45:53.686+0530] {processor.py:183} INFO - Processing //home/kali/Desktop/projects/git/bank_data_processing/dags/dag_raw_credit_scores.py took 1.023 seconds
[2024-07-16T05:46:25.039+0530] {processor.py:161} INFO - Started process (PID=47430) to work on //home/kali/Desktop/projects/git/bank_data_processing/dags/dag_raw_credit_scores.py
[2024-07-16T05:46:25.042+0530] {processor.py:830} INFO - Processing file //home/kali/Desktop/projects/git/bank_data_processing/dags/dag_raw_credit_scores.py for tasks to queue
[2024-07-16T05:46:25.043+0530] {logging_mixin.py:188} INFO - [2024-07-16T05:46:25.042+0530] {dagbag.py:545} INFO - Filling up the DagBag from //home/kali/Desktop/projects/git/bank_data_processing/dags/dag_raw_credit_scores.py
[2024-07-16T05:46:25.824+0530] {logging_mixin.py:188} INFO - [2024-07-16T05:46:25.824+0530] {base.py:84} INFO - Using connection ID 'mysql_default' for task execution.
[2024-07-16T05:46:25.839+0530] {processor.py:840} INFO - DAG(s) 'raw_load_credit_scores' retrieved from //home/kali/Desktop/projects/git/bank_data_processing/dags/dag_raw_credit_scores.py
[2024-07-16T05:46:25.989+0530] {logging_mixin.py:188} INFO - [2024-07-16T05:46:25.989+0530] {dag.py:3096} INFO - Sync 1 DAGs
[2024-07-16T05:46:26.001+0530] {logging_mixin.py:188} INFO - [2024-07-16T05:46:26.001+0530] {dag.py:3954} INFO - Setting next_dagrun for raw_load_credit_scores to None, run_after=None
[2024-07-16T05:46:26.034+0530] {processor.py:183} INFO - Processing //home/kali/Desktop/projects/git/bank_data_processing/dags/dag_raw_credit_scores.py took 1.006 seconds
[2024-07-16T05:46:56.389+0530] {processor.py:161} INFO - Started process (PID=47941) to work on //home/kali/Desktop/projects/git/bank_data_processing/dags/dag_raw_credit_scores.py
[2024-07-16T05:46:56.393+0530] {processor.py:830} INFO - Processing file //home/kali/Desktop/projects/git/bank_data_processing/dags/dag_raw_credit_scores.py for tasks to queue
[2024-07-16T05:46:56.396+0530] {logging_mixin.py:188} INFO - [2024-07-16T05:46:56.395+0530] {dagbag.py:545} INFO - Filling up the DagBag from //home/kali/Desktop/projects/git/bank_data_processing/dags/dag_raw_credit_scores.py
[2024-07-16T05:46:56.927+0530] {logging_mixin.py:188} INFO - [2024-07-16T05:46:56.926+0530] {base.py:84} INFO - Using connection ID 'mysql_default' for task execution.
[2024-07-16T05:46:56.933+0530] {processor.py:840} INFO - DAG(s) 'raw_load_credit_scores' retrieved from //home/kali/Desktop/projects/git/bank_data_processing/dags/dag_raw_credit_scores.py
[2024-07-16T05:46:57.024+0530] {logging_mixin.py:188} INFO - [2024-07-16T05:46:57.023+0530] {dag.py:3096} INFO - Sync 1 DAGs
[2024-07-16T05:46:57.032+0530] {logging_mixin.py:188} INFO - [2024-07-16T05:46:57.032+0530] {dag.py:3954} INFO - Setting next_dagrun for raw_load_credit_scores to None, run_after=None
[2024-07-16T05:46:57.059+0530] {processor.py:183} INFO - Processing //home/kali/Desktop/projects/git/bank_data_processing/dags/dag_raw_credit_scores.py took 0.682 seconds
[2024-07-16T05:47:27.521+0530] {processor.py:161} INFO - Started process (PID=48441) to work on //home/kali/Desktop/projects/git/bank_data_processing/dags/dag_raw_credit_scores.py
[2024-07-16T05:47:27.522+0530] {processor.py:830} INFO - Processing file //home/kali/Desktop/projects/git/bank_data_processing/dags/dag_raw_credit_scores.py for tasks to queue
[2024-07-16T05:47:27.523+0530] {logging_mixin.py:188} INFO - [2024-07-16T05:47:27.523+0530] {dagbag.py:545} INFO - Filling up the DagBag from //home/kali/Desktop/projects/git/bank_data_processing/dags/dag_raw_credit_scores.py
[2024-07-16T05:47:28.228+0530] {logging_mixin.py:188} INFO - [2024-07-16T05:47:28.228+0530] {base.py:84} INFO - Using connection ID 'mysql_default' for task execution.
[2024-07-16T05:47:28.238+0530] {processor.py:840} INFO - DAG(s) 'raw_load_credit_scores' retrieved from //home/kali/Desktop/projects/git/bank_data_processing/dags/dag_raw_credit_scores.py
[2024-07-16T05:47:28.340+0530] {logging_mixin.py:188} INFO - [2024-07-16T05:47:28.339+0530] {dag.py:3096} INFO - Sync 1 DAGs
[2024-07-16T05:47:28.354+0530] {logging_mixin.py:188} INFO - [2024-07-16T05:47:28.354+0530] {dag.py:3954} INFO - Setting next_dagrun for raw_load_credit_scores to None, run_after=None
[2024-07-16T05:47:28.386+0530] {processor.py:183} INFO - Processing //home/kali/Desktop/projects/git/bank_data_processing/dags/dag_raw_credit_scores.py took 0.875 seconds
[2024-07-16T05:47:58.978+0530] {processor.py:161} INFO - Started process (PID=48950) to work on //home/kali/Desktop/projects/git/bank_data_processing/dags/dag_raw_credit_scores.py
[2024-07-16T05:47:58.979+0530] {processor.py:830} INFO - Processing file //home/kali/Desktop/projects/git/bank_data_processing/dags/dag_raw_credit_scores.py for tasks to queue
[2024-07-16T05:47:58.980+0530] {logging_mixin.py:188} INFO - [2024-07-16T05:47:58.979+0530] {dagbag.py:545} INFO - Filling up the DagBag from //home/kali/Desktop/projects/git/bank_data_processing/dags/dag_raw_credit_scores.py
[2024-07-16T05:47:59.698+0530] {logging_mixin.py:188} INFO - [2024-07-16T05:47:59.697+0530] {base.py:84} INFO - Using connection ID 'mysql_default' for task execution.
[2024-07-16T05:47:59.713+0530] {processor.py:840} INFO - DAG(s) 'raw_load_credit_scores' retrieved from //home/kali/Desktop/projects/git/bank_data_processing/dags/dag_raw_credit_scores.py
[2024-07-16T05:47:59.718+0530] {logging_mixin.py:188} INFO - [2024-07-16T05:47:59.717+0530] {dag.py:3096} INFO - Sync 1 DAGs
[2024-07-16T05:47:59.739+0530] {logging_mixin.py:188} INFO - [2024-07-16T05:47:59.738+0530] {dag.py:3954} INFO - Setting next_dagrun for raw_load_credit_scores to None, run_after=None
[2024-07-16T05:47:59.799+0530] {processor.py:183} INFO - Processing //home/kali/Desktop/projects/git/bank_data_processing/dags/dag_raw_credit_scores.py took 0.831 seconds
[2024-07-16T05:48:29.987+0530] {processor.py:161} INFO - Started process (PID=49557) to work on //home/kali/Desktop/projects/git/bank_data_processing/dags/dag_raw_credit_scores.py
[2024-07-16T05:48:29.989+0530] {processor.py:830} INFO - Processing file //home/kali/Desktop/projects/git/bank_data_processing/dags/dag_raw_credit_scores.py for tasks to queue
[2024-07-16T05:48:29.990+0530] {logging_mixin.py:188} INFO - [2024-07-16T05:48:29.989+0530] {dagbag.py:545} INFO - Filling up the DagBag from //home/kali/Desktop/projects/git/bank_data_processing/dags/dag_raw_credit_scores.py
[2024-07-16T05:48:30.551+0530] {logging_mixin.py:188} INFO - [2024-07-16T05:48:30.550+0530] {base.py:84} INFO - Using connection ID 'mysql_default' for task execution.
[2024-07-16T05:48:30.557+0530] {processor.py:840} INFO - DAG(s) 'raw_load_credit_scores' retrieved from //home/kali/Desktop/projects/git/bank_data_processing/dags/dag_raw_credit_scores.py
[2024-07-16T05:48:30.650+0530] {logging_mixin.py:188} INFO - [2024-07-16T05:48:30.649+0530] {dag.py:3096} INFO - Sync 1 DAGs
[2024-07-16T05:48:30.658+0530] {logging_mixin.py:188} INFO - [2024-07-16T05:48:30.658+0530] {dag.py:3954} INFO - Setting next_dagrun for raw_load_credit_scores to None, run_after=None
[2024-07-16T05:48:30.681+0530] {processor.py:183} INFO - Processing //home/kali/Desktop/projects/git/bank_data_processing/dags/dag_raw_credit_scores.py took 0.703 seconds
[2024-07-16T05:48:38.425+0530] {processor.py:161} INFO - Started process (PID=49935) to work on //home/kali/Desktop/projects/git/bank_data_processing/dags/dag_raw_credit_scores.py
[2024-07-16T05:48:38.426+0530] {processor.py:830} INFO - Processing file //home/kali/Desktop/projects/git/bank_data_processing/dags/dag_raw_credit_scores.py for tasks to queue
[2024-07-16T05:48:38.427+0530] {logging_mixin.py:188} INFO - [2024-07-16T05:48:38.427+0530] {dagbag.py:545} INFO - Filling up the DagBag from //home/kali/Desktop/projects/git/bank_data_processing/dags/dag_raw_credit_scores.py
[2024-07-16T05:48:39.109+0530] {logging_mixin.py:188} INFO - [2024-07-16T05:48:39.108+0530] {base.py:84} INFO - Using connection ID 'mysql_default' for task execution.
[2024-07-16T05:48:39.112+0530] {processor.py:840} INFO - DAG(s) 'raw_load_credit_scores' retrieved from //home/kali/Desktop/projects/git/bank_data_processing/dags/dag_raw_credit_scores.py
[2024-07-16T05:48:39.116+0530] {logging_mixin.py:188} INFO - [2024-07-16T05:48:39.115+0530] {dag.py:3096} INFO - Sync 1 DAGs
[2024-07-16T05:48:39.124+0530] {logging_mixin.py:188} INFO - [2024-07-16T05:48:39.124+0530] {dag.py:3954} INFO - Setting next_dagrun for raw_load_credit_scores to None, run_after=None
[2024-07-16T05:48:39.146+0530] {processor.py:183} INFO - Processing //home/kali/Desktop/projects/git/bank_data_processing/dags/dag_raw_credit_scores.py took 0.731 seconds
[2024-07-16T05:49:10.888+0530] {processor.py:161} INFO - Started process (PID=50705) to work on //home/kali/Desktop/projects/git/bank_data_processing/dags/dag_raw_credit_scores.py
[2024-07-16T05:49:10.891+0530] {processor.py:830} INFO - Processing file //home/kali/Desktop/projects/git/bank_data_processing/dags/dag_raw_credit_scores.py for tasks to queue
[2024-07-16T05:49:10.894+0530] {logging_mixin.py:188} INFO - [2024-07-16T05:49:10.893+0530] {dagbag.py:545} INFO - Filling up the DagBag from //home/kali/Desktop/projects/git/bank_data_processing/dags/dag_raw_credit_scores.py
[2024-07-16T05:49:11.744+0530] {logging_mixin.py:188} INFO - [2024-07-16T05:49:11.744+0530] {base.py:84} INFO - Using connection ID 'mysql_default' for task execution.
[2024-07-16T05:49:11.748+0530] {processor.py:840} INFO - DAG(s) 'raw_load_credit_scores' retrieved from //home/kali/Desktop/projects/git/bank_data_processing/dags/dag_raw_credit_scores.py
[2024-07-16T05:49:11.751+0530] {logging_mixin.py:188} INFO - [2024-07-16T05:49:11.751+0530] {dag.py:3096} INFO - Sync 1 DAGs
[2024-07-16T05:49:11.761+0530] {logging_mixin.py:188} INFO - [2024-07-16T05:49:11.761+0530] {dag.py:3954} INFO - Setting next_dagrun for raw_load_credit_scores to None, run_after=None
[2024-07-16T05:49:11.782+0530] {processor.py:183} INFO - Processing //home/kali/Desktop/projects/git/bank_data_processing/dags/dag_raw_credit_scores.py took 0.904 seconds
[2024-07-16T05:49:42.777+0530] {processor.py:161} INFO - Started process (PID=51522) to work on //home/kali/Desktop/projects/git/bank_data_processing/dags/dag_raw_credit_scores.py
[2024-07-16T05:49:42.783+0530] {processor.py:830} INFO - Processing file //home/kali/Desktop/projects/git/bank_data_processing/dags/dag_raw_credit_scores.py for tasks to queue
[2024-07-16T05:49:42.784+0530] {logging_mixin.py:188} INFO - [2024-07-16T05:49:42.784+0530] {dagbag.py:545} INFO - Filling up the DagBag from //home/kali/Desktop/projects/git/bank_data_processing/dags/dag_raw_credit_scores.py
[2024-07-16T05:49:43.533+0530] {logging_mixin.py:188} INFO - [2024-07-16T05:49:43.531+0530] {base.py:84} INFO - Using connection ID 'mysql_default' for task execution.
[2024-07-16T05:49:43.545+0530] {processor.py:840} INFO - DAG(s) 'raw_load_credit_scores' retrieved from //home/kali/Desktop/projects/git/bank_data_processing/dags/dag_raw_credit_scores.py
[2024-07-16T05:49:43.802+0530] {logging_mixin.py:188} INFO - [2024-07-16T05:49:43.801+0530] {dag.py:3096} INFO - Sync 1 DAGs
[2024-07-16T05:49:43.817+0530] {logging_mixin.py:188} INFO - [2024-07-16T05:49:43.817+0530] {dag.py:3954} INFO - Setting next_dagrun for raw_load_credit_scores to None, run_after=None
[2024-07-16T05:49:43.847+0530] {processor.py:183} INFO - Processing //home/kali/Desktop/projects/git/bank_data_processing/dags/dag_raw_credit_scores.py took 1.079 seconds
[2024-07-16T05:50:14.239+0530] {processor.py:161} INFO - Started process (PID=52375) to work on //home/kali/Desktop/projects/git/bank_data_processing/dags/dag_raw_credit_scores.py
[2024-07-16T05:50:14.246+0530] {processor.py:830} INFO - Processing file //home/kali/Desktop/projects/git/bank_data_processing/dags/dag_raw_credit_scores.py for tasks to queue
[2024-07-16T05:50:14.247+0530] {logging_mixin.py:188} INFO - [2024-07-16T05:50:14.247+0530] {dagbag.py:545} INFO - Filling up the DagBag from //home/kali/Desktop/projects/git/bank_data_processing/dags/dag_raw_credit_scores.py
[2024-07-16T05:50:15.173+0530] {logging_mixin.py:188} INFO - [2024-07-16T05:50:15.173+0530] {base.py:84} INFO - Using connection ID 'mysql_default' for task execution.
[2024-07-16T05:50:15.180+0530] {processor.py:840} INFO - DAG(s) 'raw_load_credit_scores' retrieved from //home/kali/Desktop/projects/git/bank_data_processing/dags/dag_raw_credit_scores.py
[2024-07-16T05:50:15.361+0530] {logging_mixin.py:188} INFO - [2024-07-16T05:50:15.360+0530] {dag.py:3096} INFO - Sync 1 DAGs
[2024-07-16T05:50:15.385+0530] {logging_mixin.py:188} INFO - [2024-07-16T05:50:15.385+0530] {dag.py:3954} INFO - Setting next_dagrun for raw_load_credit_scores to None, run_after=None
[2024-07-16T05:50:15.423+0530] {processor.py:183} INFO - Processing //home/kali/Desktop/projects/git/bank_data_processing/dags/dag_raw_credit_scores.py took 1.192 seconds
[2024-07-16T05:50:45.877+0530] {processor.py:161} INFO - Started process (PID=53361) to work on //home/kali/Desktop/projects/git/bank_data_processing/dags/dag_raw_credit_scores.py
[2024-07-16T05:50:45.883+0530] {processor.py:830} INFO - Processing file //home/kali/Desktop/projects/git/bank_data_processing/dags/dag_raw_credit_scores.py for tasks to queue
[2024-07-16T05:50:45.884+0530] {logging_mixin.py:188} INFO - [2024-07-16T05:50:45.884+0530] {dagbag.py:545} INFO - Filling up the DagBag from //home/kali/Desktop/projects/git/bank_data_processing/dags/dag_raw_credit_scores.py
[2024-07-16T05:50:46.382+0530] {logging_mixin.py:188} INFO - [2024-07-16T05:50:46.382+0530] {base.py:84} INFO - Using connection ID 'mysql_default' for task execution.
[2024-07-16T05:50:46.390+0530] {processor.py:840} INFO - DAG(s) 'raw_load_credit_scores' retrieved from //home/kali/Desktop/projects/git/bank_data_processing/dags/dag_raw_credit_scores.py
[2024-07-16T05:50:46.493+0530] {logging_mixin.py:188} INFO - [2024-07-16T05:50:46.492+0530] {dag.py:3096} INFO - Sync 1 DAGs
[2024-07-16T05:50:46.501+0530] {logging_mixin.py:188} INFO - [2024-07-16T05:50:46.501+0530] {dag.py:3954} INFO - Setting next_dagrun for raw_load_credit_scores to None, run_after=None
[2024-07-16T05:50:46.519+0530] {processor.py:183} INFO - Processing //home/kali/Desktop/projects/git/bank_data_processing/dags/dag_raw_credit_scores.py took 0.659 seconds
[2024-07-16T05:51:16.745+0530] {processor.py:161} INFO - Started process (PID=54154) to work on //home/kali/Desktop/projects/git/bank_data_processing/dags/dag_raw_credit_scores.py
[2024-07-16T05:51:16.746+0530] {processor.py:830} INFO - Processing file //home/kali/Desktop/projects/git/bank_data_processing/dags/dag_raw_credit_scores.py for tasks to queue
[2024-07-16T05:51:16.747+0530] {logging_mixin.py:188} INFO - [2024-07-16T05:51:16.746+0530] {dagbag.py:545} INFO - Filling up the DagBag from //home/kali/Desktop/projects/git/bank_data_processing/dags/dag_raw_credit_scores.py
[2024-07-16T05:51:17.213+0530] {logging_mixin.py:188} INFO - [2024-07-16T05:51:17.213+0530] {base.py:84} INFO - Using connection ID 'mysql_default' for task execution.
[2024-07-16T05:51:17.216+0530] {processor.py:840} INFO - DAG(s) 'raw_load_credit_scores' retrieved from //home/kali/Desktop/projects/git/bank_data_processing/dags/dag_raw_credit_scores.py
[2024-07-16T05:51:17.315+0530] {logging_mixin.py:188} INFO - [2024-07-16T05:51:17.314+0530] {dag.py:3096} INFO - Sync 1 DAGs
[2024-07-16T05:51:17.325+0530] {logging_mixin.py:188} INFO - [2024-07-16T05:51:17.324+0530] {dag.py:3954} INFO - Setting next_dagrun for raw_load_credit_scores to None, run_after=None
[2024-07-16T05:51:17.355+0530] {processor.py:183} INFO - Processing //home/kali/Desktop/projects/git/bank_data_processing/dags/dag_raw_credit_scores.py took 0.616 seconds
[2024-07-16T05:51:47.480+0530] {processor.py:161} INFO - Started process (PID=54778) to work on //home/kali/Desktop/projects/git/bank_data_processing/dags/dag_raw_credit_scores.py
[2024-07-16T05:51:47.481+0530] {processor.py:830} INFO - Processing file //home/kali/Desktop/projects/git/bank_data_processing/dags/dag_raw_credit_scores.py for tasks to queue
[2024-07-16T05:51:47.482+0530] {logging_mixin.py:188} INFO - [2024-07-16T05:51:47.482+0530] {dagbag.py:545} INFO - Filling up the DagBag from //home/kali/Desktop/projects/git/bank_data_processing/dags/dag_raw_credit_scores.py
[2024-07-16T05:51:48.006+0530] {logging_mixin.py:188} INFO - [2024-07-16T05:51:48.005+0530] {base.py:84} INFO - Using connection ID 'mysql_default' for task execution.
[2024-07-16T05:51:48.010+0530] {processor.py:840} INFO - DAG(s) 'raw_load_credit_scores' retrieved from //home/kali/Desktop/projects/git/bank_data_processing/dags/dag_raw_credit_scores.py
[2024-07-16T05:51:48.116+0530] {logging_mixin.py:188} INFO - [2024-07-16T05:51:48.116+0530] {dag.py:3096} INFO - Sync 1 DAGs
[2024-07-16T05:51:48.123+0530] {logging_mixin.py:188} INFO - [2024-07-16T05:51:48.123+0530] {dag.py:3954} INFO - Setting next_dagrun for raw_load_credit_scores to None, run_after=None
[2024-07-16T05:51:48.145+0530] {processor.py:183} INFO - Processing //home/kali/Desktop/projects/git/bank_data_processing/dags/dag_raw_credit_scores.py took 0.671 seconds
[2024-07-16T05:52:18.241+0530] {processor.py:161} INFO - Started process (PID=55430) to work on //home/kali/Desktop/projects/git/bank_data_processing/dags/dag_raw_credit_scores.py
[2024-07-16T05:52:18.243+0530] {processor.py:830} INFO - Processing file //home/kali/Desktop/projects/git/bank_data_processing/dags/dag_raw_credit_scores.py for tasks to queue
[2024-07-16T05:52:18.245+0530] {logging_mixin.py:188} INFO - [2024-07-16T05:52:18.244+0530] {dagbag.py:545} INFO - Filling up the DagBag from //home/kali/Desktop/projects/git/bank_data_processing/dags/dag_raw_credit_scores.py
[2024-07-16T05:52:18.920+0530] {logging_mixin.py:188} INFO - [2024-07-16T05:52:18.919+0530] {base.py:84} INFO - Using connection ID 'mysql_default' for task execution.
[2024-07-16T05:52:18.924+0530] {processor.py:840} INFO - DAG(s) 'raw_load_credit_scores' retrieved from //home/kali/Desktop/projects/git/bank_data_processing/dags/dag_raw_credit_scores.py
[2024-07-16T05:52:19.150+0530] {logging_mixin.py:188} INFO - [2024-07-16T05:52:19.149+0530] {dag.py:3096} INFO - Sync 1 DAGs
[2024-07-16T05:52:19.166+0530] {logging_mixin.py:188} INFO - [2024-07-16T05:52:19.166+0530] {dag.py:3954} INFO - Setting next_dagrun for raw_load_credit_scores to None, run_after=None
[2024-07-16T05:52:19.204+0530] {processor.py:183} INFO - Processing //home/kali/Desktop/projects/git/bank_data_processing/dags/dag_raw_credit_scores.py took 0.973 seconds
[2024-07-16T05:52:49.756+0530] {processor.py:161} INFO - Started process (PID=56253) to work on //home/kali/Desktop/projects/git/bank_data_processing/dags/dag_raw_credit_scores.py
[2024-07-16T05:52:49.757+0530] {processor.py:830} INFO - Processing file //home/kali/Desktop/projects/git/bank_data_processing/dags/dag_raw_credit_scores.py for tasks to queue
[2024-07-16T05:52:49.758+0530] {logging_mixin.py:188} INFO - [2024-07-16T05:52:49.758+0530] {dagbag.py:545} INFO - Filling up the DagBag from //home/kali/Desktop/projects/git/bank_data_processing/dags/dag_raw_credit_scores.py
[2024-07-16T05:52:50.248+0530] {logging_mixin.py:188} INFO - [2024-07-16T05:52:50.247+0530] {base.py:84} INFO - Using connection ID 'mysql_default' for task execution.
[2024-07-16T05:52:50.251+0530] {processor.py:840} INFO - DAG(s) 'raw_load_credit_scores' retrieved from //home/kali/Desktop/projects/git/bank_data_processing/dags/dag_raw_credit_scores.py
[2024-07-16T05:52:50.340+0530] {logging_mixin.py:188} INFO - [2024-07-16T05:52:50.339+0530] {dag.py:3096} INFO - Sync 1 DAGs
[2024-07-16T05:52:50.346+0530] {logging_mixin.py:188} INFO - [2024-07-16T05:52:50.346+0530] {dag.py:3954} INFO - Setting next_dagrun for raw_load_credit_scores to None, run_after=None
[2024-07-16T05:52:50.365+0530] {processor.py:183} INFO - Processing //home/kali/Desktop/projects/git/bank_data_processing/dags/dag_raw_credit_scores.py took 0.618 seconds
[2024-07-16T05:53:20.605+0530] {processor.py:161} INFO - Started process (PID=57003) to work on //home/kali/Desktop/projects/git/bank_data_processing/dags/dag_raw_credit_scores.py
[2024-07-16T05:53:20.606+0530] {processor.py:830} INFO - Processing file //home/kali/Desktop/projects/git/bank_data_processing/dags/dag_raw_credit_scores.py for tasks to queue
[2024-07-16T05:53:20.606+0530] {logging_mixin.py:188} INFO - [2024-07-16T05:53:20.606+0530] {dagbag.py:545} INFO - Filling up the DagBag from //home/kali/Desktop/projects/git/bank_data_processing/dags/dag_raw_credit_scores.py
[2024-07-16T05:53:21.083+0530] {logging_mixin.py:188} INFO - [2024-07-16T05:53:21.082+0530] {base.py:84} INFO - Using connection ID 'mysql_default' for task execution.
[2024-07-16T05:53:21.087+0530] {processor.py:840} INFO - DAG(s) 'raw_load_credit_scores' retrieved from //home/kali/Desktop/projects/git/bank_data_processing/dags/dag_raw_credit_scores.py
[2024-07-16T05:53:21.192+0530] {logging_mixin.py:188} INFO - [2024-07-16T05:53:21.191+0530] {dag.py:3096} INFO - Sync 1 DAGs
[2024-07-16T05:53:21.200+0530] {logging_mixin.py:188} INFO - [2024-07-16T05:53:21.200+0530] {dag.py:3954} INFO - Setting next_dagrun for raw_load_credit_scores to None, run_after=None
[2024-07-16T05:53:21.217+0530] {processor.py:183} INFO - Processing //home/kali/Desktop/projects/git/bank_data_processing/dags/dag_raw_credit_scores.py took 0.618 seconds
[2024-07-16T05:53:51.524+0530] {processor.py:161} INFO - Started process (PID=57691) to work on //home/kali/Desktop/projects/git/bank_data_processing/dags/dag_raw_credit_scores.py
[2024-07-16T05:53:51.533+0530] {processor.py:830} INFO - Processing file //home/kali/Desktop/projects/git/bank_data_processing/dags/dag_raw_credit_scores.py for tasks to queue
[2024-07-16T05:53:51.533+0530] {logging_mixin.py:188} INFO - [2024-07-16T05:53:51.533+0530] {dagbag.py:545} INFO - Filling up the DagBag from //home/kali/Desktop/projects/git/bank_data_processing/dags/dag_raw_credit_scores.py
[2024-07-16T05:53:52.171+0530] {logging_mixin.py:188} INFO - [2024-07-16T05:53:52.171+0530] {base.py:84} INFO - Using connection ID 'mysql_default' for task execution.
[2024-07-16T05:53:52.175+0530] {processor.py:840} INFO - DAG(s) 'raw_load_credit_scores' retrieved from //home/kali/Desktop/projects/git/bank_data_processing/dags/dag_raw_credit_scores.py
[2024-07-16T05:53:52.281+0530] {logging_mixin.py:188} INFO - [2024-07-16T05:53:52.281+0530] {dag.py:3096} INFO - Sync 1 DAGs
[2024-07-16T05:53:52.290+0530] {logging_mixin.py:188} INFO - [2024-07-16T05:53:52.290+0530] {dag.py:3954} INFO - Setting next_dagrun for raw_load_credit_scores to None, run_after=None
[2024-07-16T05:53:52.310+0530] {processor.py:183} INFO - Processing //home/kali/Desktop/projects/git/bank_data_processing/dags/dag_raw_credit_scores.py took 0.794 seconds
[2024-07-16T05:54:22.915+0530] {processor.py:161} INFO - Started process (PID=58200) to work on //home/kali/Desktop/projects/git/bank_data_processing/dags/dag_raw_credit_scores.py
[2024-07-16T05:54:22.917+0530] {processor.py:830} INFO - Processing file //home/kali/Desktop/projects/git/bank_data_processing/dags/dag_raw_credit_scores.py for tasks to queue
[2024-07-16T05:54:22.919+0530] {logging_mixin.py:188} INFO - [2024-07-16T05:54:22.918+0530] {dagbag.py:545} INFO - Filling up the DagBag from //home/kali/Desktop/projects/git/bank_data_processing/dags/dag_raw_credit_scores.py
[2024-07-16T05:54:23.493+0530] {logging_mixin.py:188} INFO - [2024-07-16T05:54:23.493+0530] {base.py:84} INFO - Using connection ID 'mysql_default' for task execution.
[2024-07-16T05:54:23.497+0530] {processor.py:840} INFO - DAG(s) 'raw_load_credit_scores' retrieved from //home/kali/Desktop/projects/git/bank_data_processing/dags/dag_raw_credit_scores.py
[2024-07-16T05:54:23.582+0530] {logging_mixin.py:188} INFO - [2024-07-16T05:54:23.582+0530] {dag.py:3096} INFO - Sync 1 DAGs
[2024-07-16T05:54:23.590+0530] {logging_mixin.py:188} INFO - [2024-07-16T05:54:23.590+0530] {dag.py:3954} INFO - Setting next_dagrun for raw_load_credit_scores to None, run_after=None
[2024-07-16T05:54:23.615+0530] {processor.py:183} INFO - Processing //home/kali/Desktop/projects/git/bank_data_processing/dags/dag_raw_credit_scores.py took 0.709 seconds
[2024-07-16T05:54:54.129+0530] {processor.py:161} INFO - Started process (PID=59147) to work on //home/kali/Desktop/projects/git/bank_data_processing/dags/dag_raw_credit_scores.py
[2024-07-16T05:54:54.130+0530] {processor.py:830} INFO - Processing file //home/kali/Desktop/projects/git/bank_data_processing/dags/dag_raw_credit_scores.py for tasks to queue
[2024-07-16T05:54:54.131+0530] {logging_mixin.py:188} INFO - [2024-07-16T05:54:54.131+0530] {dagbag.py:545} INFO - Filling up the DagBag from //home/kali/Desktop/projects/git/bank_data_processing/dags/dag_raw_credit_scores.py
[2024-07-16T05:54:54.729+0530] {logging_mixin.py:188} INFO - [2024-07-16T05:54:54.728+0530] {base.py:84} INFO - Using connection ID 'mysql_default' for task execution.
[2024-07-16T05:54:54.732+0530] {processor.py:840} INFO - DAG(s) 'raw_load_credit_scores' retrieved from //home/kali/Desktop/projects/git/bank_data_processing/dags/dag_raw_credit_scores.py
[2024-07-16T05:54:54.861+0530] {logging_mixin.py:188} INFO - [2024-07-16T05:54:54.860+0530] {dag.py:3096} INFO - Sync 1 DAGs
[2024-07-16T05:54:54.875+0530] {logging_mixin.py:188} INFO - [2024-07-16T05:54:54.875+0530] {dag.py:3954} INFO - Setting next_dagrun for raw_load_credit_scores to None, run_after=None
[2024-07-16T05:54:54.897+0530] {processor.py:183} INFO - Processing //home/kali/Desktop/projects/git/bank_data_processing/dags/dag_raw_credit_scores.py took 0.777 seconds
[2024-07-16T05:55:25.857+0530] {processor.py:161} INFO - Started process (PID=59864) to work on //home/kali/Desktop/projects/git/bank_data_processing/dags/dag_raw_credit_scores.py
[2024-07-16T05:55:25.859+0530] {processor.py:830} INFO - Processing file //home/kali/Desktop/projects/git/bank_data_processing/dags/dag_raw_credit_scores.py for tasks to queue
[2024-07-16T05:55:25.860+0530] {logging_mixin.py:188} INFO - [2024-07-16T05:55:25.860+0530] {dagbag.py:545} INFO - Filling up the DagBag from //home/kali/Desktop/projects/git/bank_data_processing/dags/dag_raw_credit_scores.py
[2024-07-16T05:55:26.590+0530] {logging_mixin.py:188} INFO - [2024-07-16T05:55:26.589+0530] {base.py:84} INFO - Using connection ID 'mysql_default' for task execution.
[2024-07-16T05:55:26.596+0530] {processor.py:840} INFO - DAG(s) 'raw_load_credit_scores' retrieved from //home/kali/Desktop/projects/git/bank_data_processing/dags/dag_raw_credit_scores.py
[2024-07-16T05:55:26.723+0530] {logging_mixin.py:188} INFO - [2024-07-16T05:55:26.722+0530] {dag.py:3096} INFO - Sync 1 DAGs
[2024-07-16T05:55:26.732+0530] {logging_mixin.py:188} INFO - [2024-07-16T05:55:26.732+0530] {dag.py:3954} INFO - Setting next_dagrun for raw_load_credit_scores to None, run_after=None
[2024-07-16T05:55:26.753+0530] {processor.py:183} INFO - Processing //home/kali/Desktop/projects/git/bank_data_processing/dags/dag_raw_credit_scores.py took 0.918 seconds
[2024-07-16T05:55:57.040+0530] {processor.py:161} INFO - Started process (PID=60638) to work on //home/kali/Desktop/projects/git/bank_data_processing/dags/dag_raw_credit_scores.py
[2024-07-16T05:55:57.041+0530] {processor.py:830} INFO - Processing file //home/kali/Desktop/projects/git/bank_data_processing/dags/dag_raw_credit_scores.py for tasks to queue
[2024-07-16T05:55:57.042+0530] {logging_mixin.py:188} INFO - [2024-07-16T05:55:57.041+0530] {dagbag.py:545} INFO - Filling up the DagBag from //home/kali/Desktop/projects/git/bank_data_processing/dags/dag_raw_credit_scores.py
[2024-07-16T05:55:57.635+0530] {logging_mixin.py:188} INFO - [2024-07-16T05:55:57.635+0530] {base.py:84} INFO - Using connection ID 'mysql_default' for task execution.
[2024-07-16T05:55:57.638+0530] {processor.py:840} INFO - DAG(s) 'raw_load_credit_scores' retrieved from //home/kali/Desktop/projects/git/bank_data_processing/dags/dag_raw_credit_scores.py
[2024-07-16T05:55:57.726+0530] {logging_mixin.py:188} INFO - [2024-07-16T05:55:57.726+0530] {dag.py:3096} INFO - Sync 1 DAGs
[2024-07-16T05:55:57.733+0530] {logging_mixin.py:188} INFO - [2024-07-16T05:55:57.733+0530] {dag.py:3954} INFO - Setting next_dagrun for raw_load_credit_scores to None, run_after=None
[2024-07-16T05:55:57.751+0530] {processor.py:183} INFO - Processing //home/kali/Desktop/projects/git/bank_data_processing/dags/dag_raw_credit_scores.py took 0.717 seconds
[2024-07-16T05:56:28.072+0530] {processor.py:161} INFO - Started process (PID=61394) to work on //home/kali/Desktop/projects/git/bank_data_processing/dags/dag_raw_credit_scores.py
[2024-07-16T05:56:28.073+0530] {processor.py:830} INFO - Processing file //home/kali/Desktop/projects/git/bank_data_processing/dags/dag_raw_credit_scores.py for tasks to queue
[2024-07-16T05:56:28.074+0530] {logging_mixin.py:188} INFO - [2024-07-16T05:56:28.074+0530] {dagbag.py:545} INFO - Filling up the DagBag from //home/kali/Desktop/projects/git/bank_data_processing/dags/dag_raw_credit_scores.py
[2024-07-16T05:56:28.888+0530] {logging_mixin.py:188} INFO - [2024-07-16T05:56:28.887+0530] {base.py:84} INFO - Using connection ID 'mysql_default' for task execution.
[2024-07-16T05:56:28.891+0530] {processor.py:840} INFO - DAG(s) 'raw_load_credit_scores' retrieved from //home/kali/Desktop/projects/git/bank_data_processing/dags/dag_raw_credit_scores.py
[2024-07-16T05:56:28.996+0530] {logging_mixin.py:188} INFO - [2024-07-16T05:56:28.996+0530] {dag.py:3096} INFO - Sync 1 DAGs
[2024-07-16T05:56:29.017+0530] {logging_mixin.py:188} INFO - [2024-07-16T05:56:29.017+0530] {dag.py:3954} INFO - Setting next_dagrun for raw_load_credit_scores to None, run_after=None
[2024-07-16T05:56:29.056+0530] {processor.py:183} INFO - Processing //home/kali/Desktop/projects/git/bank_data_processing/dags/dag_raw_credit_scores.py took 0.994 seconds
[2024-07-16T05:56:59.679+0530] {processor.py:161} INFO - Started process (PID=62144) to work on //home/kali/Desktop/projects/git/bank_data_processing/dags/dag_raw_credit_scores.py
[2024-07-16T05:56:59.679+0530] {processor.py:830} INFO - Processing file //home/kali/Desktop/projects/git/bank_data_processing/dags/dag_raw_credit_scores.py for tasks to queue
[2024-07-16T05:56:59.680+0530] {logging_mixin.py:188} INFO - [2024-07-16T05:56:59.680+0530] {dagbag.py:545} INFO - Filling up the DagBag from //home/kali/Desktop/projects/git/bank_data_processing/dags/dag_raw_credit_scores.py
[2024-07-16T05:57:00.488+0530] {logging_mixin.py:188} INFO - [2024-07-16T05:57:00.487+0530] {base.py:84} INFO - Using connection ID 'mysql_default' for task execution.
[2024-07-16T05:57:00.494+0530] {processor.py:840} INFO - DAG(s) 'raw_load_credit_scores' retrieved from //home/kali/Desktop/projects/git/bank_data_processing/dags/dag_raw_credit_scores.py
[2024-07-16T05:57:00.647+0530] {logging_mixin.py:188} INFO - [2024-07-16T05:57:00.646+0530] {dag.py:3096} INFO - Sync 1 DAGs
[2024-07-16T05:57:00.659+0530] {logging_mixin.py:188} INFO - [2024-07-16T05:57:00.659+0530] {dag.py:3954} INFO - Setting next_dagrun for raw_load_credit_scores to None, run_after=None
[2024-07-16T05:57:00.703+0530] {processor.py:183} INFO - Processing //home/kali/Desktop/projects/git/bank_data_processing/dags/dag_raw_credit_scores.py took 1.033 seconds
