[2024-07-16T05:30:11.575+0530] {processor.py:161} INFO - Started process (PID=24381) to work on //home/kali/Desktop/projects/git/bank_data_processing/dags/dag_raw_customer_support.py
[2024-07-16T05:30:11.576+0530] {processor.py:830} INFO - Processing file //home/kali/Desktop/projects/git/bank_data_processing/dags/dag_raw_customer_support.py for tasks to queue
[2024-07-16T05:30:11.580+0530] {logging_mixin.py:188} INFO - [2024-07-16T05:30:11.579+0530] {dagbag.py:545} INFO - Filling up the DagBag from //home/kali/Desktop/projects/git/bank_data_processing/dags/dag_raw_customer_support.py
[2024-07-16T05:30:12.398+0530] {logging_mixin.py:188} INFO - [2024-07-16T05:30:12.395+0530] {base.py:84} INFO - Using connection ID 'mysql_default' for task execution.
[2024-07-16T05:30:12.415+0530] {processor.py:840} INFO - DAG(s) 'raw_load_customer_support' retrieved from //home/kali/Desktop/projects/git/bank_data_processing/dags/dag_raw_customer_support.py
[2024-07-16T05:30:12.583+0530] {logging_mixin.py:188} INFO - [2024-07-16T05:30:12.582+0530] {dag.py:3096} INFO - Sync 1 DAGs
[2024-07-16T05:30:12.593+0530] {logging_mixin.py:188} INFO - [2024-07-16T05:30:12.592+0530] {dag.py:3954} INFO - Setting next_dagrun for raw_load_customer_support to None, run_after=None
[2024-07-16T05:30:12.618+0530] {processor.py:183} INFO - Processing //home/kali/Desktop/projects/git/bank_data_processing/dags/dag_raw_customer_support.py took 1.050 seconds
[2024-07-16T05:30:42.936+0530] {processor.py:161} INFO - Started process (PID=24894) to work on //home/kali/Desktop/projects/git/bank_data_processing/dags/dag_raw_customer_support.py
[2024-07-16T05:30:42.937+0530] {processor.py:830} INFO - Processing file //home/kali/Desktop/projects/git/bank_data_processing/dags/dag_raw_customer_support.py for tasks to queue
[2024-07-16T05:30:42.940+0530] {logging_mixin.py:188} INFO - [2024-07-16T05:30:42.939+0530] {dagbag.py:545} INFO - Filling up the DagBag from //home/kali/Desktop/projects/git/bank_data_processing/dags/dag_raw_customer_support.py
[2024-07-16T05:30:43.515+0530] {logging_mixin.py:188} INFO - [2024-07-16T05:30:43.514+0530] {base.py:84} INFO - Using connection ID 'mysql_default' for task execution.
[2024-07-16T05:30:43.521+0530] {processor.py:840} INFO - DAG(s) 'raw_load_customer_support' retrieved from //home/kali/Desktop/projects/git/bank_data_processing/dags/dag_raw_customer_support.py
[2024-07-16T05:30:43.625+0530] {logging_mixin.py:188} INFO - [2024-07-16T05:30:43.625+0530] {dag.py:3096} INFO - Sync 1 DAGs
[2024-07-16T05:30:43.635+0530] {logging_mixin.py:188} INFO - [2024-07-16T05:30:43.634+0530] {dag.py:3954} INFO - Setting next_dagrun for raw_load_customer_support to None, run_after=None
[2024-07-16T05:30:43.662+0530] {processor.py:183} INFO - Processing //home/kali/Desktop/projects/git/bank_data_processing/dags/dag_raw_customer_support.py took 0.736 seconds
[2024-07-16T05:31:13.741+0530] {processor.py:161} INFO - Started process (PID=25623) to work on //home/kali/Desktop/projects/git/bank_data_processing/dags/dag_raw_customer_support.py
[2024-07-16T05:31:13.749+0530] {processor.py:830} INFO - Processing file //home/kali/Desktop/projects/git/bank_data_processing/dags/dag_raw_customer_support.py for tasks to queue
[2024-07-16T05:31:13.753+0530] {logging_mixin.py:188} INFO - [2024-07-16T05:31:13.753+0530] {dagbag.py:545} INFO - Filling up the DagBag from //home/kali/Desktop/projects/git/bank_data_processing/dags/dag_raw_customer_support.py
[2024-07-16T05:31:14.592+0530] {logging_mixin.py:188} INFO - [2024-07-16T05:31:14.592+0530] {base.py:84} INFO - Using connection ID 'mysql_default' for task execution.
[2024-07-16T05:31:14.601+0530] {processor.py:840} INFO - DAG(s) 'raw_load_customer_support' retrieved from //home/kali/Desktop/projects/git/bank_data_processing/dags/dag_raw_customer_support.py
[2024-07-16T05:31:14.707+0530] {logging_mixin.py:188} INFO - [2024-07-16T05:31:14.707+0530] {dag.py:3096} INFO - Sync 1 DAGs
[2024-07-16T05:31:14.718+0530] {logging_mixin.py:188} INFO - [2024-07-16T05:31:14.718+0530] {dag.py:3954} INFO - Setting next_dagrun for raw_load_customer_support to None, run_after=None
[2024-07-16T05:31:14.744+0530] {processor.py:183} INFO - Processing //home/kali/Desktop/projects/git/bank_data_processing/dags/dag_raw_customer_support.py took 1.016 seconds
[2024-07-16T05:31:45.143+0530] {processor.py:161} INFO - Started process (PID=26300) to work on //home/kali/Desktop/projects/git/bank_data_processing/dags/dag_raw_customer_support.py
[2024-07-16T05:31:45.144+0530] {processor.py:830} INFO - Processing file //home/kali/Desktop/projects/git/bank_data_processing/dags/dag_raw_customer_support.py for tasks to queue
[2024-07-16T05:31:45.147+0530] {logging_mixin.py:188} INFO - [2024-07-16T05:31:45.146+0530] {dagbag.py:545} INFO - Filling up the DagBag from //home/kali/Desktop/projects/git/bank_data_processing/dags/dag_raw_customer_support.py
[2024-07-16T05:31:45.764+0530] {logging_mixin.py:188} INFO - [2024-07-16T05:31:45.763+0530] {base.py:84} INFO - Using connection ID 'mysql_default' for task execution.
[2024-07-16T05:31:45.770+0530] {processor.py:840} INFO - DAG(s) 'raw_load_customer_support' retrieved from //home/kali/Desktop/projects/git/bank_data_processing/dags/dag_raw_customer_support.py
[2024-07-16T05:31:45.856+0530] {logging_mixin.py:188} INFO - [2024-07-16T05:31:45.856+0530] {dag.py:3096} INFO - Sync 1 DAGs
[2024-07-16T05:31:45.864+0530] {logging_mixin.py:188} INFO - [2024-07-16T05:31:45.864+0530] {dag.py:3954} INFO - Setting next_dagrun for raw_load_customer_support to None, run_after=None
[2024-07-16T05:31:45.891+0530] {processor.py:183} INFO - Processing //home/kali/Desktop/projects/git/bank_data_processing/dags/dag_raw_customer_support.py took 0.754 seconds
[2024-07-16T05:32:16.694+0530] {processor.py:161} INFO - Started process (PID=27045) to work on //home/kali/Desktop/projects/git/bank_data_processing/dags/dag_raw_customer_support.py
[2024-07-16T05:32:16.695+0530] {processor.py:830} INFO - Processing file //home/kali/Desktop/projects/git/bank_data_processing/dags/dag_raw_customer_support.py for tasks to queue
[2024-07-16T05:32:16.696+0530] {logging_mixin.py:188} INFO - [2024-07-16T05:32:16.696+0530] {dagbag.py:545} INFO - Filling up the DagBag from //home/kali/Desktop/projects/git/bank_data_processing/dags/dag_raw_customer_support.py
[2024-07-16T05:32:17.274+0530] {logging_mixin.py:188} INFO - [2024-07-16T05:32:17.273+0530] {base.py:84} INFO - Using connection ID 'mysql_default' for task execution.
[2024-07-16T05:32:17.283+0530] {processor.py:840} INFO - DAG(s) 'raw_load_customer_support' retrieved from //home/kali/Desktop/projects/git/bank_data_processing/dags/dag_raw_customer_support.py
[2024-07-16T05:32:17.372+0530] {logging_mixin.py:188} INFO - [2024-07-16T05:32:17.372+0530] {dag.py:3096} INFO - Sync 1 DAGs
[2024-07-16T05:32:17.380+0530] {logging_mixin.py:188} INFO - [2024-07-16T05:32:17.380+0530] {dag.py:3954} INFO - Setting next_dagrun for raw_load_customer_support to None, run_after=None
[2024-07-16T05:32:17.399+0530] {processor.py:183} INFO - Processing //home/kali/Desktop/projects/git/bank_data_processing/dags/dag_raw_customer_support.py took 0.712 seconds
[2024-07-16T05:32:48.238+0530] {processor.py:161} INFO - Started process (PID=27846) to work on //home/kali/Desktop/projects/git/bank_data_processing/dags/dag_raw_customer_support.py
[2024-07-16T05:32:48.239+0530] {processor.py:830} INFO - Processing file //home/kali/Desktop/projects/git/bank_data_processing/dags/dag_raw_customer_support.py for tasks to queue
[2024-07-16T05:32:48.241+0530] {logging_mixin.py:188} INFO - [2024-07-16T05:32:48.240+0530] {dagbag.py:545} INFO - Filling up the DagBag from //home/kali/Desktop/projects/git/bank_data_processing/dags/dag_raw_customer_support.py
[2024-07-16T05:32:49.022+0530] {logging_mixin.py:188} INFO - [2024-07-16T05:32:49.022+0530] {base.py:84} INFO - Using connection ID 'mysql_default' for task execution.
[2024-07-16T05:32:49.035+0530] {processor.py:840} INFO - DAG(s) 'raw_load_customer_support' retrieved from //home/kali/Desktop/projects/git/bank_data_processing/dags/dag_raw_customer_support.py
[2024-07-16T05:32:49.173+0530] {logging_mixin.py:188} INFO - [2024-07-16T05:32:49.172+0530] {dag.py:3096} INFO - Sync 1 DAGs
[2024-07-16T05:32:49.186+0530] {logging_mixin.py:188} INFO - [2024-07-16T05:32:49.186+0530] {dag.py:3954} INFO - Setting next_dagrun for raw_load_customer_support to None, run_after=None
[2024-07-16T05:32:49.220+0530] {processor.py:183} INFO - Processing //home/kali/Desktop/projects/git/bank_data_processing/dags/dag_raw_customer_support.py took 0.989 seconds
[2024-07-16T05:33:19.929+0530] {processor.py:161} INFO - Started process (PID=28560) to work on //home/kali/Desktop/projects/git/bank_data_processing/dags/dag_raw_customer_support.py
[2024-07-16T05:33:19.930+0530] {processor.py:830} INFO - Processing file //home/kali/Desktop/projects/git/bank_data_processing/dags/dag_raw_customer_support.py for tasks to queue
[2024-07-16T05:33:19.932+0530] {logging_mixin.py:188} INFO - [2024-07-16T05:33:19.932+0530] {dagbag.py:545} INFO - Filling up the DagBag from //home/kali/Desktop/projects/git/bank_data_processing/dags/dag_raw_customer_support.py
[2024-07-16T05:33:20.517+0530] {logging_mixin.py:188} INFO - [2024-07-16T05:33:20.517+0530] {base.py:84} INFO - Using connection ID 'mysql_default' for task execution.
[2024-07-16T05:33:20.523+0530] {processor.py:840} INFO - DAG(s) 'raw_load_customer_support' retrieved from //home/kali/Desktop/projects/git/bank_data_processing/dags/dag_raw_customer_support.py
[2024-07-16T05:33:20.626+0530] {logging_mixin.py:188} INFO - [2024-07-16T05:33:20.625+0530] {dag.py:3096} INFO - Sync 1 DAGs
[2024-07-16T05:33:20.636+0530] {logging_mixin.py:188} INFO - [2024-07-16T05:33:20.635+0530] {dag.py:3954} INFO - Setting next_dagrun for raw_load_customer_support to None, run_after=None
[2024-07-16T05:33:20.656+0530] {processor.py:183} INFO - Processing //home/kali/Desktop/projects/git/bank_data_processing/dags/dag_raw_customer_support.py took 0.735 seconds
[2024-07-16T05:33:51.516+0530] {processor.py:161} INFO - Started process (PID=29290) to work on //home/kali/Desktop/projects/git/bank_data_processing/dags/dag_raw_customer_support.py
[2024-07-16T05:33:51.519+0530] {processor.py:830} INFO - Processing file //home/kali/Desktop/projects/git/bank_data_processing/dags/dag_raw_customer_support.py for tasks to queue
[2024-07-16T05:33:51.522+0530] {logging_mixin.py:188} INFO - [2024-07-16T05:33:51.521+0530] {dagbag.py:545} INFO - Filling up the DagBag from //home/kali/Desktop/projects/git/bank_data_processing/dags/dag_raw_customer_support.py
[2024-07-16T05:33:52.496+0530] {logging_mixin.py:188} INFO - [2024-07-16T05:33:52.495+0530] {base.py:84} INFO - Using connection ID 'mysql_default' for task execution.
[2024-07-16T05:33:52.504+0530] {processor.py:840} INFO - DAG(s) 'raw_load_customer_support' retrieved from //home/kali/Desktop/projects/git/bank_data_processing/dags/dag_raw_customer_support.py
[2024-07-16T05:33:52.657+0530] {logging_mixin.py:188} INFO - [2024-07-16T05:33:52.657+0530] {dag.py:3096} INFO - Sync 1 DAGs
[2024-07-16T05:33:52.672+0530] {logging_mixin.py:188} INFO - [2024-07-16T05:33:52.672+0530] {dag.py:3954} INFO - Setting next_dagrun for raw_load_customer_support to None, run_after=None
[2024-07-16T05:33:52.707+0530] {processor.py:183} INFO - Processing //home/kali/Desktop/projects/git/bank_data_processing/dags/dag_raw_customer_support.py took 1.206 seconds
[2024-07-16T05:34:23.098+0530] {processor.py:161} INFO - Started process (PID=29999) to work on //home/kali/Desktop/projects/git/bank_data_processing/dags/dag_raw_customer_support.py
[2024-07-16T05:34:23.104+0530] {processor.py:830} INFO - Processing file //home/kali/Desktop/projects/git/bank_data_processing/dags/dag_raw_customer_support.py for tasks to queue
[2024-07-16T05:34:23.106+0530] {logging_mixin.py:188} INFO - [2024-07-16T05:34:23.105+0530] {dagbag.py:545} INFO - Filling up the DagBag from //home/kali/Desktop/projects/git/bank_data_processing/dags/dag_raw_customer_support.py
[2024-07-16T05:34:23.646+0530] {logging_mixin.py:188} INFO - [2024-07-16T05:34:23.646+0530] {base.py:84} INFO - Using connection ID 'mysql_default' for task execution.
[2024-07-16T05:34:23.652+0530] {processor.py:840} INFO - DAG(s) 'raw_load_customer_support' retrieved from //home/kali/Desktop/projects/git/bank_data_processing/dags/dag_raw_customer_support.py
[2024-07-16T05:34:23.737+0530] {logging_mixin.py:188} INFO - [2024-07-16T05:34:23.737+0530] {dag.py:3096} INFO - Sync 1 DAGs
[2024-07-16T05:34:23.745+0530] {logging_mixin.py:188} INFO - [2024-07-16T05:34:23.745+0530] {dag.py:3954} INFO - Setting next_dagrun for raw_load_customer_support to None, run_after=None
[2024-07-16T05:34:23.769+0530] {processor.py:183} INFO - Processing //home/kali/Desktop/projects/git/bank_data_processing/dags/dag_raw_customer_support.py took 0.678 seconds
[2024-07-16T05:34:53.921+0530] {processor.py:161} INFO - Started process (PID=30786) to work on //home/kali/Desktop/projects/git/bank_data_processing/dags/dag_raw_customer_support.py
[2024-07-16T05:34:53.928+0530] {processor.py:830} INFO - Processing file //home/kali/Desktop/projects/git/bank_data_processing/dags/dag_raw_customer_support.py for tasks to queue
[2024-07-16T05:34:53.932+0530] {logging_mixin.py:188} INFO - [2024-07-16T05:34:53.932+0530] {dagbag.py:545} INFO - Filling up the DagBag from //home/kali/Desktop/projects/git/bank_data_processing/dags/dag_raw_customer_support.py
[2024-07-16T05:34:54.702+0530] {logging_mixin.py:188} INFO - [2024-07-16T05:34:54.701+0530] {base.py:84} INFO - Using connection ID 'mysql_default' for task execution.
[2024-07-16T05:34:54.710+0530] {processor.py:840} INFO - DAG(s) 'raw_load_customer_support' retrieved from //home/kali/Desktop/projects/git/bank_data_processing/dags/dag_raw_customer_support.py
[2024-07-16T05:34:54.797+0530] {logging_mixin.py:188} INFO - [2024-07-16T05:34:54.797+0530] {dag.py:3096} INFO - Sync 1 DAGs
[2024-07-16T05:34:54.805+0530] {logging_mixin.py:188} INFO - [2024-07-16T05:34:54.804+0530] {dag.py:3954} INFO - Setting next_dagrun for raw_load_customer_support to None, run_after=None
[2024-07-16T05:34:54.827+0530] {processor.py:183} INFO - Processing //home/kali/Desktop/projects/git/bank_data_processing/dags/dag_raw_customer_support.py took 0.918 seconds
[2024-07-16T05:35:24.903+0530] {processor.py:161} INFO - Started process (PID=31542) to work on //home/kali/Desktop/projects/git/bank_data_processing/dags/dag_raw_customer_support.py
[2024-07-16T05:35:24.908+0530] {processor.py:830} INFO - Processing file //home/kali/Desktop/projects/git/bank_data_processing/dags/dag_raw_customer_support.py for tasks to queue
[2024-07-16T05:35:24.910+0530] {logging_mixin.py:188} INFO - [2024-07-16T05:35:24.909+0530] {dagbag.py:545} INFO - Filling up the DagBag from //home/kali/Desktop/projects/git/bank_data_processing/dags/dag_raw_customer_support.py
[2024-07-16T05:35:25.467+0530] {logging_mixin.py:188} INFO - [2024-07-16T05:35:25.466+0530] {base.py:84} INFO - Using connection ID 'mysql_default' for task execution.
[2024-07-16T05:35:25.473+0530] {processor.py:840} INFO - DAG(s) 'raw_load_customer_support' retrieved from //home/kali/Desktop/projects/git/bank_data_processing/dags/dag_raw_customer_support.py
[2024-07-16T05:35:25.562+0530] {logging_mixin.py:188} INFO - [2024-07-16T05:35:25.562+0530] {dag.py:3096} INFO - Sync 1 DAGs
[2024-07-16T05:35:25.572+0530] {logging_mixin.py:188} INFO - [2024-07-16T05:35:25.572+0530] {dag.py:3954} INFO - Setting next_dagrun for raw_load_customer_support to None, run_after=None
[2024-07-16T05:35:25.598+0530] {processor.py:183} INFO - Processing //home/kali/Desktop/projects/git/bank_data_processing/dags/dag_raw_customer_support.py took 0.703 seconds
[2024-07-16T05:35:55.803+0530] {processor.py:161} INFO - Started process (PID=32311) to work on //home/kali/Desktop/projects/git/bank_data_processing/dags/dag_raw_customer_support.py
[2024-07-16T05:35:55.804+0530] {processor.py:830} INFO - Processing file //home/kali/Desktop/projects/git/bank_data_processing/dags/dag_raw_customer_support.py for tasks to queue
[2024-07-16T05:35:55.807+0530] {logging_mixin.py:188} INFO - [2024-07-16T05:35:55.806+0530] {dagbag.py:545} INFO - Filling up the DagBag from //home/kali/Desktop/projects/git/bank_data_processing/dags/dag_raw_customer_support.py
[2024-07-16T05:35:56.507+0530] {logging_mixin.py:188} INFO - [2024-07-16T05:35:56.506+0530] {base.py:84} INFO - Using connection ID 'mysql_default' for task execution.
[2024-07-16T05:35:56.513+0530] {processor.py:840} INFO - DAG(s) 'raw_load_customer_support' retrieved from //home/kali/Desktop/projects/git/bank_data_processing/dags/dag_raw_customer_support.py
[2024-07-16T05:35:56.621+0530] {logging_mixin.py:188} INFO - [2024-07-16T05:35:56.621+0530] {dag.py:3096} INFO - Sync 1 DAGs
[2024-07-16T05:35:56.629+0530] {logging_mixin.py:188} INFO - [2024-07-16T05:35:56.629+0530] {dag.py:3954} INFO - Setting next_dagrun for raw_load_customer_support to None, run_after=None
[2024-07-16T05:35:56.648+0530] {processor.py:183} INFO - Processing //home/kali/Desktop/projects/git/bank_data_processing/dags/dag_raw_customer_support.py took 0.857 seconds
[2024-07-16T05:36:27.093+0530] {processor.py:161} INFO - Started process (PID=33059) to work on //home/kali/Desktop/projects/git/bank_data_processing/dags/dag_raw_customer_support.py
[2024-07-16T05:36:27.094+0530] {processor.py:830} INFO - Processing file //home/kali/Desktop/projects/git/bank_data_processing/dags/dag_raw_customer_support.py for tasks to queue
[2024-07-16T05:36:27.095+0530] {logging_mixin.py:188} INFO - [2024-07-16T05:36:27.095+0530] {dagbag.py:545} INFO - Filling up the DagBag from //home/kali/Desktop/projects/git/bank_data_processing/dags/dag_raw_customer_support.py
[2024-07-16T05:36:27.663+0530] {logging_mixin.py:188} INFO - [2024-07-16T05:36:27.662+0530] {base.py:84} INFO - Using connection ID 'mysql_default' for task execution.
[2024-07-16T05:36:27.670+0530] {processor.py:840} INFO - DAG(s) 'raw_load_customer_support' retrieved from //home/kali/Desktop/projects/git/bank_data_processing/dags/dag_raw_customer_support.py
[2024-07-16T05:36:27.764+0530] {logging_mixin.py:188} INFO - [2024-07-16T05:36:27.763+0530] {dag.py:3096} INFO - Sync 1 DAGs
[2024-07-16T05:36:27.773+0530] {logging_mixin.py:188} INFO - [2024-07-16T05:36:27.773+0530] {dag.py:3954} INFO - Setting next_dagrun for raw_load_customer_support to None, run_after=None
[2024-07-16T05:36:27.798+0530] {processor.py:183} INFO - Processing //home/kali/Desktop/projects/git/bank_data_processing/dags/dag_raw_customer_support.py took 0.711 seconds
[2024-07-16T05:36:58.207+0530] {processor.py:161} INFO - Started process (PID=33690) to work on //home/kali/Desktop/projects/git/bank_data_processing/dags/dag_raw_customer_support.py
[2024-07-16T05:36:58.207+0530] {processor.py:830} INFO - Processing file //home/kali/Desktop/projects/git/bank_data_processing/dags/dag_raw_customer_support.py for tasks to queue
[2024-07-16T05:36:58.210+0530] {logging_mixin.py:188} INFO - [2024-07-16T05:36:58.210+0530] {dagbag.py:545} INFO - Filling up the DagBag from //home/kali/Desktop/projects/git/bank_data_processing/dags/dag_raw_customer_support.py
[2024-07-16T05:36:58.779+0530] {logging_mixin.py:188} INFO - [2024-07-16T05:36:58.779+0530] {base.py:84} INFO - Using connection ID 'mysql_default' for task execution.
[2024-07-16T05:36:58.789+0530] {processor.py:840} INFO - DAG(s) 'raw_load_customer_support' retrieved from //home/kali/Desktop/projects/git/bank_data_processing/dags/dag_raw_customer_support.py
[2024-07-16T05:36:58.899+0530] {logging_mixin.py:188} INFO - [2024-07-16T05:36:58.898+0530] {dag.py:3096} INFO - Sync 1 DAGs
[2024-07-16T05:36:58.906+0530] {logging_mixin.py:188} INFO - [2024-07-16T05:36:58.906+0530] {dag.py:3954} INFO - Setting next_dagrun for raw_load_customer_support to None, run_after=None
[2024-07-16T05:36:58.927+0530] {processor.py:183} INFO - Processing //home/kali/Desktop/projects/git/bank_data_processing/dags/dag_raw_customer_support.py took 0.726 seconds
[2024-07-16T05:37:29.264+0530] {processor.py:161} INFO - Started process (PID=34385) to work on //home/kali/Desktop/projects/git/bank_data_processing/dags/dag_raw_customer_support.py
[2024-07-16T05:37:29.265+0530] {processor.py:830} INFO - Processing file //home/kali/Desktop/projects/git/bank_data_processing/dags/dag_raw_customer_support.py for tasks to queue
[2024-07-16T05:37:29.267+0530] {logging_mixin.py:188} INFO - [2024-07-16T05:37:29.266+0530] {dagbag.py:545} INFO - Filling up the DagBag from //home/kali/Desktop/projects/git/bank_data_processing/dags/dag_raw_customer_support.py
[2024-07-16T05:37:29.833+0530] {logging_mixin.py:188} INFO - [2024-07-16T05:37:29.832+0530] {base.py:84} INFO - Using connection ID 'mysql_default' for task execution.
[2024-07-16T05:37:29.842+0530] {processor.py:840} INFO - DAG(s) 'raw_load_customer_support' retrieved from //home/kali/Desktop/projects/git/bank_data_processing/dags/dag_raw_customer_support.py
[2024-07-16T05:37:30.010+0530] {logging_mixin.py:188} INFO - [2024-07-16T05:37:30.010+0530] {dag.py:3096} INFO - Sync 1 DAGs
[2024-07-16T05:37:30.021+0530] {logging_mixin.py:188} INFO - [2024-07-16T05:37:30.020+0530] {dag.py:3954} INFO - Setting next_dagrun for raw_load_customer_support to None, run_after=None
[2024-07-16T05:37:30.050+0530] {processor.py:183} INFO - Processing //home/kali/Desktop/projects/git/bank_data_processing/dags/dag_raw_customer_support.py took 0.794 seconds
[2024-07-16T05:38:00.334+0530] {processor.py:161} INFO - Started process (PID=35107) to work on //home/kali/Desktop/projects/git/bank_data_processing/dags/dag_raw_customer_support.py
[2024-07-16T05:38:00.335+0530] {processor.py:830} INFO - Processing file //home/kali/Desktop/projects/git/bank_data_processing/dags/dag_raw_customer_support.py for tasks to queue
[2024-07-16T05:38:00.337+0530] {logging_mixin.py:188} INFO - [2024-07-16T05:38:00.336+0530] {dagbag.py:545} INFO - Filling up the DagBag from //home/kali/Desktop/projects/git/bank_data_processing/dags/dag_raw_customer_support.py
[2024-07-16T05:38:00.894+0530] {logging_mixin.py:188} INFO - [2024-07-16T05:38:00.893+0530] {base.py:84} INFO - Using connection ID 'mysql_default' for task execution.
[2024-07-16T05:38:00.900+0530] {processor.py:840} INFO - DAG(s) 'raw_load_customer_support' retrieved from //home/kali/Desktop/projects/git/bank_data_processing/dags/dag_raw_customer_support.py
[2024-07-16T05:38:00.993+0530] {logging_mixin.py:188} INFO - [2024-07-16T05:38:00.993+0530] {dag.py:3096} INFO - Sync 1 DAGs
[2024-07-16T05:38:01.001+0530] {logging_mixin.py:188} INFO - [2024-07-16T05:38:01.001+0530] {dag.py:3954} INFO - Setting next_dagrun for raw_load_customer_support to None, run_after=None
[2024-07-16T05:38:01.022+0530] {processor.py:183} INFO - Processing //home/kali/Desktop/projects/git/bank_data_processing/dags/dag_raw_customer_support.py took 0.694 seconds
[2024-07-16T05:38:31.637+0530] {processor.py:161} INFO - Started process (PID=35768) to work on //home/kali/Desktop/projects/git/bank_data_processing/dags/dag_raw_customer_support.py
[2024-07-16T05:38:31.638+0530] {processor.py:830} INFO - Processing file //home/kali/Desktop/projects/git/bank_data_processing/dags/dag_raw_customer_support.py for tasks to queue
[2024-07-16T05:38:31.641+0530] {logging_mixin.py:188} INFO - [2024-07-16T05:38:31.640+0530] {dagbag.py:545} INFO - Filling up the DagBag from //home/kali/Desktop/projects/git/bank_data_processing/dags/dag_raw_customer_support.py
[2024-07-16T05:38:32.220+0530] {logging_mixin.py:188} INFO - [2024-07-16T05:38:32.220+0530] {base.py:84} INFO - Using connection ID 'mysql_default' for task execution.
[2024-07-16T05:38:32.227+0530] {processor.py:840} INFO - DAG(s) 'raw_load_customer_support' retrieved from //home/kali/Desktop/projects/git/bank_data_processing/dags/dag_raw_customer_support.py
[2024-07-16T05:38:32.322+0530] {logging_mixin.py:188} INFO - [2024-07-16T05:38:32.322+0530] {dag.py:3096} INFO - Sync 1 DAGs
[2024-07-16T05:38:32.329+0530] {logging_mixin.py:188} INFO - [2024-07-16T05:38:32.329+0530] {dag.py:3954} INFO - Setting next_dagrun for raw_load_customer_support to None, run_after=None
[2024-07-16T05:38:32.352+0530] {processor.py:183} INFO - Processing //home/kali/Desktop/projects/git/bank_data_processing/dags/dag_raw_customer_support.py took 0.724 seconds
[2024-07-16T05:39:02.576+0530] {processor.py:161} INFO - Started process (PID=36570) to work on //home/kali/Desktop/projects/git/bank_data_processing/dags/dag_raw_customer_support.py
[2024-07-16T05:39:02.578+0530] {processor.py:830} INFO - Processing file //home/kali/Desktop/projects/git/bank_data_processing/dags/dag_raw_customer_support.py for tasks to queue
[2024-07-16T05:39:02.580+0530] {logging_mixin.py:188} INFO - [2024-07-16T05:39:02.580+0530] {dagbag.py:545} INFO - Filling up the DagBag from //home/kali/Desktop/projects/git/bank_data_processing/dags/dag_raw_customer_support.py
[2024-07-16T05:39:03.358+0530] {logging_mixin.py:188} INFO - [2024-07-16T05:39:03.357+0530] {base.py:84} INFO - Using connection ID 'mysql_default' for task execution.
[2024-07-16T05:39:03.364+0530] {processor.py:840} INFO - DAG(s) 'raw_load_customer_support' retrieved from //home/kali/Desktop/projects/git/bank_data_processing/dags/dag_raw_customer_support.py
[2024-07-16T05:39:03.478+0530] {logging_mixin.py:188} INFO - [2024-07-16T05:39:03.478+0530] {dag.py:3096} INFO - Sync 1 DAGs
[2024-07-16T05:39:03.487+0530] {logging_mixin.py:188} INFO - [2024-07-16T05:39:03.487+0530] {dag.py:3954} INFO - Setting next_dagrun for raw_load_customer_support to None, run_after=None
[2024-07-16T05:39:03.513+0530] {processor.py:183} INFO - Processing //home/kali/Desktop/projects/git/bank_data_processing/dags/dag_raw_customer_support.py took 0.947 seconds
[2024-07-16T05:39:33.690+0530] {processor.py:161} INFO - Started process (PID=37361) to work on //home/kali/Desktop/projects/git/bank_data_processing/dags/dag_raw_customer_support.py
[2024-07-16T05:39:33.691+0530] {processor.py:830} INFO - Processing file //home/kali/Desktop/projects/git/bank_data_processing/dags/dag_raw_customer_support.py for tasks to queue
[2024-07-16T05:39:33.693+0530] {logging_mixin.py:188} INFO - [2024-07-16T05:39:33.693+0530] {dagbag.py:545} INFO - Filling up the DagBag from //home/kali/Desktop/projects/git/bank_data_processing/dags/dag_raw_customer_support.py
[2024-07-16T05:39:34.453+0530] {logging_mixin.py:188} INFO - [2024-07-16T05:39:34.453+0530] {base.py:84} INFO - Using connection ID 'mysql_default' for task execution.
[2024-07-16T05:39:34.460+0530] {processor.py:840} INFO - DAG(s) 'raw_load_customer_support' retrieved from //home/kali/Desktop/projects/git/bank_data_processing/dags/dag_raw_customer_support.py
[2024-07-16T05:39:34.552+0530] {logging_mixin.py:188} INFO - [2024-07-16T05:39:34.551+0530] {dag.py:3096} INFO - Sync 1 DAGs
[2024-07-16T05:39:34.561+0530] {logging_mixin.py:188} INFO - [2024-07-16T05:39:34.560+0530] {dag.py:3954} INFO - Setting next_dagrun for raw_load_customer_support to None, run_after=None
[2024-07-16T05:39:34.592+0530] {processor.py:183} INFO - Processing //home/kali/Desktop/projects/git/bank_data_processing/dags/dag_raw_customer_support.py took 0.908 seconds
[2024-07-16T05:40:05.265+0530] {processor.py:161} INFO - Started process (PID=38074) to work on //home/kali/Desktop/projects/git/bank_data_processing/dags/dag_raw_customer_support.py
[2024-07-16T05:40:05.266+0530] {processor.py:830} INFO - Processing file //home/kali/Desktop/projects/git/bank_data_processing/dags/dag_raw_customer_support.py for tasks to queue
[2024-07-16T05:40:05.268+0530] {logging_mixin.py:188} INFO - [2024-07-16T05:40:05.268+0530] {dagbag.py:545} INFO - Filling up the DagBag from //home/kali/Desktop/projects/git/bank_data_processing/dags/dag_raw_customer_support.py
[2024-07-16T05:40:05.894+0530] {logging_mixin.py:188} INFO - [2024-07-16T05:40:05.893+0530] {base.py:84} INFO - Using connection ID 'mysql_default' for task execution.
[2024-07-16T05:40:05.901+0530] {processor.py:840} INFO - DAG(s) 'raw_load_customer_support' retrieved from //home/kali/Desktop/projects/git/bank_data_processing/dags/dag_raw_customer_support.py
[2024-07-16T05:40:06.011+0530] {logging_mixin.py:188} INFO - [2024-07-16T05:40:06.011+0530] {dag.py:3096} INFO - Sync 1 DAGs
[2024-07-16T05:40:06.021+0530] {logging_mixin.py:188} INFO - [2024-07-16T05:40:06.021+0530] {dag.py:3954} INFO - Setting next_dagrun for raw_load_customer_support to None, run_after=None
[2024-07-16T05:40:06.050+0530] {processor.py:183} INFO - Processing //home/kali/Desktop/projects/git/bank_data_processing/dags/dag_raw_customer_support.py took 0.793 seconds
[2024-07-16T05:40:36.892+0530] {processor.py:161} INFO - Started process (PID=38843) to work on //home/kali/Desktop/projects/git/bank_data_processing/dags/dag_raw_customer_support.py
[2024-07-16T05:40:36.893+0530] {processor.py:830} INFO - Processing file //home/kali/Desktop/projects/git/bank_data_processing/dags/dag_raw_customer_support.py for tasks to queue
[2024-07-16T05:40:36.894+0530] {logging_mixin.py:188} INFO - [2024-07-16T05:40:36.894+0530] {dagbag.py:545} INFO - Filling up the DagBag from //home/kali/Desktop/projects/git/bank_data_processing/dags/dag_raw_customer_support.py
[2024-07-16T05:40:37.511+0530] {logging_mixin.py:188} INFO - [2024-07-16T05:40:37.510+0530] {base.py:84} INFO - Using connection ID 'mysql_default' for task execution.
[2024-07-16T05:40:37.519+0530] {processor.py:840} INFO - DAG(s) 'raw_load_customer_support' retrieved from //home/kali/Desktop/projects/git/bank_data_processing/dags/dag_raw_customer_support.py
[2024-07-16T05:40:37.635+0530] {logging_mixin.py:188} INFO - [2024-07-16T05:40:37.635+0530] {dag.py:3096} INFO - Sync 1 DAGs
[2024-07-16T05:40:37.645+0530] {logging_mixin.py:188} INFO - [2024-07-16T05:40:37.645+0530] {dag.py:3954} INFO - Setting next_dagrun for raw_load_customer_support to None, run_after=None
[2024-07-16T05:40:37.673+0530] {processor.py:183} INFO - Processing //home/kali/Desktop/projects/git/bank_data_processing/dags/dag_raw_customer_support.py took 0.788 seconds
[2024-07-16T05:41:07.979+0530] {processor.py:161} INFO - Started process (PID=39508) to work on //home/kali/Desktop/projects/git/bank_data_processing/dags/dag_raw_customer_support.py
[2024-07-16T05:41:07.980+0530] {processor.py:830} INFO - Processing file //home/kali/Desktop/projects/git/bank_data_processing/dags/dag_raw_customer_support.py for tasks to queue
[2024-07-16T05:41:07.983+0530] {logging_mixin.py:188} INFO - [2024-07-16T05:41:07.982+0530] {dagbag.py:545} INFO - Filling up the DagBag from //home/kali/Desktop/projects/git/bank_data_processing/dags/dag_raw_customer_support.py
[2024-07-16T05:41:08.531+0530] {logging_mixin.py:188} INFO - [2024-07-16T05:41:08.531+0530] {base.py:84} INFO - Using connection ID 'mysql_default' for task execution.
[2024-07-16T05:41:08.537+0530] {processor.py:840} INFO - DAG(s) 'raw_load_customer_support' retrieved from //home/kali/Desktop/projects/git/bank_data_processing/dags/dag_raw_customer_support.py
[2024-07-16T05:41:08.623+0530] {logging_mixin.py:188} INFO - [2024-07-16T05:41:08.622+0530] {dag.py:3096} INFO - Sync 1 DAGs
[2024-07-16T05:41:08.631+0530] {logging_mixin.py:188} INFO - [2024-07-16T05:41:08.630+0530] {dag.py:3954} INFO - Setting next_dagrun for raw_load_customer_support to None, run_after=None
[2024-07-16T05:41:08.654+0530] {processor.py:183} INFO - Processing //home/kali/Desktop/projects/git/bank_data_processing/dags/dag_raw_customer_support.py took 0.683 seconds
[2024-07-16T05:41:38.749+0530] {processor.py:161} INFO - Started process (PID=40268) to work on //home/kali/Desktop/projects/git/bank_data_processing/dags/dag_raw_customer_support.py
[2024-07-16T05:41:38.750+0530] {processor.py:830} INFO - Processing file //home/kali/Desktop/projects/git/bank_data_processing/dags/dag_raw_customer_support.py for tasks to queue
[2024-07-16T05:41:38.752+0530] {logging_mixin.py:188} INFO - [2024-07-16T05:41:38.752+0530] {dagbag.py:545} INFO - Filling up the DagBag from //home/kali/Desktop/projects/git/bank_data_processing/dags/dag_raw_customer_support.py
[2024-07-16T05:41:39.364+0530] {logging_mixin.py:188} INFO - [2024-07-16T05:41:39.364+0530] {base.py:84} INFO - Using connection ID 'mysql_default' for task execution.
[2024-07-16T05:41:39.370+0530] {processor.py:840} INFO - DAG(s) 'raw_load_customer_support' retrieved from //home/kali/Desktop/projects/git/bank_data_processing/dags/dag_raw_customer_support.py
[2024-07-16T05:41:39.455+0530] {logging_mixin.py:188} INFO - [2024-07-16T05:41:39.455+0530] {dag.py:3096} INFO - Sync 1 DAGs
[2024-07-16T05:41:39.464+0530] {logging_mixin.py:188} INFO - [2024-07-16T05:41:39.463+0530] {dag.py:3954} INFO - Setting next_dagrun for raw_load_customer_support to None, run_after=None
[2024-07-16T05:41:39.494+0530] {processor.py:183} INFO - Processing //home/kali/Desktop/projects/git/bank_data_processing/dags/dag_raw_customer_support.py took 0.754 seconds
[2024-07-16T05:42:10.048+0530] {processor.py:161} INFO - Started process (PID=41012) to work on //home/kali/Desktop/projects/git/bank_data_processing/dags/dag_raw_customer_support.py
[2024-07-16T05:42:10.049+0530] {processor.py:830} INFO - Processing file //home/kali/Desktop/projects/git/bank_data_processing/dags/dag_raw_customer_support.py for tasks to queue
[2024-07-16T05:42:10.052+0530] {logging_mixin.py:188} INFO - [2024-07-16T05:42:10.051+0530] {dagbag.py:545} INFO - Filling up the DagBag from //home/kali/Desktop/projects/git/bank_data_processing/dags/dag_raw_customer_support.py
[2024-07-16T05:42:10.869+0530] {logging_mixin.py:188} INFO - [2024-07-16T05:42:10.869+0530] {base.py:84} INFO - Using connection ID 'mysql_default' for task execution.
[2024-07-16T05:42:10.884+0530] {processor.py:840} INFO - DAG(s) 'raw_load_customer_support' retrieved from //home/kali/Desktop/projects/git/bank_data_processing/dags/dag_raw_customer_support.py
[2024-07-16T05:42:11.035+0530] {logging_mixin.py:188} INFO - [2024-07-16T05:42:11.035+0530] {dag.py:3096} INFO - Sync 1 DAGs
[2024-07-16T05:42:11.050+0530] {logging_mixin.py:188} INFO - [2024-07-16T05:42:11.050+0530] {dag.py:3954} INFO - Setting next_dagrun for raw_load_customer_support to None, run_after=None
[2024-07-16T05:42:11.087+0530] {processor.py:183} INFO - Processing //home/kali/Desktop/projects/git/bank_data_processing/dags/dag_raw_customer_support.py took 1.052 seconds
[2024-07-16T05:42:41.569+0530] {processor.py:161} INFO - Started process (PID=41792) to work on //home/kali/Desktop/projects/git/bank_data_processing/dags/dag_raw_customer_support.py
[2024-07-16T05:42:41.571+0530] {processor.py:830} INFO - Processing file //home/kali/Desktop/projects/git/bank_data_processing/dags/dag_raw_customer_support.py for tasks to queue
[2024-07-16T05:42:41.576+0530] {logging_mixin.py:188} INFO - [2024-07-16T05:42:41.575+0530] {dagbag.py:545} INFO - Filling up the DagBag from //home/kali/Desktop/projects/git/bank_data_processing/dags/dag_raw_customer_support.py
[2024-07-16T05:42:42.324+0530] {logging_mixin.py:188} INFO - [2024-07-16T05:42:42.323+0530] {base.py:84} INFO - Using connection ID 'mysql_default' for task execution.
[2024-07-16T05:42:42.331+0530] {processor.py:840} INFO - DAG(s) 'raw_load_customer_support' retrieved from //home/kali/Desktop/projects/git/bank_data_processing/dags/dag_raw_customer_support.py
[2024-07-16T05:42:42.439+0530] {logging_mixin.py:188} INFO - [2024-07-16T05:42:42.439+0530] {dag.py:3096} INFO - Sync 1 DAGs
[2024-07-16T05:42:42.455+0530] {logging_mixin.py:188} INFO - [2024-07-16T05:42:42.454+0530] {dag.py:3954} INFO - Setting next_dagrun for raw_load_customer_support to None, run_after=None
[2024-07-16T05:42:42.483+0530] {processor.py:183} INFO - Processing //home/kali/Desktop/projects/git/bank_data_processing/dags/dag_raw_customer_support.py took 0.945 seconds
[2024-07-16T05:43:13.294+0530] {processor.py:161} INFO - Started process (PID=42551) to work on //home/kali/Desktop/projects/git/bank_data_processing/dags/dag_raw_customer_support.py
[2024-07-16T05:43:13.295+0530] {processor.py:830} INFO - Processing file //home/kali/Desktop/projects/git/bank_data_processing/dags/dag_raw_customer_support.py for tasks to queue
[2024-07-16T05:43:13.297+0530] {logging_mixin.py:188} INFO - [2024-07-16T05:43:13.297+0530] {dagbag.py:545} INFO - Filling up the DagBag from //home/kali/Desktop/projects/git/bank_data_processing/dags/dag_raw_customer_support.py
[2024-07-16T05:43:13.999+0530] {logging_mixin.py:188} INFO - [2024-07-16T05:43:13.999+0530] {base.py:84} INFO - Using connection ID 'mysql_default' for task execution.
[2024-07-16T05:43:14.009+0530] {processor.py:840} INFO - DAG(s) 'raw_load_customer_support' retrieved from //home/kali/Desktop/projects/git/bank_data_processing/dags/dag_raw_customer_support.py
[2024-07-16T05:43:14.161+0530] {logging_mixin.py:188} INFO - [2024-07-16T05:43:14.159+0530] {dag.py:3096} INFO - Sync 1 DAGs
[2024-07-16T05:43:14.174+0530] {logging_mixin.py:188} INFO - [2024-07-16T05:43:14.174+0530] {dag.py:3954} INFO - Setting next_dagrun for raw_load_customer_support to None, run_after=None
[2024-07-16T05:43:14.206+0530] {processor.py:183} INFO - Processing //home/kali/Desktop/projects/git/bank_data_processing/dags/dag_raw_customer_support.py took 0.920 seconds
[2024-07-16T05:43:44.889+0530] {processor.py:161} INFO - Started process (PID=43649) to work on //home/kali/Desktop/projects/git/bank_data_processing/dags/dag_raw_customer_support.py
[2024-07-16T05:43:44.896+0530] {processor.py:830} INFO - Processing file //home/kali/Desktop/projects/git/bank_data_processing/dags/dag_raw_customer_support.py for tasks to queue
[2024-07-16T05:43:44.901+0530] {logging_mixin.py:188} INFO - [2024-07-16T05:43:44.900+0530] {dagbag.py:545} INFO - Filling up the DagBag from //home/kali/Desktop/projects/git/bank_data_processing/dags/dag_raw_customer_support.py
[2024-07-16T05:43:45.759+0530] {logging_mixin.py:188} INFO - [2024-07-16T05:43:45.758+0530] {base.py:84} INFO - Using connection ID 'mysql_default' for task execution.
[2024-07-16T05:43:45.771+0530] {processor.py:840} INFO - DAG(s) 'raw_load_customer_support' retrieved from //home/kali/Desktop/projects/git/bank_data_processing/dags/dag_raw_customer_support.py
[2024-07-16T05:43:45.997+0530] {logging_mixin.py:188} INFO - [2024-07-16T05:43:45.996+0530] {dag.py:3096} INFO - Sync 1 DAGs
[2024-07-16T05:43:46.012+0530] {logging_mixin.py:188} INFO - [2024-07-16T05:43:46.012+0530] {dag.py:3954} INFO - Setting next_dagrun for raw_load_customer_support to None, run_after=None
[2024-07-16T05:43:46.047+0530] {processor.py:183} INFO - Processing //home/kali/Desktop/projects/git/bank_data_processing/dags/dag_raw_customer_support.py took 1.176 seconds
[2024-07-16T05:44:16.414+0530] {processor.py:161} INFO - Started process (PID=44698) to work on //home/kali/Desktop/projects/git/bank_data_processing/dags/dag_raw_customer_support.py
[2024-07-16T05:44:16.415+0530] {processor.py:830} INFO - Processing file //home/kali/Desktop/projects/git/bank_data_processing/dags/dag_raw_customer_support.py for tasks to queue
[2024-07-16T05:44:16.417+0530] {logging_mixin.py:188} INFO - [2024-07-16T05:44:16.416+0530] {dagbag.py:545} INFO - Filling up the DagBag from //home/kali/Desktop/projects/git/bank_data_processing/dags/dag_raw_customer_support.py
[2024-07-16T05:44:17.078+0530] {logging_mixin.py:188} INFO - [2024-07-16T05:44:17.077+0530] {base.py:84} INFO - Using connection ID 'mysql_default' for task execution.
[2024-07-16T05:44:17.085+0530] {processor.py:840} INFO - DAG(s) 'raw_load_customer_support' retrieved from //home/kali/Desktop/projects/git/bank_data_processing/dags/dag_raw_customer_support.py
[2024-07-16T05:44:17.184+0530] {logging_mixin.py:188} INFO - [2024-07-16T05:44:17.183+0530] {dag.py:3096} INFO - Sync 1 DAGs
[2024-07-16T05:44:17.196+0530] {logging_mixin.py:188} INFO - [2024-07-16T05:44:17.196+0530] {dag.py:3954} INFO - Setting next_dagrun for raw_load_customer_support to None, run_after=None
[2024-07-16T05:44:17.218+0530] {processor.py:183} INFO - Processing //home/kali/Desktop/projects/git/bank_data_processing/dags/dag_raw_customer_support.py took 0.811 seconds
[2024-07-16T05:44:47.458+0530] {processor.py:161} INFO - Started process (PID=45542) to work on //home/kali/Desktop/projects/git/bank_data_processing/dags/dag_raw_customer_support.py
[2024-07-16T05:44:47.459+0530] {processor.py:830} INFO - Processing file //home/kali/Desktop/projects/git/bank_data_processing/dags/dag_raw_customer_support.py for tasks to queue
[2024-07-16T05:44:47.461+0530] {logging_mixin.py:188} INFO - [2024-07-16T05:44:47.460+0530] {dagbag.py:545} INFO - Filling up the DagBag from //home/kali/Desktop/projects/git/bank_data_processing/dags/dag_raw_customer_support.py
[2024-07-16T05:44:48.109+0530] {logging_mixin.py:188} INFO - [2024-07-16T05:44:48.108+0530] {base.py:84} INFO - Using connection ID 'mysql_default' for task execution.
[2024-07-16T05:44:48.116+0530] {processor.py:840} INFO - DAG(s) 'raw_load_customer_support' retrieved from //home/kali/Desktop/projects/git/bank_data_processing/dags/dag_raw_customer_support.py
[2024-07-16T05:44:48.225+0530] {logging_mixin.py:188} INFO - [2024-07-16T05:44:48.225+0530] {dag.py:3096} INFO - Sync 1 DAGs
[2024-07-16T05:44:48.235+0530] {logging_mixin.py:188} INFO - [2024-07-16T05:44:48.235+0530] {dag.py:3954} INFO - Setting next_dagrun for raw_load_customer_support to None, run_after=None
[2024-07-16T05:44:48.271+0530] {processor.py:183} INFO - Processing //home/kali/Desktop/projects/git/bank_data_processing/dags/dag_raw_customer_support.py took 0.838 seconds
[2024-07-16T05:45:18.376+0530] {processor.py:161} INFO - Started process (PID=46038) to work on //home/kali/Desktop/projects/git/bank_data_processing/dags/dag_raw_customer_support.py
[2024-07-16T05:45:18.377+0530] {processor.py:830} INFO - Processing file //home/kali/Desktop/projects/git/bank_data_processing/dags/dag_raw_customer_support.py for tasks to queue
[2024-07-16T05:45:18.378+0530] {logging_mixin.py:188} INFO - [2024-07-16T05:45:18.377+0530] {dagbag.py:545} INFO - Filling up the DagBag from //home/kali/Desktop/projects/git/bank_data_processing/dags/dag_raw_customer_support.py
[2024-07-16T05:45:19.056+0530] {logging_mixin.py:188} INFO - [2024-07-16T05:45:19.056+0530] {base.py:84} INFO - Using connection ID 'mysql_default' for task execution.
[2024-07-16T05:45:19.065+0530] {processor.py:840} INFO - DAG(s) 'raw_load_customer_support' retrieved from //home/kali/Desktop/projects/git/bank_data_processing/dags/dag_raw_customer_support.py
[2024-07-16T05:45:19.181+0530] {logging_mixin.py:188} INFO - [2024-07-16T05:45:19.180+0530] {dag.py:3096} INFO - Sync 1 DAGs
[2024-07-16T05:45:19.193+0530] {logging_mixin.py:188} INFO - [2024-07-16T05:45:19.193+0530] {dag.py:3954} INFO - Setting next_dagrun for raw_load_customer_support to None, run_after=None
[2024-07-16T05:45:19.219+0530] {processor.py:183} INFO - Processing //home/kali/Desktop/projects/git/bank_data_processing/dags/dag_raw_customer_support.py took 0.851 seconds
[2024-07-16T05:45:49.899+0530] {processor.py:161} INFO - Started process (PID=46557) to work on //home/kali/Desktop/projects/git/bank_data_processing/dags/dag_raw_customer_support.py
[2024-07-16T05:45:49.901+0530] {processor.py:830} INFO - Processing file //home/kali/Desktop/projects/git/bank_data_processing/dags/dag_raw_customer_support.py for tasks to queue
[2024-07-16T05:45:49.901+0530] {logging_mixin.py:188} INFO - [2024-07-16T05:45:49.901+0530] {dagbag.py:545} INFO - Filling up the DagBag from //home/kali/Desktop/projects/git/bank_data_processing/dags/dag_raw_customer_support.py
[2024-07-16T05:45:50.695+0530] {logging_mixin.py:188} INFO - [2024-07-16T05:45:50.695+0530] {base.py:84} INFO - Using connection ID 'mysql_default' for task execution.
[2024-07-16T05:45:50.702+0530] {processor.py:840} INFO - DAG(s) 'raw_load_customer_support' retrieved from //home/kali/Desktop/projects/git/bank_data_processing/dags/dag_raw_customer_support.py
[2024-07-16T05:45:50.850+0530] {logging_mixin.py:188} INFO - [2024-07-16T05:45:50.850+0530] {dag.py:3096} INFO - Sync 1 DAGs
[2024-07-16T05:45:50.864+0530] {logging_mixin.py:188} INFO - [2024-07-16T05:45:50.864+0530] {dag.py:3954} INFO - Setting next_dagrun for raw_load_customer_support to None, run_after=None
[2024-07-16T05:45:50.895+0530] {processor.py:183} INFO - Processing //home/kali/Desktop/projects/git/bank_data_processing/dags/dag_raw_customer_support.py took 1.005 seconds
[2024-07-16T05:46:21.036+0530] {processor.py:161} INFO - Started process (PID=47343) to work on //home/kali/Desktop/projects/git/bank_data_processing/dags/dag_raw_customer_support.py
[2024-07-16T05:46:21.038+0530] {processor.py:830} INFO - Processing file //home/kali/Desktop/projects/git/bank_data_processing/dags/dag_raw_customer_support.py for tasks to queue
[2024-07-16T05:46:21.039+0530] {logging_mixin.py:188} INFO - [2024-07-16T05:46:21.039+0530] {dagbag.py:545} INFO - Filling up the DagBag from //home/kali/Desktop/projects/git/bank_data_processing/dags/dag_raw_customer_support.py
[2024-07-16T05:46:22.207+0530] {logging_mixin.py:188} INFO - [2024-07-16T05:46:22.206+0530] {base.py:84} INFO - Using connection ID 'mysql_default' for task execution.
[2024-07-16T05:46:22.223+0530] {processor.py:840} INFO - DAG(s) 'raw_load_customer_support' retrieved from //home/kali/Desktop/projects/git/bank_data_processing/dags/dag_raw_customer_support.py
[2024-07-16T05:46:22.450+0530] {logging_mixin.py:188} INFO - [2024-07-16T05:46:22.449+0530] {dag.py:3096} INFO - Sync 1 DAGs
[2024-07-16T05:46:22.470+0530] {logging_mixin.py:188} INFO - [2024-07-16T05:46:22.468+0530] {dag.py:3954} INFO - Setting next_dagrun for raw_load_customer_support to None, run_after=None
[2024-07-16T05:46:22.512+0530] {processor.py:183} INFO - Processing //home/kali/Desktop/projects/git/bank_data_processing/dags/dag_raw_customer_support.py took 1.487 seconds
[2024-07-16T05:46:52.652+0530] {processor.py:161} INFO - Started process (PID=47860) to work on //home/kali/Desktop/projects/git/bank_data_processing/dags/dag_raw_customer_support.py
[2024-07-16T05:46:52.653+0530] {processor.py:830} INFO - Processing file //home/kali/Desktop/projects/git/bank_data_processing/dags/dag_raw_customer_support.py for tasks to queue
[2024-07-16T05:46:52.654+0530] {logging_mixin.py:188} INFO - [2024-07-16T05:46:52.654+0530] {dagbag.py:545} INFO - Filling up the DagBag from //home/kali/Desktop/projects/git/bank_data_processing/dags/dag_raw_customer_support.py
[2024-07-16T05:46:53.278+0530] {logging_mixin.py:188} INFO - [2024-07-16T05:46:53.278+0530] {base.py:84} INFO - Using connection ID 'mysql_default' for task execution.
[2024-07-16T05:46:53.286+0530] {processor.py:840} INFO - DAG(s) 'raw_load_customer_support' retrieved from //home/kali/Desktop/projects/git/bank_data_processing/dags/dag_raw_customer_support.py
[2024-07-16T05:46:53.399+0530] {logging_mixin.py:188} INFO - [2024-07-16T05:46:53.398+0530] {dag.py:3096} INFO - Sync 1 DAGs
[2024-07-16T05:46:53.409+0530] {logging_mixin.py:188} INFO - [2024-07-16T05:46:53.409+0530] {dag.py:3954} INFO - Setting next_dagrun for raw_load_customer_support to None, run_after=None
[2024-07-16T05:46:53.436+0530] {processor.py:183} INFO - Processing //home/kali/Desktop/projects/git/bank_data_processing/dags/dag_raw_customer_support.py took 0.798 seconds
[2024-07-16T05:47:23.848+0530] {processor.py:161} INFO - Started process (PID=48362) to work on //home/kali/Desktop/projects/git/bank_data_processing/dags/dag_raw_customer_support.py
[2024-07-16T05:47:23.850+0530] {processor.py:830} INFO - Processing file //home/kali/Desktop/projects/git/bank_data_processing/dags/dag_raw_customer_support.py for tasks to queue
[2024-07-16T05:47:23.853+0530] {logging_mixin.py:188} INFO - [2024-07-16T05:47:23.851+0530] {dagbag.py:545} INFO - Filling up the DagBag from //home/kali/Desktop/projects/git/bank_data_processing/dags/dag_raw_customer_support.py
[2024-07-16T05:47:24.650+0530] {logging_mixin.py:188} INFO - [2024-07-16T05:47:24.649+0530] {base.py:84} INFO - Using connection ID 'mysql_default' for task execution.
[2024-07-16T05:47:24.657+0530] {processor.py:840} INFO - DAG(s) 'raw_load_customer_support' retrieved from //home/kali/Desktop/projects/git/bank_data_processing/dags/dag_raw_customer_support.py
[2024-07-16T05:47:24.755+0530] {logging_mixin.py:188} INFO - [2024-07-16T05:47:24.754+0530] {dag.py:3096} INFO - Sync 1 DAGs
[2024-07-16T05:47:24.763+0530] {logging_mixin.py:188} INFO - [2024-07-16T05:47:24.762+0530] {dag.py:3954} INFO - Setting next_dagrun for raw_load_customer_support to None, run_after=None
[2024-07-16T05:47:24.794+0530] {processor.py:183} INFO - Processing //home/kali/Desktop/projects/git/bank_data_processing/dags/dag_raw_customer_support.py took 0.962 seconds
[2024-07-16T05:47:54.885+0530] {processor.py:161} INFO - Started process (PID=48859) to work on //home/kali/Desktop/projects/git/bank_data_processing/dags/dag_raw_customer_support.py
[2024-07-16T05:47:54.886+0530] {processor.py:830} INFO - Processing file //home/kali/Desktop/projects/git/bank_data_processing/dags/dag_raw_customer_support.py for tasks to queue
[2024-07-16T05:47:54.886+0530] {logging_mixin.py:188} INFO - [2024-07-16T05:47:54.886+0530] {dagbag.py:545} INFO - Filling up the DagBag from //home/kali/Desktop/projects/git/bank_data_processing/dags/dag_raw_customer_support.py
[2024-07-16T05:47:55.569+0530] {logging_mixin.py:188} INFO - [2024-07-16T05:47:55.569+0530] {base.py:84} INFO - Using connection ID 'mysql_default' for task execution.
[2024-07-16T05:47:55.578+0530] {processor.py:840} INFO - DAG(s) 'raw_load_customer_support' retrieved from //home/kali/Desktop/projects/git/bank_data_processing/dags/dag_raw_customer_support.py
[2024-07-16T05:47:55.687+0530] {logging_mixin.py:188} INFO - [2024-07-16T05:47:55.687+0530] {dag.py:3096} INFO - Sync 1 DAGs
[2024-07-16T05:47:55.698+0530] {logging_mixin.py:188} INFO - [2024-07-16T05:47:55.698+0530] {dag.py:3954} INFO - Setting next_dagrun for raw_load_customer_support to None, run_after=None
[2024-07-16T05:47:55.727+0530] {processor.py:183} INFO - Processing //home/kali/Desktop/projects/git/bank_data_processing/dags/dag_raw_customer_support.py took 0.849 seconds
[2024-07-16T05:48:26.158+0530] {processor.py:161} INFO - Started process (PID=49417) to work on //home/kali/Desktop/projects/git/bank_data_processing/dags/dag_raw_customer_support.py
[2024-07-16T05:48:26.161+0530] {processor.py:830} INFO - Processing file //home/kali/Desktop/projects/git/bank_data_processing/dags/dag_raw_customer_support.py for tasks to queue
[2024-07-16T05:48:26.163+0530] {logging_mixin.py:188} INFO - [2024-07-16T05:48:26.162+0530] {dagbag.py:545} INFO - Filling up the DagBag from //home/kali/Desktop/projects/git/bank_data_processing/dags/dag_raw_customer_support.py
[2024-07-16T05:48:26.819+0530] {logging_mixin.py:188} INFO - [2024-07-16T05:48:26.819+0530] {base.py:84} INFO - Using connection ID 'mysql_default' for task execution.
[2024-07-16T05:48:26.828+0530] {processor.py:840} INFO - DAG(s) 'raw_load_customer_support' retrieved from //home/kali/Desktop/projects/git/bank_data_processing/dags/dag_raw_customer_support.py
[2024-07-16T05:48:26.938+0530] {logging_mixin.py:188} INFO - [2024-07-16T05:48:26.937+0530] {dag.py:3096} INFO - Sync 1 DAGs
[2024-07-16T05:48:26.947+0530] {logging_mixin.py:188} INFO - [2024-07-16T05:48:26.947+0530] {dag.py:3954} INFO - Setting next_dagrun for raw_load_customer_support to None, run_after=None
[2024-07-16T05:48:26.973+0530] {processor.py:183} INFO - Processing //home/kali/Desktop/projects/git/bank_data_processing/dags/dag_raw_customer_support.py took 0.842 seconds
[2024-07-16T05:48:36.829+0530] {processor.py:161} INFO - Started process (PID=49800) to work on //home/kali/Desktop/projects/git/bank_data_processing/dags/dag_raw_customer_support.py
[2024-07-16T05:48:36.837+0530] {processor.py:830} INFO - Processing file //home/kali/Desktop/projects/git/bank_data_processing/dags/dag_raw_customer_support.py for tasks to queue
[2024-07-16T05:48:36.838+0530] {logging_mixin.py:188} INFO - [2024-07-16T05:48:36.837+0530] {dagbag.py:545} INFO - Filling up the DagBag from //home/kali/Desktop/projects/git/bank_data_processing/dags/dag_raw_customer_support.py
[2024-07-16T05:48:37.524+0530] {logging_mixin.py:188} INFO - [2024-07-16T05:48:37.524+0530] {base.py:84} INFO - Using connection ID 'mysql_default' for task execution.
[2024-07-16T05:48:37.530+0530] {processor.py:840} INFO - DAG(s) 'raw_load_customer_support' retrieved from //home/kali/Desktop/projects/git/bank_data_processing/dags/dag_raw_customer_support.py
[2024-07-16T05:48:37.536+0530] {logging_mixin.py:188} INFO - [2024-07-16T05:48:37.535+0530] {dag.py:3096} INFO - Sync 1 DAGs
[2024-07-16T05:48:37.550+0530] {logging_mixin.py:188} INFO - [2024-07-16T05:48:37.550+0530] {dag.py:3954} INFO - Setting next_dagrun for raw_load_customer_support to None, run_after=None
[2024-07-16T05:48:37.579+0530] {processor.py:183} INFO - Processing //home/kali/Desktop/projects/git/bank_data_processing/dags/dag_raw_customer_support.py took 0.760 seconds
[2024-07-16T05:49:07.923+0530] {processor.py:161} INFO - Started process (PID=50618) to work on //home/kali/Desktop/projects/git/bank_data_processing/dags/dag_raw_customer_support.py
[2024-07-16T05:49:07.926+0530] {processor.py:830} INFO - Processing file //home/kali/Desktop/projects/git/bank_data_processing/dags/dag_raw_customer_support.py for tasks to queue
[2024-07-16T05:49:07.928+0530] {logging_mixin.py:188} INFO - [2024-07-16T05:49:07.927+0530] {dagbag.py:545} INFO - Filling up the DagBag from //home/kali/Desktop/projects/git/bank_data_processing/dags/dag_raw_customer_support.py
[2024-07-16T05:49:08.837+0530] {logging_mixin.py:188} INFO - [2024-07-16T05:49:08.836+0530] {base.py:84} INFO - Using connection ID 'mysql_default' for task execution.
[2024-07-16T05:49:08.847+0530] {processor.py:840} INFO - DAG(s) 'raw_load_customer_support' retrieved from //home/kali/Desktop/projects/git/bank_data_processing/dags/dag_raw_customer_support.py
[2024-07-16T05:49:08.852+0530] {logging_mixin.py:188} INFO - [2024-07-16T05:49:08.851+0530] {dag.py:3096} INFO - Sync 1 DAGs
[2024-07-16T05:49:08.871+0530] {logging_mixin.py:188} INFO - [2024-07-16T05:49:08.870+0530] {dag.py:3954} INFO - Setting next_dagrun for raw_load_customer_support to None, run_after=None
[2024-07-16T05:49:08.916+0530] {processor.py:183} INFO - Processing //home/kali/Desktop/projects/git/bank_data_processing/dags/dag_raw_customer_support.py took 1.002 seconds
[2024-07-16T05:49:39.059+0530] {processor.py:161} INFO - Started process (PID=51398) to work on //home/kali/Desktop/projects/git/bank_data_processing/dags/dag_raw_customer_support.py
[2024-07-16T05:49:39.061+0530] {processor.py:830} INFO - Processing file //home/kali/Desktop/projects/git/bank_data_processing/dags/dag_raw_customer_support.py for tasks to queue
[2024-07-16T05:49:39.062+0530] {logging_mixin.py:188} INFO - [2024-07-16T05:49:39.061+0530] {dagbag.py:545} INFO - Filling up the DagBag from //home/kali/Desktop/projects/git/bank_data_processing/dags/dag_raw_customer_support.py
[2024-07-16T05:49:39.582+0530] {logging_mixin.py:188} INFO - [2024-07-16T05:49:39.582+0530] {base.py:84} INFO - Using connection ID 'mysql_default' for task execution.
[2024-07-16T05:49:39.587+0530] {processor.py:840} INFO - DAG(s) 'raw_load_customer_support' retrieved from //home/kali/Desktop/projects/git/bank_data_processing/dags/dag_raw_customer_support.py
[2024-07-16T05:49:39.682+0530] {logging_mixin.py:188} INFO - [2024-07-16T05:49:39.681+0530] {dag.py:3096} INFO - Sync 1 DAGs
[2024-07-16T05:49:39.693+0530] {logging_mixin.py:188} INFO - [2024-07-16T05:49:39.692+0530] {dag.py:3954} INFO - Setting next_dagrun for raw_load_customer_support to None, run_after=None
[2024-07-16T05:49:39.717+0530] {processor.py:183} INFO - Processing //home/kali/Desktop/projects/git/bank_data_processing/dags/dag_raw_customer_support.py took 0.671 seconds
[2024-07-16T05:50:09.796+0530] {processor.py:161} INFO - Started process (PID=52100) to work on //home/kali/Desktop/projects/git/bank_data_processing/dags/dag_raw_customer_support.py
[2024-07-16T05:50:09.801+0530] {processor.py:830} INFO - Processing file //home/kali/Desktop/projects/git/bank_data_processing/dags/dag_raw_customer_support.py for tasks to queue
[2024-07-16T05:50:09.802+0530] {logging_mixin.py:188} INFO - [2024-07-16T05:50:09.802+0530] {dagbag.py:545} INFO - Filling up the DagBag from //home/kali/Desktop/projects/git/bank_data_processing/dags/dag_raw_customer_support.py
[2024-07-16T05:50:10.782+0530] {logging_mixin.py:188} INFO - [2024-07-16T05:50:10.781+0530] {base.py:84} INFO - Using connection ID 'mysql_default' for task execution.
[2024-07-16T05:50:10.787+0530] {processor.py:840} INFO - DAG(s) 'raw_load_customer_support' retrieved from //home/kali/Desktop/projects/git/bank_data_processing/dags/dag_raw_customer_support.py
[2024-07-16T05:50:10.933+0530] {logging_mixin.py:188} INFO - [2024-07-16T05:50:10.933+0530] {dag.py:3096} INFO - Sync 1 DAGs
[2024-07-16T05:50:10.947+0530] {logging_mixin.py:188} INFO - [2024-07-16T05:50:10.947+0530] {dag.py:3954} INFO - Setting next_dagrun for raw_load_customer_support to None, run_after=None
[2024-07-16T05:50:10.973+0530] {processor.py:183} INFO - Processing //home/kali/Desktop/projects/git/bank_data_processing/dags/dag_raw_customer_support.py took 1.194 seconds
[2024-07-16T05:50:41.055+0530] {processor.py:161} INFO - Started process (PID=53221) to work on //home/kali/Desktop/projects/git/bank_data_processing/dags/dag_raw_customer_support.py
[2024-07-16T05:50:41.056+0530] {processor.py:830} INFO - Processing file //home/kali/Desktop/projects/git/bank_data_processing/dags/dag_raw_customer_support.py for tasks to queue
[2024-07-16T05:50:41.057+0530] {logging_mixin.py:188} INFO - [2024-07-16T05:50:41.057+0530] {dagbag.py:545} INFO - Filling up the DagBag from //home/kali/Desktop/projects/git/bank_data_processing/dags/dag_raw_customer_support.py
[2024-07-16T05:50:41.627+0530] {logging_mixin.py:188} INFO - [2024-07-16T05:50:41.627+0530] {base.py:84} INFO - Using connection ID 'mysql_default' for task execution.
[2024-07-16T05:50:41.632+0530] {processor.py:840} INFO - DAG(s) 'raw_load_customer_support' retrieved from //home/kali/Desktop/projects/git/bank_data_processing/dags/dag_raw_customer_support.py
[2024-07-16T05:50:41.722+0530] {logging_mixin.py:188} INFO - [2024-07-16T05:50:41.721+0530] {dag.py:3096} INFO - Sync 1 DAGs
[2024-07-16T05:50:41.730+0530] {logging_mixin.py:188} INFO - [2024-07-16T05:50:41.730+0530] {dag.py:3954} INFO - Setting next_dagrun for raw_load_customer_support to None, run_after=None
[2024-07-16T05:50:41.749+0530] {processor.py:183} INFO - Processing //home/kali/Desktop/projects/git/bank_data_processing/dags/dag_raw_customer_support.py took 0.703 seconds
[2024-07-16T05:51:11.897+0530] {processor.py:161} INFO - Started process (PID=54003) to work on //home/kali/Desktop/projects/git/bank_data_processing/dags/dag_raw_customer_support.py
[2024-07-16T05:51:11.899+0530] {processor.py:830} INFO - Processing file //home/kali/Desktop/projects/git/bank_data_processing/dags/dag_raw_customer_support.py for tasks to queue
[2024-07-16T05:51:11.901+0530] {logging_mixin.py:188} INFO - [2024-07-16T05:51:11.900+0530] {dagbag.py:545} INFO - Filling up the DagBag from //home/kali/Desktop/projects/git/bank_data_processing/dags/dag_raw_customer_support.py
[2024-07-16T05:51:12.716+0530] {logging_mixin.py:188} INFO - [2024-07-16T05:51:12.715+0530] {base.py:84} INFO - Using connection ID 'mysql_default' for task execution.
[2024-07-16T05:51:12.722+0530] {processor.py:840} INFO - DAG(s) 'raw_load_customer_support' retrieved from //home/kali/Desktop/projects/git/bank_data_processing/dags/dag_raw_customer_support.py
[2024-07-16T05:51:12.878+0530] {logging_mixin.py:188} INFO - [2024-07-16T05:51:12.877+0530] {dag.py:3096} INFO - Sync 1 DAGs
[2024-07-16T05:51:12.892+0530] {logging_mixin.py:188} INFO - [2024-07-16T05:51:12.892+0530] {dag.py:3954} INFO - Setting next_dagrun for raw_load_customer_support to None, run_after=None
[2024-07-16T05:51:12.924+0530] {processor.py:183} INFO - Processing //home/kali/Desktop/projects/git/bank_data_processing/dags/dag_raw_customer_support.py took 1.039 seconds
[2024-07-16T05:51:43.174+0530] {processor.py:161} INFO - Started process (PID=54640) to work on //home/kali/Desktop/projects/git/bank_data_processing/dags/dag_raw_customer_support.py
[2024-07-16T05:51:43.175+0530] {processor.py:830} INFO - Processing file //home/kali/Desktop/projects/git/bank_data_processing/dags/dag_raw_customer_support.py for tasks to queue
[2024-07-16T05:51:43.175+0530] {logging_mixin.py:188} INFO - [2024-07-16T05:51:43.175+0530] {dagbag.py:545} INFO - Filling up the DagBag from //home/kali/Desktop/projects/git/bank_data_processing/dags/dag_raw_customer_support.py
[2024-07-16T05:51:43.878+0530] {logging_mixin.py:188} INFO - [2024-07-16T05:51:43.878+0530] {base.py:84} INFO - Using connection ID 'mysql_default' for task execution.
[2024-07-16T05:51:43.883+0530] {processor.py:840} INFO - DAG(s) 'raw_load_customer_support' retrieved from //home/kali/Desktop/projects/git/bank_data_processing/dags/dag_raw_customer_support.py
[2024-07-16T05:51:44.050+0530] {logging_mixin.py:188} INFO - [2024-07-16T05:51:44.049+0530] {dag.py:3096} INFO - Sync 1 DAGs
[2024-07-16T05:51:44.067+0530] {logging_mixin.py:188} INFO - [2024-07-16T05:51:44.067+0530] {dag.py:3954} INFO - Setting next_dagrun for raw_load_customer_support to None, run_after=None
[2024-07-16T05:51:44.114+0530] {processor.py:183} INFO - Processing //home/kali/Desktop/projects/git/bank_data_processing/dags/dag_raw_customer_support.py took 0.949 seconds
[2024-07-16T05:52:14.186+0530] {processor.py:161} INFO - Started process (PID=55340) to work on //home/kali/Desktop/projects/git/bank_data_processing/dags/dag_raw_customer_support.py
[2024-07-16T05:52:14.187+0530] {processor.py:830} INFO - Processing file //home/kali/Desktop/projects/git/bank_data_processing/dags/dag_raw_customer_support.py for tasks to queue
[2024-07-16T05:52:14.188+0530] {logging_mixin.py:188} INFO - [2024-07-16T05:52:14.187+0530] {dagbag.py:545} INFO - Filling up the DagBag from //home/kali/Desktop/projects/git/bank_data_processing/dags/dag_raw_customer_support.py
[2024-07-16T05:52:14.942+0530] {logging_mixin.py:188} INFO - [2024-07-16T05:52:14.941+0530] {base.py:84} INFO - Using connection ID 'mysql_default' for task execution.
[2024-07-16T05:52:14.946+0530] {processor.py:840} INFO - DAG(s) 'raw_load_customer_support' retrieved from //home/kali/Desktop/projects/git/bank_data_processing/dags/dag_raw_customer_support.py
[2024-07-16T05:52:15.109+0530] {logging_mixin.py:188} INFO - [2024-07-16T05:52:15.109+0530] {dag.py:3096} INFO - Sync 1 DAGs
[2024-07-16T05:52:15.122+0530] {logging_mixin.py:188} INFO - [2024-07-16T05:52:15.121+0530] {dag.py:3954} INFO - Setting next_dagrun for raw_load_customer_support to None, run_after=None
[2024-07-16T05:52:15.151+0530] {processor.py:183} INFO - Processing //home/kali/Desktop/projects/git/bank_data_processing/dags/dag_raw_customer_support.py took 0.973 seconds
[2024-07-16T05:52:45.604+0530] {processor.py:161} INFO - Started process (PID=56113) to work on //home/kali/Desktop/projects/git/bank_data_processing/dags/dag_raw_customer_support.py
[2024-07-16T05:52:45.606+0530] {processor.py:830} INFO - Processing file //home/kali/Desktop/projects/git/bank_data_processing/dags/dag_raw_customer_support.py for tasks to queue
[2024-07-16T05:52:45.609+0530] {logging_mixin.py:188} INFO - [2024-07-16T05:52:45.608+0530] {dagbag.py:545} INFO - Filling up the DagBag from //home/kali/Desktop/projects/git/bank_data_processing/dags/dag_raw_customer_support.py
[2024-07-16T05:52:46.218+0530] {logging_mixin.py:188} INFO - [2024-07-16T05:52:46.218+0530] {base.py:84} INFO - Using connection ID 'mysql_default' for task execution.
[2024-07-16T05:52:46.222+0530] {processor.py:840} INFO - DAG(s) 'raw_load_customer_support' retrieved from //home/kali/Desktop/projects/git/bank_data_processing/dags/dag_raw_customer_support.py
[2024-07-16T05:52:46.308+0530] {logging_mixin.py:188} INFO - [2024-07-16T05:52:46.307+0530] {dag.py:3096} INFO - Sync 1 DAGs
[2024-07-16T05:52:46.315+0530] {logging_mixin.py:188} INFO - [2024-07-16T05:52:46.315+0530] {dag.py:3954} INFO - Setting next_dagrun for raw_load_customer_support to None, run_after=None
[2024-07-16T05:52:46.333+0530] {processor.py:183} INFO - Processing //home/kali/Desktop/projects/git/bank_data_processing/dags/dag_raw_customer_support.py took 0.736 seconds
[2024-07-16T05:53:16.474+0530] {processor.py:161} INFO - Started process (PID=56866) to work on //home/kali/Desktop/projects/git/bank_data_processing/dags/dag_raw_customer_support.py
[2024-07-16T05:53:16.475+0530] {processor.py:830} INFO - Processing file //home/kali/Desktop/projects/git/bank_data_processing/dags/dag_raw_customer_support.py for tasks to queue
[2024-07-16T05:53:16.476+0530] {logging_mixin.py:188} INFO - [2024-07-16T05:53:16.476+0530] {dagbag.py:545} INFO - Filling up the DagBag from //home/kali/Desktop/projects/git/bank_data_processing/dags/dag_raw_customer_support.py
[2024-07-16T05:53:17.062+0530] {logging_mixin.py:188} INFO - [2024-07-16T05:53:17.061+0530] {base.py:84} INFO - Using connection ID 'mysql_default' for task execution.
[2024-07-16T05:53:17.067+0530] {processor.py:840} INFO - DAG(s) 'raw_load_customer_support' retrieved from //home/kali/Desktop/projects/git/bank_data_processing/dags/dag_raw_customer_support.py
[2024-07-16T05:53:17.159+0530] {logging_mixin.py:188} INFO - [2024-07-16T05:53:17.159+0530] {dag.py:3096} INFO - Sync 1 DAGs
[2024-07-16T05:53:17.167+0530] {logging_mixin.py:188} INFO - [2024-07-16T05:53:17.167+0530] {dag.py:3954} INFO - Setting next_dagrun for raw_load_customer_support to None, run_after=None
[2024-07-16T05:53:17.185+0530] {processor.py:183} INFO - Processing //home/kali/Desktop/projects/git/bank_data_processing/dags/dag_raw_customer_support.py took 0.719 seconds
[2024-07-16T05:53:47.720+0530] {processor.py:161} INFO - Started process (PID=57589) to work on //home/kali/Desktop/projects/git/bank_data_processing/dags/dag_raw_customer_support.py
[2024-07-16T05:53:47.721+0530] {processor.py:830} INFO - Processing file //home/kali/Desktop/projects/git/bank_data_processing/dags/dag_raw_customer_support.py for tasks to queue
[2024-07-16T05:53:47.722+0530] {logging_mixin.py:188} INFO - [2024-07-16T05:53:47.722+0530] {dagbag.py:545} INFO - Filling up the DagBag from //home/kali/Desktop/projects/git/bank_data_processing/dags/dag_raw_customer_support.py
[2024-07-16T05:53:48.414+0530] {logging_mixin.py:188} INFO - [2024-07-16T05:53:48.413+0530] {base.py:84} INFO - Using connection ID 'mysql_default' for task execution.
[2024-07-16T05:53:48.417+0530] {processor.py:840} INFO - DAG(s) 'raw_load_customer_support' retrieved from //home/kali/Desktop/projects/git/bank_data_processing/dags/dag_raw_customer_support.py
[2024-07-16T05:53:48.519+0530] {logging_mixin.py:188} INFO - [2024-07-16T05:53:48.519+0530] {dag.py:3096} INFO - Sync 1 DAGs
[2024-07-16T05:53:48.534+0530] {logging_mixin.py:188} INFO - [2024-07-16T05:53:48.533+0530] {dag.py:3954} INFO - Setting next_dagrun for raw_load_customer_support to None, run_after=None
[2024-07-16T05:53:48.552+0530] {processor.py:183} INFO - Processing //home/kali/Desktop/projects/git/bank_data_processing/dags/dag_raw_customer_support.py took 0.845 seconds
[2024-07-16T05:54:19.167+0530] {processor.py:161} INFO - Started process (PID=58113) to work on //home/kali/Desktop/projects/git/bank_data_processing/dags/dag_raw_customer_support.py
[2024-07-16T05:54:19.168+0530] {processor.py:830} INFO - Processing file //home/kali/Desktop/projects/git/bank_data_processing/dags/dag_raw_customer_support.py for tasks to queue
[2024-07-16T05:54:19.169+0530] {logging_mixin.py:188} INFO - [2024-07-16T05:54:19.169+0530] {dagbag.py:545} INFO - Filling up the DagBag from //home/kali/Desktop/projects/git/bank_data_processing/dags/dag_raw_customer_support.py
[2024-07-16T05:54:19.744+0530] {logging_mixin.py:188} INFO - [2024-07-16T05:54:19.744+0530] {base.py:84} INFO - Using connection ID 'mysql_default' for task execution.
[2024-07-16T05:54:19.748+0530] {processor.py:840} INFO - DAG(s) 'raw_load_customer_support' retrieved from //home/kali/Desktop/projects/git/bank_data_processing/dags/dag_raw_customer_support.py
[2024-07-16T05:54:19.832+0530] {logging_mixin.py:188} INFO - [2024-07-16T05:54:19.832+0530] {dag.py:3096} INFO - Sync 1 DAGs
[2024-07-16T05:54:19.840+0530] {logging_mixin.py:188} INFO - [2024-07-16T05:54:19.839+0530] {dag.py:3954} INFO - Setting next_dagrun for raw_load_customer_support to None, run_after=None
[2024-07-16T05:54:19.857+0530] {processor.py:183} INFO - Processing //home/kali/Desktop/projects/git/bank_data_processing/dags/dag_raw_customer_support.py took 0.697 seconds
[2024-07-16T05:54:50.480+0530] {processor.py:161} INFO - Started process (PID=59027) to work on //home/kali/Desktop/projects/git/bank_data_processing/dags/dag_raw_customer_support.py
[2024-07-16T05:54:50.482+0530] {processor.py:830} INFO - Processing file //home/kali/Desktop/projects/git/bank_data_processing/dags/dag_raw_customer_support.py for tasks to queue
[2024-07-16T05:54:50.483+0530] {logging_mixin.py:188} INFO - [2024-07-16T05:54:50.483+0530] {dagbag.py:545} INFO - Filling up the DagBag from //home/kali/Desktop/projects/git/bank_data_processing/dags/dag_raw_customer_support.py
[2024-07-16T05:54:51.073+0530] {logging_mixin.py:188} INFO - [2024-07-16T05:54:51.073+0530] {base.py:84} INFO - Using connection ID 'mysql_default' for task execution.
[2024-07-16T05:54:51.078+0530] {processor.py:840} INFO - DAG(s) 'raw_load_customer_support' retrieved from //home/kali/Desktop/projects/git/bank_data_processing/dags/dag_raw_customer_support.py
[2024-07-16T05:54:51.183+0530] {logging_mixin.py:188} INFO - [2024-07-16T05:54:51.183+0530] {dag.py:3096} INFO - Sync 1 DAGs
[2024-07-16T05:54:51.191+0530] {logging_mixin.py:188} INFO - [2024-07-16T05:54:51.191+0530] {dag.py:3954} INFO - Setting next_dagrun for raw_load_customer_support to None, run_after=None
[2024-07-16T05:54:51.209+0530] {processor.py:183} INFO - Processing //home/kali/Desktop/projects/git/bank_data_processing/dags/dag_raw_customer_support.py took 0.736 seconds
[2024-07-16T05:55:21.813+0530] {processor.py:161} INFO - Started process (PID=59728) to work on //home/kali/Desktop/projects/git/bank_data_processing/dags/dag_raw_customer_support.py
[2024-07-16T05:55:21.814+0530] {processor.py:830} INFO - Processing file //home/kali/Desktop/projects/git/bank_data_processing/dags/dag_raw_customer_support.py for tasks to queue
[2024-07-16T05:55:21.815+0530] {logging_mixin.py:188} INFO - [2024-07-16T05:55:21.814+0530] {dagbag.py:545} INFO - Filling up the DagBag from //home/kali/Desktop/projects/git/bank_data_processing/dags/dag_raw_customer_support.py
[2024-07-16T05:55:22.388+0530] {logging_mixin.py:188} INFO - [2024-07-16T05:55:22.388+0530] {base.py:84} INFO - Using connection ID 'mysql_default' for task execution.
[2024-07-16T05:55:22.391+0530] {processor.py:840} INFO - DAG(s) 'raw_load_customer_support' retrieved from //home/kali/Desktop/projects/git/bank_data_processing/dags/dag_raw_customer_support.py
[2024-07-16T05:55:22.478+0530] {logging_mixin.py:188} INFO - [2024-07-16T05:55:22.477+0530] {dag.py:3096} INFO - Sync 1 DAGs
[2024-07-16T05:55:22.485+0530] {logging_mixin.py:188} INFO - [2024-07-16T05:55:22.485+0530] {dag.py:3954} INFO - Setting next_dagrun for raw_load_customer_support to None, run_after=None
[2024-07-16T05:55:22.503+0530] {processor.py:183} INFO - Processing //home/kali/Desktop/projects/git/bank_data_processing/dags/dag_raw_customer_support.py took 0.698 seconds
[2024-07-16T05:55:52.979+0530] {processor.py:161} INFO - Started process (PID=60487) to work on //home/kali/Desktop/projects/git/bank_data_processing/dags/dag_raw_customer_support.py
[2024-07-16T05:55:52.980+0530] {processor.py:830} INFO - Processing file //home/kali/Desktop/projects/git/bank_data_processing/dags/dag_raw_customer_support.py for tasks to queue
[2024-07-16T05:55:52.981+0530] {logging_mixin.py:188} INFO - [2024-07-16T05:55:52.981+0530] {dagbag.py:545} INFO - Filling up the DagBag from //home/kali/Desktop/projects/git/bank_data_processing/dags/dag_raw_customer_support.py
[2024-07-16T05:55:53.625+0530] {logging_mixin.py:188} INFO - [2024-07-16T05:55:53.625+0530] {base.py:84} INFO - Using connection ID 'mysql_default' for task execution.
[2024-07-16T05:55:53.631+0530] {processor.py:840} INFO - DAG(s) 'raw_load_customer_support' retrieved from //home/kali/Desktop/projects/git/bank_data_processing/dags/dag_raw_customer_support.py
[2024-07-16T05:55:53.723+0530] {logging_mixin.py:188} INFO - [2024-07-16T05:55:53.723+0530] {dag.py:3096} INFO - Sync 1 DAGs
[2024-07-16T05:55:53.731+0530] {logging_mixin.py:188} INFO - [2024-07-16T05:55:53.731+0530] {dag.py:3954} INFO - Setting next_dagrun for raw_load_customer_support to None, run_after=None
[2024-07-16T05:55:53.748+0530] {processor.py:183} INFO - Processing //home/kali/Desktop/projects/git/bank_data_processing/dags/dag_raw_customer_support.py took 0.776 seconds
[2024-07-16T05:56:24.544+0530] {processor.py:161} INFO - Started process (PID=61265) to work on //home/kali/Desktop/projects/git/bank_data_processing/dags/dag_raw_customer_support.py
[2024-07-16T05:56:24.545+0530] {processor.py:830} INFO - Processing file //home/kali/Desktop/projects/git/bank_data_processing/dags/dag_raw_customer_support.py for tasks to queue
[2024-07-16T05:56:24.546+0530] {logging_mixin.py:188} INFO - [2024-07-16T05:56:24.545+0530] {dagbag.py:545} INFO - Filling up the DagBag from //home/kali/Desktop/projects/git/bank_data_processing/dags/dag_raw_customer_support.py
[2024-07-16T05:56:25.148+0530] {logging_mixin.py:188} INFO - [2024-07-16T05:56:25.147+0530] {base.py:84} INFO - Using connection ID 'mysql_default' for task execution.
[2024-07-16T05:56:25.151+0530] {processor.py:840} INFO - DAG(s) 'raw_load_customer_support' retrieved from //home/kali/Desktop/projects/git/bank_data_processing/dags/dag_raw_customer_support.py
[2024-07-16T05:56:25.242+0530] {logging_mixin.py:188} INFO - [2024-07-16T05:56:25.242+0530] {dag.py:3096} INFO - Sync 1 DAGs
[2024-07-16T05:56:25.251+0530] {logging_mixin.py:188} INFO - [2024-07-16T05:56:25.251+0530] {dag.py:3954} INFO - Setting next_dagrun for raw_load_customer_support to None, run_after=None
[2024-07-16T05:56:25.273+0530] {processor.py:183} INFO - Processing //home/kali/Desktop/projects/git/bank_data_processing/dags/dag_raw_customer_support.py took 0.738 seconds
[2024-07-16T05:56:55.886+0530] {processor.py:161} INFO - Started process (PID=62012) to work on //home/kali/Desktop/projects/git/bank_data_processing/dags/dag_raw_customer_support.py
[2024-07-16T05:56:55.887+0530] {processor.py:830} INFO - Processing file //home/kali/Desktop/projects/git/bank_data_processing/dags/dag_raw_customer_support.py for tasks to queue
[2024-07-16T05:56:55.888+0530] {logging_mixin.py:188} INFO - [2024-07-16T05:56:55.888+0530] {dagbag.py:545} INFO - Filling up the DagBag from //home/kali/Desktop/projects/git/bank_data_processing/dags/dag_raw_customer_support.py
[2024-07-16T05:56:56.579+0530] {logging_mixin.py:188} INFO - [2024-07-16T05:56:56.579+0530] {base.py:84} INFO - Using connection ID 'mysql_default' for task execution.
[2024-07-16T05:56:56.583+0530] {processor.py:840} INFO - DAG(s) 'raw_load_customer_support' retrieved from //home/kali/Desktop/projects/git/bank_data_processing/dags/dag_raw_customer_support.py
[2024-07-16T05:56:56.674+0530] {logging_mixin.py:188} INFO - [2024-07-16T05:56:56.674+0530] {dag.py:3096} INFO - Sync 1 DAGs
[2024-07-16T05:56:56.682+0530] {logging_mixin.py:188} INFO - [2024-07-16T05:56:56.682+0530] {dag.py:3954} INFO - Setting next_dagrun for raw_load_customer_support to None, run_after=None
[2024-07-16T05:56:56.703+0530] {processor.py:183} INFO - Processing //home/kali/Desktop/projects/git/bank_data_processing/dags/dag_raw_customer_support.py took 0.827 seconds
