[2024-07-16T05:30:19.865+0530] {processor.py:161} INFO - Started process (PID=24595) to work on //home/kali/Desktop/projects/git/bank_data_processing/dags/dag_raw_mortgage_applications.py
[2024-07-16T05:30:19.866+0530] {processor.py:830} INFO - Processing file //home/kali/Desktop/projects/git/bank_data_processing/dags/dag_raw_mortgage_applications.py for tasks to queue
[2024-07-16T05:30:19.869+0530] {logging_mixin.py:188} INFO - [2024-07-16T05:30:19.869+0530] {dagbag.py:545} INFO - Filling up the DagBag from //home/kali/Desktop/projects/git/bank_data_processing/dags/dag_raw_mortgage_applications.py
[2024-07-16T05:30:20.590+0530] {logging_mixin.py:188} INFO - [2024-07-16T05:30:20.590+0530] {base.py:84} INFO - Using connection ID 'mysql_default' for task execution.
[2024-07-16T05:30:20.603+0530] {processor.py:840} INFO - DAG(s) 'raw_load_mortgage_applications' retrieved from //home/kali/Desktop/projects/git/bank_data_processing/dags/dag_raw_mortgage_applications.py
[2024-07-16T05:30:20.784+0530] {logging_mixin.py:188} INFO - [2024-07-16T05:30:20.783+0530] {dag.py:3096} INFO - Sync 1 DAGs
[2024-07-16T05:30:20.811+0530] {logging_mixin.py:188} INFO - [2024-07-16T05:30:20.810+0530] {dag.py:3954} INFO - Setting next_dagrun for raw_load_mortgage_applications to None, run_after=None
[2024-07-16T05:30:20.854+0530] {processor.py:183} INFO - Processing //home/kali/Desktop/projects/git/bank_data_processing/dags/dag_raw_mortgage_applications.py took 0.998 seconds
[2024-07-16T05:30:51.215+0530] {processor.py:161} INFO - Started process (PID=25114) to work on //home/kali/Desktop/projects/git/bank_data_processing/dags/dag_raw_mortgage_applications.py
[2024-07-16T05:30:51.216+0530] {processor.py:830} INFO - Processing file //home/kali/Desktop/projects/git/bank_data_processing/dags/dag_raw_mortgage_applications.py for tasks to queue
[2024-07-16T05:30:51.219+0530] {logging_mixin.py:188} INFO - [2024-07-16T05:30:51.218+0530] {dagbag.py:545} INFO - Filling up the DagBag from //home/kali/Desktop/projects/git/bank_data_processing/dags/dag_raw_mortgage_applications.py
[2024-07-16T05:30:51.757+0530] {logging_mixin.py:188} INFO - [2024-07-16T05:30:51.756+0530] {base.py:84} INFO - Using connection ID 'mysql_default' for task execution.
[2024-07-16T05:30:51.766+0530] {processor.py:840} INFO - DAG(s) 'raw_load_mortgage_applications' retrieved from //home/kali/Desktop/projects/git/bank_data_processing/dags/dag_raw_mortgage_applications.py
[2024-07-16T05:30:51.934+0530] {logging_mixin.py:188} INFO - [2024-07-16T05:30:51.934+0530] {dag.py:3096} INFO - Sync 1 DAGs
[2024-07-16T05:30:51.950+0530] {logging_mixin.py:188} INFO - [2024-07-16T05:30:51.950+0530] {dag.py:3954} INFO - Setting next_dagrun for raw_load_mortgage_applications to None, run_after=None
[2024-07-16T05:30:51.973+0530] {processor.py:183} INFO - Processing //home/kali/Desktop/projects/git/bank_data_processing/dags/dag_raw_mortgage_applications.py took 0.764 seconds
[2024-07-16T05:31:23.054+0530] {processor.py:161} INFO - Started process (PID=25875) to work on //home/kali/Desktop/projects/git/bank_data_processing/dags/dag_raw_mortgage_applications.py
[2024-07-16T05:31:23.055+0530] {processor.py:830} INFO - Processing file //home/kali/Desktop/projects/git/bank_data_processing/dags/dag_raw_mortgage_applications.py for tasks to queue
[2024-07-16T05:31:23.057+0530] {logging_mixin.py:188} INFO - [2024-07-16T05:31:23.057+0530] {dagbag.py:545} INFO - Filling up the DagBag from //home/kali/Desktop/projects/git/bank_data_processing/dags/dag_raw_mortgage_applications.py
[2024-07-16T05:31:23.655+0530] {logging_mixin.py:188} INFO - [2024-07-16T05:31:23.654+0530] {base.py:84} INFO - Using connection ID 'mysql_default' for task execution.
[2024-07-16T05:31:23.662+0530] {processor.py:840} INFO - DAG(s) 'raw_load_mortgage_applications' retrieved from //home/kali/Desktop/projects/git/bank_data_processing/dags/dag_raw_mortgage_applications.py
[2024-07-16T05:31:23.773+0530] {logging_mixin.py:188} INFO - [2024-07-16T05:31:23.772+0530] {dag.py:3096} INFO - Sync 1 DAGs
[2024-07-16T05:31:23.787+0530] {logging_mixin.py:188} INFO - [2024-07-16T05:31:23.786+0530] {dag.py:3954} INFO - Setting next_dagrun for raw_load_mortgage_applications to None, run_after=None
[2024-07-16T05:31:23.815+0530] {processor.py:183} INFO - Processing //home/kali/Desktop/projects/git/bank_data_processing/dags/dag_raw_mortgage_applications.py took 0.769 seconds
[2024-07-16T05:31:53.923+0530] {processor.py:161} INFO - Started process (PID=26565) to work on //home/kali/Desktop/projects/git/bank_data_processing/dags/dag_raw_mortgage_applications.py
[2024-07-16T05:31:53.924+0530] {processor.py:830} INFO - Processing file //home/kali/Desktop/projects/git/bank_data_processing/dags/dag_raw_mortgage_applications.py for tasks to queue
[2024-07-16T05:31:53.926+0530] {logging_mixin.py:188} INFO - [2024-07-16T05:31:53.925+0530] {dagbag.py:545} INFO - Filling up the DagBag from //home/kali/Desktop/projects/git/bank_data_processing/dags/dag_raw_mortgage_applications.py
[2024-07-16T05:31:54.493+0530] {logging_mixin.py:188} INFO - [2024-07-16T05:31:54.492+0530] {base.py:84} INFO - Using connection ID 'mysql_default' for task execution.
[2024-07-16T05:31:54.501+0530] {processor.py:840} INFO - DAG(s) 'raw_load_mortgage_applications' retrieved from //home/kali/Desktop/projects/git/bank_data_processing/dags/dag_raw_mortgage_applications.py
[2024-07-16T05:31:54.607+0530] {logging_mixin.py:188} INFO - [2024-07-16T05:31:54.606+0530] {dag.py:3096} INFO - Sync 1 DAGs
[2024-07-16T05:31:54.617+0530] {logging_mixin.py:188} INFO - [2024-07-16T05:31:54.617+0530] {dag.py:3954} INFO - Setting next_dagrun for raw_load_mortgage_applications to None, run_after=None
[2024-07-16T05:31:54.644+0530] {processor.py:183} INFO - Processing //home/kali/Desktop/projects/git/bank_data_processing/dags/dag_raw_mortgage_applications.py took 0.728 seconds
[2024-07-16T05:32:24.945+0530] {processor.py:161} INFO - Started process (PID=27356) to work on //home/kali/Desktop/projects/git/bank_data_processing/dags/dag_raw_mortgage_applications.py
[2024-07-16T05:32:24.946+0530] {processor.py:830} INFO - Processing file //home/kali/Desktop/projects/git/bank_data_processing/dags/dag_raw_mortgage_applications.py for tasks to queue
[2024-07-16T05:32:24.949+0530] {logging_mixin.py:188} INFO - [2024-07-16T05:32:24.948+0530] {dagbag.py:545} INFO - Filling up the DagBag from //home/kali/Desktop/projects/git/bank_data_processing/dags/dag_raw_mortgage_applications.py
[2024-07-16T05:32:25.721+0530] {logging_mixin.py:188} INFO - [2024-07-16T05:32:25.721+0530] {base.py:84} INFO - Using connection ID 'mysql_default' for task execution.
[2024-07-16T05:32:25.733+0530] {processor.py:840} INFO - DAG(s) 'raw_load_mortgage_applications' retrieved from //home/kali/Desktop/projects/git/bank_data_processing/dags/dag_raw_mortgage_applications.py
[2024-07-16T05:32:25.883+0530] {logging_mixin.py:188} INFO - [2024-07-16T05:32:25.882+0530] {dag.py:3096} INFO - Sync 1 DAGs
[2024-07-16T05:32:25.904+0530] {logging_mixin.py:188} INFO - [2024-07-16T05:32:25.903+0530] {dag.py:3954} INFO - Setting next_dagrun for raw_load_mortgage_applications to None, run_after=None
[2024-07-16T05:32:25.939+0530] {processor.py:183} INFO - Processing //home/kali/Desktop/projects/git/bank_data_processing/dags/dag_raw_mortgage_applications.py took 1.000 seconds
[2024-07-16T05:32:56.476+0530] {processor.py:161} INFO - Started process (PID=28064) to work on //home/kali/Desktop/projects/git/bank_data_processing/dags/dag_raw_mortgage_applications.py
[2024-07-16T05:32:56.479+0530] {processor.py:830} INFO - Processing file //home/kali/Desktop/projects/git/bank_data_processing/dags/dag_raw_mortgage_applications.py for tasks to queue
[2024-07-16T05:32:56.481+0530] {logging_mixin.py:188} INFO - [2024-07-16T05:32:56.481+0530] {dagbag.py:545} INFO - Filling up the DagBag from //home/kali/Desktop/projects/git/bank_data_processing/dags/dag_raw_mortgage_applications.py
[2024-07-16T05:32:56.993+0530] {logging_mixin.py:188} INFO - [2024-07-16T05:32:56.992+0530] {base.py:84} INFO - Using connection ID 'mysql_default' for task execution.
[2024-07-16T05:32:56.999+0530] {processor.py:840} INFO - DAG(s) 'raw_load_mortgage_applications' retrieved from //home/kali/Desktop/projects/git/bank_data_processing/dags/dag_raw_mortgage_applications.py
[2024-07-16T05:32:57.099+0530] {logging_mixin.py:188} INFO - [2024-07-16T05:32:57.098+0530] {dag.py:3096} INFO - Sync 1 DAGs
[2024-07-16T05:32:57.113+0530] {logging_mixin.py:188} INFO - [2024-07-16T05:32:57.113+0530] {dag.py:3954} INFO - Setting next_dagrun for raw_load_mortgage_applications to None, run_after=None
[2024-07-16T05:32:57.144+0530] {processor.py:183} INFO - Processing //home/kali/Desktop/projects/git/bank_data_processing/dags/dag_raw_mortgage_applications.py took 0.678 seconds
[2024-07-16T05:33:28.808+0530] {processor.py:161} INFO - Started process (PID=28844) to work on //home/kali/Desktop/projects/git/bank_data_processing/dags/dag_raw_mortgage_applications.py
[2024-07-16T05:33:28.809+0530] {processor.py:830} INFO - Processing file //home/kali/Desktop/projects/git/bank_data_processing/dags/dag_raw_mortgage_applications.py for tasks to queue
[2024-07-16T05:33:28.811+0530] {logging_mixin.py:188} INFO - [2024-07-16T05:33:28.811+0530] {dagbag.py:545} INFO - Filling up the DagBag from //home/kali/Desktop/projects/git/bank_data_processing/dags/dag_raw_mortgage_applications.py
[2024-07-16T05:33:29.416+0530] {logging_mixin.py:188} INFO - [2024-07-16T05:33:29.415+0530] {base.py:84} INFO - Using connection ID 'mysql_default' for task execution.
[2024-07-16T05:33:29.424+0530] {processor.py:840} INFO - DAG(s) 'raw_load_mortgage_applications' retrieved from //home/kali/Desktop/projects/git/bank_data_processing/dags/dag_raw_mortgage_applications.py
[2024-07-16T05:33:29.529+0530] {logging_mixin.py:188} INFO - [2024-07-16T05:33:29.528+0530] {dag.py:3096} INFO - Sync 1 DAGs
[2024-07-16T05:33:29.536+0530] {logging_mixin.py:188} INFO - [2024-07-16T05:33:29.536+0530] {dag.py:3954} INFO - Setting next_dagrun for raw_load_mortgage_applications to None, run_after=None
[2024-07-16T05:33:29.564+0530] {processor.py:183} INFO - Processing //home/kali/Desktop/projects/git/bank_data_processing/dags/dag_raw_mortgage_applications.py took 0.761 seconds
[2024-07-16T05:33:59.820+0530] {processor.py:161} INFO - Started process (PID=29547) to work on //home/kali/Desktop/projects/git/bank_data_processing/dags/dag_raw_mortgage_applications.py
[2024-07-16T05:33:59.825+0530] {processor.py:830} INFO - Processing file //home/kali/Desktop/projects/git/bank_data_processing/dags/dag_raw_mortgage_applications.py for tasks to queue
[2024-07-16T05:33:59.827+0530] {logging_mixin.py:188} INFO - [2024-07-16T05:33:59.827+0530] {dagbag.py:545} INFO - Filling up the DagBag from //home/kali/Desktop/projects/git/bank_data_processing/dags/dag_raw_mortgage_applications.py
[2024-07-16T05:34:00.370+0530] {logging_mixin.py:188} INFO - [2024-07-16T05:34:00.370+0530] {base.py:84} INFO - Using connection ID 'mysql_default' for task execution.
[2024-07-16T05:34:00.376+0530] {processor.py:840} INFO - DAG(s) 'raw_load_mortgage_applications' retrieved from //home/kali/Desktop/projects/git/bank_data_processing/dags/dag_raw_mortgage_applications.py
[2024-07-16T05:34:00.497+0530] {logging_mixin.py:188} INFO - [2024-07-16T05:34:00.497+0530] {dag.py:3096} INFO - Sync 1 DAGs
[2024-07-16T05:34:00.511+0530] {logging_mixin.py:188} INFO - [2024-07-16T05:34:00.511+0530] {dag.py:3954} INFO - Setting next_dagrun for raw_load_mortgage_applications to None, run_after=None
[2024-07-16T05:34:00.534+0530] {processor.py:183} INFO - Processing //home/kali/Desktop/projects/git/bank_data_processing/dags/dag_raw_mortgage_applications.py took 0.720 seconds
[2024-07-16T05:34:33.097+0530] {processor.py:161} INFO - Started process (PID=30411) to work on //home/kali/Desktop/projects/git/bank_data_processing/dags/dag_raw_mortgage_applications.py
[2024-07-16T05:34:33.100+0530] {processor.py:830} INFO - Processing file //home/kali/Desktop/projects/git/bank_data_processing/dags/dag_raw_mortgage_applications.py for tasks to queue
[2024-07-16T05:34:33.102+0530] {logging_mixin.py:188} INFO - [2024-07-16T05:34:33.102+0530] {dagbag.py:545} INFO - Filling up the DagBag from //home/kali/Desktop/projects/git/bank_data_processing/dags/dag_raw_mortgage_applications.py
[2024-07-16T05:34:33.876+0530] {logging_mixin.py:188} INFO - [2024-07-16T05:34:33.875+0530] {base.py:84} INFO - Using connection ID 'mysql_default' for task execution.
[2024-07-16T05:34:33.887+0530] {processor.py:840} INFO - DAG(s) 'raw_load_mortgage_applications' retrieved from //home/kali/Desktop/projects/git/bank_data_processing/dags/dag_raw_mortgage_applications.py
[2024-07-16T05:34:34.023+0530] {logging_mixin.py:188} INFO - [2024-07-16T05:34:34.023+0530] {dag.py:3096} INFO - Sync 1 DAGs
[2024-07-16T05:34:34.035+0530] {logging_mixin.py:188} INFO - [2024-07-16T05:34:34.035+0530] {dag.py:3954} INFO - Setting next_dagrun for raw_load_mortgage_applications to None, run_after=None
[2024-07-16T05:34:34.069+0530] {processor.py:183} INFO - Processing //home/kali/Desktop/projects/git/bank_data_processing/dags/dag_raw_mortgage_applications.py took 0.980 seconds
[2024-07-16T05:35:05.385+0530] {processor.py:161} INFO - Started process (PID=31135) to work on //home/kali/Desktop/projects/git/bank_data_processing/dags/dag_raw_mortgage_applications.py
[2024-07-16T05:35:05.385+0530] {processor.py:830} INFO - Processing file //home/kali/Desktop/projects/git/bank_data_processing/dags/dag_raw_mortgage_applications.py for tasks to queue
[2024-07-16T05:35:05.387+0530] {logging_mixin.py:188} INFO - [2024-07-16T05:35:05.386+0530] {dagbag.py:545} INFO - Filling up the DagBag from //home/kali/Desktop/projects/git/bank_data_processing/dags/dag_raw_mortgage_applications.py
[2024-07-16T05:35:05.890+0530] {logging_mixin.py:188} INFO - [2024-07-16T05:35:05.889+0530] {base.py:84} INFO - Using connection ID 'mysql_default' for task execution.
[2024-07-16T05:35:05.895+0530] {processor.py:840} INFO - DAG(s) 'raw_load_mortgage_applications' retrieved from //home/kali/Desktop/projects/git/bank_data_processing/dags/dag_raw_mortgage_applications.py
[2024-07-16T05:35:06.038+0530] {logging_mixin.py:188} INFO - [2024-07-16T05:35:06.037+0530] {dag.py:3096} INFO - Sync 1 DAGs
[2024-07-16T05:35:06.049+0530] {logging_mixin.py:188} INFO - [2024-07-16T05:35:06.049+0530] {dag.py:3954} INFO - Setting next_dagrun for raw_load_mortgage_applications to None, run_after=None
[2024-07-16T05:35:06.076+0530] {processor.py:183} INFO - Processing //home/kali/Desktop/projects/git/bank_data_processing/dags/dag_raw_mortgage_applications.py took 0.696 seconds
[2024-07-16T05:35:36.833+0530] {processor.py:161} INFO - Started process (PID=31887) to work on //home/kali/Desktop/projects/git/bank_data_processing/dags/dag_raw_mortgage_applications.py
[2024-07-16T05:35:36.835+0530] {processor.py:830} INFO - Processing file //home/kali/Desktop/projects/git/bank_data_processing/dags/dag_raw_mortgage_applications.py for tasks to queue
[2024-07-16T05:35:36.838+0530] {logging_mixin.py:188} INFO - [2024-07-16T05:35:36.837+0530] {dagbag.py:545} INFO - Filling up the DagBag from //home/kali/Desktop/projects/git/bank_data_processing/dags/dag_raw_mortgage_applications.py
[2024-07-16T05:35:37.472+0530] {logging_mixin.py:188} INFO - [2024-07-16T05:35:37.472+0530] {base.py:84} INFO - Using connection ID 'mysql_default' for task execution.
[2024-07-16T05:35:37.481+0530] {processor.py:840} INFO - DAG(s) 'raw_load_mortgage_applications' retrieved from //home/kali/Desktop/projects/git/bank_data_processing/dags/dag_raw_mortgage_applications.py
[2024-07-16T05:35:37.624+0530] {logging_mixin.py:188} INFO - [2024-07-16T05:35:37.624+0530] {dag.py:3096} INFO - Sync 1 DAGs
[2024-07-16T05:35:37.634+0530] {logging_mixin.py:188} INFO - [2024-07-16T05:35:37.634+0530] {dag.py:3954} INFO - Setting next_dagrun for raw_load_mortgage_applications to None, run_after=None
[2024-07-16T05:35:37.658+0530] {processor.py:183} INFO - Processing //home/kali/Desktop/projects/git/bank_data_processing/dags/dag_raw_mortgage_applications.py took 0.835 seconds
[2024-07-16T05:36:08.315+0530] {processor.py:161} INFO - Started process (PID=32666) to work on //home/kali/Desktop/projects/git/bank_data_processing/dags/dag_raw_mortgage_applications.py
[2024-07-16T05:36:08.317+0530] {processor.py:830} INFO - Processing file //home/kali/Desktop/projects/git/bank_data_processing/dags/dag_raw_mortgage_applications.py for tasks to queue
[2024-07-16T05:36:08.319+0530] {logging_mixin.py:188} INFO - [2024-07-16T05:36:08.319+0530] {dagbag.py:545} INFO - Filling up the DagBag from //home/kali/Desktop/projects/git/bank_data_processing/dags/dag_raw_mortgage_applications.py
[2024-07-16T05:36:08.792+0530] {logging_mixin.py:188} INFO - [2024-07-16T05:36:08.791+0530] {base.py:84} INFO - Using connection ID 'mysql_default' for task execution.
[2024-07-16T05:36:08.798+0530] {processor.py:840} INFO - DAG(s) 'raw_load_mortgage_applications' retrieved from //home/kali/Desktop/projects/git/bank_data_processing/dags/dag_raw_mortgage_applications.py
[2024-07-16T05:36:08.889+0530] {logging_mixin.py:188} INFO - [2024-07-16T05:36:08.889+0530] {dag.py:3096} INFO - Sync 1 DAGs
[2024-07-16T05:36:08.897+0530] {logging_mixin.py:188} INFO - [2024-07-16T05:36:08.897+0530] {dag.py:3954} INFO - Setting next_dagrun for raw_load_mortgage_applications to None, run_after=None
[2024-07-16T05:36:08.921+0530] {processor.py:183} INFO - Processing //home/kali/Desktop/projects/git/bank_data_processing/dags/dag_raw_mortgage_applications.py took 0.620 seconds
[2024-07-16T05:36:39.087+0530] {processor.py:161} INFO - Started process (PID=33299) to work on //home/kali/Desktop/projects/git/bank_data_processing/dags/dag_raw_mortgage_applications.py
[2024-07-16T05:36:39.094+0530] {processor.py:830} INFO - Processing file //home/kali/Desktop/projects/git/bank_data_processing/dags/dag_raw_mortgage_applications.py for tasks to queue
[2024-07-16T05:36:39.096+0530] {logging_mixin.py:188} INFO - [2024-07-16T05:36:39.096+0530] {dagbag.py:545} INFO - Filling up the DagBag from //home/kali/Desktop/projects/git/bank_data_processing/dags/dag_raw_mortgage_applications.py
[2024-07-16T05:36:39.560+0530] {logging_mixin.py:188} INFO - [2024-07-16T05:36:39.559+0530] {base.py:84} INFO - Using connection ID 'mysql_default' for task execution.
[2024-07-16T05:36:39.565+0530] {processor.py:840} INFO - DAG(s) 'raw_load_mortgage_applications' retrieved from //home/kali/Desktop/projects/git/bank_data_processing/dags/dag_raw_mortgage_applications.py
[2024-07-16T05:36:39.654+0530] {logging_mixin.py:188} INFO - [2024-07-16T05:36:39.654+0530] {dag.py:3096} INFO - Sync 1 DAGs
[2024-07-16T05:36:39.662+0530] {logging_mixin.py:188} INFO - [2024-07-16T05:36:39.662+0530] {dag.py:3954} INFO - Setting next_dagrun for raw_load_mortgage_applications to None, run_after=None
[2024-07-16T05:36:39.686+0530] {processor.py:183} INFO - Processing //home/kali/Desktop/projects/git/bank_data_processing/dags/dag_raw_mortgage_applications.py took 0.616 seconds
[2024-07-16T05:37:09.873+0530] {processor.py:161} INFO - Started process (PID=33970) to work on //home/kali/Desktop/projects/git/bank_data_processing/dags/dag_raw_mortgage_applications.py
[2024-07-16T05:37:09.880+0530] {processor.py:830} INFO - Processing file //home/kali/Desktop/projects/git/bank_data_processing/dags/dag_raw_mortgage_applications.py for tasks to queue
[2024-07-16T05:37:09.883+0530] {logging_mixin.py:188} INFO - [2024-07-16T05:37:09.883+0530] {dagbag.py:545} INFO - Filling up the DagBag from //home/kali/Desktop/projects/git/bank_data_processing/dags/dag_raw_mortgage_applications.py
[2024-07-16T05:37:10.491+0530] {logging_mixin.py:188} INFO - [2024-07-16T05:37:10.490+0530] {base.py:84} INFO - Using connection ID 'mysql_default' for task execution.
[2024-07-16T05:37:10.501+0530] {processor.py:840} INFO - DAG(s) 'raw_load_mortgage_applications' retrieved from //home/kali/Desktop/projects/git/bank_data_processing/dags/dag_raw_mortgage_applications.py
[2024-07-16T05:37:10.631+0530] {logging_mixin.py:188} INFO - [2024-07-16T05:37:10.631+0530] {dag.py:3096} INFO - Sync 1 DAGs
[2024-07-16T05:37:10.641+0530] {logging_mixin.py:188} INFO - [2024-07-16T05:37:10.641+0530] {dag.py:3954} INFO - Setting next_dagrun for raw_load_mortgage_applications to None, run_after=None
[2024-07-16T05:37:10.673+0530] {processor.py:183} INFO - Processing //home/kali/Desktop/projects/git/bank_data_processing/dags/dag_raw_mortgage_applications.py took 0.811 seconds
[2024-07-16T05:37:41.396+0530] {processor.py:161} INFO - Started process (PID=34678) to work on //home/kali/Desktop/projects/git/bank_data_processing/dags/dag_raw_mortgage_applications.py
[2024-07-16T05:37:41.402+0530] {processor.py:830} INFO - Processing file //home/kali/Desktop/projects/git/bank_data_processing/dags/dag_raw_mortgage_applications.py for tasks to queue
[2024-07-16T05:37:41.404+0530] {logging_mixin.py:188} INFO - [2024-07-16T05:37:41.403+0530] {dagbag.py:545} INFO - Filling up the DagBag from //home/kali/Desktop/projects/git/bank_data_processing/dags/dag_raw_mortgage_applications.py
[2024-07-16T05:37:41.879+0530] {logging_mixin.py:188} INFO - [2024-07-16T05:37:41.878+0530] {base.py:84} INFO - Using connection ID 'mysql_default' for task execution.
[2024-07-16T05:37:41.889+0530] {processor.py:840} INFO - DAG(s) 'raw_load_mortgage_applications' retrieved from //home/kali/Desktop/projects/git/bank_data_processing/dags/dag_raw_mortgage_applications.py
[2024-07-16T05:37:41.981+0530] {logging_mixin.py:188} INFO - [2024-07-16T05:37:41.981+0530] {dag.py:3096} INFO - Sync 1 DAGs
[2024-07-16T05:37:41.988+0530] {logging_mixin.py:188} INFO - [2024-07-16T05:37:41.988+0530] {dag.py:3954} INFO - Setting next_dagrun for raw_load_mortgage_applications to None, run_after=None
[2024-07-16T05:37:42.014+0530] {processor.py:183} INFO - Processing //home/kali/Desktop/projects/git/bank_data_processing/dags/dag_raw_mortgage_applications.py took 0.627 seconds
[2024-07-16T05:38:12.112+0530] {processor.py:161} INFO - Started process (PID=35398) to work on //home/kali/Desktop/projects/git/bank_data_processing/dags/dag_raw_mortgage_applications.py
[2024-07-16T05:38:12.119+0530] {processor.py:830} INFO - Processing file //home/kali/Desktop/projects/git/bank_data_processing/dags/dag_raw_mortgage_applications.py for tasks to queue
[2024-07-16T05:38:12.122+0530] {logging_mixin.py:188} INFO - [2024-07-16T05:38:12.122+0530] {dagbag.py:545} INFO - Filling up the DagBag from //home/kali/Desktop/projects/git/bank_data_processing/dags/dag_raw_mortgage_applications.py
[2024-07-16T05:38:12.775+0530] {logging_mixin.py:188} INFO - [2024-07-16T05:38:12.774+0530] {base.py:84} INFO - Using connection ID 'mysql_default' for task execution.
[2024-07-16T05:38:12.784+0530] {processor.py:840} INFO - DAG(s) 'raw_load_mortgage_applications' retrieved from //home/kali/Desktop/projects/git/bank_data_processing/dags/dag_raw_mortgage_applications.py
[2024-07-16T05:38:12.936+0530] {logging_mixin.py:188} INFO - [2024-07-16T05:38:12.936+0530] {dag.py:3096} INFO - Sync 1 DAGs
[2024-07-16T05:38:12.958+0530] {logging_mixin.py:188} INFO - [2024-07-16T05:38:12.958+0530] {dag.py:3954} INFO - Setting next_dagrun for raw_load_mortgage_applications to None, run_after=None
[2024-07-16T05:38:12.990+0530] {processor.py:183} INFO - Processing //home/kali/Desktop/projects/git/bank_data_processing/dags/dag_raw_mortgage_applications.py took 0.885 seconds
[2024-07-16T05:38:43.583+0530] {processor.py:161} INFO - Started process (PID=36058) to work on //home/kali/Desktop/projects/git/bank_data_processing/dags/dag_raw_mortgage_applications.py
[2024-07-16T05:38:43.589+0530] {processor.py:830} INFO - Processing file //home/kali/Desktop/projects/git/bank_data_processing/dags/dag_raw_mortgage_applications.py for tasks to queue
[2024-07-16T05:38:43.590+0530] {logging_mixin.py:188} INFO - [2024-07-16T05:38:43.590+0530] {dagbag.py:545} INFO - Filling up the DagBag from //home/kali/Desktop/projects/git/bank_data_processing/dags/dag_raw_mortgage_applications.py
[2024-07-16T05:38:44.122+0530] {logging_mixin.py:188} INFO - [2024-07-16T05:38:44.122+0530] {base.py:84} INFO - Using connection ID 'mysql_default' for task execution.
[2024-07-16T05:38:44.128+0530] {processor.py:840} INFO - DAG(s) 'raw_load_mortgage_applications' retrieved from //home/kali/Desktop/projects/git/bank_data_processing/dags/dag_raw_mortgage_applications.py
[2024-07-16T05:38:44.219+0530] {logging_mixin.py:188} INFO - [2024-07-16T05:38:44.218+0530] {dag.py:3096} INFO - Sync 1 DAGs
[2024-07-16T05:38:44.227+0530] {logging_mixin.py:188} INFO - [2024-07-16T05:38:44.227+0530] {dag.py:3954} INFO - Setting next_dagrun for raw_load_mortgage_applications to None, run_after=None
[2024-07-16T05:38:44.253+0530] {processor.py:183} INFO - Processing //home/kali/Desktop/projects/git/bank_data_processing/dags/dag_raw_mortgage_applications.py took 0.677 seconds
[2024-07-16T05:39:14.656+0530] {processor.py:161} INFO - Started process (PID=36910) to work on //home/kali/Desktop/projects/git/bank_data_processing/dags/dag_raw_mortgage_applications.py
[2024-07-16T05:39:14.662+0530] {processor.py:830} INFO - Processing file //home/kali/Desktop/projects/git/bank_data_processing/dags/dag_raw_mortgage_applications.py for tasks to queue
[2024-07-16T05:39:14.664+0530] {logging_mixin.py:188} INFO - [2024-07-16T05:39:14.664+0530] {dagbag.py:545} INFO - Filling up the DagBag from //home/kali/Desktop/projects/git/bank_data_processing/dags/dag_raw_mortgage_applications.py
[2024-07-16T05:39:15.122+0530] {logging_mixin.py:188} INFO - [2024-07-16T05:39:15.122+0530] {base.py:84} INFO - Using connection ID 'mysql_default' for task execution.
[2024-07-16T05:39:15.128+0530] {processor.py:840} INFO - DAG(s) 'raw_load_mortgage_applications' retrieved from //home/kali/Desktop/projects/git/bank_data_processing/dags/dag_raw_mortgage_applications.py
[2024-07-16T05:39:15.219+0530] {logging_mixin.py:188} INFO - [2024-07-16T05:39:15.218+0530] {dag.py:3096} INFO - Sync 1 DAGs
[2024-07-16T05:39:15.226+0530] {logging_mixin.py:188} INFO - [2024-07-16T05:39:15.226+0530] {dag.py:3954} INFO - Setting next_dagrun for raw_load_mortgage_applications to None, run_after=None
[2024-07-16T05:39:15.250+0530] {processor.py:183} INFO - Processing //home/kali/Desktop/projects/git/bank_data_processing/dags/dag_raw_mortgage_applications.py took 0.612 seconds
[2024-07-16T05:39:45.782+0530] {processor.py:161} INFO - Started process (PID=37712) to work on //home/kali/Desktop/projects/git/bank_data_processing/dags/dag_raw_mortgage_applications.py
[2024-07-16T05:39:45.788+0530] {processor.py:830} INFO - Processing file //home/kali/Desktop/projects/git/bank_data_processing/dags/dag_raw_mortgage_applications.py for tasks to queue
[2024-07-16T05:39:45.791+0530] {logging_mixin.py:188} INFO - [2024-07-16T05:39:45.790+0530] {dagbag.py:545} INFO - Filling up the DagBag from //home/kali/Desktop/projects/git/bank_data_processing/dags/dag_raw_mortgage_applications.py
[2024-07-16T05:39:46.370+0530] {logging_mixin.py:188} INFO - [2024-07-16T05:39:46.369+0530] {base.py:84} INFO - Using connection ID 'mysql_default' for task execution.
[2024-07-16T05:39:46.376+0530] {processor.py:840} INFO - DAG(s) 'raw_load_mortgage_applications' retrieved from //home/kali/Desktop/projects/git/bank_data_processing/dags/dag_raw_mortgage_applications.py
[2024-07-16T05:39:46.457+0530] {logging_mixin.py:188} INFO - [2024-07-16T05:39:46.457+0530] {dag.py:3096} INFO - Sync 1 DAGs
[2024-07-16T05:39:46.465+0530] {logging_mixin.py:188} INFO - [2024-07-16T05:39:46.464+0530] {dag.py:3954} INFO - Setting next_dagrun for raw_load_mortgage_applications to None, run_after=None
[2024-07-16T05:39:46.488+0530] {processor.py:183} INFO - Processing //home/kali/Desktop/projects/git/bank_data_processing/dags/dag_raw_mortgage_applications.py took 0.717 seconds
[2024-07-16T05:40:16.628+0530] {processor.py:161} INFO - Started process (PID=38463) to work on //home/kali/Desktop/projects/git/bank_data_processing/dags/dag_raw_mortgage_applications.py
[2024-07-16T05:40:16.634+0530] {processor.py:830} INFO - Processing file //home/kali/Desktop/projects/git/bank_data_processing/dags/dag_raw_mortgage_applications.py for tasks to queue
[2024-07-16T05:40:16.638+0530] {logging_mixin.py:188} INFO - [2024-07-16T05:40:16.638+0530] {dagbag.py:545} INFO - Filling up the DagBag from //home/kali/Desktop/projects/git/bank_data_processing/dags/dag_raw_mortgage_applications.py
[2024-07-16T05:40:17.161+0530] {logging_mixin.py:188} INFO - [2024-07-16T05:40:17.160+0530] {base.py:84} INFO - Using connection ID 'mysql_default' for task execution.
[2024-07-16T05:40:17.169+0530] {processor.py:840} INFO - DAG(s) 'raw_load_mortgage_applications' retrieved from //home/kali/Desktop/projects/git/bank_data_processing/dags/dag_raw_mortgage_applications.py
[2024-07-16T05:40:17.254+0530] {logging_mixin.py:188} INFO - [2024-07-16T05:40:17.253+0530] {dag.py:3096} INFO - Sync 1 DAGs
[2024-07-16T05:40:17.261+0530] {logging_mixin.py:188} INFO - [2024-07-16T05:40:17.261+0530] {dag.py:3954} INFO - Setting next_dagrun for raw_load_mortgage_applications to None, run_after=None
[2024-07-16T05:40:17.294+0530] {processor.py:183} INFO - Processing //home/kali/Desktop/projects/git/bank_data_processing/dags/dag_raw_mortgage_applications.py took 0.673 seconds
[2024-07-16T05:40:47.775+0530] {processor.py:161} INFO - Started process (PID=39156) to work on //home/kali/Desktop/projects/git/bank_data_processing/dags/dag_raw_mortgage_applications.py
[2024-07-16T05:40:47.776+0530] {processor.py:830} INFO - Processing file //home/kali/Desktop/projects/git/bank_data_processing/dags/dag_raw_mortgage_applications.py for tasks to queue
[2024-07-16T05:40:47.777+0530] {logging_mixin.py:188} INFO - [2024-07-16T05:40:47.777+0530] {dagbag.py:545} INFO - Filling up the DagBag from //home/kali/Desktop/projects/git/bank_data_processing/dags/dag_raw_mortgage_applications.py
[2024-07-16T05:40:48.236+0530] {logging_mixin.py:188} INFO - [2024-07-16T05:40:48.236+0530] {base.py:84} INFO - Using connection ID 'mysql_default' for task execution.
[2024-07-16T05:40:48.242+0530] {processor.py:840} INFO - DAG(s) 'raw_load_mortgage_applications' retrieved from //home/kali/Desktop/projects/git/bank_data_processing/dags/dag_raw_mortgage_applications.py
[2024-07-16T05:40:48.327+0530] {logging_mixin.py:188} INFO - [2024-07-16T05:40:48.327+0530] {dag.py:3096} INFO - Sync 1 DAGs
[2024-07-16T05:40:48.335+0530] {logging_mixin.py:188} INFO - [2024-07-16T05:40:48.334+0530] {dag.py:3954} INFO - Setting next_dagrun for raw_load_mortgage_applications to None, run_after=None
[2024-07-16T05:40:48.356+0530] {processor.py:183} INFO - Processing //home/kali/Desktop/projects/git/bank_data_processing/dags/dag_raw_mortgage_applications.py took 0.587 seconds
[2024-07-16T05:41:19.001+0530] {processor.py:161} INFO - Started process (PID=39838) to work on //home/kali/Desktop/projects/git/bank_data_processing/dags/dag_raw_mortgage_applications.py
[2024-07-16T05:41:19.003+0530] {processor.py:830} INFO - Processing file //home/kali/Desktop/projects/git/bank_data_processing/dags/dag_raw_mortgage_applications.py for tasks to queue
[2024-07-16T05:41:19.005+0530] {logging_mixin.py:188} INFO - [2024-07-16T05:41:19.005+0530] {dagbag.py:545} INFO - Filling up the DagBag from //home/kali/Desktop/projects/git/bank_data_processing/dags/dag_raw_mortgage_applications.py
[2024-07-16T05:41:19.624+0530] {logging_mixin.py:188} INFO - [2024-07-16T05:41:19.624+0530] {base.py:84} INFO - Using connection ID 'mysql_default' for task execution.
[2024-07-16T05:41:19.635+0530] {processor.py:840} INFO - DAG(s) 'raw_load_mortgage_applications' retrieved from //home/kali/Desktop/projects/git/bank_data_processing/dags/dag_raw_mortgage_applications.py
[2024-07-16T05:41:19.732+0530] {logging_mixin.py:188} INFO - [2024-07-16T05:41:19.732+0530] {dag.py:3096} INFO - Sync 1 DAGs
[2024-07-16T05:41:19.743+0530] {logging_mixin.py:188} INFO - [2024-07-16T05:41:19.742+0530] {dag.py:3954} INFO - Setting next_dagrun for raw_load_mortgage_applications to None, run_after=None
[2024-07-16T05:41:19.787+0530] {processor.py:183} INFO - Processing //home/kali/Desktop/projects/git/bank_data_processing/dags/dag_raw_mortgage_applications.py took 0.796 seconds
[2024-07-16T05:41:50.904+0530] {processor.py:161} INFO - Started process (PID=40620) to work on //home/kali/Desktop/projects/git/bank_data_processing/dags/dag_raw_mortgage_applications.py
[2024-07-16T05:41:50.907+0530] {processor.py:830} INFO - Processing file //home/kali/Desktop/projects/git/bank_data_processing/dags/dag_raw_mortgage_applications.py for tasks to queue
[2024-07-16T05:41:50.909+0530] {logging_mixin.py:188} INFO - [2024-07-16T05:41:50.909+0530] {dagbag.py:545} INFO - Filling up the DagBag from //home/kali/Desktop/projects/git/bank_data_processing/dags/dag_raw_mortgage_applications.py
[2024-07-16T05:41:51.707+0530] {logging_mixin.py:188} INFO - [2024-07-16T05:41:51.707+0530] {base.py:84} INFO - Using connection ID 'mysql_default' for task execution.
[2024-07-16T05:41:51.719+0530] {processor.py:840} INFO - DAG(s) 'raw_load_mortgage_applications' retrieved from //home/kali/Desktop/projects/git/bank_data_processing/dags/dag_raw_mortgage_applications.py
[2024-07-16T05:41:51.853+0530] {logging_mixin.py:188} INFO - [2024-07-16T05:41:51.852+0530] {dag.py:3096} INFO - Sync 1 DAGs
[2024-07-16T05:41:51.862+0530] {logging_mixin.py:188} INFO - [2024-07-16T05:41:51.862+0530] {dag.py:3954} INFO - Setting next_dagrun for raw_load_mortgage_applications to None, run_after=None
[2024-07-16T05:41:51.887+0530] {processor.py:183} INFO - Processing //home/kali/Desktop/projects/git/bank_data_processing/dags/dag_raw_mortgage_applications.py took 0.993 seconds
[2024-07-16T05:42:22.191+0530] {processor.py:161} INFO - Started process (PID=41375) to work on //home/kali/Desktop/projects/git/bank_data_processing/dags/dag_raw_mortgage_applications.py
[2024-07-16T05:42:22.193+0530] {processor.py:830} INFO - Processing file //home/kali/Desktop/projects/git/bank_data_processing/dags/dag_raw_mortgage_applications.py for tasks to queue
[2024-07-16T05:42:22.195+0530] {logging_mixin.py:188} INFO - [2024-07-16T05:42:22.195+0530] {dagbag.py:545} INFO - Filling up the DagBag from //home/kali/Desktop/projects/git/bank_data_processing/dags/dag_raw_mortgage_applications.py
[2024-07-16T05:42:22.678+0530] {logging_mixin.py:188} INFO - [2024-07-16T05:42:22.678+0530] {base.py:84} INFO - Using connection ID 'mysql_default' for task execution.
[2024-07-16T05:42:22.684+0530] {processor.py:840} INFO - DAG(s) 'raw_load_mortgage_applications' retrieved from //home/kali/Desktop/projects/git/bank_data_processing/dags/dag_raw_mortgage_applications.py
[2024-07-16T05:42:22.773+0530] {logging_mixin.py:188} INFO - [2024-07-16T05:42:22.772+0530] {dag.py:3096} INFO - Sync 1 DAGs
[2024-07-16T05:42:22.782+0530] {logging_mixin.py:188} INFO - [2024-07-16T05:42:22.782+0530] {dag.py:3954} INFO - Setting next_dagrun for raw_load_mortgage_applications to None, run_after=None
[2024-07-16T05:42:22.802+0530] {processor.py:183} INFO - Processing //home/kali/Desktop/projects/git/bank_data_processing/dags/dag_raw_mortgage_applications.py took 0.619 seconds
[2024-07-16T05:42:53.878+0530] {processor.py:161} INFO - Started process (PID=42198) to work on //home/kali/Desktop/projects/git/bank_data_processing/dags/dag_raw_mortgage_applications.py
[2024-07-16T05:42:53.881+0530] {processor.py:830} INFO - Processing file //home/kali/Desktop/projects/git/bank_data_processing/dags/dag_raw_mortgage_applications.py for tasks to queue
[2024-07-16T05:42:53.883+0530] {logging_mixin.py:188} INFO - [2024-07-16T05:42:53.883+0530] {dagbag.py:545} INFO - Filling up the DagBag from //home/kali/Desktop/projects/git/bank_data_processing/dags/dag_raw_mortgage_applications.py
[2024-07-16T05:42:54.488+0530] {logging_mixin.py:188} INFO - [2024-07-16T05:42:54.487+0530] {base.py:84} INFO - Using connection ID 'mysql_default' for task execution.
[2024-07-16T05:42:54.495+0530] {processor.py:840} INFO - DAG(s) 'raw_load_mortgage_applications' retrieved from //home/kali/Desktop/projects/git/bank_data_processing/dags/dag_raw_mortgage_applications.py
[2024-07-16T05:42:54.613+0530] {logging_mixin.py:188} INFO - [2024-07-16T05:42:54.612+0530] {dag.py:3096} INFO - Sync 1 DAGs
[2024-07-16T05:42:54.626+0530] {logging_mixin.py:188} INFO - [2024-07-16T05:42:54.625+0530] {dag.py:3954} INFO - Setting next_dagrun for raw_load_mortgage_applications to None, run_after=None
[2024-07-16T05:42:54.672+0530] {processor.py:183} INFO - Processing //home/kali/Desktop/projects/git/bank_data_processing/dags/dag_raw_mortgage_applications.py took 0.804 seconds
[2024-07-16T05:43:25.653+0530] {processor.py:161} INFO - Started process (PID=43063) to work on //home/kali/Desktop/projects/git/bank_data_processing/dags/dag_raw_mortgage_applications.py
[2024-07-16T05:43:25.654+0530] {processor.py:830} INFO - Processing file //home/kali/Desktop/projects/git/bank_data_processing/dags/dag_raw_mortgage_applications.py for tasks to queue
[2024-07-16T05:43:25.657+0530] {logging_mixin.py:188} INFO - [2024-07-16T05:43:25.657+0530] {dagbag.py:545} INFO - Filling up the DagBag from //home/kali/Desktop/projects/git/bank_data_processing/dags/dag_raw_mortgage_applications.py
[2024-07-16T05:43:26.423+0530] {logging_mixin.py:188} INFO - [2024-07-16T05:43:26.423+0530] {base.py:84} INFO - Using connection ID 'mysql_default' for task execution.
[2024-07-16T05:43:26.431+0530] {processor.py:840} INFO - DAG(s) 'raw_load_mortgage_applications' retrieved from //home/kali/Desktop/projects/git/bank_data_processing/dags/dag_raw_mortgage_applications.py
[2024-07-16T05:43:26.533+0530] {logging_mixin.py:188} INFO - [2024-07-16T05:43:26.533+0530] {dag.py:3096} INFO - Sync 1 DAGs
[2024-07-16T05:43:26.544+0530] {logging_mixin.py:188} INFO - [2024-07-16T05:43:26.543+0530] {dag.py:3954} INFO - Setting next_dagrun for raw_load_mortgage_applications to None, run_after=None
[2024-07-16T05:43:26.568+0530] {processor.py:183} INFO - Processing //home/kali/Desktop/projects/git/bank_data_processing/dags/dag_raw_mortgage_applications.py took 0.922 seconds
[2024-07-16T05:43:57.120+0530] {processor.py:161} INFO - Started process (PID=44143) to work on //home/kali/Desktop/projects/git/bank_data_processing/dags/dag_raw_mortgage_applications.py
[2024-07-16T05:43:57.121+0530] {processor.py:830} INFO - Processing file //home/kali/Desktop/projects/git/bank_data_processing/dags/dag_raw_mortgage_applications.py for tasks to queue
[2024-07-16T05:43:57.123+0530] {logging_mixin.py:188} INFO - [2024-07-16T05:43:57.123+0530] {dagbag.py:545} INFO - Filling up the DagBag from //home/kali/Desktop/projects/git/bank_data_processing/dags/dag_raw_mortgage_applications.py
[2024-07-16T05:43:57.906+0530] {logging_mixin.py:188} INFO - [2024-07-16T05:43:57.906+0530] {base.py:84} INFO - Using connection ID 'mysql_default' for task execution.
[2024-07-16T05:43:57.913+0530] {processor.py:840} INFO - DAG(s) 'raw_load_mortgage_applications' retrieved from //home/kali/Desktop/projects/git/bank_data_processing/dags/dag_raw_mortgage_applications.py
[2024-07-16T05:43:58.059+0530] {logging_mixin.py:188} INFO - [2024-07-16T05:43:58.059+0530] {dag.py:3096} INFO - Sync 1 DAGs
[2024-07-16T05:43:58.072+0530] {logging_mixin.py:188} INFO - [2024-07-16T05:43:58.072+0530] {dag.py:3954} INFO - Setting next_dagrun for raw_load_mortgage_applications to None, run_after=None
[2024-07-16T05:43:58.103+0530] {processor.py:183} INFO - Processing //home/kali/Desktop/projects/git/bank_data_processing/dags/dag_raw_mortgage_applications.py took 0.994 seconds
[2024-07-16T05:44:28.508+0530] {processor.py:161} INFO - Started process (PID=45058) to work on //home/kali/Desktop/projects/git/bank_data_processing/dags/dag_raw_mortgage_applications.py
[2024-07-16T05:44:28.510+0530] {processor.py:830} INFO - Processing file //home/kali/Desktop/projects/git/bank_data_processing/dags/dag_raw_mortgage_applications.py for tasks to queue
[2024-07-16T05:44:28.513+0530] {logging_mixin.py:188} INFO - [2024-07-16T05:44:28.512+0530] {dagbag.py:545} INFO - Filling up the DagBag from //home/kali/Desktop/projects/git/bank_data_processing/dags/dag_raw_mortgage_applications.py
[2024-07-16T05:44:29.068+0530] {logging_mixin.py:188} INFO - [2024-07-16T05:44:29.067+0530] {base.py:84} INFO - Using connection ID 'mysql_default' for task execution.
[2024-07-16T05:44:29.076+0530] {processor.py:840} INFO - DAG(s) 'raw_load_mortgage_applications' retrieved from //home/kali/Desktop/projects/git/bank_data_processing/dags/dag_raw_mortgage_applications.py
[2024-07-16T05:44:29.171+0530] {logging_mixin.py:188} INFO - [2024-07-16T05:44:29.171+0530] {dag.py:3096} INFO - Sync 1 DAGs
[2024-07-16T05:44:29.179+0530] {logging_mixin.py:188} INFO - [2024-07-16T05:44:29.179+0530] {dag.py:3954} INFO - Setting next_dagrun for raw_load_mortgage_applications to None, run_after=None
[2024-07-16T05:44:29.199+0530] {processor.py:183} INFO - Processing //home/kali/Desktop/projects/git/bank_data_processing/dags/dag_raw_mortgage_applications.py took 0.704 seconds
[2024-07-16T05:44:59.565+0530] {processor.py:161} INFO - Started process (PID=45799) to work on //home/kali/Desktop/projects/git/bank_data_processing/dags/dag_raw_mortgage_applications.py
[2024-07-16T05:44:59.567+0530] {processor.py:830} INFO - Processing file //home/kali/Desktop/projects/git/bank_data_processing/dags/dag_raw_mortgage_applications.py for tasks to queue
[2024-07-16T05:44:59.570+0530] {logging_mixin.py:188} INFO - [2024-07-16T05:44:59.570+0530] {dagbag.py:545} INFO - Filling up the DagBag from //home/kali/Desktop/projects/git/bank_data_processing/dags/dag_raw_mortgage_applications.py
[2024-07-16T05:45:00.480+0530] {logging_mixin.py:188} INFO - [2024-07-16T05:45:00.479+0530] {base.py:84} INFO - Using connection ID 'mysql_default' for task execution.
[2024-07-16T05:45:00.494+0530] {processor.py:840} INFO - DAG(s) 'raw_load_mortgage_applications' retrieved from //home/kali/Desktop/projects/git/bank_data_processing/dags/dag_raw_mortgage_applications.py
[2024-07-16T05:45:00.680+0530] {logging_mixin.py:188} INFO - [2024-07-16T05:45:00.679+0530] {dag.py:3096} INFO - Sync 1 DAGs
[2024-07-16T05:45:00.699+0530] {logging_mixin.py:188} INFO - [2024-07-16T05:45:00.698+0530] {dag.py:3954} INFO - Setting next_dagrun for raw_load_mortgage_applications to None, run_after=None
[2024-07-16T05:45:00.743+0530] {processor.py:183} INFO - Processing //home/kali/Desktop/projects/git/bank_data_processing/dags/dag_raw_mortgage_applications.py took 1.189 seconds
[2024-07-16T05:45:31.469+0530] {processor.py:161} INFO - Started process (PID=46303) to work on //home/kali/Desktop/projects/git/bank_data_processing/dags/dag_raw_mortgage_applications.py
[2024-07-16T05:45:31.471+0530] {processor.py:830} INFO - Processing file //home/kali/Desktop/projects/git/bank_data_processing/dags/dag_raw_mortgage_applications.py for tasks to queue
[2024-07-16T05:45:31.472+0530] {logging_mixin.py:188} INFO - [2024-07-16T05:45:31.472+0530] {dagbag.py:545} INFO - Filling up the DagBag from //home/kali/Desktop/projects/git/bank_data_processing/dags/dag_raw_mortgage_applications.py
[2024-07-16T05:45:32.123+0530] {logging_mixin.py:188} INFO - [2024-07-16T05:45:32.123+0530] {base.py:84} INFO - Using connection ID 'mysql_default' for task execution.
[2024-07-16T05:45:32.133+0530] {processor.py:840} INFO - DAG(s) 'raw_load_mortgage_applications' retrieved from //home/kali/Desktop/projects/git/bank_data_processing/dags/dag_raw_mortgage_applications.py
[2024-07-16T05:45:32.250+0530] {logging_mixin.py:188} INFO - [2024-07-16T05:45:32.249+0530] {dag.py:3096} INFO - Sync 1 DAGs
[2024-07-16T05:45:32.261+0530] {logging_mixin.py:188} INFO - [2024-07-16T05:45:32.261+0530] {dag.py:3954} INFO - Setting next_dagrun for raw_load_mortgage_applications to None, run_after=None
[2024-07-16T05:45:32.287+0530] {processor.py:183} INFO - Processing //home/kali/Desktop/projects/git/bank_data_processing/dags/dag_raw_mortgage_applications.py took 0.828 seconds
[2024-07-16T05:46:02.475+0530] {processor.py:161} INFO - Started process (PID=47097) to work on //home/kali/Desktop/projects/git/bank_data_processing/dags/dag_raw_mortgage_applications.py
[2024-07-16T05:46:02.479+0530] {processor.py:830} INFO - Processing file //home/kali/Desktop/projects/git/bank_data_processing/dags/dag_raw_mortgage_applications.py for tasks to queue
[2024-07-16T05:46:02.480+0530] {logging_mixin.py:188} INFO - [2024-07-16T05:46:02.479+0530] {dagbag.py:545} INFO - Filling up the DagBag from //home/kali/Desktop/projects/git/bank_data_processing/dags/dag_raw_mortgage_applications.py
[2024-07-16T05:46:03.100+0530] {logging_mixin.py:188} INFO - [2024-07-16T05:46:03.100+0530] {base.py:84} INFO - Using connection ID 'mysql_default' for task execution.
[2024-07-16T05:46:03.108+0530] {processor.py:840} INFO - DAG(s) 'raw_load_mortgage_applications' retrieved from //home/kali/Desktop/projects/git/bank_data_processing/dags/dag_raw_mortgage_applications.py
[2024-07-16T05:46:03.199+0530] {logging_mixin.py:188} INFO - [2024-07-16T05:46:03.199+0530] {dag.py:3096} INFO - Sync 1 DAGs
[2024-07-16T05:46:03.207+0530] {logging_mixin.py:188} INFO - [2024-07-16T05:46:03.207+0530] {dag.py:3954} INFO - Setting next_dagrun for raw_load_mortgage_applications to None, run_after=None
[2024-07-16T05:46:03.231+0530] {processor.py:183} INFO - Processing //home/kali/Desktop/projects/git/bank_data_processing/dags/dag_raw_mortgage_applications.py took 0.772 seconds
[2024-07-16T05:46:33.907+0530] {processor.py:161} INFO - Started process (PID=47611) to work on //home/kali/Desktop/projects/git/bank_data_processing/dags/dag_raw_mortgage_applications.py
[2024-07-16T05:46:33.908+0530] {processor.py:830} INFO - Processing file //home/kali/Desktop/projects/git/bank_data_processing/dags/dag_raw_mortgage_applications.py for tasks to queue
[2024-07-16T05:46:33.908+0530] {logging_mixin.py:188} INFO - [2024-07-16T05:46:33.908+0530] {dagbag.py:545} INFO - Filling up the DagBag from //home/kali/Desktop/projects/git/bank_data_processing/dags/dag_raw_mortgage_applications.py
[2024-07-16T05:46:34.512+0530] {logging_mixin.py:188} INFO - [2024-07-16T05:46:34.511+0530] {base.py:84} INFO - Using connection ID 'mysql_default' for task execution.
[2024-07-16T05:46:34.522+0530] {processor.py:840} INFO - DAG(s) 'raw_load_mortgage_applications' retrieved from //home/kali/Desktop/projects/git/bank_data_processing/dags/dag_raw_mortgage_applications.py
[2024-07-16T05:46:34.658+0530] {logging_mixin.py:188} INFO - [2024-07-16T05:46:34.658+0530] {dag.py:3096} INFO - Sync 1 DAGs
[2024-07-16T05:46:34.675+0530] {logging_mixin.py:188} INFO - [2024-07-16T05:46:34.675+0530] {dag.py:3954} INFO - Setting next_dagrun for raw_load_mortgage_applications to None, run_after=None
[2024-07-16T05:46:34.723+0530] {processor.py:183} INFO - Processing //home/kali/Desktop/projects/git/bank_data_processing/dags/dag_raw_mortgage_applications.py took 0.823 seconds
[2024-07-16T05:47:05.194+0530] {processor.py:161} INFO - Started process (PID=48118) to work on //home/kali/Desktop/projects/git/bank_data_processing/dags/dag_raw_mortgage_applications.py
[2024-07-16T05:47:05.197+0530] {processor.py:830} INFO - Processing file //home/kali/Desktop/projects/git/bank_data_processing/dags/dag_raw_mortgage_applications.py for tasks to queue
[2024-07-16T05:47:05.198+0530] {logging_mixin.py:188} INFO - [2024-07-16T05:47:05.197+0530] {dagbag.py:545} INFO - Filling up the DagBag from //home/kali/Desktop/projects/git/bank_data_processing/dags/dag_raw_mortgage_applications.py
[2024-07-16T05:47:05.865+0530] {logging_mixin.py:188} INFO - [2024-07-16T05:47:05.864+0530] {base.py:84} INFO - Using connection ID 'mysql_default' for task execution.
[2024-07-16T05:47:05.874+0530] {processor.py:840} INFO - DAG(s) 'raw_load_mortgage_applications' retrieved from //home/kali/Desktop/projects/git/bank_data_processing/dags/dag_raw_mortgage_applications.py
[2024-07-16T05:47:06.013+0530] {logging_mixin.py:188} INFO - [2024-07-16T05:47:06.012+0530] {dag.py:3096} INFO - Sync 1 DAGs
[2024-07-16T05:47:06.025+0530] {logging_mixin.py:188} INFO - [2024-07-16T05:47:06.025+0530] {dag.py:3954} INFO - Setting next_dagrun for raw_load_mortgage_applications to None, run_after=None
[2024-07-16T05:47:06.051+0530] {processor.py:183} INFO - Processing //home/kali/Desktop/projects/git/bank_data_processing/dags/dag_raw_mortgage_applications.py took 0.869 seconds
[2024-07-16T05:47:36.115+0530] {processor.py:161} INFO - Started process (PID=48618) to work on //home/kali/Desktop/projects/git/bank_data_processing/dags/dag_raw_mortgage_applications.py
[2024-07-16T05:47:36.116+0530] {processor.py:830} INFO - Processing file //home/kali/Desktop/projects/git/bank_data_processing/dags/dag_raw_mortgage_applications.py for tasks to queue
[2024-07-16T05:47:36.117+0530] {logging_mixin.py:188} INFO - [2024-07-16T05:47:36.116+0530] {dagbag.py:545} INFO - Filling up the DagBag from //home/kali/Desktop/projects/git/bank_data_processing/dags/dag_raw_mortgage_applications.py
[2024-07-16T05:47:36.645+0530] {logging_mixin.py:188} INFO - [2024-07-16T05:47:36.644+0530] {base.py:84} INFO - Using connection ID 'mysql_default' for task execution.
[2024-07-16T05:47:36.653+0530] {processor.py:840} INFO - DAG(s) 'raw_load_mortgage_applications' retrieved from //home/kali/Desktop/projects/git/bank_data_processing/dags/dag_raw_mortgage_applications.py
[2024-07-16T05:47:36.759+0530] {logging_mixin.py:188} INFO - [2024-07-16T05:47:36.759+0530] {dag.py:3096} INFO - Sync 1 DAGs
[2024-07-16T05:47:36.769+0530] {logging_mixin.py:188} INFO - [2024-07-16T05:47:36.769+0530] {dag.py:3954} INFO - Setting next_dagrun for raw_load_mortgage_applications to None, run_after=None
[2024-07-16T05:47:36.791+0530] {processor.py:183} INFO - Processing //home/kali/Desktop/projects/git/bank_data_processing/dags/dag_raw_mortgage_applications.py took 0.684 seconds
[2024-07-16T05:48:07.500+0530] {processor.py:161} INFO - Started process (PID=49121) to work on //home/kali/Desktop/projects/git/bank_data_processing/dags/dag_raw_mortgage_applications.py
[2024-07-16T05:48:07.501+0530] {processor.py:830} INFO - Processing file //home/kali/Desktop/projects/git/bank_data_processing/dags/dag_raw_mortgage_applications.py for tasks to queue
[2024-07-16T05:48:07.501+0530] {logging_mixin.py:188} INFO - [2024-07-16T05:48:07.501+0530] {dagbag.py:545} INFO - Filling up the DagBag from //home/kali/Desktop/projects/git/bank_data_processing/dags/dag_raw_mortgage_applications.py
[2024-07-16T05:48:08.033+0530] {logging_mixin.py:188} INFO - [2024-07-16T05:48:08.033+0530] {base.py:84} INFO - Using connection ID 'mysql_default' for task execution.
[2024-07-16T05:48:08.040+0530] {processor.py:840} INFO - DAG(s) 'raw_load_mortgage_applications' retrieved from //home/kali/Desktop/projects/git/bank_data_processing/dags/dag_raw_mortgage_applications.py
[2024-07-16T05:48:08.139+0530] {logging_mixin.py:188} INFO - [2024-07-16T05:48:08.139+0530] {dag.py:3096} INFO - Sync 1 DAGs
[2024-07-16T05:48:08.148+0530] {logging_mixin.py:188} INFO - [2024-07-16T05:48:08.148+0530] {dag.py:3954} INFO - Setting next_dagrun for raw_load_mortgage_applications to None, run_after=None
[2024-07-16T05:48:08.180+0530] {processor.py:183} INFO - Processing //home/kali/Desktop/projects/git/bank_data_processing/dags/dag_raw_mortgage_applications.py took 0.687 seconds
[2024-07-16T05:48:41.865+0530] {processor.py:161} INFO - Started process (PID=50114) to work on //home/kali/Desktop/projects/git/bank_data_processing/dags/dag_raw_mortgage_applications.py
[2024-07-16T05:48:41.866+0530] {processor.py:830} INFO - Processing file //home/kali/Desktop/projects/git/bank_data_processing/dags/dag_raw_mortgage_applications.py for tasks to queue
[2024-07-16T05:48:41.868+0530] {logging_mixin.py:188} INFO - [2024-07-16T05:48:41.867+0530] {dagbag.py:545} INFO - Filling up the DagBag from //home/kali/Desktop/projects/git/bank_data_processing/dags/dag_raw_mortgage_applications.py
[2024-07-16T05:48:42.358+0530] {logging_mixin.py:188} INFO - [2024-07-16T05:48:42.358+0530] {base.py:84} INFO - Using connection ID 'mysql_default' for task execution.
[2024-07-16T05:48:42.362+0530] {processor.py:840} INFO - DAG(s) 'raw_load_mortgage_applications' retrieved from //home/kali/Desktop/projects/git/bank_data_processing/dags/dag_raw_mortgage_applications.py
[2024-07-16T05:48:42.684+0530] {logging_mixin.py:188} INFO - [2024-07-16T05:48:42.684+0530] {dag.py:3096} INFO - Sync 1 DAGs
[2024-07-16T05:48:42.693+0530] {logging_mixin.py:188} INFO - [2024-07-16T05:48:42.693+0530] {dag.py:3954} INFO - Setting next_dagrun for raw_load_mortgage_applications to None, run_after=None
[2024-07-16T05:48:42.724+0530] {processor.py:183} INFO - Processing //home/kali/Desktop/projects/git/bank_data_processing/dags/dag_raw_mortgage_applications.py took 0.866 seconds
[2024-07-16T05:49:14.166+0530] {processor.py:161} INFO - Started process (PID=50823) to work on //home/kali/Desktop/projects/git/bank_data_processing/dags/dag_raw_mortgage_applications.py
[2024-07-16T05:49:14.167+0530] {processor.py:830} INFO - Processing file //home/kali/Desktop/projects/git/bank_data_processing/dags/dag_raw_mortgage_applications.py for tasks to queue
[2024-07-16T05:49:14.168+0530] {logging_mixin.py:188} INFO - [2024-07-16T05:49:14.167+0530] {dagbag.py:545} INFO - Filling up the DagBag from //home/kali/Desktop/projects/git/bank_data_processing/dags/dag_raw_mortgage_applications.py
[2024-07-16T05:49:14.691+0530] {logging_mixin.py:188} INFO - [2024-07-16T05:49:14.691+0530] {base.py:84} INFO - Using connection ID 'mysql_default' for task execution.
[2024-07-16T05:49:14.695+0530] {processor.py:840} INFO - DAG(s) 'raw_load_mortgage_applications' retrieved from //home/kali/Desktop/projects/git/bank_data_processing/dags/dag_raw_mortgage_applications.py
[2024-07-16T05:49:14.805+0530] {logging_mixin.py:188} INFO - [2024-07-16T05:49:14.804+0530] {dag.py:3096} INFO - Sync 1 DAGs
[2024-07-16T05:49:14.820+0530] {logging_mixin.py:188} INFO - [2024-07-16T05:49:14.820+0530] {dag.py:3954} INFO - Setting next_dagrun for raw_load_mortgage_applications to None, run_after=None
[2024-07-16T05:49:14.845+0530] {processor.py:183} INFO - Processing //home/kali/Desktop/projects/git/bank_data_processing/dags/dag_raw_mortgage_applications.py took 0.686 seconds
[2024-07-16T05:49:46.454+0530] {processor.py:161} INFO - Started process (PID=51671) to work on //home/kali/Desktop/projects/git/bank_data_processing/dags/dag_raw_mortgage_applications.py
[2024-07-16T05:49:46.457+0530] {processor.py:830} INFO - Processing file //home/kali/Desktop/projects/git/bank_data_processing/dags/dag_raw_mortgage_applications.py for tasks to queue
[2024-07-16T05:49:46.458+0530] {logging_mixin.py:188} INFO - [2024-07-16T05:49:46.458+0530] {dagbag.py:545} INFO - Filling up the DagBag from //home/kali/Desktop/projects/git/bank_data_processing/dags/dag_raw_mortgage_applications.py
[2024-07-16T05:49:47.091+0530] {logging_mixin.py:188} INFO - [2024-07-16T05:49:47.091+0530] {base.py:84} INFO - Using connection ID 'mysql_default' for task execution.
[2024-07-16T05:49:47.097+0530] {processor.py:840} INFO - DAG(s) 'raw_load_mortgage_applications' retrieved from //home/kali/Desktop/projects/git/bank_data_processing/dags/dag_raw_mortgage_applications.py
[2024-07-16T05:49:47.213+0530] {logging_mixin.py:188} INFO - [2024-07-16T05:49:47.212+0530] {dag.py:3096} INFO - Sync 1 DAGs
[2024-07-16T05:49:47.225+0530] {logging_mixin.py:188} INFO - [2024-07-16T05:49:47.225+0530] {dag.py:3954} INFO - Setting next_dagrun for raw_load_mortgage_applications to None, run_after=None
[2024-07-16T05:49:47.268+0530] {processor.py:183} INFO - Processing //home/kali/Desktop/projects/git/bank_data_processing/dags/dag_raw_mortgage_applications.py took 0.825 seconds
[2024-07-16T05:50:19.205+0530] {processor.py:161} INFO - Started process (PID=52687) to work on //home/kali/Desktop/projects/git/bank_data_processing/dags/dag_raw_mortgage_applications.py
[2024-07-16T05:50:19.209+0530] {processor.py:830} INFO - Processing file //home/kali/Desktop/projects/git/bank_data_processing/dags/dag_raw_mortgage_applications.py for tasks to queue
[2024-07-16T05:50:19.211+0530] {logging_mixin.py:188} INFO - [2024-07-16T05:50:19.211+0530] {dagbag.py:545} INFO - Filling up the DagBag from //home/kali/Desktop/projects/git/bank_data_processing/dags/dag_raw_mortgage_applications.py
[2024-07-16T05:50:20.233+0530] {logging_mixin.py:188} INFO - [2024-07-16T05:50:20.232+0530] {base.py:84} INFO - Using connection ID 'mysql_default' for task execution.
[2024-07-16T05:50:20.239+0530] {processor.py:840} INFO - DAG(s) 'raw_load_mortgage_applications' retrieved from //home/kali/Desktop/projects/git/bank_data_processing/dags/dag_raw_mortgage_applications.py
[2024-07-16T05:50:20.387+0530] {logging_mixin.py:188} INFO - [2024-07-16T05:50:20.386+0530] {dag.py:3096} INFO - Sync 1 DAGs
[2024-07-16T05:50:20.400+0530] {logging_mixin.py:188} INFO - [2024-07-16T05:50:20.399+0530] {dag.py:3954} INFO - Setting next_dagrun for raw_load_mortgage_applications to None, run_after=None
[2024-07-16T05:50:20.432+0530] {processor.py:183} INFO - Processing //home/kali/Desktop/projects/git/bank_data_processing/dags/dag_raw_mortgage_applications.py took 1.245 seconds
[2024-07-16T05:50:50.569+0530] {processor.py:161} INFO - Started process (PID=53545) to work on //home/kali/Desktop/projects/git/bank_data_processing/dags/dag_raw_mortgage_applications.py
[2024-07-16T05:50:50.570+0530] {processor.py:830} INFO - Processing file //home/kali/Desktop/projects/git/bank_data_processing/dags/dag_raw_mortgage_applications.py for tasks to queue
[2024-07-16T05:50:50.571+0530] {logging_mixin.py:188} INFO - [2024-07-16T05:50:50.571+0530] {dagbag.py:545} INFO - Filling up the DagBag from //home/kali/Desktop/projects/git/bank_data_processing/dags/dag_raw_mortgage_applications.py
[2024-07-16T05:50:51.017+0530] {logging_mixin.py:188} INFO - [2024-07-16T05:50:51.017+0530] {base.py:84} INFO - Using connection ID 'mysql_default' for task execution.
[2024-07-16T05:50:51.021+0530] {processor.py:840} INFO - DAG(s) 'raw_load_mortgage_applications' retrieved from //home/kali/Desktop/projects/git/bank_data_processing/dags/dag_raw_mortgage_applications.py
[2024-07-16T05:50:51.105+0530] {logging_mixin.py:188} INFO - [2024-07-16T05:50:51.105+0530] {dag.py:3096} INFO - Sync 1 DAGs
[2024-07-16T05:50:51.113+0530] {logging_mixin.py:188} INFO - [2024-07-16T05:50:51.113+0530] {dag.py:3954} INFO - Setting next_dagrun for raw_load_mortgage_applications to None, run_after=None
[2024-07-16T05:50:51.134+0530] {processor.py:183} INFO - Processing //home/kali/Desktop/projects/git/bank_data_processing/dags/dag_raw_mortgage_applications.py took 0.571 seconds
[2024-07-16T05:51:21.559+0530] {processor.py:161} INFO - Started process (PID=54290) to work on //home/kali/Desktop/projects/git/bank_data_processing/dags/dag_raw_mortgage_applications.py
[2024-07-16T05:51:21.560+0530] {processor.py:830} INFO - Processing file //home/kali/Desktop/projects/git/bank_data_processing/dags/dag_raw_mortgage_applications.py for tasks to queue
[2024-07-16T05:51:21.560+0530] {logging_mixin.py:188} INFO - [2024-07-16T05:51:21.560+0530] {dagbag.py:545} INFO - Filling up the DagBag from //home/kali/Desktop/projects/git/bank_data_processing/dags/dag_raw_mortgage_applications.py
[2024-07-16T05:51:22.340+0530] {logging_mixin.py:188} INFO - [2024-07-16T05:51:22.340+0530] {base.py:84} INFO - Using connection ID 'mysql_default' for task execution.
[2024-07-16T05:51:22.347+0530] {processor.py:840} INFO - DAG(s) 'raw_load_mortgage_applications' retrieved from //home/kali/Desktop/projects/git/bank_data_processing/dags/dag_raw_mortgage_applications.py
[2024-07-16T05:51:22.538+0530] {logging_mixin.py:188} INFO - [2024-07-16T05:51:22.538+0530] {dag.py:3096} INFO - Sync 1 DAGs
[2024-07-16T05:51:22.554+0530] {logging_mixin.py:188} INFO - [2024-07-16T05:51:22.554+0530] {dag.py:3954} INFO - Setting next_dagrun for raw_load_mortgage_applications to None, run_after=None
[2024-07-16T05:51:22.589+0530] {processor.py:183} INFO - Processing //home/kali/Desktop/projects/git/bank_data_processing/dags/dag_raw_mortgage_applications.py took 1.036 seconds
[2024-07-16T05:51:52.910+0530] {processor.py:161} INFO - Started process (PID=54963) to work on //home/kali/Desktop/projects/git/bank_data_processing/dags/dag_raw_mortgage_applications.py
[2024-07-16T05:51:52.916+0530] {processor.py:830} INFO - Processing file //home/kali/Desktop/projects/git/bank_data_processing/dags/dag_raw_mortgage_applications.py for tasks to queue
[2024-07-16T05:51:52.917+0530] {logging_mixin.py:188} INFO - [2024-07-16T05:51:52.917+0530] {dagbag.py:545} INFO - Filling up the DagBag from //home/kali/Desktop/projects/git/bank_data_processing/dags/dag_raw_mortgage_applications.py
[2024-07-16T05:51:53.395+0530] {logging_mixin.py:188} INFO - [2024-07-16T05:51:53.394+0530] {base.py:84} INFO - Using connection ID 'mysql_default' for task execution.
[2024-07-16T05:51:53.398+0530] {processor.py:840} INFO - DAG(s) 'raw_load_mortgage_applications' retrieved from //home/kali/Desktop/projects/git/bank_data_processing/dags/dag_raw_mortgage_applications.py
[2024-07-16T05:51:53.499+0530] {logging_mixin.py:188} INFO - [2024-07-16T05:51:53.498+0530] {dag.py:3096} INFO - Sync 1 DAGs
[2024-07-16T05:51:53.508+0530] {logging_mixin.py:188} INFO - [2024-07-16T05:51:53.508+0530] {dag.py:3954} INFO - Setting next_dagrun for raw_load_mortgage_applications to None, run_after=None
[2024-07-16T05:51:53.535+0530] {processor.py:183} INFO - Processing //home/kali/Desktop/projects/git/bank_data_processing/dags/dag_raw_mortgage_applications.py took 0.635 seconds
[2024-07-16T05:52:23.853+0530] {processor.py:161} INFO - Started process (PID=55670) to work on //home/kali/Desktop/projects/git/bank_data_processing/dags/dag_raw_mortgage_applications.py
[2024-07-16T05:52:23.858+0530] {processor.py:830} INFO - Processing file //home/kali/Desktop/projects/git/bank_data_processing/dags/dag_raw_mortgage_applications.py for tasks to queue
[2024-07-16T05:52:23.859+0530] {logging_mixin.py:188} INFO - [2024-07-16T05:52:23.859+0530] {dagbag.py:545} INFO - Filling up the DagBag from //home/kali/Desktop/projects/git/bank_data_processing/dags/dag_raw_mortgage_applications.py
[2024-07-16T05:52:24.459+0530] {logging_mixin.py:188} INFO - [2024-07-16T05:52:24.459+0530] {base.py:84} INFO - Using connection ID 'mysql_default' for task execution.
[2024-07-16T05:52:24.462+0530] {processor.py:840} INFO - DAG(s) 'raw_load_mortgage_applications' retrieved from //home/kali/Desktop/projects/git/bank_data_processing/dags/dag_raw_mortgage_applications.py
[2024-07-16T05:52:24.570+0530] {logging_mixin.py:188} INFO - [2024-07-16T05:52:24.569+0530] {dag.py:3096} INFO - Sync 1 DAGs
[2024-07-16T05:52:24.585+0530] {logging_mixin.py:188} INFO - [2024-07-16T05:52:24.585+0530] {dag.py:3954} INFO - Setting next_dagrun for raw_load_mortgage_applications to None, run_after=None
[2024-07-16T05:52:24.635+0530] {processor.py:183} INFO - Processing //home/kali/Desktop/projects/git/bank_data_processing/dags/dag_raw_mortgage_applications.py took 0.790 seconds
[2024-07-16T05:52:55.203+0530] {processor.py:161} INFO - Started process (PID=56445) to work on //home/kali/Desktop/projects/git/bank_data_processing/dags/dag_raw_mortgage_applications.py
[2024-07-16T05:52:55.204+0530] {processor.py:830} INFO - Processing file //home/kali/Desktop/projects/git/bank_data_processing/dags/dag_raw_mortgage_applications.py for tasks to queue
[2024-07-16T05:52:55.205+0530] {logging_mixin.py:188} INFO - [2024-07-16T05:52:55.205+0530] {dagbag.py:545} INFO - Filling up the DagBag from //home/kali/Desktop/projects/git/bank_data_processing/dags/dag_raw_mortgage_applications.py
[2024-07-16T05:52:55.692+0530] {logging_mixin.py:188} INFO - [2024-07-16T05:52:55.691+0530] {base.py:84} INFO - Using connection ID 'mysql_default' for task execution.
[2024-07-16T05:52:55.703+0530] {processor.py:840} INFO - DAG(s) 'raw_load_mortgage_applications' retrieved from //home/kali/Desktop/projects/git/bank_data_processing/dags/dag_raw_mortgage_applications.py
[2024-07-16T05:52:55.802+0530] {logging_mixin.py:188} INFO - [2024-07-16T05:52:55.802+0530] {dag.py:3096} INFO - Sync 1 DAGs
[2024-07-16T05:52:55.810+0530] {logging_mixin.py:188} INFO - [2024-07-16T05:52:55.810+0530] {dag.py:3954} INFO - Setting next_dagrun for raw_load_mortgage_applications to None, run_after=None
[2024-07-16T05:52:55.830+0530] {processor.py:183} INFO - Processing //home/kali/Desktop/projects/git/bank_data_processing/dags/dag_raw_mortgage_applications.py took 0.637 seconds
[2024-07-16T05:53:26.418+0530] {processor.py:161} INFO - Started process (PID=57195) to work on //home/kali/Desktop/projects/git/bank_data_processing/dags/dag_raw_mortgage_applications.py
[2024-07-16T05:53:26.424+0530] {processor.py:830} INFO - Processing file //home/kali/Desktop/projects/git/bank_data_processing/dags/dag_raw_mortgage_applications.py for tasks to queue
[2024-07-16T05:53:26.425+0530] {logging_mixin.py:188} INFO - [2024-07-16T05:53:26.425+0530] {dagbag.py:545} INFO - Filling up the DagBag from //home/kali/Desktop/projects/git/bank_data_processing/dags/dag_raw_mortgage_applications.py
[2024-07-16T05:53:27.009+0530] {logging_mixin.py:188} INFO - [2024-07-16T05:53:27.008+0530] {base.py:84} INFO - Using connection ID 'mysql_default' for task execution.
[2024-07-16T05:53:27.013+0530] {processor.py:840} INFO - DAG(s) 'raw_load_mortgage_applications' retrieved from //home/kali/Desktop/projects/git/bank_data_processing/dags/dag_raw_mortgage_applications.py
[2024-07-16T05:53:27.129+0530] {logging_mixin.py:188} INFO - [2024-07-16T05:53:27.129+0530] {dag.py:3096} INFO - Sync 1 DAGs
[2024-07-16T05:53:27.139+0530] {logging_mixin.py:188} INFO - [2024-07-16T05:53:27.139+0530] {dag.py:3954} INFO - Setting next_dagrun for raw_load_mortgage_applications to None, run_after=None
[2024-07-16T05:53:27.159+0530] {processor.py:183} INFO - Processing //home/kali/Desktop/projects/git/bank_data_processing/dags/dag_raw_mortgage_applications.py took 0.754 seconds
[2024-07-16T05:53:57.883+0530] {processor.py:161} INFO - Started process (PID=57853) to work on //home/kali/Desktop/projects/git/bank_data_processing/dags/dag_raw_mortgage_applications.py
[2024-07-16T05:53:57.884+0530] {processor.py:830} INFO - Processing file //home/kali/Desktop/projects/git/bank_data_processing/dags/dag_raw_mortgage_applications.py for tasks to queue
[2024-07-16T05:53:57.886+0530] {logging_mixin.py:188} INFO - [2024-07-16T05:53:57.885+0530] {dagbag.py:545} INFO - Filling up the DagBag from //home/kali/Desktop/projects/git/bank_data_processing/dags/dag_raw_mortgage_applications.py
[2024-07-16T05:53:58.574+0530] {logging_mixin.py:188} INFO - [2024-07-16T05:53:58.573+0530] {base.py:84} INFO - Using connection ID 'mysql_default' for task execution.
[2024-07-16T05:53:58.577+0530] {processor.py:840} INFO - DAG(s) 'raw_load_mortgage_applications' retrieved from //home/kali/Desktop/projects/git/bank_data_processing/dags/dag_raw_mortgage_applications.py
[2024-07-16T05:53:58.663+0530] {logging_mixin.py:188} INFO - [2024-07-16T05:53:58.663+0530] {dag.py:3096} INFO - Sync 1 DAGs
[2024-07-16T05:53:58.670+0530] {logging_mixin.py:188} INFO - [2024-07-16T05:53:58.670+0530] {dag.py:3954} INFO - Setting next_dagrun for raw_load_mortgage_applications to None, run_after=None
[2024-07-16T05:53:58.693+0530] {processor.py:183} INFO - Processing //home/kali/Desktop/projects/git/bank_data_processing/dags/dag_raw_mortgage_applications.py took 0.817 seconds
[2024-07-16T05:54:29.009+0530] {processor.py:161} INFO - Started process (PID=58358) to work on //home/kali/Desktop/projects/git/bank_data_processing/dags/dag_raw_mortgage_applications.py
[2024-07-16T05:54:29.010+0530] {processor.py:830} INFO - Processing file //home/kali/Desktop/projects/git/bank_data_processing/dags/dag_raw_mortgage_applications.py for tasks to queue
[2024-07-16T05:54:29.011+0530] {logging_mixin.py:188} INFO - [2024-07-16T05:54:29.010+0530] {dagbag.py:545} INFO - Filling up the DagBag from //home/kali/Desktop/projects/git/bank_data_processing/dags/dag_raw_mortgage_applications.py
[2024-07-16T05:54:29.571+0530] {logging_mixin.py:188} INFO - [2024-07-16T05:54:29.570+0530] {base.py:84} INFO - Using connection ID 'mysql_default' for task execution.
[2024-07-16T05:54:29.575+0530] {processor.py:840} INFO - DAG(s) 'raw_load_mortgage_applications' retrieved from //home/kali/Desktop/projects/git/bank_data_processing/dags/dag_raw_mortgage_applications.py
[2024-07-16T05:54:29.667+0530] {logging_mixin.py:188} INFO - [2024-07-16T05:54:29.666+0530] {dag.py:3096} INFO - Sync 1 DAGs
[2024-07-16T05:54:29.674+0530] {logging_mixin.py:188} INFO - [2024-07-16T05:54:29.674+0530] {dag.py:3954} INFO - Setting next_dagrun for raw_load_mortgage_applications to None, run_after=None
[2024-07-16T05:54:29.695+0530] {processor.py:183} INFO - Processing //home/kali/Desktop/projects/git/bank_data_processing/dags/dag_raw_mortgage_applications.py took 0.692 seconds
[2024-07-16T05:55:00.137+0530] {processor.py:161} INFO - Started process (PID=59358) to work on //home/kali/Desktop/projects/git/bank_data_processing/dags/dag_raw_mortgage_applications.py
[2024-07-16T05:55:00.140+0530] {processor.py:830} INFO - Processing file //home/kali/Desktop/projects/git/bank_data_processing/dags/dag_raw_mortgage_applications.py for tasks to queue
[2024-07-16T05:55:00.141+0530] {logging_mixin.py:188} INFO - [2024-07-16T05:55:00.141+0530] {dagbag.py:545} INFO - Filling up the DagBag from //home/kali/Desktop/projects/git/bank_data_processing/dags/dag_raw_mortgage_applications.py
[2024-07-16T05:55:00.756+0530] {logging_mixin.py:188} INFO - [2024-07-16T05:55:00.755+0530] {base.py:84} INFO - Using connection ID 'mysql_default' for task execution.
[2024-07-16T05:55:00.759+0530] {processor.py:840} INFO - DAG(s) 'raw_load_mortgage_applications' retrieved from //home/kali/Desktop/projects/git/bank_data_processing/dags/dag_raw_mortgage_applications.py
[2024-07-16T05:55:00.864+0530] {logging_mixin.py:188} INFO - [2024-07-16T05:55:00.863+0530] {dag.py:3096} INFO - Sync 1 DAGs
[2024-07-16T05:55:00.878+0530] {logging_mixin.py:188} INFO - [2024-07-16T05:55:00.878+0530] {dag.py:3954} INFO - Setting next_dagrun for raw_load_mortgage_applications to None, run_after=None
[2024-07-16T05:55:00.911+0530] {processor.py:183} INFO - Processing //home/kali/Desktop/projects/git/bank_data_processing/dags/dag_raw_mortgage_applications.py took 0.783 seconds
[2024-07-16T05:55:31.550+0530] {processor.py:161} INFO - Started process (PID=60071) to work on //home/kali/Desktop/projects/git/bank_data_processing/dags/dag_raw_mortgage_applications.py
[2024-07-16T05:55:31.551+0530] {processor.py:830} INFO - Processing file //home/kali/Desktop/projects/git/bank_data_processing/dags/dag_raw_mortgage_applications.py for tasks to queue
[2024-07-16T05:55:31.552+0530] {logging_mixin.py:188} INFO - [2024-07-16T05:55:31.551+0530] {dagbag.py:545} INFO - Filling up the DagBag from //home/kali/Desktop/projects/git/bank_data_processing/dags/dag_raw_mortgage_applications.py
[2024-07-16T05:55:32.353+0530] {logging_mixin.py:188} INFO - [2024-07-16T05:55:32.352+0530] {base.py:84} INFO - Using connection ID 'mysql_default' for task execution.
[2024-07-16T05:55:32.358+0530] {processor.py:840} INFO - DAG(s) 'raw_load_mortgage_applications' retrieved from //home/kali/Desktop/projects/git/bank_data_processing/dags/dag_raw_mortgage_applications.py
[2024-07-16T05:55:32.496+0530] {logging_mixin.py:188} INFO - [2024-07-16T05:55:32.495+0530] {dag.py:3096} INFO - Sync 1 DAGs
[2024-07-16T05:55:32.510+0530] {logging_mixin.py:188} INFO - [2024-07-16T05:55:32.510+0530] {dag.py:3954} INFO - Setting next_dagrun for raw_load_mortgage_applications to None, run_after=None
[2024-07-16T05:55:32.540+0530] {processor.py:183} INFO - Processing //home/kali/Desktop/projects/git/bank_data_processing/dags/dag_raw_mortgage_applications.py took 0.997 seconds
[2024-07-16T05:56:02.665+0530] {processor.py:161} INFO - Started process (PID=60852) to work on //home/kali/Desktop/projects/git/bank_data_processing/dags/dag_raw_mortgage_applications.py
[2024-07-16T05:56:02.666+0530] {processor.py:830} INFO - Processing file //home/kali/Desktop/projects/git/bank_data_processing/dags/dag_raw_mortgage_applications.py for tasks to queue
[2024-07-16T05:56:02.667+0530] {logging_mixin.py:188} INFO - [2024-07-16T05:56:02.667+0530] {dagbag.py:545} INFO - Filling up the DagBag from //home/kali/Desktop/projects/git/bank_data_processing/dags/dag_raw_mortgage_applications.py
[2024-07-16T05:56:03.263+0530] {logging_mixin.py:188} INFO - [2024-07-16T05:56:03.263+0530] {base.py:84} INFO - Using connection ID 'mysql_default' for task execution.
[2024-07-16T05:56:03.267+0530] {processor.py:840} INFO - DAG(s) 'raw_load_mortgage_applications' retrieved from //home/kali/Desktop/projects/git/bank_data_processing/dags/dag_raw_mortgage_applications.py
[2024-07-16T05:56:03.362+0530] {logging_mixin.py:188} INFO - [2024-07-16T05:56:03.361+0530] {dag.py:3096} INFO - Sync 1 DAGs
[2024-07-16T05:56:03.369+0530] {logging_mixin.py:188} INFO - [2024-07-16T05:56:03.369+0530] {dag.py:3954} INFO - Setting next_dagrun for raw_load_mortgage_applications to None, run_after=None
[2024-07-16T05:56:03.391+0530] {processor.py:183} INFO - Processing //home/kali/Desktop/projects/git/bank_data_processing/dags/dag_raw_mortgage_applications.py took 0.732 seconds
[2024-07-16T05:56:33.738+0530] {processor.py:161} INFO - Started process (PID=61564) to work on //home/kali/Desktop/projects/git/bank_data_processing/dags/dag_raw_mortgage_applications.py
[2024-07-16T05:56:33.739+0530] {processor.py:830} INFO - Processing file //home/kali/Desktop/projects/git/bank_data_processing/dags/dag_raw_mortgage_applications.py for tasks to queue
[2024-07-16T05:56:33.740+0530] {logging_mixin.py:188} INFO - [2024-07-16T05:56:33.740+0530] {dagbag.py:545} INFO - Filling up the DagBag from //home/kali/Desktop/projects/git/bank_data_processing/dags/dag_raw_mortgage_applications.py
[2024-07-16T05:56:34.346+0530] {logging_mixin.py:188} INFO - [2024-07-16T05:56:34.345+0530] {base.py:84} INFO - Using connection ID 'mysql_default' for task execution.
[2024-07-16T05:56:34.350+0530] {processor.py:840} INFO - DAG(s) 'raw_load_mortgage_applications' retrieved from //home/kali/Desktop/projects/git/bank_data_processing/dags/dag_raw_mortgage_applications.py
[2024-07-16T05:56:34.496+0530] {logging_mixin.py:188} INFO - [2024-07-16T05:56:34.495+0530] {dag.py:3096} INFO - Sync 1 DAGs
[2024-07-16T05:56:34.513+0530] {logging_mixin.py:188} INFO - [2024-07-16T05:56:34.513+0530] {dag.py:3954} INFO - Setting next_dagrun for raw_load_mortgage_applications to None, run_after=None
[2024-07-16T05:56:34.541+0530] {processor.py:183} INFO - Processing //home/kali/Desktop/projects/git/bank_data_processing/dags/dag_raw_mortgage_applications.py took 0.810 seconds
[2024-07-16T05:57:04.926+0530] {processor.py:161} INFO - Started process (PID=62430) to work on //home/kali/Desktop/projects/git/bank_data_processing/dags/dag_raw_mortgage_applications.py
[2024-07-16T05:57:04.927+0530] {processor.py:830} INFO - Processing file //home/kali/Desktop/projects/git/bank_data_processing/dags/dag_raw_mortgage_applications.py for tasks to queue
[2024-07-16T05:57:04.928+0530] {logging_mixin.py:188} INFO - [2024-07-16T05:57:04.928+0530] {dagbag.py:545} INFO - Filling up the DagBag from //home/kali/Desktop/projects/git/bank_data_processing/dags/dag_raw_mortgage_applications.py
[2024-07-16T05:57:05.686+0530] {logging_mixin.py:188} INFO - [2024-07-16T05:57:05.686+0530] {base.py:84} INFO - Using connection ID 'mysql_default' for task execution.
[2024-07-16T05:57:05.691+0530] {processor.py:840} INFO - DAG(s) 'raw_load_mortgage_applications' retrieved from //home/kali/Desktop/projects/git/bank_data_processing/dags/dag_raw_mortgage_applications.py
[2024-07-16T05:57:05.829+0530] {logging_mixin.py:188} INFO - [2024-07-16T05:57:05.827+0530] {dag.py:3096} INFO - Sync 1 DAGs
[2024-07-16T05:57:05.841+0530] {logging_mixin.py:188} INFO - [2024-07-16T05:57:05.841+0530] {dag.py:3954} INFO - Setting next_dagrun for raw_load_mortgage_applications to None, run_after=None
[2024-07-16T05:57:05.871+0530] {processor.py:183} INFO - Processing //home/kali/Desktop/projects/git/bank_data_processing/dags/dag_raw_mortgage_applications.py took 0.952 seconds
