[2024-07-12T01:47:48.444+0530] {processor.py:161} INFO - Started process (PID=36608) to work on /home/kali/Desktop/projects/git/bank_data_processing/myenv/lib/python3.11/site-packages/airflow/example_dags/example_branch_datetime_operator.py
[2024-07-12T01:47:48.445+0530] {processor.py:830} INFO - Processing file /home/kali/Desktop/projects/git/bank_data_processing/myenv/lib/python3.11/site-packages/airflow/example_dags/example_branch_datetime_operator.py for tasks to queue
[2024-07-12T01:47:48.447+0530] {logging_mixin.py:188} INFO - [2024-07-12T01:47:48.446+0530] {dagbag.py:545} INFO - Filling up the DagBag from /home/kali/Desktop/projects/git/bank_data_processing/myenv/lib/python3.11/site-packages/airflow/example_dags/example_branch_datetime_operator.py
[2024-07-12T01:47:48.456+0530] {processor.py:840} INFO - DAG(s) 'example_branch_datetime_operator_2', 'example_branch_datetime_operator', 'example_branch_datetime_operator_3' retrieved from /home/kali/Desktop/projects/git/bank_data_processing/myenv/lib/python3.11/site-packages/airflow/example_dags/example_branch_datetime_operator.py
[2024-07-12T01:47:48.589+0530] {logging_mixin.py:188} INFO - [2024-07-12T01:47:48.589+0530] {dag.py:3096} INFO - Sync 3 DAGs
[2024-07-12T01:47:48.607+0530] {logging_mixin.py:188} INFO - [2024-07-12T01:47:48.607+0530] {dag.py:3954} INFO - Setting next_dagrun for example_branch_datetime_operator to 2024-07-10 00:00:00+00:00, run_after=2024-07-11 00:00:00+00:00
[2024-07-12T01:47:48.611+0530] {logging_mixin.py:188} INFO - [2024-07-12T01:47:48.611+0530] {dag.py:3954} INFO - Setting next_dagrun for example_branch_datetime_operator_2 to 2024-07-10 00:00:00+00:00, run_after=2024-07-11 00:00:00+00:00
[2024-07-12T01:47:48.613+0530] {logging_mixin.py:188} INFO - [2024-07-12T01:47:48.613+0530] {dag.py:3954} INFO - Setting next_dagrun for example_branch_datetime_operator_3 to 2024-07-10 00:00:00+00:00, run_after=2024-07-11 00:00:00+00:00
[2024-07-12T01:47:48.635+0530] {processor.py:183} INFO - Processing /home/kali/Desktop/projects/git/bank_data_processing/myenv/lib/python3.11/site-packages/airflow/example_dags/example_branch_datetime_operator.py took 0.196 seconds
[2024-07-12T01:48:18.948+0530] {processor.py:161} INFO - Started process (PID=37099) to work on /home/kali/Desktop/projects/git/bank_data_processing/myenv/lib/python3.11/site-packages/airflow/example_dags/example_branch_datetime_operator.py
[2024-07-12T01:48:18.949+0530] {processor.py:830} INFO - Processing file /home/kali/Desktop/projects/git/bank_data_processing/myenv/lib/python3.11/site-packages/airflow/example_dags/example_branch_datetime_operator.py for tasks to queue
[2024-07-12T01:48:18.951+0530] {logging_mixin.py:188} INFO - [2024-07-12T01:48:18.950+0530] {dagbag.py:545} INFO - Filling up the DagBag from /home/kali/Desktop/projects/git/bank_data_processing/myenv/lib/python3.11/site-packages/airflow/example_dags/example_branch_datetime_operator.py
[2024-07-12T01:48:18.961+0530] {processor.py:840} INFO - DAG(s) 'example_branch_datetime_operator_2', 'example_branch_datetime_operator', 'example_branch_datetime_operator_3' retrieved from /home/kali/Desktop/projects/git/bank_data_processing/myenv/lib/python3.11/site-packages/airflow/example_dags/example_branch_datetime_operator.py
[2024-07-12T01:48:18.986+0530] {logging_mixin.py:188} INFO - [2024-07-12T01:48:18.986+0530] {dag.py:3096} INFO - Sync 3 DAGs
[2024-07-12T01:48:19.008+0530] {logging_mixin.py:188} INFO - [2024-07-12T01:48:19.007+0530] {dag.py:3954} INFO - Setting next_dagrun for example_branch_datetime_operator to 2024-07-10 00:00:00+00:00, run_after=2024-07-11 00:00:00+00:00
[2024-07-12T01:48:19.012+0530] {logging_mixin.py:188} INFO - [2024-07-12T01:48:19.012+0530] {dag.py:3954} INFO - Setting next_dagrun for example_branch_datetime_operator_2 to 2024-07-10 00:00:00+00:00, run_after=2024-07-11 00:00:00+00:00
[2024-07-12T01:48:19.015+0530] {logging_mixin.py:188} INFO - [2024-07-12T01:48:19.015+0530] {dag.py:3954} INFO - Setting next_dagrun for example_branch_datetime_operator_3 to 2024-07-10 00:00:00+00:00, run_after=2024-07-11 00:00:00+00:00
[2024-07-12T01:48:19.032+0530] {processor.py:183} INFO - Processing /home/kali/Desktop/projects/git/bank_data_processing/myenv/lib/python3.11/site-packages/airflow/example_dags/example_branch_datetime_operator.py took 0.090 seconds
[2024-07-12T01:48:49.973+0530] {processor.py:161} INFO - Started process (PID=37482) to work on /home/kali/Desktop/projects/git/bank_data_processing/myenv/lib/python3.11/site-packages/airflow/example_dags/example_branch_datetime_operator.py
[2024-07-12T01:48:49.974+0530] {processor.py:830} INFO - Processing file /home/kali/Desktop/projects/git/bank_data_processing/myenv/lib/python3.11/site-packages/airflow/example_dags/example_branch_datetime_operator.py for tasks to queue
[2024-07-12T01:48:49.976+0530] {logging_mixin.py:188} INFO - [2024-07-12T01:48:49.975+0530] {dagbag.py:545} INFO - Filling up the DagBag from /home/kali/Desktop/projects/git/bank_data_processing/myenv/lib/python3.11/site-packages/airflow/example_dags/example_branch_datetime_operator.py
[2024-07-12T01:48:49.992+0530] {processor.py:840} INFO - DAG(s) 'example_branch_datetime_operator_3', 'example_branch_datetime_operator', 'example_branch_datetime_operator_2' retrieved from /home/kali/Desktop/projects/git/bank_data_processing/myenv/lib/python3.11/site-packages/airflow/example_dags/example_branch_datetime_operator.py
[2024-07-12T01:48:50.025+0530] {logging_mixin.py:188} INFO - [2024-07-12T01:48:50.025+0530] {dag.py:3096} INFO - Sync 3 DAGs
[2024-07-12T01:48:50.058+0530] {logging_mixin.py:188} INFO - [2024-07-12T01:48:50.058+0530] {dag.py:3954} INFO - Setting next_dagrun for example_branch_datetime_operator to 2024-07-10 00:00:00+00:00, run_after=2024-07-11 00:00:00+00:00
[2024-07-12T01:48:50.064+0530] {logging_mixin.py:188} INFO - [2024-07-12T01:48:50.064+0530] {dag.py:3954} INFO - Setting next_dagrun for example_branch_datetime_operator_2 to 2024-07-10 00:00:00+00:00, run_after=2024-07-11 00:00:00+00:00
[2024-07-12T01:48:50.068+0530] {logging_mixin.py:188} INFO - [2024-07-12T01:48:50.067+0530] {dag.py:3954} INFO - Setting next_dagrun for example_branch_datetime_operator_3 to 2024-07-10 00:00:00+00:00, run_after=2024-07-11 00:00:00+00:00
[2024-07-12T01:48:50.198+0530] {processor.py:183} INFO - Processing /home/kali/Desktop/projects/git/bank_data_processing/myenv/lib/python3.11/site-packages/airflow/example_dags/example_branch_datetime_operator.py took 0.233 seconds
[2024-07-12T01:49:20.691+0530] {processor.py:161} INFO - Started process (PID=37956) to work on /home/kali/Desktop/projects/git/bank_data_processing/myenv/lib/python3.11/site-packages/airflow/example_dags/example_branch_datetime_operator.py
[2024-07-12T01:49:20.692+0530] {processor.py:830} INFO - Processing file /home/kali/Desktop/projects/git/bank_data_processing/myenv/lib/python3.11/site-packages/airflow/example_dags/example_branch_datetime_operator.py for tasks to queue
[2024-07-12T01:49:20.693+0530] {logging_mixin.py:188} INFO - [2024-07-12T01:49:20.693+0530] {dagbag.py:545} INFO - Filling up the DagBag from /home/kali/Desktop/projects/git/bank_data_processing/myenv/lib/python3.11/site-packages/airflow/example_dags/example_branch_datetime_operator.py
[2024-07-12T01:49:20.704+0530] {processor.py:840} INFO - DAG(s) 'example_branch_datetime_operator', 'example_branch_datetime_operator_2', 'example_branch_datetime_operator_3' retrieved from /home/kali/Desktop/projects/git/bank_data_processing/myenv/lib/python3.11/site-packages/airflow/example_dags/example_branch_datetime_operator.py
[2024-07-12T01:49:20.729+0530] {logging_mixin.py:188} INFO - [2024-07-12T01:49:20.729+0530] {dag.py:3096} INFO - Sync 3 DAGs
[2024-07-12T01:49:20.754+0530] {logging_mixin.py:188} INFO - [2024-07-12T01:49:20.754+0530] {dag.py:3954} INFO - Setting next_dagrun for example_branch_datetime_operator to 2024-07-10 00:00:00+00:00, run_after=2024-07-11 00:00:00+00:00
[2024-07-12T01:49:20.760+0530] {logging_mixin.py:188} INFO - [2024-07-12T01:49:20.760+0530] {dag.py:3954} INFO - Setting next_dagrun for example_branch_datetime_operator_2 to 2024-07-10 00:00:00+00:00, run_after=2024-07-11 00:00:00+00:00
[2024-07-12T01:49:20.765+0530] {logging_mixin.py:188} INFO - [2024-07-12T01:49:20.764+0530] {dag.py:3954} INFO - Setting next_dagrun for example_branch_datetime_operator_3 to 2024-07-10 00:00:00+00:00, run_after=2024-07-11 00:00:00+00:00
[2024-07-12T01:49:20.787+0530] {processor.py:183} INFO - Processing /home/kali/Desktop/projects/git/bank_data_processing/myenv/lib/python3.11/site-packages/airflow/example_dags/example_branch_datetime_operator.py took 0.103 seconds
[2024-07-12T01:49:51.597+0530] {processor.py:161} INFO - Started process (PID=38284) to work on /home/kali/Desktop/projects/git/bank_data_processing/myenv/lib/python3.11/site-packages/airflow/example_dags/example_branch_datetime_operator.py
[2024-07-12T01:49:51.598+0530] {processor.py:830} INFO - Processing file /home/kali/Desktop/projects/git/bank_data_processing/myenv/lib/python3.11/site-packages/airflow/example_dags/example_branch_datetime_operator.py for tasks to queue
[2024-07-12T01:49:51.600+0530] {logging_mixin.py:188} INFO - [2024-07-12T01:49:51.600+0530] {dagbag.py:545} INFO - Filling up the DagBag from /home/kali/Desktop/projects/git/bank_data_processing/myenv/lib/python3.11/site-packages/airflow/example_dags/example_branch_datetime_operator.py
[2024-07-12T01:49:51.611+0530] {processor.py:840} INFO - DAG(s) 'example_branch_datetime_operator_2', 'example_branch_datetime_operator_3', 'example_branch_datetime_operator' retrieved from /home/kali/Desktop/projects/git/bank_data_processing/myenv/lib/python3.11/site-packages/airflow/example_dags/example_branch_datetime_operator.py
[2024-07-12T01:49:51.635+0530] {logging_mixin.py:188} INFO - [2024-07-12T01:49:51.635+0530] {dag.py:3096} INFO - Sync 3 DAGs
[2024-07-12T01:49:51.656+0530] {logging_mixin.py:188} INFO - [2024-07-12T01:49:51.655+0530] {dag.py:3954} INFO - Setting next_dagrun for example_branch_datetime_operator to 2024-07-10 00:00:00+00:00, run_after=2024-07-11 00:00:00+00:00
[2024-07-12T01:49:51.660+0530] {logging_mixin.py:188} INFO - [2024-07-12T01:49:51.660+0530] {dag.py:3954} INFO - Setting next_dagrun for example_branch_datetime_operator_2 to 2024-07-10 00:00:00+00:00, run_after=2024-07-11 00:00:00+00:00
[2024-07-12T01:49:51.663+0530] {logging_mixin.py:188} INFO - [2024-07-12T01:49:51.663+0530] {dag.py:3954} INFO - Setting next_dagrun for example_branch_datetime_operator_3 to 2024-07-10 00:00:00+00:00, run_after=2024-07-11 00:00:00+00:00
[2024-07-12T01:49:51.679+0530] {processor.py:183} INFO - Processing /home/kali/Desktop/projects/git/bank_data_processing/myenv/lib/python3.11/site-packages/airflow/example_dags/example_branch_datetime_operator.py took 0.088 seconds
[2024-07-12T01:50:22.319+0530] {processor.py:161} INFO - Started process (PID=38649) to work on /home/kali/Desktop/projects/git/bank_data_processing/myenv/lib/python3.11/site-packages/airflow/example_dags/example_branch_datetime_operator.py
[2024-07-12T01:50:22.320+0530] {processor.py:830} INFO - Processing file /home/kali/Desktop/projects/git/bank_data_processing/myenv/lib/python3.11/site-packages/airflow/example_dags/example_branch_datetime_operator.py for tasks to queue
[2024-07-12T01:50:22.321+0530] {logging_mixin.py:188} INFO - [2024-07-12T01:50:22.321+0530] {dagbag.py:545} INFO - Filling up the DagBag from /home/kali/Desktop/projects/git/bank_data_processing/myenv/lib/python3.11/site-packages/airflow/example_dags/example_branch_datetime_operator.py
[2024-07-12T01:50:22.333+0530] {processor.py:840} INFO - DAG(s) 'example_branch_datetime_operator_2', 'example_branch_datetime_operator_3', 'example_branch_datetime_operator' retrieved from /home/kali/Desktop/projects/git/bank_data_processing/myenv/lib/python3.11/site-packages/airflow/example_dags/example_branch_datetime_operator.py
[2024-07-12T01:50:22.364+0530] {logging_mixin.py:188} INFO - [2024-07-12T01:50:22.363+0530] {dag.py:3096} INFO - Sync 3 DAGs
[2024-07-12T01:50:22.388+0530] {logging_mixin.py:188} INFO - [2024-07-12T01:50:22.388+0530] {dag.py:3954} INFO - Setting next_dagrun for example_branch_datetime_operator to 2024-07-10 00:00:00+00:00, run_after=2024-07-11 00:00:00+00:00
[2024-07-12T01:50:22.393+0530] {logging_mixin.py:188} INFO - [2024-07-12T01:50:22.393+0530] {dag.py:3954} INFO - Setting next_dagrun for example_branch_datetime_operator_2 to 2024-07-10 00:00:00+00:00, run_after=2024-07-11 00:00:00+00:00
[2024-07-12T01:50:22.396+0530] {logging_mixin.py:188} INFO - [2024-07-12T01:50:22.396+0530] {dag.py:3954} INFO - Setting next_dagrun for example_branch_datetime_operator_3 to 2024-07-10 00:00:00+00:00, run_after=2024-07-11 00:00:00+00:00
[2024-07-12T01:50:22.418+0530] {processor.py:183} INFO - Processing /home/kali/Desktop/projects/git/bank_data_processing/myenv/lib/python3.11/site-packages/airflow/example_dags/example_branch_datetime_operator.py took 0.106 seconds
[2024-07-12T01:50:52.527+0530] {processor.py:161} INFO - Started process (PID=39103) to work on /home/kali/Desktop/projects/git/bank_data_processing/myenv/lib/python3.11/site-packages/airflow/example_dags/example_branch_datetime_operator.py
[2024-07-12T01:50:52.528+0530] {processor.py:830} INFO - Processing file /home/kali/Desktop/projects/git/bank_data_processing/myenv/lib/python3.11/site-packages/airflow/example_dags/example_branch_datetime_operator.py for tasks to queue
[2024-07-12T01:50:52.530+0530] {logging_mixin.py:188} INFO - [2024-07-12T01:50:52.530+0530] {dagbag.py:545} INFO - Filling up the DagBag from /home/kali/Desktop/projects/git/bank_data_processing/myenv/lib/python3.11/site-packages/airflow/example_dags/example_branch_datetime_operator.py
[2024-07-12T01:50:52.542+0530] {processor.py:840} INFO - DAG(s) 'example_branch_datetime_operator_2', 'example_branch_datetime_operator', 'example_branch_datetime_operator_3' retrieved from /home/kali/Desktop/projects/git/bank_data_processing/myenv/lib/python3.11/site-packages/airflow/example_dags/example_branch_datetime_operator.py
[2024-07-12T01:50:52.574+0530] {logging_mixin.py:188} INFO - [2024-07-12T01:50:52.573+0530] {dag.py:3096} INFO - Sync 3 DAGs
[2024-07-12T01:50:52.600+0530] {logging_mixin.py:188} INFO - [2024-07-12T01:50:52.600+0530] {dag.py:3954} INFO - Setting next_dagrun for example_branch_datetime_operator to 2024-07-10 00:00:00+00:00, run_after=2024-07-11 00:00:00+00:00
[2024-07-12T01:50:52.606+0530] {logging_mixin.py:188} INFO - [2024-07-12T01:50:52.606+0530] {dag.py:3954} INFO - Setting next_dagrun for example_branch_datetime_operator_2 to 2024-07-10 00:00:00+00:00, run_after=2024-07-11 00:00:00+00:00
[2024-07-12T01:50:52.609+0530] {logging_mixin.py:188} INFO - [2024-07-12T01:50:52.609+0530] {dag.py:3954} INFO - Setting next_dagrun for example_branch_datetime_operator_3 to 2024-07-10 00:00:00+00:00, run_after=2024-07-11 00:00:00+00:00
[2024-07-12T01:50:52.630+0530] {processor.py:183} INFO - Processing /home/kali/Desktop/projects/git/bank_data_processing/myenv/lib/python3.11/site-packages/airflow/example_dags/example_branch_datetime_operator.py took 0.112 seconds
[2024-07-12T01:51:23.585+0530] {processor.py:161} INFO - Started process (PID=39506) to work on /home/kali/Desktop/projects/git/bank_data_processing/myenv/lib/python3.11/site-packages/airflow/example_dags/example_branch_datetime_operator.py
[2024-07-12T01:51:23.586+0530] {processor.py:830} INFO - Processing file /home/kali/Desktop/projects/git/bank_data_processing/myenv/lib/python3.11/site-packages/airflow/example_dags/example_branch_datetime_operator.py for tasks to queue
[2024-07-12T01:51:23.587+0530] {logging_mixin.py:188} INFO - [2024-07-12T01:51:23.587+0530] {dagbag.py:545} INFO - Filling up the DagBag from /home/kali/Desktop/projects/git/bank_data_processing/myenv/lib/python3.11/site-packages/airflow/example_dags/example_branch_datetime_operator.py
[2024-07-12T01:51:23.599+0530] {processor.py:840} INFO - DAG(s) 'example_branch_datetime_operator', 'example_branch_datetime_operator_3', 'example_branch_datetime_operator_2' retrieved from /home/kali/Desktop/projects/git/bank_data_processing/myenv/lib/python3.11/site-packages/airflow/example_dags/example_branch_datetime_operator.py
[2024-07-12T01:51:23.623+0530] {logging_mixin.py:188} INFO - [2024-07-12T01:51:23.622+0530] {dag.py:3096} INFO - Sync 3 DAGs
[2024-07-12T01:51:23.645+0530] {logging_mixin.py:188} INFO - [2024-07-12T01:51:23.645+0530] {dag.py:3954} INFO - Setting next_dagrun for example_branch_datetime_operator to 2024-07-10 00:00:00+00:00, run_after=2024-07-11 00:00:00+00:00
[2024-07-12T01:51:23.650+0530] {logging_mixin.py:188} INFO - [2024-07-12T01:51:23.650+0530] {dag.py:3954} INFO - Setting next_dagrun for example_branch_datetime_operator_2 to 2024-07-10 00:00:00+00:00, run_after=2024-07-11 00:00:00+00:00
[2024-07-12T01:51:23.653+0530] {logging_mixin.py:188} INFO - [2024-07-12T01:51:23.653+0530] {dag.py:3954} INFO - Setting next_dagrun for example_branch_datetime_operator_3 to 2024-07-10 00:00:00+00:00, run_after=2024-07-11 00:00:00+00:00
[2024-07-12T01:51:23.671+0530] {processor.py:183} INFO - Processing /home/kali/Desktop/projects/git/bank_data_processing/myenv/lib/python3.11/site-packages/airflow/example_dags/example_branch_datetime_operator.py took 0.093 seconds
[2024-07-12T01:51:54.423+0530] {processor.py:161} INFO - Started process (PID=40084) to work on /home/kali/Desktop/projects/git/bank_data_processing/myenv/lib/python3.11/site-packages/airflow/example_dags/example_branch_datetime_operator.py
[2024-07-12T01:51:54.427+0530] {processor.py:830} INFO - Processing file /home/kali/Desktop/projects/git/bank_data_processing/myenv/lib/python3.11/site-packages/airflow/example_dags/example_branch_datetime_operator.py for tasks to queue
[2024-07-12T01:51:54.433+0530] {logging_mixin.py:188} INFO - [2024-07-12T01:51:54.432+0530] {dagbag.py:545} INFO - Filling up the DagBag from /home/kali/Desktop/projects/git/bank_data_processing/myenv/lib/python3.11/site-packages/airflow/example_dags/example_branch_datetime_operator.py
[2024-07-12T01:51:54.477+0530] {processor.py:840} INFO - DAG(s) 'example_branch_datetime_operator', 'example_branch_datetime_operator_3', 'example_branch_datetime_operator_2' retrieved from /home/kali/Desktop/projects/git/bank_data_processing/myenv/lib/python3.11/site-packages/airflow/example_dags/example_branch_datetime_operator.py
[2024-07-12T01:51:54.549+0530] {logging_mixin.py:188} INFO - [2024-07-12T01:51:54.549+0530] {dag.py:3096} INFO - Sync 3 DAGs
[2024-07-12T01:51:54.618+0530] {logging_mixin.py:188} INFO - [2024-07-12T01:51:54.616+0530] {dag.py:3954} INFO - Setting next_dagrun for example_branch_datetime_operator to 2024-07-10 00:00:00+00:00, run_after=2024-07-11 00:00:00+00:00
[2024-07-12T01:51:54.631+0530] {logging_mixin.py:188} INFO - [2024-07-12T01:51:54.631+0530] {dag.py:3954} INFO - Setting next_dagrun for example_branch_datetime_operator_2 to 2024-07-10 00:00:00+00:00, run_after=2024-07-11 00:00:00+00:00
[2024-07-12T01:51:54.639+0530] {logging_mixin.py:188} INFO - [2024-07-12T01:51:54.638+0530] {dag.py:3954} INFO - Setting next_dagrun for example_branch_datetime_operator_3 to 2024-07-10 00:00:00+00:00, run_after=2024-07-11 00:00:00+00:00
[2024-07-12T01:51:54.680+0530] {processor.py:183} INFO - Processing /home/kali/Desktop/projects/git/bank_data_processing/myenv/lib/python3.11/site-packages/airflow/example_dags/example_branch_datetime_operator.py took 0.274 seconds
[2024-07-12T01:52:25.434+0530] {processor.py:161} INFO - Started process (PID=40773) to work on /home/kali/Desktop/projects/git/bank_data_processing/myenv/lib/python3.11/site-packages/airflow/example_dags/example_branch_datetime_operator.py
[2024-07-12T01:52:25.435+0530] {processor.py:830} INFO - Processing file /home/kali/Desktop/projects/git/bank_data_processing/myenv/lib/python3.11/site-packages/airflow/example_dags/example_branch_datetime_operator.py for tasks to queue
[2024-07-12T01:52:25.437+0530] {logging_mixin.py:188} INFO - [2024-07-12T01:52:25.437+0530] {dagbag.py:545} INFO - Filling up the DagBag from /home/kali/Desktop/projects/git/bank_data_processing/myenv/lib/python3.11/site-packages/airflow/example_dags/example_branch_datetime_operator.py
[2024-07-12T01:52:25.450+0530] {processor.py:840} INFO - DAG(s) 'example_branch_datetime_operator_3', 'example_branch_datetime_operator', 'example_branch_datetime_operator_2' retrieved from /home/kali/Desktop/projects/git/bank_data_processing/myenv/lib/python3.11/site-packages/airflow/example_dags/example_branch_datetime_operator.py
[2024-07-12T01:52:25.474+0530] {logging_mixin.py:188} INFO - [2024-07-12T01:52:25.474+0530] {dag.py:3096} INFO - Sync 3 DAGs
[2024-07-12T01:52:25.498+0530] {logging_mixin.py:188} INFO - [2024-07-12T01:52:25.498+0530] {dag.py:3954} INFO - Setting next_dagrun for example_branch_datetime_operator to 2024-07-10 00:00:00+00:00, run_after=2024-07-11 00:00:00+00:00
[2024-07-12T01:52:25.504+0530] {logging_mixin.py:188} INFO - [2024-07-12T01:52:25.503+0530] {dag.py:3954} INFO - Setting next_dagrun for example_branch_datetime_operator_2 to 2024-07-10 00:00:00+00:00, run_after=2024-07-11 00:00:00+00:00
[2024-07-12T01:52:25.507+0530] {logging_mixin.py:188} INFO - [2024-07-12T01:52:25.506+0530] {dag.py:3954} INFO - Setting next_dagrun for example_branch_datetime_operator_3 to 2024-07-10 00:00:00+00:00, run_after=2024-07-11 00:00:00+00:00
[2024-07-12T01:52:25.527+0530] {processor.py:183} INFO - Processing /home/kali/Desktop/projects/git/bank_data_processing/myenv/lib/python3.11/site-packages/airflow/example_dags/example_branch_datetime_operator.py took 0.104 seconds
