[2024-07-12T01:47:47.422+0530] {processor.py:161} INFO - Started process (PID=36590) to work on /home/kali/Desktop/projects/git/bank_data_processing/myenv/lib/python3.11/site-packages/airflow/example_dags/example_latest_only_with_trigger.py
[2024-07-12T01:47:47.423+0530] {processor.py:830} INFO - Processing file /home/kali/Desktop/projects/git/bank_data_processing/myenv/lib/python3.11/site-packages/airflow/example_dags/example_latest_only_with_trigger.py for tasks to queue
[2024-07-12T01:47:47.424+0530] {logging_mixin.py:188} INFO - [2024-07-12T01:47:47.424+0530] {dagbag.py:545} INFO - Filling up the DagBag from /home/kali/Desktop/projects/git/bank_data_processing/myenv/lib/python3.11/site-packages/airflow/example_dags/example_latest_only_with_trigger.py
[2024-07-12T01:47:47.429+0530] {processor.py:840} INFO - DAG(s) 'latest_only_with_trigger' retrieved from /home/kali/Desktop/projects/git/bank_data_processing/myenv/lib/python3.11/site-packages/airflow/example_dags/example_latest_only_with_trigger.py
[2024-07-12T01:47:47.529+0530] {logging_mixin.py:188} INFO - [2024-07-12T01:47:47.528+0530] {dag.py:3096} INFO - Sync 1 DAGs
[2024-07-12T01:47:47.546+0530] {logging_mixin.py:188} INFO - [2024-07-12T01:47:47.545+0530] {dag.py:3954} INFO - Setting next_dagrun for latest_only_with_trigger to 2024-07-11 16:00:00+00:00, run_after=2024-07-11 20:00:00+00:00
[2024-07-12T01:47:47.568+0530] {processor.py:183} INFO - Processing /home/kali/Desktop/projects/git/bank_data_processing/myenv/lib/python3.11/site-packages/airflow/example_dags/example_latest_only_with_trigger.py took 0.152 seconds
[2024-07-12T01:48:18.136+0530] {processor.py:161} INFO - Started process (PID=37081) to work on /home/kali/Desktop/projects/git/bank_data_processing/myenv/lib/python3.11/site-packages/airflow/example_dags/example_latest_only_with_trigger.py
[2024-07-12T01:48:18.137+0530] {processor.py:830} INFO - Processing file /home/kali/Desktop/projects/git/bank_data_processing/myenv/lib/python3.11/site-packages/airflow/example_dags/example_latest_only_with_trigger.py for tasks to queue
[2024-07-12T01:48:18.138+0530] {logging_mixin.py:188} INFO - [2024-07-12T01:48:18.138+0530] {dagbag.py:545} INFO - Filling up the DagBag from /home/kali/Desktop/projects/git/bank_data_processing/myenv/lib/python3.11/site-packages/airflow/example_dags/example_latest_only_with_trigger.py
[2024-07-12T01:48:18.144+0530] {processor.py:840} INFO - DAG(s) 'latest_only_with_trigger' retrieved from /home/kali/Desktop/projects/git/bank_data_processing/myenv/lib/python3.11/site-packages/airflow/example_dags/example_latest_only_with_trigger.py
[2024-07-12T01:48:18.161+0530] {logging_mixin.py:188} INFO - [2024-07-12T01:48:18.161+0530] {dag.py:3096} INFO - Sync 1 DAGs
[2024-07-12T01:48:18.180+0530] {logging_mixin.py:188} INFO - [2024-07-12T01:48:18.180+0530] {dag.py:3954} INFO - Setting next_dagrun for latest_only_with_trigger to 2024-07-11 16:00:00+00:00, run_after=2024-07-11 20:00:00+00:00
[2024-07-12T01:48:18.203+0530] {processor.py:183} INFO - Processing /home/kali/Desktop/projects/git/bank_data_processing/myenv/lib/python3.11/site-packages/airflow/example_dags/example_latest_only_with_trigger.py took 0.073 seconds
[2024-07-12T01:48:48.962+0530] {processor.py:161} INFO - Started process (PID=37464) to work on /home/kali/Desktop/projects/git/bank_data_processing/myenv/lib/python3.11/site-packages/airflow/example_dags/example_latest_only_with_trigger.py
[2024-07-12T01:48:48.963+0530] {processor.py:830} INFO - Processing file /home/kali/Desktop/projects/git/bank_data_processing/myenv/lib/python3.11/site-packages/airflow/example_dags/example_latest_only_with_trigger.py for tasks to queue
[2024-07-12T01:48:48.965+0530] {logging_mixin.py:188} INFO - [2024-07-12T01:48:48.965+0530] {dagbag.py:545} INFO - Filling up the DagBag from /home/kali/Desktop/projects/git/bank_data_processing/myenv/lib/python3.11/site-packages/airflow/example_dags/example_latest_only_with_trigger.py
[2024-07-12T01:48:48.970+0530] {processor.py:840} INFO - DAG(s) 'latest_only_with_trigger' retrieved from /home/kali/Desktop/projects/git/bank_data_processing/myenv/lib/python3.11/site-packages/airflow/example_dags/example_latest_only_with_trigger.py
[2024-07-12T01:48:48.988+0530] {logging_mixin.py:188} INFO - [2024-07-12T01:48:48.987+0530] {dag.py:3096} INFO - Sync 1 DAGs
[2024-07-12T01:48:49.007+0530] {logging_mixin.py:188} INFO - [2024-07-12T01:48:49.006+0530] {dag.py:3954} INFO - Setting next_dagrun for latest_only_with_trigger to 2024-07-11 16:00:00+00:00, run_after=2024-07-11 20:00:00+00:00
[2024-07-12T01:48:49.025+0530] {processor.py:183} INFO - Processing /home/kali/Desktop/projects/git/bank_data_processing/myenv/lib/python3.11/site-packages/airflow/example_dags/example_latest_only_with_trigger.py took 0.069 seconds
[2024-07-12T01:49:20.083+0530] {processor.py:161} INFO - Started process (PID=37938) to work on /home/kali/Desktop/projects/git/bank_data_processing/myenv/lib/python3.11/site-packages/airflow/example_dags/example_latest_only_with_trigger.py
[2024-07-12T01:49:20.084+0530] {processor.py:830} INFO - Processing file /home/kali/Desktop/projects/git/bank_data_processing/myenv/lib/python3.11/site-packages/airflow/example_dags/example_latest_only_with_trigger.py for tasks to queue
[2024-07-12T01:49:20.085+0530] {logging_mixin.py:188} INFO - [2024-07-12T01:49:20.085+0530] {dagbag.py:545} INFO - Filling up the DagBag from /home/kali/Desktop/projects/git/bank_data_processing/myenv/lib/python3.11/site-packages/airflow/example_dags/example_latest_only_with_trigger.py
[2024-07-12T01:49:20.091+0530] {processor.py:840} INFO - DAG(s) 'latest_only_with_trigger' retrieved from /home/kali/Desktop/projects/git/bank_data_processing/myenv/lib/python3.11/site-packages/airflow/example_dags/example_latest_only_with_trigger.py
[2024-07-12T01:49:20.107+0530] {logging_mixin.py:188} INFO - [2024-07-12T01:49:20.107+0530] {dag.py:3096} INFO - Sync 1 DAGs
[2024-07-12T01:49:20.127+0530] {logging_mixin.py:188} INFO - [2024-07-12T01:49:20.126+0530] {dag.py:3954} INFO - Setting next_dagrun for latest_only_with_trigger to 2024-07-11 16:00:00+00:00, run_after=2024-07-11 20:00:00+00:00
[2024-07-12T01:49:20.147+0530] {processor.py:183} INFO - Processing /home/kali/Desktop/projects/git/bank_data_processing/myenv/lib/python3.11/site-packages/airflow/example_dags/example_latest_only_with_trigger.py took 0.070 seconds
[2024-07-12T01:49:50.951+0530] {processor.py:161} INFO - Started process (PID=38266) to work on /home/kali/Desktop/projects/git/bank_data_processing/myenv/lib/python3.11/site-packages/airflow/example_dags/example_latest_only_with_trigger.py
[2024-07-12T01:49:50.951+0530] {processor.py:830} INFO - Processing file /home/kali/Desktop/projects/git/bank_data_processing/myenv/lib/python3.11/site-packages/airflow/example_dags/example_latest_only_with_trigger.py for tasks to queue
[2024-07-12T01:49:50.953+0530] {logging_mixin.py:188} INFO - [2024-07-12T01:49:50.953+0530] {dagbag.py:545} INFO - Filling up the DagBag from /home/kali/Desktop/projects/git/bank_data_processing/myenv/lib/python3.11/site-packages/airflow/example_dags/example_latest_only_with_trigger.py
[2024-07-12T01:49:50.958+0530] {processor.py:840} INFO - DAG(s) 'latest_only_with_trigger' retrieved from /home/kali/Desktop/projects/git/bank_data_processing/myenv/lib/python3.11/site-packages/airflow/example_dags/example_latest_only_with_trigger.py
[2024-07-12T01:49:50.975+0530] {logging_mixin.py:188} INFO - [2024-07-12T01:49:50.975+0530] {dag.py:3096} INFO - Sync 1 DAGs
[2024-07-12T01:49:50.995+0530] {logging_mixin.py:188} INFO - [2024-07-12T01:49:50.994+0530] {dag.py:3954} INFO - Setting next_dagrun for latest_only_with_trigger to 2024-07-11 16:00:00+00:00, run_after=2024-07-11 20:00:00+00:00
[2024-07-12T01:49:51.016+0530] {processor.py:183} INFO - Processing /home/kali/Desktop/projects/git/bank_data_processing/myenv/lib/python3.11/site-packages/airflow/example_dags/example_latest_only_with_trigger.py took 0.072 seconds
[2024-07-12T01:50:21.542+0530] {processor.py:161} INFO - Started process (PID=38639) to work on /home/kali/Desktop/projects/git/bank_data_processing/myenv/lib/python3.11/site-packages/airflow/example_dags/example_latest_only_with_trigger.py
[2024-07-12T01:50:21.544+0530] {processor.py:830} INFO - Processing file /home/kali/Desktop/projects/git/bank_data_processing/myenv/lib/python3.11/site-packages/airflow/example_dags/example_latest_only_with_trigger.py for tasks to queue
[2024-07-12T01:50:21.545+0530] {logging_mixin.py:188} INFO - [2024-07-12T01:50:21.545+0530] {dagbag.py:545} INFO - Filling up the DagBag from /home/kali/Desktop/projects/git/bank_data_processing/myenv/lib/python3.11/site-packages/airflow/example_dags/example_latest_only_with_trigger.py
[2024-07-12T01:50:21.552+0530] {processor.py:840} INFO - DAG(s) 'latest_only_with_trigger' retrieved from /home/kali/Desktop/projects/git/bank_data_processing/myenv/lib/python3.11/site-packages/airflow/example_dags/example_latest_only_with_trigger.py
[2024-07-12T01:50:21.575+0530] {logging_mixin.py:188} INFO - [2024-07-12T01:50:21.575+0530] {dag.py:3096} INFO - Sync 1 DAGs
[2024-07-12T01:50:21.597+0530] {logging_mixin.py:188} INFO - [2024-07-12T01:50:21.597+0530] {dag.py:3954} INFO - Setting next_dagrun for latest_only_with_trigger to 2024-07-11 16:00:00+00:00, run_after=2024-07-11 20:00:00+00:00
[2024-07-12T01:50:21.617+0530] {processor.py:183} INFO - Processing /home/kali/Desktop/projects/git/bank_data_processing/myenv/lib/python3.11/site-packages/airflow/example_dags/example_latest_only_with_trigger.py took 0.082 seconds
[2024-07-12T01:50:51.810+0530] {processor.py:161} INFO - Started process (PID=39070) to work on /home/kali/Desktop/projects/git/bank_data_processing/myenv/lib/python3.11/site-packages/airflow/example_dags/example_latest_only_with_trigger.py
[2024-07-12T01:50:51.810+0530] {processor.py:830} INFO - Processing file /home/kali/Desktop/projects/git/bank_data_processing/myenv/lib/python3.11/site-packages/airflow/example_dags/example_latest_only_with_trigger.py for tasks to queue
[2024-07-12T01:50:51.812+0530] {logging_mixin.py:188} INFO - [2024-07-12T01:50:51.812+0530] {dagbag.py:545} INFO - Filling up the DagBag from /home/kali/Desktop/projects/git/bank_data_processing/myenv/lib/python3.11/site-packages/airflow/example_dags/example_latest_only_with_trigger.py
[2024-07-12T01:50:51.817+0530] {processor.py:840} INFO - DAG(s) 'latest_only_with_trigger' retrieved from /home/kali/Desktop/projects/git/bank_data_processing/myenv/lib/python3.11/site-packages/airflow/example_dags/example_latest_only_with_trigger.py
[2024-07-12T01:50:51.848+0530] {logging_mixin.py:188} INFO - [2024-07-12T01:50:51.848+0530] {dag.py:3096} INFO - Sync 1 DAGs
[2024-07-12T01:50:51.880+0530] {logging_mixin.py:188} INFO - [2024-07-12T01:50:51.880+0530] {dag.py:3954} INFO - Setting next_dagrun for latest_only_with_trigger to 2024-07-11 16:00:00+00:00, run_after=2024-07-11 20:00:00+00:00
[2024-07-12T01:50:51.902+0530] {processor.py:183} INFO - Processing /home/kali/Desktop/projects/git/bank_data_processing/myenv/lib/python3.11/site-packages/airflow/example_dags/example_latest_only_with_trigger.py took 0.098 seconds
[2024-07-12T01:51:22.003+0530] {processor.py:161} INFO - Started process (PID=39477) to work on /home/kali/Desktop/projects/git/bank_data_processing/myenv/lib/python3.11/site-packages/airflow/example_dags/example_latest_only_with_trigger.py
[2024-07-12T01:51:22.004+0530] {processor.py:830} INFO - Processing file /home/kali/Desktop/projects/git/bank_data_processing/myenv/lib/python3.11/site-packages/airflow/example_dags/example_latest_only_with_trigger.py for tasks to queue
[2024-07-12T01:51:22.005+0530] {logging_mixin.py:188} INFO - [2024-07-12T01:51:22.005+0530] {dagbag.py:545} INFO - Filling up the DagBag from /home/kali/Desktop/projects/git/bank_data_processing/myenv/lib/python3.11/site-packages/airflow/example_dags/example_latest_only_with_trigger.py
[2024-07-12T01:51:22.010+0530] {processor.py:840} INFO - DAG(s) 'latest_only_with_trigger' retrieved from /home/kali/Desktop/projects/git/bank_data_processing/myenv/lib/python3.11/site-packages/airflow/example_dags/example_latest_only_with_trigger.py
[2024-07-12T01:51:22.028+0530] {logging_mixin.py:188} INFO - [2024-07-12T01:51:22.027+0530] {dag.py:3096} INFO - Sync 1 DAGs
[2024-07-12T01:51:22.048+0530] {logging_mixin.py:188} INFO - [2024-07-12T01:51:22.047+0530] {dag.py:3954} INFO - Setting next_dagrun for latest_only_with_trigger to 2024-07-11 16:00:00+00:00, run_after=2024-07-11 20:00:00+00:00
[2024-07-12T01:51:22.068+0530] {processor.py:183} INFO - Processing /home/kali/Desktop/projects/git/bank_data_processing/myenv/lib/python3.11/site-packages/airflow/example_dags/example_latest_only_with_trigger.py took 0.071 seconds
[2024-07-12T01:51:52.992+0530] {processor.py:161} INFO - Started process (PID=40066) to work on /home/kali/Desktop/projects/git/bank_data_processing/myenv/lib/python3.11/site-packages/airflow/example_dags/example_latest_only_with_trigger.py
[2024-07-12T01:51:52.996+0530] {processor.py:830} INFO - Processing file /home/kali/Desktop/projects/git/bank_data_processing/myenv/lib/python3.11/site-packages/airflow/example_dags/example_latest_only_with_trigger.py for tasks to queue
[2024-07-12T01:51:53.001+0530] {logging_mixin.py:188} INFO - [2024-07-12T01:51:53.000+0530] {dagbag.py:545} INFO - Filling up the DagBag from /home/kali/Desktop/projects/git/bank_data_processing/myenv/lib/python3.11/site-packages/airflow/example_dags/example_latest_only_with_trigger.py
[2024-07-12T01:51:53.008+0530] {processor.py:840} INFO - DAG(s) 'latest_only_with_trigger' retrieved from /home/kali/Desktop/projects/git/bank_data_processing/myenv/lib/python3.11/site-packages/airflow/example_dags/example_latest_only_with_trigger.py
[2024-07-12T01:51:53.052+0530] {logging_mixin.py:188} INFO - [2024-07-12T01:51:53.052+0530] {dag.py:3096} INFO - Sync 1 DAGs
[2024-07-12T01:51:53.101+0530] {logging_mixin.py:188} INFO - [2024-07-12T01:51:53.100+0530] {dag.py:3954} INFO - Setting next_dagrun for latest_only_with_trigger to 2024-07-11 16:00:00+00:00, run_after=2024-07-11 20:00:00+00:00
[2024-07-12T01:51:53.141+0530] {processor.py:183} INFO - Processing /home/kali/Desktop/projects/git/bank_data_processing/myenv/lib/python3.11/site-packages/airflow/example_dags/example_latest_only_with_trigger.py took 0.166 seconds
[2024-07-12T01:52:23.623+0530] {processor.py:161} INFO - Started process (PID=40755) to work on /home/kali/Desktop/projects/git/bank_data_processing/myenv/lib/python3.11/site-packages/airflow/example_dags/example_latest_only_with_trigger.py
[2024-07-12T01:52:23.624+0530] {processor.py:830} INFO - Processing file /home/kali/Desktop/projects/git/bank_data_processing/myenv/lib/python3.11/site-packages/airflow/example_dags/example_latest_only_with_trigger.py for tasks to queue
[2024-07-12T01:52:23.626+0530] {logging_mixin.py:188} INFO - [2024-07-12T01:52:23.625+0530] {dagbag.py:545} INFO - Filling up the DagBag from /home/kali/Desktop/projects/git/bank_data_processing/myenv/lib/python3.11/site-packages/airflow/example_dags/example_latest_only_with_trigger.py
[2024-07-12T01:52:23.631+0530] {processor.py:840} INFO - DAG(s) 'latest_only_with_trigger' retrieved from /home/kali/Desktop/projects/git/bank_data_processing/myenv/lib/python3.11/site-packages/airflow/example_dags/example_latest_only_with_trigger.py
[2024-07-12T01:52:23.652+0530] {logging_mixin.py:188} INFO - [2024-07-12T01:52:23.652+0530] {dag.py:3096} INFO - Sync 1 DAGs
[2024-07-12T01:52:23.675+0530] {logging_mixin.py:188} INFO - [2024-07-12T01:52:23.674+0530] {dag.py:3954} INFO - Setting next_dagrun for latest_only_with_trigger to 2024-07-11 16:00:00+00:00, run_after=2024-07-11 20:00:00+00:00
[2024-07-12T01:52:23.698+0530] {processor.py:183} INFO - Processing /home/kali/Desktop/projects/git/bank_data_processing/myenv/lib/python3.11/site-packages/airflow/example_dags/example_latest_only_with_trigger.py took 0.083 seconds
