[2024-07-12T01:47:46.882+0530] {processor.py:161} INFO - Started process (PID=36576) to work on /home/kali/Desktop/projects/git/bank_data_processing/myenv/lib/python3.11/site-packages/airflow/example_dags/example_latest_only.py
[2024-07-12T01:47:46.883+0530] {processor.py:830} INFO - Processing file /home/kali/Desktop/projects/git/bank_data_processing/myenv/lib/python3.11/site-packages/airflow/example_dags/example_latest_only.py for tasks to queue
[2024-07-12T01:47:46.885+0530] {logging_mixin.py:188} INFO - [2024-07-12T01:47:46.884+0530] {dagbag.py:545} INFO - Filling up the DagBag from /home/kali/Desktop/projects/git/bank_data_processing/myenv/lib/python3.11/site-packages/airflow/example_dags/example_latest_only.py
[2024-07-12T01:47:46.889+0530] {processor.py:840} INFO - DAG(s) 'latest_only' retrieved from /home/kali/Desktop/projects/git/bank_data_processing/myenv/lib/python3.11/site-packages/airflow/example_dags/example_latest_only.py
[2024-07-12T01:47:47.001+0530] {logging_mixin.py:188} INFO - [2024-07-12T01:47:47.001+0530] {dag.py:3096} INFO - Sync 1 DAGs
[2024-07-12T01:47:47.019+0530] {logging_mixin.py:188} INFO - [2024-07-12T01:47:47.018+0530] {dag.py:3954} INFO - Setting next_dagrun for latest_only to 2024-07-11 16:00:00+00:00, run_after=2024-07-11 20:00:00+00:00
[2024-07-12T01:47:47.039+0530] {processor.py:183} INFO - Processing /home/kali/Desktop/projects/git/bank_data_processing/myenv/lib/python3.11/site-packages/airflow/example_dags/example_latest_only.py took 0.162 seconds
[2024-07-12T01:48:17.838+0530] {processor.py:161} INFO - Started process (PID=37075) to work on /home/kali/Desktop/projects/git/bank_data_processing/myenv/lib/python3.11/site-packages/airflow/example_dags/example_latest_only.py
[2024-07-12T01:48:17.839+0530] {processor.py:830} INFO - Processing file /home/kali/Desktop/projects/git/bank_data_processing/myenv/lib/python3.11/site-packages/airflow/example_dags/example_latest_only.py for tasks to queue
[2024-07-12T01:48:17.841+0530] {logging_mixin.py:188} INFO - [2024-07-12T01:48:17.841+0530] {dagbag.py:545} INFO - Filling up the DagBag from /home/kali/Desktop/projects/git/bank_data_processing/myenv/lib/python3.11/site-packages/airflow/example_dags/example_latest_only.py
[2024-07-12T01:48:17.846+0530] {processor.py:840} INFO - DAG(s) 'latest_only' retrieved from /home/kali/Desktop/projects/git/bank_data_processing/myenv/lib/python3.11/site-packages/airflow/example_dags/example_latest_only.py
[2024-07-12T01:48:17.864+0530] {logging_mixin.py:188} INFO - [2024-07-12T01:48:17.864+0530] {dag.py:3096} INFO - Sync 1 DAGs
[2024-07-12T01:48:17.885+0530] {logging_mixin.py:188} INFO - [2024-07-12T01:48:17.885+0530] {dag.py:3954} INFO - Setting next_dagrun for latest_only to 2024-07-11 16:00:00+00:00, run_after=2024-07-11 20:00:00+00:00
[2024-07-12T01:48:17.908+0530] {processor.py:183} INFO - Processing /home/kali/Desktop/projects/git/bank_data_processing/myenv/lib/python3.11/site-packages/airflow/example_dags/example_latest_only.py took 0.076 seconds
[2024-07-12T01:48:48.650+0530] {processor.py:161} INFO - Started process (PID=37458) to work on /home/kali/Desktop/projects/git/bank_data_processing/myenv/lib/python3.11/site-packages/airflow/example_dags/example_latest_only.py
[2024-07-12T01:48:48.651+0530] {processor.py:830} INFO - Processing file /home/kali/Desktop/projects/git/bank_data_processing/myenv/lib/python3.11/site-packages/airflow/example_dags/example_latest_only.py for tasks to queue
[2024-07-12T01:48:48.652+0530] {logging_mixin.py:188} INFO - [2024-07-12T01:48:48.652+0530] {dagbag.py:545} INFO - Filling up the DagBag from /home/kali/Desktop/projects/git/bank_data_processing/myenv/lib/python3.11/site-packages/airflow/example_dags/example_latest_only.py
[2024-07-12T01:48:48.657+0530] {processor.py:840} INFO - DAG(s) 'latest_only' retrieved from /home/kali/Desktop/projects/git/bank_data_processing/myenv/lib/python3.11/site-packages/airflow/example_dags/example_latest_only.py
[2024-07-12T01:48:48.677+0530] {logging_mixin.py:188} INFO - [2024-07-12T01:48:48.676+0530] {dag.py:3096} INFO - Sync 1 DAGs
[2024-07-12T01:48:48.698+0530] {logging_mixin.py:188} INFO - [2024-07-12T01:48:48.697+0530] {dag.py:3954} INFO - Setting next_dagrun for latest_only to 2024-07-11 16:00:00+00:00, run_after=2024-07-11 20:00:00+00:00
[2024-07-12T01:48:48.721+0530] {processor.py:183} INFO - Processing /home/kali/Desktop/projects/git/bank_data_processing/myenv/lib/python3.11/site-packages/airflow/example_dags/example_latest_only.py took 0.078 seconds
[2024-07-12T01:49:19.760+0530] {processor.py:161} INFO - Started process (PID=37932) to work on /home/kali/Desktop/projects/git/bank_data_processing/myenv/lib/python3.11/site-packages/airflow/example_dags/example_latest_only.py
[2024-07-12T01:49:19.761+0530] {processor.py:830} INFO - Processing file /home/kali/Desktop/projects/git/bank_data_processing/myenv/lib/python3.11/site-packages/airflow/example_dags/example_latest_only.py for tasks to queue
[2024-07-12T01:49:19.764+0530] {logging_mixin.py:188} INFO - [2024-07-12T01:49:19.764+0530] {dagbag.py:545} INFO - Filling up the DagBag from /home/kali/Desktop/projects/git/bank_data_processing/myenv/lib/python3.11/site-packages/airflow/example_dags/example_latest_only.py
[2024-07-12T01:49:19.770+0530] {processor.py:840} INFO - DAG(s) 'latest_only' retrieved from /home/kali/Desktop/projects/git/bank_data_processing/myenv/lib/python3.11/site-packages/airflow/example_dags/example_latest_only.py
[2024-07-12T01:49:19.791+0530] {logging_mixin.py:188} INFO - [2024-07-12T01:49:19.790+0530] {dag.py:3096} INFO - Sync 1 DAGs
[2024-07-12T01:49:19.819+0530] {logging_mixin.py:188} INFO - [2024-07-12T01:49:19.819+0530] {dag.py:3954} INFO - Setting next_dagrun for latest_only to 2024-07-11 16:00:00+00:00, run_after=2024-07-11 20:00:00+00:00
[2024-07-12T01:49:19.846+0530] {processor.py:183} INFO - Processing /home/kali/Desktop/projects/git/bank_data_processing/myenv/lib/python3.11/site-packages/airflow/example_dags/example_latest_only.py took 0.094 seconds
[2024-07-12T01:49:50.678+0530] {processor.py:161} INFO - Started process (PID=38260) to work on /home/kali/Desktop/projects/git/bank_data_processing/myenv/lib/python3.11/site-packages/airflow/example_dags/example_latest_only.py
[2024-07-12T01:49:50.679+0530] {processor.py:830} INFO - Processing file /home/kali/Desktop/projects/git/bank_data_processing/myenv/lib/python3.11/site-packages/airflow/example_dags/example_latest_only.py for tasks to queue
[2024-07-12T01:49:50.681+0530] {logging_mixin.py:188} INFO - [2024-07-12T01:49:50.681+0530] {dagbag.py:545} INFO - Filling up the DagBag from /home/kali/Desktop/projects/git/bank_data_processing/myenv/lib/python3.11/site-packages/airflow/example_dags/example_latest_only.py
[2024-07-12T01:49:50.686+0530] {processor.py:840} INFO - DAG(s) 'latest_only' retrieved from /home/kali/Desktop/projects/git/bank_data_processing/myenv/lib/python3.11/site-packages/airflow/example_dags/example_latest_only.py
[2024-07-12T01:49:50.703+0530] {logging_mixin.py:188} INFO - [2024-07-12T01:49:50.703+0530] {dag.py:3096} INFO - Sync 1 DAGs
[2024-07-12T01:49:50.722+0530] {logging_mixin.py:188} INFO - [2024-07-12T01:49:50.722+0530] {dag.py:3954} INFO - Setting next_dagrun for latest_only to 2024-07-11 16:00:00+00:00, run_after=2024-07-11 20:00:00+00:00
[2024-07-12T01:49:50.741+0530] {processor.py:183} INFO - Processing /home/kali/Desktop/projects/git/bank_data_processing/myenv/lib/python3.11/site-packages/airflow/example_dags/example_latest_only.py took 0.068 seconds
[2024-07-12T01:50:21.181+0530] {processor.py:161} INFO - Started process (PID=38625) to work on /home/kali/Desktop/projects/git/bank_data_processing/myenv/lib/python3.11/site-packages/airflow/example_dags/example_latest_only.py
[2024-07-12T01:50:21.182+0530] {processor.py:830} INFO - Processing file /home/kali/Desktop/projects/git/bank_data_processing/myenv/lib/python3.11/site-packages/airflow/example_dags/example_latest_only.py for tasks to queue
[2024-07-12T01:50:21.183+0530] {logging_mixin.py:188} INFO - [2024-07-12T01:50:21.183+0530] {dagbag.py:545} INFO - Filling up the DagBag from /home/kali/Desktop/projects/git/bank_data_processing/myenv/lib/python3.11/site-packages/airflow/example_dags/example_latest_only.py
[2024-07-12T01:50:21.189+0530] {processor.py:840} INFO - DAG(s) 'latest_only' retrieved from /home/kali/Desktop/projects/git/bank_data_processing/myenv/lib/python3.11/site-packages/airflow/example_dags/example_latest_only.py
[2024-07-12T01:50:21.213+0530] {logging_mixin.py:188} INFO - [2024-07-12T01:50:21.212+0530] {dag.py:3096} INFO - Sync 1 DAGs
[2024-07-12T01:50:21.238+0530] {logging_mixin.py:188} INFO - [2024-07-12T01:50:21.238+0530] {dag.py:3954} INFO - Setting next_dagrun for latest_only to 2024-07-11 16:00:00+00:00, run_after=2024-07-11 20:00:00+00:00
[2024-07-12T01:50:21.262+0530] {processor.py:183} INFO - Processing /home/kali/Desktop/projects/git/bank_data_processing/myenv/lib/python3.11/site-packages/airflow/example_dags/example_latest_only.py took 0.089 seconds
[2024-07-12T01:50:51.432+0530] {processor.py:161} INFO - Started process (PID=39045) to work on /home/kali/Desktop/projects/git/bank_data_processing/myenv/lib/python3.11/site-packages/airflow/example_dags/example_latest_only.py
[2024-07-12T01:50:51.433+0530] {processor.py:830} INFO - Processing file /home/kali/Desktop/projects/git/bank_data_processing/myenv/lib/python3.11/site-packages/airflow/example_dags/example_latest_only.py for tasks to queue
[2024-07-12T01:50:51.435+0530] {logging_mixin.py:188} INFO - [2024-07-12T01:50:51.434+0530] {dagbag.py:545} INFO - Filling up the DagBag from /home/kali/Desktop/projects/git/bank_data_processing/myenv/lib/python3.11/site-packages/airflow/example_dags/example_latest_only.py
[2024-07-12T01:50:51.441+0530] {processor.py:840} INFO - DAG(s) 'latest_only' retrieved from /home/kali/Desktop/projects/git/bank_data_processing/myenv/lib/python3.11/site-packages/airflow/example_dags/example_latest_only.py
[2024-07-12T01:50:51.465+0530] {logging_mixin.py:188} INFO - [2024-07-12T01:50:51.465+0530] {dag.py:3096} INFO - Sync 1 DAGs
[2024-07-12T01:50:51.491+0530] {logging_mixin.py:188} INFO - [2024-07-12T01:50:51.491+0530] {dag.py:3954} INFO - Setting next_dagrun for latest_only to 2024-07-11 16:00:00+00:00, run_after=2024-07-11 20:00:00+00:00
[2024-07-12T01:50:51.515+0530] {processor.py:183} INFO - Processing /home/kali/Desktop/projects/git/bank_data_processing/myenv/lib/python3.11/site-packages/airflow/example_dags/example_latest_only.py took 0.090 seconds
[2024-07-12T01:51:21.603+0530] {processor.py:161} INFO - Started process (PID=39467) to work on /home/kali/Desktop/projects/git/bank_data_processing/myenv/lib/python3.11/site-packages/airflow/example_dags/example_latest_only.py
[2024-07-12T01:51:21.604+0530] {processor.py:830} INFO - Processing file /home/kali/Desktop/projects/git/bank_data_processing/myenv/lib/python3.11/site-packages/airflow/example_dags/example_latest_only.py for tasks to queue
[2024-07-12T01:51:21.605+0530] {logging_mixin.py:188} INFO - [2024-07-12T01:51:21.605+0530] {dagbag.py:545} INFO - Filling up the DagBag from /home/kali/Desktop/projects/git/bank_data_processing/myenv/lib/python3.11/site-packages/airflow/example_dags/example_latest_only.py
[2024-07-12T01:51:21.614+0530] {processor.py:840} INFO - DAG(s) 'latest_only' retrieved from /home/kali/Desktop/projects/git/bank_data_processing/myenv/lib/python3.11/site-packages/airflow/example_dags/example_latest_only.py
[2024-07-12T01:51:21.635+0530] {logging_mixin.py:188} INFO - [2024-07-12T01:51:21.634+0530] {dag.py:3096} INFO - Sync 1 DAGs
[2024-07-12T01:51:21.666+0530] {logging_mixin.py:188} INFO - [2024-07-12T01:51:21.665+0530] {dag.py:3954} INFO - Setting next_dagrun for latest_only to 2024-07-11 16:00:00+00:00, run_after=2024-07-11 20:00:00+00:00
[2024-07-12T01:51:21.695+0530] {processor.py:183} INFO - Processing /home/kali/Desktop/projects/git/bank_data_processing/myenv/lib/python3.11/site-packages/airflow/example_dags/example_latest_only.py took 0.098 seconds
[2024-07-12T01:51:52.350+0530] {processor.py:161} INFO - Started process (PID=40052) to work on /home/kali/Desktop/projects/git/bank_data_processing/myenv/lib/python3.11/site-packages/airflow/example_dags/example_latest_only.py
[2024-07-12T01:51:52.352+0530] {processor.py:830} INFO - Processing file /home/kali/Desktop/projects/git/bank_data_processing/myenv/lib/python3.11/site-packages/airflow/example_dags/example_latest_only.py for tasks to queue
[2024-07-12T01:51:52.356+0530] {logging_mixin.py:188} INFO - [2024-07-12T01:51:52.355+0530] {dagbag.py:545} INFO - Filling up the DagBag from /home/kali/Desktop/projects/git/bank_data_processing/myenv/lib/python3.11/site-packages/airflow/example_dags/example_latest_only.py
[2024-07-12T01:51:52.368+0530] {processor.py:840} INFO - DAG(s) 'latest_only' retrieved from /home/kali/Desktop/projects/git/bank_data_processing/myenv/lib/python3.11/site-packages/airflow/example_dags/example_latest_only.py
[2024-07-12T01:51:52.410+0530] {logging_mixin.py:188} INFO - [2024-07-12T01:51:52.409+0530] {dag.py:3096} INFO - Sync 1 DAGs
[2024-07-12T01:51:52.462+0530] {logging_mixin.py:188} INFO - [2024-07-12T01:51:52.461+0530] {dag.py:3954} INFO - Setting next_dagrun for latest_only to 2024-07-11 16:00:00+00:00, run_after=2024-07-11 20:00:00+00:00
[2024-07-12T01:51:52.508+0530] {processor.py:183} INFO - Processing /home/kali/Desktop/projects/git/bank_data_processing/myenv/lib/python3.11/site-packages/airflow/example_dags/example_latest_only.py took 0.178 seconds
[2024-07-12T01:52:23.148+0530] {processor.py:161} INFO - Started process (PID=40741) to work on /home/kali/Desktop/projects/git/bank_data_processing/myenv/lib/python3.11/site-packages/airflow/example_dags/example_latest_only.py
[2024-07-12T01:52:23.149+0530] {processor.py:830} INFO - Processing file /home/kali/Desktop/projects/git/bank_data_processing/myenv/lib/python3.11/site-packages/airflow/example_dags/example_latest_only.py for tasks to queue
[2024-07-12T01:52:23.150+0530] {logging_mixin.py:188} INFO - [2024-07-12T01:52:23.150+0530] {dagbag.py:545} INFO - Filling up the DagBag from /home/kali/Desktop/projects/git/bank_data_processing/myenv/lib/python3.11/site-packages/airflow/example_dags/example_latest_only.py
[2024-07-12T01:52:23.155+0530] {processor.py:840} INFO - DAG(s) 'latest_only' retrieved from /home/kali/Desktop/projects/git/bank_data_processing/myenv/lib/python3.11/site-packages/airflow/example_dags/example_latest_only.py
[2024-07-12T01:52:23.172+0530] {logging_mixin.py:188} INFO - [2024-07-12T01:52:23.171+0530] {dag.py:3096} INFO - Sync 1 DAGs
[2024-07-12T01:52:23.191+0530] {logging_mixin.py:188} INFO - [2024-07-12T01:52:23.191+0530] {dag.py:3954} INFO - Setting next_dagrun for latest_only to 2024-07-11 16:00:00+00:00, run_after=2024-07-11 20:00:00+00:00
[2024-07-12T01:52:23.212+0530] {processor.py:183} INFO - Processing /home/kali/Desktop/projects/git/bank_data_processing/myenv/lib/python3.11/site-packages/airflow/example_dags/example_latest_only.py took 0.072 seconds
[2024-07-12T01:52:53.432+0530] {processor.py:161} INFO - Started process (PID=41354) to work on /home/kali/Desktop/projects/git/bank_data_processing/myenv/lib/python3.11/site-packages/airflow/example_dags/example_latest_only.py
[2024-07-12T01:52:53.433+0530] {processor.py:830} INFO - Processing file /home/kali/Desktop/projects/git/bank_data_processing/myenv/lib/python3.11/site-packages/airflow/example_dags/example_latest_only.py for tasks to queue
[2024-07-12T01:52:53.435+0530] {logging_mixin.py:188} INFO - [2024-07-12T01:52:53.434+0530] {dagbag.py:545} INFO - Filling up the DagBag from /home/kali/Desktop/projects/git/bank_data_processing/myenv/lib/python3.11/site-packages/airflow/example_dags/example_latest_only.py
[2024-07-12T01:52:53.439+0530] {processor.py:840} INFO - DAG(s) 'latest_only' retrieved from /home/kali/Desktop/projects/git/bank_data_processing/myenv/lib/python3.11/site-packages/airflow/example_dags/example_latest_only.py
[2024-07-12T01:52:53.455+0530] {logging_mixin.py:188} INFO - [2024-07-12T01:52:53.454+0530] {dag.py:3096} INFO - Sync 1 DAGs
[2024-07-12T01:52:53.473+0530] {logging_mixin.py:188} INFO - [2024-07-12T01:52:53.473+0530] {dag.py:3954} INFO - Setting next_dagrun for latest_only to 2024-07-11 16:00:00+00:00, run_after=2024-07-11 20:00:00+00:00
[2024-07-12T01:52:53.491+0530] {processor.py:183} INFO - Processing /home/kali/Desktop/projects/git/bank_data_processing/myenv/lib/python3.11/site-packages/airflow/example_dags/example_latest_only.py took 0.067 seconds
[2024-07-12T01:53:23.721+0530] {processor.py:161} INFO - Started process (PID=41990) to work on /home/kali/Desktop/projects/git/bank_data_processing/myenv/lib/python3.11/site-packages/airflow/example_dags/example_latest_only.py
[2024-07-12T01:53:23.723+0530] {processor.py:830} INFO - Processing file /home/kali/Desktop/projects/git/bank_data_processing/myenv/lib/python3.11/site-packages/airflow/example_dags/example_latest_only.py for tasks to queue
[2024-07-12T01:53:23.725+0530] {logging_mixin.py:188} INFO - [2024-07-12T01:53:23.725+0530] {dagbag.py:545} INFO - Filling up the DagBag from /home/kali/Desktop/projects/git/bank_data_processing/myenv/lib/python3.11/site-packages/airflow/example_dags/example_latest_only.py
[2024-07-12T01:53:23.730+0530] {processor.py:840} INFO - DAG(s) 'latest_only' retrieved from /home/kali/Desktop/projects/git/bank_data_processing/myenv/lib/python3.11/site-packages/airflow/example_dags/example_latest_only.py
[2024-07-12T01:53:23.754+0530] {logging_mixin.py:188} INFO - [2024-07-12T01:53:23.754+0530] {dag.py:3096} INFO - Sync 1 DAGs
[2024-07-12T01:53:23.776+0530] {logging_mixin.py:188} INFO - [2024-07-12T01:53:23.776+0530] {dag.py:3954} INFO - Setting next_dagrun for latest_only to 2024-07-11 16:00:00+00:00, run_after=2024-07-11 20:00:00+00:00
[2024-07-12T01:53:23.797+0530] {processor.py:183} INFO - Processing /home/kali/Desktop/projects/git/bank_data_processing/myenv/lib/python3.11/site-packages/airflow/example_dags/example_latest_only.py took 0.087 seconds
[2024-07-12T01:53:54.130+0530] {processor.py:161} INFO - Started process (PID=42716) to work on /home/kali/Desktop/projects/git/bank_data_processing/myenv/lib/python3.11/site-packages/airflow/example_dags/example_latest_only.py
[2024-07-12T01:53:54.130+0530] {processor.py:830} INFO - Processing file /home/kali/Desktop/projects/git/bank_data_processing/myenv/lib/python3.11/site-packages/airflow/example_dags/example_latest_only.py for tasks to queue
[2024-07-12T01:53:54.132+0530] {logging_mixin.py:188} INFO - [2024-07-12T01:53:54.132+0530] {dagbag.py:545} INFO - Filling up the DagBag from /home/kali/Desktop/projects/git/bank_data_processing/myenv/lib/python3.11/site-packages/airflow/example_dags/example_latest_only.py
[2024-07-12T01:53:54.137+0530] {processor.py:840} INFO - DAG(s) 'latest_only' retrieved from /home/kali/Desktop/projects/git/bank_data_processing/myenv/lib/python3.11/site-packages/airflow/example_dags/example_latest_only.py
[2024-07-12T01:53:54.155+0530] {logging_mixin.py:188} INFO - [2024-07-12T01:53:54.155+0530] {dag.py:3096} INFO - Sync 1 DAGs
[2024-07-12T01:53:54.178+0530] {logging_mixin.py:188} INFO - [2024-07-12T01:53:54.178+0530] {dag.py:3954} INFO - Setting next_dagrun for latest_only to 2024-07-11 16:00:00+00:00, run_after=2024-07-11 20:00:00+00:00
[2024-07-12T01:53:54.202+0530] {processor.py:183} INFO - Processing /home/kali/Desktop/projects/git/bank_data_processing/myenv/lib/python3.11/site-packages/airflow/example_dags/example_latest_only.py took 0.081 seconds
[2024-07-12T01:54:24.691+0530] {processor.py:161} INFO - Started process (PID=43344) to work on /home/kali/Desktop/projects/git/bank_data_processing/myenv/lib/python3.11/site-packages/airflow/example_dags/example_latest_only.py
[2024-07-12T01:54:24.692+0530] {processor.py:830} INFO - Processing file /home/kali/Desktop/projects/git/bank_data_processing/myenv/lib/python3.11/site-packages/airflow/example_dags/example_latest_only.py for tasks to queue
[2024-07-12T01:54:24.694+0530] {logging_mixin.py:188} INFO - [2024-07-12T01:54:24.694+0530] {dagbag.py:545} INFO - Filling up the DagBag from /home/kali/Desktop/projects/git/bank_data_processing/myenv/lib/python3.11/site-packages/airflow/example_dags/example_latest_only.py
[2024-07-12T01:54:24.699+0530] {processor.py:840} INFO - DAG(s) 'latest_only' retrieved from /home/kali/Desktop/projects/git/bank_data_processing/myenv/lib/python3.11/site-packages/airflow/example_dags/example_latest_only.py
[2024-07-12T01:54:24.720+0530] {logging_mixin.py:188} INFO - [2024-07-12T01:54:24.719+0530] {dag.py:3096} INFO - Sync 1 DAGs
[2024-07-12T01:54:24.745+0530] {logging_mixin.py:188} INFO - [2024-07-12T01:54:24.745+0530] {dag.py:3954} INFO - Setting next_dagrun for latest_only to 2024-07-11 16:00:00+00:00, run_after=2024-07-11 20:00:00+00:00
[2024-07-12T01:54:24.765+0530] {processor.py:183} INFO - Processing /home/kali/Desktop/projects/git/bank_data_processing/myenv/lib/python3.11/site-packages/airflow/example_dags/example_latest_only.py took 0.083 seconds
[2024-07-12T01:54:55.675+0530] {processor.py:161} INFO - Started process (PID=43924) to work on /home/kali/Desktop/projects/git/bank_data_processing/myenv/lib/python3.11/site-packages/airflow/example_dags/example_latest_only.py
[2024-07-12T01:54:55.676+0530] {processor.py:830} INFO - Processing file /home/kali/Desktop/projects/git/bank_data_processing/myenv/lib/python3.11/site-packages/airflow/example_dags/example_latest_only.py for tasks to queue
[2024-07-12T01:54:55.678+0530] {logging_mixin.py:188} INFO - [2024-07-12T01:54:55.678+0530] {dagbag.py:545} INFO - Filling up the DagBag from /home/kali/Desktop/projects/git/bank_data_processing/myenv/lib/python3.11/site-packages/airflow/example_dags/example_latest_only.py
[2024-07-12T01:54:55.683+0530] {processor.py:840} INFO - DAG(s) 'latest_only' retrieved from /home/kali/Desktop/projects/git/bank_data_processing/myenv/lib/python3.11/site-packages/airflow/example_dags/example_latest_only.py
[2024-07-12T01:54:55.702+0530] {logging_mixin.py:188} INFO - [2024-07-12T01:54:55.702+0530] {dag.py:3096} INFO - Sync 1 DAGs
[2024-07-12T01:54:55.724+0530] {logging_mixin.py:188} INFO - [2024-07-12T01:54:55.724+0530] {dag.py:3954} INFO - Setting next_dagrun for latest_only to 2024-07-11 16:00:00+00:00, run_after=2024-07-11 20:00:00+00:00
[2024-07-12T01:54:55.748+0530] {processor.py:183} INFO - Processing /home/kali/Desktop/projects/git/bank_data_processing/myenv/lib/python3.11/site-packages/airflow/example_dags/example_latest_only.py took 0.083 seconds
[2024-07-12T01:55:26.052+0530] {processor.py:161} INFO - Started process (PID=44455) to work on /home/kali/Desktop/projects/git/bank_data_processing/myenv/lib/python3.11/site-packages/airflow/example_dags/example_latest_only.py
[2024-07-12T01:55:26.053+0530] {processor.py:830} INFO - Processing file /home/kali/Desktop/projects/git/bank_data_processing/myenv/lib/python3.11/site-packages/airflow/example_dags/example_latest_only.py for tasks to queue
[2024-07-12T01:55:26.056+0530] {logging_mixin.py:188} INFO - [2024-07-12T01:55:26.055+0530] {dagbag.py:545} INFO - Filling up the DagBag from /home/kali/Desktop/projects/git/bank_data_processing/myenv/lib/python3.11/site-packages/airflow/example_dags/example_latest_only.py
[2024-07-12T01:55:26.062+0530] {processor.py:840} INFO - DAG(s) 'latest_only' retrieved from /home/kali/Desktop/projects/git/bank_data_processing/myenv/lib/python3.11/site-packages/airflow/example_dags/example_latest_only.py
[2024-07-12T01:55:26.080+0530] {logging_mixin.py:188} INFO - [2024-07-12T01:55:26.080+0530] {dag.py:3096} INFO - Sync 1 DAGs
[2024-07-12T01:55:26.106+0530] {logging_mixin.py:188} INFO - [2024-07-12T01:55:26.106+0530] {dag.py:3954} INFO - Setting next_dagrun for latest_only to 2024-07-11 16:00:00+00:00, run_after=2024-07-11 20:00:00+00:00
[2024-07-12T01:55:26.129+0530] {processor.py:183} INFO - Processing /home/kali/Desktop/projects/git/bank_data_processing/myenv/lib/python3.11/site-packages/airflow/example_dags/example_latest_only.py took 0.086 seconds
[2024-07-12T01:55:56.969+0530] {processor.py:161} INFO - Started process (PID=44936) to work on /home/kali/Desktop/projects/git/bank_data_processing/myenv/lib/python3.11/site-packages/airflow/example_dags/example_latest_only.py
[2024-07-12T01:55:56.969+0530] {processor.py:830} INFO - Processing file /home/kali/Desktop/projects/git/bank_data_processing/myenv/lib/python3.11/site-packages/airflow/example_dags/example_latest_only.py for tasks to queue
[2024-07-12T01:55:56.972+0530] {logging_mixin.py:188} INFO - [2024-07-12T01:55:56.972+0530] {dagbag.py:545} INFO - Filling up the DagBag from /home/kali/Desktop/projects/git/bank_data_processing/myenv/lib/python3.11/site-packages/airflow/example_dags/example_latest_only.py
[2024-07-12T01:55:56.978+0530] {processor.py:840} INFO - DAG(s) 'latest_only' retrieved from /home/kali/Desktop/projects/git/bank_data_processing/myenv/lib/python3.11/site-packages/airflow/example_dags/example_latest_only.py
[2024-07-12T01:55:56.995+0530] {logging_mixin.py:188} INFO - [2024-07-12T01:55:56.995+0530] {dag.py:3096} INFO - Sync 1 DAGs
[2024-07-12T01:55:57.015+0530] {logging_mixin.py:188} INFO - [2024-07-12T01:55:57.015+0530] {dag.py:3954} INFO - Setting next_dagrun for latest_only to 2024-07-11 16:00:00+00:00, run_after=2024-07-11 20:00:00+00:00
[2024-07-12T01:55:57.036+0530] {processor.py:183} INFO - Processing /home/kali/Desktop/projects/git/bank_data_processing/myenv/lib/python3.11/site-packages/airflow/example_dags/example_latest_only.py took 0.075 seconds
[2024-07-12T01:56:27.561+0530] {processor.py:161} INFO - Started process (PID=45405) to work on /home/kali/Desktop/projects/git/bank_data_processing/myenv/lib/python3.11/site-packages/airflow/example_dags/example_latest_only.py
[2024-07-12T01:56:27.562+0530] {processor.py:830} INFO - Processing file /home/kali/Desktop/projects/git/bank_data_processing/myenv/lib/python3.11/site-packages/airflow/example_dags/example_latest_only.py for tasks to queue
[2024-07-12T01:56:27.563+0530] {logging_mixin.py:188} INFO - [2024-07-12T01:56:27.563+0530] {dagbag.py:545} INFO - Filling up the DagBag from /home/kali/Desktop/projects/git/bank_data_processing/myenv/lib/python3.11/site-packages/airflow/example_dags/example_latest_only.py
[2024-07-12T01:56:27.567+0530] {processor.py:840} INFO - DAG(s) 'latest_only' retrieved from /home/kali/Desktop/projects/git/bank_data_processing/myenv/lib/python3.11/site-packages/airflow/example_dags/example_latest_only.py
[2024-07-12T01:56:27.588+0530] {logging_mixin.py:188} INFO - [2024-07-12T01:56:27.588+0530] {dag.py:3096} INFO - Sync 1 DAGs
[2024-07-12T01:56:27.619+0530] {logging_mixin.py:188} INFO - [2024-07-12T01:56:27.619+0530] {dag.py:3954} INFO - Setting next_dagrun for latest_only to 2024-07-11 16:00:00+00:00, run_after=2024-07-11 20:00:00+00:00
[2024-07-12T01:56:27.647+0530] {processor.py:183} INFO - Processing /home/kali/Desktop/projects/git/bank_data_processing/myenv/lib/python3.11/site-packages/airflow/example_dags/example_latest_only.py took 0.094 seconds
[2024-07-12T01:56:58.642+0530] {processor.py:161} INFO - Started process (PID=45982) to work on /home/kali/Desktop/projects/git/bank_data_processing/myenv/lib/python3.11/site-packages/airflow/example_dags/example_latest_only.py
[2024-07-12T01:56:58.644+0530] {processor.py:830} INFO - Processing file /home/kali/Desktop/projects/git/bank_data_processing/myenv/lib/python3.11/site-packages/airflow/example_dags/example_latest_only.py for tasks to queue
[2024-07-12T01:56:58.646+0530] {logging_mixin.py:188} INFO - [2024-07-12T01:56:58.646+0530] {dagbag.py:545} INFO - Filling up the DagBag from /home/kali/Desktop/projects/git/bank_data_processing/myenv/lib/python3.11/site-packages/airflow/example_dags/example_latest_only.py
[2024-07-12T01:56:58.659+0530] {processor.py:840} INFO - DAG(s) 'latest_only' retrieved from /home/kali/Desktop/projects/git/bank_data_processing/myenv/lib/python3.11/site-packages/airflow/example_dags/example_latest_only.py
[2024-07-12T01:56:58.686+0530] {logging_mixin.py:188} INFO - [2024-07-12T01:56:58.685+0530] {dag.py:3096} INFO - Sync 1 DAGs
[2024-07-12T01:56:58.710+0530] {logging_mixin.py:188} INFO - [2024-07-12T01:56:58.710+0530] {dag.py:3954} INFO - Setting next_dagrun for latest_only to 2024-07-11 16:00:00+00:00, run_after=2024-07-11 20:00:00+00:00
[2024-07-12T01:56:58.729+0530] {processor.py:183} INFO - Processing /home/kali/Desktop/projects/git/bank_data_processing/myenv/lib/python3.11/site-packages/airflow/example_dags/example_latest_only.py took 0.108 seconds
[2024-07-12T01:57:29.172+0530] {processor.py:161} INFO - Started process (PID=46517) to work on /home/kali/Desktop/projects/git/bank_data_processing/myenv/lib/python3.11/site-packages/airflow/example_dags/example_latest_only.py
[2024-07-12T01:57:29.175+0530] {processor.py:830} INFO - Processing file /home/kali/Desktop/projects/git/bank_data_processing/myenv/lib/python3.11/site-packages/airflow/example_dags/example_latest_only.py for tasks to queue
[2024-07-12T01:57:29.179+0530] {logging_mixin.py:188} INFO - [2024-07-12T01:57:29.178+0530] {dagbag.py:545} INFO - Filling up the DagBag from /home/kali/Desktop/projects/git/bank_data_processing/myenv/lib/python3.11/site-packages/airflow/example_dags/example_latest_only.py
[2024-07-12T01:57:29.187+0530] {processor.py:840} INFO - DAG(s) 'latest_only' retrieved from /home/kali/Desktop/projects/git/bank_data_processing/myenv/lib/python3.11/site-packages/airflow/example_dags/example_latest_only.py
[2024-07-12T01:57:29.211+0530] {logging_mixin.py:188} INFO - [2024-07-12T01:57:29.211+0530] {dag.py:3096} INFO - Sync 1 DAGs
[2024-07-12T01:57:29.241+0530] {logging_mixin.py:188} INFO - [2024-07-12T01:57:29.240+0530] {dag.py:3954} INFO - Setting next_dagrun for latest_only to 2024-07-11 16:00:00+00:00, run_after=2024-07-11 20:00:00+00:00
[2024-07-12T01:57:29.266+0530] {processor.py:183} INFO - Processing /home/kali/Desktop/projects/git/bank_data_processing/myenv/lib/python3.11/site-packages/airflow/example_dags/example_latest_only.py took 0.117 seconds
[2024-07-12T01:58:00.154+0530] {processor.py:161} INFO - Started process (PID=47005) to work on /home/kali/Desktop/projects/git/bank_data_processing/myenv/lib/python3.11/site-packages/airflow/example_dags/example_latest_only.py
[2024-07-12T01:58:00.156+0530] {processor.py:830} INFO - Processing file /home/kali/Desktop/projects/git/bank_data_processing/myenv/lib/python3.11/site-packages/airflow/example_dags/example_latest_only.py for tasks to queue
[2024-07-12T01:58:00.158+0530] {logging_mixin.py:188} INFO - [2024-07-12T01:58:00.157+0530] {dagbag.py:545} INFO - Filling up the DagBag from /home/kali/Desktop/projects/git/bank_data_processing/myenv/lib/python3.11/site-packages/airflow/example_dags/example_latest_only.py
[2024-07-12T01:58:00.170+0530] {processor.py:840} INFO - DAG(s) 'latest_only' retrieved from /home/kali/Desktop/projects/git/bank_data_processing/myenv/lib/python3.11/site-packages/airflow/example_dags/example_latest_only.py
[2024-07-12T01:58:00.187+0530] {logging_mixin.py:188} INFO - [2024-07-12T01:58:00.186+0530] {dag.py:3096} INFO - Sync 1 DAGs
[2024-07-12T01:58:00.206+0530] {logging_mixin.py:188} INFO - [2024-07-12T01:58:00.206+0530] {dag.py:3954} INFO - Setting next_dagrun for latest_only to 2024-07-11 16:00:00+00:00, run_after=2024-07-11 20:00:00+00:00
[2024-07-12T01:58:00.226+0530] {processor.py:183} INFO - Processing /home/kali/Desktop/projects/git/bank_data_processing/myenv/lib/python3.11/site-packages/airflow/example_dags/example_latest_only.py took 0.093 seconds
[2024-07-12T01:58:30.874+0530] {processor.py:161} INFO - Started process (PID=47483) to work on /home/kali/Desktop/projects/git/bank_data_processing/myenv/lib/python3.11/site-packages/airflow/example_dags/example_latest_only.py
[2024-07-12T01:58:30.875+0530] {processor.py:830} INFO - Processing file /home/kali/Desktop/projects/git/bank_data_processing/myenv/lib/python3.11/site-packages/airflow/example_dags/example_latest_only.py for tasks to queue
[2024-07-12T01:58:30.878+0530] {logging_mixin.py:188} INFO - [2024-07-12T01:58:30.877+0530] {dagbag.py:545} INFO - Filling up the DagBag from /home/kali/Desktop/projects/git/bank_data_processing/myenv/lib/python3.11/site-packages/airflow/example_dags/example_latest_only.py
[2024-07-12T01:58:30.884+0530] {processor.py:840} INFO - DAG(s) 'latest_only' retrieved from /home/kali/Desktop/projects/git/bank_data_processing/myenv/lib/python3.11/site-packages/airflow/example_dags/example_latest_only.py
[2024-07-12T01:58:30.910+0530] {logging_mixin.py:188} INFO - [2024-07-12T01:58:30.909+0530] {dag.py:3096} INFO - Sync 1 DAGs
[2024-07-12T01:58:30.937+0530] {logging_mixin.py:188} INFO - [2024-07-12T01:58:30.937+0530] {dag.py:3954} INFO - Setting next_dagrun for latest_only to 2024-07-11 16:00:00+00:00, run_after=2024-07-11 20:00:00+00:00
[2024-07-12T01:58:30.969+0530] {processor.py:183} INFO - Processing /home/kali/Desktop/projects/git/bank_data_processing/myenv/lib/python3.11/site-packages/airflow/example_dags/example_latest_only.py took 0.104 seconds
[2024-07-12T01:59:01.035+0530] {processor.py:161} INFO - Started process (PID=47958) to work on /home/kali/Desktop/projects/git/bank_data_processing/myenv/lib/python3.11/site-packages/airflow/example_dags/example_latest_only.py
[2024-07-12T01:59:01.035+0530] {processor.py:830} INFO - Processing file /home/kali/Desktop/projects/git/bank_data_processing/myenv/lib/python3.11/site-packages/airflow/example_dags/example_latest_only.py for tasks to queue
[2024-07-12T01:59:01.037+0530] {logging_mixin.py:188} INFO - [2024-07-12T01:59:01.037+0530] {dagbag.py:545} INFO - Filling up the DagBag from /home/kali/Desktop/projects/git/bank_data_processing/myenv/lib/python3.11/site-packages/airflow/example_dags/example_latest_only.py
[2024-07-12T01:59:01.041+0530] {processor.py:840} INFO - DAG(s) 'latest_only' retrieved from /home/kali/Desktop/projects/git/bank_data_processing/myenv/lib/python3.11/site-packages/airflow/example_dags/example_latest_only.py
[2024-07-12T01:59:01.062+0530] {logging_mixin.py:188} INFO - [2024-07-12T01:59:01.062+0530] {dag.py:3096} INFO - Sync 1 DAGs
[2024-07-12T01:59:01.087+0530] {logging_mixin.py:188} INFO - [2024-07-12T01:59:01.087+0530] {dag.py:3954} INFO - Setting next_dagrun for latest_only to 2024-07-11 16:00:00+00:00, run_after=2024-07-11 20:00:00+00:00
[2024-07-12T01:59:01.109+0530] {processor.py:183} INFO - Processing /home/kali/Desktop/projects/git/bank_data_processing/myenv/lib/python3.11/site-packages/airflow/example_dags/example_latest_only.py took 0.083 seconds
[2024-07-12T01:59:31.672+0530] {processor.py:161} INFO - Started process (PID=48577) to work on /home/kali/Desktop/projects/git/bank_data_processing/myenv/lib/python3.11/site-packages/airflow/example_dags/example_latest_only.py
[2024-07-12T01:59:31.674+0530] {processor.py:830} INFO - Processing file /home/kali/Desktop/projects/git/bank_data_processing/myenv/lib/python3.11/site-packages/airflow/example_dags/example_latest_only.py for tasks to queue
[2024-07-12T01:59:31.678+0530] {logging_mixin.py:188} INFO - [2024-07-12T01:59:31.678+0530] {dagbag.py:545} INFO - Filling up the DagBag from /home/kali/Desktop/projects/git/bank_data_processing/myenv/lib/python3.11/site-packages/airflow/example_dags/example_latest_only.py
[2024-07-12T01:59:31.685+0530] {processor.py:840} INFO - DAG(s) 'latest_only' retrieved from /home/kali/Desktop/projects/git/bank_data_processing/myenv/lib/python3.11/site-packages/airflow/example_dags/example_latest_only.py
[2024-07-12T01:59:31.713+0530] {logging_mixin.py:188} INFO - [2024-07-12T01:59:31.713+0530] {dag.py:3096} INFO - Sync 1 DAGs
[2024-07-12T01:59:31.741+0530] {logging_mixin.py:188} INFO - [2024-07-12T01:59:31.741+0530] {dag.py:3954} INFO - Setting next_dagrun for latest_only to 2024-07-11 16:00:00+00:00, run_after=2024-07-11 20:00:00+00:00
[2024-07-12T01:59:31.769+0530] {processor.py:183} INFO - Processing /home/kali/Desktop/projects/git/bank_data_processing/myenv/lib/python3.11/site-packages/airflow/example_dags/example_latest_only.py took 0.111 seconds
[2024-07-12T02:00:16.866+0530] {processor.py:161} INFO - Started process (PID=49698) to work on /home/kali/Desktop/projects/git/bank_data_processing/myenv/lib/python3.11/site-packages/airflow/example_dags/example_latest_only.py
[2024-07-12T02:00:16.867+0530] {processor.py:830} INFO - Processing file /home/kali/Desktop/projects/git/bank_data_processing/myenv/lib/python3.11/site-packages/airflow/example_dags/example_latest_only.py for tasks to queue
[2024-07-12T02:00:16.870+0530] {logging_mixin.py:188} INFO - [2024-07-12T02:00:16.869+0530] {dagbag.py:545} INFO - Filling up the DagBag from /home/kali/Desktop/projects/git/bank_data_processing/myenv/lib/python3.11/site-packages/airflow/example_dags/example_latest_only.py
[2024-07-12T02:00:16.882+0530] {processor.py:840} INFO - DAG(s) 'latest_only' retrieved from /home/kali/Desktop/projects/git/bank_data_processing/myenv/lib/python3.11/site-packages/airflow/example_dags/example_latest_only.py
[2024-07-12T02:00:16.918+0530] {logging_mixin.py:188} INFO - [2024-07-12T02:00:16.918+0530] {dag.py:3096} INFO - Sync 1 DAGs
[2024-07-12T02:00:16.958+0530] {logging_mixin.py:188} INFO - [2024-07-12T02:00:16.958+0530] {dag.py:3954} INFO - Setting next_dagrun for latest_only to 2024-07-11 16:00:00+00:00, run_after=2024-07-11 20:00:00+00:00
[2024-07-12T02:00:17.000+0530] {processor.py:183} INFO - Processing /home/kali/Desktop/projects/git/bank_data_processing/myenv/lib/python3.11/site-packages/airflow/example_dags/example_latest_only.py took 0.148 seconds
[2024-07-12T02:00:47.481+0530] {processor.py:161} INFO - Started process (PID=50351) to work on /home/kali/Desktop/projects/git/bank_data_processing/myenv/lib/python3.11/site-packages/airflow/example_dags/example_latest_only.py
[2024-07-12T02:00:47.482+0530] {processor.py:830} INFO - Processing file /home/kali/Desktop/projects/git/bank_data_processing/myenv/lib/python3.11/site-packages/airflow/example_dags/example_latest_only.py for tasks to queue
[2024-07-12T02:00:47.486+0530] {logging_mixin.py:188} INFO - [2024-07-12T02:00:47.485+0530] {dagbag.py:545} INFO - Filling up the DagBag from /home/kali/Desktop/projects/git/bank_data_processing/myenv/lib/python3.11/site-packages/airflow/example_dags/example_latest_only.py
[2024-07-12T02:00:47.493+0530] {processor.py:840} INFO - DAG(s) 'latest_only' retrieved from /home/kali/Desktop/projects/git/bank_data_processing/myenv/lib/python3.11/site-packages/airflow/example_dags/example_latest_only.py
[2024-07-12T02:00:47.515+0530] {logging_mixin.py:188} INFO - [2024-07-12T02:00:47.515+0530] {dag.py:3096} INFO - Sync 1 DAGs
[2024-07-12T02:00:47.544+0530] {logging_mixin.py:188} INFO - [2024-07-12T02:00:47.544+0530] {dag.py:3954} INFO - Setting next_dagrun for latest_only to 2024-07-11 16:00:00+00:00, run_after=2024-07-11 20:00:00+00:00
[2024-07-12T02:00:47.575+0530] {processor.py:183} INFO - Processing /home/kali/Desktop/projects/git/bank_data_processing/myenv/lib/python3.11/site-packages/airflow/example_dags/example_latest_only.py took 0.104 seconds
[2024-07-12T02:01:20.285+0530] {processor.py:161} INFO - Started process (PID=50917) to work on /home/kali/Desktop/projects/git/bank_data_processing/myenv/lib/python3.11/site-packages/airflow/example_dags/example_latest_only.py
[2024-07-12T02:01:20.286+0530] {processor.py:830} INFO - Processing file /home/kali/Desktop/projects/git/bank_data_processing/myenv/lib/python3.11/site-packages/airflow/example_dags/example_latest_only.py for tasks to queue
[2024-07-12T02:01:20.289+0530] {logging_mixin.py:188} INFO - [2024-07-12T02:01:20.289+0530] {dagbag.py:545} INFO - Filling up the DagBag from /home/kali/Desktop/projects/git/bank_data_processing/myenv/lib/python3.11/site-packages/airflow/example_dags/example_latest_only.py
[2024-07-12T02:01:20.304+0530] {processor.py:840} INFO - DAG(s) 'latest_only' retrieved from /home/kali/Desktop/projects/git/bank_data_processing/myenv/lib/python3.11/site-packages/airflow/example_dags/example_latest_only.py
[2024-07-12T02:01:20.339+0530] {logging_mixin.py:188} INFO - [2024-07-12T02:01:20.338+0530] {dag.py:3096} INFO - Sync 1 DAGs
[2024-07-12T02:01:20.383+0530] {logging_mixin.py:188} INFO - [2024-07-12T02:01:20.383+0530] {dag.py:3954} INFO - Setting next_dagrun for latest_only to 2024-07-11 16:00:00+00:00, run_after=2024-07-11 20:00:00+00:00
[2024-07-12T02:01:20.429+0530] {processor.py:183} INFO - Processing /home/kali/Desktop/projects/git/bank_data_processing/myenv/lib/python3.11/site-packages/airflow/example_dags/example_latest_only.py took 0.159 seconds
[2024-07-12T02:01:52.871+0530] {processor.py:161} INFO - Started process (PID=51601) to work on /home/kali/Desktop/projects/git/bank_data_processing/myenv/lib/python3.11/site-packages/airflow/example_dags/example_latest_only.py
[2024-07-12T02:01:52.872+0530] {processor.py:830} INFO - Processing file /home/kali/Desktop/projects/git/bank_data_processing/myenv/lib/python3.11/site-packages/airflow/example_dags/example_latest_only.py for tasks to queue
[2024-07-12T02:01:52.873+0530] {logging_mixin.py:188} INFO - [2024-07-12T02:01:52.873+0530] {dagbag.py:545} INFO - Filling up the DagBag from /home/kali/Desktop/projects/git/bank_data_processing/myenv/lib/python3.11/site-packages/airflow/example_dags/example_latest_only.py
[2024-07-12T02:01:52.879+0530] {processor.py:840} INFO - DAG(s) 'latest_only' retrieved from /home/kali/Desktop/projects/git/bank_data_processing/myenv/lib/python3.11/site-packages/airflow/example_dags/example_latest_only.py
[2024-07-12T02:01:52.898+0530] {logging_mixin.py:188} INFO - [2024-07-12T02:01:52.898+0530] {dag.py:3096} INFO - Sync 1 DAGs
[2024-07-12T02:01:52.920+0530] {logging_mixin.py:188} INFO - [2024-07-12T02:01:52.920+0530] {dag.py:3954} INFO - Setting next_dagrun for latest_only to 2024-07-11 16:00:00+00:00, run_after=2024-07-11 20:00:00+00:00
[2024-07-12T02:01:52.940+0530] {processor.py:183} INFO - Processing /home/kali/Desktop/projects/git/bank_data_processing/myenv/lib/python3.11/site-packages/airflow/example_dags/example_latest_only.py took 0.076 seconds
[2024-07-12T02:02:23.576+0530] {processor.py:161} INFO - Started process (PID=52173) to work on /home/kali/Desktop/projects/git/bank_data_processing/myenv/lib/python3.11/site-packages/airflow/example_dags/example_latest_only.py
[2024-07-12T02:02:23.577+0530] {processor.py:830} INFO - Processing file /home/kali/Desktop/projects/git/bank_data_processing/myenv/lib/python3.11/site-packages/airflow/example_dags/example_latest_only.py for tasks to queue
[2024-07-12T02:02:23.580+0530] {logging_mixin.py:188} INFO - [2024-07-12T02:02:23.579+0530] {dagbag.py:545} INFO - Filling up the DagBag from /home/kali/Desktop/projects/git/bank_data_processing/myenv/lib/python3.11/site-packages/airflow/example_dags/example_latest_only.py
[2024-07-12T02:02:23.588+0530] {processor.py:840} INFO - DAG(s) 'latest_only' retrieved from /home/kali/Desktop/projects/git/bank_data_processing/myenv/lib/python3.11/site-packages/airflow/example_dags/example_latest_only.py
[2024-07-12T02:02:23.609+0530] {logging_mixin.py:188} INFO - [2024-07-12T02:02:23.609+0530] {dag.py:3096} INFO - Sync 1 DAGs
[2024-07-12T02:02:23.653+0530] {logging_mixin.py:188} INFO - [2024-07-12T02:02:23.653+0530] {dag.py:3954} INFO - Setting next_dagrun for latest_only to 2024-07-11 16:00:00+00:00, run_after=2024-07-11 20:00:00+00:00
[2024-07-12T02:02:23.704+0530] {processor.py:183} INFO - Processing /home/kali/Desktop/projects/git/bank_data_processing/myenv/lib/python3.11/site-packages/airflow/example_dags/example_latest_only.py took 0.141 seconds
[2024-07-12T02:02:54.588+0530] {processor.py:161} INFO - Started process (PID=52686) to work on /home/kali/Desktop/projects/git/bank_data_processing/myenv/lib/python3.11/site-packages/airflow/example_dags/example_latest_only.py
[2024-07-12T02:02:54.591+0530] {processor.py:830} INFO - Processing file /home/kali/Desktop/projects/git/bank_data_processing/myenv/lib/python3.11/site-packages/airflow/example_dags/example_latest_only.py for tasks to queue
[2024-07-12T02:02:54.595+0530] {logging_mixin.py:188} INFO - [2024-07-12T02:02:54.595+0530] {dagbag.py:545} INFO - Filling up the DagBag from /home/kali/Desktop/projects/git/bank_data_processing/myenv/lib/python3.11/site-packages/airflow/example_dags/example_latest_only.py
[2024-07-12T02:02:54.604+0530] {processor.py:840} INFO - DAG(s) 'latest_only' retrieved from /home/kali/Desktop/projects/git/bank_data_processing/myenv/lib/python3.11/site-packages/airflow/example_dags/example_latest_only.py
[2024-07-12T02:02:54.639+0530] {logging_mixin.py:188} INFO - [2024-07-12T02:02:54.639+0530] {dag.py:3096} INFO - Sync 1 DAGs
[2024-07-12T02:02:54.687+0530] {logging_mixin.py:188} INFO - [2024-07-12T02:02:54.686+0530] {dag.py:3954} INFO - Setting next_dagrun for latest_only to 2024-07-11 16:00:00+00:00, run_after=2024-07-11 20:00:00+00:00
[2024-07-12T02:02:54.733+0530] {processor.py:183} INFO - Processing /home/kali/Desktop/projects/git/bank_data_processing/myenv/lib/python3.11/site-packages/airflow/example_dags/example_latest_only.py took 0.159 seconds
[2024-07-12T02:03:25.442+0530] {processor.py:161} INFO - Started process (PID=53250) to work on /home/kali/Desktop/projects/git/bank_data_processing/myenv/lib/python3.11/site-packages/airflow/example_dags/example_latest_only.py
[2024-07-12T02:03:25.443+0530] {processor.py:830} INFO - Processing file /home/kali/Desktop/projects/git/bank_data_processing/myenv/lib/python3.11/site-packages/airflow/example_dags/example_latest_only.py for tasks to queue
[2024-07-12T02:03:25.444+0530] {logging_mixin.py:188} INFO - [2024-07-12T02:03:25.444+0530] {dagbag.py:545} INFO - Filling up the DagBag from /home/kali/Desktop/projects/git/bank_data_processing/myenv/lib/python3.11/site-packages/airflow/example_dags/example_latest_only.py
[2024-07-12T02:03:25.449+0530] {processor.py:840} INFO - DAG(s) 'latest_only' retrieved from /home/kali/Desktop/projects/git/bank_data_processing/myenv/lib/python3.11/site-packages/airflow/example_dags/example_latest_only.py
[2024-07-12T02:03:25.465+0530] {logging_mixin.py:188} INFO - [2024-07-12T02:03:25.465+0530] {dag.py:3096} INFO - Sync 1 DAGs
[2024-07-12T02:03:25.485+0530] {logging_mixin.py:188} INFO - [2024-07-12T02:03:25.485+0530] {dag.py:3954} INFO - Setting next_dagrun for latest_only to 2024-07-11 16:00:00+00:00, run_after=2024-07-11 20:00:00+00:00
[2024-07-12T02:03:25.505+0530] {processor.py:183} INFO - Processing /home/kali/Desktop/projects/git/bank_data_processing/myenv/lib/python3.11/site-packages/airflow/example_dags/example_latest_only.py took 0.069 seconds
[2024-07-12T02:03:55.711+0530] {processor.py:161} INFO - Started process (PID=53729) to work on /home/kali/Desktop/projects/git/bank_data_processing/myenv/lib/python3.11/site-packages/airflow/example_dags/example_latest_only.py
[2024-07-12T02:03:55.712+0530] {processor.py:830} INFO - Processing file /home/kali/Desktop/projects/git/bank_data_processing/myenv/lib/python3.11/site-packages/airflow/example_dags/example_latest_only.py for tasks to queue
[2024-07-12T02:03:55.716+0530] {logging_mixin.py:188} INFO - [2024-07-12T02:03:55.716+0530] {dagbag.py:545} INFO - Filling up the DagBag from /home/kali/Desktop/projects/git/bank_data_processing/myenv/lib/python3.11/site-packages/airflow/example_dags/example_latest_only.py
[2024-07-12T02:03:55.722+0530] {processor.py:840} INFO - DAG(s) 'latest_only' retrieved from /home/kali/Desktop/projects/git/bank_data_processing/myenv/lib/python3.11/site-packages/airflow/example_dags/example_latest_only.py
[2024-07-12T02:03:55.746+0530] {logging_mixin.py:188} INFO - [2024-07-12T02:03:55.746+0530] {dag.py:3096} INFO - Sync 1 DAGs
[2024-07-12T02:03:55.784+0530] {logging_mixin.py:188} INFO - [2024-07-12T02:03:55.783+0530] {dag.py:3954} INFO - Setting next_dagrun for latest_only to 2024-07-11 16:00:00+00:00, run_after=2024-07-11 20:00:00+00:00
[2024-07-12T02:03:55.811+0530] {processor.py:183} INFO - Processing /home/kali/Desktop/projects/git/bank_data_processing/myenv/lib/python3.11/site-packages/airflow/example_dags/example_latest_only.py took 0.107 seconds
[2024-07-12T02:04:27.197+0530] {processor.py:161} INFO - Started process (PID=54211) to work on /home/kali/Desktop/projects/git/bank_data_processing/myenv/lib/python3.11/site-packages/airflow/example_dags/example_latest_only.py
[2024-07-12T02:04:27.199+0530] {processor.py:830} INFO - Processing file /home/kali/Desktop/projects/git/bank_data_processing/myenv/lib/python3.11/site-packages/airflow/example_dags/example_latest_only.py for tasks to queue
[2024-07-12T02:04:27.200+0530] {logging_mixin.py:188} INFO - [2024-07-12T02:04:27.200+0530] {dagbag.py:545} INFO - Filling up the DagBag from /home/kali/Desktop/projects/git/bank_data_processing/myenv/lib/python3.11/site-packages/airflow/example_dags/example_latest_only.py
[2024-07-12T02:04:27.206+0530] {processor.py:840} INFO - DAG(s) 'latest_only' retrieved from /home/kali/Desktop/projects/git/bank_data_processing/myenv/lib/python3.11/site-packages/airflow/example_dags/example_latest_only.py
[2024-07-12T02:04:27.231+0530] {logging_mixin.py:188} INFO - [2024-07-12T02:04:27.231+0530] {dag.py:3096} INFO - Sync 1 DAGs
[2024-07-12T02:04:27.261+0530] {logging_mixin.py:188} INFO - [2024-07-12T02:04:27.261+0530] {dag.py:3954} INFO - Setting next_dagrun for latest_only to 2024-07-11 16:00:00+00:00, run_after=2024-07-11 20:00:00+00:00
[2024-07-12T02:04:27.287+0530] {processor.py:183} INFO - Processing /home/kali/Desktop/projects/git/bank_data_processing/myenv/lib/python3.11/site-packages/airflow/example_dags/example_latest_only.py took 0.100 seconds
[2024-07-12T02:04:58.934+0530] {processor.py:161} INFO - Started process (PID=54801) to work on /home/kali/Desktop/projects/git/bank_data_processing/myenv/lib/python3.11/site-packages/airflow/example_dags/example_latest_only.py
[2024-07-12T02:04:58.935+0530] {processor.py:830} INFO - Processing file /home/kali/Desktop/projects/git/bank_data_processing/myenv/lib/python3.11/site-packages/airflow/example_dags/example_latest_only.py for tasks to queue
[2024-07-12T02:04:58.937+0530] {logging_mixin.py:188} INFO - [2024-07-12T02:04:58.936+0530] {dagbag.py:545} INFO - Filling up the DagBag from /home/kali/Desktop/projects/git/bank_data_processing/myenv/lib/python3.11/site-packages/airflow/example_dags/example_latest_only.py
[2024-07-12T02:04:58.943+0530] {processor.py:840} INFO - DAG(s) 'latest_only' retrieved from /home/kali/Desktop/projects/git/bank_data_processing/myenv/lib/python3.11/site-packages/airflow/example_dags/example_latest_only.py
[2024-07-12T02:04:58.966+0530] {logging_mixin.py:188} INFO - [2024-07-12T02:04:58.965+0530] {dag.py:3096} INFO - Sync 1 DAGs
[2024-07-12T02:04:58.987+0530] {logging_mixin.py:188} INFO - [2024-07-12T02:04:58.986+0530] {dag.py:3954} INFO - Setting next_dagrun for latest_only to 2024-07-11 16:00:00+00:00, run_after=2024-07-11 20:00:00+00:00
[2024-07-12T02:04:59.013+0530] {processor.py:183} INFO - Processing /home/kali/Desktop/projects/git/bank_data_processing/myenv/lib/python3.11/site-packages/airflow/example_dags/example_latest_only.py took 0.088 seconds
[2024-07-12T02:05:29.960+0530] {processor.py:161} INFO - Started process (PID=55312) to work on /home/kali/Desktop/projects/git/bank_data_processing/myenv/lib/python3.11/site-packages/airflow/example_dags/example_latest_only.py
[2024-07-12T02:05:29.961+0530] {processor.py:830} INFO - Processing file /home/kali/Desktop/projects/git/bank_data_processing/myenv/lib/python3.11/site-packages/airflow/example_dags/example_latest_only.py for tasks to queue
[2024-07-12T02:05:29.962+0530] {logging_mixin.py:188} INFO - [2024-07-12T02:05:29.962+0530] {dagbag.py:545} INFO - Filling up the DagBag from /home/kali/Desktop/projects/git/bank_data_processing/myenv/lib/python3.11/site-packages/airflow/example_dags/example_latest_only.py
[2024-07-12T02:05:29.968+0530] {processor.py:840} INFO - DAG(s) 'latest_only' retrieved from /home/kali/Desktop/projects/git/bank_data_processing/myenv/lib/python3.11/site-packages/airflow/example_dags/example_latest_only.py
[2024-07-12T02:05:29.986+0530] {logging_mixin.py:188} INFO - [2024-07-12T02:05:29.986+0530] {dag.py:3096} INFO - Sync 1 DAGs
[2024-07-12T02:05:30.007+0530] {logging_mixin.py:188} INFO - [2024-07-12T02:05:30.007+0530] {dag.py:3954} INFO - Setting next_dagrun for latest_only to 2024-07-11 16:00:00+00:00, run_after=2024-07-11 20:00:00+00:00
[2024-07-12T02:05:30.027+0530] {processor.py:183} INFO - Processing /home/kali/Desktop/projects/git/bank_data_processing/myenv/lib/python3.11/site-packages/airflow/example_dags/example_latest_only.py took 0.074 seconds
[2024-07-12T02:06:03.065+0530] {processor.py:161} INFO - Started process (PID=55885) to work on /home/kali/Desktop/projects/git/bank_data_processing/myenv/lib/python3.11/site-packages/airflow/example_dags/example_latest_only.py
[2024-07-12T02:06:03.066+0530] {processor.py:830} INFO - Processing file /home/kali/Desktop/projects/git/bank_data_processing/myenv/lib/python3.11/site-packages/airflow/example_dags/example_latest_only.py for tasks to queue
[2024-07-12T02:06:03.068+0530] {logging_mixin.py:188} INFO - [2024-07-12T02:06:03.068+0530] {dagbag.py:545} INFO - Filling up the DagBag from /home/kali/Desktop/projects/git/bank_data_processing/myenv/lib/python3.11/site-packages/airflow/example_dags/example_latest_only.py
[2024-07-12T02:06:03.075+0530] {processor.py:840} INFO - DAG(s) 'latest_only' retrieved from /home/kali/Desktop/projects/git/bank_data_processing/myenv/lib/python3.11/site-packages/airflow/example_dags/example_latest_only.py
[2024-07-12T02:06:03.101+0530] {logging_mixin.py:188} INFO - [2024-07-12T02:06:03.101+0530] {dag.py:3096} INFO - Sync 1 DAGs
[2024-07-12T02:06:03.128+0530] {logging_mixin.py:188} INFO - [2024-07-12T02:06:03.128+0530] {dag.py:3954} INFO - Setting next_dagrun for latest_only to 2024-07-11 16:00:00+00:00, run_after=2024-07-11 20:00:00+00:00
[2024-07-12T02:06:03.151+0530] {processor.py:183} INFO - Processing /home/kali/Desktop/projects/git/bank_data_processing/myenv/lib/python3.11/site-packages/airflow/example_dags/example_latest_only.py took 0.093 seconds
[2024-07-12T02:06:36.040+0530] {processor.py:161} INFO - Started process (PID=56542) to work on /home/kali/Desktop/projects/git/bank_data_processing/myenv/lib/python3.11/site-packages/airflow/example_dags/example_latest_only.py
[2024-07-12T02:06:36.041+0530] {processor.py:830} INFO - Processing file /home/kali/Desktop/projects/git/bank_data_processing/myenv/lib/python3.11/site-packages/airflow/example_dags/example_latest_only.py for tasks to queue
[2024-07-12T02:06:36.043+0530] {logging_mixin.py:188} INFO - [2024-07-12T02:06:36.042+0530] {dagbag.py:545} INFO - Filling up the DagBag from /home/kali/Desktop/projects/git/bank_data_processing/myenv/lib/python3.11/site-packages/airflow/example_dags/example_latest_only.py
[2024-07-12T02:06:36.049+0530] {processor.py:840} INFO - DAG(s) 'latest_only' retrieved from /home/kali/Desktop/projects/git/bank_data_processing/myenv/lib/python3.11/site-packages/airflow/example_dags/example_latest_only.py
[2024-07-12T02:06:36.069+0530] {logging_mixin.py:188} INFO - [2024-07-12T02:06:36.068+0530] {dag.py:3096} INFO - Sync 1 DAGs
[2024-07-12T02:06:36.091+0530] {logging_mixin.py:188} INFO - [2024-07-12T02:06:36.090+0530] {dag.py:3954} INFO - Setting next_dagrun for latest_only to 2024-07-11 16:00:00+00:00, run_after=2024-07-11 20:00:00+00:00
[2024-07-12T02:06:36.109+0530] {processor.py:183} INFO - Processing /home/kali/Desktop/projects/git/bank_data_processing/myenv/lib/python3.11/site-packages/airflow/example_dags/example_latest_only.py took 0.076 seconds
[2024-07-12T02:07:06.582+0530] {processor.py:161} INFO - Started process (PID=57230) to work on /home/kali/Desktop/projects/git/bank_data_processing/myenv/lib/python3.11/site-packages/airflow/example_dags/example_latest_only.py
[2024-07-12T02:07:06.583+0530] {processor.py:830} INFO - Processing file /home/kali/Desktop/projects/git/bank_data_processing/myenv/lib/python3.11/site-packages/airflow/example_dags/example_latest_only.py for tasks to queue
[2024-07-12T02:07:06.585+0530] {logging_mixin.py:188} INFO - [2024-07-12T02:07:06.585+0530] {dagbag.py:545} INFO - Filling up the DagBag from /home/kali/Desktop/projects/git/bank_data_processing/myenv/lib/python3.11/site-packages/airflow/example_dags/example_latest_only.py
[2024-07-12T02:07:06.593+0530] {processor.py:840} INFO - DAG(s) 'latest_only' retrieved from /home/kali/Desktop/projects/git/bank_data_processing/myenv/lib/python3.11/site-packages/airflow/example_dags/example_latest_only.py
[2024-07-12T02:07:06.617+0530] {logging_mixin.py:188} INFO - [2024-07-12T02:07:06.617+0530] {dag.py:3096} INFO - Sync 1 DAGs
[2024-07-12T02:07:06.649+0530] {logging_mixin.py:188} INFO - [2024-07-12T02:07:06.648+0530] {dag.py:3954} INFO - Setting next_dagrun for latest_only to 2024-07-11 16:00:00+00:00, run_after=2024-07-11 20:00:00+00:00
[2024-07-12T02:07:06.677+0530] {processor.py:183} INFO - Processing /home/kali/Desktop/projects/git/bank_data_processing/myenv/lib/python3.11/site-packages/airflow/example_dags/example_latest_only.py took 0.105 seconds
[2024-07-12T02:07:37.941+0530] {processor.py:161} INFO - Started process (PID=57911) to work on /home/kali/Desktop/projects/git/bank_data_processing/myenv/lib/python3.11/site-packages/airflow/example_dags/example_latest_only.py
[2024-07-12T02:07:37.942+0530] {processor.py:830} INFO - Processing file /home/kali/Desktop/projects/git/bank_data_processing/myenv/lib/python3.11/site-packages/airflow/example_dags/example_latest_only.py for tasks to queue
[2024-07-12T02:07:37.944+0530] {logging_mixin.py:188} INFO - [2024-07-12T02:07:37.944+0530] {dagbag.py:545} INFO - Filling up the DagBag from /home/kali/Desktop/projects/git/bank_data_processing/myenv/lib/python3.11/site-packages/airflow/example_dags/example_latest_only.py
[2024-07-12T02:07:37.952+0530] {processor.py:840} INFO - DAG(s) 'latest_only' retrieved from /home/kali/Desktop/projects/git/bank_data_processing/myenv/lib/python3.11/site-packages/airflow/example_dags/example_latest_only.py
[2024-07-12T02:07:37.983+0530] {logging_mixin.py:188} INFO - [2024-07-12T02:07:37.983+0530] {dag.py:3096} INFO - Sync 1 DAGs
[2024-07-12T02:07:38.023+0530] {logging_mixin.py:188} INFO - [2024-07-12T02:07:38.023+0530] {dag.py:3954} INFO - Setting next_dagrun for latest_only to 2024-07-11 16:00:00+00:00, run_after=2024-07-11 20:00:00+00:00
[2024-07-12T02:07:38.054+0530] {processor.py:183} INFO - Processing /home/kali/Desktop/projects/git/bank_data_processing/myenv/lib/python3.11/site-packages/airflow/example_dags/example_latest_only.py took 0.124 seconds
[2024-07-12T02:08:09.117+0530] {processor.py:161} INFO - Started process (PID=58440) to work on /home/kali/Desktop/projects/git/bank_data_processing/myenv/lib/python3.11/site-packages/airflow/example_dags/example_latest_only.py
[2024-07-12T02:08:09.118+0530] {processor.py:830} INFO - Processing file /home/kali/Desktop/projects/git/bank_data_processing/myenv/lib/python3.11/site-packages/airflow/example_dags/example_latest_only.py for tasks to queue
[2024-07-12T02:08:09.120+0530] {logging_mixin.py:188} INFO - [2024-07-12T02:08:09.120+0530] {dagbag.py:545} INFO - Filling up the DagBag from /home/kali/Desktop/projects/git/bank_data_processing/myenv/lib/python3.11/site-packages/airflow/example_dags/example_latest_only.py
[2024-07-12T02:08:09.129+0530] {processor.py:840} INFO - DAG(s) 'latest_only' retrieved from /home/kali/Desktop/projects/git/bank_data_processing/myenv/lib/python3.11/site-packages/airflow/example_dags/example_latest_only.py
[2024-07-12T02:08:09.156+0530] {logging_mixin.py:188} INFO - [2024-07-12T02:08:09.156+0530] {dag.py:3096} INFO - Sync 1 DAGs
[2024-07-12T02:08:09.193+0530] {logging_mixin.py:188} INFO - [2024-07-12T02:08:09.193+0530] {dag.py:3954} INFO - Setting next_dagrun for latest_only to 2024-07-11 16:00:00+00:00, run_after=2024-07-11 20:00:00+00:00
[2024-07-12T02:08:09.247+0530] {processor.py:183} INFO - Processing /home/kali/Desktop/projects/git/bank_data_processing/myenv/lib/python3.11/site-packages/airflow/example_dags/example_latest_only.py took 0.140 seconds
[2024-07-12T02:08:40.323+0530] {processor.py:161} INFO - Started process (PID=59009) to work on /home/kali/Desktop/projects/git/bank_data_processing/myenv/lib/python3.11/site-packages/airflow/example_dags/example_latest_only.py
[2024-07-12T02:08:40.324+0530] {processor.py:830} INFO - Processing file /home/kali/Desktop/projects/git/bank_data_processing/myenv/lib/python3.11/site-packages/airflow/example_dags/example_latest_only.py for tasks to queue
[2024-07-12T02:08:40.327+0530] {logging_mixin.py:188} INFO - [2024-07-12T02:08:40.326+0530] {dagbag.py:545} INFO - Filling up the DagBag from /home/kali/Desktop/projects/git/bank_data_processing/myenv/lib/python3.11/site-packages/airflow/example_dags/example_latest_only.py
[2024-07-12T02:08:40.332+0530] {processor.py:840} INFO - DAG(s) 'latest_only' retrieved from /home/kali/Desktop/projects/git/bank_data_processing/myenv/lib/python3.11/site-packages/airflow/example_dags/example_latest_only.py
[2024-07-12T02:08:40.360+0530] {logging_mixin.py:188} INFO - [2024-07-12T02:08:40.360+0530] {dag.py:3096} INFO - Sync 1 DAGs
[2024-07-12T02:08:40.399+0530] {logging_mixin.py:188} INFO - [2024-07-12T02:08:40.399+0530] {dag.py:3954} INFO - Setting next_dagrun for latest_only to 2024-07-11 16:00:00+00:00, run_after=2024-07-11 20:00:00+00:00
[2024-07-12T02:08:40.431+0530] {processor.py:183} INFO - Processing /home/kali/Desktop/projects/git/bank_data_processing/myenv/lib/python3.11/site-packages/airflow/example_dags/example_latest_only.py took 0.118 seconds
[2024-07-12T02:09:10.959+0530] {processor.py:161} INFO - Started process (PID=59623) to work on /home/kali/Desktop/projects/git/bank_data_processing/myenv/lib/python3.11/site-packages/airflow/example_dags/example_latest_only.py
[2024-07-12T02:09:10.960+0530] {processor.py:830} INFO - Processing file /home/kali/Desktop/projects/git/bank_data_processing/myenv/lib/python3.11/site-packages/airflow/example_dags/example_latest_only.py for tasks to queue
[2024-07-12T02:09:10.961+0530] {logging_mixin.py:188} INFO - [2024-07-12T02:09:10.961+0530] {dagbag.py:545} INFO - Filling up the DagBag from /home/kali/Desktop/projects/git/bank_data_processing/myenv/lib/python3.11/site-packages/airflow/example_dags/example_latest_only.py
[2024-07-12T02:09:10.966+0530] {processor.py:840} INFO - DAG(s) 'latest_only' retrieved from /home/kali/Desktop/projects/git/bank_data_processing/myenv/lib/python3.11/site-packages/airflow/example_dags/example_latest_only.py
[2024-07-12T02:09:10.989+0530] {logging_mixin.py:188} INFO - [2024-07-12T02:09:10.989+0530] {dag.py:3096} INFO - Sync 1 DAGs
[2024-07-12T02:09:11.024+0530] {logging_mixin.py:188} INFO - [2024-07-12T02:09:11.024+0530] {dag.py:3954} INFO - Setting next_dagrun for latest_only to 2024-07-11 16:00:00+00:00, run_after=2024-07-11 20:00:00+00:00
[2024-07-12T02:09:11.054+0530] {processor.py:183} INFO - Processing /home/kali/Desktop/projects/git/bank_data_processing/myenv/lib/python3.11/site-packages/airflow/example_dags/example_latest_only.py took 0.102 seconds
[2024-07-12T02:09:43.389+0530] {processor.py:161} INFO - Started process (PID=60360) to work on /home/kali/Desktop/projects/git/bank_data_processing/myenv/lib/python3.11/site-packages/airflow/example_dags/example_latest_only.py
[2024-07-12T02:09:43.390+0530] {processor.py:830} INFO - Processing file /home/kali/Desktop/projects/git/bank_data_processing/myenv/lib/python3.11/site-packages/airflow/example_dags/example_latest_only.py for tasks to queue
[2024-07-12T02:09:43.391+0530] {logging_mixin.py:188} INFO - [2024-07-12T02:09:43.390+0530] {dagbag.py:545} INFO - Filling up the DagBag from /home/kali/Desktop/projects/git/bank_data_processing/myenv/lib/python3.11/site-packages/airflow/example_dags/example_latest_only.py
[2024-07-12T02:09:43.396+0530] {processor.py:840} INFO - DAG(s) 'latest_only' retrieved from /home/kali/Desktop/projects/git/bank_data_processing/myenv/lib/python3.11/site-packages/airflow/example_dags/example_latest_only.py
[2024-07-12T02:09:43.415+0530] {logging_mixin.py:188} INFO - [2024-07-12T02:09:43.414+0530] {dag.py:3096} INFO - Sync 1 DAGs
[2024-07-12T02:09:43.436+0530] {logging_mixin.py:188} INFO - [2024-07-12T02:09:43.436+0530] {dag.py:3954} INFO - Setting next_dagrun for latest_only to 2024-07-11 16:00:00+00:00, run_after=2024-07-11 20:00:00+00:00
[2024-07-12T02:09:43.459+0530] {processor.py:183} INFO - Processing /home/kali/Desktop/projects/git/bank_data_processing/myenv/lib/python3.11/site-packages/airflow/example_dags/example_latest_only.py took 0.077 seconds
