[2024-07-12T01:47:46.352+0530] {processor.py:161} INFO - Started process (PID=36567) to work on /home/kali/Desktop/projects/git/bank_data_processing/myenv/lib/python3.11/site-packages/airflow/example_dags/example_params_ui_tutorial.py
[2024-07-12T01:47:46.353+0530] {processor.py:830} INFO - Processing file /home/kali/Desktop/projects/git/bank_data_processing/myenv/lib/python3.11/site-packages/airflow/example_dags/example_params_ui_tutorial.py for tasks to queue
[2024-07-12T01:47:46.355+0530] {logging_mixin.py:188} INFO - [2024-07-12T01:47:46.354+0530] {dagbag.py:545} INFO - Filling up the DagBag from /home/kali/Desktop/projects/git/bank_data_processing/myenv/lib/python3.11/site-packages/airflow/example_dags/example_params_ui_tutorial.py
[2024-07-12T01:47:46.366+0530] {processor.py:840} INFO - DAG(s) 'example_params_ui_tutorial' retrieved from /home/kali/Desktop/projects/git/bank_data_processing/myenv/lib/python3.11/site-packages/airflow/example_dags/example_params_ui_tutorial.py
[2024-07-12T01:47:46.484+0530] {logging_mixin.py:188} INFO - [2024-07-12T01:47:46.484+0530] {dag.py:3096} INFO - Sync 1 DAGs
[2024-07-12T01:47:46.495+0530] {logging_mixin.py:188} INFO - [2024-07-12T01:47:46.494+0530] {dag.py:3954} INFO - Setting next_dagrun for example_params_ui_tutorial to None, run_after=None
[2024-07-12T01:47:46.521+0530] {processor.py:183} INFO - Processing /home/kali/Desktop/projects/git/bank_data_processing/myenv/lib/python3.11/site-packages/airflow/example_dags/example_params_ui_tutorial.py took 0.174 seconds
[2024-07-12T01:48:17.483+0530] {processor.py:161} INFO - Started process (PID=37069) to work on /home/kali/Desktop/projects/git/bank_data_processing/myenv/lib/python3.11/site-packages/airflow/example_dags/example_params_ui_tutorial.py
[2024-07-12T01:48:17.484+0530] {processor.py:830} INFO - Processing file /home/kali/Desktop/projects/git/bank_data_processing/myenv/lib/python3.11/site-packages/airflow/example_dags/example_params_ui_tutorial.py for tasks to queue
[2024-07-12T01:48:17.486+0530] {logging_mixin.py:188} INFO - [2024-07-12T01:48:17.486+0530] {dagbag.py:545} INFO - Filling up the DagBag from /home/kali/Desktop/projects/git/bank_data_processing/myenv/lib/python3.11/site-packages/airflow/example_dags/example_params_ui_tutorial.py
[2024-07-12T01:48:17.500+0530] {processor.py:840} INFO - DAG(s) 'example_params_ui_tutorial' retrieved from /home/kali/Desktop/projects/git/bank_data_processing/myenv/lib/python3.11/site-packages/airflow/example_dags/example_params_ui_tutorial.py
[2024-07-12T01:48:17.557+0530] {logging_mixin.py:188} INFO - [2024-07-12T01:48:17.557+0530] {dag.py:3096} INFO - Sync 1 DAGs
[2024-07-12T01:48:17.568+0530] {logging_mixin.py:188} INFO - [2024-07-12T01:48:17.568+0530] {dag.py:3954} INFO - Setting next_dagrun for example_params_ui_tutorial to None, run_after=None
[2024-07-12T01:48:17.589+0530] {processor.py:183} INFO - Processing /home/kali/Desktop/projects/git/bank_data_processing/myenv/lib/python3.11/site-packages/airflow/example_dags/example_params_ui_tutorial.py took 0.116 seconds
[2024-07-12T01:48:48.325+0530] {processor.py:161} INFO - Started process (PID=37452) to work on /home/kali/Desktop/projects/git/bank_data_processing/myenv/lib/python3.11/site-packages/airflow/example_dags/example_params_ui_tutorial.py
[2024-07-12T01:48:48.327+0530] {processor.py:830} INFO - Processing file /home/kali/Desktop/projects/git/bank_data_processing/myenv/lib/python3.11/site-packages/airflow/example_dags/example_params_ui_tutorial.py for tasks to queue
[2024-07-12T01:48:48.328+0530] {logging_mixin.py:188} INFO - [2024-07-12T01:48:48.328+0530] {dagbag.py:545} INFO - Filling up the DagBag from /home/kali/Desktop/projects/git/bank_data_processing/myenv/lib/python3.11/site-packages/airflow/example_dags/example_params_ui_tutorial.py
[2024-07-12T01:48:48.340+0530] {processor.py:840} INFO - DAG(s) 'example_params_ui_tutorial' retrieved from /home/kali/Desktop/projects/git/bank_data_processing/myenv/lib/python3.11/site-packages/airflow/example_dags/example_params_ui_tutorial.py
[2024-07-12T01:48:48.383+0530] {logging_mixin.py:188} INFO - [2024-07-12T01:48:48.383+0530] {dag.py:3096} INFO - Sync 1 DAGs
[2024-07-12T01:48:48.393+0530] {logging_mixin.py:188} INFO - [2024-07-12T01:48:48.393+0530] {dag.py:3954} INFO - Setting next_dagrun for example_params_ui_tutorial to None, run_after=None
[2024-07-12T01:48:48.416+0530] {processor.py:183} INFO - Processing /home/kali/Desktop/projects/git/bank_data_processing/myenv/lib/python3.11/site-packages/airflow/example_dags/example_params_ui_tutorial.py took 0.097 seconds
[2024-07-12T01:49:19.310+0530] {processor.py:161} INFO - Started process (PID=37918) to work on /home/kali/Desktop/projects/git/bank_data_processing/myenv/lib/python3.11/site-packages/airflow/example_dags/example_params_ui_tutorial.py
[2024-07-12T01:49:19.313+0530] {processor.py:830} INFO - Processing file /home/kali/Desktop/projects/git/bank_data_processing/myenv/lib/python3.11/site-packages/airflow/example_dags/example_params_ui_tutorial.py for tasks to queue
[2024-07-12T01:49:19.316+0530] {logging_mixin.py:188} INFO - [2024-07-12T01:49:19.316+0530] {dagbag.py:545} INFO - Filling up the DagBag from /home/kali/Desktop/projects/git/bank_data_processing/myenv/lib/python3.11/site-packages/airflow/example_dags/example_params_ui_tutorial.py
[2024-07-12T01:49:19.334+0530] {processor.py:840} INFO - DAG(s) 'example_params_ui_tutorial' retrieved from /home/kali/Desktop/projects/git/bank_data_processing/myenv/lib/python3.11/site-packages/airflow/example_dags/example_params_ui_tutorial.py
[2024-07-12T01:49:19.403+0530] {logging_mixin.py:188} INFO - [2024-07-12T01:49:19.402+0530] {dag.py:3096} INFO - Sync 1 DAGs
[2024-07-12T01:49:19.421+0530] {logging_mixin.py:188} INFO - [2024-07-12T01:49:19.421+0530] {dag.py:3954} INFO - Setting next_dagrun for example_params_ui_tutorial to None, run_after=None
[2024-07-12T01:49:19.458+0530] {processor.py:183} INFO - Processing /home/kali/Desktop/projects/git/bank_data_processing/myenv/lib/python3.11/site-packages/airflow/example_dags/example_params_ui_tutorial.py took 0.157 seconds
[2024-07-12T01:49:50.360+0530] {processor.py:161} INFO - Started process (PID=38246) to work on /home/kali/Desktop/projects/git/bank_data_processing/myenv/lib/python3.11/site-packages/airflow/example_dags/example_params_ui_tutorial.py
[2024-07-12T01:49:50.366+0530] {processor.py:830} INFO - Processing file /home/kali/Desktop/projects/git/bank_data_processing/myenv/lib/python3.11/site-packages/airflow/example_dags/example_params_ui_tutorial.py for tasks to queue
[2024-07-12T01:49:50.368+0530] {logging_mixin.py:188} INFO - [2024-07-12T01:49:50.367+0530] {dagbag.py:545} INFO - Filling up the DagBag from /home/kali/Desktop/projects/git/bank_data_processing/myenv/lib/python3.11/site-packages/airflow/example_dags/example_params_ui_tutorial.py
[2024-07-12T01:49:50.381+0530] {processor.py:840} INFO - DAG(s) 'example_params_ui_tutorial' retrieved from /home/kali/Desktop/projects/git/bank_data_processing/myenv/lib/python3.11/site-packages/airflow/example_dags/example_params_ui_tutorial.py
[2024-07-12T01:49:50.431+0530] {logging_mixin.py:188} INFO - [2024-07-12T01:49:50.431+0530] {dag.py:3096} INFO - Sync 1 DAGs
[2024-07-12T01:49:50.444+0530] {logging_mixin.py:188} INFO - [2024-07-12T01:49:50.444+0530] {dag.py:3954} INFO - Setting next_dagrun for example_params_ui_tutorial to None, run_after=None
[2024-07-12T01:49:50.469+0530] {processor.py:183} INFO - Processing /home/kali/Desktop/projects/git/bank_data_processing/myenv/lib/python3.11/site-packages/airflow/example_dags/example_params_ui_tutorial.py took 0.120 seconds
[2024-07-12T01:50:20.786+0530] {processor.py:161} INFO - Started process (PID=38619) to work on /home/kali/Desktop/projects/git/bank_data_processing/myenv/lib/python3.11/site-packages/airflow/example_dags/example_params_ui_tutorial.py
[2024-07-12T01:50:20.792+0530] {processor.py:830} INFO - Processing file /home/kali/Desktop/projects/git/bank_data_processing/myenv/lib/python3.11/site-packages/airflow/example_dags/example_params_ui_tutorial.py for tasks to queue
[2024-07-12T01:50:20.794+0530] {logging_mixin.py:188} INFO - [2024-07-12T01:50:20.793+0530] {dagbag.py:545} INFO - Filling up the DagBag from /home/kali/Desktop/projects/git/bank_data_processing/myenv/lib/python3.11/site-packages/airflow/example_dags/example_params_ui_tutorial.py
[2024-07-12T01:50:20.808+0530] {processor.py:840} INFO - DAG(s) 'example_params_ui_tutorial' retrieved from /home/kali/Desktop/projects/git/bank_data_processing/myenv/lib/python3.11/site-packages/airflow/example_dags/example_params_ui_tutorial.py
[2024-07-12T01:50:20.871+0530] {logging_mixin.py:188} INFO - [2024-07-12T01:50:20.870+0530] {dag.py:3096} INFO - Sync 1 DAGs
[2024-07-12T01:50:20.887+0530] {logging_mixin.py:188} INFO - [2024-07-12T01:50:20.887+0530] {dag.py:3954} INFO - Setting next_dagrun for example_params_ui_tutorial to None, run_after=None
[2024-07-12T01:50:20.917+0530] {processor.py:183} INFO - Processing /home/kali/Desktop/projects/git/bank_data_processing/myenv/lib/python3.11/site-packages/airflow/example_dags/example_params_ui_tutorial.py took 0.141 seconds
[2024-07-12T01:50:51.131+0530] {processor.py:161} INFO - Started process (PID=39035) to work on /home/kali/Desktop/projects/git/bank_data_processing/myenv/lib/python3.11/site-packages/airflow/example_dags/example_params_ui_tutorial.py
[2024-07-12T01:50:51.137+0530] {processor.py:830} INFO - Processing file /home/kali/Desktop/projects/git/bank_data_processing/myenv/lib/python3.11/site-packages/airflow/example_dags/example_params_ui_tutorial.py for tasks to queue
[2024-07-12T01:50:51.139+0530] {logging_mixin.py:188} INFO - [2024-07-12T01:50:51.138+0530] {dagbag.py:545} INFO - Filling up the DagBag from /home/kali/Desktop/projects/git/bank_data_processing/myenv/lib/python3.11/site-packages/airflow/example_dags/example_params_ui_tutorial.py
[2024-07-12T01:50:51.161+0530] {processor.py:840} INFO - DAG(s) 'example_params_ui_tutorial' retrieved from /home/kali/Desktop/projects/git/bank_data_processing/myenv/lib/python3.11/site-packages/airflow/example_dags/example_params_ui_tutorial.py
[2024-07-12T01:50:51.251+0530] {logging_mixin.py:188} INFO - [2024-07-12T01:50:51.251+0530] {dag.py:3096} INFO - Sync 1 DAGs
[2024-07-12T01:50:51.271+0530] {logging_mixin.py:188} INFO - [2024-07-12T01:50:51.271+0530] {dag.py:3954} INFO - Setting next_dagrun for example_params_ui_tutorial to None, run_after=None
[2024-07-12T01:50:51.292+0530] {processor.py:183} INFO - Processing /home/kali/Desktop/projects/git/bank_data_processing/myenv/lib/python3.11/site-packages/airflow/example_dags/example_params_ui_tutorial.py took 0.172 seconds
[2024-07-12T01:51:21.348+0530] {processor.py:161} INFO - Started process (PID=39453) to work on /home/kali/Desktop/projects/git/bank_data_processing/myenv/lib/python3.11/site-packages/airflow/example_dags/example_params_ui_tutorial.py
[2024-07-12T01:51:21.349+0530] {processor.py:830} INFO - Processing file /home/kali/Desktop/projects/git/bank_data_processing/myenv/lib/python3.11/site-packages/airflow/example_dags/example_params_ui_tutorial.py for tasks to queue
[2024-07-12T01:51:21.351+0530] {logging_mixin.py:188} INFO - [2024-07-12T01:51:21.350+0530] {dagbag.py:545} INFO - Filling up the DagBag from /home/kali/Desktop/projects/git/bank_data_processing/myenv/lib/python3.11/site-packages/airflow/example_dags/example_params_ui_tutorial.py
[2024-07-12T01:51:21.364+0530] {processor.py:840} INFO - DAG(s) 'example_params_ui_tutorial' retrieved from /home/kali/Desktop/projects/git/bank_data_processing/myenv/lib/python3.11/site-packages/airflow/example_dags/example_params_ui_tutorial.py
[2024-07-12T01:51:21.409+0530] {logging_mixin.py:188} INFO - [2024-07-12T01:51:21.409+0530] {dag.py:3096} INFO - Sync 1 DAGs
[2024-07-12T01:51:21.420+0530] {logging_mixin.py:188} INFO - [2024-07-12T01:51:21.420+0530] {dag.py:3954} INFO - Setting next_dagrun for example_params_ui_tutorial to None, run_after=None
[2024-07-12T01:51:21.443+0530] {processor.py:183} INFO - Processing /home/kali/Desktop/projects/git/bank_data_processing/myenv/lib/python3.11/site-packages/airflow/example_dags/example_params_ui_tutorial.py took 0.102 seconds
[2024-07-12T01:51:51.727+0530] {processor.py:161} INFO - Started process (PID=40026) to work on /home/kali/Desktop/projects/git/bank_data_processing/myenv/lib/python3.11/site-packages/airflow/example_dags/example_params_ui_tutorial.py
[2024-07-12T01:51:51.731+0530] {processor.py:830} INFO - Processing file /home/kali/Desktop/projects/git/bank_data_processing/myenv/lib/python3.11/site-packages/airflow/example_dags/example_params_ui_tutorial.py for tasks to queue
[2024-07-12T01:51:51.734+0530] {logging_mixin.py:188} INFO - [2024-07-12T01:51:51.733+0530] {dagbag.py:545} INFO - Filling up the DagBag from /home/kali/Desktop/projects/git/bank_data_processing/myenv/lib/python3.11/site-packages/airflow/example_dags/example_params_ui_tutorial.py
[2024-07-12T01:51:51.756+0530] {processor.py:840} INFO - DAG(s) 'example_params_ui_tutorial' retrieved from /home/kali/Desktop/projects/git/bank_data_processing/myenv/lib/python3.11/site-packages/airflow/example_dags/example_params_ui_tutorial.py
[2024-07-12T01:51:51.886+0530] {logging_mixin.py:188} INFO - [2024-07-12T01:51:51.885+0530] {dag.py:3096} INFO - Sync 1 DAGs
[2024-07-12T01:51:51.915+0530] {logging_mixin.py:188} INFO - [2024-07-12T01:51:51.914+0530] {dag.py:3954} INFO - Setting next_dagrun for example_params_ui_tutorial to None, run_after=None
[2024-07-12T01:51:51.964+0530] {processor.py:183} INFO - Processing /home/kali/Desktop/projects/git/bank_data_processing/myenv/lib/python3.11/site-packages/airflow/example_dags/example_params_ui_tutorial.py took 0.257 seconds
[2024-07-12T01:52:22.906+0530] {processor.py:161} INFO - Started process (PID=40735) to work on /home/kali/Desktop/projects/git/bank_data_processing/myenv/lib/python3.11/site-packages/airflow/example_dags/example_params_ui_tutorial.py
[2024-07-12T01:52:22.912+0530] {processor.py:830} INFO - Processing file /home/kali/Desktop/projects/git/bank_data_processing/myenv/lib/python3.11/site-packages/airflow/example_dags/example_params_ui_tutorial.py for tasks to queue
[2024-07-12T01:52:22.914+0530] {logging_mixin.py:188} INFO - [2024-07-12T01:52:22.914+0530] {dagbag.py:545} INFO - Filling up the DagBag from /home/kali/Desktop/projects/git/bank_data_processing/myenv/lib/python3.11/site-packages/airflow/example_dags/example_params_ui_tutorial.py
[2024-07-12T01:52:22.927+0530] {processor.py:840} INFO - DAG(s) 'example_params_ui_tutorial' retrieved from /home/kali/Desktop/projects/git/bank_data_processing/myenv/lib/python3.11/site-packages/airflow/example_dags/example_params_ui_tutorial.py
[2024-07-12T01:52:22.977+0530] {logging_mixin.py:188} INFO - [2024-07-12T01:52:22.977+0530] {dag.py:3096} INFO - Sync 1 DAGs
[2024-07-12T01:52:22.989+0530] {logging_mixin.py:188} INFO - [2024-07-12T01:52:22.989+0530] {dag.py:3954} INFO - Setting next_dagrun for example_params_ui_tutorial to None, run_after=None
[2024-07-12T01:52:23.011+0530] {processor.py:183} INFO - Processing /home/kali/Desktop/projects/git/bank_data_processing/myenv/lib/python3.11/site-packages/airflow/example_dags/example_params_ui_tutorial.py took 0.120 seconds
