[2024-07-12T01:47:48.812+0530] {processor.py:161} INFO - Started process (PID=36626) to work on /home/kali/Desktop/projects/git/bank_data_processing/myenv/lib/python3.11/site-packages/airflow/example_dags/example_branch_day_of_week_operator.py
[2024-07-12T01:47:48.813+0530] {processor.py:830} INFO - Processing file /home/kali/Desktop/projects/git/bank_data_processing/myenv/lib/python3.11/site-packages/airflow/example_dags/example_branch_day_of_week_operator.py for tasks to queue
[2024-07-12T01:47:48.814+0530] {logging_mixin.py:188} INFO - [2024-07-12T01:47:48.814+0530] {dagbag.py:545} INFO - Filling up the DagBag from /home/kali/Desktop/projects/git/bank_data_processing/myenv/lib/python3.11/site-packages/airflow/example_dags/example_branch_day_of_week_operator.py
[2024-07-12T01:47:48.821+0530] {processor.py:840} INFO - DAG(s) 'example_weekday_branch_operator' retrieved from /home/kali/Desktop/projects/git/bank_data_processing/myenv/lib/python3.11/site-packages/airflow/example_dags/example_branch_day_of_week_operator.py
[2024-07-12T01:47:48.915+0530] {logging_mixin.py:188} INFO - [2024-07-12T01:47:48.915+0530] {dag.py:3096} INFO - Sync 1 DAGs
[2024-07-12T01:47:48.933+0530] {logging_mixin.py:188} INFO - [2024-07-12T01:47:48.932+0530] {dag.py:3954} INFO - Setting next_dagrun for example_weekday_branch_operator to 2024-07-10 00:00:00+00:00, run_after=2024-07-11 00:00:00+00:00
[2024-07-12T01:47:48.954+0530] {processor.py:183} INFO - Processing /home/kali/Desktop/projects/git/bank_data_processing/myenv/lib/python3.11/site-packages/airflow/example_dags/example_branch_day_of_week_operator.py took 0.147 seconds
[2024-07-12T01:48:19.139+0530] {processor.py:161} INFO - Started process (PID=37102) to work on /home/kali/Desktop/projects/git/bank_data_processing/myenv/lib/python3.11/site-packages/airflow/example_dags/example_branch_day_of_week_operator.py
[2024-07-12T01:48:19.140+0530] {processor.py:830} INFO - Processing file /home/kali/Desktop/projects/git/bank_data_processing/myenv/lib/python3.11/site-packages/airflow/example_dags/example_branch_day_of_week_operator.py for tasks to queue
[2024-07-12T01:48:19.141+0530] {logging_mixin.py:188} INFO - [2024-07-12T01:48:19.141+0530] {dagbag.py:545} INFO - Filling up the DagBag from /home/kali/Desktop/projects/git/bank_data_processing/myenv/lib/python3.11/site-packages/airflow/example_dags/example_branch_day_of_week_operator.py
[2024-07-12T01:48:19.148+0530] {processor.py:840} INFO - DAG(s) 'example_weekday_branch_operator' retrieved from /home/kali/Desktop/projects/git/bank_data_processing/myenv/lib/python3.11/site-packages/airflow/example_dags/example_branch_day_of_week_operator.py
[2024-07-12T01:48:19.165+0530] {logging_mixin.py:188} INFO - [2024-07-12T01:48:19.165+0530] {dag.py:3096} INFO - Sync 1 DAGs
[2024-07-12T01:48:19.186+0530] {logging_mixin.py:188} INFO - [2024-07-12T01:48:19.185+0530] {dag.py:3954} INFO - Setting next_dagrun for example_weekday_branch_operator to 2024-07-10 00:00:00+00:00, run_after=2024-07-11 00:00:00+00:00
[2024-07-12T01:48:19.209+0530] {processor.py:183} INFO - Processing /home/kali/Desktop/projects/git/bank_data_processing/myenv/lib/python3.11/site-packages/airflow/example_dags/example_branch_day_of_week_operator.py took 0.076 seconds
[2024-07-12T01:48:50.441+0530] {processor.py:161} INFO - Started process (PID=37493) to work on /home/kali/Desktop/projects/git/bank_data_processing/myenv/lib/python3.11/site-packages/airflow/example_dags/example_branch_day_of_week_operator.py
[2024-07-12T01:48:50.444+0530] {processor.py:830} INFO - Processing file /home/kali/Desktop/projects/git/bank_data_processing/myenv/lib/python3.11/site-packages/airflow/example_dags/example_branch_day_of_week_operator.py for tasks to queue
[2024-07-12T01:48:50.446+0530] {logging_mixin.py:188} INFO - [2024-07-12T01:48:50.446+0530] {dagbag.py:545} INFO - Filling up the DagBag from /home/kali/Desktop/projects/git/bank_data_processing/myenv/lib/python3.11/site-packages/airflow/example_dags/example_branch_day_of_week_operator.py
[2024-07-12T01:48:50.457+0530] {processor.py:840} INFO - DAG(s) 'example_weekday_branch_operator' retrieved from /home/kali/Desktop/projects/git/bank_data_processing/myenv/lib/python3.11/site-packages/airflow/example_dags/example_branch_day_of_week_operator.py
[2024-07-12T01:48:50.481+0530] {logging_mixin.py:188} INFO - [2024-07-12T01:48:50.481+0530] {dag.py:3096} INFO - Sync 1 DAGs
[2024-07-12T01:48:50.505+0530] {logging_mixin.py:188} INFO - [2024-07-12T01:48:50.505+0530] {dag.py:3954} INFO - Setting next_dagrun for example_weekday_branch_operator to 2024-07-10 00:00:00+00:00, run_after=2024-07-11 00:00:00+00:00
[2024-07-12T01:48:50.642+0530] {processor.py:183} INFO - Processing /home/kali/Desktop/projects/git/bank_data_processing/myenv/lib/python3.11/site-packages/airflow/example_dags/example_branch_day_of_week_operator.py took 0.212 seconds
[2024-07-12T01:49:20.878+0530] {processor.py:161} INFO - Started process (PID=37959) to work on /home/kali/Desktop/projects/git/bank_data_processing/myenv/lib/python3.11/site-packages/airflow/example_dags/example_branch_day_of_week_operator.py
[2024-07-12T01:49:20.879+0530] {processor.py:830} INFO - Processing file /home/kali/Desktop/projects/git/bank_data_processing/myenv/lib/python3.11/site-packages/airflow/example_dags/example_branch_day_of_week_operator.py for tasks to queue
[2024-07-12T01:49:20.880+0530] {logging_mixin.py:188} INFO - [2024-07-12T01:49:20.880+0530] {dagbag.py:545} INFO - Filling up the DagBag from /home/kali/Desktop/projects/git/bank_data_processing/myenv/lib/python3.11/site-packages/airflow/example_dags/example_branch_day_of_week_operator.py
[2024-07-12T01:49:20.889+0530] {processor.py:840} INFO - DAG(s) 'example_weekday_branch_operator' retrieved from /home/kali/Desktop/projects/git/bank_data_processing/myenv/lib/python3.11/site-packages/airflow/example_dags/example_branch_day_of_week_operator.py
[2024-07-12T01:49:20.906+0530] {logging_mixin.py:188} INFO - [2024-07-12T01:49:20.906+0530] {dag.py:3096} INFO - Sync 1 DAGs
[2024-07-12T01:49:20.927+0530] {logging_mixin.py:188} INFO - [2024-07-12T01:49:20.927+0530] {dag.py:3954} INFO - Setting next_dagrun for example_weekday_branch_operator to 2024-07-10 00:00:00+00:00, run_after=2024-07-11 00:00:00+00:00
[2024-07-12T01:49:20.947+0530] {processor.py:183} INFO - Processing /home/kali/Desktop/projects/git/bank_data_processing/myenv/lib/python3.11/site-packages/airflow/example_dags/example_branch_day_of_week_operator.py took 0.075 seconds
[2024-07-12T01:49:51.784+0530] {processor.py:161} INFO - Started process (PID=38287) to work on /home/kali/Desktop/projects/git/bank_data_processing/myenv/lib/python3.11/site-packages/airflow/example_dags/example_branch_day_of_week_operator.py
[2024-07-12T01:49:51.785+0530] {processor.py:830} INFO - Processing file /home/kali/Desktop/projects/git/bank_data_processing/myenv/lib/python3.11/site-packages/airflow/example_dags/example_branch_day_of_week_operator.py for tasks to queue
[2024-07-12T01:49:51.787+0530] {logging_mixin.py:188} INFO - [2024-07-12T01:49:51.787+0530] {dagbag.py:545} INFO - Filling up the DagBag from /home/kali/Desktop/projects/git/bank_data_processing/myenv/lib/python3.11/site-packages/airflow/example_dags/example_branch_day_of_week_operator.py
[2024-07-12T01:49:51.795+0530] {processor.py:840} INFO - DAG(s) 'example_weekday_branch_operator' retrieved from /home/kali/Desktop/projects/git/bank_data_processing/myenv/lib/python3.11/site-packages/airflow/example_dags/example_branch_day_of_week_operator.py
[2024-07-12T01:49:51.813+0530] {logging_mixin.py:188} INFO - [2024-07-12T01:49:51.813+0530] {dag.py:3096} INFO - Sync 1 DAGs
[2024-07-12T01:49:51.833+0530] {logging_mixin.py:188} INFO - [2024-07-12T01:49:51.833+0530] {dag.py:3954} INFO - Setting next_dagrun for example_weekday_branch_operator to 2024-07-10 00:00:00+00:00, run_after=2024-07-11 00:00:00+00:00
[2024-07-12T01:49:51.853+0530] {processor.py:183} INFO - Processing /home/kali/Desktop/projects/git/bank_data_processing/myenv/lib/python3.11/site-packages/airflow/example_dags/example_branch_day_of_week_operator.py took 0.074 seconds
[2024-07-12T01:50:22.476+0530] {processor.py:161} INFO - Started process (PID=38660) to work on /home/kali/Desktop/projects/git/bank_data_processing/myenv/lib/python3.11/site-packages/airflow/example_dags/example_branch_day_of_week_operator.py
[2024-07-12T01:50:22.477+0530] {processor.py:830} INFO - Processing file /home/kali/Desktop/projects/git/bank_data_processing/myenv/lib/python3.11/site-packages/airflow/example_dags/example_branch_day_of_week_operator.py for tasks to queue
[2024-07-12T01:50:22.478+0530] {logging_mixin.py:188} INFO - [2024-07-12T01:50:22.478+0530] {dagbag.py:545} INFO - Filling up the DagBag from /home/kali/Desktop/projects/git/bank_data_processing/myenv/lib/python3.11/site-packages/airflow/example_dags/example_branch_day_of_week_operator.py
[2024-07-12T01:50:22.486+0530] {processor.py:840} INFO - DAG(s) 'example_weekday_branch_operator' retrieved from /home/kali/Desktop/projects/git/bank_data_processing/myenv/lib/python3.11/site-packages/airflow/example_dags/example_branch_day_of_week_operator.py
[2024-07-12T01:50:22.505+0530] {logging_mixin.py:188} INFO - [2024-07-12T01:50:22.505+0530] {dag.py:3096} INFO - Sync 1 DAGs
[2024-07-12T01:50:22.527+0530] {logging_mixin.py:188} INFO - [2024-07-12T01:50:22.526+0530] {dag.py:3954} INFO - Setting next_dagrun for example_weekday_branch_operator to 2024-07-10 00:00:00+00:00, run_after=2024-07-11 00:00:00+00:00
[2024-07-12T01:50:22.555+0530] {processor.py:183} INFO - Processing /home/kali/Desktop/projects/git/bank_data_processing/myenv/lib/python3.11/site-packages/airflow/example_dags/example_branch_day_of_week_operator.py took 0.085 seconds
[2024-07-12T01:50:52.707+0530] {processor.py:161} INFO - Started process (PID=39106) to work on /home/kali/Desktop/projects/git/bank_data_processing/myenv/lib/python3.11/site-packages/airflow/example_dags/example_branch_day_of_week_operator.py
[2024-07-12T01:50:52.708+0530] {processor.py:830} INFO - Processing file /home/kali/Desktop/projects/git/bank_data_processing/myenv/lib/python3.11/site-packages/airflow/example_dags/example_branch_day_of_week_operator.py for tasks to queue
[2024-07-12T01:50:52.710+0530] {logging_mixin.py:188} INFO - [2024-07-12T01:50:52.710+0530] {dagbag.py:545} INFO - Filling up the DagBag from /home/kali/Desktop/projects/git/bank_data_processing/myenv/lib/python3.11/site-packages/airflow/example_dags/example_branch_day_of_week_operator.py
[2024-07-12T01:50:52.719+0530] {processor.py:840} INFO - DAG(s) 'example_weekday_branch_operator' retrieved from /home/kali/Desktop/projects/git/bank_data_processing/myenv/lib/python3.11/site-packages/airflow/example_dags/example_branch_day_of_week_operator.py
[2024-07-12T01:50:52.739+0530] {logging_mixin.py:188} INFO - [2024-07-12T01:50:52.739+0530] {dag.py:3096} INFO - Sync 1 DAGs
[2024-07-12T01:50:52.762+0530] {logging_mixin.py:188} INFO - [2024-07-12T01:50:52.762+0530] {dag.py:3954} INFO - Setting next_dagrun for example_weekday_branch_operator to 2024-07-10 00:00:00+00:00, run_after=2024-07-11 00:00:00+00:00
[2024-07-12T01:50:52.781+0530] {processor.py:183} INFO - Processing /home/kali/Desktop/projects/git/bank_data_processing/myenv/lib/python3.11/site-packages/airflow/example_dags/example_branch_day_of_week_operator.py took 0.081 seconds
[2024-07-12T01:51:23.759+0530] {processor.py:161} INFO - Started process (PID=39517) to work on /home/kali/Desktop/projects/git/bank_data_processing/myenv/lib/python3.11/site-packages/airflow/example_dags/example_branch_day_of_week_operator.py
[2024-07-12T01:51:23.760+0530] {processor.py:830} INFO - Processing file /home/kali/Desktop/projects/git/bank_data_processing/myenv/lib/python3.11/site-packages/airflow/example_dags/example_branch_day_of_week_operator.py for tasks to queue
[2024-07-12T01:51:23.761+0530] {logging_mixin.py:188} INFO - [2024-07-12T01:51:23.761+0530] {dagbag.py:545} INFO - Filling up the DagBag from /home/kali/Desktop/projects/git/bank_data_processing/myenv/lib/python3.11/site-packages/airflow/example_dags/example_branch_day_of_week_operator.py
[2024-07-12T01:51:23.770+0530] {processor.py:840} INFO - DAG(s) 'example_weekday_branch_operator' retrieved from /home/kali/Desktop/projects/git/bank_data_processing/myenv/lib/python3.11/site-packages/airflow/example_dags/example_branch_day_of_week_operator.py
[2024-07-12T01:51:23.791+0530] {logging_mixin.py:188} INFO - [2024-07-12T01:51:23.791+0530] {dag.py:3096} INFO - Sync 1 DAGs
[2024-07-12T01:51:23.814+0530] {logging_mixin.py:188} INFO - [2024-07-12T01:51:23.814+0530] {dag.py:3954} INFO - Setting next_dagrun for example_weekday_branch_operator to 2024-07-10 00:00:00+00:00, run_after=2024-07-11 00:00:00+00:00
[2024-07-12T01:51:23.833+0530] {processor.py:183} INFO - Processing /home/kali/Desktop/projects/git/bank_data_processing/myenv/lib/python3.11/site-packages/airflow/example_dags/example_branch_day_of_week_operator.py took 0.081 seconds
[2024-07-12T01:51:54.799+0530] {processor.py:161} INFO - Started process (PID=40095) to work on /home/kali/Desktop/projects/git/bank_data_processing/myenv/lib/python3.11/site-packages/airflow/example_dags/example_branch_day_of_week_operator.py
[2024-07-12T01:51:54.801+0530] {processor.py:830} INFO - Processing file /home/kali/Desktop/projects/git/bank_data_processing/myenv/lib/python3.11/site-packages/airflow/example_dags/example_branch_day_of_week_operator.py for tasks to queue
[2024-07-12T01:51:54.805+0530] {logging_mixin.py:188} INFO - [2024-07-12T01:51:54.804+0530] {dagbag.py:545} INFO - Filling up the DagBag from /home/kali/Desktop/projects/git/bank_data_processing/myenv/lib/python3.11/site-packages/airflow/example_dags/example_branch_day_of_week_operator.py
[2024-07-12T01:51:54.819+0530] {processor.py:840} INFO - DAG(s) 'example_weekday_branch_operator' retrieved from /home/kali/Desktop/projects/git/bank_data_processing/myenv/lib/python3.11/site-packages/airflow/example_dags/example_branch_day_of_week_operator.py
[2024-07-12T01:51:54.861+0530] {logging_mixin.py:188} INFO - [2024-07-12T01:51:54.860+0530] {dag.py:3096} INFO - Sync 1 DAGs
[2024-07-12T01:51:54.915+0530] {logging_mixin.py:188} INFO - [2024-07-12T01:51:54.914+0530] {dag.py:3954} INFO - Setting next_dagrun for example_weekday_branch_operator to 2024-07-10 00:00:00+00:00, run_after=2024-07-11 00:00:00+00:00
[2024-07-12T01:51:54.958+0530] {processor.py:183} INFO - Processing /home/kali/Desktop/projects/git/bank_data_processing/myenv/lib/python3.11/site-packages/airflow/example_dags/example_branch_day_of_week_operator.py took 0.174 seconds
[2024-07-12T01:52:25.627+0530] {processor.py:161} INFO - Started process (PID=40784) to work on /home/kali/Desktop/projects/git/bank_data_processing/myenv/lib/python3.11/site-packages/airflow/example_dags/example_branch_day_of_week_operator.py
[2024-07-12T01:52:25.628+0530] {processor.py:830} INFO - Processing file /home/kali/Desktop/projects/git/bank_data_processing/myenv/lib/python3.11/site-packages/airflow/example_dags/example_branch_day_of_week_operator.py for tasks to queue
[2024-07-12T01:52:25.630+0530] {logging_mixin.py:188} INFO - [2024-07-12T01:52:25.630+0530] {dagbag.py:545} INFO - Filling up the DagBag from /home/kali/Desktop/projects/git/bank_data_processing/myenv/lib/python3.11/site-packages/airflow/example_dags/example_branch_day_of_week_operator.py
[2024-07-12T01:52:25.642+0530] {processor.py:840} INFO - DAG(s) 'example_weekday_branch_operator' retrieved from /home/kali/Desktop/projects/git/bank_data_processing/myenv/lib/python3.11/site-packages/airflow/example_dags/example_branch_day_of_week_operator.py
[2024-07-12T01:52:25.666+0530] {logging_mixin.py:188} INFO - [2024-07-12T01:52:25.666+0530] {dag.py:3096} INFO - Sync 1 DAGs
[2024-07-12T01:52:25.689+0530] {logging_mixin.py:188} INFO - [2024-07-12T01:52:25.689+0530] {dag.py:3954} INFO - Setting next_dagrun for example_weekday_branch_operator to 2024-07-10 00:00:00+00:00, run_after=2024-07-11 00:00:00+00:00
[2024-07-12T01:52:25.715+0530] {processor.py:183} INFO - Processing /home/kali/Desktop/projects/git/bank_data_processing/myenv/lib/python3.11/site-packages/airflow/example_dags/example_branch_day_of_week_operator.py took 0.096 seconds
[2024-07-12T01:52:56.711+0530] {processor.py:161} INFO - Started process (PID=41418) to work on /home/kali/Desktop/projects/git/bank_data_processing/myenv/lib/python3.11/site-packages/airflow/example_dags/example_branch_day_of_week_operator.py
[2024-07-12T01:52:56.712+0530] {processor.py:830} INFO - Processing file /home/kali/Desktop/projects/git/bank_data_processing/myenv/lib/python3.11/site-packages/airflow/example_dags/example_branch_day_of_week_operator.py for tasks to queue
[2024-07-12T01:52:56.714+0530] {logging_mixin.py:188} INFO - [2024-07-12T01:52:56.713+0530] {dagbag.py:545} INFO - Filling up the DagBag from /home/kali/Desktop/projects/git/bank_data_processing/myenv/lib/python3.11/site-packages/airflow/example_dags/example_branch_day_of_week_operator.py
[2024-07-12T01:52:56.723+0530] {processor.py:840} INFO - DAG(s) 'example_weekday_branch_operator' retrieved from /home/kali/Desktop/projects/git/bank_data_processing/myenv/lib/python3.11/site-packages/airflow/example_dags/example_branch_day_of_week_operator.py
[2024-07-12T01:52:56.743+0530] {logging_mixin.py:188} INFO - [2024-07-12T01:52:56.743+0530] {dag.py:3096} INFO - Sync 1 DAGs
[2024-07-12T01:52:56.767+0530] {logging_mixin.py:188} INFO - [2024-07-12T01:52:56.767+0530] {dag.py:3954} INFO - Setting next_dagrun for example_weekday_branch_operator to 2024-07-10 00:00:00+00:00, run_after=2024-07-11 00:00:00+00:00
[2024-07-12T01:52:56.788+0530] {processor.py:183} INFO - Processing /home/kali/Desktop/projects/git/bank_data_processing/myenv/lib/python3.11/site-packages/airflow/example_dags/example_branch_day_of_week_operator.py took 0.090 seconds
[2024-07-12T01:53:27.001+0530] {processor.py:161} INFO - Started process (PID=42058) to work on /home/kali/Desktop/projects/git/bank_data_processing/myenv/lib/python3.11/site-packages/airflow/example_dags/example_branch_day_of_week_operator.py
[2024-07-12T01:53:27.002+0530] {processor.py:830} INFO - Processing file /home/kali/Desktop/projects/git/bank_data_processing/myenv/lib/python3.11/site-packages/airflow/example_dags/example_branch_day_of_week_operator.py for tasks to queue
[2024-07-12T01:53:27.004+0530] {logging_mixin.py:188} INFO - [2024-07-12T01:53:27.004+0530] {dagbag.py:545} INFO - Filling up the DagBag from /home/kali/Desktop/projects/git/bank_data_processing/myenv/lib/python3.11/site-packages/airflow/example_dags/example_branch_day_of_week_operator.py
[2024-07-12T01:53:27.013+0530] {processor.py:840} INFO - DAG(s) 'example_weekday_branch_operator' retrieved from /home/kali/Desktop/projects/git/bank_data_processing/myenv/lib/python3.11/site-packages/airflow/example_dags/example_branch_day_of_week_operator.py
[2024-07-12T01:53:27.032+0530] {logging_mixin.py:188} INFO - [2024-07-12T01:53:27.031+0530] {dag.py:3096} INFO - Sync 1 DAGs
[2024-07-12T01:53:27.053+0530] {logging_mixin.py:188} INFO - [2024-07-12T01:53:27.053+0530] {dag.py:3954} INFO - Setting next_dagrun for example_weekday_branch_operator to 2024-07-10 00:00:00+00:00, run_after=2024-07-11 00:00:00+00:00
[2024-07-12T01:53:27.072+0530] {processor.py:183} INFO - Processing /home/kali/Desktop/projects/git/bank_data_processing/myenv/lib/python3.11/site-packages/airflow/example_dags/example_branch_day_of_week_operator.py took 0.079 seconds
[2024-07-12T01:53:57.318+0530] {processor.py:161} INFO - Started process (PID=42798) to work on /home/kali/Desktop/projects/git/bank_data_processing/myenv/lib/python3.11/site-packages/airflow/example_dags/example_branch_day_of_week_operator.py
[2024-07-12T01:53:57.320+0530] {processor.py:830} INFO - Processing file /home/kali/Desktop/projects/git/bank_data_processing/myenv/lib/python3.11/site-packages/airflow/example_dags/example_branch_day_of_week_operator.py for tasks to queue
[2024-07-12T01:53:57.323+0530] {logging_mixin.py:188} INFO - [2024-07-12T01:53:57.322+0530] {dagbag.py:545} INFO - Filling up the DagBag from /home/kali/Desktop/projects/git/bank_data_processing/myenv/lib/python3.11/site-packages/airflow/example_dags/example_branch_day_of_week_operator.py
[2024-07-12T01:53:57.338+0530] {processor.py:840} INFO - DAG(s) 'example_weekday_branch_operator' retrieved from /home/kali/Desktop/projects/git/bank_data_processing/myenv/lib/python3.11/site-packages/airflow/example_dags/example_branch_day_of_week_operator.py
[2024-07-12T01:53:57.368+0530] {logging_mixin.py:188} INFO - [2024-07-12T01:53:57.367+0530] {dag.py:3096} INFO - Sync 1 DAGs
[2024-07-12T01:53:57.404+0530] {logging_mixin.py:188} INFO - [2024-07-12T01:53:57.404+0530] {dag.py:3954} INFO - Setting next_dagrun for example_weekday_branch_operator to 2024-07-10 00:00:00+00:00, run_after=2024-07-11 00:00:00+00:00
[2024-07-12T01:53:57.439+0530] {processor.py:183} INFO - Processing /home/kali/Desktop/projects/git/bank_data_processing/myenv/lib/python3.11/site-packages/airflow/example_dags/example_branch_day_of_week_operator.py took 0.139 seconds
[2024-07-12T01:54:27.733+0530] {processor.py:161} INFO - Started process (PID=43405) to work on /home/kali/Desktop/projects/git/bank_data_processing/myenv/lib/python3.11/site-packages/airflow/example_dags/example_branch_day_of_week_operator.py
[2024-07-12T01:54:27.734+0530] {processor.py:830} INFO - Processing file /home/kali/Desktop/projects/git/bank_data_processing/myenv/lib/python3.11/site-packages/airflow/example_dags/example_branch_day_of_week_operator.py for tasks to queue
[2024-07-12T01:54:27.736+0530] {logging_mixin.py:188} INFO - [2024-07-12T01:54:27.735+0530] {dagbag.py:545} INFO - Filling up the DagBag from /home/kali/Desktop/projects/git/bank_data_processing/myenv/lib/python3.11/site-packages/airflow/example_dags/example_branch_day_of_week_operator.py
[2024-07-12T01:54:27.744+0530] {processor.py:840} INFO - DAG(s) 'example_weekday_branch_operator' retrieved from /home/kali/Desktop/projects/git/bank_data_processing/myenv/lib/python3.11/site-packages/airflow/example_dags/example_branch_day_of_week_operator.py
[2024-07-12T01:54:27.764+0530] {logging_mixin.py:188} INFO - [2024-07-12T01:54:27.763+0530] {dag.py:3096} INFO - Sync 1 DAGs
[2024-07-12T01:54:27.784+0530] {logging_mixin.py:188} INFO - [2024-07-12T01:54:27.784+0530] {dag.py:3954} INFO - Setting next_dagrun for example_weekday_branch_operator to 2024-07-10 00:00:00+00:00, run_after=2024-07-11 00:00:00+00:00
[2024-07-12T01:54:27.804+0530] {processor.py:183} INFO - Processing /home/kali/Desktop/projects/git/bank_data_processing/myenv/lib/python3.11/site-packages/airflow/example_dags/example_branch_day_of_week_operator.py took 0.080 seconds
[2024-07-12T01:54:57.989+0530] {processor.py:161} INFO - Started process (PID=43987) to work on /home/kali/Desktop/projects/git/bank_data_processing/myenv/lib/python3.11/site-packages/airflow/example_dags/example_branch_day_of_week_operator.py
[2024-07-12T01:54:57.989+0530] {processor.py:830} INFO - Processing file /home/kali/Desktop/projects/git/bank_data_processing/myenv/lib/python3.11/site-packages/airflow/example_dags/example_branch_day_of_week_operator.py for tasks to queue
[2024-07-12T01:54:57.991+0530] {logging_mixin.py:188} INFO - [2024-07-12T01:54:57.991+0530] {dagbag.py:545} INFO - Filling up the DagBag from /home/kali/Desktop/projects/git/bank_data_processing/myenv/lib/python3.11/site-packages/airflow/example_dags/example_branch_day_of_week_operator.py
[2024-07-12T01:54:58.001+0530] {processor.py:840} INFO - DAG(s) 'example_weekday_branch_operator' retrieved from /home/kali/Desktop/projects/git/bank_data_processing/myenv/lib/python3.11/site-packages/airflow/example_dags/example_branch_day_of_week_operator.py
[2024-07-12T01:54:58.019+0530] {logging_mixin.py:188} INFO - [2024-07-12T01:54:58.019+0530] {dag.py:3096} INFO - Sync 1 DAGs
[2024-07-12T01:54:58.042+0530] {logging_mixin.py:188} INFO - [2024-07-12T01:54:58.042+0530] {dag.py:3954} INFO - Setting next_dagrun for example_weekday_branch_operator to 2024-07-10 00:00:00+00:00, run_after=2024-07-11 00:00:00+00:00
[2024-07-12T01:54:58.061+0530] {processor.py:183} INFO - Processing /home/kali/Desktop/projects/git/bank_data_processing/myenv/lib/python3.11/site-packages/airflow/example_dags/example_branch_day_of_week_operator.py took 0.081 seconds
[2024-07-12T01:55:28.702+0530] {processor.py:161} INFO - Started process (PID=44500) to work on /home/kali/Desktop/projects/git/bank_data_processing/myenv/lib/python3.11/site-packages/airflow/example_dags/example_branch_day_of_week_operator.py
[2024-07-12T01:55:28.703+0530] {processor.py:830} INFO - Processing file /home/kali/Desktop/projects/git/bank_data_processing/myenv/lib/python3.11/site-packages/airflow/example_dags/example_branch_day_of_week_operator.py for tasks to queue
[2024-07-12T01:55:28.705+0530] {logging_mixin.py:188} INFO - [2024-07-12T01:55:28.705+0530] {dagbag.py:545} INFO - Filling up the DagBag from /home/kali/Desktop/projects/git/bank_data_processing/myenv/lib/python3.11/site-packages/airflow/example_dags/example_branch_day_of_week_operator.py
[2024-07-12T01:55:28.714+0530] {processor.py:840} INFO - DAG(s) 'example_weekday_branch_operator' retrieved from /home/kali/Desktop/projects/git/bank_data_processing/myenv/lib/python3.11/site-packages/airflow/example_dags/example_branch_day_of_week_operator.py
[2024-07-12T01:55:28.734+0530] {logging_mixin.py:188} INFO - [2024-07-12T01:55:28.734+0530] {dag.py:3096} INFO - Sync 1 DAGs
[2024-07-12T01:55:28.760+0530] {logging_mixin.py:188} INFO - [2024-07-12T01:55:28.760+0530] {dag.py:3954} INFO - Setting next_dagrun for example_weekday_branch_operator to 2024-07-10 00:00:00+00:00, run_after=2024-07-11 00:00:00+00:00
[2024-07-12T01:55:28.783+0530] {processor.py:183} INFO - Processing /home/kali/Desktop/projects/git/bank_data_processing/myenv/lib/python3.11/site-packages/airflow/example_dags/example_branch_day_of_week_operator.py took 0.091 seconds
[2024-07-12T01:55:59.223+0530] {processor.py:161} INFO - Started process (PID=44979) to work on /home/kali/Desktop/projects/git/bank_data_processing/myenv/lib/python3.11/site-packages/airflow/example_dags/example_branch_day_of_week_operator.py
[2024-07-12T01:55:59.224+0530] {processor.py:830} INFO - Processing file /home/kali/Desktop/projects/git/bank_data_processing/myenv/lib/python3.11/site-packages/airflow/example_dags/example_branch_day_of_week_operator.py for tasks to queue
[2024-07-12T01:55:59.226+0530] {logging_mixin.py:188} INFO - [2024-07-12T01:55:59.226+0530] {dagbag.py:545} INFO - Filling up the DagBag from /home/kali/Desktop/projects/git/bank_data_processing/myenv/lib/python3.11/site-packages/airflow/example_dags/example_branch_day_of_week_operator.py
[2024-07-12T01:55:59.234+0530] {processor.py:840} INFO - DAG(s) 'example_weekday_branch_operator' retrieved from /home/kali/Desktop/projects/git/bank_data_processing/myenv/lib/python3.11/site-packages/airflow/example_dags/example_branch_day_of_week_operator.py
[2024-07-12T01:55:59.253+0530] {logging_mixin.py:188} INFO - [2024-07-12T01:55:59.253+0530] {dag.py:3096} INFO - Sync 1 DAGs
[2024-07-12T01:55:59.275+0530] {logging_mixin.py:188} INFO - [2024-07-12T01:55:59.274+0530] {dag.py:3954} INFO - Setting next_dagrun for example_weekday_branch_operator to 2024-07-10 00:00:00+00:00, run_after=2024-07-11 00:00:00+00:00
[2024-07-12T01:55:59.298+0530] {processor.py:183} INFO - Processing /home/kali/Desktop/projects/git/bank_data_processing/myenv/lib/python3.11/site-packages/airflow/example_dags/example_branch_day_of_week_operator.py took 0.085 seconds
[2024-07-12T01:56:29.791+0530] {processor.py:161} INFO - Started process (PID=45452) to work on /home/kali/Desktop/projects/git/bank_data_processing/myenv/lib/python3.11/site-packages/airflow/example_dags/example_branch_day_of_week_operator.py
[2024-07-12T01:56:29.792+0530] {processor.py:830} INFO - Processing file /home/kali/Desktop/projects/git/bank_data_processing/myenv/lib/python3.11/site-packages/airflow/example_dags/example_branch_day_of_week_operator.py for tasks to queue
[2024-07-12T01:56:29.793+0530] {logging_mixin.py:188} INFO - [2024-07-12T01:56:29.793+0530] {dagbag.py:545} INFO - Filling up the DagBag from /home/kali/Desktop/projects/git/bank_data_processing/myenv/lib/python3.11/site-packages/airflow/example_dags/example_branch_day_of_week_operator.py
[2024-07-12T01:56:29.802+0530] {processor.py:840} INFO - DAG(s) 'example_weekday_branch_operator' retrieved from /home/kali/Desktop/projects/git/bank_data_processing/myenv/lib/python3.11/site-packages/airflow/example_dags/example_branch_day_of_week_operator.py
[2024-07-12T01:56:29.821+0530] {logging_mixin.py:188} INFO - [2024-07-12T01:56:29.820+0530] {dag.py:3096} INFO - Sync 1 DAGs
[2024-07-12T01:56:29.842+0530] {logging_mixin.py:188} INFO - [2024-07-12T01:56:29.842+0530] {dag.py:3954} INFO - Setting next_dagrun for example_weekday_branch_operator to 2024-07-10 00:00:00+00:00, run_after=2024-07-11 00:00:00+00:00
[2024-07-12T01:56:29.864+0530] {processor.py:183} INFO - Processing /home/kali/Desktop/projects/git/bank_data_processing/myenv/lib/python3.11/site-packages/airflow/example_dags/example_branch_day_of_week_operator.py took 0.082 seconds
[2024-07-12T01:56:59.965+0530] {processor.py:161} INFO - Started process (PID=46011) to work on /home/kali/Desktop/projects/git/bank_data_processing/myenv/lib/python3.11/site-packages/airflow/example_dags/example_branch_day_of_week_operator.py
[2024-07-12T01:56:59.965+0530] {processor.py:830} INFO - Processing file /home/kali/Desktop/projects/git/bank_data_processing/myenv/lib/python3.11/site-packages/airflow/example_dags/example_branch_day_of_week_operator.py for tasks to queue
[2024-07-12T01:56:59.967+0530] {logging_mixin.py:188} INFO - [2024-07-12T01:56:59.967+0530] {dagbag.py:545} INFO - Filling up the DagBag from /home/kali/Desktop/projects/git/bank_data_processing/myenv/lib/python3.11/site-packages/airflow/example_dags/example_branch_day_of_week_operator.py
[2024-07-12T01:56:59.974+0530] {processor.py:840} INFO - DAG(s) 'example_weekday_branch_operator' retrieved from /home/kali/Desktop/projects/git/bank_data_processing/myenv/lib/python3.11/site-packages/airflow/example_dags/example_branch_day_of_week_operator.py
[2024-07-12T01:56:59.992+0530] {logging_mixin.py:188} INFO - [2024-07-12T01:56:59.992+0530] {dag.py:3096} INFO - Sync 1 DAGs
[2024-07-12T01:57:00.012+0530] {logging_mixin.py:188} INFO - [2024-07-12T01:57:00.011+0530] {dag.py:3954} INFO - Setting next_dagrun for example_weekday_branch_operator to 2024-07-10 00:00:00+00:00, run_after=2024-07-11 00:00:00+00:00
[2024-07-12T01:57:00.030+0530] {processor.py:183} INFO - Processing /home/kali/Desktop/projects/git/bank_data_processing/myenv/lib/python3.11/site-packages/airflow/example_dags/example_branch_day_of_week_operator.py took 0.073 seconds
[2024-07-12T01:57:30.921+0530] {processor.py:161} INFO - Started process (PID=46547) to work on /home/kali/Desktop/projects/git/bank_data_processing/myenv/lib/python3.11/site-packages/airflow/example_dags/example_branch_day_of_week_operator.py
[2024-07-12T01:57:30.922+0530] {processor.py:830} INFO - Processing file /home/kali/Desktop/projects/git/bank_data_processing/myenv/lib/python3.11/site-packages/airflow/example_dags/example_branch_day_of_week_operator.py for tasks to queue
[2024-07-12T01:57:30.924+0530] {logging_mixin.py:188} INFO - [2024-07-12T01:57:30.924+0530] {dagbag.py:545} INFO - Filling up the DagBag from /home/kali/Desktop/projects/git/bank_data_processing/myenv/lib/python3.11/site-packages/airflow/example_dags/example_branch_day_of_week_operator.py
[2024-07-12T01:57:30.939+0530] {processor.py:840} INFO - DAG(s) 'example_weekday_branch_operator' retrieved from /home/kali/Desktop/projects/git/bank_data_processing/myenv/lib/python3.11/site-packages/airflow/example_dags/example_branch_day_of_week_operator.py
[2024-07-12T01:57:30.965+0530] {logging_mixin.py:188} INFO - [2024-07-12T01:57:30.965+0530] {dag.py:3096} INFO - Sync 1 DAGs
[2024-07-12T01:57:30.995+0530] {logging_mixin.py:188} INFO - [2024-07-12T01:57:30.995+0530] {dag.py:3954} INFO - Setting next_dagrun for example_weekday_branch_operator to 2024-07-10 00:00:00+00:00, run_after=2024-07-11 00:00:00+00:00
[2024-07-12T01:57:31.024+0530] {processor.py:183} INFO - Processing /home/kali/Desktop/projects/git/bank_data_processing/myenv/lib/python3.11/site-packages/airflow/example_dags/example_branch_day_of_week_operator.py took 0.114 seconds
[2024-07-12T01:58:01.860+0530] {processor.py:161} INFO - Started process (PID=47052) to work on /home/kali/Desktop/projects/git/bank_data_processing/myenv/lib/python3.11/site-packages/airflow/example_dags/example_branch_day_of_week_operator.py
[2024-07-12T01:58:01.861+0530] {processor.py:830} INFO - Processing file /home/kali/Desktop/projects/git/bank_data_processing/myenv/lib/python3.11/site-packages/airflow/example_dags/example_branch_day_of_week_operator.py for tasks to queue
[2024-07-12T01:58:01.863+0530] {logging_mixin.py:188} INFO - [2024-07-12T01:58:01.863+0530] {dagbag.py:545} INFO - Filling up the DagBag from /home/kali/Desktop/projects/git/bank_data_processing/myenv/lib/python3.11/site-packages/airflow/example_dags/example_branch_day_of_week_operator.py
[2024-07-12T01:58:01.872+0530] {processor.py:840} INFO - DAG(s) 'example_weekday_branch_operator' retrieved from /home/kali/Desktop/projects/git/bank_data_processing/myenv/lib/python3.11/site-packages/airflow/example_dags/example_branch_day_of_week_operator.py
[2024-07-12T01:58:01.893+0530] {logging_mixin.py:188} INFO - [2024-07-12T01:58:01.893+0530] {dag.py:3096} INFO - Sync 1 DAGs
[2024-07-12T01:58:01.926+0530] {logging_mixin.py:188} INFO - [2024-07-12T01:58:01.926+0530] {dag.py:3954} INFO - Setting next_dagrun for example_weekday_branch_operator to 2024-07-10 00:00:00+00:00, run_after=2024-07-11 00:00:00+00:00
[2024-07-12T01:58:01.954+0530] {processor.py:183} INFO - Processing /home/kali/Desktop/projects/git/bank_data_processing/myenv/lib/python3.11/site-packages/airflow/example_dags/example_branch_day_of_week_operator.py took 0.104 seconds
[2024-07-12T01:58:32.783+0530] {processor.py:161} INFO - Started process (PID=47518) to work on /home/kali/Desktop/projects/git/bank_data_processing/myenv/lib/python3.11/site-packages/airflow/example_dags/example_branch_day_of_week_operator.py
[2024-07-12T01:58:32.784+0530] {processor.py:830} INFO - Processing file /home/kali/Desktop/projects/git/bank_data_processing/myenv/lib/python3.11/site-packages/airflow/example_dags/example_branch_day_of_week_operator.py for tasks to queue
[2024-07-12T01:58:32.787+0530] {logging_mixin.py:188} INFO - [2024-07-12T01:58:32.786+0530] {dagbag.py:545} INFO - Filling up the DagBag from /home/kali/Desktop/projects/git/bank_data_processing/myenv/lib/python3.11/site-packages/airflow/example_dags/example_branch_day_of_week_operator.py
[2024-07-12T01:58:32.799+0530] {processor.py:840} INFO - DAG(s) 'example_weekday_branch_operator' retrieved from /home/kali/Desktop/projects/git/bank_data_processing/myenv/lib/python3.11/site-packages/airflow/example_dags/example_branch_day_of_week_operator.py
[2024-07-12T01:58:32.825+0530] {logging_mixin.py:188} INFO - [2024-07-12T01:58:32.825+0530] {dag.py:3096} INFO - Sync 1 DAGs
[2024-07-12T01:58:32.857+0530] {logging_mixin.py:188} INFO - [2024-07-12T01:58:32.857+0530] {dag.py:3954} INFO - Setting next_dagrun for example_weekday_branch_operator to 2024-07-10 00:00:00+00:00, run_after=2024-07-11 00:00:00+00:00
[2024-07-12T01:58:32.888+0530] {processor.py:183} INFO - Processing /home/kali/Desktop/projects/git/bank_data_processing/myenv/lib/python3.11/site-packages/airflow/example_dags/example_branch_day_of_week_operator.py took 0.117 seconds
[2024-07-12T01:59:04.169+0530] {processor.py:161} INFO - Started process (PID=48013) to work on /home/kali/Desktop/projects/git/bank_data_processing/myenv/lib/python3.11/site-packages/airflow/example_dags/example_branch_day_of_week_operator.py
[2024-07-12T01:59:04.170+0530] {processor.py:830} INFO - Processing file /home/kali/Desktop/projects/git/bank_data_processing/myenv/lib/python3.11/site-packages/airflow/example_dags/example_branch_day_of_week_operator.py for tasks to queue
[2024-07-12T01:59:04.172+0530] {logging_mixin.py:188} INFO - [2024-07-12T01:59:04.171+0530] {dagbag.py:545} INFO - Filling up the DagBag from /home/kali/Desktop/projects/git/bank_data_processing/myenv/lib/python3.11/site-packages/airflow/example_dags/example_branch_day_of_week_operator.py
[2024-07-12T01:59:04.180+0530] {processor.py:840} INFO - DAG(s) 'example_weekday_branch_operator' retrieved from /home/kali/Desktop/projects/git/bank_data_processing/myenv/lib/python3.11/site-packages/airflow/example_dags/example_branch_day_of_week_operator.py
[2024-07-12T01:59:04.205+0530] {logging_mixin.py:188} INFO - [2024-07-12T01:59:04.204+0530] {dag.py:3096} INFO - Sync 1 DAGs
[2024-07-12T01:59:04.236+0530] {logging_mixin.py:188} INFO - [2024-07-12T01:59:04.236+0530] {dag.py:3954} INFO - Setting next_dagrun for example_weekday_branch_operator to 2024-07-10 00:00:00+00:00, run_after=2024-07-11 00:00:00+00:00
[2024-07-12T01:59:04.261+0530] {processor.py:183} INFO - Processing /home/kali/Desktop/projects/git/bank_data_processing/myenv/lib/python3.11/site-packages/airflow/example_dags/example_branch_day_of_week_operator.py took 0.103 seconds
[2024-07-12T01:59:35.193+0530] {processor.py:161} INFO - Started process (PID=48659) to work on /home/kali/Desktop/projects/git/bank_data_processing/myenv/lib/python3.11/site-packages/airflow/example_dags/example_branch_day_of_week_operator.py
[2024-07-12T01:59:35.195+0530] {processor.py:830} INFO - Processing file /home/kali/Desktop/projects/git/bank_data_processing/myenv/lib/python3.11/site-packages/airflow/example_dags/example_branch_day_of_week_operator.py for tasks to queue
[2024-07-12T01:59:35.196+0530] {logging_mixin.py:188} INFO - [2024-07-12T01:59:35.196+0530] {dagbag.py:545} INFO - Filling up the DagBag from /home/kali/Desktop/projects/git/bank_data_processing/myenv/lib/python3.11/site-packages/airflow/example_dags/example_branch_day_of_week_operator.py
[2024-07-12T01:59:35.204+0530] {processor.py:840} INFO - DAG(s) 'example_weekday_branch_operator' retrieved from /home/kali/Desktop/projects/git/bank_data_processing/myenv/lib/python3.11/site-packages/airflow/example_dags/example_branch_day_of_week_operator.py
[2024-07-12T01:59:35.223+0530] {logging_mixin.py:188} INFO - [2024-07-12T01:59:35.222+0530] {dag.py:3096} INFO - Sync 1 DAGs
[2024-07-12T01:59:35.249+0530] {logging_mixin.py:188} INFO - [2024-07-12T01:59:35.249+0530] {dag.py:3954} INFO - Setting next_dagrun for example_weekday_branch_operator to 2024-07-10 00:00:00+00:00, run_after=2024-07-11 00:00:00+00:00
[2024-07-12T01:59:35.278+0530] {processor.py:183} INFO - Processing /home/kali/Desktop/projects/git/bank_data_processing/myenv/lib/python3.11/site-packages/airflow/example_dags/example_branch_day_of_week_operator.py took 0.094 seconds
[2024-07-12T02:00:20.608+0530] {processor.py:161} INFO - Started process (PID=49785) to work on /home/kali/Desktop/projects/git/bank_data_processing/myenv/lib/python3.11/site-packages/airflow/example_dags/example_branch_day_of_week_operator.py
[2024-07-12T02:00:20.610+0530] {processor.py:830} INFO - Processing file /home/kali/Desktop/projects/git/bank_data_processing/myenv/lib/python3.11/site-packages/airflow/example_dags/example_branch_day_of_week_operator.py for tasks to queue
[2024-07-12T02:00:20.613+0530] {logging_mixin.py:188} INFO - [2024-07-12T02:00:20.612+0530] {dagbag.py:545} INFO - Filling up the DagBag from /home/kali/Desktop/projects/git/bank_data_processing/myenv/lib/python3.11/site-packages/airflow/example_dags/example_branch_day_of_week_operator.py
[2024-07-12T02:00:20.629+0530] {processor.py:840} INFO - DAG(s) 'example_weekday_branch_operator' retrieved from /home/kali/Desktop/projects/git/bank_data_processing/myenv/lib/python3.11/site-packages/airflow/example_dags/example_branch_day_of_week_operator.py
[2024-07-12T02:00:20.662+0530] {logging_mixin.py:188} INFO - [2024-07-12T02:00:20.662+0530] {dag.py:3096} INFO - Sync 1 DAGs
[2024-07-12T02:00:20.705+0530] {logging_mixin.py:188} INFO - [2024-07-12T02:00:20.705+0530] {dag.py:3954} INFO - Setting next_dagrun for example_weekday_branch_operator to 2024-07-10 00:00:00+00:00, run_after=2024-07-11 00:00:00+00:00
[2024-07-12T02:00:20.741+0530] {processor.py:183} INFO - Processing /home/kali/Desktop/projects/git/bank_data_processing/myenv/lib/python3.11/site-packages/airflow/example_dags/example_branch_day_of_week_operator.py took 0.145 seconds
[2024-07-12T02:00:51.445+0530] {processor.py:161} INFO - Started process (PID=50396) to work on /home/kali/Desktop/projects/git/bank_data_processing/myenv/lib/python3.11/site-packages/airflow/example_dags/example_branch_day_of_week_operator.py
[2024-07-12T02:00:51.448+0530] {processor.py:830} INFO - Processing file /home/kali/Desktop/projects/git/bank_data_processing/myenv/lib/python3.11/site-packages/airflow/example_dags/example_branch_day_of_week_operator.py for tasks to queue
[2024-07-12T02:00:51.450+0530] {logging_mixin.py:188} INFO - [2024-07-12T02:00:51.450+0530] {dagbag.py:545} INFO - Filling up the DagBag from /home/kali/Desktop/projects/git/bank_data_processing/myenv/lib/python3.11/site-packages/airflow/example_dags/example_branch_day_of_week_operator.py
[2024-07-12T02:00:51.464+0530] {processor.py:840} INFO - DAG(s) 'example_weekday_branch_operator' retrieved from /home/kali/Desktop/projects/git/bank_data_processing/myenv/lib/python3.11/site-packages/airflow/example_dags/example_branch_day_of_week_operator.py
[2024-07-12T02:00:51.492+0530] {logging_mixin.py:188} INFO - [2024-07-12T02:00:51.492+0530] {dag.py:3096} INFO - Sync 1 DAGs
[2024-07-12T02:00:51.528+0530] {logging_mixin.py:188} INFO - [2024-07-12T02:00:51.528+0530] {dag.py:3954} INFO - Setting next_dagrun for example_weekday_branch_operator to 2024-07-10 00:00:00+00:00, run_after=2024-07-11 00:00:00+00:00
[2024-07-12T02:00:51.564+0530] {processor.py:183} INFO - Processing /home/kali/Desktop/projects/git/bank_data_processing/myenv/lib/python3.11/site-packages/airflow/example_dags/example_branch_day_of_week_operator.py took 0.131 seconds
[2024-07-12T02:01:24.444+0530] {processor.py:161} INFO - Started process (PID=50998) to work on /home/kali/Desktop/projects/git/bank_data_processing/myenv/lib/python3.11/site-packages/airflow/example_dags/example_branch_day_of_week_operator.py
[2024-07-12T02:01:24.447+0530] {processor.py:830} INFO - Processing file /home/kali/Desktop/projects/git/bank_data_processing/myenv/lib/python3.11/site-packages/airflow/example_dags/example_branch_day_of_week_operator.py for tasks to queue
[2024-07-12T02:01:24.451+0530] {logging_mixin.py:188} INFO - [2024-07-12T02:01:24.451+0530] {dagbag.py:545} INFO - Filling up the DagBag from /home/kali/Desktop/projects/git/bank_data_processing/myenv/lib/python3.11/site-packages/airflow/example_dags/example_branch_day_of_week_operator.py
[2024-07-12T02:01:24.468+0530] {processor.py:840} INFO - DAG(s) 'example_weekday_branch_operator' retrieved from /home/kali/Desktop/projects/git/bank_data_processing/myenv/lib/python3.11/site-packages/airflow/example_dags/example_branch_day_of_week_operator.py
[2024-07-12T02:01:24.515+0530] {logging_mixin.py:188} INFO - [2024-07-12T02:01:24.514+0530] {dag.py:3096} INFO - Sync 1 DAGs
[2024-07-12T02:01:24.753+0530] {logging_mixin.py:188} INFO - [2024-07-12T02:01:24.753+0530] {dag.py:3954} INFO - Setting next_dagrun for example_weekday_branch_operator to 2024-07-10 00:00:00+00:00, run_after=2024-07-11 00:00:00+00:00
[2024-07-12T02:01:24.790+0530] {processor.py:183} INFO - Processing /home/kali/Desktop/projects/git/bank_data_processing/myenv/lib/python3.11/site-packages/airflow/example_dags/example_branch_day_of_week_operator.py took 0.359 seconds
[2024-07-12T02:01:55.150+0530] {processor.py:161} INFO - Started process (PID=51651) to work on /home/kali/Desktop/projects/git/bank_data_processing/myenv/lib/python3.11/site-packages/airflow/example_dags/example_branch_day_of_week_operator.py
[2024-07-12T02:01:55.151+0530] {processor.py:830} INFO - Processing file /home/kali/Desktop/projects/git/bank_data_processing/myenv/lib/python3.11/site-packages/airflow/example_dags/example_branch_day_of_week_operator.py for tasks to queue
[2024-07-12T02:01:55.153+0530] {logging_mixin.py:188} INFO - [2024-07-12T02:01:55.152+0530] {dagbag.py:545} INFO - Filling up the DagBag from /home/kali/Desktop/projects/git/bank_data_processing/myenv/lib/python3.11/site-packages/airflow/example_dags/example_branch_day_of_week_operator.py
[2024-07-12T02:01:55.161+0530] {processor.py:840} INFO - DAG(s) 'example_weekday_branch_operator' retrieved from /home/kali/Desktop/projects/git/bank_data_processing/myenv/lib/python3.11/site-packages/airflow/example_dags/example_branch_day_of_week_operator.py
[2024-07-12T02:01:55.182+0530] {logging_mixin.py:188} INFO - [2024-07-12T02:01:55.182+0530] {dag.py:3096} INFO - Sync 1 DAGs
[2024-07-12T02:01:55.207+0530] {logging_mixin.py:188} INFO - [2024-07-12T02:01:55.207+0530] {dag.py:3954} INFO - Setting next_dagrun for example_weekday_branch_operator to 2024-07-10 00:00:00+00:00, run_after=2024-07-11 00:00:00+00:00
[2024-07-12T02:01:55.226+0530] {processor.py:183} INFO - Processing /home/kali/Desktop/projects/git/bank_data_processing/myenv/lib/python3.11/site-packages/airflow/example_dags/example_branch_day_of_week_operator.py took 0.084 seconds
[2024-07-12T02:02:25.880+0530] {processor.py:161} INFO - Started process (PID=52219) to work on /home/kali/Desktop/projects/git/bank_data_processing/myenv/lib/python3.11/site-packages/airflow/example_dags/example_branch_day_of_week_operator.py
[2024-07-12T02:02:25.881+0530] {processor.py:830} INFO - Processing file /home/kali/Desktop/projects/git/bank_data_processing/myenv/lib/python3.11/site-packages/airflow/example_dags/example_branch_day_of_week_operator.py for tasks to queue
[2024-07-12T02:02:25.883+0530] {logging_mixin.py:188} INFO - [2024-07-12T02:02:25.882+0530] {dagbag.py:545} INFO - Filling up the DagBag from /home/kali/Desktop/projects/git/bank_data_processing/myenv/lib/python3.11/site-packages/airflow/example_dags/example_branch_day_of_week_operator.py
[2024-07-12T02:02:25.891+0530] {processor.py:840} INFO - DAG(s) 'example_weekday_branch_operator' retrieved from /home/kali/Desktop/projects/git/bank_data_processing/myenv/lib/python3.11/site-packages/airflow/example_dags/example_branch_day_of_week_operator.py
[2024-07-12T02:02:25.919+0530] {logging_mixin.py:188} INFO - [2024-07-12T02:02:25.919+0530] {dag.py:3096} INFO - Sync 1 DAGs
[2024-07-12T02:02:25.955+0530] {logging_mixin.py:188} INFO - [2024-07-12T02:02:25.955+0530] {dag.py:3954} INFO - Setting next_dagrun for example_weekday_branch_operator to 2024-07-10 00:00:00+00:00, run_after=2024-07-11 00:00:00+00:00
[2024-07-12T02:02:25.982+0530] {processor.py:183} INFO - Processing /home/kali/Desktop/projects/git/bank_data_processing/myenv/lib/python3.11/site-packages/airflow/example_dags/example_branch_day_of_week_operator.py took 0.110 seconds
[2024-07-12T02:02:56.726+0530] {processor.py:161} INFO - Started process (PID=52729) to work on /home/kali/Desktop/projects/git/bank_data_processing/myenv/lib/python3.11/site-packages/airflow/example_dags/example_branch_day_of_week_operator.py
[2024-07-12T02:02:56.729+0530] {processor.py:830} INFO - Processing file /home/kali/Desktop/projects/git/bank_data_processing/myenv/lib/python3.11/site-packages/airflow/example_dags/example_branch_day_of_week_operator.py for tasks to queue
[2024-07-12T02:02:56.733+0530] {logging_mixin.py:188} INFO - [2024-07-12T02:02:56.732+0530] {dagbag.py:545} INFO - Filling up the DagBag from /home/kali/Desktop/projects/git/bank_data_processing/myenv/lib/python3.11/site-packages/airflow/example_dags/example_branch_day_of_week_operator.py
[2024-07-12T02:02:56.755+0530] {processor.py:840} INFO - DAG(s) 'example_weekday_branch_operator' retrieved from /home/kali/Desktop/projects/git/bank_data_processing/myenv/lib/python3.11/site-packages/airflow/example_dags/example_branch_day_of_week_operator.py
[2024-07-12T02:02:56.797+0530] {logging_mixin.py:188} INFO - [2024-07-12T02:02:56.797+0530] {dag.py:3096} INFO - Sync 1 DAGs
[2024-07-12T02:02:56.848+0530] {logging_mixin.py:188} INFO - [2024-07-12T02:02:56.847+0530] {dag.py:3954} INFO - Setting next_dagrun for example_weekday_branch_operator to 2024-07-10 00:00:00+00:00, run_after=2024-07-11 00:00:00+00:00
[2024-07-12T02:02:56.884+0530] {processor.py:183} INFO - Processing /home/kali/Desktop/projects/git/bank_data_processing/myenv/lib/python3.11/site-packages/airflow/example_dags/example_branch_day_of_week_operator.py took 0.178 seconds
[2024-07-12T02:03:27.621+0530] {processor.py:161} INFO - Started process (PID=53285) to work on /home/kali/Desktop/projects/git/bank_data_processing/myenv/lib/python3.11/site-packages/airflow/example_dags/example_branch_day_of_week_operator.py
[2024-07-12T02:03:27.622+0530] {processor.py:830} INFO - Processing file /home/kali/Desktop/projects/git/bank_data_processing/myenv/lib/python3.11/site-packages/airflow/example_dags/example_branch_day_of_week_operator.py for tasks to queue
[2024-07-12T02:03:27.624+0530] {logging_mixin.py:188} INFO - [2024-07-12T02:03:27.623+0530] {dagbag.py:545} INFO - Filling up the DagBag from /home/kali/Desktop/projects/git/bank_data_processing/myenv/lib/python3.11/site-packages/airflow/example_dags/example_branch_day_of_week_operator.py
[2024-07-12T02:03:27.633+0530] {processor.py:840} INFO - DAG(s) 'example_weekday_branch_operator' retrieved from /home/kali/Desktop/projects/git/bank_data_processing/myenv/lib/python3.11/site-packages/airflow/example_dags/example_branch_day_of_week_operator.py
[2024-07-12T02:03:27.652+0530] {logging_mixin.py:188} INFO - [2024-07-12T02:03:27.652+0530] {dag.py:3096} INFO - Sync 1 DAGs
[2024-07-12T02:03:27.673+0530] {logging_mixin.py:188} INFO - [2024-07-12T02:03:27.673+0530] {dag.py:3954} INFO - Setting next_dagrun for example_weekday_branch_operator to 2024-07-10 00:00:00+00:00, run_after=2024-07-11 00:00:00+00:00
[2024-07-12T02:03:27.693+0530] {processor.py:183} INFO - Processing /home/kali/Desktop/projects/git/bank_data_processing/myenv/lib/python3.11/site-packages/airflow/example_dags/example_branch_day_of_week_operator.py took 0.079 seconds
[2024-07-12T02:03:57.989+0530] {processor.py:161} INFO - Started process (PID=53776) to work on /home/kali/Desktop/projects/git/bank_data_processing/myenv/lib/python3.11/site-packages/airflow/example_dags/example_branch_day_of_week_operator.py
[2024-07-12T02:03:57.990+0530] {processor.py:830} INFO - Processing file /home/kali/Desktop/projects/git/bank_data_processing/myenv/lib/python3.11/site-packages/airflow/example_dags/example_branch_day_of_week_operator.py for tasks to queue
[2024-07-12T02:03:57.992+0530] {logging_mixin.py:188} INFO - [2024-07-12T02:03:57.991+0530] {dagbag.py:545} INFO - Filling up the DagBag from /home/kali/Desktop/projects/git/bank_data_processing/myenv/lib/python3.11/site-packages/airflow/example_dags/example_branch_day_of_week_operator.py
[2024-07-12T02:03:58.001+0530] {processor.py:840} INFO - DAG(s) 'example_weekday_branch_operator' retrieved from /home/kali/Desktop/projects/git/bank_data_processing/myenv/lib/python3.11/site-packages/airflow/example_dags/example_branch_day_of_week_operator.py
[2024-07-12T02:03:58.022+0530] {logging_mixin.py:188} INFO - [2024-07-12T02:03:58.022+0530] {dag.py:3096} INFO - Sync 1 DAGs
[2024-07-12T02:03:58.056+0530] {logging_mixin.py:188} INFO - [2024-07-12T02:03:58.055+0530] {dag.py:3954} INFO - Setting next_dagrun for example_weekday_branch_operator to 2024-07-10 00:00:00+00:00, run_after=2024-07-11 00:00:00+00:00
[2024-07-12T02:03:58.077+0530] {processor.py:183} INFO - Processing /home/kali/Desktop/projects/git/bank_data_processing/myenv/lib/python3.11/site-packages/airflow/example_dags/example_branch_day_of_week_operator.py took 0.095 seconds
[2024-07-12T02:04:28.641+0530] {processor.py:161} INFO - Started process (PID=54238) to work on /home/kali/Desktop/projects/git/bank_data_processing/myenv/lib/python3.11/site-packages/airflow/example_dags/example_branch_day_of_week_operator.py
[2024-07-12T02:04:28.643+0530] {processor.py:830} INFO - Processing file /home/kali/Desktop/projects/git/bank_data_processing/myenv/lib/python3.11/site-packages/airflow/example_dags/example_branch_day_of_week_operator.py for tasks to queue
[2024-07-12T02:04:28.645+0530] {logging_mixin.py:188} INFO - [2024-07-12T02:04:28.645+0530] {dagbag.py:545} INFO - Filling up the DagBag from /home/kali/Desktop/projects/git/bank_data_processing/myenv/lib/python3.11/site-packages/airflow/example_dags/example_branch_day_of_week_operator.py
[2024-07-12T02:04:28.656+0530] {processor.py:840} INFO - DAG(s) 'example_weekday_branch_operator' retrieved from /home/kali/Desktop/projects/git/bank_data_processing/myenv/lib/python3.11/site-packages/airflow/example_dags/example_branch_day_of_week_operator.py
[2024-07-12T02:04:28.689+0530] {logging_mixin.py:188} INFO - [2024-07-12T02:04:28.689+0530] {dag.py:3096} INFO - Sync 1 DAGs
[2024-07-12T02:04:28.743+0530] {logging_mixin.py:188} INFO - [2024-07-12T02:04:28.743+0530] {dag.py:3954} INFO - Setting next_dagrun for example_weekday_branch_operator to 2024-07-10 00:00:00+00:00, run_after=2024-07-11 00:00:00+00:00
[2024-07-12T02:04:28.771+0530] {processor.py:183} INFO - Processing /home/kali/Desktop/projects/git/bank_data_processing/myenv/lib/python3.11/site-packages/airflow/example_dags/example_branch_day_of_week_operator.py took 0.137 seconds
[2024-07-12T02:05:00.608+0530] {processor.py:161} INFO - Started process (PID=54828) to work on /home/kali/Desktop/projects/git/bank_data_processing/myenv/lib/python3.11/site-packages/airflow/example_dags/example_branch_day_of_week_operator.py
[2024-07-12T02:05:00.609+0530] {processor.py:830} INFO - Processing file /home/kali/Desktop/projects/git/bank_data_processing/myenv/lib/python3.11/site-packages/airflow/example_dags/example_branch_day_of_week_operator.py for tasks to queue
[2024-07-12T02:05:00.611+0530] {logging_mixin.py:188} INFO - [2024-07-12T02:05:00.611+0530] {dagbag.py:545} INFO - Filling up the DagBag from /home/kali/Desktop/projects/git/bank_data_processing/myenv/lib/python3.11/site-packages/airflow/example_dags/example_branch_day_of_week_operator.py
[2024-07-12T02:05:00.619+0530] {processor.py:840} INFO - DAG(s) 'example_weekday_branch_operator' retrieved from /home/kali/Desktop/projects/git/bank_data_processing/myenv/lib/python3.11/site-packages/airflow/example_dags/example_branch_day_of_week_operator.py
[2024-07-12T02:05:00.639+0530] {logging_mixin.py:188} INFO - [2024-07-12T02:05:00.639+0530] {dag.py:3096} INFO - Sync 1 DAGs
[2024-07-12T02:05:00.665+0530] {logging_mixin.py:188} INFO - [2024-07-12T02:05:00.665+0530] {dag.py:3954} INFO - Setting next_dagrun for example_weekday_branch_operator to 2024-07-10 00:00:00+00:00, run_after=2024-07-11 00:00:00+00:00
[2024-07-12T02:05:00.688+0530] {processor.py:183} INFO - Processing /home/kali/Desktop/projects/git/bank_data_processing/myenv/lib/python3.11/site-packages/airflow/example_dags/example_branch_day_of_week_operator.py took 0.087 seconds
[2024-07-12T02:05:31.108+0530] {processor.py:161} INFO - Started process (PID=55339) to work on /home/kali/Desktop/projects/git/bank_data_processing/myenv/lib/python3.11/site-packages/airflow/example_dags/example_branch_day_of_week_operator.py
[2024-07-12T02:05:31.109+0530] {processor.py:830} INFO - Processing file /home/kali/Desktop/projects/git/bank_data_processing/myenv/lib/python3.11/site-packages/airflow/example_dags/example_branch_day_of_week_operator.py for tasks to queue
[2024-07-12T02:05:31.111+0530] {logging_mixin.py:188} INFO - [2024-07-12T02:05:31.110+0530] {dagbag.py:545} INFO - Filling up the DagBag from /home/kali/Desktop/projects/git/bank_data_processing/myenv/lib/python3.11/site-packages/airflow/example_dags/example_branch_day_of_week_operator.py
[2024-07-12T02:05:31.120+0530] {processor.py:840} INFO - DAG(s) 'example_weekday_branch_operator' retrieved from /home/kali/Desktop/projects/git/bank_data_processing/myenv/lib/python3.11/site-packages/airflow/example_dags/example_branch_day_of_week_operator.py
[2024-07-12T02:05:31.143+0530] {logging_mixin.py:188} INFO - [2024-07-12T02:05:31.143+0530] {dag.py:3096} INFO - Sync 1 DAGs
[2024-07-12T02:05:31.168+0530] {logging_mixin.py:188} INFO - [2024-07-12T02:05:31.168+0530] {dag.py:3954} INFO - Setting next_dagrun for example_weekday_branch_operator to 2024-07-10 00:00:00+00:00, run_after=2024-07-11 00:00:00+00:00
[2024-07-12T02:05:31.190+0530] {processor.py:183} INFO - Processing /home/kali/Desktop/projects/git/bank_data_processing/myenv/lib/python3.11/site-packages/airflow/example_dags/example_branch_day_of_week_operator.py took 0.089 seconds
[2024-07-12T02:06:04.759+0530] {processor.py:161} INFO - Started process (PID=55916) to work on /home/kali/Desktop/projects/git/bank_data_processing/myenv/lib/python3.11/site-packages/airflow/example_dags/example_branch_day_of_week_operator.py
[2024-07-12T02:06:04.760+0530] {processor.py:830} INFO - Processing file /home/kali/Desktop/projects/git/bank_data_processing/myenv/lib/python3.11/site-packages/airflow/example_dags/example_branch_day_of_week_operator.py for tasks to queue
[2024-07-12T02:06:04.762+0530] {logging_mixin.py:188} INFO - [2024-07-12T02:06:04.761+0530] {dagbag.py:545} INFO - Filling up the DagBag from /home/kali/Desktop/projects/git/bank_data_processing/myenv/lib/python3.11/site-packages/airflow/example_dags/example_branch_day_of_week_operator.py
[2024-07-12T02:06:04.771+0530] {processor.py:840} INFO - DAG(s) 'example_weekday_branch_operator' retrieved from /home/kali/Desktop/projects/git/bank_data_processing/myenv/lib/python3.11/site-packages/airflow/example_dags/example_branch_day_of_week_operator.py
[2024-07-12T02:06:04.792+0530] {logging_mixin.py:188} INFO - [2024-07-12T02:06:04.792+0530] {dag.py:3096} INFO - Sync 1 DAGs
[2024-07-12T02:06:04.816+0530] {logging_mixin.py:188} INFO - [2024-07-12T02:06:04.816+0530] {dag.py:3954} INFO - Setting next_dagrun for example_weekday_branch_operator to 2024-07-10 00:00:00+00:00, run_after=2024-07-11 00:00:00+00:00
[2024-07-12T02:06:04.837+0530] {processor.py:183} INFO - Processing /home/kali/Desktop/projects/git/bank_data_processing/myenv/lib/python3.11/site-packages/airflow/example_dags/example_branch_day_of_week_operator.py took 0.085 seconds
[2024-07-12T02:06:37.299+0530] {processor.py:161} INFO - Started process (PID=56593) to work on /home/kali/Desktop/projects/git/bank_data_processing/myenv/lib/python3.11/site-packages/airflow/example_dags/example_branch_day_of_week_operator.py
[2024-07-12T02:06:37.301+0530] {processor.py:830} INFO - Processing file /home/kali/Desktop/projects/git/bank_data_processing/myenv/lib/python3.11/site-packages/airflow/example_dags/example_branch_day_of_week_operator.py for tasks to queue
[2024-07-12T02:06:37.303+0530] {logging_mixin.py:188} INFO - [2024-07-12T02:06:37.302+0530] {dagbag.py:545} INFO - Filling up the DagBag from /home/kali/Desktop/projects/git/bank_data_processing/myenv/lib/python3.11/site-packages/airflow/example_dags/example_branch_day_of_week_operator.py
[2024-07-12T02:06:37.313+0530] {processor.py:840} INFO - DAG(s) 'example_weekday_branch_operator' retrieved from /home/kali/Desktop/projects/git/bank_data_processing/myenv/lib/python3.11/site-packages/airflow/example_dags/example_branch_day_of_week_operator.py
[2024-07-12T02:06:37.336+0530] {logging_mixin.py:188} INFO - [2024-07-12T02:06:37.336+0530] {dag.py:3096} INFO - Sync 1 DAGs
[2024-07-12T02:06:37.362+0530] {logging_mixin.py:188} INFO - [2024-07-12T02:06:37.362+0530] {dag.py:3954} INFO - Setting next_dagrun for example_weekday_branch_operator to 2024-07-10 00:00:00+00:00, run_after=2024-07-11 00:00:00+00:00
[2024-07-12T02:06:37.383+0530] {processor.py:183} INFO - Processing /home/kali/Desktop/projects/git/bank_data_processing/myenv/lib/python3.11/site-packages/airflow/example_dags/example_branch_day_of_week_operator.py took 0.092 seconds
[2024-07-12T02:07:08.134+0530] {processor.py:161} INFO - Started process (PID=57313) to work on /home/kali/Desktop/projects/git/bank_data_processing/myenv/lib/python3.11/site-packages/airflow/example_dags/example_branch_day_of_week_operator.py
[2024-07-12T02:07:08.135+0530] {processor.py:830} INFO - Processing file /home/kali/Desktop/projects/git/bank_data_processing/myenv/lib/python3.11/site-packages/airflow/example_dags/example_branch_day_of_week_operator.py for tasks to queue
[2024-07-12T02:07:08.137+0530] {logging_mixin.py:188} INFO - [2024-07-12T02:07:08.137+0530] {dagbag.py:545} INFO - Filling up the DagBag from /home/kali/Desktop/projects/git/bank_data_processing/myenv/lib/python3.11/site-packages/airflow/example_dags/example_branch_day_of_week_operator.py
[2024-07-12T02:07:08.151+0530] {processor.py:840} INFO - DAG(s) 'example_weekday_branch_operator' retrieved from /home/kali/Desktop/projects/git/bank_data_processing/myenv/lib/python3.11/site-packages/airflow/example_dags/example_branch_day_of_week_operator.py
[2024-07-12T02:07:08.180+0530] {logging_mixin.py:188} INFO - [2024-07-12T02:07:08.180+0530] {dag.py:3096} INFO - Sync 1 DAGs
[2024-07-12T02:07:08.215+0530] {logging_mixin.py:188} INFO - [2024-07-12T02:07:08.215+0530] {dag.py:3954} INFO - Setting next_dagrun for example_weekday_branch_operator to 2024-07-10 00:00:00+00:00, run_after=2024-07-11 00:00:00+00:00
[2024-07-12T02:07:08.245+0530] {processor.py:183} INFO - Processing /home/kali/Desktop/projects/git/bank_data_processing/myenv/lib/python3.11/site-packages/airflow/example_dags/example_branch_day_of_week_operator.py took 0.118 seconds
[2024-07-12T02:07:39.633+0530] {processor.py:161} INFO - Started process (PID=57976) to work on /home/kali/Desktop/projects/git/bank_data_processing/myenv/lib/python3.11/site-packages/airflow/example_dags/example_branch_day_of_week_operator.py
[2024-07-12T02:07:39.637+0530] {processor.py:830} INFO - Processing file /home/kali/Desktop/projects/git/bank_data_processing/myenv/lib/python3.11/site-packages/airflow/example_dags/example_branch_day_of_week_operator.py for tasks to queue
[2024-07-12T02:07:39.640+0530] {logging_mixin.py:188} INFO - [2024-07-12T02:07:39.639+0530] {dagbag.py:545} INFO - Filling up the DagBag from /home/kali/Desktop/projects/git/bank_data_processing/myenv/lib/python3.11/site-packages/airflow/example_dags/example_branch_day_of_week_operator.py
[2024-07-12T02:07:39.651+0530] {processor.py:840} INFO - DAG(s) 'example_weekday_branch_operator' retrieved from /home/kali/Desktop/projects/git/bank_data_processing/myenv/lib/python3.11/site-packages/airflow/example_dags/example_branch_day_of_week_operator.py
[2024-07-12T02:07:39.682+0530] {logging_mixin.py:188} INFO - [2024-07-12T02:07:39.682+0530] {dag.py:3096} INFO - Sync 1 DAGs
[2024-07-12T02:07:39.739+0530] {logging_mixin.py:188} INFO - [2024-07-12T02:07:39.738+0530] {dag.py:3954} INFO - Setting next_dagrun for example_weekday_branch_operator to 2024-07-10 00:00:00+00:00, run_after=2024-07-11 00:00:00+00:00
[2024-07-12T02:07:39.772+0530] {processor.py:183} INFO - Processing /home/kali/Desktop/projects/git/bank_data_processing/myenv/lib/python3.11/site-packages/airflow/example_dags/example_branch_day_of_week_operator.py took 0.147 seconds
[2024-07-12T02:08:10.826+0530] {processor.py:161} INFO - Started process (PID=58475) to work on /home/kali/Desktop/projects/git/bank_data_processing/myenv/lib/python3.11/site-packages/airflow/example_dags/example_branch_day_of_week_operator.py
[2024-07-12T02:08:10.827+0530] {processor.py:830} INFO - Processing file /home/kali/Desktop/projects/git/bank_data_processing/myenv/lib/python3.11/site-packages/airflow/example_dags/example_branch_day_of_week_operator.py for tasks to queue
[2024-07-12T02:08:10.829+0530] {logging_mixin.py:188} INFO - [2024-07-12T02:08:10.829+0530] {dagbag.py:545} INFO - Filling up the DagBag from /home/kali/Desktop/projects/git/bank_data_processing/myenv/lib/python3.11/site-packages/airflow/example_dags/example_branch_day_of_week_operator.py
[2024-07-12T02:08:10.837+0530] {processor.py:840} INFO - DAG(s) 'example_weekday_branch_operator' retrieved from /home/kali/Desktop/projects/git/bank_data_processing/myenv/lib/python3.11/site-packages/airflow/example_dags/example_branch_day_of_week_operator.py
[2024-07-12T02:08:10.856+0530] {logging_mixin.py:188} INFO - [2024-07-12T02:08:10.856+0530] {dag.py:3096} INFO - Sync 1 DAGs
[2024-07-12T02:08:10.879+0530] {logging_mixin.py:188} INFO - [2024-07-12T02:08:10.879+0530] {dag.py:3954} INFO - Setting next_dagrun for example_weekday_branch_operator to 2024-07-10 00:00:00+00:00, run_after=2024-07-11 00:00:00+00:00
[2024-07-12T02:08:10.904+0530] {processor.py:183} INFO - Processing /home/kali/Desktop/projects/git/bank_data_processing/myenv/lib/python3.11/site-packages/airflow/example_dags/example_branch_day_of_week_operator.py took 0.085 seconds
[2024-07-12T02:08:42.027+0530] {processor.py:161} INFO - Started process (PID=59051) to work on /home/kali/Desktop/projects/git/bank_data_processing/myenv/lib/python3.11/site-packages/airflow/example_dags/example_branch_day_of_week_operator.py
[2024-07-12T02:08:42.028+0530] {processor.py:830} INFO - Processing file /home/kali/Desktop/projects/git/bank_data_processing/myenv/lib/python3.11/site-packages/airflow/example_dags/example_branch_day_of_week_operator.py for tasks to queue
[2024-07-12T02:08:42.030+0530] {logging_mixin.py:188} INFO - [2024-07-12T02:08:42.029+0530] {dagbag.py:545} INFO - Filling up the DagBag from /home/kali/Desktop/projects/git/bank_data_processing/myenv/lib/python3.11/site-packages/airflow/example_dags/example_branch_day_of_week_operator.py
[2024-07-12T02:08:42.042+0530] {processor.py:840} INFO - DAG(s) 'example_weekday_branch_operator' retrieved from /home/kali/Desktop/projects/git/bank_data_processing/myenv/lib/python3.11/site-packages/airflow/example_dags/example_branch_day_of_week_operator.py
[2024-07-12T02:08:42.070+0530] {logging_mixin.py:188} INFO - [2024-07-12T02:08:42.069+0530] {dag.py:3096} INFO - Sync 1 DAGs
[2024-07-12T02:08:42.104+0530] {logging_mixin.py:188} INFO - [2024-07-12T02:08:42.103+0530] {dag.py:3954} INFO - Setting next_dagrun for example_weekday_branch_operator to 2024-07-10 00:00:00+00:00, run_after=2024-07-11 00:00:00+00:00
[2024-07-12T02:08:42.136+0530] {processor.py:183} INFO - Processing /home/kali/Desktop/projects/git/bank_data_processing/myenv/lib/python3.11/site-packages/airflow/example_dags/example_branch_day_of_week_operator.py took 0.120 seconds
[2024-07-12T02:09:12.576+0530] {processor.py:161} INFO - Started process (PID=59675) to work on /home/kali/Desktop/projects/git/bank_data_processing/myenv/lib/python3.11/site-packages/airflow/example_dags/example_branch_day_of_week_operator.py
[2024-07-12T02:09:12.577+0530] {processor.py:830} INFO - Processing file /home/kali/Desktop/projects/git/bank_data_processing/myenv/lib/python3.11/site-packages/airflow/example_dags/example_branch_day_of_week_operator.py for tasks to queue
[2024-07-12T02:09:12.578+0530] {logging_mixin.py:188} INFO - [2024-07-12T02:09:12.578+0530] {dagbag.py:545} INFO - Filling up the DagBag from /home/kali/Desktop/projects/git/bank_data_processing/myenv/lib/python3.11/site-packages/airflow/example_dags/example_branch_day_of_week_operator.py
[2024-07-12T02:09:12.591+0530] {processor.py:840} INFO - DAG(s) 'example_weekday_branch_operator' retrieved from /home/kali/Desktop/projects/git/bank_data_processing/myenv/lib/python3.11/site-packages/airflow/example_dags/example_branch_day_of_week_operator.py
[2024-07-12T02:09:12.617+0530] {logging_mixin.py:188} INFO - [2024-07-12T02:09:12.617+0530] {dag.py:3096} INFO - Sync 1 DAGs
[2024-07-12T02:09:12.647+0530] {logging_mixin.py:188} INFO - [2024-07-12T02:09:12.647+0530] {dag.py:3954} INFO - Setting next_dagrun for example_weekday_branch_operator to 2024-07-10 00:00:00+00:00, run_after=2024-07-11 00:00:00+00:00
[2024-07-12T02:09:12.669+0530] {processor.py:183} INFO - Processing /home/kali/Desktop/projects/git/bank_data_processing/myenv/lib/python3.11/site-packages/airflow/example_dags/example_branch_day_of_week_operator.py took 0.100 seconds
[2024-07-12T02:09:44.661+0530] {processor.py:161} INFO - Started process (PID=60431) to work on /home/kali/Desktop/projects/git/bank_data_processing/myenv/lib/python3.11/site-packages/airflow/example_dags/example_branch_day_of_week_operator.py
[2024-07-12T02:09:44.663+0530] {processor.py:830} INFO - Processing file /home/kali/Desktop/projects/git/bank_data_processing/myenv/lib/python3.11/site-packages/airflow/example_dags/example_branch_day_of_week_operator.py for tasks to queue
[2024-07-12T02:09:44.663+0530] {logging_mixin.py:188} INFO - [2024-07-12T02:09:44.663+0530] {dagbag.py:545} INFO - Filling up the DagBag from /home/kali/Desktop/projects/git/bank_data_processing/myenv/lib/python3.11/site-packages/airflow/example_dags/example_branch_day_of_week_operator.py
[2024-07-12T02:09:44.674+0530] {processor.py:840} INFO - DAG(s) 'example_weekday_branch_operator' retrieved from /home/kali/Desktop/projects/git/bank_data_processing/myenv/lib/python3.11/site-packages/airflow/example_dags/example_branch_day_of_week_operator.py
[2024-07-12T02:09:44.696+0530] {logging_mixin.py:188} INFO - [2024-07-12T02:09:44.696+0530] {dag.py:3096} INFO - Sync 1 DAGs
[2024-07-12T02:09:44.724+0530] {logging_mixin.py:188} INFO - [2024-07-12T02:09:44.724+0530] {dag.py:3954} INFO - Setting next_dagrun for example_weekday_branch_operator to 2024-07-10 00:00:00+00:00, run_after=2024-07-11 00:00:00+00:00
[2024-07-12T02:09:44.748+0530] {processor.py:183} INFO - Processing /home/kali/Desktop/projects/git/bank_data_processing/myenv/lib/python3.11/site-packages/airflow/example_dags/example_branch_day_of_week_operator.py took 0.095 seconds
