[2024-07-12T01:47:45.941+0530] {processor.py:161} INFO - Started process (PID=36550) to work on /home/kali/Desktop/projects/git/bank_data_processing/myenv/lib/python3.11/site-packages/airflow/example_dags/example_sla_dag.py
[2024-07-12T01:47:45.942+0530] {processor.py:830} INFO - Processing file /home/kali/Desktop/projects/git/bank_data_processing/myenv/lib/python3.11/site-packages/airflow/example_dags/example_sla_dag.py for tasks to queue
[2024-07-12T01:47:45.943+0530] {logging_mixin.py:188} INFO - [2024-07-12T01:47:45.943+0530] {dagbag.py:545} INFO - Filling up the DagBag from /home/kali/Desktop/projects/git/bank_data_processing/myenv/lib/python3.11/site-packages/airflow/example_dags/example_sla_dag.py
[2024-07-12T01:47:45.952+0530] {processor.py:840} INFO - DAG(s) 'example_sla_dag' retrieved from /home/kali/Desktop/projects/git/bank_data_processing/myenv/lib/python3.11/site-packages/airflow/example_dags/example_sla_dag.py
[2024-07-12T01:47:46.050+0530] {logging_mixin.py:188} INFO - [2024-07-12T01:47:46.049+0530] {dag.py:3096} INFO - Sync 1 DAGs
[2024-07-12T01:47:46.069+0530] {logging_mixin.py:188} INFO - [2024-07-12T01:47:46.069+0530] {dag.py:3954} INFO - Setting next_dagrun for example_sla_dag to 2024-07-11 20:14:00+00:00, run_after=2024-07-11 20:16:00+00:00
[2024-07-12T01:47:46.093+0530] {processor.py:183} INFO - Processing /home/kali/Desktop/projects/git/bank_data_processing/myenv/lib/python3.11/site-packages/airflow/example_dags/example_sla_dag.py took 0.157 seconds
[2024-07-12T01:48:16.143+0530] {processor.py:161} INFO - Started process (PID=37046) to work on /home/kali/Desktop/projects/git/bank_data_processing/myenv/lib/python3.11/site-packages/airflow/example_dags/example_sla_dag.py
[2024-07-12T01:48:16.144+0530] {processor.py:830} INFO - Processing file /home/kali/Desktop/projects/git/bank_data_processing/myenv/lib/python3.11/site-packages/airflow/example_dags/example_sla_dag.py for tasks to queue
[2024-07-12T01:48:16.145+0530] {logging_mixin.py:188} INFO - [2024-07-12T01:48:16.145+0530] {dagbag.py:545} INFO - Filling up the DagBag from /home/kali/Desktop/projects/git/bank_data_processing/myenv/lib/python3.11/site-packages/airflow/example_dags/example_sla_dag.py
[2024-07-12T01:48:16.154+0530] {processor.py:840} INFO - DAG(s) 'example_sla_dag' retrieved from /home/kali/Desktop/projects/git/bank_data_processing/myenv/lib/python3.11/site-packages/airflow/example_dags/example_sla_dag.py
[2024-07-12T01:48:16.172+0530] {logging_mixin.py:188} INFO - [2024-07-12T01:48:16.172+0530] {dag.py:3096} INFO - Sync 1 DAGs
[2024-07-12T01:48:16.195+0530] {logging_mixin.py:188} INFO - [2024-07-12T01:48:16.195+0530] {dag.py:3954} INFO - Setting next_dagrun for example_sla_dag to 2024-07-11 20:16:00+00:00, run_after=2024-07-11 20:18:00+00:00
[2024-07-12T01:48:16.225+0530] {processor.py:183} INFO - Processing /home/kali/Desktop/projects/git/bank_data_processing/myenv/lib/python3.11/site-packages/airflow/example_dags/example_sla_dag.py took 0.089 seconds
[2024-07-12T01:48:46.985+0530] {processor.py:161} INFO - Started process (PID=37427) to work on /home/kali/Desktop/projects/git/bank_data_processing/myenv/lib/python3.11/site-packages/airflow/example_dags/example_sla_dag.py
[2024-07-12T01:48:46.985+0530] {processor.py:830} INFO - Processing file /home/kali/Desktop/projects/git/bank_data_processing/myenv/lib/python3.11/site-packages/airflow/example_dags/example_sla_dag.py for tasks to queue
[2024-07-12T01:48:46.987+0530] {logging_mixin.py:188} INFO - [2024-07-12T01:48:46.987+0530] {dagbag.py:545} INFO - Filling up the DagBag from /home/kali/Desktop/projects/git/bank_data_processing/myenv/lib/python3.11/site-packages/airflow/example_dags/example_sla_dag.py
[2024-07-12T01:48:46.996+0530] {processor.py:840} INFO - DAG(s) 'example_sla_dag' retrieved from /home/kali/Desktop/projects/git/bank_data_processing/myenv/lib/python3.11/site-packages/airflow/example_dags/example_sla_dag.py
[2024-07-12T01:48:47.018+0530] {logging_mixin.py:188} INFO - [2024-07-12T01:48:47.018+0530] {dag.py:3096} INFO - Sync 1 DAGs
[2024-07-12T01:48:47.047+0530] {logging_mixin.py:188} INFO - [2024-07-12T01:48:47.047+0530] {dag.py:3954} INFO - Setting next_dagrun for example_sla_dag to 2024-07-11 20:16:00+00:00, run_after=2024-07-11 20:18:00+00:00
[2024-07-12T01:48:47.075+0530] {processor.py:183} INFO - Processing /home/kali/Desktop/projects/git/bank_data_processing/myenv/lib/python3.11/site-packages/airflow/example_dags/example_sla_dag.py took 0.096 seconds
[2024-07-12T01:49:17.553+0530] {processor.py:161} INFO - Started process (PID=37901) to work on /home/kali/Desktop/projects/git/bank_data_processing/myenv/lib/python3.11/site-packages/airflow/example_dags/example_sla_dag.py
[2024-07-12T01:49:17.554+0530] {processor.py:830} INFO - Processing file /home/kali/Desktop/projects/git/bank_data_processing/myenv/lib/python3.11/site-packages/airflow/example_dags/example_sla_dag.py for tasks to queue
[2024-07-12T01:49:17.556+0530] {logging_mixin.py:188} INFO - [2024-07-12T01:49:17.555+0530] {dagbag.py:545} INFO - Filling up the DagBag from /home/kali/Desktop/projects/git/bank_data_processing/myenv/lib/python3.11/site-packages/airflow/example_dags/example_sla_dag.py
[2024-07-12T01:49:17.565+0530] {processor.py:840} INFO - DAG(s) 'example_sla_dag' retrieved from /home/kali/Desktop/projects/git/bank_data_processing/myenv/lib/python3.11/site-packages/airflow/example_dags/example_sla_dag.py
[2024-07-12T01:49:17.689+0530] {logging_mixin.py:188} INFO - [2024-07-12T01:49:17.689+0530] {dag.py:3096} INFO - Sync 1 DAGs
[2024-07-12T01:49:17.713+0530] {logging_mixin.py:188} INFO - [2024-07-12T01:49:17.713+0530] {dag.py:3954} INFO - Setting next_dagrun for example_sla_dag to 2024-07-11 20:16:00+00:00, run_after=2024-07-11 20:18:00+00:00
[2024-07-12T01:49:17.734+0530] {processor.py:183} INFO - Processing /home/kali/Desktop/projects/git/bank_data_processing/myenv/lib/python3.11/site-packages/airflow/example_dags/example_sla_dag.py took 0.188 seconds
[2024-07-12T01:49:48.052+0530] {processor.py:161} INFO - Started process (PID=38224) to work on /home/kali/Desktop/projects/git/bank_data_processing/myenv/lib/python3.11/site-packages/airflow/example_dags/example_sla_dag.py
[2024-07-12T01:49:48.053+0530] {processor.py:830} INFO - Processing file /home/kali/Desktop/projects/git/bank_data_processing/myenv/lib/python3.11/site-packages/airflow/example_dags/example_sla_dag.py for tasks to queue
[2024-07-12T01:49:48.058+0530] {logging_mixin.py:188} INFO - [2024-07-12T01:49:48.057+0530] {dagbag.py:545} INFO - Filling up the DagBag from /home/kali/Desktop/projects/git/bank_data_processing/myenv/lib/python3.11/site-packages/airflow/example_dags/example_sla_dag.py
[2024-07-12T01:49:48.070+0530] {processor.py:840} INFO - DAG(s) 'example_sla_dag' retrieved from /home/kali/Desktop/projects/git/bank_data_processing/myenv/lib/python3.11/site-packages/airflow/example_dags/example_sla_dag.py
[2024-07-12T01:49:48.098+0530] {logging_mixin.py:188} INFO - [2024-07-12T01:49:48.098+0530] {dag.py:3096} INFO - Sync 1 DAGs
[2024-07-12T01:49:48.134+0530] {logging_mixin.py:188} INFO - [2024-07-12T01:49:48.134+0530] {dag.py:3954} INFO - Setting next_dagrun for example_sla_dag to 2024-07-11 20:16:00+00:00, run_after=2024-07-11 20:18:00+00:00
[2024-07-12T01:49:48.177+0530] {processor.py:183} INFO - Processing /home/kali/Desktop/projects/git/bank_data_processing/myenv/lib/python3.11/site-packages/airflow/example_dags/example_sla_dag.py took 0.132 seconds
[2024-07-12T01:50:19.385+0530] {processor.py:161} INFO - Started process (PID=38587) to work on /home/kali/Desktop/projects/git/bank_data_processing/myenv/lib/python3.11/site-packages/airflow/example_dags/example_sla_dag.py
[2024-07-12T01:50:19.387+0530] {processor.py:830} INFO - Processing file /home/kali/Desktop/projects/git/bank_data_processing/myenv/lib/python3.11/site-packages/airflow/example_dags/example_sla_dag.py for tasks to queue
[2024-07-12T01:50:19.390+0530] {logging_mixin.py:188} INFO - [2024-07-12T01:50:19.389+0530] {dagbag.py:545} INFO - Filling up the DagBag from /home/kali/Desktop/projects/git/bank_data_processing/myenv/lib/python3.11/site-packages/airflow/example_dags/example_sla_dag.py
[2024-07-12T01:50:19.410+0530] {processor.py:840} INFO - DAG(s) 'example_sla_dag' retrieved from /home/kali/Desktop/projects/git/bank_data_processing/myenv/lib/python3.11/site-packages/airflow/example_dags/example_sla_dag.py
[2024-07-12T01:50:19.441+0530] {logging_mixin.py:188} INFO - [2024-07-12T01:50:19.440+0530] {dag.py:3096} INFO - Sync 1 DAGs
[2024-07-12T01:50:19.488+0530] {logging_mixin.py:188} INFO - [2024-07-12T01:50:19.488+0530] {dag.py:3954} INFO - Setting next_dagrun for example_sla_dag to 2024-07-11 20:18:00+00:00, run_after=2024-07-11 20:20:00+00:00
[2024-07-12T01:50:19.527+0530] {processor.py:183} INFO - Processing /home/kali/Desktop/projects/git/bank_data_processing/myenv/lib/python3.11/site-packages/airflow/example_dags/example_sla_dag.py took 0.154 seconds
[2024-07-12T01:50:49.756+0530] {processor.py:161} INFO - Started process (PID=39018) to work on /home/kali/Desktop/projects/git/bank_data_processing/myenv/lib/python3.11/site-packages/airflow/example_dags/example_sla_dag.py
[2024-07-12T01:50:49.757+0530] {processor.py:830} INFO - Processing file /home/kali/Desktop/projects/git/bank_data_processing/myenv/lib/python3.11/site-packages/airflow/example_dags/example_sla_dag.py for tasks to queue
[2024-07-12T01:50:49.759+0530] {logging_mixin.py:188} INFO - [2024-07-12T01:50:49.759+0530] {dagbag.py:545} INFO - Filling up the DagBag from /home/kali/Desktop/projects/git/bank_data_processing/myenv/lib/python3.11/site-packages/airflow/example_dags/example_sla_dag.py
[2024-07-12T01:50:49.770+0530] {processor.py:840} INFO - DAG(s) 'example_sla_dag' retrieved from /home/kali/Desktop/projects/git/bank_data_processing/myenv/lib/python3.11/site-packages/airflow/example_dags/example_sla_dag.py
[2024-07-12T01:50:49.797+0530] {logging_mixin.py:188} INFO - [2024-07-12T01:50:49.796+0530] {dag.py:3096} INFO - Sync 1 DAGs
[2024-07-12T01:50:49.831+0530] {logging_mixin.py:188} INFO - [2024-07-12T01:50:49.831+0530] {dag.py:3954} INFO - Setting next_dagrun for example_sla_dag to 2024-07-11 20:18:00+00:00, run_after=2024-07-11 20:20:00+00:00
[2024-07-12T01:50:49.861+0530] {processor.py:183} INFO - Processing /home/kali/Desktop/projects/git/bank_data_processing/myenv/lib/python3.11/site-packages/airflow/example_dags/example_sla_dag.py took 0.113 seconds
[2024-07-12T01:51:19.960+0530] {processor.py:161} INFO - Started process (PID=39414) to work on /home/kali/Desktop/projects/git/bank_data_processing/myenv/lib/python3.11/site-packages/airflow/example_dags/example_sla_dag.py
[2024-07-12T01:51:19.962+0530] {processor.py:830} INFO - Processing file /home/kali/Desktop/projects/git/bank_data_processing/myenv/lib/python3.11/site-packages/airflow/example_dags/example_sla_dag.py for tasks to queue
[2024-07-12T01:51:19.965+0530] {logging_mixin.py:188} INFO - [2024-07-12T01:51:19.965+0530] {dagbag.py:545} INFO - Filling up the DagBag from /home/kali/Desktop/projects/git/bank_data_processing/myenv/lib/python3.11/site-packages/airflow/example_dags/example_sla_dag.py
[2024-07-12T01:51:19.980+0530] {processor.py:840} INFO - DAG(s) 'example_sla_dag' retrieved from /home/kali/Desktop/projects/git/bank_data_processing/myenv/lib/python3.11/site-packages/airflow/example_dags/example_sla_dag.py
[2024-07-12T01:51:20.004+0530] {logging_mixin.py:188} INFO - [2024-07-12T01:51:20.003+0530] {dag.py:3096} INFO - Sync 1 DAGs
[2024-07-12T01:51:20.039+0530] {logging_mixin.py:188} INFO - [2024-07-12T01:51:20.039+0530] {dag.py:3954} INFO - Setting next_dagrun for example_sla_dag to 2024-07-11 20:18:00+00:00, run_after=2024-07-11 20:20:00+00:00
[2024-07-12T01:51:20.068+0530] {processor.py:183} INFO - Processing /home/kali/Desktop/projects/git/bank_data_processing/myenv/lib/python3.11/site-packages/airflow/example_dags/example_sla_dag.py took 0.118 seconds
[2024-07-12T01:51:51.129+0530] {processor.py:161} INFO - Started process (PID=40009) to work on /home/kali/Desktop/projects/git/bank_data_processing/myenv/lib/python3.11/site-packages/airflow/example_dags/example_sla_dag.py
[2024-07-12T01:51:51.133+0530] {processor.py:830} INFO - Processing file /home/kali/Desktop/projects/git/bank_data_processing/myenv/lib/python3.11/site-packages/airflow/example_dags/example_sla_dag.py for tasks to queue
[2024-07-12T01:51:51.136+0530] {logging_mixin.py:188} INFO - [2024-07-12T01:51:51.136+0530] {dagbag.py:545} INFO - Filling up the DagBag from /home/kali/Desktop/projects/git/bank_data_processing/myenv/lib/python3.11/site-packages/airflow/example_dags/example_sla_dag.py
[2024-07-12T01:51:51.152+0530] {processor.py:840} INFO - DAG(s) 'example_sla_dag' retrieved from /home/kali/Desktop/projects/git/bank_data_processing/myenv/lib/python3.11/site-packages/airflow/example_dags/example_sla_dag.py
[2024-07-12T01:51:51.184+0530] {logging_mixin.py:188} INFO - [2024-07-12T01:51:51.184+0530] {dag.py:3096} INFO - Sync 1 DAGs
[2024-07-12T01:51:51.238+0530] {logging_mixin.py:188} INFO - [2024-07-12T01:51:51.238+0530] {dag.py:3954} INFO - Setting next_dagrun for example_sla_dag to 2024-07-11 20:18:00+00:00, run_after=2024-07-11 20:20:00+00:00
[2024-07-12T01:51:51.285+0530] {processor.py:183} INFO - Processing /home/kali/Desktop/projects/git/bank_data_processing/myenv/lib/python3.11/site-packages/airflow/example_dags/example_sla_dag.py took 0.172 seconds
[2024-07-12T01:52:21.350+0530] {processor.py:161} INFO - Started process (PID=40686) to work on /home/kali/Desktop/projects/git/bank_data_processing/myenv/lib/python3.11/site-packages/airflow/example_dags/example_sla_dag.py
[2024-07-12T01:52:21.351+0530] {processor.py:830} INFO - Processing file /home/kali/Desktop/projects/git/bank_data_processing/myenv/lib/python3.11/site-packages/airflow/example_dags/example_sla_dag.py for tasks to queue
[2024-07-12T01:52:21.353+0530] {logging_mixin.py:188} INFO - [2024-07-12T01:52:21.353+0530] {dagbag.py:545} INFO - Filling up the DagBag from /home/kali/Desktop/projects/git/bank_data_processing/myenv/lib/python3.11/site-packages/airflow/example_dags/example_sla_dag.py
[2024-07-12T01:52:21.362+0530] {processor.py:840} INFO - DAG(s) 'example_sla_dag' retrieved from /home/kali/Desktop/projects/git/bank_data_processing/myenv/lib/python3.11/site-packages/airflow/example_dags/example_sla_dag.py
[2024-07-12T01:52:21.379+0530] {logging_mixin.py:188} INFO - [2024-07-12T01:52:21.379+0530] {dag.py:3096} INFO - Sync 1 DAGs
[2024-07-12T01:52:21.401+0530] {logging_mixin.py:188} INFO - [2024-07-12T01:52:21.401+0530] {dag.py:3954} INFO - Setting next_dagrun for example_sla_dag to 2024-07-11 20:20:00+00:00, run_after=2024-07-11 20:22:00+00:00
[2024-07-12T01:52:21.420+0530] {processor.py:183} INFO - Processing /home/kali/Desktop/projects/git/bank_data_processing/myenv/lib/python3.11/site-packages/airflow/example_dags/example_sla_dag.py took 0.078 seconds
