[2024-07-12T01:47:47.772+0530] {processor.py:161} INFO - Started process (PID=36593) to work on /home/kali/Desktop/projects/git/bank_data_processing/myenv/lib/python3.11/site-packages/airflow/example_dags/example_dag_decorator.py
[2024-07-12T01:47:47.773+0530] {processor.py:830} INFO - Processing file /home/kali/Desktop/projects/git/bank_data_processing/myenv/lib/python3.11/site-packages/airflow/example_dags/example_dag_decorator.py for tasks to queue
[2024-07-12T01:47:47.774+0530] {logging_mixin.py:188} INFO - [2024-07-12T01:47:47.774+0530] {dagbag.py:545} INFO - Filling up the DagBag from /home/kali/Desktop/projects/git/bank_data_processing/myenv/lib/python3.11/site-packages/airflow/example_dags/example_dag_decorator.py
[2024-07-12T01:47:47.854+0530] {processor.py:840} INFO - DAG(s) 'example_dag_decorator' retrieved from /home/kali/Desktop/projects/git/bank_data_processing/myenv/lib/python3.11/site-packages/airflow/example_dags/example_dag_decorator.py
[2024-07-12T01:47:47.863+0530] {logging_mixin.py:188} INFO - [2024-07-12T01:47:47.862+0530] {dag.py:3096} INFO - Sync 1 DAGs
[2024-07-12T01:47:47.874+0530] {logging_mixin.py:188} INFO - [2024-07-12T01:47:47.874+0530] {dag.py:3954} INFO - Setting next_dagrun for example_dag_decorator to None, run_after=None
[2024-07-12T01:47:47.894+0530] {processor.py:183} INFO - Processing /home/kali/Desktop/projects/git/bank_data_processing/myenv/lib/python3.11/site-packages/airflow/example_dags/example_dag_decorator.py took 0.128 seconds
[2024-07-12T01:48:18.299+0530] {processor.py:161} INFO - Started process (PID=37092) to work on /home/kali/Desktop/projects/git/bank_data_processing/myenv/lib/python3.11/site-packages/airflow/example_dags/example_dag_decorator.py
[2024-07-12T01:48:18.299+0530] {processor.py:830} INFO - Processing file /home/kali/Desktop/projects/git/bank_data_processing/myenv/lib/python3.11/site-packages/airflow/example_dags/example_dag_decorator.py for tasks to queue
[2024-07-12T01:48:18.301+0530] {logging_mixin.py:188} INFO - [2024-07-12T01:48:18.301+0530] {dagbag.py:545} INFO - Filling up the DagBag from /home/kali/Desktop/projects/git/bank_data_processing/myenv/lib/python3.11/site-packages/airflow/example_dags/example_dag_decorator.py
[2024-07-12T01:48:18.383+0530] {processor.py:840} INFO - DAG(s) 'example_dag_decorator' retrieved from /home/kali/Desktop/projects/git/bank_data_processing/myenv/lib/python3.11/site-packages/airflow/example_dags/example_dag_decorator.py
[2024-07-12T01:48:18.645+0530] {logging_mixin.py:188} INFO - [2024-07-12T01:48:18.645+0530] {dag.py:3096} INFO - Sync 1 DAGs
[2024-07-12T01:48:18.653+0530] {logging_mixin.py:188} INFO - [2024-07-12T01:48:18.653+0530] {dag.py:3954} INFO - Setting next_dagrun for example_dag_decorator to None, run_after=None
[2024-07-12T01:48:18.671+0530] {processor.py:183} INFO - Processing /home/kali/Desktop/projects/git/bank_data_processing/myenv/lib/python3.11/site-packages/airflow/example_dags/example_dag_decorator.py took 0.379 seconds
[2024-07-12T01:48:49.123+0530] {processor.py:161} INFO - Started process (PID=37467) to work on /home/kali/Desktop/projects/git/bank_data_processing/myenv/lib/python3.11/site-packages/airflow/example_dags/example_dag_decorator.py
[2024-07-12T01:48:49.124+0530] {processor.py:830} INFO - Processing file /home/kali/Desktop/projects/git/bank_data_processing/myenv/lib/python3.11/site-packages/airflow/example_dags/example_dag_decorator.py for tasks to queue
[2024-07-12T01:48:49.126+0530] {logging_mixin.py:188} INFO - [2024-07-12T01:48:49.126+0530] {dagbag.py:545} INFO - Filling up the DagBag from /home/kali/Desktop/projects/git/bank_data_processing/myenv/lib/python3.11/site-packages/airflow/example_dags/example_dag_decorator.py
[2024-07-12T01:48:49.336+0530] {processor.py:840} INFO - DAG(s) 'example_dag_decorator' retrieved from /home/kali/Desktop/projects/git/bank_data_processing/myenv/lib/python3.11/site-packages/airflow/example_dags/example_dag_decorator.py
[2024-07-12T01:48:49.448+0530] {logging_mixin.py:188} INFO - [2024-07-12T01:48:49.448+0530] {dag.py:3096} INFO - Sync 1 DAGs
[2024-07-12T01:48:49.457+0530] {logging_mixin.py:188} INFO - [2024-07-12T01:48:49.457+0530] {dag.py:3954} INFO - Setting next_dagrun for example_dag_decorator to None, run_after=None
[2024-07-12T01:48:49.477+0530] {processor.py:183} INFO - Processing /home/kali/Desktop/projects/git/bank_data_processing/myenv/lib/python3.11/site-packages/airflow/example_dags/example_dag_decorator.py took 0.362 seconds
[2024-07-12T01:49:20.245+0530] {processor.py:161} INFO - Started process (PID=37941) to work on /home/kali/Desktop/projects/git/bank_data_processing/myenv/lib/python3.11/site-packages/airflow/example_dags/example_dag_decorator.py
[2024-07-12T01:49:20.246+0530] {processor.py:830} INFO - Processing file /home/kali/Desktop/projects/git/bank_data_processing/myenv/lib/python3.11/site-packages/airflow/example_dags/example_dag_decorator.py for tasks to queue
[2024-07-12T01:49:20.247+0530] {logging_mixin.py:188} INFO - [2024-07-12T01:49:20.247+0530] {dagbag.py:545} INFO - Filling up the DagBag from /home/kali/Desktop/projects/git/bank_data_processing/myenv/lib/python3.11/site-packages/airflow/example_dags/example_dag_decorator.py
[2024-07-12T01:49:20.343+0530] {processor.py:840} INFO - DAG(s) 'example_dag_decorator' retrieved from /home/kali/Desktop/projects/git/bank_data_processing/myenv/lib/python3.11/site-packages/airflow/example_dags/example_dag_decorator.py
[2024-07-12T01:49:20.451+0530] {logging_mixin.py:188} INFO - [2024-07-12T01:49:20.451+0530] {dag.py:3096} INFO - Sync 1 DAGs
[2024-07-12T01:49:20.461+0530] {logging_mixin.py:188} INFO - [2024-07-12T01:49:20.461+0530] {dag.py:3954} INFO - Setting next_dagrun for example_dag_decorator to None, run_after=None
[2024-07-12T01:49:20.481+0530] {processor.py:183} INFO - Processing /home/kali/Desktop/projects/git/bank_data_processing/myenv/lib/python3.11/site-packages/airflow/example_dags/example_dag_decorator.py took 0.243 seconds
[2024-07-12T01:49:51.097+0530] {processor.py:161} INFO - Started process (PID=38269) to work on /home/kali/Desktop/projects/git/bank_data_processing/myenv/lib/python3.11/site-packages/airflow/example_dags/example_dag_decorator.py
[2024-07-12T01:49:51.097+0530] {processor.py:830} INFO - Processing file /home/kali/Desktop/projects/git/bank_data_processing/myenv/lib/python3.11/site-packages/airflow/example_dags/example_dag_decorator.py for tasks to queue
[2024-07-12T01:49:51.099+0530] {logging_mixin.py:188} INFO - [2024-07-12T01:49:51.099+0530] {dagbag.py:545} INFO - Filling up the DagBag from /home/kali/Desktop/projects/git/bank_data_processing/myenv/lib/python3.11/site-packages/airflow/example_dags/example_dag_decorator.py
[2024-07-12T01:49:51.186+0530] {processor.py:840} INFO - DAG(s) 'example_dag_decorator' retrieved from /home/kali/Desktop/projects/git/bank_data_processing/myenv/lib/python3.11/site-packages/airflow/example_dags/example_dag_decorator.py
[2024-07-12T01:49:51.282+0530] {logging_mixin.py:188} INFO - [2024-07-12T01:49:51.282+0530] {dag.py:3096} INFO - Sync 1 DAGs
[2024-07-12T01:49:51.292+0530] {logging_mixin.py:188} INFO - [2024-07-12T01:49:51.292+0530] {dag.py:3954} INFO - Setting next_dagrun for example_dag_decorator to None, run_after=None
[2024-07-12T01:49:51.311+0530] {processor.py:183} INFO - Processing /home/kali/Desktop/projects/git/bank_data_processing/myenv/lib/python3.11/site-packages/airflow/example_dags/example_dag_decorator.py took 0.221 seconds
[2024-07-12T01:50:21.877+0530] {processor.py:161} INFO - Started process (PID=38642) to work on /home/kali/Desktop/projects/git/bank_data_processing/myenv/lib/python3.11/site-packages/airflow/example_dags/example_dag_decorator.py
[2024-07-12T01:50:21.878+0530] {processor.py:830} INFO - Processing file /home/kali/Desktop/projects/git/bank_data_processing/myenv/lib/python3.11/site-packages/airflow/example_dags/example_dag_decorator.py for tasks to queue
[2024-07-12T01:50:21.879+0530] {logging_mixin.py:188} INFO - [2024-07-12T01:50:21.879+0530] {dagbag.py:545} INFO - Filling up the DagBag from /home/kali/Desktop/projects/git/bank_data_processing/myenv/lib/python3.11/site-packages/airflow/example_dags/example_dag_decorator.py
[2024-07-12T01:50:21.972+0530] {processor.py:840} INFO - DAG(s) 'example_dag_decorator' retrieved from /home/kali/Desktop/projects/git/bank_data_processing/myenv/lib/python3.11/site-packages/airflow/example_dags/example_dag_decorator.py
[2024-07-12T01:50:22.069+0530] {logging_mixin.py:188} INFO - [2024-07-12T01:50:22.069+0530] {dag.py:3096} INFO - Sync 1 DAGs
[2024-07-12T01:50:22.085+0530] {logging_mixin.py:188} INFO - [2024-07-12T01:50:22.085+0530] {dag.py:3954} INFO - Setting next_dagrun for example_dag_decorator to None, run_after=None
[2024-07-12T01:50:22.122+0530] {processor.py:183} INFO - Processing /home/kali/Desktop/projects/git/bank_data_processing/myenv/lib/python3.11/site-packages/airflow/example_dags/example_dag_decorator.py took 0.251 seconds
[2024-07-12T01:50:52.232+0530] {processor.py:161} INFO - Started process (PID=39075) to work on /home/kali/Desktop/projects/git/bank_data_processing/myenv/lib/python3.11/site-packages/airflow/example_dags/example_dag_decorator.py
[2024-07-12T01:50:52.233+0530] {processor.py:830} INFO - Processing file /home/kali/Desktop/projects/git/bank_data_processing/myenv/lib/python3.11/site-packages/airflow/example_dags/example_dag_decorator.py for tasks to queue
[2024-07-12T01:50:52.235+0530] {logging_mixin.py:188} INFO - [2024-07-12T01:50:52.234+0530] {dagbag.py:545} INFO - Filling up the DagBag from /home/kali/Desktop/projects/git/bank_data_processing/myenv/lib/python3.11/site-packages/airflow/example_dags/example_dag_decorator.py
[2024-07-12T01:50:52.321+0530] {processor.py:840} INFO - DAG(s) 'example_dag_decorator' retrieved from /home/kali/Desktop/projects/git/bank_data_processing/myenv/lib/python3.11/site-packages/airflow/example_dags/example_dag_decorator.py
[2024-07-12T01:50:52.420+0530] {logging_mixin.py:188} INFO - [2024-07-12T01:50:52.420+0530] {dag.py:3096} INFO - Sync 1 DAGs
[2024-07-12T01:50:52.429+0530] {logging_mixin.py:188} INFO - [2024-07-12T01:50:52.429+0530] {dag.py:3954} INFO - Setting next_dagrun for example_dag_decorator to None, run_after=None
[2024-07-12T01:50:52.452+0530] {processor.py:183} INFO - Processing /home/kali/Desktop/projects/git/bank_data_processing/myenv/lib/python3.11/site-packages/airflow/example_dags/example_dag_decorator.py took 0.227 seconds
[2024-07-12T01:51:23.390+0530] {processor.py:161} INFO - Started process (PID=39494) to work on /home/kali/Desktop/projects/git/bank_data_processing/myenv/lib/python3.11/site-packages/airflow/example_dags/example_dag_decorator.py
[2024-07-12T01:51:23.390+0530] {processor.py:830} INFO - Processing file /home/kali/Desktop/projects/git/bank_data_processing/myenv/lib/python3.11/site-packages/airflow/example_dags/example_dag_decorator.py for tasks to queue
[2024-07-12T01:51:23.392+0530] {logging_mixin.py:188} INFO - [2024-07-12T01:51:23.392+0530] {dagbag.py:545} INFO - Filling up the DagBag from /home/kali/Desktop/projects/git/bank_data_processing/myenv/lib/python3.11/site-packages/airflow/example_dags/example_dag_decorator.py
[2024-07-12T01:51:23.480+0530] {processor.py:840} INFO - DAG(s) 'example_dag_decorator' retrieved from /home/kali/Desktop/projects/git/bank_data_processing/myenv/lib/python3.11/site-packages/airflow/example_dags/example_dag_decorator.py
[2024-07-12T01:51:23.499+0530] {logging_mixin.py:188} INFO - [2024-07-12T01:51:23.499+0530] {dag.py:3096} INFO - Sync 1 DAGs
[2024-07-12T01:51:23.512+0530] {logging_mixin.py:188} INFO - [2024-07-12T01:51:23.511+0530] {dag.py:3954} INFO - Setting next_dagrun for example_dag_decorator to None, run_after=None
[2024-07-12T01:51:23.534+0530] {processor.py:183} INFO - Processing /home/kali/Desktop/projects/git/bank_data_processing/myenv/lib/python3.11/site-packages/airflow/example_dags/example_dag_decorator.py took 0.152 seconds
[2024-07-12T01:51:53.581+0530] {processor.py:161} INFO - Started process (PID=40078) to work on /home/kali/Desktop/projects/git/bank_data_processing/myenv/lib/python3.11/site-packages/airflow/example_dags/example_dag_decorator.py
[2024-07-12T01:51:53.584+0530] {processor.py:830} INFO - Processing file /home/kali/Desktop/projects/git/bank_data_processing/myenv/lib/python3.11/site-packages/airflow/example_dags/example_dag_decorator.py for tasks to queue
[2024-07-12T01:51:53.587+0530] {logging_mixin.py:188} INFO - [2024-07-12T01:51:53.587+0530] {dagbag.py:545} INFO - Filling up the DagBag from /home/kali/Desktop/projects/git/bank_data_processing/myenv/lib/python3.11/site-packages/airflow/example_dags/example_dag_decorator.py
[2024-07-12T01:51:53.768+0530] {processor.py:840} INFO - DAG(s) 'example_dag_decorator' retrieved from /home/kali/Desktop/projects/git/bank_data_processing/myenv/lib/python3.11/site-packages/airflow/example_dags/example_dag_decorator.py
[2024-07-12T01:51:53.989+0530] {logging_mixin.py:188} INFO - [2024-07-12T01:51:53.989+0530] {dag.py:3096} INFO - Sync 1 DAGs
[2024-07-12T01:51:54.008+0530] {logging_mixin.py:188} INFO - [2024-07-12T01:51:54.008+0530] {dag.py:3954} INFO - Setting next_dagrun for example_dag_decorator to None, run_after=None
[2024-07-12T01:51:54.054+0530] {processor.py:183} INFO - Processing /home/kali/Desktop/projects/git/bank_data_processing/myenv/lib/python3.11/site-packages/airflow/example_dags/example_dag_decorator.py took 0.490 seconds
[2024-07-12T01:52:24.098+0530] {processor.py:161} INFO - Started process (PID=40760) to work on /home/kali/Desktop/projects/git/bank_data_processing/myenv/lib/python3.11/site-packages/airflow/example_dags/example_dag_decorator.py
[2024-07-12T01:52:24.099+0530] {processor.py:830} INFO - Processing file /home/kali/Desktop/projects/git/bank_data_processing/myenv/lib/python3.11/site-packages/airflow/example_dags/example_dag_decorator.py for tasks to queue
[2024-07-12T01:52:24.100+0530] {logging_mixin.py:188} INFO - [2024-07-12T01:52:24.100+0530] {dagbag.py:545} INFO - Filling up the DagBag from /home/kali/Desktop/projects/git/bank_data_processing/myenv/lib/python3.11/site-packages/airflow/example_dags/example_dag_decorator.py
[2024-07-12T01:52:24.177+0530] {processor.py:840} INFO - DAG(s) 'example_dag_decorator' retrieved from /home/kali/Desktop/projects/git/bank_data_processing/myenv/lib/python3.11/site-packages/airflow/example_dags/example_dag_decorator.py
[2024-07-12T01:52:24.272+0530] {logging_mixin.py:188} INFO - [2024-07-12T01:52:24.271+0530] {dag.py:3096} INFO - Sync 1 DAGs
[2024-07-12T01:52:24.279+0530] {logging_mixin.py:188} INFO - [2024-07-12T01:52:24.279+0530] {dag.py:3954} INFO - Setting next_dagrun for example_dag_decorator to None, run_after=None
[2024-07-12T01:52:24.299+0530] {processor.py:183} INFO - Processing /home/kali/Desktop/projects/git/bank_data_processing/myenv/lib/python3.11/site-packages/airflow/example_dags/example_dag_decorator.py took 0.209 seconds
[2024-07-12T01:52:55.206+0530] {processor.py:161} INFO - Started process (PID=41390) to work on /home/kali/Desktop/projects/git/bank_data_processing/myenv/lib/python3.11/site-packages/airflow/example_dags/example_dag_decorator.py
[2024-07-12T01:52:55.212+0530] {processor.py:830} INFO - Processing file /home/kali/Desktop/projects/git/bank_data_processing/myenv/lib/python3.11/site-packages/airflow/example_dags/example_dag_decorator.py for tasks to queue
[2024-07-12T01:52:55.215+0530] {logging_mixin.py:188} INFO - [2024-07-12T01:52:55.215+0530] {dagbag.py:545} INFO - Filling up the DagBag from /home/kali/Desktop/projects/git/bank_data_processing/myenv/lib/python3.11/site-packages/airflow/example_dags/example_dag_decorator.py
[2024-07-12T01:52:55.305+0530] {processor.py:840} INFO - DAG(s) 'example_dag_decorator' retrieved from /home/kali/Desktop/projects/git/bank_data_processing/myenv/lib/python3.11/site-packages/airflow/example_dags/example_dag_decorator.py
[2024-07-12T01:52:55.406+0530] {logging_mixin.py:188} INFO - [2024-07-12T01:52:55.406+0530] {dag.py:3096} INFO - Sync 1 DAGs
[2024-07-12T01:52:55.416+0530] {logging_mixin.py:188} INFO - [2024-07-12T01:52:55.415+0530] {dag.py:3954} INFO - Setting next_dagrun for example_dag_decorator to None, run_after=None
[2024-07-12T01:52:55.435+0530] {processor.py:183} INFO - Processing /home/kali/Desktop/projects/git/bank_data_processing/myenv/lib/python3.11/site-packages/airflow/example_dags/example_dag_decorator.py took 0.246 seconds
[2024-07-12T01:53:25.508+0530] {processor.py:161} INFO - Started process (PID=42025) to work on /home/kali/Desktop/projects/git/bank_data_processing/myenv/lib/python3.11/site-packages/airflow/example_dags/example_dag_decorator.py
[2024-07-12T01:53:25.509+0530] {processor.py:830} INFO - Processing file /home/kali/Desktop/projects/git/bank_data_processing/myenv/lib/python3.11/site-packages/airflow/example_dags/example_dag_decorator.py for tasks to queue
[2024-07-12T01:53:25.511+0530] {logging_mixin.py:188} INFO - [2024-07-12T01:53:25.510+0530] {dagbag.py:545} INFO - Filling up the DagBag from /home/kali/Desktop/projects/git/bank_data_processing/myenv/lib/python3.11/site-packages/airflow/example_dags/example_dag_decorator.py
[2024-07-12T01:53:25.588+0530] {processor.py:840} INFO - DAG(s) 'example_dag_decorator' retrieved from /home/kali/Desktop/projects/git/bank_data_processing/myenv/lib/python3.11/site-packages/airflow/example_dags/example_dag_decorator.py
[2024-07-12T01:53:25.682+0530] {logging_mixin.py:188} INFO - [2024-07-12T01:53:25.681+0530] {dag.py:3096} INFO - Sync 1 DAGs
[2024-07-12T01:53:25.691+0530] {logging_mixin.py:188} INFO - [2024-07-12T01:53:25.691+0530] {dag.py:3954} INFO - Setting next_dagrun for example_dag_decorator to None, run_after=None
[2024-07-12T01:53:25.716+0530] {processor.py:183} INFO - Processing /home/kali/Desktop/projects/git/bank_data_processing/myenv/lib/python3.11/site-packages/airflow/example_dags/example_dag_decorator.py took 0.217 seconds
[2024-07-12T01:53:55.818+0530] {processor.py:161} INFO - Started process (PID=42765) to work on /home/kali/Desktop/projects/git/bank_data_processing/myenv/lib/python3.11/site-packages/airflow/example_dags/example_dag_decorator.py
[2024-07-12T01:53:55.818+0530] {processor.py:830} INFO - Processing file /home/kali/Desktop/projects/git/bank_data_processing/myenv/lib/python3.11/site-packages/airflow/example_dags/example_dag_decorator.py for tasks to queue
[2024-07-12T01:53:55.820+0530] {logging_mixin.py:188} INFO - [2024-07-12T01:53:55.820+0530] {dagbag.py:545} INFO - Filling up the DagBag from /home/kali/Desktop/projects/git/bank_data_processing/myenv/lib/python3.11/site-packages/airflow/example_dags/example_dag_decorator.py
[2024-07-12T01:53:55.949+0530] {processor.py:840} INFO - DAG(s) 'example_dag_decorator' retrieved from /home/kali/Desktop/projects/git/bank_data_processing/myenv/lib/python3.11/site-packages/airflow/example_dags/example_dag_decorator.py
[2024-07-12T01:53:56.133+0530] {logging_mixin.py:188} INFO - [2024-07-12T01:53:56.133+0530] {dag.py:3096} INFO - Sync 1 DAGs
[2024-07-12T01:53:56.149+0530] {logging_mixin.py:188} INFO - [2024-07-12T01:53:56.148+0530] {dag.py:3954} INFO - Setting next_dagrun for example_dag_decorator to None, run_after=None
[2024-07-12T01:53:56.187+0530] {processor.py:183} INFO - Processing /home/kali/Desktop/projects/git/bank_data_processing/myenv/lib/python3.11/site-packages/airflow/example_dags/example_dag_decorator.py took 0.377 seconds
[2024-07-12T01:54:26.286+0530] {processor.py:161} INFO - Started process (PID=43371) to work on /home/kali/Desktop/projects/git/bank_data_processing/myenv/lib/python3.11/site-packages/airflow/example_dags/example_dag_decorator.py
[2024-07-12T01:54:26.292+0530] {processor.py:830} INFO - Processing file /home/kali/Desktop/projects/git/bank_data_processing/myenv/lib/python3.11/site-packages/airflow/example_dags/example_dag_decorator.py for tasks to queue
[2024-07-12T01:54:26.294+0530] {logging_mixin.py:188} INFO - [2024-07-12T01:54:26.294+0530] {dagbag.py:545} INFO - Filling up the DagBag from /home/kali/Desktop/projects/git/bank_data_processing/myenv/lib/python3.11/site-packages/airflow/example_dags/example_dag_decorator.py
[2024-07-12T01:54:26.389+0530] {processor.py:840} INFO - DAG(s) 'example_dag_decorator' retrieved from /home/kali/Desktop/projects/git/bank_data_processing/myenv/lib/python3.11/site-packages/airflow/example_dags/example_dag_decorator.py
[2024-07-12T01:54:26.493+0530] {logging_mixin.py:188} INFO - [2024-07-12T01:54:26.492+0530] {dag.py:3096} INFO - Sync 1 DAGs
[2024-07-12T01:54:26.512+0530] {logging_mixin.py:188} INFO - [2024-07-12T01:54:26.511+0530] {dag.py:3954} INFO - Setting next_dagrun for example_dag_decorator to None, run_after=None
[2024-07-12T01:54:26.542+0530] {processor.py:183} INFO - Processing /home/kali/Desktop/projects/git/bank_data_processing/myenv/lib/python3.11/site-packages/airflow/example_dags/example_dag_decorator.py took 0.275 seconds
[2024-07-12T01:54:56.598+0530] {processor.py:161} INFO - Started process (PID=43957) to work on /home/kali/Desktop/projects/git/bank_data_processing/myenv/lib/python3.11/site-packages/airflow/example_dags/example_dag_decorator.py
[2024-07-12T01:54:56.599+0530] {processor.py:830} INFO - Processing file /home/kali/Desktop/projects/git/bank_data_processing/myenv/lib/python3.11/site-packages/airflow/example_dags/example_dag_decorator.py for tasks to queue
[2024-07-12T01:54:56.601+0530] {logging_mixin.py:188} INFO - [2024-07-12T01:54:56.601+0530] {dagbag.py:545} INFO - Filling up the DagBag from /home/kali/Desktop/projects/git/bank_data_processing/myenv/lib/python3.11/site-packages/airflow/example_dags/example_dag_decorator.py
[2024-07-12T01:54:56.681+0530] {processor.py:840} INFO - DAG(s) 'example_dag_decorator' retrieved from /home/kali/Desktop/projects/git/bank_data_processing/myenv/lib/python3.11/site-packages/airflow/example_dags/example_dag_decorator.py
[2024-07-12T01:54:56.774+0530] {logging_mixin.py:188} INFO - [2024-07-12T01:54:56.773+0530] {dag.py:3096} INFO - Sync 1 DAGs
[2024-07-12T01:54:56.781+0530] {logging_mixin.py:188} INFO - [2024-07-12T01:54:56.781+0530] {dag.py:3954} INFO - Setting next_dagrun for example_dag_decorator to None, run_after=None
[2024-07-12T01:54:56.800+0530] {processor.py:183} INFO - Processing /home/kali/Desktop/projects/git/bank_data_processing/myenv/lib/python3.11/site-packages/airflow/example_dags/example_dag_decorator.py took 0.211 seconds
[2024-07-12T01:55:26.920+0530] {processor.py:161} INFO - Started process (PID=44466) to work on /home/kali/Desktop/projects/git/bank_data_processing/myenv/lib/python3.11/site-packages/airflow/example_dags/example_dag_decorator.py
[2024-07-12T01:55:26.923+0530] {processor.py:830} INFO - Processing file /home/kali/Desktop/projects/git/bank_data_processing/myenv/lib/python3.11/site-packages/airflow/example_dags/example_dag_decorator.py for tasks to queue
[2024-07-12T01:55:26.925+0530] {logging_mixin.py:188} INFO - [2024-07-12T01:55:26.925+0530] {dagbag.py:545} INFO - Filling up the DagBag from /home/kali/Desktop/projects/git/bank_data_processing/myenv/lib/python3.11/site-packages/airflow/example_dags/example_dag_decorator.py
[2024-07-12T01:55:27.049+0530] {processor.py:840} INFO - DAG(s) 'example_dag_decorator' retrieved from /home/kali/Desktop/projects/git/bank_data_processing/myenv/lib/python3.11/site-packages/airflow/example_dags/example_dag_decorator.py
[2024-07-12T01:55:27.211+0530] {logging_mixin.py:188} INFO - [2024-07-12T01:55:27.210+0530] {dag.py:3096} INFO - Sync 1 DAGs
[2024-07-12T01:55:27.225+0530] {logging_mixin.py:188} INFO - [2024-07-12T01:55:27.224+0530] {dag.py:3954} INFO - Setting next_dagrun for example_dag_decorator to None, run_after=None
[2024-07-12T01:55:27.254+0530] {processor.py:183} INFO - Processing /home/kali/Desktop/projects/git/bank_data_processing/myenv/lib/python3.11/site-packages/airflow/example_dags/example_dag_decorator.py took 0.345 seconds
[2024-07-12T01:55:57.491+0530] {processor.py:161} INFO - Started process (PID=44953) to work on /home/kali/Desktop/projects/git/bank_data_processing/myenv/lib/python3.11/site-packages/airflow/example_dags/example_dag_decorator.py
[2024-07-12T01:55:57.492+0530] {processor.py:830} INFO - Processing file /home/kali/Desktop/projects/git/bank_data_processing/myenv/lib/python3.11/site-packages/airflow/example_dags/example_dag_decorator.py for tasks to queue
[2024-07-12T01:55:57.495+0530] {logging_mixin.py:188} INFO - [2024-07-12T01:55:57.494+0530] {dagbag.py:545} INFO - Filling up the DagBag from /home/kali/Desktop/projects/git/bank_data_processing/myenv/lib/python3.11/site-packages/airflow/example_dags/example_dag_decorator.py
[2024-07-12T01:55:57.608+0530] {processor.py:840} INFO - DAG(s) 'example_dag_decorator' retrieved from /home/kali/Desktop/projects/git/bank_data_processing/myenv/lib/python3.11/site-packages/airflow/example_dags/example_dag_decorator.py
[2024-07-12T01:55:57.709+0530] {logging_mixin.py:188} INFO - [2024-07-12T01:55:57.709+0530] {dag.py:3096} INFO - Sync 1 DAGs
[2024-07-12T01:55:57.719+0530] {logging_mixin.py:188} INFO - [2024-07-12T01:55:57.719+0530] {dag.py:3954} INFO - Setting next_dagrun for example_dag_decorator to None, run_after=None
[2024-07-12T01:55:57.741+0530] {processor.py:183} INFO - Processing /home/kali/Desktop/projects/git/bank_data_processing/myenv/lib/python3.11/site-packages/airflow/example_dags/example_dag_decorator.py took 0.259 seconds
[2024-07-12T01:56:28.133+0530] {processor.py:161} INFO - Started process (PID=45424) to work on /home/kali/Desktop/projects/git/bank_data_processing/myenv/lib/python3.11/site-packages/airflow/example_dags/example_dag_decorator.py
[2024-07-12T01:56:28.134+0530] {processor.py:830} INFO - Processing file /home/kali/Desktop/projects/git/bank_data_processing/myenv/lib/python3.11/site-packages/airflow/example_dags/example_dag_decorator.py for tasks to queue
[2024-07-12T01:56:28.136+0530] {logging_mixin.py:188} INFO - [2024-07-12T01:56:28.136+0530] {dagbag.py:545} INFO - Filling up the DagBag from /home/kali/Desktop/projects/git/bank_data_processing/myenv/lib/python3.11/site-packages/airflow/example_dags/example_dag_decorator.py
[2024-07-12T01:56:28.224+0530] {processor.py:840} INFO - DAG(s) 'example_dag_decorator' retrieved from /home/kali/Desktop/projects/git/bank_data_processing/myenv/lib/python3.11/site-packages/airflow/example_dags/example_dag_decorator.py
[2024-07-12T01:56:28.319+0530] {logging_mixin.py:188} INFO - [2024-07-12T01:56:28.319+0530] {dag.py:3096} INFO - Sync 1 DAGs
[2024-07-12T01:56:28.328+0530] {logging_mixin.py:188} INFO - [2024-07-12T01:56:28.328+0530] {dag.py:3954} INFO - Setting next_dagrun for example_dag_decorator to None, run_after=None
[2024-07-12T01:56:28.349+0530] {processor.py:183} INFO - Processing /home/kali/Desktop/projects/git/bank_data_processing/myenv/lib/python3.11/site-packages/airflow/example_dags/example_dag_decorator.py took 0.224 seconds
[2024-07-12T01:56:59.257+0530] {processor.py:161} INFO - Started process (PID=45999) to work on /home/kali/Desktop/projects/git/bank_data_processing/myenv/lib/python3.11/site-packages/airflow/example_dags/example_dag_decorator.py
[2024-07-12T01:56:59.258+0530] {processor.py:830} INFO - Processing file /home/kali/Desktop/projects/git/bank_data_processing/myenv/lib/python3.11/site-packages/airflow/example_dags/example_dag_decorator.py for tasks to queue
[2024-07-12T01:56:59.260+0530] {logging_mixin.py:188} INFO - [2024-07-12T01:56:59.260+0530] {dagbag.py:545} INFO - Filling up the DagBag from /home/kali/Desktop/projects/git/bank_data_processing/myenv/lib/python3.11/site-packages/airflow/example_dags/example_dag_decorator.py
[2024-07-12T01:56:59.348+0530] {processor.py:840} INFO - DAG(s) 'example_dag_decorator' retrieved from /home/kali/Desktop/projects/git/bank_data_processing/myenv/lib/python3.11/site-packages/airflow/example_dags/example_dag_decorator.py
[2024-07-12T01:56:59.444+0530] {logging_mixin.py:188} INFO - [2024-07-12T01:56:59.444+0530] {dag.py:3096} INFO - Sync 1 DAGs
[2024-07-12T01:56:59.453+0530] {logging_mixin.py:188} INFO - [2024-07-12T01:56:59.453+0530] {dag.py:3954} INFO - Setting next_dagrun for example_dag_decorator to None, run_after=None
[2024-07-12T01:56:59.472+0530] {processor.py:183} INFO - Processing /home/kali/Desktop/projects/git/bank_data_processing/myenv/lib/python3.11/site-packages/airflow/example_dags/example_dag_decorator.py took 0.223 seconds
[2024-07-12T01:57:29.993+0530] {processor.py:161} INFO - Started process (PID=46529) to work on /home/kali/Desktop/projects/git/bank_data_processing/myenv/lib/python3.11/site-packages/airflow/example_dags/example_dag_decorator.py
[2024-07-12T01:57:29.995+0530] {processor.py:830} INFO - Processing file /home/kali/Desktop/projects/git/bank_data_processing/myenv/lib/python3.11/site-packages/airflow/example_dags/example_dag_decorator.py for tasks to queue
[2024-07-12T01:57:29.997+0530] {logging_mixin.py:188} INFO - [2024-07-12T01:57:29.996+0530] {dagbag.py:545} INFO - Filling up the DagBag from /home/kali/Desktop/projects/git/bank_data_processing/myenv/lib/python3.11/site-packages/airflow/example_dags/example_dag_decorator.py
[2024-07-12T01:57:30.138+0530] {processor.py:840} INFO - DAG(s) 'example_dag_decorator' retrieved from /home/kali/Desktop/projects/git/bank_data_processing/myenv/lib/python3.11/site-packages/airflow/example_dags/example_dag_decorator.py
[2024-07-12T01:57:30.303+0530] {logging_mixin.py:188} INFO - [2024-07-12T01:57:30.303+0530] {dag.py:3096} INFO - Sync 1 DAGs
[2024-07-12T01:57:30.322+0530] {logging_mixin.py:188} INFO - [2024-07-12T01:57:30.321+0530] {dag.py:3954} INFO - Setting next_dagrun for example_dag_decorator to None, run_after=None
[2024-07-12T01:57:30.356+0530] {processor.py:183} INFO - Processing /home/kali/Desktop/projects/git/bank_data_processing/myenv/lib/python3.11/site-packages/airflow/example_dags/example_dag_decorator.py took 0.374 seconds
[2024-07-12T01:58:00.809+0530] {processor.py:161} INFO - Started process (PID=47022) to work on /home/kali/Desktop/projects/git/bank_data_processing/myenv/lib/python3.11/site-packages/airflow/example_dags/example_dag_decorator.py
[2024-07-12T01:58:00.810+0530] {processor.py:830} INFO - Processing file /home/kali/Desktop/projects/git/bank_data_processing/myenv/lib/python3.11/site-packages/airflow/example_dags/example_dag_decorator.py for tasks to queue
[2024-07-12T01:58:00.813+0530] {logging_mixin.py:188} INFO - [2024-07-12T01:58:00.812+0530] {dagbag.py:545} INFO - Filling up the DagBag from /home/kali/Desktop/projects/git/bank_data_processing/myenv/lib/python3.11/site-packages/airflow/example_dags/example_dag_decorator.py
[2024-07-12T01:58:00.936+0530] {processor.py:840} INFO - DAG(s) 'example_dag_decorator' retrieved from /home/kali/Desktop/projects/git/bank_data_processing/myenv/lib/python3.11/site-packages/airflow/example_dags/example_dag_decorator.py
[2024-07-12T01:58:01.080+0530] {logging_mixin.py:188} INFO - [2024-07-12T01:58:01.080+0530] {dag.py:3096} INFO - Sync 1 DAGs
[2024-07-12T01:58:01.093+0530] {logging_mixin.py:188} INFO - [2024-07-12T01:58:01.093+0530] {dag.py:3954} INFO - Setting next_dagrun for example_dag_decorator to None, run_after=None
[2024-07-12T01:58:01.142+0530] {processor.py:183} INFO - Processing /home/kali/Desktop/projects/git/bank_data_processing/myenv/lib/python3.11/site-packages/airflow/example_dags/example_dag_decorator.py took 0.342 seconds
[2024-07-12T01:58:31.778+0530] {processor.py:161} INFO - Started process (PID=47500) to work on /home/kali/Desktop/projects/git/bank_data_processing/myenv/lib/python3.11/site-packages/airflow/example_dags/example_dag_decorator.py
[2024-07-12T01:58:31.779+0530] {processor.py:830} INFO - Processing file /home/kali/Desktop/projects/git/bank_data_processing/myenv/lib/python3.11/site-packages/airflow/example_dags/example_dag_decorator.py for tasks to queue
[2024-07-12T01:58:31.781+0530] {logging_mixin.py:188} INFO - [2024-07-12T01:58:31.781+0530] {dagbag.py:545} INFO - Filling up the DagBag from /home/kali/Desktop/projects/git/bank_data_processing/myenv/lib/python3.11/site-packages/airflow/example_dags/example_dag_decorator.py
[2024-07-12T01:58:31.933+0530] {processor.py:840} INFO - DAG(s) 'example_dag_decorator' retrieved from /home/kali/Desktop/projects/git/bank_data_processing/myenv/lib/python3.11/site-packages/airflow/example_dags/example_dag_decorator.py
[2024-07-12T01:58:32.086+0530] {logging_mixin.py:188} INFO - [2024-07-12T01:58:32.085+0530] {dag.py:3096} INFO - Sync 1 DAGs
[2024-07-12T01:58:32.101+0530] {logging_mixin.py:188} INFO - [2024-07-12T01:58:32.100+0530] {dag.py:3954} INFO - Setting next_dagrun for example_dag_decorator to None, run_after=None
[2024-07-12T01:58:32.129+0530] {processor.py:183} INFO - Processing /home/kali/Desktop/projects/git/bank_data_processing/myenv/lib/python3.11/site-packages/airflow/example_dags/example_dag_decorator.py took 0.366 seconds
[2024-07-12T01:59:03.430+0530] {processor.py:161} INFO - Started process (PID=48003) to work on /home/kali/Desktop/projects/git/bank_data_processing/myenv/lib/python3.11/site-packages/airflow/example_dags/example_dag_decorator.py
[2024-07-12T01:59:03.432+0530] {processor.py:830} INFO - Processing file /home/kali/Desktop/projects/git/bank_data_processing/myenv/lib/python3.11/site-packages/airflow/example_dags/example_dag_decorator.py for tasks to queue
[2024-07-12T01:59:03.438+0530] {logging_mixin.py:188} INFO - [2024-07-12T01:59:03.436+0530] {dagbag.py:545} INFO - Filling up the DagBag from /home/kali/Desktop/projects/git/bank_data_processing/myenv/lib/python3.11/site-packages/airflow/example_dags/example_dag_decorator.py
[2024-07-12T01:59:03.584+0530] {processor.py:840} INFO - DAG(s) 'example_dag_decorator' retrieved from /home/kali/Desktop/projects/git/bank_data_processing/myenv/lib/python3.11/site-packages/airflow/example_dags/example_dag_decorator.py
[2024-07-12T01:59:03.768+0530] {logging_mixin.py:188} INFO - [2024-07-12T01:59:03.768+0530] {dag.py:3096} INFO - Sync 1 DAGs
[2024-07-12T01:59:03.779+0530] {logging_mixin.py:188} INFO - [2024-07-12T01:59:03.779+0530] {dag.py:3954} INFO - Setting next_dagrun for example_dag_decorator to None, run_after=None
[2024-07-12T01:59:03.804+0530] {processor.py:183} INFO - Processing /home/kali/Desktop/projects/git/bank_data_processing/myenv/lib/python3.11/site-packages/airflow/example_dags/example_dag_decorator.py took 0.392 seconds
[2024-07-12T01:59:34.656+0530] {processor.py:161} INFO - Started process (PID=48649) to work on /home/kali/Desktop/projects/git/bank_data_processing/myenv/lib/python3.11/site-packages/airflow/example_dags/example_dag_decorator.py
[2024-07-12T01:59:34.663+0530] {processor.py:830} INFO - Processing file /home/kali/Desktop/projects/git/bank_data_processing/myenv/lib/python3.11/site-packages/airflow/example_dags/example_dag_decorator.py for tasks to queue
[2024-07-12T01:59:34.666+0530] {logging_mixin.py:188} INFO - [2024-07-12T01:59:34.665+0530] {dagbag.py:545} INFO - Filling up the DagBag from /home/kali/Desktop/projects/git/bank_data_processing/myenv/lib/python3.11/site-packages/airflow/example_dags/example_dag_decorator.py
[2024-07-12T01:59:34.760+0530] {processor.py:840} INFO - DAG(s) 'example_dag_decorator' retrieved from /home/kali/Desktop/projects/git/bank_data_processing/myenv/lib/python3.11/site-packages/airflow/example_dags/example_dag_decorator.py
[2024-07-12T01:59:34.876+0530] {logging_mixin.py:188} INFO - [2024-07-12T01:59:34.876+0530] {dag.py:3096} INFO - Sync 1 DAGs
[2024-07-12T01:59:34.887+0530] {logging_mixin.py:188} INFO - [2024-07-12T01:59:34.887+0530] {dag.py:3954} INFO - Setting next_dagrun for example_dag_decorator to None, run_after=None
[2024-07-12T01:59:34.908+0530] {processor.py:183} INFO - Processing /home/kali/Desktop/projects/git/bank_data_processing/myenv/lib/python3.11/site-packages/airflow/example_dags/example_dag_decorator.py took 0.269 seconds
[2024-07-12T02:00:18.378+0530] {processor.py:161} INFO - Started process (PID=49725) to work on /home/kali/Desktop/projects/git/bank_data_processing/myenv/lib/python3.11/site-packages/airflow/example_dags/example_dag_decorator.py
[2024-07-12T02:00:18.381+0530] {processor.py:830} INFO - Processing file /home/kali/Desktop/projects/git/bank_data_processing/myenv/lib/python3.11/site-packages/airflow/example_dags/example_dag_decorator.py for tasks to queue
[2024-07-12T02:00:18.384+0530] {logging_mixin.py:188} INFO - [2024-07-12T02:00:18.384+0530] {dagbag.py:545} INFO - Filling up the DagBag from /home/kali/Desktop/projects/git/bank_data_processing/myenv/lib/python3.11/site-packages/airflow/example_dags/example_dag_decorator.py
[2024-07-12T02:00:18.545+0530] {processor.py:840} INFO - DAG(s) 'example_dag_decorator' retrieved from /home/kali/Desktop/projects/git/bank_data_processing/myenv/lib/python3.11/site-packages/airflow/example_dags/example_dag_decorator.py
[2024-07-12T02:00:19.015+0530] {logging_mixin.py:188} INFO - [2024-07-12T02:00:19.014+0530] {dag.py:3096} INFO - Sync 1 DAGs
[2024-07-12T02:00:19.054+0530] {logging_mixin.py:188} INFO - [2024-07-12T02:00:19.052+0530] {dag.py:3954} INFO - Setting next_dagrun for example_dag_decorator to None, run_after=None
[2024-07-12T02:00:19.139+0530] {processor.py:183} INFO - Processing /home/kali/Desktop/projects/git/bank_data_processing/myenv/lib/python3.11/site-packages/airflow/example_dags/example_dag_decorator.py took 0.776 seconds
[2024-07-12T02:00:49.347+0530] {processor.py:161} INFO - Started process (PID=50370) to work on /home/kali/Desktop/projects/git/bank_data_processing/myenv/lib/python3.11/site-packages/airflow/example_dags/example_dag_decorator.py
[2024-07-12T02:00:49.348+0530] {processor.py:830} INFO - Processing file /home/kali/Desktop/projects/git/bank_data_processing/myenv/lib/python3.11/site-packages/airflow/example_dags/example_dag_decorator.py for tasks to queue
[2024-07-12T02:00:49.352+0530] {logging_mixin.py:188} INFO - [2024-07-12T02:00:49.350+0530] {dagbag.py:545} INFO - Filling up the DagBag from /home/kali/Desktop/projects/git/bank_data_processing/myenv/lib/python3.11/site-packages/airflow/example_dags/example_dag_decorator.py
[2024-07-12T02:00:49.596+0530] {processor.py:840} INFO - DAG(s) 'example_dag_decorator' retrieved from /home/kali/Desktop/projects/git/bank_data_processing/myenv/lib/python3.11/site-packages/airflow/example_dags/example_dag_decorator.py
[2024-07-12T02:00:49.731+0530] {logging_mixin.py:188} INFO - [2024-07-12T02:00:49.730+0530] {dag.py:3096} INFO - Sync 1 DAGs
[2024-07-12T02:00:49.743+0530] {logging_mixin.py:188} INFO - [2024-07-12T02:00:49.743+0530] {dag.py:3954} INFO - Setting next_dagrun for example_dag_decorator to None, run_after=None
[2024-07-12T02:00:49.780+0530] {processor.py:183} INFO - Processing /home/kali/Desktop/projects/git/bank_data_processing/myenv/lib/python3.11/site-packages/airflow/example_dags/example_dag_decorator.py took 0.442 seconds
[2024-07-12T02:01:22.062+0530] {processor.py:161} INFO - Started process (PID=50942) to work on /home/kali/Desktop/projects/git/bank_data_processing/myenv/lib/python3.11/site-packages/airflow/example_dags/example_dag_decorator.py
[2024-07-12T02:01:22.065+0530] {processor.py:830} INFO - Processing file /home/kali/Desktop/projects/git/bank_data_processing/myenv/lib/python3.11/site-packages/airflow/example_dags/example_dag_decorator.py for tasks to queue
[2024-07-12T02:01:22.070+0530] {logging_mixin.py:188} INFO - [2024-07-12T02:01:22.069+0530] {dagbag.py:545} INFO - Filling up the DagBag from /home/kali/Desktop/projects/git/bank_data_processing/myenv/lib/python3.11/site-packages/airflow/example_dags/example_dag_decorator.py
[2024-07-12T02:01:22.457+0530] {processor.py:840} INFO - DAG(s) 'example_dag_decorator' retrieved from /home/kali/Desktop/projects/git/bank_data_processing/myenv/lib/python3.11/site-packages/airflow/example_dags/example_dag_decorator.py
[2024-07-12T02:01:22.734+0530] {logging_mixin.py:188} INFO - [2024-07-12T02:01:22.734+0530] {dag.py:3096} INFO - Sync 1 DAGs
[2024-07-12T02:01:22.749+0530] {logging_mixin.py:188} INFO - [2024-07-12T02:01:22.748+0530] {dag.py:3954} INFO - Setting next_dagrun for example_dag_decorator to None, run_after=None
[2024-07-12T02:01:22.788+0530] {processor.py:183} INFO - Processing /home/kali/Desktop/projects/git/bank_data_processing/myenv/lib/python3.11/site-packages/airflow/example_dags/example_dag_decorator.py took 0.738 seconds
[2024-07-12T02:01:53.527+0530] {processor.py:161} INFO - Started process (PID=51625) to work on /home/kali/Desktop/projects/git/bank_data_processing/myenv/lib/python3.11/site-packages/airflow/example_dags/example_dag_decorator.py
[2024-07-12T02:01:53.528+0530] {processor.py:830} INFO - Processing file /home/kali/Desktop/projects/git/bank_data_processing/myenv/lib/python3.11/site-packages/airflow/example_dags/example_dag_decorator.py for tasks to queue
[2024-07-12T02:01:53.530+0530] {logging_mixin.py:188} INFO - [2024-07-12T02:01:53.529+0530] {dagbag.py:545} INFO - Filling up the DagBag from /home/kali/Desktop/projects/git/bank_data_processing/myenv/lib/python3.11/site-packages/airflow/example_dags/example_dag_decorator.py
[2024-07-12T02:01:53.622+0530] {processor.py:840} INFO - DAG(s) 'example_dag_decorator' retrieved from /home/kali/Desktop/projects/git/bank_data_processing/myenv/lib/python3.11/site-packages/airflow/example_dags/example_dag_decorator.py
[2024-07-12T02:01:53.731+0530] {logging_mixin.py:188} INFO - [2024-07-12T02:01:53.731+0530] {dag.py:3096} INFO - Sync 1 DAGs
[2024-07-12T02:01:53.740+0530] {logging_mixin.py:188} INFO - [2024-07-12T02:01:53.740+0530] {dag.py:3954} INFO - Setting next_dagrun for example_dag_decorator to None, run_after=None
[2024-07-12T02:01:53.765+0530] {processor.py:183} INFO - Processing /home/kali/Desktop/projects/git/bank_data_processing/myenv/lib/python3.11/site-packages/airflow/example_dags/example_dag_decorator.py took 0.244 seconds
[2024-07-12T02:02:24.240+0530] {processor.py:161} INFO - Started process (PID=52193) to work on /home/kali/Desktop/projects/git/bank_data_processing/myenv/lib/python3.11/site-packages/airflow/example_dags/example_dag_decorator.py
[2024-07-12T02:02:24.241+0530] {processor.py:830} INFO - Processing file /home/kali/Desktop/projects/git/bank_data_processing/myenv/lib/python3.11/site-packages/airflow/example_dags/example_dag_decorator.py for tasks to queue
[2024-07-12T02:02:24.243+0530] {logging_mixin.py:188} INFO - [2024-07-12T02:02:24.242+0530] {dagbag.py:545} INFO - Filling up the DagBag from /home/kali/Desktop/projects/git/bank_data_processing/myenv/lib/python3.11/site-packages/airflow/example_dags/example_dag_decorator.py
[2024-07-12T02:02:24.369+0530] {processor.py:840} INFO - DAG(s) 'example_dag_decorator' retrieved from /home/kali/Desktop/projects/git/bank_data_processing/myenv/lib/python3.11/site-packages/airflow/example_dags/example_dag_decorator.py
[2024-07-12T02:02:24.480+0530] {logging_mixin.py:188} INFO - [2024-07-12T02:02:24.480+0530] {dag.py:3096} INFO - Sync 1 DAGs
[2024-07-12T02:02:24.489+0530] {logging_mixin.py:188} INFO - [2024-07-12T02:02:24.489+0530] {dag.py:3954} INFO - Setting next_dagrun for example_dag_decorator to None, run_after=None
[2024-07-12T02:02:24.509+0530] {processor.py:183} INFO - Processing /home/kali/Desktop/projects/git/bank_data_processing/myenv/lib/python3.11/site-packages/airflow/example_dags/example_dag_decorator.py took 0.276 seconds
[2024-07-12T02:02:55.465+0530] {processor.py:161} INFO - Started process (PID=52703) to work on /home/kali/Desktop/projects/git/bank_data_processing/myenv/lib/python3.11/site-packages/airflow/example_dags/example_dag_decorator.py
[2024-07-12T02:02:55.466+0530] {processor.py:830} INFO - Processing file /home/kali/Desktop/projects/git/bank_data_processing/myenv/lib/python3.11/site-packages/airflow/example_dags/example_dag_decorator.py for tasks to queue
[2024-07-12T02:02:55.470+0530] {logging_mixin.py:188} INFO - [2024-07-12T02:02:55.470+0530] {dagbag.py:545} INFO - Filling up the DagBag from /home/kali/Desktop/projects/git/bank_data_processing/myenv/lib/python3.11/site-packages/airflow/example_dags/example_dag_decorator.py
[2024-07-12T02:02:55.667+0530] {processor.py:840} INFO - DAG(s) 'example_dag_decorator' retrieved from /home/kali/Desktop/projects/git/bank_data_processing/myenv/lib/python3.11/site-packages/airflow/example_dags/example_dag_decorator.py
[2024-07-12T02:02:55.861+0530] {logging_mixin.py:188} INFO - [2024-07-12T02:02:55.860+0530] {dag.py:3096} INFO - Sync 1 DAGs
[2024-07-12T02:02:55.880+0530] {logging_mixin.py:188} INFO - [2024-07-12T02:02:55.879+0530] {dag.py:3954} INFO - Setting next_dagrun for example_dag_decorator to None, run_after=None
[2024-07-12T02:02:55.918+0530] {processor.py:183} INFO - Processing /home/kali/Desktop/projects/git/bank_data_processing/myenv/lib/python3.11/site-packages/airflow/example_dags/example_dag_decorator.py took 0.468 seconds
[2024-07-12T02:03:26.069+0530] {processor.py:161} INFO - Started process (PID=53267) to work on /home/kali/Desktop/projects/git/bank_data_processing/myenv/lib/python3.11/site-packages/airflow/example_dags/example_dag_decorator.py
[2024-07-12T02:03:26.069+0530] {processor.py:830} INFO - Processing file /home/kali/Desktop/projects/git/bank_data_processing/myenv/lib/python3.11/site-packages/airflow/example_dags/example_dag_decorator.py for tasks to queue
[2024-07-12T02:03:26.071+0530] {logging_mixin.py:188} INFO - [2024-07-12T02:03:26.071+0530] {dagbag.py:545} INFO - Filling up the DagBag from /home/kali/Desktop/projects/git/bank_data_processing/myenv/lib/python3.11/site-packages/airflow/example_dags/example_dag_decorator.py
[2024-07-12T02:03:26.152+0530] {processor.py:840} INFO - DAG(s) 'example_dag_decorator' retrieved from /home/kali/Desktop/projects/git/bank_data_processing/myenv/lib/python3.11/site-packages/airflow/example_dags/example_dag_decorator.py
[2024-07-12T02:03:26.249+0530] {logging_mixin.py:188} INFO - [2024-07-12T02:03:26.249+0530] {dag.py:3096} INFO - Sync 1 DAGs
[2024-07-12T02:03:26.258+0530] {logging_mixin.py:188} INFO - [2024-07-12T02:03:26.258+0530] {dag.py:3954} INFO - Setting next_dagrun for example_dag_decorator to None, run_after=None
[2024-07-12T02:03:26.280+0530] {processor.py:183} INFO - Processing /home/kali/Desktop/projects/git/bank_data_processing/myenv/lib/python3.11/site-packages/airflow/example_dags/example_dag_decorator.py took 0.217 seconds
[2024-07-12T02:03:56.377+0530] {processor.py:161} INFO - Started process (PID=53747) to work on /home/kali/Desktop/projects/git/bank_data_processing/myenv/lib/python3.11/site-packages/airflow/example_dags/example_dag_decorator.py
[2024-07-12T02:03:56.378+0530] {processor.py:830} INFO - Processing file /home/kali/Desktop/projects/git/bank_data_processing/myenv/lib/python3.11/site-packages/airflow/example_dags/example_dag_decorator.py for tasks to queue
[2024-07-12T02:03:56.379+0530] {logging_mixin.py:188} INFO - [2024-07-12T02:03:56.379+0530] {dagbag.py:545} INFO - Filling up the DagBag from /home/kali/Desktop/projects/git/bank_data_processing/myenv/lib/python3.11/site-packages/airflow/example_dags/example_dag_decorator.py
[2024-07-12T02:03:56.472+0530] {processor.py:840} INFO - DAG(s) 'example_dag_decorator' retrieved from /home/kali/Desktop/projects/git/bank_data_processing/myenv/lib/python3.11/site-packages/airflow/example_dags/example_dag_decorator.py
[2024-07-12T02:03:56.583+0530] {logging_mixin.py:188} INFO - [2024-07-12T02:03:56.583+0530] {dag.py:3096} INFO - Sync 1 DAGs
[2024-07-12T02:03:56.592+0530] {logging_mixin.py:188} INFO - [2024-07-12T02:03:56.592+0530] {dag.py:3954} INFO - Setting next_dagrun for example_dag_decorator to None, run_after=None
[2024-07-12T02:03:56.616+0530] {processor.py:183} INFO - Processing /home/kali/Desktop/projects/git/bank_data_processing/myenv/lib/python3.11/site-packages/airflow/example_dags/example_dag_decorator.py took 0.246 seconds
[2024-07-12T02:04:27.778+0530] {processor.py:161} INFO - Started process (PID=54220) to work on /home/kali/Desktop/projects/git/bank_data_processing/myenv/lib/python3.11/site-packages/airflow/example_dags/example_dag_decorator.py
[2024-07-12T02:04:27.780+0530] {processor.py:830} INFO - Processing file /home/kali/Desktop/projects/git/bank_data_processing/myenv/lib/python3.11/site-packages/airflow/example_dags/example_dag_decorator.py for tasks to queue
[2024-07-12T02:04:27.782+0530] {logging_mixin.py:188} INFO - [2024-07-12T02:04:27.782+0530] {dagbag.py:545} INFO - Filling up the DagBag from /home/kali/Desktop/projects/git/bank_data_processing/myenv/lib/python3.11/site-packages/airflow/example_dags/example_dag_decorator.py
[2024-07-12T02:04:27.913+0530] {processor.py:840} INFO - DAG(s) 'example_dag_decorator' retrieved from /home/kali/Desktop/projects/git/bank_data_processing/myenv/lib/python3.11/site-packages/airflow/example_dags/example_dag_decorator.py
[2024-07-12T02:04:28.059+0530] {logging_mixin.py:188} INFO - [2024-07-12T02:04:28.059+0530] {dag.py:3096} INFO - Sync 1 DAGs
[2024-07-12T02:04:28.072+0530] {logging_mixin.py:188} INFO - [2024-07-12T02:04:28.072+0530] {dag.py:3954} INFO - Setting next_dagrun for example_dag_decorator to None, run_after=None
[2024-07-12T02:04:28.103+0530] {processor.py:183} INFO - Processing /home/kali/Desktop/projects/git/bank_data_processing/myenv/lib/python3.11/site-packages/airflow/example_dags/example_dag_decorator.py took 0.335 seconds
[2024-07-12T02:04:59.683+0530] {processor.py:161} INFO - Started process (PID=54810) to work on /home/kali/Desktop/projects/git/bank_data_processing/myenv/lib/python3.11/site-packages/airflow/example_dags/example_dag_decorator.py
[2024-07-12T02:04:59.684+0530] {processor.py:830} INFO - Processing file /home/kali/Desktop/projects/git/bank_data_processing/myenv/lib/python3.11/site-packages/airflow/example_dags/example_dag_decorator.py for tasks to queue
[2024-07-12T02:04:59.687+0530] {logging_mixin.py:188} INFO - [2024-07-12T02:04:59.686+0530] {dagbag.py:545} INFO - Filling up the DagBag from /home/kali/Desktop/projects/git/bank_data_processing/myenv/lib/python3.11/site-packages/airflow/example_dags/example_dag_decorator.py
[2024-07-12T02:04:59.812+0530] {processor.py:840} INFO - DAG(s) 'example_dag_decorator' retrieved from /home/kali/Desktop/projects/git/bank_data_processing/myenv/lib/python3.11/site-packages/airflow/example_dags/example_dag_decorator.py
[2024-07-12T02:04:59.980+0530] {logging_mixin.py:188} INFO - [2024-07-12T02:04:59.980+0530] {dag.py:3096} INFO - Sync 1 DAGs
[2024-07-12T02:04:59.990+0530] {logging_mixin.py:188} INFO - [2024-07-12T02:04:59.990+0530] {dag.py:3954} INFO - Setting next_dagrun for example_dag_decorator to None, run_after=None
[2024-07-12T02:05:00.013+0530] {processor.py:183} INFO - Processing /home/kali/Desktop/projects/git/bank_data_processing/myenv/lib/python3.11/site-packages/airflow/example_dags/example_dag_decorator.py took 0.337 seconds
[2024-07-12T02:05:30.451+0530] {processor.py:161} INFO - Started process (PID=55321) to work on /home/kali/Desktop/projects/git/bank_data_processing/myenv/lib/python3.11/site-packages/airflow/example_dags/example_dag_decorator.py
[2024-07-12T02:05:30.452+0530] {processor.py:830} INFO - Processing file /home/kali/Desktop/projects/git/bank_data_processing/myenv/lib/python3.11/site-packages/airflow/example_dags/example_dag_decorator.py for tasks to queue
[2024-07-12T02:05:30.454+0530] {logging_mixin.py:188} INFO - [2024-07-12T02:05:30.453+0530] {dagbag.py:545} INFO - Filling up the DagBag from /home/kali/Desktop/projects/git/bank_data_processing/myenv/lib/python3.11/site-packages/airflow/example_dags/example_dag_decorator.py
[2024-07-12T02:05:30.539+0530] {processor.py:840} INFO - DAG(s) 'example_dag_decorator' retrieved from /home/kali/Desktop/projects/git/bank_data_processing/myenv/lib/python3.11/site-packages/airflow/example_dags/example_dag_decorator.py
[2024-07-12T02:05:30.646+0530] {logging_mixin.py:188} INFO - [2024-07-12T02:05:30.646+0530] {dag.py:3096} INFO - Sync 1 DAGs
[2024-07-12T02:05:30.656+0530] {logging_mixin.py:188} INFO - [2024-07-12T02:05:30.655+0530] {dag.py:3954} INFO - Setting next_dagrun for example_dag_decorator to None, run_after=None
[2024-07-12T02:05:30.677+0530] {processor.py:183} INFO - Processing /home/kali/Desktop/projects/git/bank_data_processing/myenv/lib/python3.11/site-packages/airflow/example_dags/example_dag_decorator.py took 0.232 seconds
[2024-07-12T02:06:03.717+0530] {processor.py:161} INFO - Started process (PID=55897) to work on /home/kali/Desktop/projects/git/bank_data_processing/myenv/lib/python3.11/site-packages/airflow/example_dags/example_dag_decorator.py
[2024-07-12T02:06:03.720+0530] {processor.py:830} INFO - Processing file /home/kali/Desktop/projects/git/bank_data_processing/myenv/lib/python3.11/site-packages/airflow/example_dags/example_dag_decorator.py for tasks to queue
[2024-07-12T02:06:03.724+0530] {logging_mixin.py:188} INFO - [2024-07-12T02:06:03.723+0530] {dagbag.py:545} INFO - Filling up the DagBag from /home/kali/Desktop/projects/git/bank_data_processing/myenv/lib/python3.11/site-packages/airflow/example_dags/example_dag_decorator.py
[2024-07-12T02:06:03.903+0530] {processor.py:840} INFO - DAG(s) 'example_dag_decorator' retrieved from /home/kali/Desktop/projects/git/bank_data_processing/myenv/lib/python3.11/site-packages/airflow/example_dags/example_dag_decorator.py
[2024-07-12T02:06:04.102+0530] {logging_mixin.py:188} INFO - [2024-07-12T02:06:04.102+0530] {dag.py:3096} INFO - Sync 1 DAGs
[2024-07-12T02:06:04.128+0530] {logging_mixin.py:188} INFO - [2024-07-12T02:06:04.128+0530] {dag.py:3954} INFO - Setting next_dagrun for example_dag_decorator to None, run_after=None
[2024-07-12T02:06:04.162+0530] {processor.py:183} INFO - Processing /home/kali/Desktop/projects/git/bank_data_processing/myenv/lib/python3.11/site-packages/airflow/example_dags/example_dag_decorator.py took 0.456 seconds
[2024-07-12T02:06:36.632+0530] {processor.py:161} INFO - Started process (PID=56575) to work on /home/kali/Desktop/projects/git/bank_data_processing/myenv/lib/python3.11/site-packages/airflow/example_dags/example_dag_decorator.py
[2024-07-12T02:06:36.633+0530] {processor.py:830} INFO - Processing file /home/kali/Desktop/projects/git/bank_data_processing/myenv/lib/python3.11/site-packages/airflow/example_dags/example_dag_decorator.py for tasks to queue
[2024-07-12T02:06:36.635+0530] {logging_mixin.py:188} INFO - [2024-07-12T02:06:36.634+0530] {dagbag.py:545} INFO - Filling up the DagBag from /home/kali/Desktop/projects/git/bank_data_processing/myenv/lib/python3.11/site-packages/airflow/example_dags/example_dag_decorator.py
[2024-07-12T02:06:36.727+0530] {processor.py:840} INFO - DAG(s) 'example_dag_decorator' retrieved from /home/kali/Desktop/projects/git/bank_data_processing/myenv/lib/python3.11/site-packages/airflow/example_dags/example_dag_decorator.py
[2024-07-12T02:06:36.848+0530] {logging_mixin.py:188} INFO - [2024-07-12T02:06:36.848+0530] {dag.py:3096} INFO - Sync 1 DAGs
[2024-07-12T02:06:36.864+0530] {logging_mixin.py:188} INFO - [2024-07-12T02:06:36.864+0530] {dag.py:3954} INFO - Setting next_dagrun for example_dag_decorator to None, run_after=None
[2024-07-12T02:06:36.899+0530] {processor.py:183} INFO - Processing /home/kali/Desktop/projects/git/bank_data_processing/myenv/lib/python3.11/site-packages/airflow/example_dags/example_dag_decorator.py took 0.274 seconds
[2024-07-12T02:07:07.257+0530] {processor.py:161} INFO - Started process (PID=57263) to work on /home/kali/Desktop/projects/git/bank_data_processing/myenv/lib/python3.11/site-packages/airflow/example_dags/example_dag_decorator.py
[2024-07-12T02:07:07.259+0530] {processor.py:830} INFO - Processing file /home/kali/Desktop/projects/git/bank_data_processing/myenv/lib/python3.11/site-packages/airflow/example_dags/example_dag_decorator.py for tasks to queue
[2024-07-12T02:07:07.262+0530] {logging_mixin.py:188} INFO - [2024-07-12T02:07:07.262+0530] {dagbag.py:545} INFO - Filling up the DagBag from /home/kali/Desktop/projects/git/bank_data_processing/myenv/lib/python3.11/site-packages/airflow/example_dags/example_dag_decorator.py
[2024-07-12T02:07:07.385+0530] {processor.py:840} INFO - DAG(s) 'example_dag_decorator' retrieved from /home/kali/Desktop/projects/git/bank_data_processing/myenv/lib/python3.11/site-packages/airflow/example_dags/example_dag_decorator.py
[2024-07-12T02:07:07.534+0530] {logging_mixin.py:188} INFO - [2024-07-12T02:07:07.533+0530] {dag.py:3096} INFO - Sync 1 DAGs
[2024-07-12T02:07:07.547+0530] {logging_mixin.py:188} INFO - [2024-07-12T02:07:07.547+0530] {dag.py:3954} INFO - Setting next_dagrun for example_dag_decorator to None, run_after=None
[2024-07-12T02:07:07.573+0530] {processor.py:183} INFO - Processing /home/kali/Desktop/projects/git/bank_data_processing/myenv/lib/python3.11/site-packages/airflow/example_dags/example_dag_decorator.py took 0.326 seconds
[2024-07-12T02:07:38.671+0530] {processor.py:161} INFO - Started process (PID=57943) to work on /home/kali/Desktop/projects/git/bank_data_processing/myenv/lib/python3.11/site-packages/airflow/example_dags/example_dag_decorator.py
[2024-07-12T02:07:38.673+0530] {processor.py:830} INFO - Processing file /home/kali/Desktop/projects/git/bank_data_processing/myenv/lib/python3.11/site-packages/airflow/example_dags/example_dag_decorator.py for tasks to queue
[2024-07-12T02:07:38.675+0530] {logging_mixin.py:188} INFO - [2024-07-12T02:07:38.675+0530] {dagbag.py:545} INFO - Filling up the DagBag from /home/kali/Desktop/projects/git/bank_data_processing/myenv/lib/python3.11/site-packages/airflow/example_dags/example_dag_decorator.py
[2024-07-12T02:07:38.804+0530] {processor.py:840} INFO - DAG(s) 'example_dag_decorator' retrieved from /home/kali/Desktop/projects/git/bank_data_processing/myenv/lib/python3.11/site-packages/airflow/example_dags/example_dag_decorator.py
[2024-07-12T02:07:38.962+0530] {logging_mixin.py:188} INFO - [2024-07-12T02:07:38.962+0530] {dag.py:3096} INFO - Sync 1 DAGs
[2024-07-12T02:07:38.975+0530] {logging_mixin.py:188} INFO - [2024-07-12T02:07:38.975+0530] {dag.py:3954} INFO - Setting next_dagrun for example_dag_decorator to None, run_after=None
[2024-07-12T02:07:39.006+0530] {processor.py:183} INFO - Processing /home/kali/Desktop/projects/git/bank_data_processing/myenv/lib/python3.11/site-packages/airflow/example_dags/example_dag_decorator.py took 0.344 seconds
[2024-07-12T02:08:09.773+0530] {processor.py:161} INFO - Started process (PID=58457) to work on /home/kali/Desktop/projects/git/bank_data_processing/myenv/lib/python3.11/site-packages/airflow/example_dags/example_dag_decorator.py
[2024-07-12T02:08:09.774+0530] {processor.py:830} INFO - Processing file /home/kali/Desktop/projects/git/bank_data_processing/myenv/lib/python3.11/site-packages/airflow/example_dags/example_dag_decorator.py for tasks to queue
[2024-07-12T02:08:09.776+0530] {logging_mixin.py:188} INFO - [2024-07-12T02:08:09.775+0530] {dagbag.py:545} INFO - Filling up the DagBag from /home/kali/Desktop/projects/git/bank_data_processing/myenv/lib/python3.11/site-packages/airflow/example_dags/example_dag_decorator.py
[2024-07-12T02:08:09.907+0530] {processor.py:840} INFO - DAG(s) 'example_dag_decorator' retrieved from /home/kali/Desktop/projects/git/bank_data_processing/myenv/lib/python3.11/site-packages/airflow/example_dags/example_dag_decorator.py
[2024-07-12T02:08:10.069+0530] {logging_mixin.py:188} INFO - [2024-07-12T02:08:10.068+0530] {dag.py:3096} INFO - Sync 1 DAGs
[2024-07-12T02:08:10.080+0530] {logging_mixin.py:188} INFO - [2024-07-12T02:08:10.080+0530] {dag.py:3954} INFO - Setting next_dagrun for example_dag_decorator to None, run_after=None
[2024-07-12T02:08:10.112+0530] {processor.py:183} INFO - Processing /home/kali/Desktop/projects/git/bank_data_processing/myenv/lib/python3.11/site-packages/airflow/example_dags/example_dag_decorator.py took 0.347 seconds
[2024-07-12T02:08:41.043+0530] {processor.py:161} INFO - Started process (PID=59018) to work on /home/kali/Desktop/projects/git/bank_data_processing/myenv/lib/python3.11/site-packages/airflow/example_dags/example_dag_decorator.py
[2024-07-12T02:08:41.044+0530] {processor.py:830} INFO - Processing file /home/kali/Desktop/projects/git/bank_data_processing/myenv/lib/python3.11/site-packages/airflow/example_dags/example_dag_decorator.py for tasks to queue
[2024-07-12T02:08:41.046+0530] {logging_mixin.py:188} INFO - [2024-07-12T02:08:41.046+0530] {dagbag.py:545} INFO - Filling up the DagBag from /home/kali/Desktop/projects/git/bank_data_processing/myenv/lib/python3.11/site-packages/airflow/example_dags/example_dag_decorator.py
[2024-07-12T02:08:41.196+0530] {processor.py:840} INFO - DAG(s) 'example_dag_decorator' retrieved from /home/kali/Desktop/projects/git/bank_data_processing/myenv/lib/python3.11/site-packages/airflow/example_dags/example_dag_decorator.py
[2024-07-12T02:08:41.351+0530] {logging_mixin.py:188} INFO - [2024-07-12T02:08:41.350+0530] {dag.py:3096} INFO - Sync 1 DAGs
[2024-07-12T02:08:41.367+0530] {logging_mixin.py:188} INFO - [2024-07-12T02:08:41.367+0530] {dag.py:3954} INFO - Setting next_dagrun for example_dag_decorator to None, run_after=None
[2024-07-12T02:08:41.399+0530] {processor.py:183} INFO - Processing /home/kali/Desktop/projects/git/bank_data_processing/myenv/lib/python3.11/site-packages/airflow/example_dags/example_dag_decorator.py took 0.368 seconds
[2024-07-12T02:09:11.675+0530] {processor.py:161} INFO - Started process (PID=59640) to work on /home/kali/Desktop/projects/git/bank_data_processing/myenv/lib/python3.11/site-packages/airflow/example_dags/example_dag_decorator.py
[2024-07-12T02:09:11.676+0530] {processor.py:830} INFO - Processing file /home/kali/Desktop/projects/git/bank_data_processing/myenv/lib/python3.11/site-packages/airflow/example_dags/example_dag_decorator.py for tasks to queue
[2024-07-12T02:09:11.677+0530] {logging_mixin.py:188} INFO - [2024-07-12T02:09:11.677+0530] {dagbag.py:545} INFO - Filling up the DagBag from /home/kali/Desktop/projects/git/bank_data_processing/myenv/lib/python3.11/site-packages/airflow/example_dags/example_dag_decorator.py
[2024-07-12T02:09:11.795+0530] {processor.py:840} INFO - DAG(s) 'example_dag_decorator' retrieved from /home/kali/Desktop/projects/git/bank_data_processing/myenv/lib/python3.11/site-packages/airflow/example_dags/example_dag_decorator.py
[2024-07-12T02:09:11.915+0530] {logging_mixin.py:188} INFO - [2024-07-12T02:09:11.915+0530] {dag.py:3096} INFO - Sync 1 DAGs
[2024-07-12T02:09:11.925+0530] {logging_mixin.py:188} INFO - [2024-07-12T02:09:11.925+0530] {dag.py:3954} INFO - Setting next_dagrun for example_dag_decorator to None, run_after=None
[2024-07-12T02:09:11.948+0530] {processor.py:183} INFO - Processing /home/kali/Desktop/projects/git/bank_data_processing/myenv/lib/python3.11/site-packages/airflow/example_dags/example_dag_decorator.py took 0.281 seconds
[2024-07-12T02:09:43.835+0530] {processor.py:161} INFO - Started process (PID=60369) to work on /home/kali/Desktop/projects/git/bank_data_processing/myenv/lib/python3.11/site-packages/airflow/example_dags/example_dag_decorator.py
[2024-07-12T02:09:43.836+0530] {processor.py:830} INFO - Processing file /home/kali/Desktop/projects/git/bank_data_processing/myenv/lib/python3.11/site-packages/airflow/example_dags/example_dag_decorator.py for tasks to queue
[2024-07-12T02:09:43.836+0530] {logging_mixin.py:188} INFO - [2024-07-12T02:09:43.836+0530] {dagbag.py:545} INFO - Filling up the DagBag from /home/kali/Desktop/projects/git/bank_data_processing/myenv/lib/python3.11/site-packages/airflow/example_dags/example_dag_decorator.py
[2024-07-12T02:09:43.923+0530] {processor.py:840} INFO - DAG(s) 'example_dag_decorator' retrieved from /home/kali/Desktop/projects/git/bank_data_processing/myenv/lib/python3.11/site-packages/airflow/example_dags/example_dag_decorator.py
[2024-07-12T02:09:44.048+0530] {logging_mixin.py:188} INFO - [2024-07-12T02:09:44.048+0530] {dag.py:3096} INFO - Sync 1 DAGs
[2024-07-12T02:09:44.059+0530] {logging_mixin.py:188} INFO - [2024-07-12T02:09:44.059+0530] {dag.py:3954} INFO - Setting next_dagrun for example_dag_decorator to None, run_after=None
[2024-07-12T02:09:44.084+0530] {processor.py:183} INFO - Processing /home/kali/Desktop/projects/git/bank_data_processing/myenv/lib/python3.11/site-packages/airflow/example_dags/example_dag_decorator.py took 0.256 seconds
