[2024-07-12T01:47:47.263+0530] {processor.py:161} INFO - Started process (PID=36588) to work on /home/kali/Desktop/projects/git/bank_data_processing/myenv/lib/python3.11/site-packages/airflow/example_dags/example_sensor_decorator.py
[2024-07-12T01:47:47.264+0530] {processor.py:830} INFO - Processing file /home/kali/Desktop/projects/git/bank_data_processing/myenv/lib/python3.11/site-packages/airflow/example_dags/example_sensor_decorator.py for tasks to queue
[2024-07-12T01:47:47.265+0530] {logging_mixin.py:188} INFO - [2024-07-12T01:47:47.265+0530] {dagbag.py:545} INFO - Filling up the DagBag from /home/kali/Desktop/projects/git/bank_data_processing/myenv/lib/python3.11/site-packages/airflow/example_dags/example_sensor_decorator.py
[2024-07-12T01:47:47.274+0530] {processor.py:840} INFO - DAG(s) 'example_sensor_decorator' retrieved from /home/kali/Desktop/projects/git/bank_data_processing/myenv/lib/python3.11/site-packages/airflow/example_dags/example_sensor_decorator.py
[2024-07-12T01:47:47.366+0530] {logging_mixin.py:188} INFO - [2024-07-12T01:47:47.366+0530] {dag.py:3096} INFO - Sync 1 DAGs
[2024-07-12T01:47:47.375+0530] {logging_mixin.py:188} INFO - [2024-07-12T01:47:47.375+0530] {dag.py:3954} INFO - Setting next_dagrun for example_sensor_decorator to None, run_after=None
[2024-07-12T01:47:47.396+0530] {processor.py:183} INFO - Processing /home/kali/Desktop/projects/git/bank_data_processing/myenv/lib/python3.11/site-packages/airflow/example_dags/example_sensor_decorator.py took 0.139 seconds
[2024-07-12T01:48:18.044+0530] {processor.py:161} INFO - Started process (PID=37079) to work on /home/kali/Desktop/projects/git/bank_data_processing/myenv/lib/python3.11/site-packages/airflow/example_dags/example_sensor_decorator.py
[2024-07-12T01:48:18.045+0530] {processor.py:830} INFO - Processing file /home/kali/Desktop/projects/git/bank_data_processing/myenv/lib/python3.11/site-packages/airflow/example_dags/example_sensor_decorator.py for tasks to queue
[2024-07-12T01:48:18.047+0530] {logging_mixin.py:188} INFO - [2024-07-12T01:48:18.047+0530] {dagbag.py:545} INFO - Filling up the DagBag from /home/kali/Desktop/projects/git/bank_data_processing/myenv/lib/python3.11/site-packages/airflow/example_dags/example_sensor_decorator.py
[2024-07-12T01:48:18.056+0530] {processor.py:840} INFO - DAG(s) 'example_sensor_decorator' retrieved from /home/kali/Desktop/projects/git/bank_data_processing/myenv/lib/python3.11/site-packages/airflow/example_dags/example_sensor_decorator.py
[2024-07-12T01:48:18.080+0530] {logging_mixin.py:188} INFO - [2024-07-12T01:48:18.079+0530] {dag.py:3096} INFO - Sync 1 DAGs
[2024-07-12T01:48:18.092+0530] {logging_mixin.py:188} INFO - [2024-07-12T01:48:18.092+0530] {dag.py:3954} INFO - Setting next_dagrun for example_sensor_decorator to None, run_after=None
[2024-07-12T01:48:18.114+0530] {processor.py:183} INFO - Processing /home/kali/Desktop/projects/git/bank_data_processing/myenv/lib/python3.11/site-packages/airflow/example_dags/example_sensor_decorator.py took 0.076 seconds
[2024-07-12T01:48:48.876+0530] {processor.py:161} INFO - Started process (PID=37462) to work on /home/kali/Desktop/projects/git/bank_data_processing/myenv/lib/python3.11/site-packages/airflow/example_dags/example_sensor_decorator.py
[2024-07-12T01:48:48.877+0530] {processor.py:830} INFO - Processing file /home/kali/Desktop/projects/git/bank_data_processing/myenv/lib/python3.11/site-packages/airflow/example_dags/example_sensor_decorator.py for tasks to queue
[2024-07-12T01:48:48.879+0530] {logging_mixin.py:188} INFO - [2024-07-12T01:48:48.878+0530] {dagbag.py:545} INFO - Filling up the DagBag from /home/kali/Desktop/projects/git/bank_data_processing/myenv/lib/python3.11/site-packages/airflow/example_dags/example_sensor_decorator.py
[2024-07-12T01:48:48.886+0530] {processor.py:840} INFO - DAG(s) 'example_sensor_decorator' retrieved from /home/kali/Desktop/projects/git/bank_data_processing/myenv/lib/python3.11/site-packages/airflow/example_dags/example_sensor_decorator.py
[2024-07-12T01:48:48.905+0530] {logging_mixin.py:188} INFO - [2024-07-12T01:48:48.905+0530] {dag.py:3096} INFO - Sync 1 DAGs
[2024-07-12T01:48:48.917+0530] {logging_mixin.py:188} INFO - [2024-07-12T01:48:48.917+0530] {dag.py:3954} INFO - Setting next_dagrun for example_sensor_decorator to None, run_after=None
[2024-07-12T01:48:48.940+0530] {processor.py:183} INFO - Processing /home/kali/Desktop/projects/git/bank_data_processing/myenv/lib/python3.11/site-packages/airflow/example_dags/example_sensor_decorator.py took 0.071 seconds
[2024-07-12T01:49:19.993+0530] {processor.py:161} INFO - Started process (PID=37936) to work on /home/kali/Desktop/projects/git/bank_data_processing/myenv/lib/python3.11/site-packages/airflow/example_dags/example_sensor_decorator.py
[2024-07-12T01:49:19.997+0530] {processor.py:830} INFO - Processing file /home/kali/Desktop/projects/git/bank_data_processing/myenv/lib/python3.11/site-packages/airflow/example_dags/example_sensor_decorator.py for tasks to queue
[2024-07-12T01:49:19.998+0530] {logging_mixin.py:188} INFO - [2024-07-12T01:49:19.998+0530] {dagbag.py:545} INFO - Filling up the DagBag from /home/kali/Desktop/projects/git/bank_data_processing/myenv/lib/python3.11/site-packages/airflow/example_dags/example_sensor_decorator.py
[2024-07-12T01:49:20.005+0530] {processor.py:840} INFO - DAG(s) 'example_sensor_decorator' retrieved from /home/kali/Desktop/projects/git/bank_data_processing/myenv/lib/python3.11/site-packages/airflow/example_dags/example_sensor_decorator.py
[2024-07-12T01:49:20.024+0530] {logging_mixin.py:188} INFO - [2024-07-12T01:49:20.024+0530] {dag.py:3096} INFO - Sync 1 DAGs
[2024-07-12T01:49:20.036+0530] {logging_mixin.py:188} INFO - [2024-07-12T01:49:20.036+0530] {dag.py:3954} INFO - Setting next_dagrun for example_sensor_decorator to None, run_after=None
[2024-07-12T01:49:20.059+0530] {processor.py:183} INFO - Processing /home/kali/Desktop/projects/git/bank_data_processing/myenv/lib/python3.11/site-packages/airflow/example_dags/example_sensor_decorator.py took 0.073 seconds
[2024-07-12T01:49:50.868+0530] {processor.py:161} INFO - Started process (PID=38264) to work on /home/kali/Desktop/projects/git/bank_data_processing/myenv/lib/python3.11/site-packages/airflow/example_dags/example_sensor_decorator.py
[2024-07-12T01:49:50.869+0530] {processor.py:830} INFO - Processing file /home/kali/Desktop/projects/git/bank_data_processing/myenv/lib/python3.11/site-packages/airflow/example_dags/example_sensor_decorator.py for tasks to queue
[2024-07-12T01:49:50.871+0530] {logging_mixin.py:188} INFO - [2024-07-12T01:49:50.871+0530] {dagbag.py:545} INFO - Filling up the DagBag from /home/kali/Desktop/projects/git/bank_data_processing/myenv/lib/python3.11/site-packages/airflow/example_dags/example_sensor_decorator.py
[2024-07-12T01:49:50.878+0530] {processor.py:840} INFO - DAG(s) 'example_sensor_decorator' retrieved from /home/kali/Desktop/projects/git/bank_data_processing/myenv/lib/python3.11/site-packages/airflow/example_dags/example_sensor_decorator.py
[2024-07-12T01:49:50.895+0530] {logging_mixin.py:188} INFO - [2024-07-12T01:49:50.894+0530] {dag.py:3096} INFO - Sync 1 DAGs
[2024-07-12T01:49:50.906+0530] {logging_mixin.py:188} INFO - [2024-07-12T01:49:50.906+0530] {dag.py:3954} INFO - Setting next_dagrun for example_sensor_decorator to None, run_after=None
[2024-07-12T01:49:50.926+0530] {processor.py:183} INFO - Processing /home/kali/Desktop/projects/git/bank_data_processing/myenv/lib/python3.11/site-packages/airflow/example_dags/example_sensor_decorator.py took 0.064 seconds
[2024-07-12T01:50:21.445+0530] {processor.py:161} INFO - Started process (PID=38637) to work on /home/kali/Desktop/projects/git/bank_data_processing/myenv/lib/python3.11/site-packages/airflow/example_dags/example_sensor_decorator.py
[2024-07-12T01:50:21.447+0530] {processor.py:830} INFO - Processing file /home/kali/Desktop/projects/git/bank_data_processing/myenv/lib/python3.11/site-packages/airflow/example_dags/example_sensor_decorator.py for tasks to queue
[2024-07-12T01:50:21.448+0530] {logging_mixin.py:188} INFO - [2024-07-12T01:50:21.448+0530] {dagbag.py:545} INFO - Filling up the DagBag from /home/kali/Desktop/projects/git/bank_data_processing/myenv/lib/python3.11/site-packages/airflow/example_dags/example_sensor_decorator.py
[2024-07-12T01:50:21.457+0530] {processor.py:840} INFO - DAG(s) 'example_sensor_decorator' retrieved from /home/kali/Desktop/projects/git/bank_data_processing/myenv/lib/python3.11/site-packages/airflow/example_dags/example_sensor_decorator.py
[2024-07-12T01:50:21.479+0530] {logging_mixin.py:188} INFO - [2024-07-12T01:50:21.479+0530] {dag.py:3096} INFO - Sync 1 DAGs
[2024-07-12T01:50:21.492+0530] {logging_mixin.py:188} INFO - [2024-07-12T01:50:21.492+0530] {dag.py:3954} INFO - Setting next_dagrun for example_sensor_decorator to None, run_after=None
[2024-07-12T01:50:21.515+0530] {processor.py:183} INFO - Processing /home/kali/Desktop/projects/git/bank_data_processing/myenv/lib/python3.11/site-packages/airflow/example_dags/example_sensor_decorator.py took 0.077 seconds
[2024-07-12T01:50:51.727+0530] {processor.py:161} INFO - Started process (PID=39068) to work on /home/kali/Desktop/projects/git/bank_data_processing/myenv/lib/python3.11/site-packages/airflow/example_dags/example_sensor_decorator.py
[2024-07-12T01:50:51.728+0530] {processor.py:830} INFO - Processing file /home/kali/Desktop/projects/git/bank_data_processing/myenv/lib/python3.11/site-packages/airflow/example_dags/example_sensor_decorator.py for tasks to queue
[2024-07-12T01:50:51.730+0530] {logging_mixin.py:188} INFO - [2024-07-12T01:50:51.730+0530] {dagbag.py:545} INFO - Filling up the DagBag from /home/kali/Desktop/projects/git/bank_data_processing/myenv/lib/python3.11/site-packages/airflow/example_dags/example_sensor_decorator.py
[2024-07-12T01:50:51.737+0530] {processor.py:840} INFO - DAG(s) 'example_sensor_decorator' retrieved from /home/kali/Desktop/projects/git/bank_data_processing/myenv/lib/python3.11/site-packages/airflow/example_dags/example_sensor_decorator.py
[2024-07-12T01:50:51.754+0530] {logging_mixin.py:188} INFO - [2024-07-12T01:50:51.754+0530] {dag.py:3096} INFO - Sync 1 DAGs
[2024-07-12T01:50:51.767+0530] {logging_mixin.py:188} INFO - [2024-07-12T01:50:51.766+0530] {dag.py:3954} INFO - Setting next_dagrun for example_sensor_decorator to None, run_after=None
[2024-07-12T01:50:51.788+0530] {processor.py:183} INFO - Processing /home/kali/Desktop/projects/git/bank_data_processing/myenv/lib/python3.11/site-packages/airflow/example_dags/example_sensor_decorator.py took 0.067 seconds
[2024-07-12T01:51:21.916+0530] {processor.py:161} INFO - Started process (PID=39475) to work on /home/kali/Desktop/projects/git/bank_data_processing/myenv/lib/python3.11/site-packages/airflow/example_dags/example_sensor_decorator.py
[2024-07-12T01:51:21.917+0530] {processor.py:830} INFO - Processing file /home/kali/Desktop/projects/git/bank_data_processing/myenv/lib/python3.11/site-packages/airflow/example_dags/example_sensor_decorator.py for tasks to queue
[2024-07-12T01:51:21.918+0530] {logging_mixin.py:188} INFO - [2024-07-12T01:51:21.918+0530] {dagbag.py:545} INFO - Filling up the DagBag from /home/kali/Desktop/projects/git/bank_data_processing/myenv/lib/python3.11/site-packages/airflow/example_dags/example_sensor_decorator.py
[2024-07-12T01:51:21.924+0530] {processor.py:840} INFO - DAG(s) 'example_sensor_decorator' retrieved from /home/kali/Desktop/projects/git/bank_data_processing/myenv/lib/python3.11/site-packages/airflow/example_dags/example_sensor_decorator.py
[2024-07-12T01:51:21.945+0530] {logging_mixin.py:188} INFO - [2024-07-12T01:51:21.944+0530] {dag.py:3096} INFO - Sync 1 DAGs
[2024-07-12T01:51:21.958+0530] {logging_mixin.py:188} INFO - [2024-07-12T01:51:21.957+0530] {dag.py:3954} INFO - Setting next_dagrun for example_sensor_decorator to None, run_after=None
[2024-07-12T01:51:21.981+0530] {processor.py:183} INFO - Processing /home/kali/Desktop/projects/git/bank_data_processing/myenv/lib/python3.11/site-packages/airflow/example_dags/example_sensor_decorator.py took 0.071 seconds
[2024-07-12T01:51:52.815+0530] {processor.py:161} INFO - Started process (PID=40064) to work on /home/kali/Desktop/projects/git/bank_data_processing/myenv/lib/python3.11/site-packages/airflow/example_dags/example_sensor_decorator.py
[2024-07-12T01:51:52.817+0530] {processor.py:830} INFO - Processing file /home/kali/Desktop/projects/git/bank_data_processing/myenv/lib/python3.11/site-packages/airflow/example_dags/example_sensor_decorator.py for tasks to queue
[2024-07-12T01:51:52.822+0530] {logging_mixin.py:188} INFO - [2024-07-12T01:51:52.821+0530] {dagbag.py:545} INFO - Filling up the DagBag from /home/kali/Desktop/projects/git/bank_data_processing/myenv/lib/python3.11/site-packages/airflow/example_dags/example_sensor_decorator.py
[2024-07-12T01:51:52.835+0530] {processor.py:840} INFO - DAG(s) 'example_sensor_decorator' retrieved from /home/kali/Desktop/projects/git/bank_data_processing/myenv/lib/python3.11/site-packages/airflow/example_dags/example_sensor_decorator.py
[2024-07-12T01:51:52.868+0530] {logging_mixin.py:188} INFO - [2024-07-12T01:51:52.867+0530] {dag.py:3096} INFO - Sync 1 DAGs
[2024-07-12T01:51:52.890+0530] {logging_mixin.py:188} INFO - [2024-07-12T01:51:52.889+0530] {dag.py:3954} INFO - Setting next_dagrun for example_sensor_decorator to None, run_after=None
[2024-07-12T01:51:52.939+0530] {processor.py:183} INFO - Processing /home/kali/Desktop/projects/git/bank_data_processing/myenv/lib/python3.11/site-packages/airflow/example_dags/example_sensor_decorator.py took 0.138 seconds
[2024-07-12T01:52:23.437+0530] {processor.py:161} INFO - Started process (PID=40745) to work on /home/kali/Desktop/projects/git/bank_data_processing/myenv/lib/python3.11/site-packages/airflow/example_dags/example_sensor_decorator.py
[2024-07-12T01:52:23.437+0530] {processor.py:830} INFO - Processing file /home/kali/Desktop/projects/git/bank_data_processing/myenv/lib/python3.11/site-packages/airflow/example_dags/example_sensor_decorator.py for tasks to queue
[2024-07-12T01:52:23.439+0530] {logging_mixin.py:188} INFO - [2024-07-12T01:52:23.439+0530] {dagbag.py:545} INFO - Filling up the DagBag from /home/kali/Desktop/projects/git/bank_data_processing/myenv/lib/python3.11/site-packages/airflow/example_dags/example_sensor_decorator.py
[2024-07-12T01:52:23.446+0530] {processor.py:840} INFO - DAG(s) 'example_sensor_decorator' retrieved from /home/kali/Desktop/projects/git/bank_data_processing/myenv/lib/python3.11/site-packages/airflow/example_dags/example_sensor_decorator.py
[2024-07-12T01:52:23.465+0530] {logging_mixin.py:188} INFO - [2024-07-12T01:52:23.464+0530] {dag.py:3096} INFO - Sync 1 DAGs
[2024-07-12T01:52:23.476+0530] {logging_mixin.py:188} INFO - [2024-07-12T01:52:23.476+0530] {dag.py:3954} INFO - Setting next_dagrun for example_sensor_decorator to None, run_after=None
[2024-07-12T01:52:23.496+0530] {processor.py:183} INFO - Processing /home/kali/Desktop/projects/git/bank_data_processing/myenv/lib/python3.11/site-packages/airflow/example_dags/example_sensor_decorator.py took 0.067 seconds
