[2024-07-12T01:47:46.544+0530] {processor.py:161} INFO - Started process (PID=36569) to work on /home/kali/Desktop/projects/git/bank_data_processing/myenv/lib/python3.11/site-packages/airflow/example_dags/example_branch_python_dop_operator_3.py
[2024-07-12T01:47:46.545+0530] {processor.py:830} INFO - Processing file /home/kali/Desktop/projects/git/bank_data_processing/myenv/lib/python3.11/site-packages/airflow/example_dags/example_branch_python_dop_operator_3.py for tasks to queue
[2024-07-12T01:47:46.547+0530] {logging_mixin.py:188} INFO - [2024-07-12T01:47:46.546+0530] {dagbag.py:545} INFO - Filling up the DagBag from /home/kali/Desktop/projects/git/bank_data_processing/myenv/lib/python3.11/site-packages/airflow/example_dags/example_branch_python_dop_operator_3.py
[2024-07-12T01:47:46.555+0530] {processor.py:840} INFO - DAG(s) 'example_branch_dop_operator_v3' retrieved from /home/kali/Desktop/projects/git/bank_data_processing/myenv/lib/python3.11/site-packages/airflow/example_dags/example_branch_python_dop_operator_3.py
[2024-07-12T01:47:46.647+0530] {logging_mixin.py:188} INFO - [2024-07-12T01:47:46.647+0530] {dag.py:3096} INFO - Sync 1 DAGs
[2024-07-12T01:47:46.668+0530] {logging_mixin.py:188} INFO - [2024-07-12T01:47:46.668+0530] {dag.py:3954} INFO - Setting next_dagrun for example_branch_dop_operator_v3 to 2024-07-11 20:16:00+00:00, run_after=2024-07-11 20:17:00+00:00
[2024-07-12T01:47:46.690+0530] {processor.py:183} INFO - Processing /home/kali/Desktop/projects/git/bank_data_processing/myenv/lib/python3.11/site-packages/airflow/example_dags/example_branch_python_dop_operator_3.py took 0.151 seconds
[2024-07-12T01:48:17.623+0530] {processor.py:161} INFO - Started process (PID=37071) to work on /home/kali/Desktop/projects/git/bank_data_processing/myenv/lib/python3.11/site-packages/airflow/example_dags/example_branch_python_dop_operator_3.py
[2024-07-12T01:48:17.624+0530] {processor.py:830} INFO - Processing file /home/kali/Desktop/projects/git/bank_data_processing/myenv/lib/python3.11/site-packages/airflow/example_dags/example_branch_python_dop_operator_3.py for tasks to queue
[2024-07-12T01:48:17.625+0530] {logging_mixin.py:188} INFO - [2024-07-12T01:48:17.625+0530] {dagbag.py:545} INFO - Filling up the DagBag from /home/kali/Desktop/projects/git/bank_data_processing/myenv/lib/python3.11/site-packages/airflow/example_dags/example_branch_python_dop_operator_3.py
[2024-07-12T01:48:17.636+0530] {processor.py:840} INFO - DAG(s) 'example_branch_dop_operator_v3' retrieved from /home/kali/Desktop/projects/git/bank_data_processing/myenv/lib/python3.11/site-packages/airflow/example_dags/example_branch_python_dop_operator_3.py
[2024-07-12T01:48:17.654+0530] {logging_mixin.py:188} INFO - [2024-07-12T01:48:17.654+0530] {dag.py:3096} INFO - Sync 1 DAGs
[2024-07-12T01:48:17.679+0530] {logging_mixin.py:188} INFO - [2024-07-12T01:48:17.678+0530] {dag.py:3954} INFO - Setting next_dagrun for example_branch_dop_operator_v3 to 2024-07-11 20:17:00+00:00, run_after=2024-07-11 20:18:00+00:00
[2024-07-12T01:48:17.700+0530] {processor.py:183} INFO - Processing /home/kali/Desktop/projects/git/bank_data_processing/myenv/lib/python3.11/site-packages/airflow/example_dags/example_branch_python_dop_operator_3.py took 0.085 seconds
[2024-07-12T01:48:48.448+0530] {processor.py:161} INFO - Started process (PID=37454) to work on /home/kali/Desktop/projects/git/bank_data_processing/myenv/lib/python3.11/site-packages/airflow/example_dags/example_branch_python_dop_operator_3.py
[2024-07-12T01:48:48.449+0530] {processor.py:830} INFO - Processing file /home/kali/Desktop/projects/git/bank_data_processing/myenv/lib/python3.11/site-packages/airflow/example_dags/example_branch_python_dop_operator_3.py for tasks to queue
[2024-07-12T01:48:48.451+0530] {logging_mixin.py:188} INFO - [2024-07-12T01:48:48.451+0530] {dagbag.py:545} INFO - Filling up the DagBag from /home/kali/Desktop/projects/git/bank_data_processing/myenv/lib/python3.11/site-packages/airflow/example_dags/example_branch_python_dop_operator_3.py
[2024-07-12T01:48:48.461+0530] {processor.py:840} INFO - DAG(s) 'example_branch_dop_operator_v3' retrieved from /home/kali/Desktop/projects/git/bank_data_processing/myenv/lib/python3.11/site-packages/airflow/example_dags/example_branch_python_dop_operator_3.py
[2024-07-12T01:48:48.479+0530] {logging_mixin.py:188} INFO - [2024-07-12T01:48:48.478+0530] {dag.py:3096} INFO - Sync 1 DAGs
[2024-07-12T01:48:48.504+0530] {logging_mixin.py:188} INFO - [2024-07-12T01:48:48.503+0530] {dag.py:3954} INFO - Setting next_dagrun for example_branch_dop_operator_v3 to 2024-07-11 20:17:00+00:00, run_after=2024-07-11 20:18:00+00:00
[2024-07-12T01:48:48.524+0530] {processor.py:183} INFO - Processing /home/kali/Desktop/projects/git/bank_data_processing/myenv/lib/python3.11/site-packages/airflow/example_dags/example_branch_python_dop_operator_3.py took 0.083 seconds
[2024-07-12T01:49:19.500+0530] {processor.py:161} INFO - Started process (PID=37928) to work on /home/kali/Desktop/projects/git/bank_data_processing/myenv/lib/python3.11/site-packages/airflow/example_dags/example_branch_python_dop_operator_3.py
[2024-07-12T01:49:19.502+0530] {processor.py:830} INFO - Processing file /home/kali/Desktop/projects/git/bank_data_processing/myenv/lib/python3.11/site-packages/airflow/example_dags/example_branch_python_dop_operator_3.py for tasks to queue
[2024-07-12T01:49:19.504+0530] {logging_mixin.py:188} INFO - [2024-07-12T01:49:19.503+0530] {dagbag.py:545} INFO - Filling up the DagBag from /home/kali/Desktop/projects/git/bank_data_processing/myenv/lib/python3.11/site-packages/airflow/example_dags/example_branch_python_dop_operator_3.py
[2024-07-12T01:49:19.518+0530] {processor.py:840} INFO - DAG(s) 'example_branch_dop_operator_v3' retrieved from /home/kali/Desktop/projects/git/bank_data_processing/myenv/lib/python3.11/site-packages/airflow/example_dags/example_branch_python_dop_operator_3.py
[2024-07-12T01:49:19.543+0530] {logging_mixin.py:188} INFO - [2024-07-12T01:49:19.543+0530] {dag.py:3096} INFO - Sync 1 DAGs
[2024-07-12T01:49:19.582+0530] {logging_mixin.py:188} INFO - [2024-07-12T01:49:19.582+0530] {dag.py:3954} INFO - Setting next_dagrun for example_branch_dop_operator_v3 to 2024-07-11 20:18:00+00:00, run_after=2024-07-11 20:19:00+00:00
[2024-07-12T01:49:19.610+0530] {processor.py:183} INFO - Processing /home/kali/Desktop/projects/git/bank_data_processing/myenv/lib/python3.11/site-packages/airflow/example_dags/example_branch_python_dop_operator_3.py took 0.120 seconds
[2024-07-12T01:49:50.456+0530] {processor.py:161} INFO - Started process (PID=38256) to work on /home/kali/Desktop/projects/git/bank_data_processing/myenv/lib/python3.11/site-packages/airflow/example_dags/example_branch_python_dop_operator_3.py
[2024-07-12T01:49:50.457+0530] {processor.py:830} INFO - Processing file /home/kali/Desktop/projects/git/bank_data_processing/myenv/lib/python3.11/site-packages/airflow/example_dags/example_branch_python_dop_operator_3.py for tasks to queue
[2024-07-12T01:49:50.458+0530] {logging_mixin.py:188} INFO - [2024-07-12T01:49:50.458+0530] {dagbag.py:545} INFO - Filling up the DagBag from /home/kali/Desktop/projects/git/bank_data_processing/myenv/lib/python3.11/site-packages/airflow/example_dags/example_branch_python_dop_operator_3.py
[2024-07-12T01:49:50.467+0530] {processor.py:840} INFO - DAG(s) 'example_branch_dop_operator_v3' retrieved from /home/kali/Desktop/projects/git/bank_data_processing/myenv/lib/python3.11/site-packages/airflow/example_dags/example_branch_python_dop_operator_3.py
[2024-07-12T01:49:50.486+0530] {logging_mixin.py:188} INFO - [2024-07-12T01:49:50.486+0530] {dag.py:3096} INFO - Sync 1 DAGs
[2024-07-12T01:49:50.513+0530] {logging_mixin.py:188} INFO - [2024-07-12T01:49:50.513+0530] {dag.py:3954} INFO - Setting next_dagrun for example_branch_dop_operator_v3 to 2024-07-11 20:18:00+00:00, run_after=2024-07-11 20:19:00+00:00
[2024-07-12T01:49:50.532+0530] {processor.py:183} INFO - Processing /home/kali/Desktop/projects/git/bank_data_processing/myenv/lib/python3.11/site-packages/airflow/example_dags/example_branch_python_dop_operator_3.py took 0.083 seconds
[2024-07-12T01:50:20.941+0530] {processor.py:161} INFO - Started process (PID=38621) to work on /home/kali/Desktop/projects/git/bank_data_processing/myenv/lib/python3.11/site-packages/airflow/example_dags/example_branch_python_dop_operator_3.py
[2024-07-12T01:50:20.942+0530] {processor.py:830} INFO - Processing file /home/kali/Desktop/projects/git/bank_data_processing/myenv/lib/python3.11/site-packages/airflow/example_dags/example_branch_python_dop_operator_3.py for tasks to queue
[2024-07-12T01:50:20.944+0530] {logging_mixin.py:188} INFO - [2024-07-12T01:50:20.944+0530] {dagbag.py:545} INFO - Filling up the DagBag from /home/kali/Desktop/projects/git/bank_data_processing/myenv/lib/python3.11/site-packages/airflow/example_dags/example_branch_python_dop_operator_3.py
[2024-07-12T01:50:20.955+0530] {processor.py:840} INFO - DAG(s) 'example_branch_dop_operator_v3' retrieved from /home/kali/Desktop/projects/git/bank_data_processing/myenv/lib/python3.11/site-packages/airflow/example_dags/example_branch_python_dop_operator_3.py
[2024-07-12T01:50:20.979+0530] {logging_mixin.py:188} INFO - [2024-07-12T01:50:20.978+0530] {dag.py:3096} INFO - Sync 1 DAGs
[2024-07-12T01:50:21.009+0530] {logging_mixin.py:188} INFO - [2024-07-12T01:50:21.009+0530] {dag.py:3954} INFO - Setting next_dagrun for example_branch_dop_operator_v3 to 2024-07-11 20:19:00+00:00, run_after=2024-07-11 20:20:00+00:00
[2024-07-12T01:50:21.035+0530] {processor.py:183} INFO - Processing /home/kali/Desktop/projects/git/bank_data_processing/myenv/lib/python3.11/site-packages/airflow/example_dags/example_branch_python_dop_operator_3.py took 0.102 seconds
[2024-07-12T01:50:51.280+0530] {processor.py:161} INFO - Started process (PID=39037) to work on /home/kali/Desktop/projects/git/bank_data_processing/myenv/lib/python3.11/site-packages/airflow/example_dags/example_branch_python_dop_operator_3.py
[2024-07-12T01:50:51.281+0530] {processor.py:830} INFO - Processing file /home/kali/Desktop/projects/git/bank_data_processing/myenv/lib/python3.11/site-packages/airflow/example_dags/example_branch_python_dop_operator_3.py for tasks to queue
[2024-07-12T01:50:51.283+0530] {logging_mixin.py:188} INFO - [2024-07-12T01:50:51.282+0530] {dagbag.py:545} INFO - Filling up the DagBag from /home/kali/Desktop/projects/git/bank_data_processing/myenv/lib/python3.11/site-packages/airflow/example_dags/example_branch_python_dop_operator_3.py
[2024-07-12T01:50:51.292+0530] {processor.py:840} INFO - DAG(s) 'example_branch_dop_operator_v3' retrieved from /home/kali/Desktop/projects/git/bank_data_processing/myenv/lib/python3.11/site-packages/airflow/example_dags/example_branch_python_dop_operator_3.py
[2024-07-12T01:50:51.311+0530] {logging_mixin.py:188} INFO - [2024-07-12T01:50:51.310+0530] {dag.py:3096} INFO - Sync 1 DAGs
[2024-07-12T01:50:51.341+0530] {logging_mixin.py:188} INFO - [2024-07-12T01:50:51.341+0530] {dag.py:3954} INFO - Setting next_dagrun for example_branch_dop_operator_v3 to 2024-07-11 20:19:00+00:00, run_after=2024-07-11 20:20:00+00:00
[2024-07-12T01:50:51.361+0530] {processor.py:183} INFO - Processing /home/kali/Desktop/projects/git/bank_data_processing/myenv/lib/python3.11/site-packages/airflow/example_dags/example_branch_python_dop_operator_3.py took 0.088 seconds
[2024-07-12T01:51:21.447+0530] {processor.py:161} INFO - Started process (PID=39455) to work on /home/kali/Desktop/projects/git/bank_data_processing/myenv/lib/python3.11/site-packages/airflow/example_dags/example_branch_python_dop_operator_3.py
[2024-07-12T01:51:21.448+0530] {processor.py:830} INFO - Processing file /home/kali/Desktop/projects/git/bank_data_processing/myenv/lib/python3.11/site-packages/airflow/example_dags/example_branch_python_dop_operator_3.py for tasks to queue
[2024-07-12T01:51:21.450+0530] {logging_mixin.py:188} INFO - [2024-07-12T01:51:21.449+0530] {dagbag.py:545} INFO - Filling up the DagBag from /home/kali/Desktop/projects/git/bank_data_processing/myenv/lib/python3.11/site-packages/airflow/example_dags/example_branch_python_dop_operator_3.py
[2024-07-12T01:51:21.459+0530] {processor.py:840} INFO - DAG(s) 'example_branch_dop_operator_v3' retrieved from /home/kali/Desktop/projects/git/bank_data_processing/myenv/lib/python3.11/site-packages/airflow/example_dags/example_branch_python_dop_operator_3.py
[2024-07-12T01:51:21.477+0530] {logging_mixin.py:188} INFO - [2024-07-12T01:51:21.477+0530] {dag.py:3096} INFO - Sync 1 DAGs
[2024-07-12T01:51:21.503+0530] {logging_mixin.py:188} INFO - [2024-07-12T01:51:21.502+0530] {dag.py:3954} INFO - Setting next_dagrun for example_branch_dop_operator_v3 to 2024-07-11 20:20:00+00:00, run_after=2024-07-11 20:21:00+00:00
[2024-07-12T01:51:21.530+0530] {processor.py:183} INFO - Processing /home/kali/Desktop/projects/git/bank_data_processing/myenv/lib/python3.11/site-packages/airflow/example_dags/example_branch_python_dop_operator_3.py took 0.090 seconds
[2024-07-12T01:51:52.024+0530] {processor.py:161} INFO - Started process (PID=40043) to work on /home/kali/Desktop/projects/git/bank_data_processing/myenv/lib/python3.11/site-packages/airflow/example_dags/example_branch_python_dop_operator_3.py
[2024-07-12T01:51:52.025+0530] {processor.py:830} INFO - Processing file /home/kali/Desktop/projects/git/bank_data_processing/myenv/lib/python3.11/site-packages/airflow/example_dags/example_branch_python_dop_operator_3.py for tasks to queue
[2024-07-12T01:51:52.030+0530] {logging_mixin.py:188} INFO - [2024-07-12T01:51:52.030+0530] {dagbag.py:545} INFO - Filling up the DagBag from /home/kali/Desktop/projects/git/bank_data_processing/myenv/lib/python3.11/site-packages/airflow/example_dags/example_branch_python_dop_operator_3.py
[2024-07-12T01:51:52.048+0530] {processor.py:840} INFO - DAG(s) 'example_branch_dop_operator_v3' retrieved from /home/kali/Desktop/projects/git/bank_data_processing/myenv/lib/python3.11/site-packages/airflow/example_dags/example_branch_python_dop_operator_3.py
[2024-07-12T01:51:52.088+0530] {logging_mixin.py:188} INFO - [2024-07-12T01:51:52.088+0530] {dag.py:3096} INFO - Sync 1 DAGs
[2024-07-12T01:51:52.147+0530] {logging_mixin.py:188} INFO - [2024-07-12T01:51:52.147+0530] {dag.py:3954} INFO - Setting next_dagrun for example_branch_dop_operator_v3 to 2024-07-11 20:20:00+00:00, run_after=2024-07-11 20:21:00+00:00
[2024-07-12T01:51:52.191+0530] {processor.py:183} INFO - Processing /home/kali/Desktop/projects/git/bank_data_processing/myenv/lib/python3.11/site-packages/airflow/example_dags/example_branch_python_dop_operator_3.py took 0.185 seconds
[2024-07-12T01:52:23.003+0530] {processor.py:161} INFO - Started process (PID=40737) to work on /home/kali/Desktop/projects/git/bank_data_processing/myenv/lib/python3.11/site-packages/airflow/example_dags/example_branch_python_dop_operator_3.py
[2024-07-12T01:52:23.004+0530] {processor.py:830} INFO - Processing file /home/kali/Desktop/projects/git/bank_data_processing/myenv/lib/python3.11/site-packages/airflow/example_dags/example_branch_python_dop_operator_3.py for tasks to queue
[2024-07-12T01:52:23.006+0530] {logging_mixin.py:188} INFO - [2024-07-12T01:52:23.006+0530] {dagbag.py:545} INFO - Filling up the DagBag from /home/kali/Desktop/projects/git/bank_data_processing/myenv/lib/python3.11/site-packages/airflow/example_dags/example_branch_python_dop_operator_3.py
[2024-07-12T01:52:23.020+0530] {processor.py:840} INFO - DAG(s) 'example_branch_dop_operator_v3' retrieved from /home/kali/Desktop/projects/git/bank_data_processing/myenv/lib/python3.11/site-packages/airflow/example_dags/example_branch_python_dop_operator_3.py
[2024-07-12T01:52:23.037+0530] {logging_mixin.py:188} INFO - [2024-07-12T01:52:23.036+0530] {dag.py:3096} INFO - Sync 1 DAGs
[2024-07-12T01:52:23.060+0530] {logging_mixin.py:188} INFO - [2024-07-12T01:52:23.060+0530] {dag.py:3954} INFO - Setting next_dagrun for example_branch_dop_operator_v3 to 2024-07-11 20:21:00+00:00, run_after=2024-07-11 20:22:00+00:00
[2024-07-12T01:52:23.078+0530] {processor.py:183} INFO - Processing /home/kali/Desktop/projects/git/bank_data_processing/myenv/lib/python3.11/site-packages/airflow/example_dags/example_branch_python_dop_operator_3.py took 0.083 seconds
[2024-07-12T01:52:53.205+0530] {processor.py:161} INFO - Started process (PID=41350) to work on /home/kali/Desktop/projects/git/bank_data_processing/myenv/lib/python3.11/site-packages/airflow/example_dags/example_branch_python_dop_operator_3.py
[2024-07-12T01:52:53.205+0530] {processor.py:830} INFO - Processing file /home/kali/Desktop/projects/git/bank_data_processing/myenv/lib/python3.11/site-packages/airflow/example_dags/example_branch_python_dop_operator_3.py for tasks to queue
[2024-07-12T01:52:53.207+0530] {logging_mixin.py:188} INFO - [2024-07-12T01:52:53.207+0530] {dagbag.py:545} INFO - Filling up the DagBag from /home/kali/Desktop/projects/git/bank_data_processing/myenv/lib/python3.11/site-packages/airflow/example_dags/example_branch_python_dop_operator_3.py
[2024-07-12T01:52:53.216+0530] {processor.py:840} INFO - DAG(s) 'example_branch_dop_operator_v3' retrieved from /home/kali/Desktop/projects/git/bank_data_processing/myenv/lib/python3.11/site-packages/airflow/example_dags/example_branch_python_dop_operator_3.py
[2024-07-12T01:52:53.233+0530] {logging_mixin.py:188} INFO - [2024-07-12T01:52:53.233+0530] {dag.py:3096} INFO - Sync 1 DAGs
[2024-07-12T01:52:53.258+0530] {logging_mixin.py:188} INFO - [2024-07-12T01:52:53.258+0530] {dag.py:3954} INFO - Setting next_dagrun for example_branch_dop_operator_v3 to 2024-07-11 20:21:00+00:00, run_after=2024-07-11 20:22:00+00:00
[2024-07-12T01:52:53.276+0530] {processor.py:183} INFO - Processing /home/kali/Desktop/projects/git/bank_data_processing/myenv/lib/python3.11/site-packages/airflow/example_dags/example_branch_python_dop_operator_3.py took 0.080 seconds
[2024-07-12T01:53:23.556+0530] {processor.py:161} INFO - Started process (PID=41985) to work on /home/kali/Desktop/projects/git/bank_data_processing/myenv/lib/python3.11/site-packages/airflow/example_dags/example_branch_python_dop_operator_3.py
[2024-07-12T01:53:23.557+0530] {processor.py:830} INFO - Processing file /home/kali/Desktop/projects/git/bank_data_processing/myenv/lib/python3.11/site-packages/airflow/example_dags/example_branch_python_dop_operator_3.py for tasks to queue
[2024-07-12T01:53:23.558+0530] {logging_mixin.py:188} INFO - [2024-07-12T01:53:23.558+0530] {dagbag.py:545} INFO - Filling up the DagBag from /home/kali/Desktop/projects/git/bank_data_processing/myenv/lib/python3.11/site-packages/airflow/example_dags/example_branch_python_dop_operator_3.py
[2024-07-12T01:53:23.567+0530] {processor.py:840} INFO - DAG(s) 'example_branch_dop_operator_v3' retrieved from /home/kali/Desktop/projects/git/bank_data_processing/myenv/lib/python3.11/site-packages/airflow/example_dags/example_branch_python_dop_operator_3.py
[2024-07-12T01:53:23.584+0530] {logging_mixin.py:188} INFO - [2024-07-12T01:53:23.583+0530] {dag.py:3096} INFO - Sync 1 DAGs
[2024-07-12T01:53:23.607+0530] {logging_mixin.py:188} INFO - [2024-07-12T01:53:23.607+0530] {dag.py:3954} INFO - Setting next_dagrun for example_branch_dop_operator_v3 to 2024-07-11 20:22:00+00:00, run_after=2024-07-11 20:23:00+00:00
[2024-07-12T01:53:23.627+0530] {processor.py:183} INFO - Processing /home/kali/Desktop/projects/git/bank_data_processing/myenv/lib/python3.11/site-packages/airflow/example_dags/example_branch_python_dop_operator_3.py took 0.079 seconds
[2024-07-12T01:53:53.879+0530] {processor.py:161} INFO - Started process (PID=42712) to work on /home/kali/Desktop/projects/git/bank_data_processing/myenv/lib/python3.11/site-packages/airflow/example_dags/example_branch_python_dop_operator_3.py
[2024-07-12T01:53:53.879+0530] {processor.py:830} INFO - Processing file /home/kali/Desktop/projects/git/bank_data_processing/myenv/lib/python3.11/site-packages/airflow/example_dags/example_branch_python_dop_operator_3.py for tasks to queue
[2024-07-12T01:53:53.881+0530] {logging_mixin.py:188} INFO - [2024-07-12T01:53:53.881+0530] {dagbag.py:545} INFO - Filling up the DagBag from /home/kali/Desktop/projects/git/bank_data_processing/myenv/lib/python3.11/site-packages/airflow/example_dags/example_branch_python_dop_operator_3.py
[2024-07-12T01:53:53.889+0530] {processor.py:840} INFO - DAG(s) 'example_branch_dop_operator_v3' retrieved from /home/kali/Desktop/projects/git/bank_data_processing/myenv/lib/python3.11/site-packages/airflow/example_dags/example_branch_python_dop_operator_3.py
[2024-07-12T01:53:53.908+0530] {logging_mixin.py:188} INFO - [2024-07-12T01:53:53.907+0530] {dag.py:3096} INFO - Sync 1 DAGs
[2024-07-12T01:53:53.934+0530] {logging_mixin.py:188} INFO - [2024-07-12T01:53:53.934+0530] {dag.py:3954} INFO - Setting next_dagrun for example_branch_dop_operator_v3 to 2024-07-11 20:22:00+00:00, run_after=2024-07-11 20:23:00+00:00
[2024-07-12T01:53:53.959+0530] {processor.py:183} INFO - Processing /home/kali/Desktop/projects/git/bank_data_processing/myenv/lib/python3.11/site-packages/airflow/example_dags/example_branch_python_dop_operator_3.py took 0.088 seconds
[2024-07-12T01:54:24.502+0530] {processor.py:161} INFO - Started process (PID=43340) to work on /home/kali/Desktop/projects/git/bank_data_processing/myenv/lib/python3.11/site-packages/airflow/example_dags/example_branch_python_dop_operator_3.py
[2024-07-12T01:54:24.503+0530] {processor.py:830} INFO - Processing file /home/kali/Desktop/projects/git/bank_data_processing/myenv/lib/python3.11/site-packages/airflow/example_dags/example_branch_python_dop_operator_3.py for tasks to queue
[2024-07-12T01:54:24.504+0530] {logging_mixin.py:188} INFO - [2024-07-12T01:54:24.504+0530] {dagbag.py:545} INFO - Filling up the DagBag from /home/kali/Desktop/projects/git/bank_data_processing/myenv/lib/python3.11/site-packages/airflow/example_dags/example_branch_python_dop_operator_3.py
[2024-07-12T01:54:24.512+0530] {processor.py:840} INFO - DAG(s) 'example_branch_dop_operator_v3' retrieved from /home/kali/Desktop/projects/git/bank_data_processing/myenv/lib/python3.11/site-packages/airflow/example_dags/example_branch_python_dop_operator_3.py
[2024-07-12T01:54:24.527+0530] {logging_mixin.py:188} INFO - [2024-07-12T01:54:24.526+0530] {dag.py:3096} INFO - Sync 1 DAGs
[2024-07-12T01:54:24.548+0530] {logging_mixin.py:188} INFO - [2024-07-12T01:54:24.548+0530] {dag.py:3954} INFO - Setting next_dagrun for example_branch_dop_operator_v3 to 2024-07-11 20:23:00+00:00, run_after=2024-07-11 20:24:00+00:00
[2024-07-12T01:54:24.564+0530] {processor.py:183} INFO - Processing /home/kali/Desktop/projects/git/bank_data_processing/myenv/lib/python3.11/site-packages/airflow/example_dags/example_branch_python_dop_operator_3.py took 0.069 seconds
[2024-07-12T01:54:55.500+0530] {processor.py:161} INFO - Started process (PID=43920) to work on /home/kali/Desktop/projects/git/bank_data_processing/myenv/lib/python3.11/site-packages/airflow/example_dags/example_branch_python_dop_operator_3.py
[2024-07-12T01:54:55.501+0530] {processor.py:830} INFO - Processing file /home/kali/Desktop/projects/git/bank_data_processing/myenv/lib/python3.11/site-packages/airflow/example_dags/example_branch_python_dop_operator_3.py for tasks to queue
[2024-07-12T01:54:55.503+0530] {logging_mixin.py:188} INFO - [2024-07-12T01:54:55.502+0530] {dagbag.py:545} INFO - Filling up the DagBag from /home/kali/Desktop/projects/git/bank_data_processing/myenv/lib/python3.11/site-packages/airflow/example_dags/example_branch_python_dop_operator_3.py
[2024-07-12T01:54:55.515+0530] {processor.py:840} INFO - DAG(s) 'example_branch_dop_operator_v3' retrieved from /home/kali/Desktop/projects/git/bank_data_processing/myenv/lib/python3.11/site-packages/airflow/example_dags/example_branch_python_dop_operator_3.py
[2024-07-12T01:54:55.535+0530] {logging_mixin.py:188} INFO - [2024-07-12T01:54:55.535+0530] {dag.py:3096} INFO - Sync 1 DAGs
[2024-07-12T01:54:55.566+0530] {logging_mixin.py:188} INFO - [2024-07-12T01:54:55.565+0530] {dag.py:3954} INFO - Setting next_dagrun for example_branch_dop_operator_v3 to 2024-07-11 20:23:00+00:00, run_after=2024-07-11 20:24:00+00:00
[2024-07-12T01:54:55.589+0530] {processor.py:183} INFO - Processing /home/kali/Desktop/projects/git/bank_data_processing/myenv/lib/python3.11/site-packages/airflow/example_dags/example_branch_python_dop_operator_3.py took 0.098 seconds
[2024-07-12T01:55:25.750+0530] {processor.py:161} INFO - Started process (PID=44443) to work on /home/kali/Desktop/projects/git/bank_data_processing/myenv/lib/python3.11/site-packages/airflow/example_dags/example_branch_python_dop_operator_3.py
[2024-07-12T01:55:25.752+0530] {processor.py:830} INFO - Processing file /home/kali/Desktop/projects/git/bank_data_processing/myenv/lib/python3.11/site-packages/airflow/example_dags/example_branch_python_dop_operator_3.py for tasks to queue
[2024-07-12T01:55:25.760+0530] {logging_mixin.py:188} INFO - [2024-07-12T01:55:25.760+0530] {dagbag.py:545} INFO - Filling up the DagBag from /home/kali/Desktop/projects/git/bank_data_processing/myenv/lib/python3.11/site-packages/airflow/example_dags/example_branch_python_dop_operator_3.py
[2024-07-12T01:55:25.768+0530] {processor.py:840} INFO - DAG(s) 'example_branch_dop_operator_v3' retrieved from /home/kali/Desktop/projects/git/bank_data_processing/myenv/lib/python3.11/site-packages/airflow/example_dags/example_branch_python_dop_operator_3.py
[2024-07-12T01:55:25.784+0530] {logging_mixin.py:188} INFO - [2024-07-12T01:55:25.783+0530] {dag.py:3096} INFO - Sync 1 DAGs
[2024-07-12T01:55:25.815+0530] {logging_mixin.py:188} INFO - [2024-07-12T01:55:25.814+0530] {dag.py:3954} INFO - Setting next_dagrun for example_branch_dop_operator_v3 to 2024-07-11 20:24:00+00:00, run_after=2024-07-11 20:25:00+00:00
[2024-07-12T01:55:25.840+0530] {processor.py:183} INFO - Processing /home/kali/Desktop/projects/git/bank_data_processing/myenv/lib/python3.11/site-packages/airflow/example_dags/example_branch_python_dop_operator_3.py took 0.107 seconds
[2024-07-12T01:55:56.533+0530] {processor.py:161} INFO - Started process (PID=44924) to work on /home/kali/Desktop/projects/git/bank_data_processing/myenv/lib/python3.11/site-packages/airflow/example_dags/example_branch_python_dop_operator_3.py
[2024-07-12T01:55:56.534+0530] {processor.py:830} INFO - Processing file /home/kali/Desktop/projects/git/bank_data_processing/myenv/lib/python3.11/site-packages/airflow/example_dags/example_branch_python_dop_operator_3.py for tasks to queue
[2024-07-12T01:55:56.536+0530] {logging_mixin.py:188} INFO - [2024-07-12T01:55:56.535+0530] {dagbag.py:545} INFO - Filling up the DagBag from /home/kali/Desktop/projects/git/bank_data_processing/myenv/lib/python3.11/site-packages/airflow/example_dags/example_branch_python_dop_operator_3.py
[2024-07-12T01:55:56.544+0530] {processor.py:840} INFO - DAG(s) 'example_branch_dop_operator_v3' retrieved from /home/kali/Desktop/projects/git/bank_data_processing/myenv/lib/python3.11/site-packages/airflow/example_dags/example_branch_python_dop_operator_3.py
[2024-07-12T01:55:56.561+0530] {logging_mixin.py:188} INFO - [2024-07-12T01:55:56.561+0530] {dag.py:3096} INFO - Sync 1 DAGs
[2024-07-12T01:55:56.584+0530] {logging_mixin.py:188} INFO - [2024-07-12T01:55:56.584+0530] {dag.py:3954} INFO - Setting next_dagrun for example_branch_dop_operator_v3 to 2024-07-11 20:24:00+00:00, run_after=2024-07-11 20:25:00+00:00
[2024-07-12T01:55:56.601+0530] {processor.py:183} INFO - Processing /home/kali/Desktop/projects/git/bank_data_processing/myenv/lib/python3.11/site-packages/airflow/example_dags/example_branch_python_dop_operator_3.py took 0.078 seconds
[2024-07-12T01:56:27.187+0530] {processor.py:161} INFO - Started process (PID=45393) to work on /home/kali/Desktop/projects/git/bank_data_processing/myenv/lib/python3.11/site-packages/airflow/example_dags/example_branch_python_dop_operator_3.py
[2024-07-12T01:56:27.188+0530] {processor.py:830} INFO - Processing file /home/kali/Desktop/projects/git/bank_data_processing/myenv/lib/python3.11/site-packages/airflow/example_dags/example_branch_python_dop_operator_3.py for tasks to queue
[2024-07-12T01:56:27.190+0530] {logging_mixin.py:188} INFO - [2024-07-12T01:56:27.190+0530] {dagbag.py:545} INFO - Filling up the DagBag from /home/kali/Desktop/projects/git/bank_data_processing/myenv/lib/python3.11/site-packages/airflow/example_dags/example_branch_python_dop_operator_3.py
[2024-07-12T01:56:27.199+0530] {processor.py:840} INFO - DAG(s) 'example_branch_dop_operator_v3' retrieved from /home/kali/Desktop/projects/git/bank_data_processing/myenv/lib/python3.11/site-packages/airflow/example_dags/example_branch_python_dop_operator_3.py
[2024-07-12T01:56:27.215+0530] {logging_mixin.py:188} INFO - [2024-07-12T01:56:27.215+0530] {dag.py:3096} INFO - Sync 1 DAGs
[2024-07-12T01:56:27.236+0530] {logging_mixin.py:188} INFO - [2024-07-12T01:56:27.236+0530] {dag.py:3954} INFO - Setting next_dagrun for example_branch_dop_operator_v3 to 2024-07-11 20:25:00+00:00, run_after=2024-07-11 20:26:00+00:00
[2024-07-12T01:56:27.263+0530] {processor.py:183} INFO - Processing /home/kali/Desktop/projects/git/bank_data_processing/myenv/lib/python3.11/site-packages/airflow/example_dags/example_branch_python_dop_operator_3.py took 0.083 seconds
[2024-07-12T01:56:57.323+0530] {processor.py:161} INFO - Started process (PID=45962) to work on /home/kali/Desktop/projects/git/bank_data_processing/myenv/lib/python3.11/site-packages/airflow/example_dags/example_branch_python_dop_operator_3.py
[2024-07-12T01:56:57.324+0530] {processor.py:830} INFO - Processing file /home/kali/Desktop/projects/git/bank_data_processing/myenv/lib/python3.11/site-packages/airflow/example_dags/example_branch_python_dop_operator_3.py for tasks to queue
[2024-07-12T01:56:57.326+0530] {logging_mixin.py:188} INFO - [2024-07-12T01:56:57.325+0530] {dagbag.py:545} INFO - Filling up the DagBag from /home/kali/Desktop/projects/git/bank_data_processing/myenv/lib/python3.11/site-packages/airflow/example_dags/example_branch_python_dop_operator_3.py
[2024-07-12T01:56:57.334+0530] {processor.py:840} INFO - DAG(s) 'example_branch_dop_operator_v3' retrieved from /home/kali/Desktop/projects/git/bank_data_processing/myenv/lib/python3.11/site-packages/airflow/example_dags/example_branch_python_dop_operator_3.py
[2024-07-12T01:56:57.350+0530] {logging_mixin.py:188} INFO - [2024-07-12T01:56:57.350+0530] {dag.py:3096} INFO - Sync 1 DAGs
[2024-07-12T01:56:57.373+0530] {logging_mixin.py:188} INFO - [2024-07-12T01:56:57.373+0530] {dag.py:3954} INFO - Setting next_dagrun for example_branch_dop_operator_v3 to 2024-07-11 20:25:00+00:00, run_after=2024-07-11 20:26:00+00:00
[2024-07-12T01:56:57.391+0530] {processor.py:183} INFO - Processing /home/kali/Desktop/projects/git/bank_data_processing/myenv/lib/python3.11/site-packages/airflow/example_dags/example_branch_python_dop_operator_3.py took 0.076 seconds
[2024-07-12T01:57:27.774+0530] {processor.py:161} INFO - Started process (PID=46491) to work on /home/kali/Desktop/projects/git/bank_data_processing/myenv/lib/python3.11/site-packages/airflow/example_dags/example_branch_python_dop_operator_3.py
[2024-07-12T01:57:27.775+0530] {processor.py:830} INFO - Processing file /home/kali/Desktop/projects/git/bank_data_processing/myenv/lib/python3.11/site-packages/airflow/example_dags/example_branch_python_dop_operator_3.py for tasks to queue
[2024-07-12T01:57:27.778+0530] {logging_mixin.py:188} INFO - [2024-07-12T01:57:27.778+0530] {dagbag.py:545} INFO - Filling up the DagBag from /home/kali/Desktop/projects/git/bank_data_processing/myenv/lib/python3.11/site-packages/airflow/example_dags/example_branch_python_dop_operator_3.py
[2024-07-12T01:57:27.792+0530] {processor.py:840} INFO - DAG(s) 'example_branch_dop_operator_v3' retrieved from /home/kali/Desktop/projects/git/bank_data_processing/myenv/lib/python3.11/site-packages/airflow/example_dags/example_branch_python_dop_operator_3.py
[2024-07-12T01:57:27.820+0530] {logging_mixin.py:188} INFO - [2024-07-12T01:57:27.819+0530] {dag.py:3096} INFO - Sync 1 DAGs
[2024-07-12T01:57:27.864+0530] {logging_mixin.py:188} INFO - [2024-07-12T01:57:27.863+0530] {dag.py:3954} INFO - Setting next_dagrun for example_branch_dop_operator_v3 to 2024-07-11 20:26:00+00:00, run_after=2024-07-11 20:27:00+00:00
[2024-07-12T01:57:27.898+0530] {processor.py:183} INFO - Processing /home/kali/Desktop/projects/git/bank_data_processing/myenv/lib/python3.11/site-packages/airflow/example_dags/example_branch_python_dop_operator_3.py took 0.137 seconds
[2024-07-12T01:57:58.832+0530] {processor.py:161} INFO - Started process (PID=46985) to work on /home/kali/Desktop/projects/git/bank_data_processing/myenv/lib/python3.11/site-packages/airflow/example_dags/example_branch_python_dop_operator_3.py
[2024-07-12T01:57:58.833+0530] {processor.py:830} INFO - Processing file /home/kali/Desktop/projects/git/bank_data_processing/myenv/lib/python3.11/site-packages/airflow/example_dags/example_branch_python_dop_operator_3.py for tasks to queue
[2024-07-12T01:57:58.835+0530] {logging_mixin.py:188} INFO - [2024-07-12T01:57:58.835+0530] {dagbag.py:545} INFO - Filling up the DagBag from /home/kali/Desktop/projects/git/bank_data_processing/myenv/lib/python3.11/site-packages/airflow/example_dags/example_branch_python_dop_operator_3.py
[2024-07-12T01:57:58.846+0530] {processor.py:840} INFO - DAG(s) 'example_branch_dop_operator_v3' retrieved from /home/kali/Desktop/projects/git/bank_data_processing/myenv/lib/python3.11/site-packages/airflow/example_dags/example_branch_python_dop_operator_3.py
[2024-07-12T01:57:58.864+0530] {logging_mixin.py:188} INFO - [2024-07-12T01:57:58.863+0530] {dag.py:3096} INFO - Sync 1 DAGs
[2024-07-12T01:57:58.890+0530] {logging_mixin.py:188} INFO - [2024-07-12T01:57:58.890+0530] {dag.py:3954} INFO - Setting next_dagrun for example_branch_dop_operator_v3 to 2024-07-11 20:26:00+00:00, run_after=2024-07-11 20:27:00+00:00
[2024-07-12T01:57:58.910+0530] {processor.py:183} INFO - Processing /home/kali/Desktop/projects/git/bank_data_processing/myenv/lib/python3.11/site-packages/airflow/example_dags/example_branch_python_dop_operator_3.py took 0.088 seconds
[2024-07-12T01:58:29.470+0530] {processor.py:161} INFO - Started process (PID=47463) to work on /home/kali/Desktop/projects/git/bank_data_processing/myenv/lib/python3.11/site-packages/airflow/example_dags/example_branch_python_dop_operator_3.py
[2024-07-12T01:58:29.471+0530] {processor.py:830} INFO - Processing file /home/kali/Desktop/projects/git/bank_data_processing/myenv/lib/python3.11/site-packages/airflow/example_dags/example_branch_python_dop_operator_3.py for tasks to queue
[2024-07-12T01:58:29.475+0530] {logging_mixin.py:188} INFO - [2024-07-12T01:58:29.474+0530] {dagbag.py:545} INFO - Filling up the DagBag from /home/kali/Desktop/projects/git/bank_data_processing/myenv/lib/python3.11/site-packages/airflow/example_dags/example_branch_python_dop_operator_3.py
[2024-07-12T01:58:29.486+0530] {processor.py:840} INFO - DAG(s) 'example_branch_dop_operator_v3' retrieved from /home/kali/Desktop/projects/git/bank_data_processing/myenv/lib/python3.11/site-packages/airflow/example_dags/example_branch_python_dop_operator_3.py
[2024-07-12T01:58:29.509+0530] {logging_mixin.py:188} INFO - [2024-07-12T01:58:29.509+0530] {dag.py:3096} INFO - Sync 1 DAGs
[2024-07-12T01:58:29.543+0530] {logging_mixin.py:188} INFO - [2024-07-12T01:58:29.542+0530] {dag.py:3954} INFO - Setting next_dagrun for example_branch_dop_operator_v3 to 2024-07-11 20:27:00+00:00, run_after=2024-07-11 20:28:00+00:00
[2024-07-12T01:58:29.570+0530] {processor.py:183} INFO - Processing /home/kali/Desktop/projects/git/bank_data_processing/myenv/lib/python3.11/site-packages/airflow/example_dags/example_branch_python_dop_operator_3.py took 0.111 seconds
[2024-07-12T01:58:59.730+0530] {processor.py:161} INFO - Started process (PID=47945) to work on /home/kali/Desktop/projects/git/bank_data_processing/myenv/lib/python3.11/site-packages/airflow/example_dags/example_branch_python_dop_operator_3.py
[2024-07-12T01:58:59.731+0530] {processor.py:830} INFO - Processing file /home/kali/Desktop/projects/git/bank_data_processing/myenv/lib/python3.11/site-packages/airflow/example_dags/example_branch_python_dop_operator_3.py for tasks to queue
[2024-07-12T01:58:59.733+0530] {logging_mixin.py:188} INFO - [2024-07-12T01:58:59.733+0530] {dagbag.py:545} INFO - Filling up the DagBag from /home/kali/Desktop/projects/git/bank_data_processing/myenv/lib/python3.11/site-packages/airflow/example_dags/example_branch_python_dop_operator_3.py
[2024-07-12T01:58:59.748+0530] {processor.py:840} INFO - DAG(s) 'example_branch_dop_operator_v3' retrieved from /home/kali/Desktop/projects/git/bank_data_processing/myenv/lib/python3.11/site-packages/airflow/example_dags/example_branch_python_dop_operator_3.py
[2024-07-12T01:58:59.779+0530] {logging_mixin.py:188} INFO - [2024-07-12T01:58:59.779+0530] {dag.py:3096} INFO - Sync 1 DAGs
[2024-07-12T01:58:59.825+0530] {logging_mixin.py:188} INFO - [2024-07-12T01:58:59.824+0530] {dag.py:3954} INFO - Setting next_dagrun for example_branch_dop_operator_v3 to 2024-07-11 20:27:00+00:00, run_after=2024-07-11 20:28:00+00:00
[2024-07-12T01:58:59.860+0530] {processor.py:183} INFO - Processing /home/kali/Desktop/projects/git/bank_data_processing/myenv/lib/python3.11/site-packages/airflow/example_dags/example_branch_python_dop_operator_3.py took 0.145 seconds
[2024-07-12T01:59:30.751+0530] {processor.py:161} INFO - Started process (PID=48565) to work on /home/kali/Desktop/projects/git/bank_data_processing/myenv/lib/python3.11/site-packages/airflow/example_dags/example_branch_python_dop_operator_3.py
[2024-07-12T01:59:30.753+0530] {processor.py:830} INFO - Processing file /home/kali/Desktop/projects/git/bank_data_processing/myenv/lib/python3.11/site-packages/airflow/example_dags/example_branch_python_dop_operator_3.py for tasks to queue
[2024-07-12T01:59:30.763+0530] {logging_mixin.py:188} INFO - [2024-07-12T01:59:30.761+0530] {dagbag.py:545} INFO - Filling up the DagBag from /home/kali/Desktop/projects/git/bank_data_processing/myenv/lib/python3.11/site-packages/airflow/example_dags/example_branch_python_dop_operator_3.py
[2024-07-12T01:59:30.812+0530] {processor.py:840} INFO - DAG(s) 'example_branch_dop_operator_v3' retrieved from /home/kali/Desktop/projects/git/bank_data_processing/myenv/lib/python3.11/site-packages/airflow/example_dags/example_branch_python_dop_operator_3.py
[2024-07-12T01:59:30.889+0530] {logging_mixin.py:188} INFO - [2024-07-12T01:59:30.888+0530] {dag.py:3096} INFO - Sync 1 DAGs
[2024-07-12T01:59:31.005+0530] {logging_mixin.py:188} INFO - [2024-07-12T01:59:31.004+0530] {dag.py:3954} INFO - Setting next_dagrun for example_branch_dop_operator_v3 to 2024-07-11 20:28:00+00:00, run_after=2024-07-11 20:29:00+00:00
[2024-07-12T01:59:31.098+0530] {processor.py:183} INFO - Processing /home/kali/Desktop/projects/git/bank_data_processing/myenv/lib/python3.11/site-packages/airflow/example_dags/example_branch_python_dop_operator_3.py took 0.369 seconds
[2024-07-12T02:00:16.551+0530] {processor.py:161} INFO - Started process (PID=49694) to work on /home/kali/Desktop/projects/git/bank_data_processing/myenv/lib/python3.11/site-packages/airflow/example_dags/example_branch_python_dop_operator_3.py
[2024-07-12T02:00:16.554+0530] {processor.py:830} INFO - Processing file /home/kali/Desktop/projects/git/bank_data_processing/myenv/lib/python3.11/site-packages/airflow/example_dags/example_branch_python_dop_operator_3.py for tasks to queue
[2024-07-12T02:00:16.558+0530] {logging_mixin.py:188} INFO - [2024-07-12T02:00:16.557+0530] {dagbag.py:545} INFO - Filling up the DagBag from /home/kali/Desktop/projects/git/bank_data_processing/myenv/lib/python3.11/site-packages/airflow/example_dags/example_branch_python_dop_operator_3.py
[2024-07-12T02:00:16.572+0530] {processor.py:840} INFO - DAG(s) 'example_branch_dop_operator_v3' retrieved from /home/kali/Desktop/projects/git/bank_data_processing/myenv/lib/python3.11/site-packages/airflow/example_dags/example_branch_python_dop_operator_3.py
[2024-07-12T02:00:16.608+0530] {logging_mixin.py:188} INFO - [2024-07-12T02:00:16.607+0530] {dag.py:3096} INFO - Sync 1 DAGs
[2024-07-12T02:00:16.663+0530] {logging_mixin.py:188} INFO - [2024-07-12T02:00:16.662+0530] {dag.py:3954} INFO - Setting next_dagrun for example_branch_dop_operator_v3 to 2024-07-11 20:29:00+00:00, run_after=2024-07-11 20:30:00+00:00
[2024-07-12T02:00:16.704+0530] {processor.py:183} INFO - Processing /home/kali/Desktop/projects/git/bank_data_processing/myenv/lib/python3.11/site-packages/airflow/example_dags/example_branch_python_dop_operator_3.py took 0.163 seconds
[2024-07-12T02:00:47.270+0530] {processor.py:161} INFO - Started process (PID=50339) to work on /home/kali/Desktop/projects/git/bank_data_processing/myenv/lib/python3.11/site-packages/airflow/example_dags/example_branch_python_dop_operator_3.py
[2024-07-12T02:00:47.272+0530] {processor.py:830} INFO - Processing file /home/kali/Desktop/projects/git/bank_data_processing/myenv/lib/python3.11/site-packages/airflow/example_dags/example_branch_python_dop_operator_3.py for tasks to queue
[2024-07-12T02:00:47.275+0530] {logging_mixin.py:188} INFO - [2024-07-12T02:00:47.274+0530] {dagbag.py:545} INFO - Filling up the DagBag from /home/kali/Desktop/projects/git/bank_data_processing/myenv/lib/python3.11/site-packages/airflow/example_dags/example_branch_python_dop_operator_3.py
[2024-07-12T02:00:47.289+0530] {processor.py:840} INFO - DAG(s) 'example_branch_dop_operator_v3' retrieved from /home/kali/Desktop/projects/git/bank_data_processing/myenv/lib/python3.11/site-packages/airflow/example_dags/example_branch_python_dop_operator_3.py
[2024-07-12T02:00:47.315+0530] {logging_mixin.py:188} INFO - [2024-07-12T02:00:47.315+0530] {dag.py:3096} INFO - Sync 1 DAGs
[2024-07-12T02:00:47.352+0530] {logging_mixin.py:188} INFO - [2024-07-12T02:00:47.352+0530] {dag.py:3954} INFO - Setting next_dagrun for example_branch_dop_operator_v3 to 2024-07-11 20:29:00+00:00, run_after=2024-07-11 20:30:00+00:00
[2024-07-12T02:00:47.380+0530] {processor.py:183} INFO - Processing /home/kali/Desktop/projects/git/bank_data_processing/myenv/lib/python3.11/site-packages/airflow/example_dags/example_branch_python_dop_operator_3.py took 0.119 seconds
[2024-07-12T02:01:19.997+0530] {processor.py:161} INFO - Started process (PID=50913) to work on /home/kali/Desktop/projects/git/bank_data_processing/myenv/lib/python3.11/site-packages/airflow/example_dags/example_branch_python_dop_operator_3.py
[2024-07-12T02:01:19.998+0530] {processor.py:830} INFO - Processing file /home/kali/Desktop/projects/git/bank_data_processing/myenv/lib/python3.11/site-packages/airflow/example_dags/example_branch_python_dop_operator_3.py for tasks to queue
[2024-07-12T02:01:20.001+0530] {logging_mixin.py:188} INFO - [2024-07-12T02:01:20.001+0530] {dagbag.py:545} INFO - Filling up the DagBag from /home/kali/Desktop/projects/git/bank_data_processing/myenv/lib/python3.11/site-packages/airflow/example_dags/example_branch_python_dop_operator_3.py
[2024-07-12T02:01:20.014+0530] {processor.py:840} INFO - DAG(s) 'example_branch_dop_operator_v3' retrieved from /home/kali/Desktop/projects/git/bank_data_processing/myenv/lib/python3.11/site-packages/airflow/example_dags/example_branch_python_dop_operator_3.py
[2024-07-12T02:01:20.039+0530] {logging_mixin.py:188} INFO - [2024-07-12T02:01:20.039+0530] {dag.py:3096} INFO - Sync 1 DAGs
[2024-07-12T02:01:20.093+0530] {logging_mixin.py:188} INFO - [2024-07-12T02:01:20.093+0530] {dag.py:3954} INFO - Setting next_dagrun for example_branch_dop_operator_v3 to 2024-07-11 20:30:00+00:00, run_after=2024-07-11 20:31:00+00:00
[2024-07-12T02:01:20.119+0530] {processor.py:183} INFO - Processing /home/kali/Desktop/projects/git/bank_data_processing/myenv/lib/python3.11/site-packages/airflow/example_dags/example_branch_python_dop_operator_3.py took 0.131 seconds
[2024-07-12T02:01:52.699+0530] {processor.py:161} INFO - Started process (PID=51597) to work on /home/kali/Desktop/projects/git/bank_data_processing/myenv/lib/python3.11/site-packages/airflow/example_dags/example_branch_python_dop_operator_3.py
[2024-07-12T02:01:52.700+0530] {processor.py:830} INFO - Processing file /home/kali/Desktop/projects/git/bank_data_processing/myenv/lib/python3.11/site-packages/airflow/example_dags/example_branch_python_dop_operator_3.py for tasks to queue
[2024-07-12T02:01:52.701+0530] {logging_mixin.py:188} INFO - [2024-07-12T02:01:52.701+0530] {dagbag.py:545} INFO - Filling up the DagBag from /home/kali/Desktop/projects/git/bank_data_processing/myenv/lib/python3.11/site-packages/airflow/example_dags/example_branch_python_dop_operator_3.py
[2024-07-12T02:01:52.711+0530] {processor.py:840} INFO - DAG(s) 'example_branch_dop_operator_v3' retrieved from /home/kali/Desktop/projects/git/bank_data_processing/myenv/lib/python3.11/site-packages/airflow/example_dags/example_branch_python_dop_operator_3.py
[2024-07-12T02:01:52.729+0530] {logging_mixin.py:188} INFO - [2024-07-12T02:01:52.729+0530] {dag.py:3096} INFO - Sync 1 DAGs
[2024-07-12T02:01:52.755+0530] {logging_mixin.py:188} INFO - [2024-07-12T02:01:52.755+0530] {dag.py:3954} INFO - Setting next_dagrun for example_branch_dop_operator_v3 to 2024-07-11 20:30:00+00:00, run_after=2024-07-11 20:31:00+00:00
[2024-07-12T02:01:52.775+0530] {processor.py:183} INFO - Processing /home/kali/Desktop/projects/git/bank_data_processing/myenv/lib/python3.11/site-packages/airflow/example_dags/example_branch_python_dop_operator_3.py took 0.083 seconds
[2024-07-12T02:02:23.355+0530] {processor.py:161} INFO - Started process (PID=52169) to work on /home/kali/Desktop/projects/git/bank_data_processing/myenv/lib/python3.11/site-packages/airflow/example_dags/example_branch_python_dop_operator_3.py
[2024-07-12T02:02:23.356+0530] {processor.py:830} INFO - Processing file /home/kali/Desktop/projects/git/bank_data_processing/myenv/lib/python3.11/site-packages/airflow/example_dags/example_branch_python_dop_operator_3.py for tasks to queue
[2024-07-12T02:02:23.357+0530] {logging_mixin.py:188} INFO - [2024-07-12T02:02:23.357+0530] {dagbag.py:545} INFO - Filling up the DagBag from /home/kali/Desktop/projects/git/bank_data_processing/myenv/lib/python3.11/site-packages/airflow/example_dags/example_branch_python_dop_operator_3.py
[2024-07-12T02:02:23.366+0530] {processor.py:840} INFO - DAG(s) 'example_branch_dop_operator_v3' retrieved from /home/kali/Desktop/projects/git/bank_data_processing/myenv/lib/python3.11/site-packages/airflow/example_dags/example_branch_python_dop_operator_3.py
[2024-07-12T02:02:23.384+0530] {logging_mixin.py:188} INFO - [2024-07-12T02:02:23.384+0530] {dag.py:3096} INFO - Sync 1 DAGs
[2024-07-12T02:02:23.415+0530] {logging_mixin.py:188} INFO - [2024-07-12T02:02:23.415+0530] {dag.py:3954} INFO - Setting next_dagrun for example_branch_dop_operator_v3 to 2024-07-11 20:31:00+00:00, run_after=2024-07-11 20:32:00+00:00
[2024-07-12T02:02:23.436+0530] {processor.py:183} INFO - Processing /home/kali/Desktop/projects/git/bank_data_processing/myenv/lib/python3.11/site-packages/airflow/example_dags/example_branch_python_dop_operator_3.py took 0.087 seconds
[2024-07-12T02:02:54.233+0530] {processor.py:161} INFO - Started process (PID=52682) to work on /home/kali/Desktop/projects/git/bank_data_processing/myenv/lib/python3.11/site-packages/airflow/example_dags/example_branch_python_dop_operator_3.py
[2024-07-12T02:02:54.235+0530] {processor.py:830} INFO - Processing file /home/kali/Desktop/projects/git/bank_data_processing/myenv/lib/python3.11/site-packages/airflow/example_dags/example_branch_python_dop_operator_3.py for tasks to queue
[2024-07-12T02:02:54.238+0530] {logging_mixin.py:188} INFO - [2024-07-12T02:02:54.237+0530] {dagbag.py:545} INFO - Filling up the DagBag from /home/kali/Desktop/projects/git/bank_data_processing/myenv/lib/python3.11/site-packages/airflow/example_dags/example_branch_python_dop_operator_3.py
[2024-07-12T02:02:54.254+0530] {processor.py:840} INFO - DAG(s) 'example_branch_dop_operator_v3' retrieved from /home/kali/Desktop/projects/git/bank_data_processing/myenv/lib/python3.11/site-packages/airflow/example_dags/example_branch_python_dop_operator_3.py
[2024-07-12T02:02:54.286+0530] {logging_mixin.py:188} INFO - [2024-07-12T02:02:54.285+0530] {dag.py:3096} INFO - Sync 1 DAGs
[2024-07-12T02:02:54.342+0530] {logging_mixin.py:188} INFO - [2024-07-12T02:02:54.342+0530] {dag.py:3954} INFO - Setting next_dagrun for example_branch_dop_operator_v3 to 2024-07-11 20:31:00+00:00, run_after=2024-07-11 20:32:00+00:00
[2024-07-12T02:02:54.387+0530] {processor.py:183} INFO - Processing /home/kali/Desktop/projects/git/bank_data_processing/myenv/lib/python3.11/site-packages/airflow/example_dags/example_branch_python_dop_operator_3.py took 0.166 seconds
[2024-07-12T02:03:25.211+0530] {processor.py:161} INFO - Started process (PID=53233) to work on /home/kali/Desktop/projects/git/bank_data_processing/myenv/lib/python3.11/site-packages/airflow/example_dags/example_branch_python_dop_operator_3.py
[2024-07-12T02:03:25.212+0530] {processor.py:830} INFO - Processing file /home/kali/Desktop/projects/git/bank_data_processing/myenv/lib/python3.11/site-packages/airflow/example_dags/example_branch_python_dop_operator_3.py for tasks to queue
[2024-07-12T02:03:25.213+0530] {logging_mixin.py:188} INFO - [2024-07-12T02:03:25.213+0530] {dagbag.py:545} INFO - Filling up the DagBag from /home/kali/Desktop/projects/git/bank_data_processing/myenv/lib/python3.11/site-packages/airflow/example_dags/example_branch_python_dop_operator_3.py
[2024-07-12T02:03:25.222+0530] {processor.py:840} INFO - DAG(s) 'example_branch_dop_operator_v3' retrieved from /home/kali/Desktop/projects/git/bank_data_processing/myenv/lib/python3.11/site-packages/airflow/example_dags/example_branch_python_dop_operator_3.py
[2024-07-12T02:03:25.240+0530] {logging_mixin.py:188} INFO - [2024-07-12T02:03:25.240+0530] {dag.py:3096} INFO - Sync 1 DAGs
[2024-07-12T02:03:25.266+0530] {logging_mixin.py:188} INFO - [2024-07-12T02:03:25.265+0530] {dag.py:3954} INFO - Setting next_dagrun for example_branch_dop_operator_v3 to 2024-07-11 20:32:00+00:00, run_after=2024-07-11 20:33:00+00:00
[2024-07-12T02:03:25.287+0530] {processor.py:183} INFO - Processing /home/kali/Desktop/projects/git/bank_data_processing/myenv/lib/python3.11/site-packages/airflow/example_dags/example_branch_python_dop_operator_3.py took 0.085 seconds
[2024-07-12T02:03:55.328+0530] {processor.py:161} INFO - Started process (PID=53725) to work on /home/kali/Desktop/projects/git/bank_data_processing/myenv/lib/python3.11/site-packages/airflow/example_dags/example_branch_python_dop_operator_3.py
[2024-07-12T02:03:55.329+0530] {processor.py:830} INFO - Processing file /home/kali/Desktop/projects/git/bank_data_processing/myenv/lib/python3.11/site-packages/airflow/example_dags/example_branch_python_dop_operator_3.py for tasks to queue
[2024-07-12T02:03:55.331+0530] {logging_mixin.py:188} INFO - [2024-07-12T02:03:55.330+0530] {dagbag.py:545} INFO - Filling up the DagBag from /home/kali/Desktop/projects/git/bank_data_processing/myenv/lib/python3.11/site-packages/airflow/example_dags/example_branch_python_dop_operator_3.py
[2024-07-12T02:03:55.340+0530] {processor.py:840} INFO - DAG(s) 'example_branch_dop_operator_v3' retrieved from /home/kali/Desktop/projects/git/bank_data_processing/myenv/lib/python3.11/site-packages/airflow/example_dags/example_branch_python_dop_operator_3.py
[2024-07-12T02:03:55.358+0530] {logging_mixin.py:188} INFO - [2024-07-12T02:03:55.358+0530] {dag.py:3096} INFO - Sync 1 DAGs
[2024-07-12T02:03:55.387+0530] {logging_mixin.py:188} INFO - [2024-07-12T02:03:55.387+0530] {dag.py:3954} INFO - Setting next_dagrun for example_branch_dop_operator_v3 to 2024-07-11 20:32:00+00:00, run_after=2024-07-11 20:33:00+00:00
[2024-07-12T02:03:55.425+0530] {processor.py:183} INFO - Processing /home/kali/Desktop/projects/git/bank_data_processing/myenv/lib/python3.11/site-packages/airflow/example_dags/example_branch_python_dop_operator_3.py took 0.107 seconds
[2024-07-12T02:04:26.953+0530] {processor.py:161} INFO - Started process (PID=54207) to work on /home/kali/Desktop/projects/git/bank_data_processing/myenv/lib/python3.11/site-packages/airflow/example_dags/example_branch_python_dop_operator_3.py
[2024-07-12T02:04:26.955+0530] {processor.py:830} INFO - Processing file /home/kali/Desktop/projects/git/bank_data_processing/myenv/lib/python3.11/site-packages/airflow/example_dags/example_branch_python_dop_operator_3.py for tasks to queue
[2024-07-12T02:04:26.957+0530] {logging_mixin.py:188} INFO - [2024-07-12T02:04:26.956+0530] {dagbag.py:545} INFO - Filling up the DagBag from /home/kali/Desktop/projects/git/bank_data_processing/myenv/lib/python3.11/site-packages/airflow/example_dags/example_branch_python_dop_operator_3.py
[2024-07-12T02:04:26.968+0530] {processor.py:840} INFO - DAG(s) 'example_branch_dop_operator_v3' retrieved from /home/kali/Desktop/projects/git/bank_data_processing/myenv/lib/python3.11/site-packages/airflow/example_dags/example_branch_python_dop_operator_3.py
[2024-07-12T02:04:26.989+0530] {logging_mixin.py:188} INFO - [2024-07-12T02:04:26.988+0530] {dag.py:3096} INFO - Sync 1 DAGs
[2024-07-12T02:04:27.018+0530] {logging_mixin.py:188} INFO - [2024-07-12T02:04:27.017+0530] {dag.py:3954} INFO - Setting next_dagrun for example_branch_dop_operator_v3 to 2024-07-11 20:33:00+00:00, run_after=2024-07-11 20:34:00+00:00
[2024-07-12T02:04:27.039+0530] {processor.py:183} INFO - Processing /home/kali/Desktop/projects/git/bank_data_processing/myenv/lib/python3.11/site-packages/airflow/example_dags/example_branch_python_dop_operator_3.py took 0.095 seconds
[2024-07-12T02:04:58.740+0530] {processor.py:161} INFO - Started process (PID=54789) to work on /home/kali/Desktop/projects/git/bank_data_processing/myenv/lib/python3.11/site-packages/airflow/example_dags/example_branch_python_dop_operator_3.py
[2024-07-12T02:04:58.741+0530] {processor.py:830} INFO - Processing file /home/kali/Desktop/projects/git/bank_data_processing/myenv/lib/python3.11/site-packages/airflow/example_dags/example_branch_python_dop_operator_3.py for tasks to queue
[2024-07-12T02:04:58.743+0530] {logging_mixin.py:188} INFO - [2024-07-12T02:04:58.743+0530] {dagbag.py:545} INFO - Filling up the DagBag from /home/kali/Desktop/projects/git/bank_data_processing/myenv/lib/python3.11/site-packages/airflow/example_dags/example_branch_python_dop_operator_3.py
[2024-07-12T02:04:58.754+0530] {processor.py:840} INFO - DAG(s) 'example_branch_dop_operator_v3' retrieved from /home/kali/Desktop/projects/git/bank_data_processing/myenv/lib/python3.11/site-packages/airflow/example_dags/example_branch_python_dop_operator_3.py
[2024-07-12T02:04:58.778+0530] {logging_mixin.py:188} INFO - [2024-07-12T02:04:58.777+0530] {dag.py:3096} INFO - Sync 1 DAGs
[2024-07-12T02:04:58.819+0530] {logging_mixin.py:188} INFO - [2024-07-12T02:04:58.819+0530] {dag.py:3954} INFO - Setting next_dagrun for example_branch_dop_operator_v3 to 2024-07-11 20:33:00+00:00, run_after=2024-07-11 20:34:00+00:00
[2024-07-12T02:04:58.844+0530] {processor.py:183} INFO - Processing /home/kali/Desktop/projects/git/bank_data_processing/myenv/lib/python3.11/site-packages/airflow/example_dags/example_branch_python_dop_operator_3.py took 0.115 seconds
[2024-07-12T02:05:29.786+0530] {processor.py:161} INFO - Started process (PID=55300) to work on /home/kali/Desktop/projects/git/bank_data_processing/myenv/lib/python3.11/site-packages/airflow/example_dags/example_branch_python_dop_operator_3.py
[2024-07-12T02:05:29.788+0530] {processor.py:830} INFO - Processing file /home/kali/Desktop/projects/git/bank_data_processing/myenv/lib/python3.11/site-packages/airflow/example_dags/example_branch_python_dop_operator_3.py for tasks to queue
[2024-07-12T02:05:29.790+0530] {logging_mixin.py:188} INFO - [2024-07-12T02:05:29.789+0530] {dagbag.py:545} INFO - Filling up the DagBag from /home/kali/Desktop/projects/git/bank_data_processing/myenv/lib/python3.11/site-packages/airflow/example_dags/example_branch_python_dop_operator_3.py
[2024-07-12T02:05:29.799+0530] {processor.py:840} INFO - DAG(s) 'example_branch_dop_operator_v3' retrieved from /home/kali/Desktop/projects/git/bank_data_processing/myenv/lib/python3.11/site-packages/airflow/example_dags/example_branch_python_dop_operator_3.py
[2024-07-12T02:05:29.817+0530] {logging_mixin.py:188} INFO - [2024-07-12T02:05:29.817+0530] {dag.py:3096} INFO - Sync 1 DAGs
[2024-07-12T02:05:29.843+0530] {logging_mixin.py:188} INFO - [2024-07-12T02:05:29.843+0530] {dag.py:3954} INFO - Setting next_dagrun for example_branch_dop_operator_v3 to 2024-07-11 20:34:00+00:00, run_after=2024-07-11 20:35:00+00:00
[2024-07-12T02:05:29.867+0530] {processor.py:183} INFO - Processing /home/kali/Desktop/projects/git/bank_data_processing/myenv/lib/python3.11/site-packages/airflow/example_dags/example_branch_python_dop_operator_3.py took 0.087 seconds
[2024-07-12T02:06:02.871+0530] {processor.py:161} INFO - Started process (PID=55873) to work on /home/kali/Desktop/projects/git/bank_data_processing/myenv/lib/python3.11/site-packages/airflow/example_dags/example_branch_python_dop_operator_3.py
[2024-07-12T02:06:02.872+0530] {processor.py:830} INFO - Processing file /home/kali/Desktop/projects/git/bank_data_processing/myenv/lib/python3.11/site-packages/airflow/example_dags/example_branch_python_dop_operator_3.py for tasks to queue
[2024-07-12T02:06:02.873+0530] {logging_mixin.py:188} INFO - [2024-07-12T02:06:02.873+0530] {dagbag.py:545} INFO - Filling up the DagBag from /home/kali/Desktop/projects/git/bank_data_processing/myenv/lib/python3.11/site-packages/airflow/example_dags/example_branch_python_dop_operator_3.py
[2024-07-12T02:06:02.883+0530] {processor.py:840} INFO - DAG(s) 'example_branch_dop_operator_v3' retrieved from /home/kali/Desktop/projects/git/bank_data_processing/myenv/lib/python3.11/site-packages/airflow/example_dags/example_branch_python_dop_operator_3.py
[2024-07-12T02:06:02.901+0530] {logging_mixin.py:188} INFO - [2024-07-12T02:06:02.901+0530] {dag.py:3096} INFO - Sync 1 DAGs
[2024-07-12T02:06:02.927+0530] {logging_mixin.py:188} INFO - [2024-07-12T02:06:02.927+0530] {dag.py:3954} INFO - Setting next_dagrun for example_branch_dop_operator_v3 to 2024-07-11 20:35:00+00:00, run_after=2024-07-11 20:36:00+00:00
[2024-07-12T02:06:02.948+0530] {processor.py:183} INFO - Processing /home/kali/Desktop/projects/git/bank_data_processing/myenv/lib/python3.11/site-packages/airflow/example_dags/example_branch_python_dop_operator_3.py took 0.084 seconds
[2024-07-12T02:06:35.886+0530] {processor.py:161} INFO - Started process (PID=56538) to work on /home/kali/Desktop/projects/git/bank_data_processing/myenv/lib/python3.11/site-packages/airflow/example_dags/example_branch_python_dop_operator_3.py
[2024-07-12T02:06:35.887+0530] {processor.py:830} INFO - Processing file /home/kali/Desktop/projects/git/bank_data_processing/myenv/lib/python3.11/site-packages/airflow/example_dags/example_branch_python_dop_operator_3.py for tasks to queue
[2024-07-12T02:06:35.888+0530] {logging_mixin.py:188} INFO - [2024-07-12T02:06:35.888+0530] {dagbag.py:545} INFO - Filling up the DagBag from /home/kali/Desktop/projects/git/bank_data_processing/myenv/lib/python3.11/site-packages/airflow/example_dags/example_branch_python_dop_operator_3.py
[2024-07-12T02:06:35.899+0530] {processor.py:840} INFO - DAG(s) 'example_branch_dop_operator_v3' retrieved from /home/kali/Desktop/projects/git/bank_data_processing/myenv/lib/python3.11/site-packages/airflow/example_dags/example_branch_python_dop_operator_3.py
[2024-07-12T02:06:35.920+0530] {logging_mixin.py:188} INFO - [2024-07-12T02:06:35.920+0530] {dag.py:3096} INFO - Sync 1 DAGs
[2024-07-12T02:06:35.950+0530] {logging_mixin.py:188} INFO - [2024-07-12T02:06:35.949+0530] {dag.py:3954} INFO - Setting next_dagrun for example_branch_dop_operator_v3 to 2024-07-11 20:35:00+00:00, run_after=2024-07-11 20:36:00+00:00
[2024-07-12T02:06:35.971+0530] {processor.py:183} INFO - Processing /home/kali/Desktop/projects/git/bank_data_processing/myenv/lib/python3.11/site-packages/airflow/example_dags/example_branch_python_dop_operator_3.py took 0.093 seconds
[2024-07-12T02:07:06.229+0530] {processor.py:161} INFO - Started process (PID=57226) to work on /home/kali/Desktop/projects/git/bank_data_processing/myenv/lib/python3.11/site-packages/airflow/example_dags/example_branch_python_dop_operator_3.py
[2024-07-12T02:07:06.232+0530] {processor.py:830} INFO - Processing file /home/kali/Desktop/projects/git/bank_data_processing/myenv/lib/python3.11/site-packages/airflow/example_dags/example_branch_python_dop_operator_3.py for tasks to queue
[2024-07-12T02:07:06.234+0530] {logging_mixin.py:188} INFO - [2024-07-12T02:07:06.234+0530] {dagbag.py:545} INFO - Filling up the DagBag from /home/kali/Desktop/projects/git/bank_data_processing/myenv/lib/python3.11/site-packages/airflow/example_dags/example_branch_python_dop_operator_3.py
[2024-07-12T02:07:06.248+0530] {processor.py:840} INFO - DAG(s) 'example_branch_dop_operator_v3' retrieved from /home/kali/Desktop/projects/git/bank_data_processing/myenv/lib/python3.11/site-packages/airflow/example_dags/example_branch_python_dop_operator_3.py
[2024-07-12T02:07:06.270+0530] {logging_mixin.py:188} INFO - [2024-07-12T02:07:06.270+0530] {dag.py:3096} INFO - Sync 1 DAGs
[2024-07-12T02:07:06.309+0530] {logging_mixin.py:188} INFO - [2024-07-12T02:07:06.308+0530] {dag.py:3954} INFO - Setting next_dagrun for example_branch_dop_operator_v3 to 2024-07-11 20:36:00+00:00, run_after=2024-07-11 20:37:00+00:00
[2024-07-12T02:07:06.344+0530] {processor.py:183} INFO - Processing /home/kali/Desktop/projects/git/bank_data_processing/myenv/lib/python3.11/site-packages/airflow/example_dags/example_branch_python_dop_operator_3.py took 0.122 seconds
[2024-07-12T02:07:37.726+0530] {processor.py:161} INFO - Started process (PID=57907) to work on /home/kali/Desktop/projects/git/bank_data_processing/myenv/lib/python3.11/site-packages/airflow/example_dags/example_branch_python_dop_operator_3.py
[2024-07-12T02:07:37.727+0530] {processor.py:830} INFO - Processing file /home/kali/Desktop/projects/git/bank_data_processing/myenv/lib/python3.11/site-packages/airflow/example_dags/example_branch_python_dop_operator_3.py for tasks to queue
[2024-07-12T02:07:37.729+0530] {logging_mixin.py:188} INFO - [2024-07-12T02:07:37.729+0530] {dagbag.py:545} INFO - Filling up the DagBag from /home/kali/Desktop/projects/git/bank_data_processing/myenv/lib/python3.11/site-packages/airflow/example_dags/example_branch_python_dop_operator_3.py
[2024-07-12T02:07:37.745+0530] {processor.py:840} INFO - DAG(s) 'example_branch_dop_operator_v3' retrieved from /home/kali/Desktop/projects/git/bank_data_processing/myenv/lib/python3.11/site-packages/airflow/example_dags/example_branch_python_dop_operator_3.py
[2024-07-12T02:07:37.768+0530] {logging_mixin.py:188} INFO - [2024-07-12T02:07:37.768+0530] {dag.py:3096} INFO - Sync 1 DAGs
[2024-07-12T02:07:37.805+0530] {logging_mixin.py:188} INFO - [2024-07-12T02:07:37.805+0530] {dag.py:3954} INFO - Setting next_dagrun for example_branch_dop_operator_v3 to 2024-07-11 20:36:00+00:00, run_after=2024-07-11 20:37:00+00:00
[2024-07-12T02:07:37.833+0530] {processor.py:183} INFO - Processing /home/kali/Desktop/projects/git/bank_data_processing/myenv/lib/python3.11/site-packages/airflow/example_dags/example_branch_python_dop_operator_3.py took 0.120 seconds
[2024-07-12T02:08:08.718+0530] {processor.py:161} INFO - Started process (PID=58436) to work on /home/kali/Desktop/projects/git/bank_data_processing/myenv/lib/python3.11/site-packages/airflow/example_dags/example_branch_python_dop_operator_3.py
[2024-07-12T02:08:08.719+0530] {processor.py:830} INFO - Processing file /home/kali/Desktop/projects/git/bank_data_processing/myenv/lib/python3.11/site-packages/airflow/example_dags/example_branch_python_dop_operator_3.py for tasks to queue
[2024-07-12T02:08:08.722+0530] {logging_mixin.py:188} INFO - [2024-07-12T02:08:08.722+0530] {dagbag.py:545} INFO - Filling up the DagBag from /home/kali/Desktop/projects/git/bank_data_processing/myenv/lib/python3.11/site-packages/airflow/example_dags/example_branch_python_dop_operator_3.py
[2024-07-12T02:08:08.738+0530] {processor.py:840} INFO - DAG(s) 'example_branch_dop_operator_v3' retrieved from /home/kali/Desktop/projects/git/bank_data_processing/myenv/lib/python3.11/site-packages/airflow/example_dags/example_branch_python_dop_operator_3.py
[2024-07-12T02:08:08.773+0530] {logging_mixin.py:188} INFO - [2024-07-12T02:08:08.773+0530] {dag.py:3096} INFO - Sync 1 DAGs
[2024-07-12T02:08:08.816+0530] {logging_mixin.py:188} INFO - [2024-07-12T02:08:08.816+0530] {dag.py:3954} INFO - Setting next_dagrun for example_branch_dop_operator_v3 to 2024-07-11 20:37:00+00:00, run_after=2024-07-11 20:38:00+00:00
[2024-07-12T02:08:08.841+0530] {processor.py:183} INFO - Processing /home/kali/Desktop/projects/git/bank_data_processing/myenv/lib/python3.11/site-packages/airflow/example_dags/example_branch_python_dop_operator_3.py took 0.134 seconds
[2024-07-12T02:08:40.042+0530] {processor.py:161} INFO - Started process (PID=58997) to work on /home/kali/Desktop/projects/git/bank_data_processing/myenv/lib/python3.11/site-packages/airflow/example_dags/example_branch_python_dop_operator_3.py
[2024-07-12T02:08:40.044+0530] {processor.py:830} INFO - Processing file /home/kali/Desktop/projects/git/bank_data_processing/myenv/lib/python3.11/site-packages/airflow/example_dags/example_branch_python_dop_operator_3.py for tasks to queue
[2024-07-12T02:08:40.045+0530] {logging_mixin.py:188} INFO - [2024-07-12T02:08:40.045+0530] {dagbag.py:545} INFO - Filling up the DagBag from /home/kali/Desktop/projects/git/bank_data_processing/myenv/lib/python3.11/site-packages/airflow/example_dags/example_branch_python_dop_operator_3.py
[2024-07-12T02:08:40.060+0530] {processor.py:840} INFO - DAG(s) 'example_branch_dop_operator_v3' retrieved from /home/kali/Desktop/projects/git/bank_data_processing/myenv/lib/python3.11/site-packages/airflow/example_dags/example_branch_python_dop_operator_3.py
[2024-07-12T02:08:40.084+0530] {logging_mixin.py:188} INFO - [2024-07-12T02:08:40.084+0530] {dag.py:3096} INFO - Sync 1 DAGs
[2024-07-12T02:08:40.123+0530] {logging_mixin.py:188} INFO - [2024-07-12T02:08:40.121+0530] {dag.py:3954} INFO - Setting next_dagrun for example_branch_dop_operator_v3 to 2024-07-11 20:37:00+00:00, run_after=2024-07-11 20:38:00+00:00
[2024-07-12T02:08:40.158+0530] {processor.py:183} INFO - Processing /home/kali/Desktop/projects/git/bank_data_processing/myenv/lib/python3.11/site-packages/airflow/example_dags/example_branch_python_dop_operator_3.py took 0.127 seconds
[2024-07-12T02:09:10.800+0530] {processor.py:161} INFO - Started process (PID=59619) to work on /home/kali/Desktop/projects/git/bank_data_processing/myenv/lib/python3.11/site-packages/airflow/example_dags/example_branch_python_dop_operator_3.py
[2024-07-12T02:09:10.801+0530] {processor.py:830} INFO - Processing file /home/kali/Desktop/projects/git/bank_data_processing/myenv/lib/python3.11/site-packages/airflow/example_dags/example_branch_python_dop_operator_3.py for tasks to queue
[2024-07-12T02:09:10.802+0530] {logging_mixin.py:188} INFO - [2024-07-12T02:09:10.802+0530] {dagbag.py:545} INFO - Filling up the DagBag from /home/kali/Desktop/projects/git/bank_data_processing/myenv/lib/python3.11/site-packages/airflow/example_dags/example_branch_python_dop_operator_3.py
[2024-07-12T02:09:10.811+0530] {processor.py:840} INFO - DAG(s) 'example_branch_dop_operator_v3' retrieved from /home/kali/Desktop/projects/git/bank_data_processing/myenv/lib/python3.11/site-packages/airflow/example_dags/example_branch_python_dop_operator_3.py
[2024-07-12T02:09:10.833+0530] {logging_mixin.py:188} INFO - [2024-07-12T02:09:10.832+0530] {dag.py:3096} INFO - Sync 1 DAGs
[2024-07-12T02:09:10.868+0530] {logging_mixin.py:188} INFO - [2024-07-12T02:09:10.867+0530] {dag.py:3954} INFO - Setting next_dagrun for example_branch_dop_operator_v3 to 2024-07-11 20:38:00+00:00, run_after=2024-07-11 20:39:00+00:00
[2024-07-12T02:09:10.890+0530] {processor.py:183} INFO - Processing /home/kali/Desktop/projects/git/bank_data_processing/myenv/lib/python3.11/site-packages/airflow/example_dags/example_branch_python_dop_operator_3.py took 0.096 seconds
[2024-07-12T02:09:43.198+0530] {processor.py:161} INFO - Started process (PID=60348) to work on /home/kali/Desktop/projects/git/bank_data_processing/myenv/lib/python3.11/site-packages/airflow/example_dags/example_branch_python_dop_operator_3.py
[2024-07-12T02:09:43.199+0530] {processor.py:830} INFO - Processing file /home/kali/Desktop/projects/git/bank_data_processing/myenv/lib/python3.11/site-packages/airflow/example_dags/example_branch_python_dop_operator_3.py for tasks to queue
[2024-07-12T02:09:43.200+0530] {logging_mixin.py:188} INFO - [2024-07-12T02:09:43.199+0530] {dagbag.py:545} INFO - Filling up the DagBag from /home/kali/Desktop/projects/git/bank_data_processing/myenv/lib/python3.11/site-packages/airflow/example_dags/example_branch_python_dop_operator_3.py
[2024-07-12T02:09:43.210+0530] {processor.py:840} INFO - DAG(s) 'example_branch_dop_operator_v3' retrieved from /home/kali/Desktop/projects/git/bank_data_processing/myenv/lib/python3.11/site-packages/airflow/example_dags/example_branch_python_dop_operator_3.py
[2024-07-12T02:09:43.227+0530] {logging_mixin.py:188} INFO - [2024-07-12T02:09:43.227+0530] {dag.py:3096} INFO - Sync 1 DAGs
[2024-07-12T02:09:43.251+0530] {logging_mixin.py:188} INFO - [2024-07-12T02:09:43.251+0530] {dag.py:3954} INFO - Setting next_dagrun for example_branch_dop_operator_v3 to 2024-07-11 20:38:00+00:00, run_after=2024-07-11 20:39:00+00:00
[2024-07-12T02:09:43.271+0530] {processor.py:183} INFO - Processing /home/kali/Desktop/projects/git/bank_data_processing/myenv/lib/python3.11/site-packages/airflow/example_dags/example_branch_python_dop_operator_3.py took 0.082 seconds
