[2024-07-12T01:47:47.943+0530] {processor.py:161} INFO - Started process (PID=36595) to work on /home/kali/Desktop/projects/git/bank_data_processing/myenv/lib/python3.11/site-packages/airflow/example_dags/example_branch_operator_decorator.py
[2024-07-12T01:47:47.944+0530] {processor.py:830} INFO - Processing file /home/kali/Desktop/projects/git/bank_data_processing/myenv/lib/python3.11/site-packages/airflow/example_dags/example_branch_operator_decorator.py for tasks to queue
[2024-07-12T01:47:47.945+0530] {logging_mixin.py:188} INFO - [2024-07-12T01:47:47.945+0530] {dagbag.py:545} INFO - Filling up the DagBag from /home/kali/Desktop/projects/git/bank_data_processing/myenv/lib/python3.11/site-packages/airflow/example_dags/example_branch_operator_decorator.py
[2024-07-12T01:47:47.966+0530] {processor.py:840} INFO - DAG(s) 'example_branch_python_operator_decorator' retrieved from /home/kali/Desktop/projects/git/bank_data_processing/myenv/lib/python3.11/site-packages/airflow/example_dags/example_branch_operator_decorator.py
[2024-07-12T01:47:48.069+0530] {logging_mixin.py:188} INFO - [2024-07-12T01:47:48.069+0530] {dag.py:3096} INFO - Sync 1 DAGs
[2024-07-12T01:47:48.089+0530] {logging_mixin.py:188} INFO - [2024-07-12T01:47:48.089+0530] {dag.py:3954} INFO - Setting next_dagrun for example_branch_python_operator_decorator to 2024-07-10 00:00:00+00:00, run_after=2024-07-11 00:00:00+00:00
[2024-07-12T01:47:48.114+0530] {processor.py:183} INFO - Processing /home/kali/Desktop/projects/git/bank_data_processing/myenv/lib/python3.11/site-packages/airflow/example_dags/example_branch_operator_decorator.py took 0.177 seconds
[2024-07-12T01:48:18.575+0530] {processor.py:161} INFO - Started process (PID=37094) to work on /home/kali/Desktop/projects/git/bank_data_processing/myenv/lib/python3.11/site-packages/airflow/example_dags/example_branch_operator_decorator.py
[2024-07-12T01:48:18.577+0530] {processor.py:830} INFO - Processing file /home/kali/Desktop/projects/git/bank_data_processing/myenv/lib/python3.11/site-packages/airflow/example_dags/example_branch_operator_decorator.py for tasks to queue
[2024-07-12T01:48:18.580+0530] {logging_mixin.py:188} INFO - [2024-07-12T01:48:18.580+0530] {dagbag.py:545} INFO - Filling up the DagBag from /home/kali/Desktop/projects/git/bank_data_processing/myenv/lib/python3.11/site-packages/airflow/example_dags/example_branch_operator_decorator.py
[2024-07-12T01:48:18.605+0530] {processor.py:840} INFO - DAG(s) 'example_branch_python_operator_decorator' retrieved from /home/kali/Desktop/projects/git/bank_data_processing/myenv/lib/python3.11/site-packages/airflow/example_dags/example_branch_operator_decorator.py
[2024-07-12T01:48:18.632+0530] {logging_mixin.py:188} INFO - [2024-07-12T01:48:18.632+0530] {dag.py:3096} INFO - Sync 1 DAGs
[2024-07-12T01:48:18.652+0530] {logging_mixin.py:188} INFO - [2024-07-12T01:48:18.652+0530] {dag.py:3954} INFO - Setting next_dagrun for example_branch_python_operator_decorator to 2024-07-10 00:00:00+00:00, run_after=2024-07-11 00:00:00+00:00
[2024-07-12T01:48:18.670+0530] {processor.py:183} INFO - Processing /home/kali/Desktop/projects/git/bank_data_processing/myenv/lib/python3.11/site-packages/airflow/example_dags/example_branch_operator_decorator.py took 0.105 seconds
[2024-07-12T01:48:49.507+0530] {processor.py:161} INFO - Started process (PID=37477) to work on /home/kali/Desktop/projects/git/bank_data_processing/myenv/lib/python3.11/site-packages/airflow/example_dags/example_branch_operator_decorator.py
[2024-07-12T01:48:49.508+0530] {processor.py:830} INFO - Processing file /home/kali/Desktop/projects/git/bank_data_processing/myenv/lib/python3.11/site-packages/airflow/example_dags/example_branch_operator_decorator.py for tasks to queue
[2024-07-12T01:48:49.510+0530] {logging_mixin.py:188} INFO - [2024-07-12T01:48:49.510+0530] {dagbag.py:545} INFO - Filling up the DagBag from /home/kali/Desktop/projects/git/bank_data_processing/myenv/lib/python3.11/site-packages/airflow/example_dags/example_branch_operator_decorator.py
[2024-07-12T01:48:49.535+0530] {processor.py:840} INFO - DAG(s) 'example_branch_python_operator_decorator' retrieved from /home/kali/Desktop/projects/git/bank_data_processing/myenv/lib/python3.11/site-packages/airflow/example_dags/example_branch_operator_decorator.py
[2024-07-12T01:48:49.565+0530] {logging_mixin.py:188} INFO - [2024-07-12T01:48:49.565+0530] {dag.py:3096} INFO - Sync 1 DAGs
[2024-07-12T01:48:49.700+0530] {logging_mixin.py:188} INFO - [2024-07-12T01:48:49.700+0530] {dag.py:3954} INFO - Setting next_dagrun for example_branch_python_operator_decorator to 2024-07-10 00:00:00+00:00, run_after=2024-07-11 00:00:00+00:00
[2024-07-12T01:48:49.722+0530] {processor.py:183} INFO - Processing /home/kali/Desktop/projects/git/bank_data_processing/myenv/lib/python3.11/site-packages/airflow/example_dags/example_branch_operator_decorator.py took 0.222 seconds
[2024-07-12T01:49:20.459+0530] {processor.py:161} INFO - Started process (PID=37951) to work on /home/kali/Desktop/projects/git/bank_data_processing/myenv/lib/python3.11/site-packages/airflow/example_dags/example_branch_operator_decorator.py
[2024-07-12T01:49:20.460+0530] {processor.py:830} INFO - Processing file /home/kali/Desktop/projects/git/bank_data_processing/myenv/lib/python3.11/site-packages/airflow/example_dags/example_branch_operator_decorator.py for tasks to queue
[2024-07-12T01:49:20.461+0530] {logging_mixin.py:188} INFO - [2024-07-12T01:49:20.461+0530] {dagbag.py:545} INFO - Filling up the DagBag from /home/kali/Desktop/projects/git/bank_data_processing/myenv/lib/python3.11/site-packages/airflow/example_dags/example_branch_operator_decorator.py
[2024-07-12T01:49:20.484+0530] {processor.py:840} INFO - DAG(s) 'example_branch_python_operator_decorator' retrieved from /home/kali/Desktop/projects/git/bank_data_processing/myenv/lib/python3.11/site-packages/airflow/example_dags/example_branch_operator_decorator.py
[2024-07-12T01:49:20.514+0530] {logging_mixin.py:188} INFO - [2024-07-12T01:49:20.514+0530] {dag.py:3096} INFO - Sync 1 DAGs
[2024-07-12T01:49:20.537+0530] {logging_mixin.py:188} INFO - [2024-07-12T01:49:20.536+0530] {dag.py:3954} INFO - Setting next_dagrun for example_branch_python_operator_decorator to 2024-07-10 00:00:00+00:00, run_after=2024-07-11 00:00:00+00:00
[2024-07-12T01:49:20.556+0530] {processor.py:183} INFO - Processing /home/kali/Desktop/projects/git/bank_data_processing/myenv/lib/python3.11/site-packages/airflow/example_dags/example_branch_operator_decorator.py took 0.104 seconds
[2024-07-12T01:49:51.309+0530] {processor.py:161} INFO - Started process (PID=38271) to work on /home/kali/Desktop/projects/git/bank_data_processing/myenv/lib/python3.11/site-packages/airflow/example_dags/example_branch_operator_decorator.py
[2024-07-12T01:49:51.310+0530] {processor.py:830} INFO - Processing file /home/kali/Desktop/projects/git/bank_data_processing/myenv/lib/python3.11/site-packages/airflow/example_dags/example_branch_operator_decorator.py for tasks to queue
[2024-07-12T01:49:51.312+0530] {logging_mixin.py:188} INFO - [2024-07-12T01:49:51.311+0530] {dagbag.py:545} INFO - Filling up the DagBag from /home/kali/Desktop/projects/git/bank_data_processing/myenv/lib/python3.11/site-packages/airflow/example_dags/example_branch_operator_decorator.py
[2024-07-12T01:49:51.332+0530] {processor.py:840} INFO - DAG(s) 'example_branch_python_operator_decorator' retrieved from /home/kali/Desktop/projects/git/bank_data_processing/myenv/lib/python3.11/site-packages/airflow/example_dags/example_branch_operator_decorator.py
[2024-07-12T01:49:51.358+0530] {logging_mixin.py:188} INFO - [2024-07-12T01:49:51.358+0530] {dag.py:3096} INFO - Sync 1 DAGs
[2024-07-12T01:49:51.380+0530] {logging_mixin.py:188} INFO - [2024-07-12T01:49:51.380+0530] {dag.py:3954} INFO - Setting next_dagrun for example_branch_python_operator_decorator to 2024-07-10 00:00:00+00:00, run_after=2024-07-11 00:00:00+00:00
[2024-07-12T01:49:51.401+0530] {processor.py:183} INFO - Processing /home/kali/Desktop/projects/git/bank_data_processing/myenv/lib/python3.11/site-packages/airflow/example_dags/example_branch_operator_decorator.py took 0.097 seconds
[2024-07-12T01:50:21.990+0530] {processor.py:161} INFO - Started process (PID=38644) to work on /home/kali/Desktop/projects/git/bank_data_processing/myenv/lib/python3.11/site-packages/airflow/example_dags/example_branch_operator_decorator.py
[2024-07-12T01:50:21.991+0530] {processor.py:830} INFO - Processing file /home/kali/Desktop/projects/git/bank_data_processing/myenv/lib/python3.11/site-packages/airflow/example_dags/example_branch_operator_decorator.py for tasks to queue
[2024-07-12T01:50:21.993+0530] {logging_mixin.py:188} INFO - [2024-07-12T01:50:21.992+0530] {dagbag.py:545} INFO - Filling up the DagBag from /home/kali/Desktop/projects/git/bank_data_processing/myenv/lib/python3.11/site-packages/airflow/example_dags/example_branch_operator_decorator.py
[2024-07-12T01:50:22.014+0530] {processor.py:840} INFO - DAG(s) 'example_branch_python_operator_decorator' retrieved from /home/kali/Desktop/projects/git/bank_data_processing/myenv/lib/python3.11/site-packages/airflow/example_dags/example_branch_operator_decorator.py
[2024-07-12T01:50:22.038+0530] {logging_mixin.py:188} INFO - [2024-07-12T01:50:22.038+0530] {dag.py:3096} INFO - Sync 1 DAGs
[2024-07-12T01:50:22.058+0530] {logging_mixin.py:188} INFO - [2024-07-12T01:50:22.057+0530] {dag.py:3954} INFO - Setting next_dagrun for example_branch_python_operator_decorator to 2024-07-10 00:00:00+00:00, run_after=2024-07-11 00:00:00+00:00
[2024-07-12T01:50:22.084+0530] {processor.py:183} INFO - Processing /home/kali/Desktop/projects/git/bank_data_processing/myenv/lib/python3.11/site-packages/airflow/example_dags/example_branch_operator_decorator.py took 0.100 seconds
[2024-07-12T01:50:52.117+0530] {processor.py:161} INFO - Started process (PID=39074) to work on /home/kali/Desktop/projects/git/bank_data_processing/myenv/lib/python3.11/site-packages/airflow/example_dags/example_branch_operator_decorator.py
[2024-07-12T01:50:52.118+0530] {processor.py:830} INFO - Processing file /home/kali/Desktop/projects/git/bank_data_processing/myenv/lib/python3.11/site-packages/airflow/example_dags/example_branch_operator_decorator.py for tasks to queue
[2024-07-12T01:50:52.119+0530] {logging_mixin.py:188} INFO - [2024-07-12T01:50:52.119+0530] {dagbag.py:545} INFO - Filling up the DagBag from /home/kali/Desktop/projects/git/bank_data_processing/myenv/lib/python3.11/site-packages/airflow/example_dags/example_branch_operator_decorator.py
[2024-07-12T01:50:52.140+0530] {processor.py:840} INFO - DAG(s) 'example_branch_python_operator_decorator' retrieved from /home/kali/Desktop/projects/git/bank_data_processing/myenv/lib/python3.11/site-packages/airflow/example_dags/example_branch_operator_decorator.py
[2024-07-12T01:50:52.168+0530] {logging_mixin.py:188} INFO - [2024-07-12T01:50:52.168+0530] {dag.py:3096} INFO - Sync 1 DAGs
[2024-07-12T01:50:52.188+0530] {logging_mixin.py:188} INFO - [2024-07-12T01:50:52.187+0530] {dag.py:3954} INFO - Setting next_dagrun for example_branch_python_operator_decorator to 2024-07-10 00:00:00+00:00, run_after=2024-07-11 00:00:00+00:00
[2024-07-12T01:50:52.208+0530] {processor.py:183} INFO - Processing /home/kali/Desktop/projects/git/bank_data_processing/myenv/lib/python3.11/site-packages/airflow/example_dags/example_branch_operator_decorator.py took 0.098 seconds
[2024-07-12T01:51:22.268+0530] {processor.py:161} INFO - Started process (PID=39484) to work on /home/kali/Desktop/projects/git/bank_data_processing/myenv/lib/python3.11/site-packages/airflow/example_dags/example_branch_operator_decorator.py
[2024-07-12T01:51:22.268+0530] {processor.py:830} INFO - Processing file /home/kali/Desktop/projects/git/bank_data_processing/myenv/lib/python3.11/site-packages/airflow/example_dags/example_branch_operator_decorator.py for tasks to queue
[2024-07-12T01:51:22.270+0530] {logging_mixin.py:188} INFO - [2024-07-12T01:51:22.269+0530] {dagbag.py:545} INFO - Filling up the DagBag from /home/kali/Desktop/projects/git/bank_data_processing/myenv/lib/python3.11/site-packages/airflow/example_dags/example_branch_operator_decorator.py
[2024-07-12T01:51:22.291+0530] {processor.py:840} INFO - DAG(s) 'example_branch_python_operator_decorator' retrieved from /home/kali/Desktop/projects/git/bank_data_processing/myenv/lib/python3.11/site-packages/airflow/example_dags/example_branch_operator_decorator.py
[2024-07-12T01:51:22.317+0530] {logging_mixin.py:188} INFO - [2024-07-12T01:51:22.317+0530] {dag.py:3096} INFO - Sync 1 DAGs
[2024-07-12T01:51:22.338+0530] {logging_mixin.py:188} INFO - [2024-07-12T01:51:22.338+0530] {dag.py:3954} INFO - Setting next_dagrun for example_branch_python_operator_decorator to 2024-07-10 00:00:00+00:00, run_after=2024-07-11 00:00:00+00:00
[2024-07-12T01:51:22.358+0530] {processor.py:183} INFO - Processing /home/kali/Desktop/projects/git/bank_data_processing/myenv/lib/python3.11/site-packages/airflow/example_dags/example_branch_operator_decorator.py took 0.097 seconds
[2024-07-12T01:51:53.767+0530] {processor.py:161} INFO - Started process (PID=40079) to work on /home/kali/Desktop/projects/git/bank_data_processing/myenv/lib/python3.11/site-packages/airflow/example_dags/example_branch_operator_decorator.py
[2024-07-12T01:51:53.769+0530] {processor.py:830} INFO - Processing file /home/kali/Desktop/projects/git/bank_data_processing/myenv/lib/python3.11/site-packages/airflow/example_dags/example_branch_operator_decorator.py for tasks to queue
[2024-07-12T01:51:53.772+0530] {logging_mixin.py:188} INFO - [2024-07-12T01:51:53.771+0530] {dagbag.py:545} INFO - Filling up the DagBag from /home/kali/Desktop/projects/git/bank_data_processing/myenv/lib/python3.11/site-packages/airflow/example_dags/example_branch_operator_decorator.py
[2024-07-12T01:51:53.818+0530] {processor.py:840} INFO - DAG(s) 'example_branch_python_operator_decorator' retrieved from /home/kali/Desktop/projects/git/bank_data_processing/myenv/lib/python3.11/site-packages/airflow/example_dags/example_branch_operator_decorator.py
[2024-07-12T01:51:53.870+0530] {logging_mixin.py:188} INFO - [2024-07-12T01:51:53.869+0530] {dag.py:3096} INFO - Sync 1 DAGs
[2024-07-12T01:51:53.904+0530] {logging_mixin.py:188} INFO - [2024-07-12T01:51:53.904+0530] {dag.py:3954} INFO - Setting next_dagrun for example_branch_python_operator_decorator to 2024-07-10 00:00:00+00:00, run_after=2024-07-11 00:00:00+00:00
[2024-07-12T01:51:53.941+0530] {processor.py:183} INFO - Processing /home/kali/Desktop/projects/git/bank_data_processing/myenv/lib/python3.11/site-packages/airflow/example_dags/example_branch_operator_decorator.py took 0.190 seconds
[2024-07-12T01:52:23.988+0530] {processor.py:161} INFO - Started process (PID=40759) to work on /home/kali/Desktop/projects/git/bank_data_processing/myenv/lib/python3.11/site-packages/airflow/example_dags/example_branch_operator_decorator.py
[2024-07-12T01:52:23.989+0530] {processor.py:830} INFO - Processing file /home/kali/Desktop/projects/git/bank_data_processing/myenv/lib/python3.11/site-packages/airflow/example_dags/example_branch_operator_decorator.py for tasks to queue
[2024-07-12T01:52:23.991+0530] {logging_mixin.py:188} INFO - [2024-07-12T01:52:23.990+0530] {dagbag.py:545} INFO - Filling up the DagBag from /home/kali/Desktop/projects/git/bank_data_processing/myenv/lib/python3.11/site-packages/airflow/example_dags/example_branch_operator_decorator.py
[2024-07-12T01:52:24.011+0530] {processor.py:840} INFO - DAG(s) 'example_branch_python_operator_decorator' retrieved from /home/kali/Desktop/projects/git/bank_data_processing/myenv/lib/python3.11/site-packages/airflow/example_dags/example_branch_operator_decorator.py
[2024-07-12T01:52:24.034+0530] {logging_mixin.py:188} INFO - [2024-07-12T01:52:24.034+0530] {dag.py:3096} INFO - Sync 1 DAGs
[2024-07-12T01:52:24.054+0530] {logging_mixin.py:188} INFO - [2024-07-12T01:52:24.053+0530] {dag.py:3954} INFO - Setting next_dagrun for example_branch_python_operator_decorator to 2024-07-10 00:00:00+00:00, run_after=2024-07-11 00:00:00+00:00
[2024-07-12T01:52:24.073+0530] {processor.py:183} INFO - Processing /home/kali/Desktop/projects/git/bank_data_processing/myenv/lib/python3.11/site-packages/airflow/example_dags/example_branch_operator_decorator.py took 0.093 seconds
[2024-07-12T01:52:54.168+0530] {processor.py:161} INFO - Started process (PID=41372) to work on /home/kali/Desktop/projects/git/bank_data_processing/myenv/lib/python3.11/site-packages/airflow/example_dags/example_branch_operator_decorator.py
[2024-07-12T01:52:54.169+0530] {processor.py:830} INFO - Processing file /home/kali/Desktop/projects/git/bank_data_processing/myenv/lib/python3.11/site-packages/airflow/example_dags/example_branch_operator_decorator.py for tasks to queue
[2024-07-12T01:52:54.170+0530] {logging_mixin.py:188} INFO - [2024-07-12T01:52:54.170+0530] {dagbag.py:545} INFO - Filling up the DagBag from /home/kali/Desktop/projects/git/bank_data_processing/myenv/lib/python3.11/site-packages/airflow/example_dags/example_branch_operator_decorator.py
[2024-07-12T01:52:54.202+0530] {processor.py:840} INFO - DAG(s) 'example_branch_python_operator_decorator' retrieved from /home/kali/Desktop/projects/git/bank_data_processing/myenv/lib/python3.11/site-packages/airflow/example_dags/example_branch_operator_decorator.py
[2024-07-12T01:52:54.225+0530] {logging_mixin.py:188} INFO - [2024-07-12T01:52:54.225+0530] {dag.py:3096} INFO - Sync 1 DAGs
[2024-07-12T01:52:54.243+0530] {logging_mixin.py:188} INFO - [2024-07-12T01:52:54.243+0530] {dag.py:3954} INFO - Setting next_dagrun for example_branch_python_operator_decorator to 2024-07-10 00:00:00+00:00, run_after=2024-07-11 00:00:00+00:00
[2024-07-12T01:52:54.263+0530] {processor.py:183} INFO - Processing /home/kali/Desktop/projects/git/bank_data_processing/myenv/lib/python3.11/site-packages/airflow/example_dags/example_branch_operator_decorator.py took 0.103 seconds
[2024-07-12T01:53:24.322+0530] {processor.py:161} INFO - Started process (PID=42009) to work on /home/kali/Desktop/projects/git/bank_data_processing/myenv/lib/python3.11/site-packages/airflow/example_dags/example_branch_operator_decorator.py
[2024-07-12T01:53:24.323+0530] {processor.py:830} INFO - Processing file /home/kali/Desktop/projects/git/bank_data_processing/myenv/lib/python3.11/site-packages/airflow/example_dags/example_branch_operator_decorator.py for tasks to queue
[2024-07-12T01:53:24.325+0530] {logging_mixin.py:188} INFO - [2024-07-12T01:53:24.325+0530] {dagbag.py:545} INFO - Filling up the DagBag from /home/kali/Desktop/projects/git/bank_data_processing/myenv/lib/python3.11/site-packages/airflow/example_dags/example_branch_operator_decorator.py
[2024-07-12T01:53:24.352+0530] {processor.py:840} INFO - DAG(s) 'example_branch_python_operator_decorator' retrieved from /home/kali/Desktop/projects/git/bank_data_processing/myenv/lib/python3.11/site-packages/airflow/example_dags/example_branch_operator_decorator.py
[2024-07-12T01:53:24.379+0530] {logging_mixin.py:188} INFO - [2024-07-12T01:53:24.379+0530] {dag.py:3096} INFO - Sync 1 DAGs
[2024-07-12T01:53:24.399+0530] {logging_mixin.py:188} INFO - [2024-07-12T01:53:24.399+0530] {dag.py:3954} INFO - Setting next_dagrun for example_branch_python_operator_decorator to 2024-07-10 00:00:00+00:00, run_after=2024-07-11 00:00:00+00:00
[2024-07-12T01:53:24.418+0530] {processor.py:183} INFO - Processing /home/kali/Desktop/projects/git/bank_data_processing/myenv/lib/python3.11/site-packages/airflow/example_dags/example_branch_operator_decorator.py took 0.106 seconds
[2024-07-12T01:53:54.722+0530] {processor.py:161} INFO - Started process (PID=42737) to work on /home/kali/Desktop/projects/git/bank_data_processing/myenv/lib/python3.11/site-packages/airflow/example_dags/example_branch_operator_decorator.py
[2024-07-12T01:53:54.723+0530] {processor.py:830} INFO - Processing file /home/kali/Desktop/projects/git/bank_data_processing/myenv/lib/python3.11/site-packages/airflow/example_dags/example_branch_operator_decorator.py for tasks to queue
[2024-07-12T01:53:54.725+0530] {logging_mixin.py:188} INFO - [2024-07-12T01:53:54.725+0530] {dagbag.py:545} INFO - Filling up the DagBag from /home/kali/Desktop/projects/git/bank_data_processing/myenv/lib/python3.11/site-packages/airflow/example_dags/example_branch_operator_decorator.py
[2024-07-12T01:53:54.746+0530] {processor.py:840} INFO - DAG(s) 'example_branch_python_operator_decorator' retrieved from /home/kali/Desktop/projects/git/bank_data_processing/myenv/lib/python3.11/site-packages/airflow/example_dags/example_branch_operator_decorator.py
[2024-07-12T01:53:54.770+0530] {logging_mixin.py:188} INFO - [2024-07-12T01:53:54.769+0530] {dag.py:3096} INFO - Sync 1 DAGs
[2024-07-12T01:53:54.790+0530] {logging_mixin.py:188} INFO - [2024-07-12T01:53:54.789+0530] {dag.py:3954} INFO - Setting next_dagrun for example_branch_python_operator_decorator to 2024-07-10 00:00:00+00:00, run_after=2024-07-11 00:00:00+00:00
[2024-07-12T01:53:54.809+0530] {processor.py:183} INFO - Processing /home/kali/Desktop/projects/git/bank_data_processing/myenv/lib/python3.11/site-packages/airflow/example_dags/example_branch_operator_decorator.py took 0.095 seconds
[2024-07-12T01:54:25.239+0530] {processor.py:161} INFO - Started process (PID=43362) to work on /home/kali/Desktop/projects/git/bank_data_processing/myenv/lib/python3.11/site-packages/airflow/example_dags/example_branch_operator_decorator.py
[2024-07-12T01:54:25.240+0530] {processor.py:830} INFO - Processing file /home/kali/Desktop/projects/git/bank_data_processing/myenv/lib/python3.11/site-packages/airflow/example_dags/example_branch_operator_decorator.py for tasks to queue
[2024-07-12T01:54:25.241+0530] {logging_mixin.py:188} INFO - [2024-07-12T01:54:25.241+0530] {dagbag.py:545} INFO - Filling up the DagBag from /home/kali/Desktop/projects/git/bank_data_processing/myenv/lib/python3.11/site-packages/airflow/example_dags/example_branch_operator_decorator.py
[2024-07-12T01:54:25.260+0530] {processor.py:840} INFO - DAG(s) 'example_branch_python_operator_decorator' retrieved from /home/kali/Desktop/projects/git/bank_data_processing/myenv/lib/python3.11/site-packages/airflow/example_dags/example_branch_operator_decorator.py
[2024-07-12T01:54:25.285+0530] {logging_mixin.py:188} INFO - [2024-07-12T01:54:25.285+0530] {dag.py:3096} INFO - Sync 1 DAGs
[2024-07-12T01:54:25.304+0530] {logging_mixin.py:188} INFO - [2024-07-12T01:54:25.304+0530] {dag.py:3954} INFO - Setting next_dagrun for example_branch_python_operator_decorator to 2024-07-10 00:00:00+00:00, run_after=2024-07-11 00:00:00+00:00
[2024-07-12T01:54:25.332+0530] {processor.py:183} INFO - Processing /home/kali/Desktop/projects/git/bank_data_processing/myenv/lib/python3.11/site-packages/airflow/example_dags/example_branch_operator_decorator.py took 0.101 seconds
[2024-07-12T01:54:56.391+0530] {processor.py:161} INFO - Started process (PID=43942) to work on /home/kali/Desktop/projects/git/bank_data_processing/myenv/lib/python3.11/site-packages/airflow/example_dags/example_branch_operator_decorator.py
[2024-07-12T01:54:56.392+0530] {processor.py:830} INFO - Processing file /home/kali/Desktop/projects/git/bank_data_processing/myenv/lib/python3.11/site-packages/airflow/example_dags/example_branch_operator_decorator.py for tasks to queue
[2024-07-12T01:54:56.393+0530] {logging_mixin.py:188} INFO - [2024-07-12T01:54:56.393+0530] {dagbag.py:545} INFO - Filling up the DagBag from /home/kali/Desktop/projects/git/bank_data_processing/myenv/lib/python3.11/site-packages/airflow/example_dags/example_branch_operator_decorator.py
[2024-07-12T01:54:56.412+0530] {processor.py:840} INFO - DAG(s) 'example_branch_python_operator_decorator' retrieved from /home/kali/Desktop/projects/git/bank_data_processing/myenv/lib/python3.11/site-packages/airflow/example_dags/example_branch_operator_decorator.py
[2024-07-12T01:54:56.441+0530] {logging_mixin.py:188} INFO - [2024-07-12T01:54:56.441+0530] {dag.py:3096} INFO - Sync 1 DAGs
[2024-07-12T01:54:56.463+0530] {logging_mixin.py:188} INFO - [2024-07-12T01:54:56.463+0530] {dag.py:3954} INFO - Setting next_dagrun for example_branch_python_operator_decorator to 2024-07-10 00:00:00+00:00, run_after=2024-07-11 00:00:00+00:00
[2024-07-12T01:54:56.484+0530] {processor.py:183} INFO - Processing /home/kali/Desktop/projects/git/bank_data_processing/myenv/lib/python3.11/site-packages/airflow/example_dags/example_branch_operator_decorator.py took 0.101 seconds
[2024-07-12T01:55:26.749+0530] {processor.py:161} INFO - Started process (PID=44465) to work on /home/kali/Desktop/projects/git/bank_data_processing/myenv/lib/python3.11/site-packages/airflow/example_dags/example_branch_operator_decorator.py
[2024-07-12T01:55:26.750+0530] {processor.py:830} INFO - Processing file /home/kali/Desktop/projects/git/bank_data_processing/myenv/lib/python3.11/site-packages/airflow/example_dags/example_branch_operator_decorator.py for tasks to queue
[2024-07-12T01:55:26.752+0530] {logging_mixin.py:188} INFO - [2024-07-12T01:55:26.752+0530] {dagbag.py:545} INFO - Filling up the DagBag from /home/kali/Desktop/projects/git/bank_data_processing/myenv/lib/python3.11/site-packages/airflow/example_dags/example_branch_operator_decorator.py
[2024-07-12T01:55:26.774+0530] {processor.py:840} INFO - DAG(s) 'example_branch_python_operator_decorator' retrieved from /home/kali/Desktop/projects/git/bank_data_processing/myenv/lib/python3.11/site-packages/airflow/example_dags/example_branch_operator_decorator.py
[2024-07-12T01:55:26.809+0530] {logging_mixin.py:188} INFO - [2024-07-12T01:55:26.809+0530] {dag.py:3096} INFO - Sync 1 DAGs
[2024-07-12T01:55:26.838+0530] {logging_mixin.py:188} INFO - [2024-07-12T01:55:26.838+0530] {dag.py:3954} INFO - Setting next_dagrun for example_branch_python_operator_decorator to 2024-07-10 00:00:00+00:00, run_after=2024-07-11 00:00:00+00:00
[2024-07-12T01:55:26.879+0530] {processor.py:183} INFO - Processing /home/kali/Desktop/projects/git/bank_data_processing/myenv/lib/python3.11/site-packages/airflow/example_dags/example_branch_operator_decorator.py took 0.138 seconds
[2024-07-12T01:55:57.731+0530] {processor.py:161} INFO - Started process (PID=44955) to work on /home/kali/Desktop/projects/git/bank_data_processing/myenv/lib/python3.11/site-packages/airflow/example_dags/example_branch_operator_decorator.py
[2024-07-12T01:55:57.733+0530] {processor.py:830} INFO - Processing file /home/kali/Desktop/projects/git/bank_data_processing/myenv/lib/python3.11/site-packages/airflow/example_dags/example_branch_operator_decorator.py for tasks to queue
[2024-07-12T01:55:57.735+0530] {logging_mixin.py:188} INFO - [2024-07-12T01:55:57.735+0530] {dagbag.py:545} INFO - Filling up the DagBag from /home/kali/Desktop/projects/git/bank_data_processing/myenv/lib/python3.11/site-packages/airflow/example_dags/example_branch_operator_decorator.py
[2024-07-12T01:55:57.756+0530] {processor.py:840} INFO - DAG(s) 'example_branch_python_operator_decorator' retrieved from /home/kali/Desktop/projects/git/bank_data_processing/myenv/lib/python3.11/site-packages/airflow/example_dags/example_branch_operator_decorator.py
[2024-07-12T01:55:57.786+0530] {logging_mixin.py:188} INFO - [2024-07-12T01:55:57.786+0530] {dag.py:3096} INFO - Sync 1 DAGs
[2024-07-12T01:55:57.808+0530] {logging_mixin.py:188} INFO - [2024-07-12T01:55:57.808+0530] {dag.py:3954} INFO - Setting next_dagrun for example_branch_python_operator_decorator to 2024-07-10 00:00:00+00:00, run_after=2024-07-11 00:00:00+00:00
[2024-07-12T01:55:57.836+0530] {processor.py:183} INFO - Processing /home/kali/Desktop/projects/git/bank_data_processing/myenv/lib/python3.11/site-packages/airflow/example_dags/example_branch_operator_decorator.py took 0.112 seconds
[2024-07-12T01:56:28.320+0530] {processor.py:161} INFO - Started process (PID=45426) to work on /home/kali/Desktop/projects/git/bank_data_processing/myenv/lib/python3.11/site-packages/airflow/example_dags/example_branch_operator_decorator.py
[2024-07-12T01:56:28.320+0530] {processor.py:830} INFO - Processing file /home/kali/Desktop/projects/git/bank_data_processing/myenv/lib/python3.11/site-packages/airflow/example_dags/example_branch_operator_decorator.py for tasks to queue
[2024-07-12T01:56:28.322+0530] {logging_mixin.py:188} INFO - [2024-07-12T01:56:28.321+0530] {dagbag.py:545} INFO - Filling up the DagBag from /home/kali/Desktop/projects/git/bank_data_processing/myenv/lib/python3.11/site-packages/airflow/example_dags/example_branch_operator_decorator.py
[2024-07-12T01:56:28.344+0530] {processor.py:840} INFO - DAG(s) 'example_branch_python_operator_decorator' retrieved from /home/kali/Desktop/projects/git/bank_data_processing/myenv/lib/python3.11/site-packages/airflow/example_dags/example_branch_operator_decorator.py
[2024-07-12T01:56:28.370+0530] {logging_mixin.py:188} INFO - [2024-07-12T01:56:28.370+0530] {dag.py:3096} INFO - Sync 1 DAGs
[2024-07-12T01:56:28.392+0530] {logging_mixin.py:188} INFO - [2024-07-12T01:56:28.392+0530] {dag.py:3954} INFO - Setting next_dagrun for example_branch_python_operator_decorator to 2024-07-10 00:00:00+00:00, run_after=2024-07-11 00:00:00+00:00
[2024-07-12T01:56:28.413+0530] {processor.py:183} INFO - Processing /home/kali/Desktop/projects/git/bank_data_processing/myenv/lib/python3.11/site-packages/airflow/example_dags/example_branch_operator_decorator.py took 0.102 seconds
[2024-07-12T01:56:59.444+0530] {processor.py:161} INFO - Started process (PID=46003) to work on /home/kali/Desktop/projects/git/bank_data_processing/myenv/lib/python3.11/site-packages/airflow/example_dags/example_branch_operator_decorator.py
[2024-07-12T01:56:59.445+0530] {processor.py:830} INFO - Processing file /home/kali/Desktop/projects/git/bank_data_processing/myenv/lib/python3.11/site-packages/airflow/example_dags/example_branch_operator_decorator.py for tasks to queue
[2024-07-12T01:56:59.447+0530] {logging_mixin.py:188} INFO - [2024-07-12T01:56:59.446+0530] {dagbag.py:545} INFO - Filling up the DagBag from /home/kali/Desktop/projects/git/bank_data_processing/myenv/lib/python3.11/site-packages/airflow/example_dags/example_branch_operator_decorator.py
[2024-07-12T01:56:59.466+0530] {processor.py:840} INFO - DAG(s) 'example_branch_python_operator_decorator' retrieved from /home/kali/Desktop/projects/git/bank_data_processing/myenv/lib/python3.11/site-packages/airflow/example_dags/example_branch_operator_decorator.py
[2024-07-12T01:56:59.491+0530] {logging_mixin.py:188} INFO - [2024-07-12T01:56:59.491+0530] {dag.py:3096} INFO - Sync 1 DAGs
[2024-07-12T01:56:59.512+0530] {logging_mixin.py:188} INFO - [2024-07-12T01:56:59.512+0530] {dag.py:3954} INFO - Setting next_dagrun for example_branch_python_operator_decorator to 2024-07-10 00:00:00+00:00, run_after=2024-07-11 00:00:00+00:00
[2024-07-12T01:56:59.531+0530] {processor.py:183} INFO - Processing /home/kali/Desktop/projects/git/bank_data_processing/myenv/lib/python3.11/site-packages/airflow/example_dags/example_branch_operator_decorator.py took 0.094 seconds
[2024-07-12T01:57:30.297+0530] {processor.py:161} INFO - Started process (PID=46539) to work on /home/kali/Desktop/projects/git/bank_data_processing/myenv/lib/python3.11/site-packages/airflow/example_dags/example_branch_operator_decorator.py
[2024-07-12T01:57:30.298+0530] {processor.py:830} INFO - Processing file /home/kali/Desktop/projects/git/bank_data_processing/myenv/lib/python3.11/site-packages/airflow/example_dags/example_branch_operator_decorator.py for tasks to queue
[2024-07-12T01:57:30.302+0530] {logging_mixin.py:188} INFO - [2024-07-12T01:57:30.300+0530] {dagbag.py:545} INFO - Filling up the DagBag from /home/kali/Desktop/projects/git/bank_data_processing/myenv/lib/python3.11/site-packages/airflow/example_dags/example_branch_operator_decorator.py
[2024-07-12T01:57:30.340+0530] {processor.py:840} INFO - DAG(s) 'example_branch_python_operator_decorator' retrieved from /home/kali/Desktop/projects/git/bank_data_processing/myenv/lib/python3.11/site-packages/airflow/example_dags/example_branch_operator_decorator.py
[2024-07-12T01:57:30.381+0530] {logging_mixin.py:188} INFO - [2024-07-12T01:57:30.381+0530] {dag.py:3096} INFO - Sync 1 DAGs
[2024-07-12T01:57:30.414+0530] {logging_mixin.py:188} INFO - [2024-07-12T01:57:30.414+0530] {dag.py:3954} INFO - Setting next_dagrun for example_branch_python_operator_decorator to 2024-07-10 00:00:00+00:00, run_after=2024-07-11 00:00:00+00:00
[2024-07-12T01:57:30.442+0530] {processor.py:183} INFO - Processing /home/kali/Desktop/projects/git/bank_data_processing/myenv/lib/python3.11/site-packages/airflow/example_dags/example_branch_operator_decorator.py took 0.157 seconds
[2024-07-12T01:58:01.165+0530] {processor.py:161} INFO - Started process (PID=47034) to work on /home/kali/Desktop/projects/git/bank_data_processing/myenv/lib/python3.11/site-packages/airflow/example_dags/example_branch_operator_decorator.py
[2024-07-12T01:58:01.167+0530] {processor.py:830} INFO - Processing file /home/kali/Desktop/projects/git/bank_data_processing/myenv/lib/python3.11/site-packages/airflow/example_dags/example_branch_operator_decorator.py for tasks to queue
[2024-07-12T01:58:01.170+0530] {logging_mixin.py:188} INFO - [2024-07-12T01:58:01.170+0530] {dagbag.py:545} INFO - Filling up the DagBag from /home/kali/Desktop/projects/git/bank_data_processing/myenv/lib/python3.11/site-packages/airflow/example_dags/example_branch_operator_decorator.py
[2024-07-12T01:58:01.220+0530] {processor.py:840} INFO - DAG(s) 'example_branch_python_operator_decorator' retrieved from /home/kali/Desktop/projects/git/bank_data_processing/myenv/lib/python3.11/site-packages/airflow/example_dags/example_branch_operator_decorator.py
[2024-07-12T01:58:01.275+0530] {logging_mixin.py:188} INFO - [2024-07-12T01:58:01.275+0530] {dag.py:3096} INFO - Sync 1 DAGs
[2024-07-12T01:58:01.318+0530] {logging_mixin.py:188} INFO - [2024-07-12T01:58:01.318+0530] {dag.py:3954} INFO - Setting next_dagrun for example_branch_python_operator_decorator to 2024-07-10 00:00:00+00:00, run_after=2024-07-11 00:00:00+00:00
[2024-07-12T01:58:01.352+0530] {processor.py:183} INFO - Processing /home/kali/Desktop/projects/git/bank_data_processing/myenv/lib/python3.11/site-packages/airflow/example_dags/example_branch_operator_decorator.py took 0.204 seconds
[2024-07-12T01:58:32.165+0530] {processor.py:161} INFO - Started process (PID=47502) to work on /home/kali/Desktop/projects/git/bank_data_processing/myenv/lib/python3.11/site-packages/airflow/example_dags/example_branch_operator_decorator.py
[2024-07-12T01:58:32.167+0530] {processor.py:830} INFO - Processing file /home/kali/Desktop/projects/git/bank_data_processing/myenv/lib/python3.11/site-packages/airflow/example_dags/example_branch_operator_decorator.py for tasks to queue
[2024-07-12T01:58:32.169+0530] {logging_mixin.py:188} INFO - [2024-07-12T01:58:32.169+0530] {dagbag.py:545} INFO - Filling up the DagBag from /home/kali/Desktop/projects/git/bank_data_processing/myenv/lib/python3.11/site-packages/airflow/example_dags/example_branch_operator_decorator.py
[2024-07-12T01:58:32.202+0530] {processor.py:840} INFO - DAG(s) 'example_branch_python_operator_decorator' retrieved from /home/kali/Desktop/projects/git/bank_data_processing/myenv/lib/python3.11/site-packages/airflow/example_dags/example_branch_operator_decorator.py
[2024-07-12T01:58:32.249+0530] {logging_mixin.py:188} INFO - [2024-07-12T01:58:32.248+0530] {dag.py:3096} INFO - Sync 1 DAGs
[2024-07-12T01:58:32.286+0530] {logging_mixin.py:188} INFO - [2024-07-12T01:58:32.286+0530] {dag.py:3954} INFO - Setting next_dagrun for example_branch_python_operator_decorator to 2024-07-10 00:00:00+00:00, run_after=2024-07-11 00:00:00+00:00
[2024-07-12T01:58:32.321+0530] {processor.py:183} INFO - Processing /home/kali/Desktop/projects/git/bank_data_processing/myenv/lib/python3.11/site-packages/airflow/example_dags/example_branch_operator_decorator.py took 0.167 seconds
[2024-07-12T01:59:03.646+0530] {processor.py:161} INFO - Started process (PID=48005) to work on /home/kali/Desktop/projects/git/bank_data_processing/myenv/lib/python3.11/site-packages/airflow/example_dags/example_branch_operator_decorator.py
[2024-07-12T01:59:03.648+0530] {processor.py:830} INFO - Processing file /home/kali/Desktop/projects/git/bank_data_processing/myenv/lib/python3.11/site-packages/airflow/example_dags/example_branch_operator_decorator.py for tasks to queue
[2024-07-12T01:59:03.652+0530] {logging_mixin.py:188} INFO - [2024-07-12T01:59:03.651+0530] {dagbag.py:545} INFO - Filling up the DagBag from /home/kali/Desktop/projects/git/bank_data_processing/myenv/lib/python3.11/site-packages/airflow/example_dags/example_branch_operator_decorator.py
[2024-07-12T01:59:03.690+0530] {processor.py:840} INFO - DAG(s) 'example_branch_python_operator_decorator' retrieved from /home/kali/Desktop/projects/git/bank_data_processing/myenv/lib/python3.11/site-packages/airflow/example_dags/example_branch_operator_decorator.py
[2024-07-12T01:59:03.737+0530] {logging_mixin.py:188} INFO - [2024-07-12T01:59:03.736+0530] {dag.py:3096} INFO - Sync 1 DAGs
[2024-07-12T01:59:03.765+0530] {logging_mixin.py:188} INFO - [2024-07-12T01:59:03.765+0530] {dag.py:3954} INFO - Setting next_dagrun for example_branch_python_operator_decorator to 2024-07-10 00:00:00+00:00, run_after=2024-07-11 00:00:00+00:00
[2024-07-12T01:59:03.793+0530] {processor.py:183} INFO - Processing /home/kali/Desktop/projects/git/bank_data_processing/myenv/lib/python3.11/site-packages/airflow/example_dags/example_branch_operator_decorator.py took 0.161 seconds
[2024-07-12T01:59:34.670+0530] {processor.py:161} INFO - Started process (PID=48650) to work on /home/kali/Desktop/projects/git/bank_data_processing/myenv/lib/python3.11/site-packages/airflow/example_dags/example_branch_operator_decorator.py
[2024-07-12T01:59:34.671+0530] {processor.py:830} INFO - Processing file /home/kali/Desktop/projects/git/bank_data_processing/myenv/lib/python3.11/site-packages/airflow/example_dags/example_branch_operator_decorator.py for tasks to queue
[2024-07-12T01:59:34.673+0530] {logging_mixin.py:188} INFO - [2024-07-12T01:59:34.672+0530] {dagbag.py:545} INFO - Filling up the DagBag from /home/kali/Desktop/projects/git/bank_data_processing/myenv/lib/python3.11/site-packages/airflow/example_dags/example_branch_operator_decorator.py
[2024-07-12T01:59:34.699+0530] {processor.py:840} INFO - DAG(s) 'example_branch_python_operator_decorator' retrieved from /home/kali/Desktop/projects/git/bank_data_processing/myenv/lib/python3.11/site-packages/airflow/example_dags/example_branch_operator_decorator.py
[2024-07-12T01:59:34.725+0530] {logging_mixin.py:188} INFO - [2024-07-12T01:59:34.725+0530] {dag.py:3096} INFO - Sync 1 DAGs
[2024-07-12T01:59:34.746+0530] {logging_mixin.py:188} INFO - [2024-07-12T01:59:34.746+0530] {dag.py:3954} INFO - Setting next_dagrun for example_branch_python_operator_decorator to 2024-07-10 00:00:00+00:00, run_after=2024-07-11 00:00:00+00:00
[2024-07-12T01:59:34.767+0530] {processor.py:183} INFO - Processing /home/kali/Desktop/projects/git/bank_data_processing/myenv/lib/python3.11/site-packages/airflow/example_dags/example_branch_operator_decorator.py took 0.114 seconds
[2024-07-12T02:00:18.822+0530] {processor.py:161} INFO - Started process (PID=49746) to work on /home/kali/Desktop/projects/git/bank_data_processing/myenv/lib/python3.11/site-packages/airflow/example_dags/example_branch_operator_decorator.py
[2024-07-12T02:00:18.823+0530] {processor.py:830} INFO - Processing file /home/kali/Desktop/projects/git/bank_data_processing/myenv/lib/python3.11/site-packages/airflow/example_dags/example_branch_operator_decorator.py for tasks to queue
[2024-07-12T02:00:18.825+0530] {logging_mixin.py:188} INFO - [2024-07-12T02:00:18.825+0530] {dagbag.py:545} INFO - Filling up the DagBag from /home/kali/Desktop/projects/git/bank_data_processing/myenv/lib/python3.11/site-packages/airflow/example_dags/example_branch_operator_decorator.py
[2024-07-12T02:00:18.870+0530] {processor.py:840} INFO - DAG(s) 'example_branch_python_operator_decorator' retrieved from /home/kali/Desktop/projects/git/bank_data_processing/myenv/lib/python3.11/site-packages/airflow/example_dags/example_branch_operator_decorator.py
[2024-07-12T02:00:19.331+0530] {logging_mixin.py:188} INFO - [2024-07-12T02:00:19.331+0530] {dag.py:3096} INFO - Sync 1 DAGs
[2024-07-12T02:00:19.428+0530] {logging_mixin.py:188} INFO - [2024-07-12T02:00:19.427+0530] {dag.py:3954} INFO - Setting next_dagrun for example_branch_python_operator_decorator to 2024-07-10 00:00:00+00:00, run_after=2024-07-11 00:00:00+00:00
[2024-07-12T02:00:19.528+0530] {processor.py:183} INFO - Processing /home/kali/Desktop/projects/git/bank_data_processing/myenv/lib/python3.11/site-packages/airflow/example_dags/example_branch_operator_decorator.py took 0.717 seconds
[2024-07-12T02:00:49.820+0530] {processor.py:161} INFO - Started process (PID=50379) to work on /home/kali/Desktop/projects/git/bank_data_processing/myenv/lib/python3.11/site-packages/airflow/example_dags/example_branch_operator_decorator.py
[2024-07-12T02:00:49.821+0530] {processor.py:830} INFO - Processing file /home/kali/Desktop/projects/git/bank_data_processing/myenv/lib/python3.11/site-packages/airflow/example_dags/example_branch_operator_decorator.py for tasks to queue
[2024-07-12T02:00:49.823+0530] {logging_mixin.py:188} INFO - [2024-07-12T02:00:49.822+0530] {dagbag.py:545} INFO - Filling up the DagBag from /home/kali/Desktop/projects/git/bank_data_processing/myenv/lib/python3.11/site-packages/airflow/example_dags/example_branch_operator_decorator.py
[2024-07-12T02:00:49.860+0530] {processor.py:840} INFO - DAG(s) 'example_branch_python_operator_decorator' retrieved from /home/kali/Desktop/projects/git/bank_data_processing/myenv/lib/python3.11/site-packages/airflow/example_dags/example_branch_operator_decorator.py
[2024-07-12T02:00:49.897+0530] {logging_mixin.py:188} INFO - [2024-07-12T02:00:49.897+0530] {dag.py:3096} INFO - Sync 1 DAGs
[2024-07-12T02:00:49.928+0530] {logging_mixin.py:188} INFO - [2024-07-12T02:00:49.928+0530] {dag.py:3954} INFO - Setting next_dagrun for example_branch_python_operator_decorator to 2024-07-10 00:00:00+00:00, run_after=2024-07-11 00:00:00+00:00
[2024-07-12T02:00:49.958+0530] {processor.py:183} INFO - Processing /home/kali/Desktop/projects/git/bank_data_processing/myenv/lib/python3.11/site-packages/airflow/example_dags/example_branch_operator_decorator.py took 0.148 seconds
[2024-07-12T02:01:22.718+0530] {processor.py:161} INFO - Started process (PID=50967) to work on /home/kali/Desktop/projects/git/bank_data_processing/myenv/lib/python3.11/site-packages/airflow/example_dags/example_branch_operator_decorator.py
[2024-07-12T02:01:22.720+0530] {processor.py:830} INFO - Processing file /home/kali/Desktop/projects/git/bank_data_processing/myenv/lib/python3.11/site-packages/airflow/example_dags/example_branch_operator_decorator.py for tasks to queue
[2024-07-12T02:01:22.723+0530] {logging_mixin.py:188} INFO - [2024-07-12T02:01:22.722+0530] {dagbag.py:545} INFO - Filling up the DagBag from /home/kali/Desktop/projects/git/bank_data_processing/myenv/lib/python3.11/site-packages/airflow/example_dags/example_branch_operator_decorator.py
[2024-07-12T02:01:22.765+0530] {processor.py:840} INFO - DAG(s) 'example_branch_python_operator_decorator' retrieved from /home/kali/Desktop/projects/git/bank_data_processing/myenv/lib/python3.11/site-packages/airflow/example_dags/example_branch_operator_decorator.py
[2024-07-12T02:01:22.809+0530] {logging_mixin.py:188} INFO - [2024-07-12T02:01:22.808+0530] {dag.py:3096} INFO - Sync 1 DAGs
[2024-07-12T02:01:23.054+0530] {logging_mixin.py:188} INFO - [2024-07-12T02:01:23.053+0530] {dag.py:3954} INFO - Setting next_dagrun for example_branch_python_operator_decorator to 2024-07-10 00:00:00+00:00, run_after=2024-07-11 00:00:00+00:00
[2024-07-12T02:01:23.095+0530] {processor.py:183} INFO - Processing /home/kali/Desktop/projects/git/bank_data_processing/myenv/lib/python3.11/site-packages/airflow/example_dags/example_branch_operator_decorator.py took 0.389 seconds
[2024-07-12T02:01:53.647+0530] {processor.py:161} INFO - Started process (PID=51635) to work on /home/kali/Desktop/projects/git/bank_data_processing/myenv/lib/python3.11/site-packages/airflow/example_dags/example_branch_operator_decorator.py
[2024-07-12T02:01:53.648+0530] {processor.py:830} INFO - Processing file /home/kali/Desktop/projects/git/bank_data_processing/myenv/lib/python3.11/site-packages/airflow/example_dags/example_branch_operator_decorator.py for tasks to queue
[2024-07-12T02:01:53.650+0530] {logging_mixin.py:188} INFO - [2024-07-12T02:01:53.649+0530] {dagbag.py:545} INFO - Filling up the DagBag from /home/kali/Desktop/projects/git/bank_data_processing/myenv/lib/python3.11/site-packages/airflow/example_dags/example_branch_operator_decorator.py
[2024-07-12T02:01:53.674+0530] {processor.py:840} INFO - DAG(s) 'example_branch_python_operator_decorator' retrieved from /home/kali/Desktop/projects/git/bank_data_processing/myenv/lib/python3.11/site-packages/airflow/example_dags/example_branch_operator_decorator.py
[2024-07-12T02:01:53.699+0530] {logging_mixin.py:188} INFO - [2024-07-12T02:01:53.699+0530] {dag.py:3096} INFO - Sync 1 DAGs
[2024-07-12T02:01:53.721+0530] {logging_mixin.py:188} INFO - [2024-07-12T02:01:53.721+0530] {dag.py:3954} INFO - Setting next_dagrun for example_branch_python_operator_decorator to 2024-07-10 00:00:00+00:00, run_after=2024-07-11 00:00:00+00:00
[2024-07-12T02:01:53.742+0530] {processor.py:183} INFO - Processing /home/kali/Desktop/projects/git/bank_data_processing/myenv/lib/python3.11/site-packages/airflow/example_dags/example_branch_operator_decorator.py took 0.102 seconds
[2024-07-12T02:02:24.503+0530] {processor.py:161} INFO - Started process (PID=52195) to work on /home/kali/Desktop/projects/git/bank_data_processing/myenv/lib/python3.11/site-packages/airflow/example_dags/example_branch_operator_decorator.py
[2024-07-12T02:02:24.504+0530] {processor.py:830} INFO - Processing file /home/kali/Desktop/projects/git/bank_data_processing/myenv/lib/python3.11/site-packages/airflow/example_dags/example_branch_operator_decorator.py for tasks to queue
[2024-07-12T02:02:24.506+0530] {logging_mixin.py:188} INFO - [2024-07-12T02:02:24.505+0530] {dagbag.py:545} INFO - Filling up the DagBag from /home/kali/Desktop/projects/git/bank_data_processing/myenv/lib/python3.11/site-packages/airflow/example_dags/example_branch_operator_decorator.py
[2024-07-12T02:02:24.527+0530] {processor.py:840} INFO - DAG(s) 'example_branch_python_operator_decorator' retrieved from /home/kali/Desktop/projects/git/bank_data_processing/myenv/lib/python3.11/site-packages/airflow/example_dags/example_branch_operator_decorator.py
[2024-07-12T02:02:24.559+0530] {logging_mixin.py:188} INFO - [2024-07-12T02:02:24.559+0530] {dag.py:3096} INFO - Sync 1 DAGs
[2024-07-12T02:02:24.592+0530] {logging_mixin.py:188} INFO - [2024-07-12T02:02:24.592+0530] {dag.py:3954} INFO - Setting next_dagrun for example_branch_python_operator_decorator to 2024-07-10 00:00:00+00:00, run_after=2024-07-11 00:00:00+00:00
[2024-07-12T02:02:24.616+0530] {processor.py:183} INFO - Processing /home/kali/Desktop/projects/git/bank_data_processing/myenv/lib/python3.11/site-packages/airflow/example_dags/example_branch_operator_decorator.py took 0.119 seconds
[2024-07-12T02:02:55.969+0530] {processor.py:161} INFO - Started process (PID=52713) to work on /home/kali/Desktop/projects/git/bank_data_processing/myenv/lib/python3.11/site-packages/airflow/example_dags/example_branch_operator_decorator.py
[2024-07-12T02:02:55.970+0530] {processor.py:830} INFO - Processing file /home/kali/Desktop/projects/git/bank_data_processing/myenv/lib/python3.11/site-packages/airflow/example_dags/example_branch_operator_decorator.py for tasks to queue
[2024-07-12T02:02:55.972+0530] {logging_mixin.py:188} INFO - [2024-07-12T02:02:55.972+0530] {dagbag.py:545} INFO - Filling up the DagBag from /home/kali/Desktop/projects/git/bank_data_processing/myenv/lib/python3.11/site-packages/airflow/example_dags/example_branch_operator_decorator.py
[2024-07-12T02:02:56.017+0530] {processor.py:840} INFO - DAG(s) 'example_branch_python_operator_decorator' retrieved from /home/kali/Desktop/projects/git/bank_data_processing/myenv/lib/python3.11/site-packages/airflow/example_dags/example_branch_operator_decorator.py
[2024-07-12T02:02:56.069+0530] {logging_mixin.py:188} INFO - [2024-07-12T02:02:56.068+0530] {dag.py:3096} INFO - Sync 1 DAGs
[2024-07-12T02:02:56.109+0530] {logging_mixin.py:188} INFO - [2024-07-12T02:02:56.108+0530] {dag.py:3954} INFO - Setting next_dagrun for example_branch_python_operator_decorator to 2024-07-10 00:00:00+00:00, run_after=2024-07-11 00:00:00+00:00
[2024-07-12T02:02:56.145+0530] {processor.py:183} INFO - Processing /home/kali/Desktop/projects/git/bank_data_processing/myenv/lib/python3.11/site-packages/airflow/example_dags/example_branch_operator_decorator.py took 0.189 seconds
[2024-07-12T02:03:26.172+0530] {processor.py:161} INFO - Started process (PID=53269) to work on /home/kali/Desktop/projects/git/bank_data_processing/myenv/lib/python3.11/site-packages/airflow/example_dags/example_branch_operator_decorator.py
[2024-07-12T02:03:26.173+0530] {processor.py:830} INFO - Processing file /home/kali/Desktop/projects/git/bank_data_processing/myenv/lib/python3.11/site-packages/airflow/example_dags/example_branch_operator_decorator.py for tasks to queue
[2024-07-12T02:03:26.174+0530] {logging_mixin.py:188} INFO - [2024-07-12T02:03:26.174+0530] {dagbag.py:545} INFO - Filling up the DagBag from /home/kali/Desktop/projects/git/bank_data_processing/myenv/lib/python3.11/site-packages/airflow/example_dags/example_branch_operator_decorator.py
[2024-07-12T02:03:26.195+0530] {processor.py:840} INFO - DAG(s) 'example_branch_python_operator_decorator' retrieved from /home/kali/Desktop/projects/git/bank_data_processing/myenv/lib/python3.11/site-packages/airflow/example_dags/example_branch_operator_decorator.py
[2024-07-12T02:03:26.221+0530] {logging_mixin.py:188} INFO - [2024-07-12T02:03:26.221+0530] {dag.py:3096} INFO - Sync 1 DAGs
[2024-07-12T02:03:26.241+0530] {logging_mixin.py:188} INFO - [2024-07-12T02:03:26.241+0530] {dag.py:3954} INFO - Setting next_dagrun for example_branch_python_operator_decorator to 2024-07-10 00:00:00+00:00, run_after=2024-07-11 00:00:00+00:00
[2024-07-12T02:03:26.261+0530] {processor.py:183} INFO - Processing /home/kali/Desktop/projects/git/bank_data_processing/myenv/lib/python3.11/site-packages/airflow/example_dags/example_branch_operator_decorator.py took 0.096 seconds
[2024-07-12T02:03:56.437+0530] {processor.py:161} INFO - Started process (PID=53748) to work on /home/kali/Desktop/projects/git/bank_data_processing/myenv/lib/python3.11/site-packages/airflow/example_dags/example_branch_operator_decorator.py
[2024-07-12T02:03:56.438+0530] {processor.py:830} INFO - Processing file /home/kali/Desktop/projects/git/bank_data_processing/myenv/lib/python3.11/site-packages/airflow/example_dags/example_branch_operator_decorator.py for tasks to queue
[2024-07-12T02:03:56.440+0530] {logging_mixin.py:188} INFO - [2024-07-12T02:03:56.440+0530] {dagbag.py:545} INFO - Filling up the DagBag from /home/kali/Desktop/projects/git/bank_data_processing/myenv/lib/python3.11/site-packages/airflow/example_dags/example_branch_operator_decorator.py
[2024-07-12T02:03:56.462+0530] {processor.py:840} INFO - DAG(s) 'example_branch_python_operator_decorator' retrieved from /home/kali/Desktop/projects/git/bank_data_processing/myenv/lib/python3.11/site-packages/airflow/example_dags/example_branch_operator_decorator.py
[2024-07-12T02:03:56.486+0530] {logging_mixin.py:188} INFO - [2024-07-12T02:03:56.486+0530] {dag.py:3096} INFO - Sync 1 DAGs
[2024-07-12T02:03:56.506+0530] {logging_mixin.py:188} INFO - [2024-07-12T02:03:56.505+0530] {dag.py:3954} INFO - Setting next_dagrun for example_branch_python_operator_decorator to 2024-07-10 00:00:00+00:00, run_after=2024-07-11 00:00:00+00:00
[2024-07-12T02:03:56.528+0530] {processor.py:183} INFO - Processing /home/kali/Desktop/projects/git/bank_data_processing/myenv/lib/python3.11/site-packages/airflow/example_dags/example_branch_operator_decorator.py took 0.096 seconds
[2024-07-12T02:04:28.079+0530] {processor.py:161} INFO - Started process (PID=54230) to work on /home/kali/Desktop/projects/git/bank_data_processing/myenv/lib/python3.11/site-packages/airflow/example_dags/example_branch_operator_decorator.py
[2024-07-12T02:04:28.081+0530] {processor.py:830} INFO - Processing file /home/kali/Desktop/projects/git/bank_data_processing/myenv/lib/python3.11/site-packages/airflow/example_dags/example_branch_operator_decorator.py for tasks to queue
[2024-07-12T02:04:28.082+0530] {logging_mixin.py:188} INFO - [2024-07-12T02:04:28.082+0530] {dagbag.py:545} INFO - Filling up the DagBag from /home/kali/Desktop/projects/git/bank_data_processing/myenv/lib/python3.11/site-packages/airflow/example_dags/example_branch_operator_decorator.py
[2024-07-12T02:04:28.115+0530] {processor.py:840} INFO - DAG(s) 'example_branch_python_operator_decorator' retrieved from /home/kali/Desktop/projects/git/bank_data_processing/myenv/lib/python3.11/site-packages/airflow/example_dags/example_branch_operator_decorator.py
[2024-07-12T02:04:28.152+0530] {logging_mixin.py:188} INFO - [2024-07-12T02:04:28.152+0530] {dag.py:3096} INFO - Sync 1 DAGs
[2024-07-12T02:04:28.183+0530] {logging_mixin.py:188} INFO - [2024-07-12T02:04:28.183+0530] {dag.py:3954} INFO - Setting next_dagrun for example_branch_python_operator_decorator to 2024-07-10 00:00:00+00:00, run_after=2024-07-11 00:00:00+00:00
[2024-07-12T02:04:28.214+0530] {processor.py:183} INFO - Processing /home/kali/Desktop/projects/git/bank_data_processing/myenv/lib/python3.11/site-packages/airflow/example_dags/example_branch_operator_decorator.py took 0.145 seconds
[2024-07-12T02:04:59.977+0530] {processor.py:161} INFO - Started process (PID=54820) to work on /home/kali/Desktop/projects/git/bank_data_processing/myenv/lib/python3.11/site-packages/airflow/example_dags/example_branch_operator_decorator.py
[2024-07-12T02:04:59.978+0530] {processor.py:830} INFO - Processing file /home/kali/Desktop/projects/git/bank_data_processing/myenv/lib/python3.11/site-packages/airflow/example_dags/example_branch_operator_decorator.py for tasks to queue
[2024-07-12T02:04:59.979+0530] {logging_mixin.py:188} INFO - [2024-07-12T02:04:59.979+0530] {dagbag.py:545} INFO - Filling up the DagBag from /home/kali/Desktop/projects/git/bank_data_processing/myenv/lib/python3.11/site-packages/airflow/example_dags/example_branch_operator_decorator.py
[2024-07-12T02:05:00.002+0530] {processor.py:840} INFO - DAG(s) 'example_branch_python_operator_decorator' retrieved from /home/kali/Desktop/projects/git/bank_data_processing/myenv/lib/python3.11/site-packages/airflow/example_dags/example_branch_operator_decorator.py
[2024-07-12T02:05:00.039+0530] {logging_mixin.py:188} INFO - [2024-07-12T02:05:00.038+0530] {dag.py:3096} INFO - Sync 1 DAGs
[2024-07-12T02:05:00.067+0530] {logging_mixin.py:188} INFO - [2024-07-12T02:05:00.067+0530] {dag.py:3954} INFO - Setting next_dagrun for example_branch_python_operator_decorator to 2024-07-10 00:00:00+00:00, run_after=2024-07-11 00:00:00+00:00
[2024-07-12T02:05:00.093+0530] {processor.py:183} INFO - Processing /home/kali/Desktop/projects/git/bank_data_processing/myenv/lib/python3.11/site-packages/airflow/example_dags/example_branch_operator_decorator.py took 0.122 seconds
[2024-07-12T02:05:30.703+0530] {processor.py:161} INFO - Started process (PID=55323) to work on /home/kali/Desktop/projects/git/bank_data_processing/myenv/lib/python3.11/site-packages/airflow/example_dags/example_branch_operator_decorator.py
[2024-07-12T02:05:30.704+0530] {processor.py:830} INFO - Processing file /home/kali/Desktop/projects/git/bank_data_processing/myenv/lib/python3.11/site-packages/airflow/example_dags/example_branch_operator_decorator.py for tasks to queue
[2024-07-12T02:05:30.706+0530] {logging_mixin.py:188} INFO - [2024-07-12T02:05:30.706+0530] {dagbag.py:545} INFO - Filling up the DagBag from /home/kali/Desktop/projects/git/bank_data_processing/myenv/lib/python3.11/site-packages/airflow/example_dags/example_branch_operator_decorator.py
[2024-07-12T02:05:30.729+0530] {processor.py:840} INFO - DAG(s) 'example_branch_python_operator_decorator' retrieved from /home/kali/Desktop/projects/git/bank_data_processing/myenv/lib/python3.11/site-packages/airflow/example_dags/example_branch_operator_decorator.py
[2024-07-12T02:05:30.754+0530] {logging_mixin.py:188} INFO - [2024-07-12T02:05:30.753+0530] {dag.py:3096} INFO - Sync 1 DAGs
[2024-07-12T02:05:30.775+0530] {logging_mixin.py:188} INFO - [2024-07-12T02:05:30.775+0530] {dag.py:3954} INFO - Setting next_dagrun for example_branch_python_operator_decorator to 2024-07-10 00:00:00+00:00, run_after=2024-07-11 00:00:00+00:00
[2024-07-12T02:05:30.797+0530] {processor.py:183} INFO - Processing /home/kali/Desktop/projects/git/bank_data_processing/myenv/lib/python3.11/site-packages/airflow/example_dags/example_branch_operator_decorator.py took 0.100 seconds
[2024-07-12T02:06:04.127+0530] {processor.py:161} INFO - Started process (PID=55908) to work on /home/kali/Desktop/projects/git/bank_data_processing/myenv/lib/python3.11/site-packages/airflow/example_dags/example_branch_operator_decorator.py
[2024-07-12T02:06:04.130+0530] {processor.py:830} INFO - Processing file /home/kali/Desktop/projects/git/bank_data_processing/myenv/lib/python3.11/site-packages/airflow/example_dags/example_branch_operator_decorator.py for tasks to queue
[2024-07-12T02:06:04.132+0530] {logging_mixin.py:188} INFO - [2024-07-12T02:06:04.132+0530] {dagbag.py:545} INFO - Filling up the DagBag from /home/kali/Desktop/projects/git/bank_data_processing/myenv/lib/python3.11/site-packages/airflow/example_dags/example_branch_operator_decorator.py
[2024-07-12T02:06:04.171+0530] {processor.py:840} INFO - DAG(s) 'example_branch_python_operator_decorator' retrieved from /home/kali/Desktop/projects/git/bank_data_processing/myenv/lib/python3.11/site-packages/airflow/example_dags/example_branch_operator_decorator.py
[2024-07-12T02:06:04.234+0530] {logging_mixin.py:188} INFO - [2024-07-12T02:06:04.233+0530] {dag.py:3096} INFO - Sync 1 DAGs
[2024-07-12T02:06:04.271+0530] {logging_mixin.py:188} INFO - [2024-07-12T02:06:04.270+0530] {dag.py:3954} INFO - Setting next_dagrun for example_branch_python_operator_decorator to 2024-07-10 00:00:00+00:00, run_after=2024-07-11 00:00:00+00:00
[2024-07-12T02:06:04.303+0530] {processor.py:183} INFO - Processing /home/kali/Desktop/projects/git/bank_data_processing/myenv/lib/python3.11/site-packages/airflow/example_dags/example_branch_operator_decorator.py took 0.190 seconds
[2024-07-12T02:06:36.871+0530] {processor.py:161} INFO - Started process (PID=56577) to work on /home/kali/Desktop/projects/git/bank_data_processing/myenv/lib/python3.11/site-packages/airflow/example_dags/example_branch_operator_decorator.py
[2024-07-12T02:06:36.872+0530] {processor.py:830} INFO - Processing file /home/kali/Desktop/projects/git/bank_data_processing/myenv/lib/python3.11/site-packages/airflow/example_dags/example_branch_operator_decorator.py for tasks to queue
[2024-07-12T02:06:36.874+0530] {logging_mixin.py:188} INFO - [2024-07-12T02:06:36.874+0530] {dagbag.py:545} INFO - Filling up the DagBag from /home/kali/Desktop/projects/git/bank_data_processing/myenv/lib/python3.11/site-packages/airflow/example_dags/example_branch_operator_decorator.py
[2024-07-12T02:06:36.910+0530] {processor.py:840} INFO - DAG(s) 'example_branch_python_operator_decorator' retrieved from /home/kali/Desktop/projects/git/bank_data_processing/myenv/lib/python3.11/site-packages/airflow/example_dags/example_branch_operator_decorator.py
[2024-07-12T02:06:36.939+0530] {logging_mixin.py:188} INFO - [2024-07-12T02:06:36.939+0530] {dag.py:3096} INFO - Sync 1 DAGs
[2024-07-12T02:06:36.962+0530] {logging_mixin.py:188} INFO - [2024-07-12T02:06:36.961+0530] {dag.py:3954} INFO - Setting next_dagrun for example_branch_python_operator_decorator to 2024-07-10 00:00:00+00:00, run_after=2024-07-11 00:00:00+00:00
[2024-07-12T02:06:36.981+0530] {processor.py:183} INFO - Processing /home/kali/Desktop/projects/git/bank_data_processing/myenv/lib/python3.11/site-packages/airflow/example_dags/example_branch_operator_decorator.py took 0.116 seconds
[2024-07-12T02:07:07.537+0530] {processor.py:161} INFO - Started process (PID=57265) to work on /home/kali/Desktop/projects/git/bank_data_processing/myenv/lib/python3.11/site-packages/airflow/example_dags/example_branch_operator_decorator.py
[2024-07-12T02:07:07.538+0530] {processor.py:830} INFO - Processing file /home/kali/Desktop/projects/git/bank_data_processing/myenv/lib/python3.11/site-packages/airflow/example_dags/example_branch_operator_decorator.py for tasks to queue
[2024-07-12T02:07:07.540+0530] {logging_mixin.py:188} INFO - [2024-07-12T02:07:07.539+0530] {dagbag.py:545} INFO - Filling up the DagBag from /home/kali/Desktop/projects/git/bank_data_processing/myenv/lib/python3.11/site-packages/airflow/example_dags/example_branch_operator_decorator.py
[2024-07-12T02:07:07.570+0530] {processor.py:840} INFO - DAG(s) 'example_branch_python_operator_decorator' retrieved from /home/kali/Desktop/projects/git/bank_data_processing/myenv/lib/python3.11/site-packages/airflow/example_dags/example_branch_operator_decorator.py
[2024-07-12T02:07:07.611+0530] {logging_mixin.py:188} INFO - [2024-07-12T02:07:07.611+0530] {dag.py:3096} INFO - Sync 1 DAGs
[2024-07-12T02:07:07.647+0530] {logging_mixin.py:188} INFO - [2024-07-12T02:07:07.646+0530] {dag.py:3954} INFO - Setting next_dagrun for example_branch_python_operator_decorator to 2024-07-10 00:00:00+00:00, run_after=2024-07-11 00:00:00+00:00
[2024-07-12T02:07:07.682+0530] {processor.py:183} INFO - Processing /home/kali/Desktop/projects/git/bank_data_processing/myenv/lib/python3.11/site-packages/airflow/example_dags/example_branch_operator_decorator.py took 0.152 seconds
[2024-07-12T02:07:39.044+0530] {processor.py:161} INFO - Started process (PID=57953) to work on /home/kali/Desktop/projects/git/bank_data_processing/myenv/lib/python3.11/site-packages/airflow/example_dags/example_branch_operator_decorator.py
[2024-07-12T02:07:39.045+0530] {processor.py:830} INFO - Processing file /home/kali/Desktop/projects/git/bank_data_processing/myenv/lib/python3.11/site-packages/airflow/example_dags/example_branch_operator_decorator.py for tasks to queue
[2024-07-12T02:07:39.047+0530] {logging_mixin.py:188} INFO - [2024-07-12T02:07:39.047+0530] {dagbag.py:545} INFO - Filling up the DagBag from /home/kali/Desktop/projects/git/bank_data_processing/myenv/lib/python3.11/site-packages/airflow/example_dags/example_branch_operator_decorator.py
[2024-07-12T02:07:39.082+0530] {processor.py:840} INFO - DAG(s) 'example_branch_python_operator_decorator' retrieved from /home/kali/Desktop/projects/git/bank_data_processing/myenv/lib/python3.11/site-packages/airflow/example_dags/example_branch_operator_decorator.py
[2024-07-12T02:07:39.122+0530] {logging_mixin.py:188} INFO - [2024-07-12T02:07:39.122+0530] {dag.py:3096} INFO - Sync 1 DAGs
[2024-07-12T02:07:39.151+0530] {logging_mixin.py:188} INFO - [2024-07-12T02:07:39.151+0530] {dag.py:3954} INFO - Setting next_dagrun for example_branch_python_operator_decorator to 2024-07-10 00:00:00+00:00, run_after=2024-07-11 00:00:00+00:00
[2024-07-12T02:07:39.181+0530] {processor.py:183} INFO - Processing /home/kali/Desktop/projects/git/bank_data_processing/myenv/lib/python3.11/site-packages/airflow/example_dags/example_branch_operator_decorator.py took 0.148 seconds
[2024-07-12T02:08:10.107+0530] {processor.py:161} INFO - Started process (PID=58459) to work on /home/kali/Desktop/projects/git/bank_data_processing/myenv/lib/python3.11/site-packages/airflow/example_dags/example_branch_operator_decorator.py
[2024-07-12T02:08:10.108+0530] {processor.py:830} INFO - Processing file /home/kali/Desktop/projects/git/bank_data_processing/myenv/lib/python3.11/site-packages/airflow/example_dags/example_branch_operator_decorator.py for tasks to queue
[2024-07-12T02:08:10.110+0530] {logging_mixin.py:188} INFO - [2024-07-12T02:08:10.110+0530] {dagbag.py:545} INFO - Filling up the DagBag from /home/kali/Desktop/projects/git/bank_data_processing/myenv/lib/python3.11/site-packages/airflow/example_dags/example_branch_operator_decorator.py
[2024-07-12T02:08:10.145+0530] {processor.py:840} INFO - DAG(s) 'example_branch_python_operator_decorator' retrieved from /home/kali/Desktop/projects/git/bank_data_processing/myenv/lib/python3.11/site-packages/airflow/example_dags/example_branch_operator_decorator.py
[2024-07-12T02:08:10.186+0530] {logging_mixin.py:188} INFO - [2024-07-12T02:08:10.186+0530] {dag.py:3096} INFO - Sync 1 DAGs
[2024-07-12T02:08:10.222+0530] {logging_mixin.py:188} INFO - [2024-07-12T02:08:10.222+0530] {dag.py:3954} INFO - Setting next_dagrun for example_branch_python_operator_decorator to 2024-07-10 00:00:00+00:00, run_after=2024-07-11 00:00:00+00:00
[2024-07-12T02:08:10.253+0530] {processor.py:183} INFO - Processing /home/kali/Desktop/projects/git/bank_data_processing/myenv/lib/python3.11/site-packages/airflow/example_dags/example_branch_operator_decorator.py took 0.156 seconds
[2024-07-12T02:08:41.371+0530] {processor.py:161} INFO - Started process (PID=59028) to work on /home/kali/Desktop/projects/git/bank_data_processing/myenv/lib/python3.11/site-packages/airflow/example_dags/example_branch_operator_decorator.py
[2024-07-12T02:08:41.372+0530] {processor.py:830} INFO - Processing file /home/kali/Desktop/projects/git/bank_data_processing/myenv/lib/python3.11/site-packages/airflow/example_dags/example_branch_operator_decorator.py for tasks to queue
[2024-07-12T02:08:41.374+0530] {logging_mixin.py:188} INFO - [2024-07-12T02:08:41.374+0530] {dagbag.py:545} INFO - Filling up the DagBag from /home/kali/Desktop/projects/git/bank_data_processing/myenv/lib/python3.11/site-packages/airflow/example_dags/example_branch_operator_decorator.py
[2024-07-12T02:08:41.410+0530] {processor.py:840} INFO - DAG(s) 'example_branch_python_operator_decorator' retrieved from /home/kali/Desktop/projects/git/bank_data_processing/myenv/lib/python3.11/site-packages/airflow/example_dags/example_branch_operator_decorator.py
[2024-07-12T02:08:41.451+0530] {logging_mixin.py:188} INFO - [2024-07-12T02:08:41.451+0530] {dag.py:3096} INFO - Sync 1 DAGs
[2024-07-12T02:08:41.486+0530] {logging_mixin.py:188} INFO - [2024-07-12T02:08:41.485+0530] {dag.py:3954} INFO - Setting next_dagrun for example_branch_python_operator_decorator to 2024-07-10 00:00:00+00:00, run_after=2024-07-11 00:00:00+00:00
[2024-07-12T02:08:41.516+0530] {processor.py:183} INFO - Processing /home/kali/Desktop/projects/git/bank_data_processing/myenv/lib/python3.11/site-packages/airflow/example_dags/example_branch_operator_decorator.py took 0.153 seconds
[2024-07-12T02:09:11.976+0530] {processor.py:161} INFO - Started process (PID=59642) to work on /home/kali/Desktop/projects/git/bank_data_processing/myenv/lib/python3.11/site-packages/airflow/example_dags/example_branch_operator_decorator.py
[2024-07-12T02:09:11.977+0530] {processor.py:830} INFO - Processing file /home/kali/Desktop/projects/git/bank_data_processing/myenv/lib/python3.11/site-packages/airflow/example_dags/example_branch_operator_decorator.py for tasks to queue
[2024-07-12T02:09:11.978+0530] {logging_mixin.py:188} INFO - [2024-07-12T02:09:11.978+0530] {dagbag.py:545} INFO - Filling up the DagBag from /home/kali/Desktop/projects/git/bank_data_processing/myenv/lib/python3.11/site-packages/airflow/example_dags/example_branch_operator_decorator.py
[2024-07-12T02:09:12.003+0530] {processor.py:840} INFO - DAG(s) 'example_branch_python_operator_decorator' retrieved from /home/kali/Desktop/projects/git/bank_data_processing/myenv/lib/python3.11/site-packages/airflow/example_dags/example_branch_operator_decorator.py
[2024-07-12T02:09:12.032+0530] {logging_mixin.py:188} INFO - [2024-07-12T02:09:12.031+0530] {dag.py:3096} INFO - Sync 1 DAGs
[2024-07-12T02:09:12.054+0530] {logging_mixin.py:188} INFO - [2024-07-12T02:09:12.054+0530] {dag.py:3954} INFO - Setting next_dagrun for example_branch_python_operator_decorator to 2024-07-10 00:00:00+00:00, run_after=2024-07-11 00:00:00+00:00
[2024-07-12T02:09:12.079+0530] {processor.py:183} INFO - Processing /home/kali/Desktop/projects/git/bank_data_processing/myenv/lib/python3.11/site-packages/airflow/example_dags/example_branch_operator_decorator.py took 0.110 seconds
[2024-07-12T02:09:44.052+0530] {processor.py:161} INFO - Started process (PID=60372) to work on /home/kali/Desktop/projects/git/bank_data_processing/myenv/lib/python3.11/site-packages/airflow/example_dags/example_branch_operator_decorator.py
[2024-07-12T02:09:44.053+0530] {processor.py:830} INFO - Processing file /home/kali/Desktop/projects/git/bank_data_processing/myenv/lib/python3.11/site-packages/airflow/example_dags/example_branch_operator_decorator.py for tasks to queue
[2024-07-12T02:09:44.053+0530] {logging_mixin.py:188} INFO - [2024-07-12T02:09:44.053+0530] {dagbag.py:545} INFO - Filling up the DagBag from /home/kali/Desktop/projects/git/bank_data_processing/myenv/lib/python3.11/site-packages/airflow/example_dags/example_branch_operator_decorator.py
[2024-07-12T02:09:44.085+0530] {processor.py:840} INFO - DAG(s) 'example_branch_python_operator_decorator' retrieved from /home/kali/Desktop/projects/git/bank_data_processing/myenv/lib/python3.11/site-packages/airflow/example_dags/example_branch_operator_decorator.py
[2024-07-12T02:09:44.121+0530] {logging_mixin.py:188} INFO - [2024-07-12T02:09:44.120+0530] {dag.py:3096} INFO - Sync 1 DAGs
[2024-07-12T02:09:44.158+0530] {logging_mixin.py:188} INFO - [2024-07-12T02:09:44.158+0530] {dag.py:3954} INFO - Setting next_dagrun for example_branch_python_operator_decorator to 2024-07-10 00:00:00+00:00, run_after=2024-07-11 00:00:00+00:00
[2024-07-12T02:09:44.197+0530] {processor.py:183} INFO - Processing /home/kali/Desktop/projects/git/bank_data_processing/myenv/lib/python3.11/site-packages/airflow/example_dags/example_branch_operator_decorator.py took 0.151 seconds
