[2024-07-12T01:47:45.682+0530] {processor.py:161} INFO - Started process (PID=36547) to work on /home/kali/Desktop/projects/git/bank_data_processing/myenv/lib/python3.11/site-packages/airflow/example_dags/example_short_circuit_operator.py
[2024-07-12T01:47:45.682+0530] {processor.py:830} INFO - Processing file /home/kali/Desktop/projects/git/bank_data_processing/myenv/lib/python3.11/site-packages/airflow/example_dags/example_short_circuit_operator.py for tasks to queue
[2024-07-12T01:47:45.684+0530] {logging_mixin.py:188} INFO - [2024-07-12T01:47:45.683+0530] {dagbag.py:545} INFO - Filling up the DagBag from /home/kali/Desktop/projects/git/bank_data_processing/myenv/lib/python3.11/site-packages/airflow/example_dags/example_short_circuit_operator.py
[2024-07-12T01:47:45.691+0530] {processor.py:840} INFO - DAG(s) 'example_short_circuit_operator' retrieved from /home/kali/Desktop/projects/git/bank_data_processing/myenv/lib/python3.11/site-packages/airflow/example_dags/example_short_circuit_operator.py
[2024-07-12T01:47:45.792+0530] {logging_mixin.py:188} INFO - [2024-07-12T01:47:45.792+0530] {dag.py:3096} INFO - Sync 1 DAGs
[2024-07-12T01:47:45.811+0530] {logging_mixin.py:188} INFO - [2024-07-12T01:47:45.811+0530] {dag.py:3954} INFO - Setting next_dagrun for example_short_circuit_operator to 2024-07-10 00:00:00+00:00, run_after=2024-07-11 00:00:00+00:00
[2024-07-12T01:47:45.831+0530] {processor.py:183} INFO - Processing /home/kali/Desktop/projects/git/bank_data_processing/myenv/lib/python3.11/site-packages/airflow/example_dags/example_short_circuit_operator.py took 0.155 seconds
[2024-07-12T01:48:15.915+0530] {processor.py:161} INFO - Started process (PID=37038) to work on /home/kali/Desktop/projects/git/bank_data_processing/myenv/lib/python3.11/site-packages/airflow/example_dags/example_short_circuit_operator.py
[2024-07-12T01:48:15.916+0530] {processor.py:830} INFO - Processing file /home/kali/Desktop/projects/git/bank_data_processing/myenv/lib/python3.11/site-packages/airflow/example_dags/example_short_circuit_operator.py for tasks to queue
[2024-07-12T01:48:15.917+0530] {logging_mixin.py:188} INFO - [2024-07-12T01:48:15.917+0530] {dagbag.py:545} INFO - Filling up the DagBag from /home/kali/Desktop/projects/git/bank_data_processing/myenv/lib/python3.11/site-packages/airflow/example_dags/example_short_circuit_operator.py
[2024-07-12T01:48:15.926+0530] {processor.py:840} INFO - DAG(s) 'example_short_circuit_operator' retrieved from /home/kali/Desktop/projects/git/bank_data_processing/myenv/lib/python3.11/site-packages/airflow/example_dags/example_short_circuit_operator.py
[2024-07-12T01:48:15.948+0530] {logging_mixin.py:188} INFO - [2024-07-12T01:48:15.947+0530] {dag.py:3096} INFO - Sync 1 DAGs
[2024-07-12T01:48:15.967+0530] {logging_mixin.py:188} INFO - [2024-07-12T01:48:15.967+0530] {dag.py:3954} INFO - Setting next_dagrun for example_short_circuit_operator to 2024-07-10 00:00:00+00:00, run_after=2024-07-11 00:00:00+00:00
[2024-07-12T01:48:15.996+0530] {processor.py:183} INFO - Processing /home/kali/Desktop/projects/git/bank_data_processing/myenv/lib/python3.11/site-packages/airflow/example_dags/example_short_circuit_operator.py took 0.087 seconds
[2024-07-12T01:48:46.821+0530] {processor.py:161} INFO - Started process (PID=37424) to work on /home/kali/Desktop/projects/git/bank_data_processing/myenv/lib/python3.11/site-packages/airflow/example_dags/example_short_circuit_operator.py
[2024-07-12T01:48:46.823+0530] {processor.py:830} INFO - Processing file /home/kali/Desktop/projects/git/bank_data_processing/myenv/lib/python3.11/site-packages/airflow/example_dags/example_short_circuit_operator.py for tasks to queue
[2024-07-12T01:48:46.825+0530] {logging_mixin.py:188} INFO - [2024-07-12T01:48:46.825+0530] {dagbag.py:545} INFO - Filling up the DagBag from /home/kali/Desktop/projects/git/bank_data_processing/myenv/lib/python3.11/site-packages/airflow/example_dags/example_short_circuit_operator.py
[2024-07-12T01:48:46.834+0530] {processor.py:840} INFO - DAG(s) 'example_short_circuit_operator' retrieved from /home/kali/Desktop/projects/git/bank_data_processing/myenv/lib/python3.11/site-packages/airflow/example_dags/example_short_circuit_operator.py
[2024-07-12T01:48:46.861+0530] {logging_mixin.py:188} INFO - [2024-07-12T01:48:46.861+0530] {dag.py:3096} INFO - Sync 1 DAGs
[2024-07-12T01:48:46.884+0530] {logging_mixin.py:188} INFO - [2024-07-12T01:48:46.884+0530] {dag.py:3954} INFO - Setting next_dagrun for example_short_circuit_operator to 2024-07-10 00:00:00+00:00, run_after=2024-07-11 00:00:00+00:00
[2024-07-12T01:48:46.905+0530] {processor.py:183} INFO - Processing /home/kali/Desktop/projects/git/bank_data_processing/myenv/lib/python3.11/site-packages/airflow/example_dags/example_short_circuit_operator.py took 0.090 seconds
[2024-07-12T01:49:17.127+0530] {processor.py:161} INFO - Started process (PID=37890) to work on /home/kali/Desktop/projects/git/bank_data_processing/myenv/lib/python3.11/site-packages/airflow/example_dags/example_short_circuit_operator.py
[2024-07-12T01:49:17.128+0530] {processor.py:830} INFO - Processing file /home/kali/Desktop/projects/git/bank_data_processing/myenv/lib/python3.11/site-packages/airflow/example_dags/example_short_circuit_operator.py for tasks to queue
[2024-07-12T01:49:17.130+0530] {logging_mixin.py:188} INFO - [2024-07-12T01:49:17.129+0530] {dagbag.py:545} INFO - Filling up the DagBag from /home/kali/Desktop/projects/git/bank_data_processing/myenv/lib/python3.11/site-packages/airflow/example_dags/example_short_circuit_operator.py
[2024-07-12T01:49:17.138+0530] {processor.py:840} INFO - DAG(s) 'example_short_circuit_operator' retrieved from /home/kali/Desktop/projects/git/bank_data_processing/myenv/lib/python3.11/site-packages/airflow/example_dags/example_short_circuit_operator.py
[2024-07-12T01:49:17.290+0530] {logging_mixin.py:188} INFO - [2024-07-12T01:49:17.290+0530] {dag.py:3096} INFO - Sync 1 DAGs
[2024-07-12T01:49:17.315+0530] {logging_mixin.py:188} INFO - [2024-07-12T01:49:17.315+0530] {dag.py:3954} INFO - Setting next_dagrun for example_short_circuit_operator to 2024-07-10 00:00:00+00:00, run_after=2024-07-11 00:00:00+00:00
[2024-07-12T01:49:17.337+0530] {processor.py:183} INFO - Processing /home/kali/Desktop/projects/git/bank_data_processing/myenv/lib/python3.11/site-packages/airflow/example_dags/example_short_circuit_operator.py took 0.217 seconds
[2024-07-12T01:49:47.622+0530] {processor.py:161} INFO - Started process (PID=38218) to work on /home/kali/Desktop/projects/git/bank_data_processing/myenv/lib/python3.11/site-packages/airflow/example_dags/example_short_circuit_operator.py
[2024-07-12T01:49:47.623+0530] {processor.py:830} INFO - Processing file /home/kali/Desktop/projects/git/bank_data_processing/myenv/lib/python3.11/site-packages/airflow/example_dags/example_short_circuit_operator.py for tasks to queue
[2024-07-12T01:49:47.625+0530] {logging_mixin.py:188} INFO - [2024-07-12T01:49:47.625+0530] {dagbag.py:545} INFO - Filling up the DagBag from /home/kali/Desktop/projects/git/bank_data_processing/myenv/lib/python3.11/site-packages/airflow/example_dags/example_short_circuit_operator.py
[2024-07-12T01:49:47.634+0530] {processor.py:840} INFO - DAG(s) 'example_short_circuit_operator' retrieved from /home/kali/Desktop/projects/git/bank_data_processing/myenv/lib/python3.11/site-packages/airflow/example_dags/example_short_circuit_operator.py
[2024-07-12T01:49:47.660+0530] {logging_mixin.py:188} INFO - [2024-07-12T01:49:47.659+0530] {dag.py:3096} INFO - Sync 1 DAGs
[2024-07-12T01:49:47.696+0530] {logging_mixin.py:188} INFO - [2024-07-12T01:49:47.696+0530] {dag.py:3954} INFO - Setting next_dagrun for example_short_circuit_operator to 2024-07-10 00:00:00+00:00, run_after=2024-07-11 00:00:00+00:00
[2024-07-12T01:49:47.736+0530] {processor.py:183} INFO - Processing /home/kali/Desktop/projects/git/bank_data_processing/myenv/lib/python3.11/site-packages/airflow/example_dags/example_short_circuit_operator.py took 0.120 seconds
[2024-07-12T01:50:18.978+0530] {processor.py:161} INFO - Started process (PID=38581) to work on /home/kali/Desktop/projects/git/bank_data_processing/myenv/lib/python3.11/site-packages/airflow/example_dags/example_short_circuit_operator.py
[2024-07-12T01:50:18.982+0530] {processor.py:830} INFO - Processing file /home/kali/Desktop/projects/git/bank_data_processing/myenv/lib/python3.11/site-packages/airflow/example_dags/example_short_circuit_operator.py for tasks to queue
[2024-07-12T01:50:18.985+0530] {logging_mixin.py:188} INFO - [2024-07-12T01:50:18.984+0530] {dagbag.py:545} INFO - Filling up the DagBag from /home/kali/Desktop/projects/git/bank_data_processing/myenv/lib/python3.11/site-packages/airflow/example_dags/example_short_circuit_operator.py
[2024-07-12T01:50:18.998+0530] {processor.py:840} INFO - DAG(s) 'example_short_circuit_operator' retrieved from /home/kali/Desktop/projects/git/bank_data_processing/myenv/lib/python3.11/site-packages/airflow/example_dags/example_short_circuit_operator.py
[2024-07-12T01:50:19.043+0530] {logging_mixin.py:188} INFO - [2024-07-12T01:50:19.043+0530] {dag.py:3096} INFO - Sync 1 DAGs
[2024-07-12T01:50:19.092+0530] {logging_mixin.py:188} INFO - [2024-07-12T01:50:19.092+0530] {dag.py:3954} INFO - Setting next_dagrun for example_short_circuit_operator to 2024-07-10 00:00:00+00:00, run_after=2024-07-11 00:00:00+00:00
[2024-07-12T01:50:19.138+0530] {processor.py:183} INFO - Processing /home/kali/Desktop/projects/git/bank_data_processing/myenv/lib/python3.11/site-packages/airflow/example_dags/example_short_circuit_operator.py took 0.170 seconds
[2024-07-12T01:50:49.565+0530] {processor.py:161} INFO - Started process (PID=39015) to work on /home/kali/Desktop/projects/git/bank_data_processing/myenv/lib/python3.11/site-packages/airflow/example_dags/example_short_circuit_operator.py
[2024-07-12T01:50:49.566+0530] {processor.py:830} INFO - Processing file /home/kali/Desktop/projects/git/bank_data_processing/myenv/lib/python3.11/site-packages/airflow/example_dags/example_short_circuit_operator.py for tasks to queue
[2024-07-12T01:50:49.568+0530] {logging_mixin.py:188} INFO - [2024-07-12T01:50:49.568+0530] {dagbag.py:545} INFO - Filling up the DagBag from /home/kali/Desktop/projects/git/bank_data_processing/myenv/lib/python3.11/site-packages/airflow/example_dags/example_short_circuit_operator.py
[2024-07-12T01:50:49.581+0530] {processor.py:840} INFO - DAG(s) 'example_short_circuit_operator' retrieved from /home/kali/Desktop/projects/git/bank_data_processing/myenv/lib/python3.11/site-packages/airflow/example_dags/example_short_circuit_operator.py
[2024-07-12T01:50:49.608+0530] {logging_mixin.py:188} INFO - [2024-07-12T01:50:49.608+0530] {dag.py:3096} INFO - Sync 1 DAGs
[2024-07-12T01:50:49.639+0530] {logging_mixin.py:188} INFO - [2024-07-12T01:50:49.639+0530] {dag.py:3954} INFO - Setting next_dagrun for example_short_circuit_operator to 2024-07-10 00:00:00+00:00, run_after=2024-07-11 00:00:00+00:00
[2024-07-12T01:50:49.663+0530] {processor.py:183} INFO - Processing /home/kali/Desktop/projects/git/bank_data_processing/myenv/lib/python3.11/site-packages/airflow/example_dags/example_short_circuit_operator.py took 0.107 seconds
[2024-07-12T01:51:19.707+0530] {processor.py:161} INFO - Started process (PID=39409) to work on /home/kali/Desktop/projects/git/bank_data_processing/myenv/lib/python3.11/site-packages/airflow/example_dags/example_short_circuit_operator.py
[2024-07-12T01:51:19.707+0530] {processor.py:830} INFO - Processing file /home/kali/Desktop/projects/git/bank_data_processing/myenv/lib/python3.11/site-packages/airflow/example_dags/example_short_circuit_operator.py for tasks to queue
[2024-07-12T01:51:19.709+0530] {logging_mixin.py:188} INFO - [2024-07-12T01:51:19.709+0530] {dagbag.py:545} INFO - Filling up the DagBag from /home/kali/Desktop/projects/git/bank_data_processing/myenv/lib/python3.11/site-packages/airflow/example_dags/example_short_circuit_operator.py
[2024-07-12T01:51:19.717+0530] {processor.py:840} INFO - DAG(s) 'example_short_circuit_operator' retrieved from /home/kali/Desktop/projects/git/bank_data_processing/myenv/lib/python3.11/site-packages/airflow/example_dags/example_short_circuit_operator.py
[2024-07-12T01:51:19.741+0530] {logging_mixin.py:188} INFO - [2024-07-12T01:51:19.741+0530] {dag.py:3096} INFO - Sync 1 DAGs
[2024-07-12T01:51:19.773+0530] {logging_mixin.py:188} INFO - [2024-07-12T01:51:19.772+0530] {dag.py:3954} INFO - Setting next_dagrun for example_short_circuit_operator to 2024-07-10 00:00:00+00:00, run_after=2024-07-11 00:00:00+00:00
[2024-07-12T01:51:19.803+0530] {processor.py:183} INFO - Processing /home/kali/Desktop/projects/git/bank_data_processing/myenv/lib/python3.11/site-packages/airflow/example_dags/example_short_circuit_operator.py took 0.103 seconds
[2024-07-12T01:51:50.886+0530] {processor.py:161} INFO - Started process (PID=39996) to work on /home/kali/Desktop/projects/git/bank_data_processing/myenv/lib/python3.11/site-packages/airflow/example_dags/example_short_circuit_operator.py
[2024-07-12T01:51:50.888+0530] {processor.py:830} INFO - Processing file /home/kali/Desktop/projects/git/bank_data_processing/myenv/lib/python3.11/site-packages/airflow/example_dags/example_short_circuit_operator.py for tasks to queue
[2024-07-12T01:51:50.891+0530] {logging_mixin.py:188} INFO - [2024-07-12T01:51:50.891+0530] {dagbag.py:545} INFO - Filling up the DagBag from /home/kali/Desktop/projects/git/bank_data_processing/myenv/lib/python3.11/site-packages/airflow/example_dags/example_short_circuit_operator.py
[2024-07-12T01:51:50.909+0530] {processor.py:840} INFO - DAG(s) 'example_short_circuit_operator' retrieved from /home/kali/Desktop/projects/git/bank_data_processing/myenv/lib/python3.11/site-packages/airflow/example_dags/example_short_circuit_operator.py
[2024-07-12T01:51:50.939+0530] {logging_mixin.py:188} INFO - [2024-07-12T01:51:50.939+0530] {dag.py:3096} INFO - Sync 1 DAGs
[2024-07-12T01:51:50.965+0530] {logging_mixin.py:188} INFO - [2024-07-12T01:51:50.964+0530] {dag.py:3954} INFO - Setting next_dagrun for example_short_circuit_operator to 2024-07-10 00:00:00+00:00, run_after=2024-07-11 00:00:00+00:00
[2024-07-12T01:51:50.993+0530] {processor.py:183} INFO - Processing /home/kali/Desktop/projects/git/bank_data_processing/myenv/lib/python3.11/site-packages/airflow/example_dags/example_short_circuit_operator.py took 0.134 seconds
[2024-07-12T01:52:21.168+0530] {processor.py:161} INFO - Started process (PID=40667) to work on /home/kali/Desktop/projects/git/bank_data_processing/myenv/lib/python3.11/site-packages/airflow/example_dags/example_short_circuit_operator.py
[2024-07-12T01:52:21.169+0530] {processor.py:830} INFO - Processing file /home/kali/Desktop/projects/git/bank_data_processing/myenv/lib/python3.11/site-packages/airflow/example_dags/example_short_circuit_operator.py for tasks to queue
[2024-07-12T01:52:21.171+0530] {logging_mixin.py:188} INFO - [2024-07-12T01:52:21.170+0530] {dagbag.py:545} INFO - Filling up the DagBag from /home/kali/Desktop/projects/git/bank_data_processing/myenv/lib/python3.11/site-packages/airflow/example_dags/example_short_circuit_operator.py
[2024-07-12T01:52:21.178+0530] {processor.py:840} INFO - DAG(s) 'example_short_circuit_operator' retrieved from /home/kali/Desktop/projects/git/bank_data_processing/myenv/lib/python3.11/site-packages/airflow/example_dags/example_short_circuit_operator.py
[2024-07-12T01:52:21.202+0530] {logging_mixin.py:188} INFO - [2024-07-12T01:52:21.201+0530] {dag.py:3096} INFO - Sync 1 DAGs
[2024-07-12T01:52:21.225+0530] {logging_mixin.py:188} INFO - [2024-07-12T01:52:21.224+0530] {dag.py:3954} INFO - Setting next_dagrun for example_short_circuit_operator to 2024-07-10 00:00:00+00:00, run_after=2024-07-11 00:00:00+00:00
[2024-07-12T01:52:21.247+0530] {processor.py:183} INFO - Processing /home/kali/Desktop/projects/git/bank_data_processing/myenv/lib/python3.11/site-packages/airflow/example_dags/example_short_circuit_operator.py took 0.088 seconds
