[2024-07-12T01:47:44.614+0530] {processor.py:161} INFO - Started process (PID=36518) to work on /home/kali/Desktop/projects/git/bank_data_processing/myenv/lib/python3.11/site-packages/airflow/example_dags/example_task_group_decorator.py
[2024-07-12T01:47:44.615+0530] {processor.py:830} INFO - Processing file /home/kali/Desktop/projects/git/bank_data_processing/myenv/lib/python3.11/site-packages/airflow/example_dags/example_task_group_decorator.py for tasks to queue
[2024-07-12T01:47:44.618+0530] {logging_mixin.py:188} INFO - [2024-07-12T01:47:44.617+0530] {dagbag.py:545} INFO - Filling up the DagBag from /home/kali/Desktop/projects/git/bank_data_processing/myenv/lib/python3.11/site-packages/airflow/example_dags/example_task_group_decorator.py
[2024-07-12T01:47:44.636+0530] {processor.py:840} INFO - DAG(s) 'example_task_group_decorator' retrieved from /home/kali/Desktop/projects/git/bank_data_processing/myenv/lib/python3.11/site-packages/airflow/example_dags/example_task_group_decorator.py
[2024-07-12T01:47:44.825+0530] {logging_mixin.py:188} INFO - [2024-07-12T01:47:44.824+0530] {dag.py:3096} INFO - Sync 1 DAGs
[2024-07-12T01:47:44.865+0530] {logging_mixin.py:188} INFO - [2024-07-12T01:47:44.865+0530] {dag.py:3954} INFO - Setting next_dagrun for example_task_group_decorator to 2024-07-10 00:00:00+00:00, run_after=2024-07-11 00:00:00+00:00
[2024-07-12T01:47:44.906+0530] {processor.py:183} INFO - Processing /home/kali/Desktop/projects/git/bank_data_processing/myenv/lib/python3.11/site-packages/airflow/example_dags/example_task_group_decorator.py took 0.298 seconds
[2024-07-12T01:48:15.227+0530] {processor.py:161} INFO - Started process (PID=37030) to work on /home/kali/Desktop/projects/git/bank_data_processing/myenv/lib/python3.11/site-packages/airflow/example_dags/example_task_group_decorator.py
[2024-07-12T01:48:15.228+0530] {processor.py:830} INFO - Processing file /home/kali/Desktop/projects/git/bank_data_processing/myenv/lib/python3.11/site-packages/airflow/example_dags/example_task_group_decorator.py for tasks to queue
[2024-07-12T01:48:15.232+0530] {logging_mixin.py:188} INFO - [2024-07-12T01:48:15.231+0530] {dagbag.py:545} INFO - Filling up the DagBag from /home/kali/Desktop/projects/git/bank_data_processing/myenv/lib/python3.11/site-packages/airflow/example_dags/example_task_group_decorator.py
[2024-07-12T01:48:15.258+0530] {processor.py:840} INFO - DAG(s) 'example_task_group_decorator' retrieved from /home/kali/Desktop/projects/git/bank_data_processing/myenv/lib/python3.11/site-packages/airflow/example_dags/example_task_group_decorator.py
[2024-07-12T01:48:15.298+0530] {logging_mixin.py:188} INFO - [2024-07-12T01:48:15.297+0530] {dag.py:3096} INFO - Sync 1 DAGs
[2024-07-12T01:48:15.326+0530] {logging_mixin.py:188} INFO - [2024-07-12T01:48:15.326+0530] {dag.py:3954} INFO - Setting next_dagrun for example_task_group_decorator to 2024-07-10 00:00:00+00:00, run_after=2024-07-11 00:00:00+00:00
[2024-07-12T01:48:15.355+0530] {processor.py:183} INFO - Processing /home/kali/Desktop/projects/git/bank_data_processing/myenv/lib/python3.11/site-packages/airflow/example_dags/example_task_group_decorator.py took 0.136 seconds
[2024-07-12T01:48:45.388+0530] {processor.py:161} INFO - Started process (PID=37405) to work on /home/kali/Desktop/projects/git/bank_data_processing/myenv/lib/python3.11/site-packages/airflow/example_dags/example_task_group_decorator.py
[2024-07-12T01:48:45.389+0530] {processor.py:830} INFO - Processing file /home/kali/Desktop/projects/git/bank_data_processing/myenv/lib/python3.11/site-packages/airflow/example_dags/example_task_group_decorator.py for tasks to queue
[2024-07-12T01:48:45.390+0530] {logging_mixin.py:188} INFO - [2024-07-12T01:48:45.390+0530] {dagbag.py:545} INFO - Filling up the DagBag from /home/kali/Desktop/projects/git/bank_data_processing/myenv/lib/python3.11/site-packages/airflow/example_dags/example_task_group_decorator.py
[2024-07-12T01:48:45.406+0530] {processor.py:840} INFO - DAG(s) 'example_task_group_decorator' retrieved from /home/kali/Desktop/projects/git/bank_data_processing/myenv/lib/python3.11/site-packages/airflow/example_dags/example_task_group_decorator.py
[2024-07-12T01:48:45.432+0530] {logging_mixin.py:188} INFO - [2024-07-12T01:48:45.432+0530] {dag.py:3096} INFO - Sync 1 DAGs
[2024-07-12T01:48:45.463+0530] {logging_mixin.py:188} INFO - [2024-07-12T01:48:45.463+0530] {dag.py:3954} INFO - Setting next_dagrun for example_task_group_decorator to 2024-07-10 00:00:00+00:00, run_after=2024-07-11 00:00:00+00:00
[2024-07-12T01:48:45.491+0530] {processor.py:183} INFO - Processing /home/kali/Desktop/projects/git/bank_data_processing/myenv/lib/python3.11/site-packages/airflow/example_dags/example_task_group_decorator.py took 0.109 seconds
[2024-07-12T01:49:16.003+0530] {processor.py:161} INFO - Started process (PID=37871) to work on /home/kali/Desktop/projects/git/bank_data_processing/myenv/lib/python3.11/site-packages/airflow/example_dags/example_task_group_decorator.py
[2024-07-12T01:49:16.004+0530] {processor.py:830} INFO - Processing file /home/kali/Desktop/projects/git/bank_data_processing/myenv/lib/python3.11/site-packages/airflow/example_dags/example_task_group_decorator.py for tasks to queue
[2024-07-12T01:49:16.006+0530] {logging_mixin.py:188} INFO - [2024-07-12T01:49:16.005+0530] {dagbag.py:545} INFO - Filling up the DagBag from /home/kali/Desktop/projects/git/bank_data_processing/myenv/lib/python3.11/site-packages/airflow/example_dags/example_task_group_decorator.py
[2024-07-12T01:49:16.022+0530] {processor.py:840} INFO - DAG(s) 'example_task_group_decorator' retrieved from /home/kali/Desktop/projects/git/bank_data_processing/myenv/lib/python3.11/site-packages/airflow/example_dags/example_task_group_decorator.py
[2024-07-12T01:49:16.167+0530] {logging_mixin.py:188} INFO - [2024-07-12T01:49:16.166+0530] {dag.py:3096} INFO - Sync 1 DAGs
[2024-07-12T01:49:16.190+0530] {logging_mixin.py:188} INFO - [2024-07-12T01:49:16.190+0530] {dag.py:3954} INFO - Setting next_dagrun for example_task_group_decorator to 2024-07-10 00:00:00+00:00, run_after=2024-07-11 00:00:00+00:00
[2024-07-12T01:49:16.214+0530] {processor.py:183} INFO - Processing /home/kali/Desktop/projects/git/bank_data_processing/myenv/lib/python3.11/site-packages/airflow/example_dags/example_task_group_decorator.py took 0.217 seconds
[2024-07-12T01:49:47.075+0530] {processor.py:161} INFO - Started process (PID=38201) to work on /home/kali/Desktop/projects/git/bank_data_processing/myenv/lib/python3.11/site-packages/airflow/example_dags/example_task_group_decorator.py
[2024-07-12T01:49:47.076+0530] {processor.py:830} INFO - Processing file /home/kali/Desktop/projects/git/bank_data_processing/myenv/lib/python3.11/site-packages/airflow/example_dags/example_task_group_decorator.py for tasks to queue
[2024-07-12T01:49:47.078+0530] {logging_mixin.py:188} INFO - [2024-07-12T01:49:47.078+0530] {dagbag.py:545} INFO - Filling up the DagBag from /home/kali/Desktop/projects/git/bank_data_processing/myenv/lib/python3.11/site-packages/airflow/example_dags/example_task_group_decorator.py
[2024-07-12T01:49:47.096+0530] {processor.py:840} INFO - DAG(s) 'example_task_group_decorator' retrieved from /home/kali/Desktop/projects/git/bank_data_processing/myenv/lib/python3.11/site-packages/airflow/example_dags/example_task_group_decorator.py
[2024-07-12T01:49:47.122+0530] {logging_mixin.py:188} INFO - [2024-07-12T01:49:47.121+0530] {dag.py:3096} INFO - Sync 1 DAGs
[2024-07-12T01:49:47.144+0530] {logging_mixin.py:188} INFO - [2024-07-12T01:49:47.144+0530] {dag.py:3954} INFO - Setting next_dagrun for example_task_group_decorator to 2024-07-10 00:00:00+00:00, run_after=2024-07-11 00:00:00+00:00
[2024-07-12T01:49:47.168+0530] {processor.py:183} INFO - Processing /home/kali/Desktop/projects/git/bank_data_processing/myenv/lib/python3.11/site-packages/airflow/example_dags/example_task_group_decorator.py took 0.101 seconds
[2024-07-12T01:50:18.086+0530] {processor.py:161} INFO - Started process (PID=38550) to work on /home/kali/Desktop/projects/git/bank_data_processing/myenv/lib/python3.11/site-packages/airflow/example_dags/example_task_group_decorator.py
[2024-07-12T01:50:18.088+0530] {processor.py:830} INFO - Processing file /home/kali/Desktop/projects/git/bank_data_processing/myenv/lib/python3.11/site-packages/airflow/example_dags/example_task_group_decorator.py for tasks to queue
[2024-07-12T01:50:18.092+0530] {logging_mixin.py:188} INFO - [2024-07-12T01:50:18.091+0530] {dagbag.py:545} INFO - Filling up the DagBag from /home/kali/Desktop/projects/git/bank_data_processing/myenv/lib/python3.11/site-packages/airflow/example_dags/example_task_group_decorator.py
[2024-07-12T01:50:18.122+0530] {processor.py:840} INFO - DAG(s) 'example_task_group_decorator' retrieved from /home/kali/Desktop/projects/git/bank_data_processing/myenv/lib/python3.11/site-packages/airflow/example_dags/example_task_group_decorator.py
[2024-07-12T01:50:18.164+0530] {logging_mixin.py:188} INFO - [2024-07-12T01:50:18.164+0530] {dag.py:3096} INFO - Sync 1 DAGs
[2024-07-12T01:50:18.206+0530] {logging_mixin.py:188} INFO - [2024-07-12T01:50:18.205+0530] {dag.py:3954} INFO - Setting next_dagrun for example_task_group_decorator to 2024-07-10 00:00:00+00:00, run_after=2024-07-11 00:00:00+00:00
[2024-07-12T01:50:18.245+0530] {processor.py:183} INFO - Processing /home/kali/Desktop/projects/git/bank_data_processing/myenv/lib/python3.11/site-packages/airflow/example_dags/example_task_group_decorator.py took 0.171 seconds
[2024-07-12T01:50:48.767+0530] {processor.py:161} INFO - Started process (PID=38999) to work on /home/kali/Desktop/projects/git/bank_data_processing/myenv/lib/python3.11/site-packages/airflow/example_dags/example_task_group_decorator.py
[2024-07-12T01:50:48.768+0530] {processor.py:830} INFO - Processing file /home/kali/Desktop/projects/git/bank_data_processing/myenv/lib/python3.11/site-packages/airflow/example_dags/example_task_group_decorator.py for tasks to queue
[2024-07-12T01:50:48.770+0530] {logging_mixin.py:188} INFO - [2024-07-12T01:50:48.770+0530] {dagbag.py:545} INFO - Filling up the DagBag from /home/kali/Desktop/projects/git/bank_data_processing/myenv/lib/python3.11/site-packages/airflow/example_dags/example_task_group_decorator.py
[2024-07-12T01:50:48.795+0530] {processor.py:840} INFO - DAG(s) 'example_task_group_decorator' retrieved from /home/kali/Desktop/projects/git/bank_data_processing/myenv/lib/python3.11/site-packages/airflow/example_dags/example_task_group_decorator.py
[2024-07-12T01:50:48.844+0530] {logging_mixin.py:188} INFO - [2024-07-12T01:50:48.844+0530] {dag.py:3096} INFO - Sync 1 DAGs
[2024-07-12T01:50:48.875+0530] {logging_mixin.py:188} INFO - [2024-07-12T01:50:48.875+0530] {dag.py:3954} INFO - Setting next_dagrun for example_task_group_decorator to 2024-07-10 00:00:00+00:00, run_after=2024-07-11 00:00:00+00:00
[2024-07-12T01:50:48.909+0530] {processor.py:183} INFO - Processing /home/kali/Desktop/projects/git/bank_data_processing/myenv/lib/python3.11/site-packages/airflow/example_dags/example_task_group_decorator.py took 0.149 seconds
[2024-07-12T01:51:19.200+0530] {processor.py:161} INFO - Started process (PID=39393) to work on /home/kali/Desktop/projects/git/bank_data_processing/myenv/lib/python3.11/site-packages/airflow/example_dags/example_task_group_decorator.py
[2024-07-12T01:51:19.201+0530] {processor.py:830} INFO - Processing file /home/kali/Desktop/projects/git/bank_data_processing/myenv/lib/python3.11/site-packages/airflow/example_dags/example_task_group_decorator.py for tasks to queue
[2024-07-12T01:51:19.203+0530] {logging_mixin.py:188} INFO - [2024-07-12T01:51:19.203+0530] {dagbag.py:545} INFO - Filling up the DagBag from /home/kali/Desktop/projects/git/bank_data_processing/myenv/lib/python3.11/site-packages/airflow/example_dags/example_task_group_decorator.py
[2024-07-12T01:51:19.229+0530] {processor.py:840} INFO - DAG(s) 'example_task_group_decorator' retrieved from /home/kali/Desktop/projects/git/bank_data_processing/myenv/lib/python3.11/site-packages/airflow/example_dags/example_task_group_decorator.py
[2024-07-12T01:51:19.262+0530] {logging_mixin.py:188} INFO - [2024-07-12T01:51:19.262+0530] {dag.py:3096} INFO - Sync 1 DAGs
[2024-07-12T01:51:19.285+0530] {logging_mixin.py:188} INFO - [2024-07-12T01:51:19.285+0530] {dag.py:3954} INFO - Setting next_dagrun for example_task_group_decorator to 2024-07-10 00:00:00+00:00, run_after=2024-07-11 00:00:00+00:00
[2024-07-12T01:51:19.305+0530] {processor.py:183} INFO - Processing /home/kali/Desktop/projects/git/bank_data_processing/myenv/lib/python3.11/site-packages/airflow/example_dags/example_task_group_decorator.py took 0.114 seconds
[2024-07-12T01:51:50.128+0530] {processor.py:161} INFO - Started process (PID=39965) to work on /home/kali/Desktop/projects/git/bank_data_processing/myenv/lib/python3.11/site-packages/airflow/example_dags/example_task_group_decorator.py
[2024-07-12T01:51:50.129+0530] {processor.py:830} INFO - Processing file /home/kali/Desktop/projects/git/bank_data_processing/myenv/lib/python3.11/site-packages/airflow/example_dags/example_task_group_decorator.py for tasks to queue
[2024-07-12T01:51:50.131+0530] {logging_mixin.py:188} INFO - [2024-07-12T01:51:50.131+0530] {dagbag.py:545} INFO - Filling up the DagBag from /home/kali/Desktop/projects/git/bank_data_processing/myenv/lib/python3.11/site-packages/airflow/example_dags/example_task_group_decorator.py
[2024-07-12T01:51:50.148+0530] {processor.py:840} INFO - DAG(s) 'example_task_group_decorator' retrieved from /home/kali/Desktop/projects/git/bank_data_processing/myenv/lib/python3.11/site-packages/airflow/example_dags/example_task_group_decorator.py
[2024-07-12T01:51:50.185+0530] {logging_mixin.py:188} INFO - [2024-07-12T01:51:50.185+0530] {dag.py:3096} INFO - Sync 1 DAGs
[2024-07-12T01:51:50.218+0530] {logging_mixin.py:188} INFO - [2024-07-12T01:51:50.218+0530] {dag.py:3954} INFO - Setting next_dagrun for example_task_group_decorator to 2024-07-10 00:00:00+00:00, run_after=2024-07-11 00:00:00+00:00
[2024-07-12T01:51:50.247+0530] {processor.py:183} INFO - Processing /home/kali/Desktop/projects/git/bank_data_processing/myenv/lib/python3.11/site-packages/airflow/example_dags/example_task_group_decorator.py took 0.127 seconds
[2024-07-12T01:52:20.691+0530] {processor.py:161} INFO - Started process (PID=40659) to work on /home/kali/Desktop/projects/git/bank_data_processing/myenv/lib/python3.11/site-packages/airflow/example_dags/example_task_group_decorator.py
[2024-07-12T01:52:20.692+0530] {processor.py:830} INFO - Processing file /home/kali/Desktop/projects/git/bank_data_processing/myenv/lib/python3.11/site-packages/airflow/example_dags/example_task_group_decorator.py for tasks to queue
[2024-07-12T01:52:20.693+0530] {logging_mixin.py:188} INFO - [2024-07-12T01:52:20.693+0530] {dagbag.py:545} INFO - Filling up the DagBag from /home/kali/Desktop/projects/git/bank_data_processing/myenv/lib/python3.11/site-packages/airflow/example_dags/example_task_group_decorator.py
[2024-07-12T01:52:20.714+0530] {processor.py:840} INFO - DAG(s) 'example_task_group_decorator' retrieved from /home/kali/Desktop/projects/git/bank_data_processing/myenv/lib/python3.11/site-packages/airflow/example_dags/example_task_group_decorator.py
[2024-07-12T01:52:20.739+0530] {logging_mixin.py:188} INFO - [2024-07-12T01:52:20.739+0530] {dag.py:3096} INFO - Sync 1 DAGs
[2024-07-12T01:52:20.760+0530] {logging_mixin.py:188} INFO - [2024-07-12T01:52:20.760+0530] {dag.py:3954} INFO - Setting next_dagrun for example_task_group_decorator to 2024-07-10 00:00:00+00:00, run_after=2024-07-11 00:00:00+00:00
[2024-07-12T01:52:20.780+0530] {processor.py:183} INFO - Processing /home/kali/Desktop/projects/git/bank_data_processing/myenv/lib/python3.11/site-packages/airflow/example_dags/example_task_group_decorator.py took 0.100 seconds
[2024-07-12T01:52:50.919+0530] {processor.py:161} INFO - Started process (PID=41299) to work on /home/kali/Desktop/projects/git/bank_data_processing/myenv/lib/python3.11/site-packages/airflow/example_dags/example_task_group_decorator.py
[2024-07-12T01:52:50.920+0530] {processor.py:830} INFO - Processing file /home/kali/Desktop/projects/git/bank_data_processing/myenv/lib/python3.11/site-packages/airflow/example_dags/example_task_group_decorator.py for tasks to queue
[2024-07-12T01:52:50.922+0530] {logging_mixin.py:188} INFO - [2024-07-12T01:52:50.922+0530] {dagbag.py:545} INFO - Filling up the DagBag from /home/kali/Desktop/projects/git/bank_data_processing/myenv/lib/python3.11/site-packages/airflow/example_dags/example_task_group_decorator.py
[2024-07-12T01:52:50.939+0530] {processor.py:840} INFO - DAG(s) 'example_task_group_decorator' retrieved from /home/kali/Desktop/projects/git/bank_data_processing/myenv/lib/python3.11/site-packages/airflow/example_dags/example_task_group_decorator.py
[2024-07-12T01:52:50.964+0530] {logging_mixin.py:188} INFO - [2024-07-12T01:52:50.964+0530] {dag.py:3096} INFO - Sync 1 DAGs
[2024-07-12T01:52:50.983+0530] {logging_mixin.py:188} INFO - [2024-07-12T01:52:50.983+0530] {dag.py:3954} INFO - Setting next_dagrun for example_task_group_decorator to 2024-07-10 00:00:00+00:00, run_after=2024-07-11 00:00:00+00:00
[2024-07-12T01:52:51.004+0530] {processor.py:183} INFO - Processing /home/kali/Desktop/projects/git/bank_data_processing/myenv/lib/python3.11/site-packages/airflow/example_dags/example_task_group_decorator.py took 0.100 seconds
[2024-07-12T01:53:21.893+0530] {processor.py:161} INFO - Started process (PID=41933) to work on /home/kali/Desktop/projects/git/bank_data_processing/myenv/lib/python3.11/site-packages/airflow/example_dags/example_task_group_decorator.py
[2024-07-12T01:53:21.896+0530] {processor.py:830} INFO - Processing file /home/kali/Desktop/projects/git/bank_data_processing/myenv/lib/python3.11/site-packages/airflow/example_dags/example_task_group_decorator.py for tasks to queue
[2024-07-12T01:53:21.898+0530] {logging_mixin.py:188} INFO - [2024-07-12T01:53:21.898+0530] {dagbag.py:545} INFO - Filling up the DagBag from /home/kali/Desktop/projects/git/bank_data_processing/myenv/lib/python3.11/site-packages/airflow/example_dags/example_task_group_decorator.py
[2024-07-12T01:53:21.923+0530] {processor.py:840} INFO - DAG(s) 'example_task_group_decorator' retrieved from /home/kali/Desktop/projects/git/bank_data_processing/myenv/lib/python3.11/site-packages/airflow/example_dags/example_task_group_decorator.py
[2024-07-12T01:53:21.972+0530] {logging_mixin.py:188} INFO - [2024-07-12T01:53:21.971+0530] {dag.py:3096} INFO - Sync 1 DAGs
[2024-07-12T01:53:22.013+0530] {logging_mixin.py:188} INFO - [2024-07-12T01:53:22.013+0530] {dag.py:3954} INFO - Setting next_dagrun for example_task_group_decorator to 2024-07-10 00:00:00+00:00, run_after=2024-07-11 00:00:00+00:00
[2024-07-12T01:53:22.046+0530] {processor.py:183} INFO - Processing /home/kali/Desktop/projects/git/bank_data_processing/myenv/lib/python3.11/site-packages/airflow/example_dags/example_task_group_decorator.py took 0.167 seconds
[2024-07-12T01:53:52.353+0530] {processor.py:161} INFO - Started process (PID=42661) to work on /home/kali/Desktop/projects/git/bank_data_processing/myenv/lib/python3.11/site-packages/airflow/example_dags/example_task_group_decorator.py
[2024-07-12T01:53:52.354+0530] {processor.py:830} INFO - Processing file /home/kali/Desktop/projects/git/bank_data_processing/myenv/lib/python3.11/site-packages/airflow/example_dags/example_task_group_decorator.py for tasks to queue
[2024-07-12T01:53:52.356+0530] {logging_mixin.py:188} INFO - [2024-07-12T01:53:52.356+0530] {dagbag.py:545} INFO - Filling up the DagBag from /home/kali/Desktop/projects/git/bank_data_processing/myenv/lib/python3.11/site-packages/airflow/example_dags/example_task_group_decorator.py
[2024-07-12T01:53:52.386+0530] {processor.py:840} INFO - DAG(s) 'example_task_group_decorator' retrieved from /home/kali/Desktop/projects/git/bank_data_processing/myenv/lib/python3.11/site-packages/airflow/example_dags/example_task_group_decorator.py
[2024-07-12T01:53:52.428+0530] {logging_mixin.py:188} INFO - [2024-07-12T01:53:52.428+0530] {dag.py:3096} INFO - Sync 1 DAGs
[2024-07-12T01:53:52.461+0530] {logging_mixin.py:188} INFO - [2024-07-12T01:53:52.461+0530] {dag.py:3954} INFO - Setting next_dagrun for example_task_group_decorator to 2024-07-10 00:00:00+00:00, run_after=2024-07-11 00:00:00+00:00
[2024-07-12T01:53:52.492+0530] {processor.py:183} INFO - Processing /home/kali/Desktop/projects/git/bank_data_processing/myenv/lib/python3.11/site-packages/airflow/example_dags/example_task_group_decorator.py took 0.152 seconds
[2024-07-12T01:54:23.023+0530] {processor.py:161} INFO - Started process (PID=43303) to work on /home/kali/Desktop/projects/git/bank_data_processing/myenv/lib/python3.11/site-packages/airflow/example_dags/example_task_group_decorator.py
[2024-07-12T01:54:23.024+0530] {processor.py:830} INFO - Processing file /home/kali/Desktop/projects/git/bank_data_processing/myenv/lib/python3.11/site-packages/airflow/example_dags/example_task_group_decorator.py for tasks to queue
[2024-07-12T01:54:23.025+0530] {logging_mixin.py:188} INFO - [2024-07-12T01:54:23.025+0530] {dagbag.py:545} INFO - Filling up the DagBag from /home/kali/Desktop/projects/git/bank_data_processing/myenv/lib/python3.11/site-packages/airflow/example_dags/example_task_group_decorator.py
[2024-07-12T01:54:23.040+0530] {processor.py:840} INFO - DAG(s) 'example_task_group_decorator' retrieved from /home/kali/Desktop/projects/git/bank_data_processing/myenv/lib/python3.11/site-packages/airflow/example_dags/example_task_group_decorator.py
[2024-07-12T01:54:23.062+0530] {logging_mixin.py:188} INFO - [2024-07-12T01:54:23.062+0530] {dag.py:3096} INFO - Sync 1 DAGs
[2024-07-12T01:54:23.082+0530] {logging_mixin.py:188} INFO - [2024-07-12T01:54:23.082+0530] {dag.py:3954} INFO - Setting next_dagrun for example_task_group_decorator to 2024-07-10 00:00:00+00:00, run_after=2024-07-11 00:00:00+00:00
[2024-07-12T01:54:23.102+0530] {processor.py:183} INFO - Processing /home/kali/Desktop/projects/git/bank_data_processing/myenv/lib/python3.11/site-packages/airflow/example_dags/example_task_group_decorator.py took 0.088 seconds
[2024-07-12T01:54:53.194+0530] {processor.py:161} INFO - Started process (PID=43875) to work on /home/kali/Desktop/projects/git/bank_data_processing/myenv/lib/python3.11/site-packages/airflow/example_dags/example_task_group_decorator.py
[2024-07-12T01:54:53.195+0530] {processor.py:830} INFO - Processing file /home/kali/Desktop/projects/git/bank_data_processing/myenv/lib/python3.11/site-packages/airflow/example_dags/example_task_group_decorator.py for tasks to queue
[2024-07-12T01:54:53.197+0530] {logging_mixin.py:188} INFO - [2024-07-12T01:54:53.197+0530] {dagbag.py:545} INFO - Filling up the DagBag from /home/kali/Desktop/projects/git/bank_data_processing/myenv/lib/python3.11/site-packages/airflow/example_dags/example_task_group_decorator.py
[2024-07-12T01:54:53.217+0530] {processor.py:840} INFO - DAG(s) 'example_task_group_decorator' retrieved from /home/kali/Desktop/projects/git/bank_data_processing/myenv/lib/python3.11/site-packages/airflow/example_dags/example_task_group_decorator.py
[2024-07-12T01:54:53.245+0530] {logging_mixin.py:188} INFO - [2024-07-12T01:54:53.245+0530] {dag.py:3096} INFO - Sync 1 DAGs
[2024-07-12T01:54:53.269+0530] {logging_mixin.py:188} INFO - [2024-07-12T01:54:53.269+0530] {dag.py:3954} INFO - Setting next_dagrun for example_task_group_decorator to 2024-07-10 00:00:00+00:00, run_after=2024-07-11 00:00:00+00:00
[2024-07-12T01:54:53.289+0530] {processor.py:183} INFO - Processing /home/kali/Desktop/projects/git/bank_data_processing/myenv/lib/python3.11/site-packages/airflow/example_dags/example_task_group_decorator.py took 0.109 seconds
[2024-07-12T01:55:23.881+0530] {processor.py:161} INFO - Started process (PID=44398) to work on /home/kali/Desktop/projects/git/bank_data_processing/myenv/lib/python3.11/site-packages/airflow/example_dags/example_task_group_decorator.py
[2024-07-12T01:55:23.882+0530] {processor.py:830} INFO - Processing file /home/kali/Desktop/projects/git/bank_data_processing/myenv/lib/python3.11/site-packages/airflow/example_dags/example_task_group_decorator.py for tasks to queue
[2024-07-12T01:55:23.884+0530] {logging_mixin.py:188} INFO - [2024-07-12T01:55:23.884+0530] {dagbag.py:545} INFO - Filling up the DagBag from /home/kali/Desktop/projects/git/bank_data_processing/myenv/lib/python3.11/site-packages/airflow/example_dags/example_task_group_decorator.py
[2024-07-12T01:55:23.901+0530] {processor.py:840} INFO - DAG(s) 'example_task_group_decorator' retrieved from /home/kali/Desktop/projects/git/bank_data_processing/myenv/lib/python3.11/site-packages/airflow/example_dags/example_task_group_decorator.py
[2024-07-12T01:55:23.926+0530] {logging_mixin.py:188} INFO - [2024-07-12T01:55:23.926+0530] {dag.py:3096} INFO - Sync 1 DAGs
[2024-07-12T01:55:23.950+0530] {logging_mixin.py:188} INFO - [2024-07-12T01:55:23.949+0530] {dag.py:3954} INFO - Setting next_dagrun for example_task_group_decorator to 2024-07-10 00:00:00+00:00, run_after=2024-07-11 00:00:00+00:00
[2024-07-12T01:55:23.974+0530] {processor.py:183} INFO - Processing /home/kali/Desktop/projects/git/bank_data_processing/myenv/lib/python3.11/site-packages/airflow/example_dags/example_task_group_decorator.py took 0.103 seconds
[2024-07-12T01:55:54.412+0530] {processor.py:161} INFO - Started process (PID=44887) to work on /home/kali/Desktop/projects/git/bank_data_processing/myenv/lib/python3.11/site-packages/airflow/example_dags/example_task_group_decorator.py
[2024-07-12T01:55:54.413+0530] {processor.py:830} INFO - Processing file /home/kali/Desktop/projects/git/bank_data_processing/myenv/lib/python3.11/site-packages/airflow/example_dags/example_task_group_decorator.py for tasks to queue
[2024-07-12T01:55:54.415+0530] {logging_mixin.py:188} INFO - [2024-07-12T01:55:54.414+0530] {dagbag.py:545} INFO - Filling up the DagBag from /home/kali/Desktop/projects/git/bank_data_processing/myenv/lib/python3.11/site-packages/airflow/example_dags/example_task_group_decorator.py
[2024-07-12T01:55:54.431+0530] {processor.py:840} INFO - DAG(s) 'example_task_group_decorator' retrieved from /home/kali/Desktop/projects/git/bank_data_processing/myenv/lib/python3.11/site-packages/airflow/example_dags/example_task_group_decorator.py
[2024-07-12T01:55:54.455+0530] {logging_mixin.py:188} INFO - [2024-07-12T01:55:54.455+0530] {dag.py:3096} INFO - Sync 1 DAGs
[2024-07-12T01:55:54.475+0530] {logging_mixin.py:188} INFO - [2024-07-12T01:55:54.475+0530] {dag.py:3954} INFO - Setting next_dagrun for example_task_group_decorator to 2024-07-10 00:00:00+00:00, run_after=2024-07-11 00:00:00+00:00
[2024-07-12T01:55:54.505+0530] {processor.py:183} INFO - Processing /home/kali/Desktop/projects/git/bank_data_processing/myenv/lib/python3.11/site-packages/airflow/example_dags/example_task_group_decorator.py took 0.103 seconds
[2024-07-12T01:56:24.707+0530] {processor.py:161} INFO - Started process (PID=45348) to work on /home/kali/Desktop/projects/git/bank_data_processing/myenv/lib/python3.11/site-packages/airflow/example_dags/example_task_group_decorator.py
[2024-07-12T01:56:24.709+0530] {processor.py:830} INFO - Processing file /home/kali/Desktop/projects/git/bank_data_processing/myenv/lib/python3.11/site-packages/airflow/example_dags/example_task_group_decorator.py for tasks to queue
[2024-07-12T01:56:24.713+0530] {logging_mixin.py:188} INFO - [2024-07-12T01:56:24.712+0530] {dagbag.py:545} INFO - Filling up the DagBag from /home/kali/Desktop/projects/git/bank_data_processing/myenv/lib/python3.11/site-packages/airflow/example_dags/example_task_group_decorator.py
[2024-07-12T01:56:24.748+0530] {processor.py:840} INFO - DAG(s) 'example_task_group_decorator' retrieved from /home/kali/Desktop/projects/git/bank_data_processing/myenv/lib/python3.11/site-packages/airflow/example_dags/example_task_group_decorator.py
[2024-07-12T01:56:24.779+0530] {logging_mixin.py:188} INFO - [2024-07-12T01:56:24.779+0530] {dag.py:3096} INFO - Sync 1 DAGs
[2024-07-12T01:56:24.806+0530] {logging_mixin.py:188} INFO - [2024-07-12T01:56:24.806+0530] {dag.py:3954} INFO - Setting next_dagrun for example_task_group_decorator to 2024-07-10 00:00:00+00:00, run_after=2024-07-11 00:00:00+00:00
[2024-07-12T01:56:24.833+0530] {processor.py:183} INFO - Processing /home/kali/Desktop/projects/git/bank_data_processing/myenv/lib/python3.11/site-packages/airflow/example_dags/example_task_group_decorator.py took 0.149 seconds
[2024-07-12T01:56:55.084+0530] {processor.py:161} INFO - Started process (PID=45917) to work on /home/kali/Desktop/projects/git/bank_data_processing/myenv/lib/python3.11/site-packages/airflow/example_dags/example_task_group_decorator.py
[2024-07-12T01:56:55.085+0530] {processor.py:830} INFO - Processing file /home/kali/Desktop/projects/git/bank_data_processing/myenv/lib/python3.11/site-packages/airflow/example_dags/example_task_group_decorator.py for tasks to queue
[2024-07-12T01:56:55.087+0530] {logging_mixin.py:188} INFO - [2024-07-12T01:56:55.086+0530] {dagbag.py:545} INFO - Filling up the DagBag from /home/kali/Desktop/projects/git/bank_data_processing/myenv/lib/python3.11/site-packages/airflow/example_dags/example_task_group_decorator.py
[2024-07-12T01:56:55.103+0530] {processor.py:840} INFO - DAG(s) 'example_task_group_decorator' retrieved from /home/kali/Desktop/projects/git/bank_data_processing/myenv/lib/python3.11/site-packages/airflow/example_dags/example_task_group_decorator.py
[2024-07-12T01:56:55.128+0530] {logging_mixin.py:188} INFO - [2024-07-12T01:56:55.128+0530] {dag.py:3096} INFO - Sync 1 DAGs
[2024-07-12T01:56:55.148+0530] {logging_mixin.py:188} INFO - [2024-07-12T01:56:55.148+0530] {dag.py:3954} INFO - Setting next_dagrun for example_task_group_decorator to 2024-07-10 00:00:00+00:00, run_after=2024-07-11 00:00:00+00:00
[2024-07-12T01:56:55.173+0530] {processor.py:183} INFO - Processing /home/kali/Desktop/projects/git/bank_data_processing/myenv/lib/python3.11/site-packages/airflow/example_dags/example_task_group_decorator.py took 0.100 seconds
[2024-07-12T01:57:25.311+0530] {processor.py:161} INFO - Started process (PID=46453) to work on /home/kali/Desktop/projects/git/bank_data_processing/myenv/lib/python3.11/site-packages/airflow/example_dags/example_task_group_decorator.py
[2024-07-12T01:57:25.312+0530] {processor.py:830} INFO - Processing file /home/kali/Desktop/projects/git/bank_data_processing/myenv/lib/python3.11/site-packages/airflow/example_dags/example_task_group_decorator.py for tasks to queue
[2024-07-12T01:57:25.314+0530] {logging_mixin.py:188} INFO - [2024-07-12T01:57:25.314+0530] {dagbag.py:545} INFO - Filling up the DagBag from /home/kali/Desktop/projects/git/bank_data_processing/myenv/lib/python3.11/site-packages/airflow/example_dags/example_task_group_decorator.py
[2024-07-12T01:57:25.331+0530] {processor.py:840} INFO - DAG(s) 'example_task_group_decorator' retrieved from /home/kali/Desktop/projects/git/bank_data_processing/myenv/lib/python3.11/site-packages/airflow/example_dags/example_task_group_decorator.py
[2024-07-12T01:57:25.355+0530] {logging_mixin.py:188} INFO - [2024-07-12T01:57:25.355+0530] {dag.py:3096} INFO - Sync 1 DAGs
[2024-07-12T01:57:25.374+0530] {logging_mixin.py:188} INFO - [2024-07-12T01:57:25.374+0530] {dag.py:3954} INFO - Setting next_dagrun for example_task_group_decorator to 2024-07-10 00:00:00+00:00, run_after=2024-07-11 00:00:00+00:00
[2024-07-12T01:57:25.394+0530] {processor.py:183} INFO - Processing /home/kali/Desktop/projects/git/bank_data_processing/myenv/lib/python3.11/site-packages/airflow/example_dags/example_task_group_decorator.py took 0.095 seconds
[2024-07-12T01:57:55.772+0530] {processor.py:161} INFO - Started process (PID=46940) to work on /home/kali/Desktop/projects/git/bank_data_processing/myenv/lib/python3.11/site-packages/airflow/example_dags/example_task_group_decorator.py
[2024-07-12T01:57:55.773+0530] {processor.py:830} INFO - Processing file /home/kali/Desktop/projects/git/bank_data_processing/myenv/lib/python3.11/site-packages/airflow/example_dags/example_task_group_decorator.py for tasks to queue
[2024-07-12T01:57:55.775+0530] {logging_mixin.py:188} INFO - [2024-07-12T01:57:55.775+0530] {dagbag.py:545} INFO - Filling up the DagBag from /home/kali/Desktop/projects/git/bank_data_processing/myenv/lib/python3.11/site-packages/airflow/example_dags/example_task_group_decorator.py
[2024-07-12T01:57:55.791+0530] {processor.py:840} INFO - DAG(s) 'example_task_group_decorator' retrieved from /home/kali/Desktop/projects/git/bank_data_processing/myenv/lib/python3.11/site-packages/airflow/example_dags/example_task_group_decorator.py
[2024-07-12T01:57:55.816+0530] {logging_mixin.py:188} INFO - [2024-07-12T01:57:55.816+0530] {dag.py:3096} INFO - Sync 1 DAGs
[2024-07-12T01:57:55.841+0530] {logging_mixin.py:188} INFO - [2024-07-12T01:57:55.840+0530] {dag.py:3954} INFO - Setting next_dagrun for example_task_group_decorator to 2024-07-10 00:00:00+00:00, run_after=2024-07-11 00:00:00+00:00
[2024-07-12T01:57:55.862+0530] {processor.py:183} INFO - Processing /home/kali/Desktop/projects/git/bank_data_processing/myenv/lib/python3.11/site-packages/airflow/example_dags/example_task_group_decorator.py took 0.100 seconds
[2024-07-12T01:58:26.056+0530] {processor.py:161} INFO - Started process (PID=47410) to work on /home/kali/Desktop/projects/git/bank_data_processing/myenv/lib/python3.11/site-packages/airflow/example_dags/example_task_group_decorator.py
[2024-07-12T01:58:26.058+0530] {processor.py:830} INFO - Processing file /home/kali/Desktop/projects/git/bank_data_processing/myenv/lib/python3.11/site-packages/airflow/example_dags/example_task_group_decorator.py for tasks to queue
[2024-07-12T01:58:26.062+0530] {logging_mixin.py:188} INFO - [2024-07-12T01:58:26.062+0530] {dagbag.py:545} INFO - Filling up the DagBag from /home/kali/Desktop/projects/git/bank_data_processing/myenv/lib/python3.11/site-packages/airflow/example_dags/example_task_group_decorator.py
[2024-07-12T01:58:26.089+0530] {processor.py:840} INFO - DAG(s) 'example_task_group_decorator' retrieved from /home/kali/Desktop/projects/git/bank_data_processing/myenv/lib/python3.11/site-packages/airflow/example_dags/example_task_group_decorator.py
[2024-07-12T01:58:26.127+0530] {logging_mixin.py:188} INFO - [2024-07-12T01:58:26.127+0530] {dag.py:3096} INFO - Sync 1 DAGs
[2024-07-12T01:58:26.160+0530] {logging_mixin.py:188} INFO - [2024-07-12T01:58:26.160+0530] {dag.py:3954} INFO - Setting next_dagrun for example_task_group_decorator to 2024-07-10 00:00:00+00:00, run_after=2024-07-11 00:00:00+00:00
[2024-07-12T01:58:26.197+0530] {processor.py:183} INFO - Processing /home/kali/Desktop/projects/git/bank_data_processing/myenv/lib/python3.11/site-packages/airflow/example_dags/example_task_group_decorator.py took 0.153 seconds
[2024-07-12T01:58:56.560+0530] {processor.py:161} INFO - Started process (PID=47893) to work on /home/kali/Desktop/projects/git/bank_data_processing/myenv/lib/python3.11/site-packages/airflow/example_dags/example_task_group_decorator.py
[2024-07-12T01:58:56.561+0530] {processor.py:830} INFO - Processing file /home/kali/Desktop/projects/git/bank_data_processing/myenv/lib/python3.11/site-packages/airflow/example_dags/example_task_group_decorator.py for tasks to queue
[2024-07-12T01:58:56.562+0530] {logging_mixin.py:188} INFO - [2024-07-12T01:58:56.562+0530] {dagbag.py:545} INFO - Filling up the DagBag from /home/kali/Desktop/projects/git/bank_data_processing/myenv/lib/python3.11/site-packages/airflow/example_dags/example_task_group_decorator.py
[2024-07-12T01:58:56.592+0530] {processor.py:840} INFO - DAG(s) 'example_task_group_decorator' retrieved from /home/kali/Desktop/projects/git/bank_data_processing/myenv/lib/python3.11/site-packages/airflow/example_dags/example_task_group_decorator.py
[2024-07-12T01:58:56.631+0530] {logging_mixin.py:188} INFO - [2024-07-12T01:58:56.631+0530] {dag.py:3096} INFO - Sync 1 DAGs
[2024-07-12T01:58:56.661+0530] {logging_mixin.py:188} INFO - [2024-07-12T01:58:56.660+0530] {dag.py:3954} INFO - Setting next_dagrun for example_task_group_decorator to 2024-07-10 00:00:00+00:00, run_after=2024-07-11 00:00:00+00:00
[2024-07-12T01:58:56.683+0530] {processor.py:183} INFO - Processing /home/kali/Desktop/projects/git/bank_data_processing/myenv/lib/python3.11/site-packages/airflow/example_dags/example_task_group_decorator.py took 0.138 seconds
[2024-07-12T01:59:27.643+0530] {processor.py:161} INFO - Started process (PID=48486) to work on /home/kali/Desktop/projects/git/bank_data_processing/myenv/lib/python3.11/site-packages/airflow/example_dags/example_task_group_decorator.py
[2024-07-12T01:59:27.644+0530] {processor.py:830} INFO - Processing file /home/kali/Desktop/projects/git/bank_data_processing/myenv/lib/python3.11/site-packages/airflow/example_dags/example_task_group_decorator.py for tasks to queue
[2024-07-12T01:59:27.646+0530] {logging_mixin.py:188} INFO - [2024-07-12T01:59:27.646+0530] {dagbag.py:545} INFO - Filling up the DagBag from /home/kali/Desktop/projects/git/bank_data_processing/myenv/lib/python3.11/site-packages/airflow/example_dags/example_task_group_decorator.py
[2024-07-12T01:59:27.686+0530] {processor.py:840} INFO - DAG(s) 'example_task_group_decorator' retrieved from /home/kali/Desktop/projects/git/bank_data_processing/myenv/lib/python3.11/site-packages/airflow/example_dags/example_task_group_decorator.py
[2024-07-12T01:59:27.739+0530] {logging_mixin.py:188} INFO - [2024-07-12T01:59:27.739+0530] {dag.py:3096} INFO - Sync 1 DAGs
[2024-07-12T01:59:27.778+0530] {logging_mixin.py:188} INFO - [2024-07-12T01:59:27.778+0530] {dag.py:3954} INFO - Setting next_dagrun for example_task_group_decorator to 2024-07-10 00:00:00+00:00, run_after=2024-07-11 00:00:00+00:00
[2024-07-12T01:59:27.827+0530] {processor.py:183} INFO - Processing /home/kali/Desktop/projects/git/bank_data_processing/myenv/lib/python3.11/site-packages/airflow/example_dags/example_task_group_decorator.py took 0.201 seconds
[2024-07-12T02:00:13.988+0530] {processor.py:161} INFO - Started process (PID=49626) to work on /home/kali/Desktop/projects/git/bank_data_processing/myenv/lib/python3.11/site-packages/airflow/example_dags/example_task_group_decorator.py
[2024-07-12T02:00:13.991+0530] {processor.py:830} INFO - Processing file /home/kali/Desktop/projects/git/bank_data_processing/myenv/lib/python3.11/site-packages/airflow/example_dags/example_task_group_decorator.py for tasks to queue
[2024-07-12T02:00:13.996+0530] {logging_mixin.py:188} INFO - [2024-07-12T02:00:13.996+0530] {dagbag.py:545} INFO - Filling up the DagBag from /home/kali/Desktop/projects/git/bank_data_processing/myenv/lib/python3.11/site-packages/airflow/example_dags/example_task_group_decorator.py
[2024-07-12T02:00:14.018+0530] {processor.py:840} INFO - DAG(s) 'example_task_group_decorator' retrieved from /home/kali/Desktop/projects/git/bank_data_processing/myenv/lib/python3.11/site-packages/airflow/example_dags/example_task_group_decorator.py
[2024-07-12T02:00:14.064+0530] {logging_mixin.py:188} INFO - [2024-07-12T02:00:14.064+0530] {dag.py:3096} INFO - Sync 1 DAGs
[2024-07-12T02:00:14.103+0530] {logging_mixin.py:188} INFO - [2024-07-12T02:00:14.102+0530] {dag.py:3954} INFO - Setting next_dagrun for example_task_group_decorator to 2024-07-10 00:00:00+00:00, run_after=2024-07-11 00:00:00+00:00
[2024-07-12T02:00:14.135+0530] {processor.py:183} INFO - Processing /home/kali/Desktop/projects/git/bank_data_processing/myenv/lib/python3.11/site-packages/airflow/example_dags/example_task_group_decorator.py took 0.154 seconds
[2024-07-12T02:00:45.262+0530] {processor.py:161} INFO - Started process (PID=50294) to work on /home/kali/Desktop/projects/git/bank_data_processing/myenv/lib/python3.11/site-packages/airflow/example_dags/example_task_group_decorator.py
[2024-07-12T02:00:45.263+0530] {processor.py:830} INFO - Processing file /home/kali/Desktop/projects/git/bank_data_processing/myenv/lib/python3.11/site-packages/airflow/example_dags/example_task_group_decorator.py for tasks to queue
[2024-07-12T02:00:45.265+0530] {logging_mixin.py:188} INFO - [2024-07-12T02:00:45.265+0530] {dagbag.py:545} INFO - Filling up the DagBag from /home/kali/Desktop/projects/git/bank_data_processing/myenv/lib/python3.11/site-packages/airflow/example_dags/example_task_group_decorator.py
[2024-07-12T02:00:45.281+0530] {processor.py:840} INFO - DAG(s) 'example_task_group_decorator' retrieved from /home/kali/Desktop/projects/git/bank_data_processing/myenv/lib/python3.11/site-packages/airflow/example_dags/example_task_group_decorator.py
[2024-07-12T02:00:45.302+0530] {logging_mixin.py:188} INFO - [2024-07-12T02:00:45.302+0530] {dag.py:3096} INFO - Sync 1 DAGs
[2024-07-12T02:00:45.322+0530] {logging_mixin.py:188} INFO - [2024-07-12T02:00:45.322+0530] {dag.py:3954} INFO - Setting next_dagrun for example_task_group_decorator to 2024-07-10 00:00:00+00:00, run_after=2024-07-11 00:00:00+00:00
[2024-07-12T02:00:45.340+0530] {processor.py:183} INFO - Processing /home/kali/Desktop/projects/git/bank_data_processing/myenv/lib/python3.11/site-packages/airflow/example_dags/example_task_group_decorator.py took 0.084 seconds
[2024-07-12T02:01:18.617+0530] {processor.py:161} INFO - Started process (PID=50876) to work on /home/kali/Desktop/projects/git/bank_data_processing/myenv/lib/python3.11/site-packages/airflow/example_dags/example_task_group_decorator.py
[2024-07-12T02:01:18.618+0530] {processor.py:830} INFO - Processing file /home/kali/Desktop/projects/git/bank_data_processing/myenv/lib/python3.11/site-packages/airflow/example_dags/example_task_group_decorator.py for tasks to queue
[2024-07-12T02:01:18.620+0530] {logging_mixin.py:188} INFO - [2024-07-12T02:01:18.619+0530] {dagbag.py:545} INFO - Filling up the DagBag from /home/kali/Desktop/projects/git/bank_data_processing/myenv/lib/python3.11/site-packages/airflow/example_dags/example_task_group_decorator.py
[2024-07-12T02:01:18.634+0530] {processor.py:840} INFO - DAG(s) 'example_task_group_decorator' retrieved from /home/kali/Desktop/projects/git/bank_data_processing/myenv/lib/python3.11/site-packages/airflow/example_dags/example_task_group_decorator.py
[2024-07-12T02:01:18.654+0530] {logging_mixin.py:188} INFO - [2024-07-12T02:01:18.654+0530] {dag.py:3096} INFO - Sync 1 DAGs
[2024-07-12T02:01:18.672+0530] {logging_mixin.py:188} INFO - [2024-07-12T02:01:18.672+0530] {dag.py:3954} INFO - Setting next_dagrun for example_task_group_decorator to 2024-07-10 00:00:00+00:00, run_after=2024-07-11 00:00:00+00:00
[2024-07-12T02:01:18.692+0530] {processor.py:183} INFO - Processing /home/kali/Desktop/projects/git/bank_data_processing/myenv/lib/python3.11/site-packages/airflow/example_dags/example_task_group_decorator.py took 0.081 seconds
[2024-07-12T02:01:50.044+0530] {processor.py:161} INFO - Started process (PID=51529) to work on /home/kali/Desktop/projects/git/bank_data_processing/myenv/lib/python3.11/site-packages/airflow/example_dags/example_task_group_decorator.py
[2024-07-12T02:01:50.046+0530] {processor.py:830} INFO - Processing file /home/kali/Desktop/projects/git/bank_data_processing/myenv/lib/python3.11/site-packages/airflow/example_dags/example_task_group_decorator.py for tasks to queue
[2024-07-12T02:01:50.048+0530] {logging_mixin.py:188} INFO - [2024-07-12T02:01:50.047+0530] {dagbag.py:545} INFO - Filling up the DagBag from /home/kali/Desktop/projects/git/bank_data_processing/myenv/lib/python3.11/site-packages/airflow/example_dags/example_task_group_decorator.py
[2024-07-12T02:01:50.065+0530] {processor.py:840} INFO - DAG(s) 'example_task_group_decorator' retrieved from /home/kali/Desktop/projects/git/bank_data_processing/myenv/lib/python3.11/site-packages/airflow/example_dags/example_task_group_decorator.py
[2024-07-12T02:01:50.251+0530] {logging_mixin.py:188} INFO - [2024-07-12T02:01:50.251+0530] {dag.py:3096} INFO - Sync 1 DAGs
[2024-07-12T02:01:50.279+0530] {logging_mixin.py:188} INFO - [2024-07-12T02:01:50.279+0530] {dag.py:3954} INFO - Setting next_dagrun for example_task_group_decorator to 2024-07-10 00:00:00+00:00, run_after=2024-07-11 00:00:00+00:00
[2024-07-12T02:01:50.311+0530] {processor.py:183} INFO - Processing /home/kali/Desktop/projects/git/bank_data_processing/myenv/lib/python3.11/site-packages/airflow/example_dags/example_task_group_decorator.py took 0.282 seconds
[2024-07-12T02:02:20.587+0530] {processor.py:161} INFO - Started process (PID=52108) to work on /home/kali/Desktop/projects/git/bank_data_processing/myenv/lib/python3.11/site-packages/airflow/example_dags/example_task_group_decorator.py
[2024-07-12T02:02:20.588+0530] {processor.py:830} INFO - Processing file /home/kali/Desktop/projects/git/bank_data_processing/myenv/lib/python3.11/site-packages/airflow/example_dags/example_task_group_decorator.py for tasks to queue
[2024-07-12T02:02:20.590+0530] {logging_mixin.py:188} INFO - [2024-07-12T02:02:20.589+0530] {dagbag.py:545} INFO - Filling up the DagBag from /home/kali/Desktop/projects/git/bank_data_processing/myenv/lib/python3.11/site-packages/airflow/example_dags/example_task_group_decorator.py
[2024-07-12T02:02:20.611+0530] {processor.py:840} INFO - DAG(s) 'example_task_group_decorator' retrieved from /home/kali/Desktop/projects/git/bank_data_processing/myenv/lib/python3.11/site-packages/airflow/example_dags/example_task_group_decorator.py
[2024-07-12T02:02:20.648+0530] {logging_mixin.py:188} INFO - [2024-07-12T02:02:20.647+0530] {dag.py:3096} INFO - Sync 1 DAGs
[2024-07-12T02:02:20.669+0530] {logging_mixin.py:188} INFO - [2024-07-12T02:02:20.668+0530] {dag.py:3954} INFO - Setting next_dagrun for example_task_group_decorator to 2024-07-10 00:00:00+00:00, run_after=2024-07-11 00:00:00+00:00
[2024-07-12T02:02:20.689+0530] {processor.py:183} INFO - Processing /home/kali/Desktop/projects/git/bank_data_processing/myenv/lib/python3.11/site-packages/airflow/example_dags/example_task_group_decorator.py took 0.109 seconds
[2024-07-12T02:02:51.748+0530] {processor.py:161} INFO - Started process (PID=52607) to work on /home/kali/Desktop/projects/git/bank_data_processing/myenv/lib/python3.11/site-packages/airflow/example_dags/example_task_group_decorator.py
[2024-07-12T02:02:51.751+0530] {processor.py:830} INFO - Processing file /home/kali/Desktop/projects/git/bank_data_processing/myenv/lib/python3.11/site-packages/airflow/example_dags/example_task_group_decorator.py for tasks to queue
[2024-07-12T02:02:51.753+0530] {logging_mixin.py:188} INFO - [2024-07-12T02:02:51.753+0530] {dagbag.py:545} INFO - Filling up the DagBag from /home/kali/Desktop/projects/git/bank_data_processing/myenv/lib/python3.11/site-packages/airflow/example_dags/example_task_group_decorator.py
[2024-07-12T02:02:51.784+0530] {processor.py:840} INFO - DAG(s) 'example_task_group_decorator' retrieved from /home/kali/Desktop/projects/git/bank_data_processing/myenv/lib/python3.11/site-packages/airflow/example_dags/example_task_group_decorator.py
[2024-07-12T02:02:51.843+0530] {logging_mixin.py:188} INFO - [2024-07-12T02:02:51.843+0530] {dag.py:3096} INFO - Sync 1 DAGs
[2024-07-12T02:02:51.889+0530] {logging_mixin.py:188} INFO - [2024-07-12T02:02:51.889+0530] {dag.py:3954} INFO - Setting next_dagrun for example_task_group_decorator to 2024-07-10 00:00:00+00:00, run_after=2024-07-11 00:00:00+00:00
[2024-07-12T02:02:51.922+0530] {processor.py:183} INFO - Processing /home/kali/Desktop/projects/git/bank_data_processing/myenv/lib/python3.11/site-packages/airflow/example_dags/example_task_group_decorator.py took 0.189 seconds
[2024-07-12T02:03:22.961+0530] {processor.py:161} INFO - Started process (PID=53174) to work on /home/kali/Desktop/projects/git/bank_data_processing/myenv/lib/python3.11/site-packages/airflow/example_dags/example_task_group_decorator.py
[2024-07-12T02:03:22.962+0530] {processor.py:830} INFO - Processing file /home/kali/Desktop/projects/git/bank_data_processing/myenv/lib/python3.11/site-packages/airflow/example_dags/example_task_group_decorator.py for tasks to queue
[2024-07-12T02:03:22.964+0530] {logging_mixin.py:188} INFO - [2024-07-12T02:03:22.964+0530] {dagbag.py:545} INFO - Filling up the DagBag from /home/kali/Desktop/projects/git/bank_data_processing/myenv/lib/python3.11/site-packages/airflow/example_dags/example_task_group_decorator.py
[2024-07-12T02:03:22.988+0530] {processor.py:840} INFO - DAG(s) 'example_task_group_decorator' retrieved from /home/kali/Desktop/projects/git/bank_data_processing/myenv/lib/python3.11/site-packages/airflow/example_dags/example_task_group_decorator.py
[2024-07-12T02:03:23.025+0530] {logging_mixin.py:188} INFO - [2024-07-12T02:03:23.024+0530] {dag.py:3096} INFO - Sync 1 DAGs
[2024-07-12T02:03:23.063+0530] {logging_mixin.py:188} INFO - [2024-07-12T02:03:23.063+0530] {dag.py:3954} INFO - Setting next_dagrun for example_task_group_decorator to 2024-07-10 00:00:00+00:00, run_after=2024-07-11 00:00:00+00:00
[2024-07-12T02:03:23.100+0530] {processor.py:183} INFO - Processing /home/kali/Desktop/projects/git/bank_data_processing/myenv/lib/python3.11/site-packages/airflow/example_dags/example_task_group_decorator.py took 0.149 seconds
[2024-07-12T02:03:54.144+0530] {processor.py:161} INFO - Started process (PID=53686) to work on /home/kali/Desktop/projects/git/bank_data_processing/myenv/lib/python3.11/site-packages/airflow/example_dags/example_task_group_decorator.py
[2024-07-12T02:03:54.145+0530] {processor.py:830} INFO - Processing file /home/kali/Desktop/projects/git/bank_data_processing/myenv/lib/python3.11/site-packages/airflow/example_dags/example_task_group_decorator.py for tasks to queue
[2024-07-12T02:03:54.146+0530] {logging_mixin.py:188} INFO - [2024-07-12T02:03:54.146+0530] {dagbag.py:545} INFO - Filling up the DagBag from /home/kali/Desktop/projects/git/bank_data_processing/myenv/lib/python3.11/site-packages/airflow/example_dags/example_task_group_decorator.py
[2024-07-12T02:03:54.160+0530] {processor.py:840} INFO - DAG(s) 'example_task_group_decorator' retrieved from /home/kali/Desktop/projects/git/bank_data_processing/myenv/lib/python3.11/site-packages/airflow/example_dags/example_task_group_decorator.py
[2024-07-12T02:03:54.180+0530] {logging_mixin.py:188} INFO - [2024-07-12T02:03:54.180+0530] {dag.py:3096} INFO - Sync 1 DAGs
[2024-07-12T02:03:54.199+0530] {logging_mixin.py:188} INFO - [2024-07-12T02:03:54.199+0530] {dag.py:3954} INFO - Setting next_dagrun for example_task_group_decorator to 2024-07-10 00:00:00+00:00, run_after=2024-07-11 00:00:00+00:00
[2024-07-12T02:03:54.219+0530] {processor.py:183} INFO - Processing /home/kali/Desktop/projects/git/bank_data_processing/myenv/lib/python3.11/site-packages/airflow/example_dags/example_task_group_decorator.py took 0.080 seconds
[2024-07-12T02:04:25.176+0530] {processor.py:161} INFO - Started process (PID=54161) to work on /home/kali/Desktop/projects/git/bank_data_processing/myenv/lib/python3.11/site-packages/airflow/example_dags/example_task_group_decorator.py
[2024-07-12T02:04:25.177+0530] {processor.py:830} INFO - Processing file /home/kali/Desktop/projects/git/bank_data_processing/myenv/lib/python3.11/site-packages/airflow/example_dags/example_task_group_decorator.py for tasks to queue
[2024-07-12T02:04:25.179+0530] {logging_mixin.py:188} INFO - [2024-07-12T02:04:25.178+0530] {dagbag.py:545} INFO - Filling up the DagBag from /home/kali/Desktop/projects/git/bank_data_processing/myenv/lib/python3.11/site-packages/airflow/example_dags/example_task_group_decorator.py
[2024-07-12T02:04:25.195+0530] {processor.py:840} INFO - DAG(s) 'example_task_group_decorator' retrieved from /home/kali/Desktop/projects/git/bank_data_processing/myenv/lib/python3.11/site-packages/airflow/example_dags/example_task_group_decorator.py
[2024-07-12T02:04:25.217+0530] {logging_mixin.py:188} INFO - [2024-07-12T02:04:25.217+0530] {dag.py:3096} INFO - Sync 1 DAGs
[2024-07-12T02:04:25.236+0530] {logging_mixin.py:188} INFO - [2024-07-12T02:04:25.236+0530] {dag.py:3954} INFO - Setting next_dagrun for example_task_group_decorator to 2024-07-10 00:00:00+00:00, run_after=2024-07-11 00:00:00+00:00
[2024-07-12T02:04:25.257+0530] {processor.py:183} INFO - Processing /home/kali/Desktop/projects/git/bank_data_processing/myenv/lib/python3.11/site-packages/airflow/example_dags/example_task_group_decorator.py took 0.087 seconds
[2024-07-12T02:04:56.947+0530] {processor.py:161} INFO - Started process (PID=54752) to work on /home/kali/Desktop/projects/git/bank_data_processing/myenv/lib/python3.11/site-packages/airflow/example_dags/example_task_group_decorator.py
[2024-07-12T02:04:56.948+0530] {processor.py:830} INFO - Processing file /home/kali/Desktop/projects/git/bank_data_processing/myenv/lib/python3.11/site-packages/airflow/example_dags/example_task_group_decorator.py for tasks to queue
[2024-07-12T02:04:56.951+0530] {logging_mixin.py:188} INFO - [2024-07-12T02:04:56.950+0530] {dagbag.py:545} INFO - Filling up the DagBag from /home/kali/Desktop/projects/git/bank_data_processing/myenv/lib/python3.11/site-packages/airflow/example_dags/example_task_group_decorator.py
[2024-07-12T02:04:56.971+0530] {processor.py:840} INFO - DAG(s) 'example_task_group_decorator' retrieved from /home/kali/Desktop/projects/git/bank_data_processing/myenv/lib/python3.11/site-packages/airflow/example_dags/example_task_group_decorator.py
[2024-07-12T02:04:57.007+0530] {logging_mixin.py:188} INFO - [2024-07-12T02:04:57.007+0530] {dag.py:3096} INFO - Sync 1 DAGs
[2024-07-12T02:04:57.032+0530] {logging_mixin.py:188} INFO - [2024-07-12T02:04:57.032+0530] {dag.py:3954} INFO - Setting next_dagrun for example_task_group_decorator to 2024-07-10 00:00:00+00:00, run_after=2024-07-11 00:00:00+00:00
[2024-07-12T02:04:57.059+0530] {processor.py:183} INFO - Processing /home/kali/Desktop/projects/git/bank_data_processing/myenv/lib/python3.11/site-packages/airflow/example_dags/example_task_group_decorator.py took 0.119 seconds
[2024-07-12T02:05:27.496+0530] {processor.py:161} INFO - Started process (PID=55255) to work on /home/kali/Desktop/projects/git/bank_data_processing/myenv/lib/python3.11/site-packages/airflow/example_dags/example_task_group_decorator.py
[2024-07-12T02:05:27.497+0530] {processor.py:830} INFO - Processing file /home/kali/Desktop/projects/git/bank_data_processing/myenv/lib/python3.11/site-packages/airflow/example_dags/example_task_group_decorator.py for tasks to queue
[2024-07-12T02:05:27.499+0530] {logging_mixin.py:188} INFO - [2024-07-12T02:05:27.499+0530] {dagbag.py:545} INFO - Filling up the DagBag from /home/kali/Desktop/projects/git/bank_data_processing/myenv/lib/python3.11/site-packages/airflow/example_dags/example_task_group_decorator.py
[2024-07-12T02:05:27.521+0530] {processor.py:840} INFO - DAG(s) 'example_task_group_decorator' retrieved from /home/kali/Desktop/projects/git/bank_data_processing/myenv/lib/python3.11/site-packages/airflow/example_dags/example_task_group_decorator.py
[2024-07-12T02:05:27.551+0530] {logging_mixin.py:188} INFO - [2024-07-12T02:05:27.550+0530] {dag.py:3096} INFO - Sync 1 DAGs
[2024-07-12T02:05:27.574+0530] {logging_mixin.py:188} INFO - [2024-07-12T02:05:27.574+0530] {dag.py:3954} INFO - Setting next_dagrun for example_task_group_decorator to 2024-07-10 00:00:00+00:00, run_after=2024-07-11 00:00:00+00:00
[2024-07-12T02:05:27.596+0530] {processor.py:183} INFO - Processing /home/kali/Desktop/projects/git/bank_data_processing/myenv/lib/python3.11/site-packages/airflow/example_dags/example_task_group_decorator.py took 0.107 seconds
[2024-07-12T02:06:01.330+0530] {processor.py:161} INFO - Started process (PID=55820) to work on /home/kali/Desktop/projects/git/bank_data_processing/myenv/lib/python3.11/site-packages/airflow/example_dags/example_task_group_decorator.py
[2024-07-12T02:06:01.332+0530] {processor.py:830} INFO - Processing file /home/kali/Desktop/projects/git/bank_data_processing/myenv/lib/python3.11/site-packages/airflow/example_dags/example_task_group_decorator.py for tasks to queue
[2024-07-12T02:06:01.334+0530] {logging_mixin.py:188} INFO - [2024-07-12T02:06:01.334+0530] {dagbag.py:545} INFO - Filling up the DagBag from /home/kali/Desktop/projects/git/bank_data_processing/myenv/lib/python3.11/site-packages/airflow/example_dags/example_task_group_decorator.py
[2024-07-12T02:06:01.360+0530] {processor.py:840} INFO - DAG(s) 'example_task_group_decorator' retrieved from /home/kali/Desktop/projects/git/bank_data_processing/myenv/lib/python3.11/site-packages/airflow/example_dags/example_task_group_decorator.py
[2024-07-12T02:06:01.392+0530] {logging_mixin.py:188} INFO - [2024-07-12T02:06:01.392+0530] {dag.py:3096} INFO - Sync 1 DAGs
[2024-07-12T02:06:01.426+0530] {logging_mixin.py:188} INFO - [2024-07-12T02:06:01.426+0530] {dag.py:3954} INFO - Setting next_dagrun for example_task_group_decorator to 2024-07-10 00:00:00+00:00, run_after=2024-07-11 00:00:00+00:00
[2024-07-12T02:06:01.461+0530] {processor.py:183} INFO - Processing /home/kali/Desktop/projects/git/bank_data_processing/myenv/lib/python3.11/site-packages/airflow/example_dags/example_task_group_decorator.py took 0.140 seconds
[2024-07-12T02:06:32.712+0530] {processor.py:161} INFO - Started process (PID=56459) to work on /home/kali/Desktop/projects/git/bank_data_processing/myenv/lib/python3.11/site-packages/airflow/example_dags/example_task_group_decorator.py
[2024-07-12T02:06:32.714+0530] {processor.py:830} INFO - Processing file /home/kali/Desktop/projects/git/bank_data_processing/myenv/lib/python3.11/site-packages/airflow/example_dags/example_task_group_decorator.py for tasks to queue
[2024-07-12T02:06:32.718+0530] {logging_mixin.py:188} INFO - [2024-07-12T02:06:32.717+0530] {dagbag.py:545} INFO - Filling up the DagBag from /home/kali/Desktop/projects/git/bank_data_processing/myenv/lib/python3.11/site-packages/airflow/example_dags/example_task_group_decorator.py
[2024-07-12T02:06:32.756+0530] {processor.py:840} INFO - DAG(s) 'example_task_group_decorator' retrieved from /home/kali/Desktop/projects/git/bank_data_processing/myenv/lib/python3.11/site-packages/airflow/example_dags/example_task_group_decorator.py
[2024-07-12T02:06:32.798+0530] {logging_mixin.py:188} INFO - [2024-07-12T02:06:32.797+0530] {dag.py:3096} INFO - Sync 1 DAGs
[2024-07-12T02:06:32.836+0530] {logging_mixin.py:188} INFO - [2024-07-12T02:06:32.836+0530] {dag.py:3954} INFO - Setting next_dagrun for example_task_group_decorator to 2024-07-10 00:00:00+00:00, run_after=2024-07-11 00:00:00+00:00
[2024-07-12T02:06:32.895+0530] {processor.py:183} INFO - Processing /home/kali/Desktop/projects/git/bank_data_processing/myenv/lib/python3.11/site-packages/airflow/example_dags/example_task_group_decorator.py took 0.193 seconds
[2024-07-12T02:07:04.183+0530] {processor.py:161} INFO - Started process (PID=57172) to work on /home/kali/Desktop/projects/git/bank_data_processing/myenv/lib/python3.11/site-packages/airflow/example_dags/example_task_group_decorator.py
[2024-07-12T02:07:04.185+0530] {processor.py:830} INFO - Processing file /home/kali/Desktop/projects/git/bank_data_processing/myenv/lib/python3.11/site-packages/airflow/example_dags/example_task_group_decorator.py for tasks to queue
[2024-07-12T02:07:04.186+0530] {logging_mixin.py:188} INFO - [2024-07-12T02:07:04.186+0530] {dagbag.py:545} INFO - Filling up the DagBag from /home/kali/Desktop/projects/git/bank_data_processing/myenv/lib/python3.11/site-packages/airflow/example_dags/example_task_group_decorator.py
[2024-07-12T02:07:04.212+0530] {processor.py:840} INFO - DAG(s) 'example_task_group_decorator' retrieved from /home/kali/Desktop/projects/git/bank_data_processing/myenv/lib/python3.11/site-packages/airflow/example_dags/example_task_group_decorator.py
[2024-07-12T02:07:04.256+0530] {logging_mixin.py:188} INFO - [2024-07-12T02:07:04.255+0530] {dag.py:3096} INFO - Sync 1 DAGs
[2024-07-12T02:07:04.291+0530] {logging_mixin.py:188} INFO - [2024-07-12T02:07:04.290+0530] {dag.py:3954} INFO - Setting next_dagrun for example_task_group_decorator to 2024-07-10 00:00:00+00:00, run_after=2024-07-11 00:00:00+00:00
[2024-07-12T02:07:04.335+0530] {processor.py:183} INFO - Processing /home/kali/Desktop/projects/git/bank_data_processing/myenv/lib/python3.11/site-packages/airflow/example_dags/example_task_group_decorator.py took 0.163 seconds
[2024-07-12T02:07:35.603+0530] {processor.py:161} INFO - Started process (PID=57855) to work on /home/kali/Desktop/projects/git/bank_data_processing/myenv/lib/python3.11/site-packages/airflow/example_dags/example_task_group_decorator.py
[2024-07-12T02:07:35.605+0530] {processor.py:830} INFO - Processing file /home/kali/Desktop/projects/git/bank_data_processing/myenv/lib/python3.11/site-packages/airflow/example_dags/example_task_group_decorator.py for tasks to queue
[2024-07-12T02:07:35.608+0530] {logging_mixin.py:188} INFO - [2024-07-12T02:07:35.608+0530] {dagbag.py:545} INFO - Filling up the DagBag from /home/kali/Desktop/projects/git/bank_data_processing/myenv/lib/python3.11/site-packages/airflow/example_dags/example_task_group_decorator.py
[2024-07-12T02:07:35.635+0530] {processor.py:840} INFO - DAG(s) 'example_task_group_decorator' retrieved from /home/kali/Desktop/projects/git/bank_data_processing/myenv/lib/python3.11/site-packages/airflow/example_dags/example_task_group_decorator.py
[2024-07-12T02:07:35.673+0530] {logging_mixin.py:188} INFO - [2024-07-12T02:07:35.673+0530] {dag.py:3096} INFO - Sync 1 DAGs
[2024-07-12T02:07:35.704+0530] {logging_mixin.py:188} INFO - [2024-07-12T02:07:35.701+0530] {dag.py:3954} INFO - Setting next_dagrun for example_task_group_decorator to 2024-07-10 00:00:00+00:00, run_after=2024-07-11 00:00:00+00:00
[2024-07-12T02:07:35.748+0530] {processor.py:183} INFO - Processing /home/kali/Desktop/projects/git/bank_data_processing/myenv/lib/python3.11/site-packages/airflow/example_dags/example_task_group_decorator.py took 0.156 seconds
[2024-07-12T02:08:06.696+0530] {processor.py:161} INFO - Started process (PID=58383) to work on /home/kali/Desktop/projects/git/bank_data_processing/myenv/lib/python3.11/site-packages/airflow/example_dags/example_task_group_decorator.py
[2024-07-12T02:08:06.698+0530] {processor.py:830} INFO - Processing file /home/kali/Desktop/projects/git/bank_data_processing/myenv/lib/python3.11/site-packages/airflow/example_dags/example_task_group_decorator.py for tasks to queue
[2024-07-12T02:08:06.700+0530] {logging_mixin.py:188} INFO - [2024-07-12T02:08:06.700+0530] {dagbag.py:545} INFO - Filling up the DagBag from /home/kali/Desktop/projects/git/bank_data_processing/myenv/lib/python3.11/site-packages/airflow/example_dags/example_task_group_decorator.py
[2024-07-12T02:08:06.724+0530] {processor.py:840} INFO - DAG(s) 'example_task_group_decorator' retrieved from /home/kali/Desktop/projects/git/bank_data_processing/myenv/lib/python3.11/site-packages/airflow/example_dags/example_task_group_decorator.py
[2024-07-12T02:08:06.759+0530] {logging_mixin.py:188} INFO - [2024-07-12T02:08:06.759+0530] {dag.py:3096} INFO - Sync 1 DAGs
[2024-07-12T02:08:06.783+0530] {logging_mixin.py:188} INFO - [2024-07-12T02:08:06.783+0530] {dag.py:3954} INFO - Setting next_dagrun for example_task_group_decorator to 2024-07-10 00:00:00+00:00, run_after=2024-07-11 00:00:00+00:00
[2024-07-12T02:08:06.818+0530] {processor.py:183} INFO - Processing /home/kali/Desktop/projects/git/bank_data_processing/myenv/lib/python3.11/site-packages/airflow/example_dags/example_task_group_decorator.py took 0.133 seconds
[2024-07-12T02:08:37.957+0530] {processor.py:161} INFO - Started process (PID=58944) to work on /home/kali/Desktop/projects/git/bank_data_processing/myenv/lib/python3.11/site-packages/airflow/example_dags/example_task_group_decorator.py
[2024-07-12T02:08:37.960+0530] {processor.py:830} INFO - Processing file /home/kali/Desktop/projects/git/bank_data_processing/myenv/lib/python3.11/site-packages/airflow/example_dags/example_task_group_decorator.py for tasks to queue
[2024-07-12T02:08:37.962+0530] {logging_mixin.py:188} INFO - [2024-07-12T02:08:37.962+0530] {dagbag.py:545} INFO - Filling up the DagBag from /home/kali/Desktop/projects/git/bank_data_processing/myenv/lib/python3.11/site-packages/airflow/example_dags/example_task_group_decorator.py
[2024-07-12T02:08:37.984+0530] {processor.py:840} INFO - DAG(s) 'example_task_group_decorator' retrieved from /home/kali/Desktop/projects/git/bank_data_processing/myenv/lib/python3.11/site-packages/airflow/example_dags/example_task_group_decorator.py
[2024-07-12T02:08:38.016+0530] {logging_mixin.py:188} INFO - [2024-07-12T02:08:38.015+0530] {dag.py:3096} INFO - Sync 1 DAGs
[2024-07-12T02:08:38.044+0530] {logging_mixin.py:188} INFO - [2024-07-12T02:08:38.044+0530] {dag.py:3954} INFO - Setting next_dagrun for example_task_group_decorator to 2024-07-10 00:00:00+00:00, run_after=2024-07-11 00:00:00+00:00
[2024-07-12T02:08:38.081+0530] {processor.py:183} INFO - Processing /home/kali/Desktop/projects/git/bank_data_processing/myenv/lib/python3.11/site-packages/airflow/example_dags/example_task_group_decorator.py took 0.138 seconds
[2024-07-12T02:09:09.226+0530] {processor.py:161} INFO - Started process (PID=59574) to work on /home/kali/Desktop/projects/git/bank_data_processing/myenv/lib/python3.11/site-packages/airflow/example_dags/example_task_group_decorator.py
[2024-07-12T02:09:09.227+0530] {processor.py:830} INFO - Processing file /home/kali/Desktop/projects/git/bank_data_processing/myenv/lib/python3.11/site-packages/airflow/example_dags/example_task_group_decorator.py for tasks to queue
[2024-07-12T02:09:09.228+0530] {logging_mixin.py:188} INFO - [2024-07-12T02:09:09.228+0530] {dagbag.py:545} INFO - Filling up the DagBag from /home/kali/Desktop/projects/git/bank_data_processing/myenv/lib/python3.11/site-packages/airflow/example_dags/example_task_group_decorator.py
[2024-07-12T02:09:09.246+0530] {processor.py:840} INFO - DAG(s) 'example_task_group_decorator' retrieved from /home/kali/Desktop/projects/git/bank_data_processing/myenv/lib/python3.11/site-packages/airflow/example_dags/example_task_group_decorator.py
[2024-07-12T02:09:09.270+0530] {logging_mixin.py:188} INFO - [2024-07-12T02:09:09.270+0530] {dag.py:3096} INFO - Sync 1 DAGs
[2024-07-12T02:09:09.290+0530] {logging_mixin.py:188} INFO - [2024-07-12T02:09:09.290+0530] {dag.py:3954} INFO - Setting next_dagrun for example_task_group_decorator to 2024-07-10 00:00:00+00:00, run_after=2024-07-11 00:00:00+00:00
[2024-07-12T02:09:09.313+0530] {processor.py:183} INFO - Processing /home/kali/Desktop/projects/git/bank_data_processing/myenv/lib/python3.11/site-packages/airflow/example_dags/example_task_group_decorator.py took 0.094 seconds
[2024-07-12T02:09:41.246+0530] {processor.py:161} INFO - Started process (PID=60273) to work on /home/kali/Desktop/projects/git/bank_data_processing/myenv/lib/python3.11/site-packages/airflow/example_dags/example_task_group_decorator.py
[2024-07-12T02:09:41.248+0530] {processor.py:830} INFO - Processing file /home/kali/Desktop/projects/git/bank_data_processing/myenv/lib/python3.11/site-packages/airflow/example_dags/example_task_group_decorator.py for tasks to queue
[2024-07-12T02:09:41.249+0530] {logging_mixin.py:188} INFO - [2024-07-12T02:09:41.249+0530] {dagbag.py:545} INFO - Filling up the DagBag from /home/kali/Desktop/projects/git/bank_data_processing/myenv/lib/python3.11/site-packages/airflow/example_dags/example_task_group_decorator.py
[2024-07-12T02:09:41.275+0530] {processor.py:840} INFO - DAG(s) 'example_task_group_decorator' retrieved from /home/kali/Desktop/projects/git/bank_data_processing/myenv/lib/python3.11/site-packages/airflow/example_dags/example_task_group_decorator.py
[2024-07-12T02:09:41.331+0530] {logging_mixin.py:188} INFO - [2024-07-12T02:09:41.331+0530] {dag.py:3096} INFO - Sync 1 DAGs
[2024-07-12T02:09:41.376+0530] {logging_mixin.py:188} INFO - [2024-07-12T02:09:41.375+0530] {dag.py:3954} INFO - Setting next_dagrun for example_task_group_decorator to 2024-07-10 00:00:00+00:00, run_after=2024-07-11 00:00:00+00:00
[2024-07-12T02:09:41.412+0530] {processor.py:183} INFO - Processing /home/kali/Desktop/projects/git/bank_data_processing/myenv/lib/python3.11/site-packages/airflow/example_dags/example_task_group_decorator.py took 0.178 seconds
