[2024-07-12T01:47:46.214+0530] {processor.py:161} INFO - Started process (PID=36566) to work on /home/kali/Desktop/projects/git/bank_data_processing/myenv/lib/python3.11/site-packages/airflow/example_dags/example_sensors.py
[2024-07-12T01:47:46.215+0530] {processor.py:830} INFO - Processing file /home/kali/Desktop/projects/git/bank_data_processing/myenv/lib/python3.11/site-packages/airflow/example_dags/example_sensors.py for tasks to queue
[2024-07-12T01:47:46.216+0530] {logging_mixin.py:188} INFO - [2024-07-12T01:47:46.216+0530] {dagbag.py:545} INFO - Filling up the DagBag from /home/kali/Desktop/projects/git/bank_data_processing/myenv/lib/python3.11/site-packages/airflow/example_dags/example_sensors.py
[2024-07-12T01:47:46.225+0530] {processor.py:840} INFO - DAG(s) 'example_sensors' retrieved from /home/kali/Desktop/projects/git/bank_data_processing/myenv/lib/python3.11/site-packages/airflow/example_dags/example_sensors.py
[2024-07-12T01:47:46.324+0530] {logging_mixin.py:188} INFO - [2024-07-12T01:47:46.324+0530] {dag.py:3096} INFO - Sync 1 DAGs
[2024-07-12T01:47:46.333+0530] {logging_mixin.py:188} INFO - [2024-07-12T01:47:46.332+0530] {dag.py:3954} INFO - Setting next_dagrun for example_sensors to None, run_after=None
[2024-07-12T01:47:46.358+0530] {processor.py:183} INFO - Processing /home/kali/Desktop/projects/git/bank_data_processing/myenv/lib/python3.11/site-packages/airflow/example_dags/example_sensors.py took 0.150 seconds
[2024-07-12T01:48:17.336+0530] {processor.py:161} INFO - Started process (PID=37068) to work on /home/kali/Desktop/projects/git/bank_data_processing/myenv/lib/python3.11/site-packages/airflow/example_dags/example_sensors.py
[2024-07-12T01:48:17.338+0530] {processor.py:830} INFO - Processing file /home/kali/Desktop/projects/git/bank_data_processing/myenv/lib/python3.11/site-packages/airflow/example_dags/example_sensors.py for tasks to queue
[2024-07-12T01:48:17.342+0530] {logging_mixin.py:188} INFO - [2024-07-12T01:48:17.341+0530] {dagbag.py:545} INFO - Filling up the DagBag from /home/kali/Desktop/projects/git/bank_data_processing/myenv/lib/python3.11/site-packages/airflow/example_dags/example_sensors.py
[2024-07-12T01:48:17.364+0530] {processor.py:840} INFO - DAG(s) 'example_sensors' retrieved from /home/kali/Desktop/projects/git/bank_data_processing/myenv/lib/python3.11/site-packages/airflow/example_dags/example_sensors.py
[2024-07-12T01:48:17.408+0530] {logging_mixin.py:188} INFO - [2024-07-12T01:48:17.408+0530] {dag.py:3096} INFO - Sync 1 DAGs
[2024-07-12T01:48:17.425+0530] {logging_mixin.py:188} INFO - [2024-07-12T01:48:17.425+0530] {dag.py:3954} INFO - Setting next_dagrun for example_sensors to None, run_after=None
[2024-07-12T01:48:17.455+0530] {processor.py:183} INFO - Processing /home/kali/Desktop/projects/git/bank_data_processing/myenv/lib/python3.11/site-packages/airflow/example_dags/example_sensors.py took 0.132 seconds
[2024-07-12T01:48:48.225+0530] {processor.py:161} INFO - Started process (PID=37443) to work on /home/kali/Desktop/projects/git/bank_data_processing/myenv/lib/python3.11/site-packages/airflow/example_dags/example_sensors.py
[2024-07-12T01:48:48.225+0530] {processor.py:830} INFO - Processing file /home/kali/Desktop/projects/git/bank_data_processing/myenv/lib/python3.11/site-packages/airflow/example_dags/example_sensors.py for tasks to queue
[2024-07-12T01:48:48.227+0530] {logging_mixin.py:188} INFO - [2024-07-12T01:48:48.227+0530] {dagbag.py:545} INFO - Filling up the DagBag from /home/kali/Desktop/projects/git/bank_data_processing/myenv/lib/python3.11/site-packages/airflow/example_dags/example_sensors.py
[2024-07-12T01:48:48.238+0530] {processor.py:840} INFO - DAG(s) 'example_sensors' retrieved from /home/kali/Desktop/projects/git/bank_data_processing/myenv/lib/python3.11/site-packages/airflow/example_dags/example_sensors.py
[2024-07-12T01:48:48.269+0530] {logging_mixin.py:188} INFO - [2024-07-12T01:48:48.269+0530] {dag.py:3096} INFO - Sync 1 DAGs
[2024-07-12T01:48:48.284+0530] {logging_mixin.py:188} INFO - [2024-07-12T01:48:48.284+0530] {dag.py:3954} INFO - Setting next_dagrun for example_sensors to None, run_after=None
[2024-07-12T01:48:48.307+0530] {processor.py:183} INFO - Processing /home/kali/Desktop/projects/git/bank_data_processing/myenv/lib/python3.11/site-packages/airflow/example_dags/example_sensors.py took 0.089 seconds
[2024-07-12T01:49:18.824+0530] {processor.py:161} INFO - Started process (PID=37917) to work on /home/kali/Desktop/projects/git/bank_data_processing/myenv/lib/python3.11/site-packages/airflow/example_dags/example_sensors.py
[2024-07-12T01:49:18.825+0530] {processor.py:830} INFO - Processing file /home/kali/Desktop/projects/git/bank_data_processing/myenv/lib/python3.11/site-packages/airflow/example_dags/example_sensors.py for tasks to queue
[2024-07-12T01:49:18.827+0530] {logging_mixin.py:188} INFO - [2024-07-12T01:49:18.827+0530] {dagbag.py:545} INFO - Filling up the DagBag from /home/kali/Desktop/projects/git/bank_data_processing/myenv/lib/python3.11/site-packages/airflow/example_dags/example_sensors.py
[2024-07-12T01:49:19.026+0530] {processor.py:840} INFO - DAG(s) 'example_sensors' retrieved from /home/kali/Desktop/projects/git/bank_data_processing/myenv/lib/python3.11/site-packages/airflow/example_dags/example_sensors.py
[2024-07-12T01:49:19.062+0530] {logging_mixin.py:188} INFO - [2024-07-12T01:49:19.061+0530] {dag.py:3096} INFO - Sync 1 DAGs
[2024-07-12T01:49:19.078+0530] {logging_mixin.py:188} INFO - [2024-07-12T01:49:19.077+0530] {dag.py:3954} INFO - Setting next_dagrun for example_sensors to None, run_after=None
[2024-07-12T01:49:19.110+0530] {processor.py:183} INFO - Processing /home/kali/Desktop/projects/git/bank_data_processing/myenv/lib/python3.11/site-packages/airflow/example_dags/example_sensors.py took 0.293 seconds
[2024-07-12T01:49:49.221+0530] {processor.py:161} INFO - Started process (PID=38236) to work on /home/kali/Desktop/projects/git/bank_data_processing/myenv/lib/python3.11/site-packages/airflow/example_dags/example_sensors.py
[2024-07-12T01:49:49.227+0530] {processor.py:830} INFO - Processing file /home/kali/Desktop/projects/git/bank_data_processing/myenv/lib/python3.11/site-packages/airflow/example_dags/example_sensors.py for tasks to queue
[2024-07-12T01:49:49.230+0530] {logging_mixin.py:188} INFO - [2024-07-12T01:49:49.229+0530] {dagbag.py:545} INFO - Filling up the DagBag from /home/kali/Desktop/projects/git/bank_data_processing/myenv/lib/python3.11/site-packages/airflow/example_dags/example_sensors.py
[2024-07-12T01:49:49.244+0530] {processor.py:840} INFO - DAG(s) 'example_sensors' retrieved from /home/kali/Desktop/projects/git/bank_data_processing/myenv/lib/python3.11/site-packages/airflow/example_dags/example_sensors.py
[2024-07-12T01:49:49.272+0530] {logging_mixin.py:188} INFO - [2024-07-12T01:49:49.271+0530] {dag.py:3096} INFO - Sync 1 DAGs
[2024-07-12T01:49:49.283+0530] {logging_mixin.py:188} INFO - [2024-07-12T01:49:49.283+0530] {dag.py:3954} INFO - Setting next_dagrun for example_sensors to None, run_after=None
[2024-07-12T01:49:49.302+0530] {processor.py:183} INFO - Processing /home/kali/Desktop/projects/git/bank_data_processing/myenv/lib/python3.11/site-packages/airflow/example_dags/example_sensors.py took 0.090 seconds
[2024-07-12T01:50:19.607+0530] {processor.py:161} INFO - Started process (PID=38599) to work on /home/kali/Desktop/projects/git/bank_data_processing/myenv/lib/python3.11/site-packages/airflow/example_dags/example_sensors.py
[2024-07-12T01:50:19.609+0530] {processor.py:830} INFO - Processing file /home/kali/Desktop/projects/git/bank_data_processing/myenv/lib/python3.11/site-packages/airflow/example_dags/example_sensors.py for tasks to queue
[2024-07-12T01:50:19.612+0530] {logging_mixin.py:188} INFO - [2024-07-12T01:50:19.611+0530] {dagbag.py:545} INFO - Filling up the DagBag from /home/kali/Desktop/projects/git/bank_data_processing/myenv/lib/python3.11/site-packages/airflow/example_dags/example_sensors.py
[2024-07-12T01:50:19.637+0530] {processor.py:840} INFO - DAG(s) 'example_sensors' retrieved from /home/kali/Desktop/projects/git/bank_data_processing/myenv/lib/python3.11/site-packages/airflow/example_dags/example_sensors.py
[2024-07-12T01:50:19.674+0530] {logging_mixin.py:188} INFO - [2024-07-12T01:50:19.674+0530] {dag.py:3096} INFO - Sync 1 DAGs
[2024-07-12T01:50:19.703+0530] {logging_mixin.py:188} INFO - [2024-07-12T01:50:19.702+0530] {dag.py:3954} INFO - Setting next_dagrun for example_sensors to None, run_after=None
[2024-07-12T01:50:19.740+0530] {processor.py:183} INFO - Processing /home/kali/Desktop/projects/git/bank_data_processing/myenv/lib/python3.11/site-packages/airflow/example_dags/example_sensors.py took 0.148 seconds
[2024-07-12T01:50:50.017+0530] {processor.py:161} INFO - Started process (PID=39026) to work on /home/kali/Desktop/projects/git/bank_data_processing/myenv/lib/python3.11/site-packages/airflow/example_dags/example_sensors.py
[2024-07-12T01:50:50.018+0530] {processor.py:830} INFO - Processing file /home/kali/Desktop/projects/git/bank_data_processing/myenv/lib/python3.11/site-packages/airflow/example_dags/example_sensors.py for tasks to queue
[2024-07-12T01:50:50.020+0530] {logging_mixin.py:188} INFO - [2024-07-12T01:50:50.020+0530] {dagbag.py:545} INFO - Filling up the DagBag from /home/kali/Desktop/projects/git/bank_data_processing/myenv/lib/python3.11/site-packages/airflow/example_dags/example_sensors.py
[2024-07-12T01:50:50.038+0530] {processor.py:840} INFO - DAG(s) 'example_sensors' retrieved from /home/kali/Desktop/projects/git/bank_data_processing/myenv/lib/python3.11/site-packages/airflow/example_dags/example_sensors.py
[2024-07-12T01:50:50.070+0530] {logging_mixin.py:188} INFO - [2024-07-12T01:50:50.069+0530] {dag.py:3096} INFO - Sync 1 DAGs
[2024-07-12T01:50:50.081+0530] {logging_mixin.py:188} INFO - [2024-07-12T01:50:50.081+0530] {dag.py:3954} INFO - Setting next_dagrun for example_sensors to None, run_after=None
[2024-07-12T01:50:50.103+0530] {processor.py:183} INFO - Processing /home/kali/Desktop/projects/git/bank_data_processing/myenv/lib/python3.11/site-packages/airflow/example_dags/example_sensors.py took 0.097 seconds
[2024-07-12T01:51:20.247+0530] {processor.py:161} INFO - Started process (PID=39432) to work on /home/kali/Desktop/projects/git/bank_data_processing/myenv/lib/python3.11/site-packages/airflow/example_dags/example_sensors.py
[2024-07-12T01:51:20.247+0530] {processor.py:830} INFO - Processing file /home/kali/Desktop/projects/git/bank_data_processing/myenv/lib/python3.11/site-packages/airflow/example_dags/example_sensors.py for tasks to queue
[2024-07-12T01:51:20.249+0530] {logging_mixin.py:188} INFO - [2024-07-12T01:51:20.249+0530] {dagbag.py:545} INFO - Filling up the DagBag from /home/kali/Desktop/projects/git/bank_data_processing/myenv/lib/python3.11/site-packages/airflow/example_dags/example_sensors.py
[2024-07-12T01:51:20.259+0530] {processor.py:840} INFO - DAG(s) 'example_sensors' retrieved from /home/kali/Desktop/projects/git/bank_data_processing/myenv/lib/python3.11/site-packages/airflow/example_dags/example_sensors.py
[2024-07-12T01:51:20.283+0530] {logging_mixin.py:188} INFO - [2024-07-12T01:51:20.283+0530] {dag.py:3096} INFO - Sync 1 DAGs
[2024-07-12T01:51:20.295+0530] {logging_mixin.py:188} INFO - [2024-07-12T01:51:20.295+0530] {dag.py:3954} INFO - Setting next_dagrun for example_sensors to None, run_after=None
[2024-07-12T01:51:20.315+0530] {processor.py:183} INFO - Processing /home/kali/Desktop/projects/git/bank_data_processing/myenv/lib/python3.11/site-packages/airflow/example_dags/example_sensors.py took 0.075 seconds
[2024-07-12T01:51:51.602+0530] {processor.py:161} INFO - Started process (PID=40025) to work on /home/kali/Desktop/projects/git/bank_data_processing/myenv/lib/python3.11/site-packages/airflow/example_dags/example_sensors.py
[2024-07-12T01:51:51.604+0530] {processor.py:830} INFO - Processing file /home/kali/Desktop/projects/git/bank_data_processing/myenv/lib/python3.11/site-packages/airflow/example_dags/example_sensors.py for tasks to queue
[2024-07-12T01:51:51.607+0530] {logging_mixin.py:188} INFO - [2024-07-12T01:51:51.607+0530] {dagbag.py:545} INFO - Filling up the DagBag from /home/kali/Desktop/projects/git/bank_data_processing/myenv/lib/python3.11/site-packages/airflow/example_dags/example_sensors.py
[2024-07-12T01:51:51.625+0530] {processor.py:840} INFO - DAG(s) 'example_sensors' retrieved from /home/kali/Desktop/projects/git/bank_data_processing/myenv/lib/python3.11/site-packages/airflow/example_dags/example_sensors.py
[2024-07-12T01:51:51.688+0530] {logging_mixin.py:188} INFO - [2024-07-12T01:51:51.687+0530] {dag.py:3096} INFO - Sync 1 DAGs
[2024-07-12T01:51:51.720+0530] {logging_mixin.py:188} INFO - [2024-07-12T01:51:51.720+0530] {dag.py:3954} INFO - Setting next_dagrun for example_sensors to None, run_after=None
[2024-07-12T01:51:51.767+0530] {processor.py:183} INFO - Processing /home/kali/Desktop/projects/git/bank_data_processing/myenv/lib/python3.11/site-packages/airflow/example_dags/example_sensors.py took 0.182 seconds
[2024-07-12T01:52:21.868+0530] {processor.py:161} INFO - Started process (PID=40708) to work on /home/kali/Desktop/projects/git/bank_data_processing/myenv/lib/python3.11/site-packages/airflow/example_dags/example_sensors.py
[2024-07-12T01:52:21.872+0530] {processor.py:830} INFO - Processing file /home/kali/Desktop/projects/git/bank_data_processing/myenv/lib/python3.11/site-packages/airflow/example_dags/example_sensors.py for tasks to queue
[2024-07-12T01:52:21.874+0530] {logging_mixin.py:188} INFO - [2024-07-12T01:52:21.874+0530] {dagbag.py:545} INFO - Filling up the DagBag from /home/kali/Desktop/projects/git/bank_data_processing/myenv/lib/python3.11/site-packages/airflow/example_dags/example_sensors.py
[2024-07-12T01:52:21.883+0530] {processor.py:840} INFO - DAG(s) 'example_sensors' retrieved from /home/kali/Desktop/projects/git/bank_data_processing/myenv/lib/python3.11/site-packages/airflow/example_dags/example_sensors.py
[2024-07-12T01:52:21.905+0530] {logging_mixin.py:188} INFO - [2024-07-12T01:52:21.905+0530] {dag.py:3096} INFO - Sync 1 DAGs
[2024-07-12T01:52:21.916+0530] {logging_mixin.py:188} INFO - [2024-07-12T01:52:21.916+0530] {dag.py:3954} INFO - Setting next_dagrun for example_sensors to None, run_after=None
[2024-07-12T01:52:21.935+0530] {processor.py:183} INFO - Processing /home/kali/Desktop/projects/git/bank_data_processing/myenv/lib/python3.11/site-packages/airflow/example_dags/example_sensors.py took 0.075 seconds
