[2024-07-12T01:47:46.711+0530] {processor.py:161} INFO - Started process (PID=36573) to work on /home/kali/Desktop/projects/git/bank_data_processing/myenv/lib/python3.11/site-packages/airflow/example_dags/example_short_circuit_decorator.py
[2024-07-12T01:47:46.711+0530] {processor.py:830} INFO - Processing file /home/kali/Desktop/projects/git/bank_data_processing/myenv/lib/python3.11/site-packages/airflow/example_dags/example_short_circuit_decorator.py for tasks to queue
[2024-07-12T01:47:46.713+0530] {logging_mixin.py:188} INFO - [2024-07-12T01:47:46.712+0530] {dagbag.py:545} INFO - Filling up the DagBag from /home/kali/Desktop/projects/git/bank_data_processing/myenv/lib/python3.11/site-packages/airflow/example_dags/example_short_circuit_decorator.py
[2024-07-12T01:47:46.722+0530] {processor.py:840} INFO - DAG(s) 'example_short_circuit_decorator' retrieved from /home/kali/Desktop/projects/git/bank_data_processing/myenv/lib/python3.11/site-packages/airflow/example_dags/example_short_circuit_decorator.py
[2024-07-12T01:47:46.822+0530] {logging_mixin.py:188} INFO - [2024-07-12T01:47:46.822+0530] {dag.py:3096} INFO - Sync 1 DAGs
[2024-07-12T01:47:46.839+0530] {logging_mixin.py:188} INFO - [2024-07-12T01:47:46.839+0530] {dag.py:3954} INFO - Setting next_dagrun for example_short_circuit_decorator to 2024-07-10 00:00:00+00:00, run_after=2024-07-11 00:00:00+00:00
[2024-07-12T01:47:46.860+0530] {processor.py:183} INFO - Processing /home/kali/Desktop/projects/git/bank_data_processing/myenv/lib/python3.11/site-packages/airflow/example_dags/example_short_circuit_decorator.py took 0.155 seconds
[2024-07-12T01:48:17.714+0530] {processor.py:161} INFO - Started process (PID=37072) to work on /home/kali/Desktop/projects/git/bank_data_processing/myenv/lib/python3.11/site-packages/airflow/example_dags/example_short_circuit_decorator.py
[2024-07-12T01:48:17.715+0530] {processor.py:830} INFO - Processing file /home/kali/Desktop/projects/git/bank_data_processing/myenv/lib/python3.11/site-packages/airflow/example_dags/example_short_circuit_decorator.py for tasks to queue
[2024-07-12T01:48:17.717+0530] {logging_mixin.py:188} INFO - [2024-07-12T01:48:17.716+0530] {dagbag.py:545} INFO - Filling up the DagBag from /home/kali/Desktop/projects/git/bank_data_processing/myenv/lib/python3.11/site-packages/airflow/example_dags/example_short_circuit_decorator.py
[2024-07-12T01:48:17.726+0530] {processor.py:840} INFO - DAG(s) 'example_short_circuit_decorator' retrieved from /home/kali/Desktop/projects/git/bank_data_processing/myenv/lib/python3.11/site-packages/airflow/example_dags/example_short_circuit_decorator.py
[2024-07-12T01:48:17.753+0530] {logging_mixin.py:188} INFO - [2024-07-12T01:48:17.752+0530] {dag.py:3096} INFO - Sync 1 DAGs
[2024-07-12T01:48:17.788+0530] {logging_mixin.py:188} INFO - [2024-07-12T01:48:17.787+0530] {dag.py:3954} INFO - Setting next_dagrun for example_short_circuit_decorator to 2024-07-10 00:00:00+00:00, run_after=2024-07-11 00:00:00+00:00
[2024-07-12T01:48:17.813+0530] {processor.py:183} INFO - Processing /home/kali/Desktop/projects/git/bank_data_processing/myenv/lib/python3.11/site-packages/airflow/example_dags/example_short_circuit_decorator.py took 0.106 seconds
[2024-07-12T01:48:48.532+0530] {processor.py:161} INFO - Started process (PID=37455) to work on /home/kali/Desktop/projects/git/bank_data_processing/myenv/lib/python3.11/site-packages/airflow/example_dags/example_short_circuit_decorator.py
[2024-07-12T01:48:48.533+0530] {processor.py:830} INFO - Processing file /home/kali/Desktop/projects/git/bank_data_processing/myenv/lib/python3.11/site-packages/airflow/example_dags/example_short_circuit_decorator.py for tasks to queue
[2024-07-12T01:48:48.535+0530] {logging_mixin.py:188} INFO - [2024-07-12T01:48:48.535+0530] {dagbag.py:545} INFO - Filling up the DagBag from /home/kali/Desktop/projects/git/bank_data_processing/myenv/lib/python3.11/site-packages/airflow/example_dags/example_short_circuit_decorator.py
[2024-07-12T01:48:48.545+0530] {processor.py:840} INFO - DAG(s) 'example_short_circuit_decorator' retrieved from /home/kali/Desktop/projects/git/bank_data_processing/myenv/lib/python3.11/site-packages/airflow/example_dags/example_short_circuit_decorator.py
[2024-07-12T01:48:48.565+0530] {logging_mixin.py:188} INFO - [2024-07-12T01:48:48.565+0530] {dag.py:3096} INFO - Sync 1 DAGs
[2024-07-12T01:48:48.592+0530] {logging_mixin.py:188} INFO - [2024-07-12T01:48:48.591+0530] {dag.py:3954} INFO - Setting next_dagrun for example_short_circuit_decorator to 2024-07-10 00:00:00+00:00, run_after=2024-07-11 00:00:00+00:00
[2024-07-12T01:48:48.624+0530] {processor.py:183} INFO - Processing /home/kali/Desktop/projects/git/bank_data_processing/myenv/lib/python3.11/site-packages/airflow/example_dags/example_short_circuit_decorator.py took 0.097 seconds
[2024-07-12T01:49:19.628+0530] {processor.py:161} INFO - Started process (PID=37929) to work on /home/kali/Desktop/projects/git/bank_data_processing/myenv/lib/python3.11/site-packages/airflow/example_dags/example_short_circuit_decorator.py
[2024-07-12T01:49:19.631+0530] {processor.py:830} INFO - Processing file /home/kali/Desktop/projects/git/bank_data_processing/myenv/lib/python3.11/site-packages/airflow/example_dags/example_short_circuit_decorator.py for tasks to queue
[2024-07-12T01:49:19.635+0530] {logging_mixin.py:188} INFO - [2024-07-12T01:49:19.633+0530] {dagbag.py:545} INFO - Filling up the DagBag from /home/kali/Desktop/projects/git/bank_data_processing/myenv/lib/python3.11/site-packages/airflow/example_dags/example_short_circuit_decorator.py
[2024-07-12T01:49:19.649+0530] {processor.py:840} INFO - DAG(s) 'example_short_circuit_decorator' retrieved from /home/kali/Desktop/projects/git/bank_data_processing/myenv/lib/python3.11/site-packages/airflow/example_dags/example_short_circuit_decorator.py
[2024-07-12T01:49:19.681+0530] {logging_mixin.py:188} INFO - [2024-07-12T01:49:19.680+0530] {dag.py:3096} INFO - Sync 1 DAGs
[2024-07-12T01:49:19.707+0530] {logging_mixin.py:188} INFO - [2024-07-12T01:49:19.707+0530] {dag.py:3954} INFO - Setting next_dagrun for example_short_circuit_decorator to 2024-07-10 00:00:00+00:00, run_after=2024-07-11 00:00:00+00:00
[2024-07-12T01:49:19.731+0530] {processor.py:183} INFO - Processing /home/kali/Desktop/projects/git/bank_data_processing/myenv/lib/python3.11/site-packages/airflow/example_dags/example_short_circuit_decorator.py took 0.111 seconds
[2024-07-12T01:49:50.495+0530] {processor.py:161} INFO - Started process (PID=38257) to work on /home/kali/Desktop/projects/git/bank_data_processing/myenv/lib/python3.11/site-packages/airflow/example_dags/example_short_circuit_decorator.py
[2024-07-12T01:49:50.496+0530] {processor.py:830} INFO - Processing file /home/kali/Desktop/projects/git/bank_data_processing/myenv/lib/python3.11/site-packages/airflow/example_dags/example_short_circuit_decorator.py for tasks to queue
[2024-07-12T01:49:50.497+0530] {logging_mixin.py:188} INFO - [2024-07-12T01:49:50.497+0530] {dagbag.py:545} INFO - Filling up the DagBag from /home/kali/Desktop/projects/git/bank_data_processing/myenv/lib/python3.11/site-packages/airflow/example_dags/example_short_circuit_decorator.py
[2024-07-12T01:49:50.507+0530] {processor.py:840} INFO - DAG(s) 'example_short_circuit_decorator' retrieved from /home/kali/Desktop/projects/git/bank_data_processing/myenv/lib/python3.11/site-packages/airflow/example_dags/example_short_circuit_decorator.py
[2024-07-12T01:49:50.526+0530] {logging_mixin.py:188} INFO - [2024-07-12T01:49:50.526+0530] {dag.py:3096} INFO - Sync 1 DAGs
[2024-07-12T01:49:50.546+0530] {logging_mixin.py:188} INFO - [2024-07-12T01:49:50.546+0530] {dag.py:3954} INFO - Setting next_dagrun for example_short_circuit_decorator to 2024-07-10 00:00:00+00:00, run_after=2024-07-11 00:00:00+00:00
[2024-07-12T01:49:50.567+0530] {processor.py:183} INFO - Processing /home/kali/Desktop/projects/git/bank_data_processing/myenv/lib/python3.11/site-packages/airflow/example_dags/example_short_circuit_decorator.py took 0.078 seconds
[2024-07-12T01:50:21.066+0530] {processor.py:161} INFO - Started process (PID=38622) to work on /home/kali/Desktop/projects/git/bank_data_processing/myenv/lib/python3.11/site-packages/airflow/example_dags/example_short_circuit_decorator.py
[2024-07-12T01:50:21.067+0530] {processor.py:830} INFO - Processing file /home/kali/Desktop/projects/git/bank_data_processing/myenv/lib/python3.11/site-packages/airflow/example_dags/example_short_circuit_decorator.py for tasks to queue
[2024-07-12T01:50:21.069+0530] {logging_mixin.py:188} INFO - [2024-07-12T01:50:21.068+0530] {dagbag.py:545} INFO - Filling up the DagBag from /home/kali/Desktop/projects/git/bank_data_processing/myenv/lib/python3.11/site-packages/airflow/example_dags/example_short_circuit_decorator.py
[2024-07-12T01:50:21.080+0530] {processor.py:840} INFO - DAG(s) 'example_short_circuit_decorator' retrieved from /home/kali/Desktop/projects/git/bank_data_processing/myenv/lib/python3.11/site-packages/airflow/example_dags/example_short_circuit_decorator.py
[2024-07-12T01:50:21.107+0530] {logging_mixin.py:188} INFO - [2024-07-12T01:50:21.106+0530] {dag.py:3096} INFO - Sync 1 DAGs
[2024-07-12T01:50:21.131+0530] {logging_mixin.py:188} INFO - [2024-07-12T01:50:21.131+0530] {dag.py:3954} INFO - Setting next_dagrun for example_short_circuit_decorator to 2024-07-10 00:00:00+00:00, run_after=2024-07-11 00:00:00+00:00
[2024-07-12T01:50:21.154+0530] {processor.py:183} INFO - Processing /home/kali/Desktop/projects/git/bank_data_processing/myenv/lib/python3.11/site-packages/airflow/example_dags/example_short_circuit_decorator.py took 0.099 seconds
[2024-07-12T01:50:51.318+0530] {processor.py:161} INFO - Started process (PID=39038) to work on /home/kali/Desktop/projects/git/bank_data_processing/myenv/lib/python3.11/site-packages/airflow/example_dags/example_short_circuit_decorator.py
[2024-07-12T01:50:51.320+0530] {processor.py:830} INFO - Processing file /home/kali/Desktop/projects/git/bank_data_processing/myenv/lib/python3.11/site-packages/airflow/example_dags/example_short_circuit_decorator.py for tasks to queue
[2024-07-12T01:50:51.321+0530] {logging_mixin.py:188} INFO - [2024-07-12T01:50:51.321+0530] {dagbag.py:545} INFO - Filling up the DagBag from /home/kali/Desktop/projects/git/bank_data_processing/myenv/lib/python3.11/site-packages/airflow/example_dags/example_short_circuit_decorator.py
[2024-07-12T01:50:51.331+0530] {processor.py:840} INFO - DAG(s) 'example_short_circuit_decorator' retrieved from /home/kali/Desktop/projects/git/bank_data_processing/myenv/lib/python3.11/site-packages/airflow/example_dags/example_short_circuit_decorator.py
[2024-07-12T01:50:51.353+0530] {logging_mixin.py:188} INFO - [2024-07-12T01:50:51.353+0530] {dag.py:3096} INFO - Sync 1 DAGs
[2024-07-12T01:50:51.374+0530] {logging_mixin.py:188} INFO - [2024-07-12T01:50:51.374+0530] {dag.py:3954} INFO - Setting next_dagrun for example_short_circuit_decorator to 2024-07-10 00:00:00+00:00, run_after=2024-07-11 00:00:00+00:00
[2024-07-12T01:50:51.394+0530] {processor.py:183} INFO - Processing /home/kali/Desktop/projects/git/bank_data_processing/myenv/lib/python3.11/site-packages/airflow/example_dags/example_short_circuit_decorator.py took 0.083 seconds
[2024-07-12T01:51:21.469+0530] {processor.py:161} INFO - Started process (PID=39456) to work on /home/kali/Desktop/projects/git/bank_data_processing/myenv/lib/python3.11/site-packages/airflow/example_dags/example_short_circuit_decorator.py
[2024-07-12T01:51:21.470+0530] {processor.py:830} INFO - Processing file /home/kali/Desktop/projects/git/bank_data_processing/myenv/lib/python3.11/site-packages/airflow/example_dags/example_short_circuit_decorator.py for tasks to queue
[2024-07-12T01:51:21.471+0530] {logging_mixin.py:188} INFO - [2024-07-12T01:51:21.471+0530] {dagbag.py:545} INFO - Filling up the DagBag from /home/kali/Desktop/projects/git/bank_data_processing/myenv/lib/python3.11/site-packages/airflow/example_dags/example_short_circuit_decorator.py
[2024-07-12T01:51:21.481+0530] {processor.py:840} INFO - DAG(s) 'example_short_circuit_decorator' retrieved from /home/kali/Desktop/projects/git/bank_data_processing/myenv/lib/python3.11/site-packages/airflow/example_dags/example_short_circuit_decorator.py
[2024-07-12T01:51:21.501+0530] {logging_mixin.py:188} INFO - [2024-07-12T01:51:21.501+0530] {dag.py:3096} INFO - Sync 1 DAGs
[2024-07-12T01:51:21.523+0530] {logging_mixin.py:188} INFO - [2024-07-12T01:51:21.523+0530] {dag.py:3954} INFO - Setting next_dagrun for example_short_circuit_decorator to 2024-07-10 00:00:00+00:00, run_after=2024-07-11 00:00:00+00:00
[2024-07-12T01:51:21.547+0530] {processor.py:183} INFO - Processing /home/kali/Desktop/projects/git/bank_data_processing/myenv/lib/python3.11/site-packages/airflow/example_dags/example_short_circuit_decorator.py took 0.085 seconds
[2024-07-12T01:51:52.058+0530] {processor.py:161} INFO - Started process (PID=40044) to work on /home/kali/Desktop/projects/git/bank_data_processing/myenv/lib/python3.11/site-packages/airflow/example_dags/example_short_circuit_decorator.py
[2024-07-12T01:51:52.061+0530] {processor.py:830} INFO - Processing file /home/kali/Desktop/projects/git/bank_data_processing/myenv/lib/python3.11/site-packages/airflow/example_dags/example_short_circuit_decorator.py for tasks to queue
[2024-07-12T01:51:52.066+0530] {logging_mixin.py:188} INFO - [2024-07-12T01:51:52.066+0530] {dagbag.py:545} INFO - Filling up the DagBag from /home/kali/Desktop/projects/git/bank_data_processing/myenv/lib/python3.11/site-packages/airflow/example_dags/example_short_circuit_decorator.py
[2024-07-12T01:51:52.090+0530] {processor.py:840} INFO - DAG(s) 'example_short_circuit_decorator' retrieved from /home/kali/Desktop/projects/git/bank_data_processing/myenv/lib/python3.11/site-packages/airflow/example_dags/example_short_circuit_decorator.py
[2024-07-12T01:51:52.141+0530] {logging_mixin.py:188} INFO - [2024-07-12T01:51:52.141+0530] {dag.py:3096} INFO - Sync 1 DAGs
[2024-07-12T01:51:52.195+0530] {logging_mixin.py:188} INFO - [2024-07-12T01:51:52.194+0530] {dag.py:3954} INFO - Setting next_dagrun for example_short_circuit_decorator to 2024-07-10 00:00:00+00:00, run_after=2024-07-11 00:00:00+00:00
[2024-07-12T01:51:52.242+0530] {processor.py:183} INFO - Processing /home/kali/Desktop/projects/git/bank_data_processing/myenv/lib/python3.11/site-packages/airflow/example_dags/example_short_circuit_decorator.py took 0.202 seconds
[2024-07-12T01:52:23.040+0530] {processor.py:161} INFO - Started process (PID=40738) to work on /home/kali/Desktop/projects/git/bank_data_processing/myenv/lib/python3.11/site-packages/airflow/example_dags/example_short_circuit_decorator.py
[2024-07-12T01:52:23.041+0530] {processor.py:830} INFO - Processing file /home/kali/Desktop/projects/git/bank_data_processing/myenv/lib/python3.11/site-packages/airflow/example_dags/example_short_circuit_decorator.py for tasks to queue
[2024-07-12T01:52:23.042+0530] {logging_mixin.py:188} INFO - [2024-07-12T01:52:23.042+0530] {dagbag.py:545} INFO - Filling up the DagBag from /home/kali/Desktop/projects/git/bank_data_processing/myenv/lib/python3.11/site-packages/airflow/example_dags/example_short_circuit_decorator.py
[2024-07-12T01:52:23.051+0530] {processor.py:840} INFO - DAG(s) 'example_short_circuit_decorator' retrieved from /home/kali/Desktop/projects/git/bank_data_processing/myenv/lib/python3.11/site-packages/airflow/example_dags/example_short_circuit_decorator.py
[2024-07-12T01:52:23.071+0530] {logging_mixin.py:188} INFO - [2024-07-12T01:52:23.071+0530] {dag.py:3096} INFO - Sync 1 DAGs
[2024-07-12T01:52:23.091+0530] {logging_mixin.py:188} INFO - [2024-07-12T01:52:23.090+0530] {dag.py:3954} INFO - Setting next_dagrun for example_short_circuit_decorator to 2024-07-10 00:00:00+00:00, run_after=2024-07-11 00:00:00+00:00
[2024-07-12T01:52:23.111+0530] {processor.py:183} INFO - Processing /home/kali/Desktop/projects/git/bank_data_processing/myenv/lib/python3.11/site-packages/airflow/example_dags/example_short_circuit_decorator.py took 0.079 seconds
