[2024-07-12T01:47:47.061+0530] {processor.py:161} INFO - Started process (PID=36578) to work on /home/kali/Desktop/projects/git/bank_data_processing/myenv/lib/python3.11/site-packages/airflow/example_dags/example_branch_operator.py
[2024-07-12T01:47:47.062+0530] {processor.py:830} INFO - Processing file /home/kali/Desktop/projects/git/bank_data_processing/myenv/lib/python3.11/site-packages/airflow/example_dags/example_branch_operator.py for tasks to queue
[2024-07-12T01:47:47.064+0530] {logging_mixin.py:188} INFO - [2024-07-12T01:47:47.063+0530] {dagbag.py:545} INFO - Filling up the DagBag from /home/kali/Desktop/projects/git/bank_data_processing/myenv/lib/python3.11/site-packages/airflow/example_dags/example_branch_operator.py
[2024-07-12T01:47:47.081+0530] {processor.py:840} INFO - DAG(s) 'example_branch_operator' retrieved from /home/kali/Desktop/projects/git/bank_data_processing/myenv/lib/python3.11/site-packages/airflow/example_dags/example_branch_operator.py
[2024-07-12T01:47:47.199+0530] {logging_mixin.py:188} INFO - [2024-07-12T01:47:47.199+0530] {dag.py:3096} INFO - Sync 1 DAGs
[2024-07-12T01:47:47.218+0530] {logging_mixin.py:188} INFO - [2024-07-12T01:47:47.218+0530] {dag.py:3954} INFO - Setting next_dagrun for example_branch_operator to 2024-07-10 00:00:00+00:00, run_after=2024-07-11 00:00:00+00:00
[2024-07-12T01:47:47.240+0530] {processor.py:183} INFO - Processing /home/kali/Desktop/projects/git/bank_data_processing/myenv/lib/python3.11/site-packages/airflow/example_dags/example_branch_operator.py took 0.184 seconds
[2024-07-12T01:48:17.930+0530] {processor.py:161} INFO - Started process (PID=37077) to work on /home/kali/Desktop/projects/git/bank_data_processing/myenv/lib/python3.11/site-packages/airflow/example_dags/example_branch_operator.py
[2024-07-12T01:48:17.931+0530] {processor.py:830} INFO - Processing file /home/kali/Desktop/projects/git/bank_data_processing/myenv/lib/python3.11/site-packages/airflow/example_dags/example_branch_operator.py for tasks to queue
[2024-07-12T01:48:17.933+0530] {logging_mixin.py:188} INFO - [2024-07-12T01:48:17.932+0530] {dagbag.py:545} INFO - Filling up the DagBag from /home/kali/Desktop/projects/git/bank_data_processing/myenv/lib/python3.11/site-packages/airflow/example_dags/example_branch_operator.py
[2024-07-12T01:48:17.950+0530] {processor.py:840} INFO - DAG(s) 'example_branch_operator' retrieved from /home/kali/Desktop/projects/git/bank_data_processing/myenv/lib/python3.11/site-packages/airflow/example_dags/example_branch_operator.py
[2024-07-12T01:48:17.974+0530] {logging_mixin.py:188} INFO - [2024-07-12T01:48:17.974+0530] {dag.py:3096} INFO - Sync 1 DAGs
[2024-07-12T01:48:17.998+0530] {logging_mixin.py:188} INFO - [2024-07-12T01:48:17.997+0530] {dag.py:3954} INFO - Setting next_dagrun for example_branch_operator to 2024-07-10 00:00:00+00:00, run_after=2024-07-11 00:00:00+00:00
[2024-07-12T01:48:18.020+0530] {processor.py:183} INFO - Processing /home/kali/Desktop/projects/git/bank_data_processing/myenv/lib/python3.11/site-packages/airflow/example_dags/example_branch_operator.py took 0.095 seconds
[2024-07-12T01:48:48.745+0530] {processor.py:161} INFO - Started process (PID=37460) to work on /home/kali/Desktop/projects/git/bank_data_processing/myenv/lib/python3.11/site-packages/airflow/example_dags/example_branch_operator.py
[2024-07-12T01:48:48.746+0530] {processor.py:830} INFO - Processing file /home/kali/Desktop/projects/git/bank_data_processing/myenv/lib/python3.11/site-packages/airflow/example_dags/example_branch_operator.py for tasks to queue
[2024-07-12T01:48:48.748+0530] {logging_mixin.py:188} INFO - [2024-07-12T01:48:48.748+0530] {dagbag.py:545} INFO - Filling up the DagBag from /home/kali/Desktop/projects/git/bank_data_processing/myenv/lib/python3.11/site-packages/airflow/example_dags/example_branch_operator.py
[2024-07-12T01:48:48.764+0530] {processor.py:840} INFO - DAG(s) 'example_branch_operator' retrieved from /home/kali/Desktop/projects/git/bank_data_processing/myenv/lib/python3.11/site-packages/airflow/example_dags/example_branch_operator.py
[2024-07-12T01:48:48.792+0530] {logging_mixin.py:188} INFO - [2024-07-12T01:48:48.791+0530] {dag.py:3096} INFO - Sync 1 DAGs
[2024-07-12T01:48:48.814+0530] {logging_mixin.py:188} INFO - [2024-07-12T01:48:48.814+0530] {dag.py:3954} INFO - Setting next_dagrun for example_branch_operator to 2024-07-10 00:00:00+00:00, run_after=2024-07-11 00:00:00+00:00
[2024-07-12T01:48:48.846+0530] {processor.py:183} INFO - Processing /home/kali/Desktop/projects/git/bank_data_processing/myenv/lib/python3.11/site-packages/airflow/example_dags/example_branch_operator.py took 0.106 seconds
[2024-07-12T01:49:19.874+0530] {processor.py:161} INFO - Started process (PID=37934) to work on /home/kali/Desktop/projects/git/bank_data_processing/myenv/lib/python3.11/site-packages/airflow/example_dags/example_branch_operator.py
[2024-07-12T01:49:19.875+0530] {processor.py:830} INFO - Processing file /home/kali/Desktop/projects/git/bank_data_processing/myenv/lib/python3.11/site-packages/airflow/example_dags/example_branch_operator.py for tasks to queue
[2024-07-12T01:49:19.876+0530] {logging_mixin.py:188} INFO - [2024-07-12T01:49:19.876+0530] {dagbag.py:545} INFO - Filling up the DagBag from /home/kali/Desktop/projects/git/bank_data_processing/myenv/lib/python3.11/site-packages/airflow/example_dags/example_branch_operator.py
[2024-07-12T01:49:19.895+0530] {processor.py:840} INFO - DAG(s) 'example_branch_operator' retrieved from /home/kali/Desktop/projects/git/bank_data_processing/myenv/lib/python3.11/site-packages/airflow/example_dags/example_branch_operator.py
[2024-07-12T01:49:19.922+0530] {logging_mixin.py:188} INFO - [2024-07-12T01:49:19.922+0530] {dag.py:3096} INFO - Sync 1 DAGs
[2024-07-12T01:49:19.945+0530] {logging_mixin.py:188} INFO - [2024-07-12T01:49:19.945+0530] {dag.py:3954} INFO - Setting next_dagrun for example_branch_operator to 2024-07-10 00:00:00+00:00, run_after=2024-07-11 00:00:00+00:00
[2024-07-12T01:49:19.968+0530] {processor.py:183} INFO - Processing /home/kali/Desktop/projects/git/bank_data_processing/myenv/lib/python3.11/site-packages/airflow/example_dags/example_branch_operator.py took 0.101 seconds
[2024-07-12T01:49:50.769+0530] {processor.py:161} INFO - Started process (PID=38262) to work on /home/kali/Desktop/projects/git/bank_data_processing/myenv/lib/python3.11/site-packages/airflow/example_dags/example_branch_operator.py
[2024-07-12T01:49:50.770+0530] {processor.py:830} INFO - Processing file /home/kali/Desktop/projects/git/bank_data_processing/myenv/lib/python3.11/site-packages/airflow/example_dags/example_branch_operator.py for tasks to queue
[2024-07-12T01:49:50.771+0530] {logging_mixin.py:188} INFO - [2024-07-12T01:49:50.771+0530] {dagbag.py:545} INFO - Filling up the DagBag from /home/kali/Desktop/projects/git/bank_data_processing/myenv/lib/python3.11/site-packages/airflow/example_dags/example_branch_operator.py
[2024-07-12T01:49:50.790+0530] {processor.py:840} INFO - DAG(s) 'example_branch_operator' retrieved from /home/kali/Desktop/projects/git/bank_data_processing/myenv/lib/python3.11/site-packages/airflow/example_dags/example_branch_operator.py
[2024-07-12T01:49:50.817+0530] {logging_mixin.py:188} INFO - [2024-07-12T01:49:50.816+0530] {dag.py:3096} INFO - Sync 1 DAGs
[2024-07-12T01:49:50.836+0530] {logging_mixin.py:188} INFO - [2024-07-12T01:49:50.836+0530] {dag.py:3954} INFO - Setting next_dagrun for example_branch_operator to 2024-07-10 00:00:00+00:00, run_after=2024-07-11 00:00:00+00:00
[2024-07-12T01:49:50.858+0530] {processor.py:183} INFO - Processing /home/kali/Desktop/projects/git/bank_data_processing/myenv/lib/python3.11/site-packages/airflow/example_dags/example_branch_operator.py took 0.096 seconds
[2024-07-12T01:50:21.296+0530] {processor.py:161} INFO - Started process (PID=38627) to work on /home/kali/Desktop/projects/git/bank_data_processing/myenv/lib/python3.11/site-packages/airflow/example_dags/example_branch_operator.py
[2024-07-12T01:50:21.297+0530] {processor.py:830} INFO - Processing file /home/kali/Desktop/projects/git/bank_data_processing/myenv/lib/python3.11/site-packages/airflow/example_dags/example_branch_operator.py for tasks to queue
[2024-07-12T01:50:21.299+0530] {logging_mixin.py:188} INFO - [2024-07-12T01:50:21.298+0530] {dagbag.py:545} INFO - Filling up the DagBag from /home/kali/Desktop/projects/git/bank_data_processing/myenv/lib/python3.11/site-packages/airflow/example_dags/example_branch_operator.py
[2024-07-12T01:50:21.320+0530] {processor.py:840} INFO - DAG(s) 'example_branch_operator' retrieved from /home/kali/Desktop/projects/git/bank_data_processing/myenv/lib/python3.11/site-packages/airflow/example_dags/example_branch_operator.py
[2024-07-12T01:50:21.351+0530] {logging_mixin.py:188} INFO - [2024-07-12T01:50:21.351+0530] {dag.py:3096} INFO - Sync 1 DAGs
[2024-07-12T01:50:21.377+0530] {logging_mixin.py:188} INFO - [2024-07-12T01:50:21.377+0530] {dag.py:3954} INFO - Setting next_dagrun for example_branch_operator to 2024-07-10 00:00:00+00:00, run_after=2024-07-11 00:00:00+00:00
[2024-07-12T01:50:21.411+0530] {processor.py:183} INFO - Processing /home/kali/Desktop/projects/git/bank_data_processing/myenv/lib/python3.11/site-packages/airflow/example_dags/example_branch_operator.py took 0.123 seconds
[2024-07-12T01:50:51.641+0530] {processor.py:161} INFO - Started process (PID=39066) to work on /home/kali/Desktop/projects/git/bank_data_processing/myenv/lib/python3.11/site-packages/airflow/example_dags/example_branch_operator.py
[2024-07-12T01:50:51.642+0530] {processor.py:830} INFO - Processing file /home/kali/Desktop/projects/git/bank_data_processing/myenv/lib/python3.11/site-packages/airflow/example_dags/example_branch_operator.py for tasks to queue
[2024-07-12T01:50:51.643+0530] {logging_mixin.py:188} INFO - [2024-07-12T01:50:51.643+0530] {dagbag.py:545} INFO - Filling up the DagBag from /home/kali/Desktop/projects/git/bank_data_processing/myenv/lib/python3.11/site-packages/airflow/example_dags/example_branch_operator.py
[2024-07-12T01:50:51.660+0530] {processor.py:840} INFO - DAG(s) 'example_branch_operator' retrieved from /home/kali/Desktop/projects/git/bank_data_processing/myenv/lib/python3.11/site-packages/airflow/example_dags/example_branch_operator.py
[2024-07-12T01:50:51.685+0530] {logging_mixin.py:188} INFO - [2024-07-12T01:50:51.685+0530] {dag.py:3096} INFO - Sync 1 DAGs
[2024-07-12T01:50:51.706+0530] {logging_mixin.py:188} INFO - [2024-07-12T01:50:51.705+0530] {dag.py:3954} INFO - Setting next_dagrun for example_branch_operator to 2024-07-10 00:00:00+00:00, run_after=2024-07-11 00:00:00+00:00
[2024-07-12T01:50:51.724+0530] {processor.py:183} INFO - Processing /home/kali/Desktop/projects/git/bank_data_processing/myenv/lib/python3.11/site-packages/airflow/example_dags/example_branch_operator.py took 0.090 seconds
[2024-07-12T01:51:21.816+0530] {processor.py:161} INFO - Started process (PID=39473) to work on /home/kali/Desktop/projects/git/bank_data_processing/myenv/lib/python3.11/site-packages/airflow/example_dags/example_branch_operator.py
[2024-07-12T01:51:21.817+0530] {processor.py:830} INFO - Processing file /home/kali/Desktop/projects/git/bank_data_processing/myenv/lib/python3.11/site-packages/airflow/example_dags/example_branch_operator.py for tasks to queue
[2024-07-12T01:51:21.818+0530] {logging_mixin.py:188} INFO - [2024-07-12T01:51:21.818+0530] {dagbag.py:545} INFO - Filling up the DagBag from /home/kali/Desktop/projects/git/bank_data_processing/myenv/lib/python3.11/site-packages/airflow/example_dags/example_branch_operator.py
[2024-07-12T01:51:21.839+0530] {processor.py:840} INFO - DAG(s) 'example_branch_operator' retrieved from /home/kali/Desktop/projects/git/bank_data_processing/myenv/lib/python3.11/site-packages/airflow/example_dags/example_branch_operator.py
[2024-07-12T01:51:21.879+0530] {logging_mixin.py:188} INFO - [2024-07-12T01:51:21.878+0530] {dag.py:3096} INFO - Sync 1 DAGs
[2024-07-12T01:51:21.900+0530] {logging_mixin.py:188} INFO - [2024-07-12T01:51:21.900+0530] {dag.py:3954} INFO - Setting next_dagrun for example_branch_operator to 2024-07-10 00:00:00+00:00, run_after=2024-07-11 00:00:00+00:00
[2024-07-12T01:51:21.922+0530] {processor.py:183} INFO - Processing /home/kali/Desktop/projects/git/bank_data_processing/myenv/lib/python3.11/site-packages/airflow/example_dags/example_branch_operator.py took 0.116 seconds
[2024-07-12T01:51:52.573+0530] {processor.py:161} INFO - Started process (PID=40055) to work on /home/kali/Desktop/projects/git/bank_data_processing/myenv/lib/python3.11/site-packages/airflow/example_dags/example_branch_operator.py
[2024-07-12T01:51:52.574+0530] {processor.py:830} INFO - Processing file /home/kali/Desktop/projects/git/bank_data_processing/myenv/lib/python3.11/site-packages/airflow/example_dags/example_branch_operator.py for tasks to queue
[2024-07-12T01:51:52.580+0530] {logging_mixin.py:188} INFO - [2024-07-12T01:51:52.580+0530] {dagbag.py:545} INFO - Filling up the DagBag from /home/kali/Desktop/projects/git/bank_data_processing/myenv/lib/python3.11/site-packages/airflow/example_dags/example_branch_operator.py
[2024-07-12T01:51:52.616+0530] {processor.py:840} INFO - DAG(s) 'example_branch_operator' retrieved from /home/kali/Desktop/projects/git/bank_data_processing/myenv/lib/python3.11/site-packages/airflow/example_dags/example_branch_operator.py
[2024-07-12T01:51:52.669+0530] {logging_mixin.py:188} INFO - [2024-07-12T01:51:52.669+0530] {dag.py:3096} INFO - Sync 1 DAGs
[2024-07-12T01:51:52.721+0530] {logging_mixin.py:188} INFO - [2024-07-12T01:51:52.721+0530] {dag.py:3954} INFO - Setting next_dagrun for example_branch_operator to 2024-07-10 00:00:00+00:00, run_after=2024-07-11 00:00:00+00:00
[2024-07-12T01:51:52.759+0530] {processor.py:183} INFO - Processing /home/kali/Desktop/projects/git/bank_data_processing/myenv/lib/python3.11/site-packages/airflow/example_dags/example_branch_operator.py took 0.207 seconds
[2024-07-12T01:52:23.325+0530] {processor.py:161} INFO - Started process (PID=40743) to work on /home/kali/Desktop/projects/git/bank_data_processing/myenv/lib/python3.11/site-packages/airflow/example_dags/example_branch_operator.py
[2024-07-12T01:52:23.325+0530] {processor.py:830} INFO - Processing file /home/kali/Desktop/projects/git/bank_data_processing/myenv/lib/python3.11/site-packages/airflow/example_dags/example_branch_operator.py for tasks to queue
[2024-07-12T01:52:23.327+0530] {logging_mixin.py:188} INFO - [2024-07-12T01:52:23.327+0530] {dagbag.py:545} INFO - Filling up the DagBag from /home/kali/Desktop/projects/git/bank_data_processing/myenv/lib/python3.11/site-packages/airflow/example_dags/example_branch_operator.py
[2024-07-12T01:52:23.343+0530] {processor.py:840} INFO - DAG(s) 'example_branch_operator' retrieved from /home/kali/Desktop/projects/git/bank_data_processing/myenv/lib/python3.11/site-packages/airflow/example_dags/example_branch_operator.py
[2024-07-12T01:52:23.367+0530] {logging_mixin.py:188} INFO - [2024-07-12T01:52:23.367+0530] {dag.py:3096} INFO - Sync 1 DAGs
[2024-07-12T01:52:23.386+0530] {logging_mixin.py:188} INFO - [2024-07-12T01:52:23.386+0530] {dag.py:3954} INFO - Setting next_dagrun for example_branch_operator to 2024-07-10 00:00:00+00:00, run_after=2024-07-11 00:00:00+00:00
[2024-07-12T01:52:23.406+0530] {processor.py:183} INFO - Processing /home/kali/Desktop/projects/git/bank_data_processing/myenv/lib/python3.11/site-packages/airflow/example_dags/example_branch_operator.py took 0.089 seconds
[2024-07-12T01:52:53.523+0530] {processor.py:161} INFO - Started process (PID=41356) to work on /home/kali/Desktop/projects/git/bank_data_processing/myenv/lib/python3.11/site-packages/airflow/example_dags/example_branch_operator.py
[2024-07-12T01:52:53.524+0530] {processor.py:830} INFO - Processing file /home/kali/Desktop/projects/git/bank_data_processing/myenv/lib/python3.11/site-packages/airflow/example_dags/example_branch_operator.py for tasks to queue
[2024-07-12T01:52:53.525+0530] {logging_mixin.py:188} INFO - [2024-07-12T01:52:53.525+0530] {dagbag.py:545} INFO - Filling up the DagBag from /home/kali/Desktop/projects/git/bank_data_processing/myenv/lib/python3.11/site-packages/airflow/example_dags/example_branch_operator.py
[2024-07-12T01:52:53.542+0530] {processor.py:840} INFO - DAG(s) 'example_branch_operator' retrieved from /home/kali/Desktop/projects/git/bank_data_processing/myenv/lib/python3.11/site-packages/airflow/example_dags/example_branch_operator.py
[2024-07-12T01:52:53.566+0530] {logging_mixin.py:188} INFO - [2024-07-12T01:52:53.566+0530] {dag.py:3096} INFO - Sync 1 DAGs
[2024-07-12T01:52:53.587+0530] {logging_mixin.py:188} INFO - [2024-07-12T01:52:53.586+0530] {dag.py:3954} INFO - Setting next_dagrun for example_branch_operator to 2024-07-10 00:00:00+00:00, run_after=2024-07-11 00:00:00+00:00
[2024-07-12T01:52:53.606+0530] {processor.py:183} INFO - Processing /home/kali/Desktop/projects/git/bank_data_processing/myenv/lib/python3.11/site-packages/airflow/example_dags/example_branch_operator.py took 0.092 seconds
[2024-07-12T01:53:23.826+0530] {processor.py:161} INFO - Started process (PID=42000) to work on /home/kali/Desktop/projects/git/bank_data_processing/myenv/lib/python3.11/site-packages/airflow/example_dags/example_branch_operator.py
[2024-07-12T01:53:23.827+0530] {processor.py:830} INFO - Processing file /home/kali/Desktop/projects/git/bank_data_processing/myenv/lib/python3.11/site-packages/airflow/example_dags/example_branch_operator.py for tasks to queue
[2024-07-12T01:53:23.829+0530] {logging_mixin.py:188} INFO - [2024-07-12T01:53:23.828+0530] {dagbag.py:545} INFO - Filling up the DagBag from /home/kali/Desktop/projects/git/bank_data_processing/myenv/lib/python3.11/site-packages/airflow/example_dags/example_branch_operator.py
[2024-07-12T01:53:23.845+0530] {processor.py:840} INFO - DAG(s) 'example_branch_operator' retrieved from /home/kali/Desktop/projects/git/bank_data_processing/myenv/lib/python3.11/site-packages/airflow/example_dags/example_branch_operator.py
[2024-07-12T01:53:23.871+0530] {logging_mixin.py:188} INFO - [2024-07-12T01:53:23.870+0530] {dag.py:3096} INFO - Sync 1 DAGs
[2024-07-12T01:53:23.890+0530] {logging_mixin.py:188} INFO - [2024-07-12T01:53:23.890+0530] {dag.py:3954} INFO - Setting next_dagrun for example_branch_operator to 2024-07-10 00:00:00+00:00, run_after=2024-07-11 00:00:00+00:00
[2024-07-12T01:53:23.909+0530] {processor.py:183} INFO - Processing /home/kali/Desktop/projects/git/bank_data_processing/myenv/lib/python3.11/site-packages/airflow/example_dags/example_branch_operator.py took 0.092 seconds
[2024-07-12T01:53:54.233+0530] {processor.py:161} INFO - Started process (PID=42729) to work on /home/kali/Desktop/projects/git/bank_data_processing/myenv/lib/python3.11/site-packages/airflow/example_dags/example_branch_operator.py
[2024-07-12T01:53:54.234+0530] {processor.py:830} INFO - Processing file /home/kali/Desktop/projects/git/bank_data_processing/myenv/lib/python3.11/site-packages/airflow/example_dags/example_branch_operator.py for tasks to queue
[2024-07-12T01:53:54.236+0530] {logging_mixin.py:188} INFO - [2024-07-12T01:53:54.235+0530] {dagbag.py:545} INFO - Filling up the DagBag from /home/kali/Desktop/projects/git/bank_data_processing/myenv/lib/python3.11/site-packages/airflow/example_dags/example_branch_operator.py
[2024-07-12T01:53:54.252+0530] {processor.py:840} INFO - DAG(s) 'example_branch_operator' retrieved from /home/kali/Desktop/projects/git/bank_data_processing/myenv/lib/python3.11/site-packages/airflow/example_dags/example_branch_operator.py
[2024-07-12T01:53:54.288+0530] {logging_mixin.py:188} INFO - [2024-07-12T01:53:54.288+0530] {dag.py:3096} INFO - Sync 1 DAGs
[2024-07-12T01:53:54.311+0530] {logging_mixin.py:188} INFO - [2024-07-12T01:53:54.311+0530] {dag.py:3954} INFO - Setting next_dagrun for example_branch_operator to 2024-07-10 00:00:00+00:00, run_after=2024-07-11 00:00:00+00:00
[2024-07-12T01:53:54.331+0530] {processor.py:183} INFO - Processing /home/kali/Desktop/projects/git/bank_data_processing/myenv/lib/python3.11/site-packages/airflow/example_dags/example_branch_operator.py took 0.106 seconds
[2024-07-12T01:54:24.791+0530] {processor.py:161} INFO - Started process (PID=43346) to work on /home/kali/Desktop/projects/git/bank_data_processing/myenv/lib/python3.11/site-packages/airflow/example_dags/example_branch_operator.py
[2024-07-12T01:54:24.792+0530] {processor.py:830} INFO - Processing file /home/kali/Desktop/projects/git/bank_data_processing/myenv/lib/python3.11/site-packages/airflow/example_dags/example_branch_operator.py for tasks to queue
[2024-07-12T01:54:24.793+0530] {logging_mixin.py:188} INFO - [2024-07-12T01:54:24.793+0530] {dagbag.py:545} INFO - Filling up the DagBag from /home/kali/Desktop/projects/git/bank_data_processing/myenv/lib/python3.11/site-packages/airflow/example_dags/example_branch_operator.py
[2024-07-12T01:54:24.810+0530] {processor.py:840} INFO - DAG(s) 'example_branch_operator' retrieved from /home/kali/Desktop/projects/git/bank_data_processing/myenv/lib/python3.11/site-packages/airflow/example_dags/example_branch_operator.py
[2024-07-12T01:54:24.835+0530] {logging_mixin.py:188} INFO - [2024-07-12T01:54:24.835+0530] {dag.py:3096} INFO - Sync 1 DAGs
[2024-07-12T01:54:24.861+0530] {logging_mixin.py:188} INFO - [2024-07-12T01:54:24.861+0530] {dag.py:3954} INFO - Setting next_dagrun for example_branch_operator to 2024-07-10 00:00:00+00:00, run_after=2024-07-11 00:00:00+00:00
[2024-07-12T01:54:24.886+0530] {processor.py:183} INFO - Processing /home/kali/Desktop/projects/git/bank_data_processing/myenv/lib/python3.11/site-packages/airflow/example_dags/example_branch_operator.py took 0.103 seconds
[2024-07-12T01:54:55.888+0530] {processor.py:161} INFO - Started process (PID=43934) to work on /home/kali/Desktop/projects/git/bank_data_processing/myenv/lib/python3.11/site-packages/airflow/example_dags/example_branch_operator.py
[2024-07-12T01:54:55.889+0530] {processor.py:830} INFO - Processing file /home/kali/Desktop/projects/git/bank_data_processing/myenv/lib/python3.11/site-packages/airflow/example_dags/example_branch_operator.py for tasks to queue
[2024-07-12T01:54:55.891+0530] {logging_mixin.py:188} INFO - [2024-07-12T01:54:55.891+0530] {dagbag.py:545} INFO - Filling up the DagBag from /home/kali/Desktop/projects/git/bank_data_processing/myenv/lib/python3.11/site-packages/airflow/example_dags/example_branch_operator.py
[2024-07-12T01:54:55.909+0530] {processor.py:840} INFO - DAG(s) 'example_branch_operator' retrieved from /home/kali/Desktop/projects/git/bank_data_processing/myenv/lib/python3.11/site-packages/airflow/example_dags/example_branch_operator.py
[2024-07-12T01:54:55.935+0530] {logging_mixin.py:188} INFO - [2024-07-12T01:54:55.935+0530] {dag.py:3096} INFO - Sync 1 DAGs
[2024-07-12T01:54:55.966+0530] {logging_mixin.py:188} INFO - [2024-07-12T01:54:55.966+0530] {dag.py:3954} INFO - Setting next_dagrun for example_branch_operator to 2024-07-10 00:00:00+00:00, run_after=2024-07-11 00:00:00+00:00
[2024-07-12T01:54:55.998+0530] {processor.py:183} INFO - Processing /home/kali/Desktop/projects/git/bank_data_processing/myenv/lib/python3.11/site-packages/airflow/example_dags/example_branch_operator.py took 0.118 seconds
[2024-07-12T01:55:26.255+0530] {processor.py:161} INFO - Started process (PID=44457) to work on /home/kali/Desktop/projects/git/bank_data_processing/myenv/lib/python3.11/site-packages/airflow/example_dags/example_branch_operator.py
[2024-07-12T01:55:26.256+0530] {processor.py:830} INFO - Processing file /home/kali/Desktop/projects/git/bank_data_processing/myenv/lib/python3.11/site-packages/airflow/example_dags/example_branch_operator.py for tasks to queue
[2024-07-12T01:55:26.258+0530] {logging_mixin.py:188} INFO - [2024-07-12T01:55:26.258+0530] {dagbag.py:545} INFO - Filling up the DagBag from /home/kali/Desktop/projects/git/bank_data_processing/myenv/lib/python3.11/site-packages/airflow/example_dags/example_branch_operator.py
[2024-07-12T01:55:26.276+0530] {processor.py:840} INFO - DAG(s) 'example_branch_operator' retrieved from /home/kali/Desktop/projects/git/bank_data_processing/myenv/lib/python3.11/site-packages/airflow/example_dags/example_branch_operator.py
[2024-07-12T01:55:26.320+0530] {logging_mixin.py:188} INFO - [2024-07-12T01:55:26.319+0530] {dag.py:3096} INFO - Sync 1 DAGs
[2024-07-12T01:55:26.348+0530] {logging_mixin.py:188} INFO - [2024-07-12T01:55:26.347+0530] {dag.py:3954} INFO - Setting next_dagrun for example_branch_operator to 2024-07-10 00:00:00+00:00, run_after=2024-07-11 00:00:00+00:00
[2024-07-12T01:55:26.375+0530] {processor.py:183} INFO - Processing /home/kali/Desktop/projects/git/bank_data_processing/myenv/lib/python3.11/site-packages/airflow/example_dags/example_branch_operator.py took 0.128 seconds
[2024-07-12T01:55:57.160+0530] {processor.py:161} INFO - Started process (PID=44946) to work on /home/kali/Desktop/projects/git/bank_data_processing/myenv/lib/python3.11/site-packages/airflow/example_dags/example_branch_operator.py
[2024-07-12T01:55:57.160+0530] {processor.py:830} INFO - Processing file /home/kali/Desktop/projects/git/bank_data_processing/myenv/lib/python3.11/site-packages/airflow/example_dags/example_branch_operator.py for tasks to queue
[2024-07-12T01:55:57.162+0530] {logging_mixin.py:188} INFO - [2024-07-12T01:55:57.162+0530] {dagbag.py:545} INFO - Filling up the DagBag from /home/kali/Desktop/projects/git/bank_data_processing/myenv/lib/python3.11/site-packages/airflow/example_dags/example_branch_operator.py
[2024-07-12T01:55:57.180+0530] {processor.py:840} INFO - DAG(s) 'example_branch_operator' retrieved from /home/kali/Desktop/projects/git/bank_data_processing/myenv/lib/python3.11/site-packages/airflow/example_dags/example_branch_operator.py
[2024-07-12T01:55:57.205+0530] {logging_mixin.py:188} INFO - [2024-07-12T01:55:57.205+0530] {dag.py:3096} INFO - Sync 1 DAGs
[2024-07-12T01:55:57.225+0530] {logging_mixin.py:188} INFO - [2024-07-12T01:55:57.225+0530] {dag.py:3954} INFO - Setting next_dagrun for example_branch_operator to 2024-07-10 00:00:00+00:00, run_after=2024-07-11 00:00:00+00:00
[2024-07-12T01:55:57.244+0530] {processor.py:183} INFO - Processing /home/kali/Desktop/projects/git/bank_data_processing/myenv/lib/python3.11/site-packages/airflow/example_dags/example_branch_operator.py took 0.093 seconds
[2024-07-12T01:56:27.718+0530] {processor.py:161} INFO - Started process (PID=45409) to work on /home/kali/Desktop/projects/git/bank_data_processing/myenv/lib/python3.11/site-packages/airflow/example_dags/example_branch_operator.py
[2024-07-12T01:56:27.719+0530] {processor.py:830} INFO - Processing file /home/kali/Desktop/projects/git/bank_data_processing/myenv/lib/python3.11/site-packages/airflow/example_dags/example_branch_operator.py for tasks to queue
[2024-07-12T01:56:27.722+0530] {logging_mixin.py:188} INFO - [2024-07-12T01:56:27.722+0530] {dagbag.py:545} INFO - Filling up the DagBag from /home/kali/Desktop/projects/git/bank_data_processing/myenv/lib/python3.11/site-packages/airflow/example_dags/example_branch_operator.py
[2024-07-12T01:56:27.746+0530] {processor.py:840} INFO - DAG(s) 'example_branch_operator' retrieved from /home/kali/Desktop/projects/git/bank_data_processing/myenv/lib/python3.11/site-packages/airflow/example_dags/example_branch_operator.py
[2024-07-12T01:56:27.776+0530] {logging_mixin.py:188} INFO - [2024-07-12T01:56:27.775+0530] {dag.py:3096} INFO - Sync 1 DAGs
[2024-07-12T01:56:27.798+0530] {logging_mixin.py:188} INFO - [2024-07-12T01:56:27.798+0530] {dag.py:3954} INFO - Setting next_dagrun for example_branch_operator to 2024-07-10 00:00:00+00:00, run_after=2024-07-11 00:00:00+00:00
[2024-07-12T01:56:27.821+0530] {processor.py:183} INFO - Processing /home/kali/Desktop/projects/git/bank_data_processing/myenv/lib/python3.11/site-packages/airflow/example_dags/example_branch_operator.py took 0.112 seconds
[2024-07-12T01:56:58.867+0530] {processor.py:161} INFO - Started process (PID=45984) to work on /home/kali/Desktop/projects/git/bank_data_processing/myenv/lib/python3.11/site-packages/airflow/example_dags/example_branch_operator.py
[2024-07-12T01:56:58.868+0530] {processor.py:830} INFO - Processing file /home/kali/Desktop/projects/git/bank_data_processing/myenv/lib/python3.11/site-packages/airflow/example_dags/example_branch_operator.py for tasks to queue
[2024-07-12T01:56:58.870+0530] {logging_mixin.py:188} INFO - [2024-07-12T01:56:58.870+0530] {dagbag.py:545} INFO - Filling up the DagBag from /home/kali/Desktop/projects/git/bank_data_processing/myenv/lib/python3.11/site-packages/airflow/example_dags/example_branch_operator.py
[2024-07-12T01:56:58.887+0530] {processor.py:840} INFO - DAG(s) 'example_branch_operator' retrieved from /home/kali/Desktop/projects/git/bank_data_processing/myenv/lib/python3.11/site-packages/airflow/example_dags/example_branch_operator.py
[2024-07-12T01:56:58.913+0530] {logging_mixin.py:188} INFO - [2024-07-12T01:56:58.913+0530] {dag.py:3096} INFO - Sync 1 DAGs
[2024-07-12T01:56:58.935+0530] {logging_mixin.py:188} INFO - [2024-07-12T01:56:58.935+0530] {dag.py:3954} INFO - Setting next_dagrun for example_branch_operator to 2024-07-10 00:00:00+00:00, run_after=2024-07-11 00:00:00+00:00
[2024-07-12T01:56:58.956+0530] {processor.py:183} INFO - Processing /home/kali/Desktop/projects/git/bank_data_processing/myenv/lib/python3.11/site-packages/airflow/example_dags/example_branch_operator.py took 0.096 seconds
[2024-07-12T01:57:29.441+0530] {processor.py:161} INFO - Started process (PID=46522) to work on /home/kali/Desktop/projects/git/bank_data_processing/myenv/lib/python3.11/site-packages/airflow/example_dags/example_branch_operator.py
[2024-07-12T01:57:29.442+0530] {processor.py:830} INFO - Processing file /home/kali/Desktop/projects/git/bank_data_processing/myenv/lib/python3.11/site-packages/airflow/example_dags/example_branch_operator.py for tasks to queue
[2024-07-12T01:57:29.445+0530] {logging_mixin.py:188} INFO - [2024-07-12T01:57:29.444+0530] {dagbag.py:545} INFO - Filling up the DagBag from /home/kali/Desktop/projects/git/bank_data_processing/myenv/lib/python3.11/site-packages/airflow/example_dags/example_branch_operator.py
[2024-07-12T01:57:29.472+0530] {processor.py:840} INFO - DAG(s) 'example_branch_operator' retrieved from /home/kali/Desktop/projects/git/bank_data_processing/myenv/lib/python3.11/site-packages/airflow/example_dags/example_branch_operator.py
[2024-07-12T01:57:29.508+0530] {logging_mixin.py:188} INFO - [2024-07-12T01:57:29.507+0530] {dag.py:3096} INFO - Sync 1 DAGs
[2024-07-12T01:57:29.540+0530] {logging_mixin.py:188} INFO - [2024-07-12T01:57:29.540+0530] {dag.py:3954} INFO - Setting next_dagrun for example_branch_operator to 2024-07-10 00:00:00+00:00, run_after=2024-07-11 00:00:00+00:00
[2024-07-12T01:57:29.567+0530] {processor.py:183} INFO - Processing /home/kali/Desktop/projects/git/bank_data_processing/myenv/lib/python3.11/site-packages/airflow/example_dags/example_branch_operator.py took 0.138 seconds
[2024-07-12T01:58:00.344+0530] {processor.py:161} INFO - Started process (PID=47015) to work on /home/kali/Desktop/projects/git/bank_data_processing/myenv/lib/python3.11/site-packages/airflow/example_dags/example_branch_operator.py
[2024-07-12T01:58:00.345+0530] {processor.py:830} INFO - Processing file /home/kali/Desktop/projects/git/bank_data_processing/myenv/lib/python3.11/site-packages/airflow/example_dags/example_branch_operator.py for tasks to queue
[2024-07-12T01:58:00.347+0530] {logging_mixin.py:188} INFO - [2024-07-12T01:58:00.346+0530] {dagbag.py:545} INFO - Filling up the DagBag from /home/kali/Desktop/projects/git/bank_data_processing/myenv/lib/python3.11/site-packages/airflow/example_dags/example_branch_operator.py
[2024-07-12T01:58:00.364+0530] {processor.py:840} INFO - DAG(s) 'example_branch_operator' retrieved from /home/kali/Desktop/projects/git/bank_data_processing/myenv/lib/python3.11/site-packages/airflow/example_dags/example_branch_operator.py
[2024-07-12T01:58:00.389+0530] {logging_mixin.py:188} INFO - [2024-07-12T01:58:00.389+0530] {dag.py:3096} INFO - Sync 1 DAGs
[2024-07-12T01:58:00.410+0530] {logging_mixin.py:188} INFO - [2024-07-12T01:58:00.410+0530] {dag.py:3954} INFO - Setting next_dagrun for example_branch_operator to 2024-07-10 00:00:00+00:00, run_after=2024-07-11 00:00:00+00:00
[2024-07-12T01:58:00.428+0530] {processor.py:183} INFO - Processing /home/kali/Desktop/projects/git/bank_data_processing/myenv/lib/python3.11/site-packages/airflow/example_dags/example_branch_operator.py took 0.092 seconds
[2024-07-12T01:58:31.199+0530] {processor.py:161} INFO - Started process (PID=47485) to work on /home/kali/Desktop/projects/git/bank_data_processing/myenv/lib/python3.11/site-packages/airflow/example_dags/example_branch_operator.py
[2024-07-12T01:58:31.200+0530] {processor.py:830} INFO - Processing file /home/kali/Desktop/projects/git/bank_data_processing/myenv/lib/python3.11/site-packages/airflow/example_dags/example_branch_operator.py for tasks to queue
[2024-07-12T01:58:31.204+0530] {logging_mixin.py:188} INFO - [2024-07-12T01:58:31.203+0530] {dagbag.py:545} INFO - Filling up the DagBag from /home/kali/Desktop/projects/git/bank_data_processing/myenv/lib/python3.11/site-packages/airflow/example_dags/example_branch_operator.py
[2024-07-12T01:58:31.232+0530] {processor.py:840} INFO - DAG(s) 'example_branch_operator' retrieved from /home/kali/Desktop/projects/git/bank_data_processing/myenv/lib/python3.11/site-packages/airflow/example_dags/example_branch_operator.py
[2024-07-12T01:58:31.281+0530] {logging_mixin.py:188} INFO - [2024-07-12T01:58:31.280+0530] {dag.py:3096} INFO - Sync 1 DAGs
[2024-07-12T01:58:31.311+0530] {logging_mixin.py:188} INFO - [2024-07-12T01:58:31.310+0530] {dag.py:3954} INFO - Setting next_dagrun for example_branch_operator to 2024-07-10 00:00:00+00:00, run_after=2024-07-11 00:00:00+00:00
[2024-07-12T01:58:31.337+0530] {processor.py:183} INFO - Processing /home/kali/Desktop/projects/git/bank_data_processing/myenv/lib/python3.11/site-packages/airflow/example_dags/example_branch_operator.py took 0.156 seconds
[2024-07-12T01:59:02.261+0530] {processor.py:161} INFO - Started process (PID=47977) to work on /home/kali/Desktop/projects/git/bank_data_processing/myenv/lib/python3.11/site-packages/airflow/example_dags/example_branch_operator.py
[2024-07-12T01:59:02.264+0530] {processor.py:830} INFO - Processing file /home/kali/Desktop/projects/git/bank_data_processing/myenv/lib/python3.11/site-packages/airflow/example_dags/example_branch_operator.py for tasks to queue
[2024-07-12T01:59:02.267+0530] {logging_mixin.py:188} INFO - [2024-07-12T01:59:02.266+0530] {dagbag.py:545} INFO - Filling up the DagBag from /home/kali/Desktop/projects/git/bank_data_processing/myenv/lib/python3.11/site-packages/airflow/example_dags/example_branch_operator.py
[2024-07-12T01:59:02.307+0530] {processor.py:840} INFO - DAG(s) 'example_branch_operator' retrieved from /home/kali/Desktop/projects/git/bank_data_processing/myenv/lib/python3.11/site-packages/airflow/example_dags/example_branch_operator.py
[2024-07-12T01:59:02.377+0530] {logging_mixin.py:188} INFO - [2024-07-12T01:59:02.376+0530] {dag.py:3096} INFO - Sync 1 DAGs
[2024-07-12T01:59:02.422+0530] {logging_mixin.py:188} INFO - [2024-07-12T01:59:02.421+0530] {dag.py:3954} INFO - Setting next_dagrun for example_branch_operator to 2024-07-10 00:00:00+00:00, run_after=2024-07-11 00:00:00+00:00
[2024-07-12T01:59:02.467+0530] {processor.py:183} INFO - Processing /home/kali/Desktop/projects/git/bank_data_processing/myenv/lib/python3.11/site-packages/airflow/example_dags/example_branch_operator.py took 0.221 seconds
[2024-07-12T01:59:32.718+0530] {processor.py:161} INFO - Started process (PID=48591) to work on /home/kali/Desktop/projects/git/bank_data_processing/myenv/lib/python3.11/site-packages/airflow/example_dags/example_branch_operator.py
[2024-07-12T01:59:32.721+0530] {processor.py:830} INFO - Processing file /home/kali/Desktop/projects/git/bank_data_processing/myenv/lib/python3.11/site-packages/airflow/example_dags/example_branch_operator.py for tasks to queue
[2024-07-12T01:59:32.724+0530] {logging_mixin.py:188} INFO - [2024-07-12T01:59:32.723+0530] {dagbag.py:545} INFO - Filling up the DagBag from /home/kali/Desktop/projects/git/bank_data_processing/myenv/lib/python3.11/site-packages/airflow/example_dags/example_branch_operator.py
[2024-07-12T01:59:32.769+0530] {processor.py:840} INFO - DAG(s) 'example_branch_operator' retrieved from /home/kali/Desktop/projects/git/bank_data_processing/myenv/lib/python3.11/site-packages/airflow/example_dags/example_branch_operator.py
[2024-07-12T01:59:32.820+0530] {logging_mixin.py:188} INFO - [2024-07-12T01:59:32.819+0530] {dag.py:3096} INFO - Sync 1 DAGs
[2024-07-12T01:59:32.860+0530] {logging_mixin.py:188} INFO - [2024-07-12T01:59:32.860+0530] {dag.py:3954} INFO - Setting next_dagrun for example_branch_operator to 2024-07-10 00:00:00+00:00, run_after=2024-07-11 00:00:00+00:00
[2024-07-12T01:59:32.900+0530] {processor.py:183} INFO - Processing /home/kali/Desktop/projects/git/bank_data_processing/myenv/lib/python3.11/site-packages/airflow/example_dags/example_branch_operator.py took 0.204 seconds
[2024-07-12T02:00:17.200+0530] {processor.py:161} INFO - Started process (PID=49700) to work on /home/kali/Desktop/projects/git/bank_data_processing/myenv/lib/python3.11/site-packages/airflow/example_dags/example_branch_operator.py
[2024-07-12T02:00:17.203+0530] {processor.py:830} INFO - Processing file /home/kali/Desktop/projects/git/bank_data_processing/myenv/lib/python3.11/site-packages/airflow/example_dags/example_branch_operator.py for tasks to queue
[2024-07-12T02:00:17.206+0530] {logging_mixin.py:188} INFO - [2024-07-12T02:00:17.205+0530] {dagbag.py:545} INFO - Filling up the DagBag from /home/kali/Desktop/projects/git/bank_data_processing/myenv/lib/python3.11/site-packages/airflow/example_dags/example_branch_operator.py
[2024-07-12T02:00:17.245+0530] {processor.py:840} INFO - DAG(s) 'example_branch_operator' retrieved from /home/kali/Desktop/projects/git/bank_data_processing/myenv/lib/python3.11/site-packages/airflow/example_dags/example_branch_operator.py
[2024-07-12T02:00:17.468+0530] {logging_mixin.py:188} INFO - [2024-07-12T02:00:17.467+0530] {dag.py:3096} INFO - Sync 1 DAGs
[2024-07-12T02:00:17.512+0530] {logging_mixin.py:188} INFO - [2024-07-12T02:00:17.511+0530] {dag.py:3954} INFO - Setting next_dagrun for example_branch_operator to 2024-07-10 00:00:00+00:00, run_after=2024-07-11 00:00:00+00:00
[2024-07-12T02:00:17.558+0530] {processor.py:183} INFO - Processing /home/kali/Desktop/projects/git/bank_data_processing/myenv/lib/python3.11/site-packages/airflow/example_dags/example_branch_operator.py took 0.371 seconds
[2024-07-12T02:00:47.737+0530] {processor.py:161} INFO - Started process (PID=50353) to work on /home/kali/Desktop/projects/git/bank_data_processing/myenv/lib/python3.11/site-packages/airflow/example_dags/example_branch_operator.py
[2024-07-12T02:00:47.739+0530] {processor.py:830} INFO - Processing file /home/kali/Desktop/projects/git/bank_data_processing/myenv/lib/python3.11/site-packages/airflow/example_dags/example_branch_operator.py for tasks to queue
[2024-07-12T02:00:47.741+0530] {logging_mixin.py:188} INFO - [2024-07-12T02:00:47.740+0530] {dagbag.py:545} INFO - Filling up the DagBag from /home/kali/Desktop/projects/git/bank_data_processing/myenv/lib/python3.11/site-packages/airflow/example_dags/example_branch_operator.py
[2024-07-12T02:00:47.764+0530] {processor.py:840} INFO - DAG(s) 'example_branch_operator' retrieved from /home/kali/Desktop/projects/git/bank_data_processing/myenv/lib/python3.11/site-packages/airflow/example_dags/example_branch_operator.py
[2024-07-12T02:00:47.805+0530] {logging_mixin.py:188} INFO - [2024-07-12T02:00:47.805+0530] {dag.py:3096} INFO - Sync 1 DAGs
[2024-07-12T02:00:47.835+0530] {logging_mixin.py:188} INFO - [2024-07-12T02:00:47.834+0530] {dag.py:3954} INFO - Setting next_dagrun for example_branch_operator to 2024-07-10 00:00:00+00:00, run_after=2024-07-11 00:00:00+00:00
[2024-07-12T02:00:47.862+0530] {processor.py:183} INFO - Processing /home/kali/Desktop/projects/git/bank_data_processing/myenv/lib/python3.11/site-packages/airflow/example_dags/example_branch_operator.py took 0.134 seconds
[2024-07-12T02:01:20.473+0530] {processor.py:161} INFO - Started process (PID=50919) to work on /home/kali/Desktop/projects/git/bank_data_processing/myenv/lib/python3.11/site-packages/airflow/example_dags/example_branch_operator.py
[2024-07-12T02:01:20.474+0530] {processor.py:830} INFO - Processing file /home/kali/Desktop/projects/git/bank_data_processing/myenv/lib/python3.11/site-packages/airflow/example_dags/example_branch_operator.py for tasks to queue
[2024-07-12T02:01:20.479+0530] {logging_mixin.py:188} INFO - [2024-07-12T02:01:20.478+0530] {dagbag.py:545} INFO - Filling up the DagBag from /home/kali/Desktop/projects/git/bank_data_processing/myenv/lib/python3.11/site-packages/airflow/example_dags/example_branch_operator.py
[2024-07-12T02:01:20.509+0530] {processor.py:840} INFO - DAG(s) 'example_branch_operator' retrieved from /home/kali/Desktop/projects/git/bank_data_processing/myenv/lib/python3.11/site-packages/airflow/example_dags/example_branch_operator.py
[2024-07-12T02:01:20.559+0530] {logging_mixin.py:188} INFO - [2024-07-12T02:01:20.558+0530] {dag.py:3096} INFO - Sync 1 DAGs
[2024-07-12T02:01:20.613+0530] {logging_mixin.py:188} INFO - [2024-07-12T02:01:20.613+0530] {dag.py:3954} INFO - Setting next_dagrun for example_branch_operator to 2024-07-10 00:00:00+00:00, run_after=2024-07-11 00:00:00+00:00
[2024-07-12T02:01:20.855+0530] {processor.py:183} INFO - Processing /home/kali/Desktop/projects/git/bank_data_processing/myenv/lib/python3.11/site-packages/airflow/example_dags/example_branch_operator.py took 0.393 seconds
[2024-07-12T02:01:52.969+0530] {processor.py:161} INFO - Started process (PID=51603) to work on /home/kali/Desktop/projects/git/bank_data_processing/myenv/lib/python3.11/site-packages/airflow/example_dags/example_branch_operator.py
[2024-07-12T02:01:52.970+0530] {processor.py:830} INFO - Processing file /home/kali/Desktop/projects/git/bank_data_processing/myenv/lib/python3.11/site-packages/airflow/example_dags/example_branch_operator.py for tasks to queue
[2024-07-12T02:01:52.973+0530] {logging_mixin.py:188} INFO - [2024-07-12T02:01:52.972+0530] {dagbag.py:545} INFO - Filling up the DagBag from /home/kali/Desktop/projects/git/bank_data_processing/myenv/lib/python3.11/site-packages/airflow/example_dags/example_branch_operator.py
[2024-07-12T02:01:52.994+0530] {processor.py:840} INFO - DAG(s) 'example_branch_operator' retrieved from /home/kali/Desktop/projects/git/bank_data_processing/myenv/lib/python3.11/site-packages/airflow/example_dags/example_branch_operator.py
[2024-07-12T02:01:53.022+0530] {logging_mixin.py:188} INFO - [2024-07-12T02:01:53.021+0530] {dag.py:3096} INFO - Sync 1 DAGs
[2024-07-12T02:01:53.050+0530] {logging_mixin.py:188} INFO - [2024-07-12T02:01:53.049+0530] {dag.py:3954} INFO - Setting next_dagrun for example_branch_operator to 2024-07-10 00:00:00+00:00, run_after=2024-07-11 00:00:00+00:00
[2024-07-12T02:01:53.074+0530] {processor.py:183} INFO - Processing /home/kali/Desktop/projects/git/bank_data_processing/myenv/lib/python3.11/site-packages/airflow/example_dags/example_branch_operator.py took 0.112 seconds
[2024-07-12T02:02:23.879+0530] {processor.py:161} INFO - Started process (PID=52183) to work on /home/kali/Desktop/projects/git/bank_data_processing/myenv/lib/python3.11/site-packages/airflow/example_dags/example_branch_operator.py
[2024-07-12T02:02:23.880+0530] {processor.py:830} INFO - Processing file /home/kali/Desktop/projects/git/bank_data_processing/myenv/lib/python3.11/site-packages/airflow/example_dags/example_branch_operator.py for tasks to queue
[2024-07-12T02:02:23.882+0530] {logging_mixin.py:188} INFO - [2024-07-12T02:02:23.882+0530] {dagbag.py:545} INFO - Filling up the DagBag from /home/kali/Desktop/projects/git/bank_data_processing/myenv/lib/python3.11/site-packages/airflow/example_dags/example_branch_operator.py
[2024-07-12T02:02:23.902+0530] {processor.py:840} INFO - DAG(s) 'example_branch_operator' retrieved from /home/kali/Desktop/projects/git/bank_data_processing/myenv/lib/python3.11/site-packages/airflow/example_dags/example_branch_operator.py
[2024-07-12T02:02:23.937+0530] {logging_mixin.py:188} INFO - [2024-07-12T02:02:23.937+0530] {dag.py:3096} INFO - Sync 1 DAGs
[2024-07-12T02:02:23.962+0530] {logging_mixin.py:188} INFO - [2024-07-12T02:02:23.962+0530] {dag.py:3954} INFO - Setting next_dagrun for example_branch_operator to 2024-07-10 00:00:00+00:00, run_after=2024-07-11 00:00:00+00:00
[2024-07-12T02:02:23.986+0530] {processor.py:183} INFO - Processing /home/kali/Desktop/projects/git/bank_data_processing/myenv/lib/python3.11/site-packages/airflow/example_dags/example_branch_operator.py took 0.114 seconds
[2024-07-12T02:02:54.780+0530] {processor.py:161} INFO - Started process (PID=52696) to work on /home/kali/Desktop/projects/git/bank_data_processing/myenv/lib/python3.11/site-packages/airflow/example_dags/example_branch_operator.py
[2024-07-12T02:02:54.783+0530] {processor.py:830} INFO - Processing file /home/kali/Desktop/projects/git/bank_data_processing/myenv/lib/python3.11/site-packages/airflow/example_dags/example_branch_operator.py for tasks to queue
[2024-07-12T02:02:54.786+0530] {logging_mixin.py:188} INFO - [2024-07-12T02:02:54.785+0530] {dagbag.py:545} INFO - Filling up the DagBag from /home/kali/Desktop/projects/git/bank_data_processing/myenv/lib/python3.11/site-packages/airflow/example_dags/example_branch_operator.py
[2024-07-12T02:02:54.817+0530] {processor.py:840} INFO - DAG(s) 'example_branch_operator' retrieved from /home/kali/Desktop/projects/git/bank_data_processing/myenv/lib/python3.11/site-packages/airflow/example_dags/example_branch_operator.py
[2024-07-12T02:02:54.870+0530] {logging_mixin.py:188} INFO - [2024-07-12T02:02:54.869+0530] {dag.py:3096} INFO - Sync 1 DAGs
[2024-07-12T02:02:54.915+0530] {logging_mixin.py:188} INFO - [2024-07-12T02:02:54.915+0530] {dag.py:3954} INFO - Setting next_dagrun for example_branch_operator to 2024-07-10 00:00:00+00:00, run_after=2024-07-11 00:00:00+00:00
[2024-07-12T02:02:54.952+0530] {processor.py:183} INFO - Processing /home/kali/Desktop/projects/git/bank_data_processing/myenv/lib/python3.11/site-packages/airflow/example_dags/example_branch_operator.py took 0.183 seconds
[2024-07-12T02:03:25.536+0530] {processor.py:161} INFO - Started process (PID=53252) to work on /home/kali/Desktop/projects/git/bank_data_processing/myenv/lib/python3.11/site-packages/airflow/example_dags/example_branch_operator.py
[2024-07-12T02:03:25.537+0530] {processor.py:830} INFO - Processing file /home/kali/Desktop/projects/git/bank_data_processing/myenv/lib/python3.11/site-packages/airflow/example_dags/example_branch_operator.py for tasks to queue
[2024-07-12T02:03:25.539+0530] {logging_mixin.py:188} INFO - [2024-07-12T02:03:25.539+0530] {dagbag.py:545} INFO - Filling up the DagBag from /home/kali/Desktop/projects/git/bank_data_processing/myenv/lib/python3.11/site-packages/airflow/example_dags/example_branch_operator.py
[2024-07-12T02:03:25.561+0530] {processor.py:840} INFO - DAG(s) 'example_branch_operator' retrieved from /home/kali/Desktop/projects/git/bank_data_processing/myenv/lib/python3.11/site-packages/airflow/example_dags/example_branch_operator.py
[2024-07-12T02:03:25.586+0530] {logging_mixin.py:188} INFO - [2024-07-12T02:03:25.585+0530] {dag.py:3096} INFO - Sync 1 DAGs
[2024-07-12T02:03:25.606+0530] {logging_mixin.py:188} INFO - [2024-07-12T02:03:25.606+0530] {dag.py:3954} INFO - Setting next_dagrun for example_branch_operator to 2024-07-10 00:00:00+00:00, run_after=2024-07-11 00:00:00+00:00
[2024-07-12T02:03:25.627+0530] {processor.py:183} INFO - Processing /home/kali/Desktop/projects/git/bank_data_processing/myenv/lib/python3.11/site-packages/airflow/example_dags/example_branch_operator.py took 0.097 seconds
[2024-07-12T02:03:55.855+0530] {processor.py:161} INFO - Started process (PID=53739) to work on /home/kali/Desktop/projects/git/bank_data_processing/myenv/lib/python3.11/site-packages/airflow/example_dags/example_branch_operator.py
[2024-07-12T02:03:55.856+0530] {processor.py:830} INFO - Processing file /home/kali/Desktop/projects/git/bank_data_processing/myenv/lib/python3.11/site-packages/airflow/example_dags/example_branch_operator.py for tasks to queue
[2024-07-12T02:03:55.858+0530] {logging_mixin.py:188} INFO - [2024-07-12T02:03:55.858+0530] {dagbag.py:545} INFO - Filling up the DagBag from /home/kali/Desktop/projects/git/bank_data_processing/myenv/lib/python3.11/site-packages/airflow/example_dags/example_branch_operator.py
[2024-07-12T02:03:55.878+0530] {processor.py:840} INFO - DAG(s) 'example_branch_operator' retrieved from /home/kali/Desktop/projects/git/bank_data_processing/myenv/lib/python3.11/site-packages/airflow/example_dags/example_branch_operator.py
[2024-07-12T02:03:55.906+0530] {logging_mixin.py:188} INFO - [2024-07-12T02:03:55.905+0530] {dag.py:3096} INFO - Sync 1 DAGs
[2024-07-12T02:03:55.926+0530] {logging_mixin.py:188} INFO - [2024-07-12T02:03:55.926+0530] {dag.py:3954} INFO - Setting next_dagrun for example_branch_operator to 2024-07-10 00:00:00+00:00, run_after=2024-07-11 00:00:00+00:00
[2024-07-12T02:03:55.946+0530] {processor.py:183} INFO - Processing /home/kali/Desktop/projects/git/bank_data_processing/myenv/lib/python3.11/site-packages/airflow/example_dags/example_branch_operator.py took 0.101 seconds
[2024-07-12T02:04:27.317+0530] {processor.py:161} INFO - Started process (PID=54213) to work on /home/kali/Desktop/projects/git/bank_data_processing/myenv/lib/python3.11/site-packages/airflow/example_dags/example_branch_operator.py
[2024-07-12T02:04:27.318+0530] {processor.py:830} INFO - Processing file /home/kali/Desktop/projects/git/bank_data_processing/myenv/lib/python3.11/site-packages/airflow/example_dags/example_branch_operator.py for tasks to queue
[2024-07-12T02:04:27.319+0530] {logging_mixin.py:188} INFO - [2024-07-12T02:04:27.319+0530] {dagbag.py:545} INFO - Filling up the DagBag from /home/kali/Desktop/projects/git/bank_data_processing/myenv/lib/python3.11/site-packages/airflow/example_dags/example_branch_operator.py
[2024-07-12T02:04:27.337+0530] {processor.py:840} INFO - DAG(s) 'example_branch_operator' retrieved from /home/kali/Desktop/projects/git/bank_data_processing/myenv/lib/python3.11/site-packages/airflow/example_dags/example_branch_operator.py
[2024-07-12T02:04:27.365+0530] {logging_mixin.py:188} INFO - [2024-07-12T02:04:27.364+0530] {dag.py:3096} INFO - Sync 1 DAGs
[2024-07-12T02:04:27.402+0530] {logging_mixin.py:188} INFO - [2024-07-12T02:04:27.402+0530] {dag.py:3954} INFO - Setting next_dagrun for example_branch_operator to 2024-07-10 00:00:00+00:00, run_after=2024-07-11 00:00:00+00:00
[2024-07-12T02:04:27.431+0530] {processor.py:183} INFO - Processing /home/kali/Desktop/projects/git/bank_data_processing/myenv/lib/python3.11/site-packages/airflow/example_dags/example_branch_operator.py took 0.121 seconds
[2024-07-12T02:04:59.223+0530] {processor.py:161} INFO - Started process (PID=54803) to work on /home/kali/Desktop/projects/git/bank_data_processing/myenv/lib/python3.11/site-packages/airflow/example_dags/example_branch_operator.py
[2024-07-12T02:04:59.224+0530] {processor.py:830} INFO - Processing file /home/kali/Desktop/projects/git/bank_data_processing/myenv/lib/python3.11/site-packages/airflow/example_dags/example_branch_operator.py for tasks to queue
[2024-07-12T02:04:59.227+0530] {logging_mixin.py:188} INFO - [2024-07-12T02:04:59.226+0530] {dagbag.py:545} INFO - Filling up the DagBag from /home/kali/Desktop/projects/git/bank_data_processing/myenv/lib/python3.11/site-packages/airflow/example_dags/example_branch_operator.py
[2024-07-12T02:04:59.256+0530] {processor.py:840} INFO - DAG(s) 'example_branch_operator' retrieved from /home/kali/Desktop/projects/git/bank_data_processing/myenv/lib/python3.11/site-packages/airflow/example_dags/example_branch_operator.py
[2024-07-12T02:04:59.289+0530] {logging_mixin.py:188} INFO - [2024-07-12T02:04:59.289+0530] {dag.py:3096} INFO - Sync 1 DAGs
[2024-07-12T02:04:59.317+0530] {logging_mixin.py:188} INFO - [2024-07-12T02:04:59.317+0530] {dag.py:3954} INFO - Setting next_dagrun for example_branch_operator to 2024-07-10 00:00:00+00:00, run_after=2024-07-11 00:00:00+00:00
[2024-07-12T02:04:59.350+0530] {processor.py:183} INFO - Processing /home/kali/Desktop/projects/git/bank_data_processing/myenv/lib/python3.11/site-packages/airflow/example_dags/example_branch_operator.py took 0.140 seconds
[2024-07-12T02:05:30.056+0530] {processor.py:161} INFO - Started process (PID=55314) to work on /home/kali/Desktop/projects/git/bank_data_processing/myenv/lib/python3.11/site-packages/airflow/example_dags/example_branch_operator.py
[2024-07-12T02:05:30.057+0530] {processor.py:830} INFO - Processing file /home/kali/Desktop/projects/git/bank_data_processing/myenv/lib/python3.11/site-packages/airflow/example_dags/example_branch_operator.py for tasks to queue
[2024-07-12T02:05:30.058+0530] {logging_mixin.py:188} INFO - [2024-07-12T02:05:30.058+0530] {dagbag.py:545} INFO - Filling up the DagBag from /home/kali/Desktop/projects/git/bank_data_processing/myenv/lib/python3.11/site-packages/airflow/example_dags/example_branch_operator.py
[2024-07-12T02:05:30.076+0530] {processor.py:840} INFO - DAG(s) 'example_branch_operator' retrieved from /home/kali/Desktop/projects/git/bank_data_processing/myenv/lib/python3.11/site-packages/airflow/example_dags/example_branch_operator.py
[2024-07-12T02:05:30.101+0530] {logging_mixin.py:188} INFO - [2024-07-12T02:05:30.101+0530] {dag.py:3096} INFO - Sync 1 DAGs
[2024-07-12T02:05:30.126+0530] {logging_mixin.py:188} INFO - [2024-07-12T02:05:30.125+0530] {dag.py:3954} INFO - Setting next_dagrun for example_branch_operator to 2024-07-10 00:00:00+00:00, run_after=2024-07-11 00:00:00+00:00
[2024-07-12T02:05:30.157+0530] {processor.py:183} INFO - Processing /home/kali/Desktop/projects/git/bank_data_processing/myenv/lib/python3.11/site-packages/airflow/example_dags/example_branch_operator.py took 0.108 seconds
[2024-07-12T02:06:03.178+0530] {processor.py:161} INFO - Started process (PID=55887) to work on /home/kali/Desktop/projects/git/bank_data_processing/myenv/lib/python3.11/site-packages/airflow/example_dags/example_branch_operator.py
[2024-07-12T02:06:03.179+0530] {processor.py:830} INFO - Processing file /home/kali/Desktop/projects/git/bank_data_processing/myenv/lib/python3.11/site-packages/airflow/example_dags/example_branch_operator.py for tasks to queue
[2024-07-12T02:06:03.180+0530] {logging_mixin.py:188} INFO - [2024-07-12T02:06:03.180+0530] {dagbag.py:545} INFO - Filling up the DagBag from /home/kali/Desktop/projects/git/bank_data_processing/myenv/lib/python3.11/site-packages/airflow/example_dags/example_branch_operator.py
[2024-07-12T02:06:03.198+0530] {processor.py:840} INFO - DAG(s) 'example_branch_operator' retrieved from /home/kali/Desktop/projects/git/bank_data_processing/myenv/lib/python3.11/site-packages/airflow/example_dags/example_branch_operator.py
[2024-07-12T02:06:03.231+0530] {logging_mixin.py:188} INFO - [2024-07-12T02:06:03.231+0530] {dag.py:3096} INFO - Sync 1 DAGs
[2024-07-12T02:06:03.255+0530] {logging_mixin.py:188} INFO - [2024-07-12T02:06:03.254+0530] {dag.py:3954} INFO - Setting next_dagrun for example_branch_operator to 2024-07-10 00:00:00+00:00, run_after=2024-07-11 00:00:00+00:00
[2024-07-12T02:06:03.276+0530] {processor.py:183} INFO - Processing /home/kali/Desktop/projects/git/bank_data_processing/myenv/lib/python3.11/site-packages/airflow/example_dags/example_branch_operator.py took 0.105 seconds
[2024-07-12T02:06:36.227+0530] {processor.py:161} INFO - Started process (PID=56552) to work on /home/kali/Desktop/projects/git/bank_data_processing/myenv/lib/python3.11/site-packages/airflow/example_dags/example_branch_operator.py
[2024-07-12T02:06:36.228+0530] {processor.py:830} INFO - Processing file /home/kali/Desktop/projects/git/bank_data_processing/myenv/lib/python3.11/site-packages/airflow/example_dags/example_branch_operator.py for tasks to queue
[2024-07-12T02:06:36.230+0530] {logging_mixin.py:188} INFO - [2024-07-12T02:06:36.229+0530] {dagbag.py:545} INFO - Filling up the DagBag from /home/kali/Desktop/projects/git/bank_data_processing/myenv/lib/python3.11/site-packages/airflow/example_dags/example_branch_operator.py
[2024-07-12T02:06:36.247+0530] {processor.py:840} INFO - DAG(s) 'example_branch_operator' retrieved from /home/kali/Desktop/projects/git/bank_data_processing/myenv/lib/python3.11/site-packages/airflow/example_dags/example_branch_operator.py
[2024-07-12T02:06:36.277+0530] {logging_mixin.py:188} INFO - [2024-07-12T02:06:36.277+0530] {dag.py:3096} INFO - Sync 1 DAGs
[2024-07-12T02:06:36.320+0530] {logging_mixin.py:188} INFO - [2024-07-12T02:06:36.319+0530] {dag.py:3954} INFO - Setting next_dagrun for example_branch_operator to 2024-07-10 00:00:00+00:00, run_after=2024-07-11 00:00:00+00:00
[2024-07-12T02:06:36.344+0530] {processor.py:183} INFO - Processing /home/kali/Desktop/projects/git/bank_data_processing/myenv/lib/python3.11/site-packages/airflow/example_dags/example_branch_operator.py took 0.123 seconds
[2024-07-12T02:07:06.715+0530] {processor.py:161} INFO - Started process (PID=57232) to work on /home/kali/Desktop/projects/git/bank_data_processing/myenv/lib/python3.11/site-packages/airflow/example_dags/example_branch_operator.py
[2024-07-12T02:07:06.716+0530] {processor.py:830} INFO - Processing file /home/kali/Desktop/projects/git/bank_data_processing/myenv/lib/python3.11/site-packages/airflow/example_dags/example_branch_operator.py for tasks to queue
[2024-07-12T02:07:06.718+0530] {logging_mixin.py:188} INFO - [2024-07-12T02:07:06.717+0530] {dagbag.py:545} INFO - Filling up the DagBag from /home/kali/Desktop/projects/git/bank_data_processing/myenv/lib/python3.11/site-packages/airflow/example_dags/example_branch_operator.py
[2024-07-12T02:07:06.746+0530] {processor.py:840} INFO - DAG(s) 'example_branch_operator' retrieved from /home/kali/Desktop/projects/git/bank_data_processing/myenv/lib/python3.11/site-packages/airflow/example_dags/example_branch_operator.py
[2024-07-12T02:07:06.789+0530] {logging_mixin.py:188} INFO - [2024-07-12T02:07:06.789+0530] {dag.py:3096} INFO - Sync 1 DAGs
[2024-07-12T02:07:06.823+0530] {logging_mixin.py:188} INFO - [2024-07-12T02:07:06.822+0530] {dag.py:3954} INFO - Setting next_dagrun for example_branch_operator to 2024-07-10 00:00:00+00:00, run_after=2024-07-11 00:00:00+00:00
[2024-07-12T02:07:06.855+0530] {processor.py:183} INFO - Processing /home/kali/Desktop/projects/git/bank_data_processing/myenv/lib/python3.11/site-packages/airflow/example_dags/example_branch_operator.py took 0.152 seconds
[2024-07-12T02:07:38.093+0530] {processor.py:161} INFO - Started process (PID=57928) to work on /home/kali/Desktop/projects/git/bank_data_processing/myenv/lib/python3.11/site-packages/airflow/example_dags/example_branch_operator.py
[2024-07-12T02:07:38.094+0530] {processor.py:830} INFO - Processing file /home/kali/Desktop/projects/git/bank_data_processing/myenv/lib/python3.11/site-packages/airflow/example_dags/example_branch_operator.py for tasks to queue
[2024-07-12T02:07:38.096+0530] {logging_mixin.py:188} INFO - [2024-07-12T02:07:38.096+0530] {dagbag.py:545} INFO - Filling up the DagBag from /home/kali/Desktop/projects/git/bank_data_processing/myenv/lib/python3.11/site-packages/airflow/example_dags/example_branch_operator.py
[2024-07-12T02:07:38.123+0530] {processor.py:840} INFO - DAG(s) 'example_branch_operator' retrieved from /home/kali/Desktop/projects/git/bank_data_processing/myenv/lib/python3.11/site-packages/airflow/example_dags/example_branch_operator.py
[2024-07-12T02:07:38.164+0530] {logging_mixin.py:188} INFO - [2024-07-12T02:07:38.164+0530] {dag.py:3096} INFO - Sync 1 DAGs
[2024-07-12T02:07:38.200+0530] {logging_mixin.py:188} INFO - [2024-07-12T02:07:38.200+0530] {dag.py:3954} INFO - Setting next_dagrun for example_branch_operator to 2024-07-10 00:00:00+00:00, run_after=2024-07-11 00:00:00+00:00
[2024-07-12T02:07:38.232+0530] {processor.py:183} INFO - Processing /home/kali/Desktop/projects/git/bank_data_processing/myenv/lib/python3.11/site-packages/airflow/example_dags/example_branch_operator.py took 0.150 seconds
[2024-07-12T02:08:09.290+0530] {processor.py:161} INFO - Started process (PID=58450) to work on /home/kali/Desktop/projects/git/bank_data_processing/myenv/lib/python3.11/site-packages/airflow/example_dags/example_branch_operator.py
[2024-07-12T02:08:09.291+0530] {processor.py:830} INFO - Processing file /home/kali/Desktop/projects/git/bank_data_processing/myenv/lib/python3.11/site-packages/airflow/example_dags/example_branch_operator.py for tasks to queue
[2024-07-12T02:08:09.293+0530] {logging_mixin.py:188} INFO - [2024-07-12T02:08:09.292+0530] {dagbag.py:545} INFO - Filling up the DagBag from /home/kali/Desktop/projects/git/bank_data_processing/myenv/lib/python3.11/site-packages/airflow/example_dags/example_branch_operator.py
[2024-07-12T02:08:09.317+0530] {processor.py:840} INFO - DAG(s) 'example_branch_operator' retrieved from /home/kali/Desktop/projects/git/bank_data_processing/myenv/lib/python3.11/site-packages/airflow/example_dags/example_branch_operator.py
[2024-07-12T02:08:09.349+0530] {logging_mixin.py:188} INFO - [2024-07-12T02:08:09.349+0530] {dag.py:3096} INFO - Sync 1 DAGs
[2024-07-12T02:08:09.378+0530] {logging_mixin.py:188} INFO - [2024-07-12T02:08:09.377+0530] {dag.py:3954} INFO - Setting next_dagrun for example_branch_operator to 2024-07-10 00:00:00+00:00, run_after=2024-07-11 00:00:00+00:00
[2024-07-12T02:08:09.411+0530] {processor.py:183} INFO - Processing /home/kali/Desktop/projects/git/bank_data_processing/myenv/lib/python3.11/site-packages/airflow/example_dags/example_branch_operator.py took 0.133 seconds
[2024-07-12T02:08:40.470+0530] {processor.py:161} INFO - Started process (PID=59011) to work on /home/kali/Desktop/projects/git/bank_data_processing/myenv/lib/python3.11/site-packages/airflow/example_dags/example_branch_operator.py
[2024-07-12T02:08:40.473+0530] {processor.py:830} INFO - Processing file /home/kali/Desktop/projects/git/bank_data_processing/myenv/lib/python3.11/site-packages/airflow/example_dags/example_branch_operator.py for tasks to queue
[2024-07-12T02:08:40.477+0530] {logging_mixin.py:188} INFO - [2024-07-12T02:08:40.476+0530] {dagbag.py:545} INFO - Filling up the DagBag from /home/kali/Desktop/projects/git/bank_data_processing/myenv/lib/python3.11/site-packages/airflow/example_dags/example_branch_operator.py
[2024-07-12T02:08:40.502+0530] {processor.py:840} INFO - DAG(s) 'example_branch_operator' retrieved from /home/kali/Desktop/projects/git/bank_data_processing/myenv/lib/python3.11/site-packages/airflow/example_dags/example_branch_operator.py
[2024-07-12T02:08:40.545+0530] {logging_mixin.py:188} INFO - [2024-07-12T02:08:40.545+0530] {dag.py:3096} INFO - Sync 1 DAGs
[2024-07-12T02:08:40.577+0530] {logging_mixin.py:188} INFO - [2024-07-12T02:08:40.577+0530] {dag.py:3954} INFO - Setting next_dagrun for example_branch_operator to 2024-07-10 00:00:00+00:00, run_after=2024-07-11 00:00:00+00:00
[2024-07-12T02:08:40.608+0530] {processor.py:183} INFO - Processing /home/kali/Desktop/projects/git/bank_data_processing/myenv/lib/python3.11/site-packages/airflow/example_dags/example_branch_operator.py took 0.146 seconds
[2024-07-12T02:09:11.182+0530] {processor.py:161} INFO - Started process (PID=59625) to work on /home/kali/Desktop/projects/git/bank_data_processing/myenv/lib/python3.11/site-packages/airflow/example_dags/example_branch_operator.py
[2024-07-12T02:09:11.183+0530] {processor.py:830} INFO - Processing file /home/kali/Desktop/projects/git/bank_data_processing/myenv/lib/python3.11/site-packages/airflow/example_dags/example_branch_operator.py for tasks to queue
[2024-07-12T02:09:11.185+0530] {logging_mixin.py:188} INFO - [2024-07-12T02:09:11.184+0530] {dagbag.py:545} INFO - Filling up the DagBag from /home/kali/Desktop/projects/git/bank_data_processing/myenv/lib/python3.11/site-packages/airflow/example_dags/example_branch_operator.py
[2024-07-12T02:09:11.209+0530] {processor.py:840} INFO - DAG(s) 'example_branch_operator' retrieved from /home/kali/Desktop/projects/git/bank_data_processing/myenv/lib/python3.11/site-packages/airflow/example_dags/example_branch_operator.py
[2024-07-12T02:09:11.240+0530] {logging_mixin.py:188} INFO - [2024-07-12T02:09:11.240+0530] {dag.py:3096} INFO - Sync 1 DAGs
[2024-07-12T02:09:11.266+0530] {logging_mixin.py:188} INFO - [2024-07-12T02:09:11.265+0530] {dag.py:3954} INFO - Setting next_dagrun for example_branch_operator to 2024-07-10 00:00:00+00:00, run_after=2024-07-11 00:00:00+00:00
[2024-07-12T02:09:11.291+0530] {processor.py:183} INFO - Processing /home/kali/Desktop/projects/git/bank_data_processing/myenv/lib/python3.11/site-packages/airflow/example_dags/example_branch_operator.py took 0.116 seconds
[2024-07-12T02:09:43.485+0530] {processor.py:161} INFO - Started process (PID=60362) to work on /home/kali/Desktop/projects/git/bank_data_processing/myenv/lib/python3.11/site-packages/airflow/example_dags/example_branch_operator.py
[2024-07-12T02:09:43.486+0530] {processor.py:830} INFO - Processing file /home/kali/Desktop/projects/git/bank_data_processing/myenv/lib/python3.11/site-packages/airflow/example_dags/example_branch_operator.py for tasks to queue
[2024-07-12T02:09:43.486+0530] {logging_mixin.py:188} INFO - [2024-07-12T02:09:43.486+0530] {dagbag.py:545} INFO - Filling up the DagBag from /home/kali/Desktop/projects/git/bank_data_processing/myenv/lib/python3.11/site-packages/airflow/example_dags/example_branch_operator.py
[2024-07-12T02:09:43.503+0530] {processor.py:840} INFO - DAG(s) 'example_branch_operator' retrieved from /home/kali/Desktop/projects/git/bank_data_processing/myenv/lib/python3.11/site-packages/airflow/example_dags/example_branch_operator.py
[2024-07-12T02:09:43.528+0530] {logging_mixin.py:188} INFO - [2024-07-12T02:09:43.528+0530] {dag.py:3096} INFO - Sync 1 DAGs
[2024-07-12T02:09:43.549+0530] {logging_mixin.py:188} INFO - [2024-07-12T02:09:43.548+0530] {dag.py:3954} INFO - Setting next_dagrun for example_branch_operator to 2024-07-10 00:00:00+00:00, run_after=2024-07-11 00:00:00+00:00
[2024-07-12T02:09:43.568+0530] {processor.py:183} INFO - Processing /home/kali/Desktop/projects/git/bank_data_processing/myenv/lib/python3.11/site-packages/airflow/example_dags/example_branch_operator.py took 0.090 seconds
