[2024-07-12T01:47:44.979+0530] {processor.py:161} INFO - Started process (PID=36521) to work on /home/kali/Desktop/projects/git/bank_data_processing/myenv/lib/python3.11/site-packages/airflow/example_dags/example_xcomargs.py
[2024-07-12T01:47:44.980+0530] {processor.py:830} INFO - Processing file /home/kali/Desktop/projects/git/bank_data_processing/myenv/lib/python3.11/site-packages/airflow/example_dags/example_xcomargs.py for tasks to queue
[2024-07-12T01:47:44.981+0530] {logging_mixin.py:188} INFO - [2024-07-12T01:47:44.981+0530] {dagbag.py:545} INFO - Filling up the DagBag from /home/kali/Desktop/projects/git/bank_data_processing/myenv/lib/python3.11/site-packages/airflow/example_dags/example_xcomargs.py
[2024-07-12T01:47:44.997+0530] {processor.py:840} INFO - DAG(s) 'example_xcom_args', 'example_xcom_args_with_operators' retrieved from /home/kali/Desktop/projects/git/bank_data_processing/myenv/lib/python3.11/site-packages/airflow/example_dags/example_xcomargs.py
[2024-07-12T01:47:45.197+0530] {logging_mixin.py:188} INFO - [2024-07-12T01:47:45.197+0530] {dag.py:3096} INFO - Sync 2 DAGs
[2024-07-12T01:47:45.213+0530] {logging_mixin.py:188} INFO - [2024-07-12T01:47:45.212+0530] {dag.py:3954} INFO - Setting next_dagrun for example_xcom_args to None, run_after=None
[2024-07-12T01:47:45.216+0530] {logging_mixin.py:188} INFO - [2024-07-12T01:47:45.216+0530] {dag.py:3954} INFO - Setting next_dagrun for example_xcom_args_with_operators to None, run_after=None
[2024-07-12T01:47:45.251+0530] {processor.py:183} INFO - Processing /home/kali/Desktop/projects/git/bank_data_processing/myenv/lib/python3.11/site-packages/airflow/example_dags/example_xcomargs.py took 0.282 seconds
[2024-07-12T01:48:15.391+0530] {processor.py:161} INFO - Started process (PID=37033) to work on /home/kali/Desktop/projects/git/bank_data_processing/myenv/lib/python3.11/site-packages/airflow/example_dags/example_xcomargs.py
[2024-07-12T01:48:15.392+0530] {processor.py:830} INFO - Processing file /home/kali/Desktop/projects/git/bank_data_processing/myenv/lib/python3.11/site-packages/airflow/example_dags/example_xcomargs.py for tasks to queue
[2024-07-12T01:48:15.395+0530] {logging_mixin.py:188} INFO - [2024-07-12T01:48:15.394+0530] {dagbag.py:545} INFO - Filling up the DagBag from /home/kali/Desktop/projects/git/bank_data_processing/myenv/lib/python3.11/site-packages/airflow/example_dags/example_xcomargs.py
[2024-07-12T01:48:15.407+0530] {processor.py:840} INFO - DAG(s) 'example_xcom_args_with_operators', 'example_xcom_args' retrieved from /home/kali/Desktop/projects/git/bank_data_processing/myenv/lib/python3.11/site-packages/airflow/example_dags/example_xcomargs.py
[2024-07-12T01:48:15.444+0530] {logging_mixin.py:188} INFO - [2024-07-12T01:48:15.444+0530] {dag.py:3096} INFO - Sync 2 DAGs
[2024-07-12T01:48:15.460+0530] {logging_mixin.py:188} INFO - [2024-07-12T01:48:15.460+0530] {dag.py:3954} INFO - Setting next_dagrun for example_xcom_args to None, run_after=None
[2024-07-12T01:48:15.467+0530] {logging_mixin.py:188} INFO - [2024-07-12T01:48:15.466+0530] {dag.py:3954} INFO - Setting next_dagrun for example_xcom_args_with_operators to None, run_after=None
[2024-07-12T01:48:15.493+0530] {processor.py:183} INFO - Processing /home/kali/Desktop/projects/git/bank_data_processing/myenv/lib/python3.11/site-packages/airflow/example_dags/example_xcomargs.py took 0.110 seconds
[2024-07-12T01:48:45.642+0530] {processor.py:161} INFO - Started process (PID=37408) to work on /home/kali/Desktop/projects/git/bank_data_processing/myenv/lib/python3.11/site-packages/airflow/example_dags/example_xcomargs.py
[2024-07-12T01:48:45.643+0530] {processor.py:830} INFO - Processing file /home/kali/Desktop/projects/git/bank_data_processing/myenv/lib/python3.11/site-packages/airflow/example_dags/example_xcomargs.py for tasks to queue
[2024-07-12T01:48:45.646+0530] {logging_mixin.py:188} INFO - [2024-07-12T01:48:45.645+0530] {dagbag.py:545} INFO - Filling up the DagBag from /home/kali/Desktop/projects/git/bank_data_processing/myenv/lib/python3.11/site-packages/airflow/example_dags/example_xcomargs.py
[2024-07-12T01:48:45.661+0530] {processor.py:840} INFO - DAG(s) 'example_xcom_args_with_operators', 'example_xcom_args' retrieved from /home/kali/Desktop/projects/git/bank_data_processing/myenv/lib/python3.11/site-packages/airflow/example_dags/example_xcomargs.py
[2024-07-12T01:48:45.701+0530] {logging_mixin.py:188} INFO - [2024-07-12T01:48:45.701+0530] {dag.py:3096} INFO - Sync 2 DAGs
[2024-07-12T01:48:45.718+0530] {logging_mixin.py:188} INFO - [2024-07-12T01:48:45.717+0530] {dag.py:3954} INFO - Setting next_dagrun for example_xcom_args to None, run_after=None
[2024-07-12T01:48:45.725+0530] {logging_mixin.py:188} INFO - [2024-07-12T01:48:45.725+0530] {dag.py:3954} INFO - Setting next_dagrun for example_xcom_args_with_operators to None, run_after=None
[2024-07-12T01:48:45.751+0530] {processor.py:183} INFO - Processing /home/kali/Desktop/projects/git/bank_data_processing/myenv/lib/python3.11/site-packages/airflow/example_dags/example_xcomargs.py took 0.119 seconds
[2024-07-12T01:49:16.451+0530] {processor.py:161} INFO - Started process (PID=37882) to work on /home/kali/Desktop/projects/git/bank_data_processing/myenv/lib/python3.11/site-packages/airflow/example_dags/example_xcomargs.py
[2024-07-12T01:49:16.452+0530] {processor.py:830} INFO - Processing file /home/kali/Desktop/projects/git/bank_data_processing/myenv/lib/python3.11/site-packages/airflow/example_dags/example_xcomargs.py for tasks to queue
[2024-07-12T01:49:16.454+0530] {logging_mixin.py:188} INFO - [2024-07-12T01:49:16.453+0530] {dagbag.py:545} INFO - Filling up the DagBag from /home/kali/Desktop/projects/git/bank_data_processing/myenv/lib/python3.11/site-packages/airflow/example_dags/example_xcomargs.py
[2024-07-12T01:49:16.463+0530] {processor.py:840} INFO - DAG(s) 'example_xcom_args_with_operators', 'example_xcom_args' retrieved from /home/kali/Desktop/projects/git/bank_data_processing/myenv/lib/python3.11/site-packages/airflow/example_dags/example_xcomargs.py
[2024-07-12T01:49:16.483+0530] {logging_mixin.py:188} INFO - [2024-07-12T01:49:16.483+0530] {dag.py:3096} INFO - Sync 2 DAGs
[2024-07-12T01:49:16.601+0530] {logging_mixin.py:188} INFO - [2024-07-12T01:49:16.600+0530] {dag.py:3954} INFO - Setting next_dagrun for example_xcom_args to None, run_after=None
[2024-07-12T01:49:16.605+0530] {logging_mixin.py:188} INFO - [2024-07-12T01:49:16.604+0530] {dag.py:3954} INFO - Setting next_dagrun for example_xcom_args_with_operators to None, run_after=None
[2024-07-12T01:49:16.623+0530] {processor.py:183} INFO - Processing /home/kali/Desktop/projects/git/bank_data_processing/myenv/lib/python3.11/site-packages/airflow/example_dags/example_xcomargs.py took 0.179 seconds
[2024-07-12T01:49:47.277+0530] {processor.py:161} INFO - Started process (PID=38205) to work on /home/kali/Desktop/projects/git/bank_data_processing/myenv/lib/python3.11/site-packages/airflow/example_dags/example_xcomargs.py
[2024-07-12T01:49:47.278+0530] {processor.py:830} INFO - Processing file /home/kali/Desktop/projects/git/bank_data_processing/myenv/lib/python3.11/site-packages/airflow/example_dags/example_xcomargs.py for tasks to queue
[2024-07-12T01:49:47.279+0530] {logging_mixin.py:188} INFO - [2024-07-12T01:49:47.279+0530] {dagbag.py:545} INFO - Filling up the DagBag from /home/kali/Desktop/projects/git/bank_data_processing/myenv/lib/python3.11/site-packages/airflow/example_dags/example_xcomargs.py
[2024-07-12T01:49:47.287+0530] {processor.py:840} INFO - DAG(s) 'example_xcom_args_with_operators', 'example_xcom_args' retrieved from /home/kali/Desktop/projects/git/bank_data_processing/myenv/lib/python3.11/site-packages/airflow/example_dags/example_xcomargs.py
[2024-07-12T01:49:47.309+0530] {logging_mixin.py:188} INFO - [2024-07-12T01:49:47.308+0530] {dag.py:3096} INFO - Sync 2 DAGs
[2024-07-12T01:49:47.320+0530] {logging_mixin.py:188} INFO - [2024-07-12T01:49:47.320+0530] {dag.py:3954} INFO - Setting next_dagrun for example_xcom_args to None, run_after=None
[2024-07-12T01:49:47.325+0530] {logging_mixin.py:188} INFO - [2024-07-12T01:49:47.324+0530] {dag.py:3954} INFO - Setting next_dagrun for example_xcom_args_with_operators to None, run_after=None
[2024-07-12T01:49:47.344+0530] {processor.py:183} INFO - Processing /home/kali/Desktop/projects/git/bank_data_processing/myenv/lib/python3.11/site-packages/airflow/example_dags/example_xcomargs.py took 0.073 seconds
[2024-07-12T01:50:18.444+0530] {processor.py:161} INFO - Started process (PID=38561) to work on /home/kali/Desktop/projects/git/bank_data_processing/myenv/lib/python3.11/site-packages/airflow/example_dags/example_xcomargs.py
[2024-07-12T01:50:18.446+0530] {processor.py:830} INFO - Processing file /home/kali/Desktop/projects/git/bank_data_processing/myenv/lib/python3.11/site-packages/airflow/example_dags/example_xcomargs.py for tasks to queue
[2024-07-12T01:50:18.450+0530] {logging_mixin.py:188} INFO - [2024-07-12T01:50:18.449+0530] {dagbag.py:545} INFO - Filling up the DagBag from /home/kali/Desktop/projects/git/bank_data_processing/myenv/lib/python3.11/site-packages/airflow/example_dags/example_xcomargs.py
[2024-07-12T01:50:18.471+0530] {processor.py:840} INFO - DAG(s) 'example_xcom_args_with_operators', 'example_xcom_args' retrieved from /home/kali/Desktop/projects/git/bank_data_processing/myenv/lib/python3.11/site-packages/airflow/example_dags/example_xcomargs.py
[2024-07-12T01:50:18.515+0530] {logging_mixin.py:188} INFO - [2024-07-12T01:50:18.514+0530] {dag.py:3096} INFO - Sync 2 DAGs
[2024-07-12T01:50:18.535+0530] {logging_mixin.py:188} INFO - [2024-07-12T01:50:18.535+0530] {dag.py:3954} INFO - Setting next_dagrun for example_xcom_args to None, run_after=None
[2024-07-12T01:50:18.541+0530] {logging_mixin.py:188} INFO - [2024-07-12T01:50:18.540+0530] {dag.py:3954} INFO - Setting next_dagrun for example_xcom_args_with_operators to None, run_after=None
[2024-07-12T01:50:18.574+0530] {processor.py:183} INFO - Processing /home/kali/Desktop/projects/git/bank_data_processing/myenv/lib/python3.11/site-packages/airflow/example_dags/example_xcomargs.py took 0.144 seconds
[2024-07-12T01:50:49.082+0530] {processor.py:161} INFO - Started process (PID=39002) to work on /home/kali/Desktop/projects/git/bank_data_processing/myenv/lib/python3.11/site-packages/airflow/example_dags/example_xcomargs.py
[2024-07-12T01:50:49.084+0530] {processor.py:830} INFO - Processing file /home/kali/Desktop/projects/git/bank_data_processing/myenv/lib/python3.11/site-packages/airflow/example_dags/example_xcomargs.py for tasks to queue
[2024-07-12T01:50:49.086+0530] {logging_mixin.py:188} INFO - [2024-07-12T01:50:49.085+0530] {dagbag.py:545} INFO - Filling up the DagBag from /home/kali/Desktop/projects/git/bank_data_processing/myenv/lib/python3.11/site-packages/airflow/example_dags/example_xcomargs.py
[2024-07-12T01:50:49.096+0530] {processor.py:840} INFO - DAG(s) 'example_xcom_args', 'example_xcom_args_with_operators' retrieved from /home/kali/Desktop/projects/git/bank_data_processing/myenv/lib/python3.11/site-packages/airflow/example_dags/example_xcomargs.py
[2024-07-12T01:50:49.122+0530] {logging_mixin.py:188} INFO - [2024-07-12T01:50:49.121+0530] {dag.py:3096} INFO - Sync 2 DAGs
[2024-07-12T01:50:49.135+0530] {logging_mixin.py:188} INFO - [2024-07-12T01:50:49.135+0530] {dag.py:3954} INFO - Setting next_dagrun for example_xcom_args to None, run_after=None
[2024-07-12T01:50:49.140+0530] {logging_mixin.py:188} INFO - [2024-07-12T01:50:49.140+0530] {dag.py:3954} INFO - Setting next_dagrun for example_xcom_args_with_operators to None, run_after=None
[2024-07-12T01:50:49.185+0530] {processor.py:183} INFO - Processing /home/kali/Desktop/projects/git/bank_data_processing/myenv/lib/python3.11/site-packages/airflow/example_dags/example_xcomargs.py took 0.110 seconds
[2024-07-12T01:51:19.414+0530] {processor.py:161} INFO - Started process (PID=39396) to work on /home/kali/Desktop/projects/git/bank_data_processing/myenv/lib/python3.11/site-packages/airflow/example_dags/example_xcomargs.py
[2024-07-12T01:51:19.415+0530] {processor.py:830} INFO - Processing file /home/kali/Desktop/projects/git/bank_data_processing/myenv/lib/python3.11/site-packages/airflow/example_dags/example_xcomargs.py for tasks to queue
[2024-07-12T01:51:19.417+0530] {logging_mixin.py:188} INFO - [2024-07-12T01:51:19.417+0530] {dagbag.py:545} INFO - Filling up the DagBag from /home/kali/Desktop/projects/git/bank_data_processing/myenv/lib/python3.11/site-packages/airflow/example_dags/example_xcomargs.py
[2024-07-12T01:51:19.429+0530] {processor.py:840} INFO - DAG(s) 'example_xcom_args', 'example_xcom_args_with_operators' retrieved from /home/kali/Desktop/projects/git/bank_data_processing/myenv/lib/python3.11/site-packages/airflow/example_dags/example_xcomargs.py
[2024-07-12T01:51:19.456+0530] {logging_mixin.py:188} INFO - [2024-07-12T01:51:19.455+0530] {dag.py:3096} INFO - Sync 2 DAGs
[2024-07-12T01:51:19.468+0530] {logging_mixin.py:188} INFO - [2024-07-12T01:51:19.468+0530] {dag.py:3954} INFO - Setting next_dagrun for example_xcom_args to None, run_after=None
[2024-07-12T01:51:19.472+0530] {logging_mixin.py:188} INFO - [2024-07-12T01:51:19.472+0530] {dag.py:3954} INFO - Setting next_dagrun for example_xcom_args_with_operators to None, run_after=None
[2024-07-12T01:51:19.492+0530] {processor.py:183} INFO - Processing /home/kali/Desktop/projects/git/bank_data_processing/myenv/lib/python3.11/site-packages/airflow/example_dags/example_xcomargs.py took 0.084 seconds
[2024-07-12T01:51:50.422+0530] {processor.py:161} INFO - Started process (PID=39968) to work on /home/kali/Desktop/projects/git/bank_data_processing/myenv/lib/python3.11/site-packages/airflow/example_dags/example_xcomargs.py
[2024-07-12T01:51:50.423+0530] {processor.py:830} INFO - Processing file /home/kali/Desktop/projects/git/bank_data_processing/myenv/lib/python3.11/site-packages/airflow/example_dags/example_xcomargs.py for tasks to queue
[2024-07-12T01:51:50.425+0530] {logging_mixin.py:188} INFO - [2024-07-12T01:51:50.424+0530] {dagbag.py:545} INFO - Filling up the DagBag from /home/kali/Desktop/projects/git/bank_data_processing/myenv/lib/python3.11/site-packages/airflow/example_dags/example_xcomargs.py
[2024-07-12T01:51:50.437+0530] {processor.py:840} INFO - DAG(s) 'example_xcom_args', 'example_xcom_args_with_operators' retrieved from /home/kali/Desktop/projects/git/bank_data_processing/myenv/lib/python3.11/site-packages/airflow/example_dags/example_xcomargs.py
[2024-07-12T01:51:50.470+0530] {logging_mixin.py:188} INFO - [2024-07-12T01:51:50.470+0530] {dag.py:3096} INFO - Sync 2 DAGs
[2024-07-12T01:51:50.486+0530] {logging_mixin.py:188} INFO - [2024-07-12T01:51:50.486+0530] {dag.py:3954} INFO - Setting next_dagrun for example_xcom_args to None, run_after=None
[2024-07-12T01:51:50.490+0530] {logging_mixin.py:188} INFO - [2024-07-12T01:51:50.490+0530] {dag.py:3954} INFO - Setting next_dagrun for example_xcom_args_with_operators to None, run_after=None
[2024-07-12T01:51:50.519+0530] {processor.py:183} INFO - Processing /home/kali/Desktop/projects/git/bank_data_processing/myenv/lib/python3.11/site-packages/airflow/example_dags/example_xcomargs.py took 0.110 seconds
[2024-07-12T01:52:20.892+0530] {processor.py:161} INFO - Started process (PID=40662) to work on /home/kali/Desktop/projects/git/bank_data_processing/myenv/lib/python3.11/site-packages/airflow/example_dags/example_xcomargs.py
[2024-07-12T01:52:20.892+0530] {processor.py:830} INFO - Processing file /home/kali/Desktop/projects/git/bank_data_processing/myenv/lib/python3.11/site-packages/airflow/example_dags/example_xcomargs.py for tasks to queue
[2024-07-12T01:52:20.894+0530] {logging_mixin.py:188} INFO - [2024-07-12T01:52:20.894+0530] {dagbag.py:545} INFO - Filling up the DagBag from /home/kali/Desktop/projects/git/bank_data_processing/myenv/lib/python3.11/site-packages/airflow/example_dags/example_xcomargs.py
[2024-07-12T01:52:20.902+0530] {processor.py:840} INFO - DAG(s) 'example_xcom_args_with_operators', 'example_xcom_args' retrieved from /home/kali/Desktop/projects/git/bank_data_processing/myenv/lib/python3.11/site-packages/airflow/example_dags/example_xcomargs.py
[2024-07-12T01:52:20.922+0530] {logging_mixin.py:188} INFO - [2024-07-12T01:52:20.922+0530] {dag.py:3096} INFO - Sync 2 DAGs
[2024-07-12T01:52:20.933+0530] {logging_mixin.py:188} INFO - [2024-07-12T01:52:20.933+0530] {dag.py:3954} INFO - Setting next_dagrun for example_xcom_args to None, run_after=None
[2024-07-12T01:52:20.937+0530] {logging_mixin.py:188} INFO - [2024-07-12T01:52:20.937+0530] {dag.py:3954} INFO - Setting next_dagrun for example_xcom_args_with_operators to None, run_after=None
[2024-07-12T01:52:20.956+0530] {processor.py:183} INFO - Processing /home/kali/Desktop/projects/git/bank_data_processing/myenv/lib/python3.11/site-packages/airflow/example_dags/example_xcomargs.py took 0.073 seconds
[2024-07-12T01:52:51.110+0530] {processor.py:161} INFO - Started process (PID=41304) to work on /home/kali/Desktop/projects/git/bank_data_processing/myenv/lib/python3.11/site-packages/airflow/example_dags/example_xcomargs.py
[2024-07-12T01:52:51.111+0530] {processor.py:830} INFO - Processing file /home/kali/Desktop/projects/git/bank_data_processing/myenv/lib/python3.11/site-packages/airflow/example_dags/example_xcomargs.py for tasks to queue
[2024-07-12T01:52:51.112+0530] {logging_mixin.py:188} INFO - [2024-07-12T01:52:51.112+0530] {dagbag.py:545} INFO - Filling up the DagBag from /home/kali/Desktop/projects/git/bank_data_processing/myenv/lib/python3.11/site-packages/airflow/example_dags/example_xcomargs.py
[2024-07-12T01:52:51.121+0530] {processor.py:840} INFO - DAG(s) 'example_xcom_args_with_operators', 'example_xcom_args' retrieved from /home/kali/Desktop/projects/git/bank_data_processing/myenv/lib/python3.11/site-packages/airflow/example_dags/example_xcomargs.py
[2024-07-12T01:52:51.142+0530] {logging_mixin.py:188} INFO - [2024-07-12T01:52:51.141+0530] {dag.py:3096} INFO - Sync 2 DAGs
[2024-07-12T01:52:51.154+0530] {logging_mixin.py:188} INFO - [2024-07-12T01:52:51.154+0530] {dag.py:3954} INFO - Setting next_dagrun for example_xcom_args to None, run_after=None
[2024-07-12T01:52:51.158+0530] {logging_mixin.py:188} INFO - [2024-07-12T01:52:51.157+0530] {dag.py:3954} INFO - Setting next_dagrun for example_xcom_args_with_operators to None, run_after=None
[2024-07-12T01:52:51.175+0530] {processor.py:183} INFO - Processing /home/kali/Desktop/projects/git/bank_data_processing/myenv/lib/python3.11/site-packages/airflow/example_dags/example_xcomargs.py took 0.074 seconds
[2024-07-12T01:53:22.208+0530] {processor.py:161} INFO - Started process (PID=41942) to work on /home/kali/Desktop/projects/git/bank_data_processing/myenv/lib/python3.11/site-packages/airflow/example_dags/example_xcomargs.py
[2024-07-12T01:53:22.209+0530] {processor.py:830} INFO - Processing file /home/kali/Desktop/projects/git/bank_data_processing/myenv/lib/python3.11/site-packages/airflow/example_dags/example_xcomargs.py for tasks to queue
[2024-07-12T01:53:22.211+0530] {logging_mixin.py:188} INFO - [2024-07-12T01:53:22.211+0530] {dagbag.py:545} INFO - Filling up the DagBag from /home/kali/Desktop/projects/git/bank_data_processing/myenv/lib/python3.11/site-packages/airflow/example_dags/example_xcomargs.py
[2024-07-12T01:53:22.223+0530] {processor.py:840} INFO - DAG(s) 'example_xcom_args', 'example_xcom_args_with_operators' retrieved from /home/kali/Desktop/projects/git/bank_data_processing/myenv/lib/python3.11/site-packages/airflow/example_dags/example_xcomargs.py
[2024-07-12T01:53:22.254+0530] {logging_mixin.py:188} INFO - [2024-07-12T01:53:22.254+0530] {dag.py:3096} INFO - Sync 2 DAGs
[2024-07-12T01:53:22.272+0530] {logging_mixin.py:188} INFO - [2024-07-12T01:53:22.271+0530] {dag.py:3954} INFO - Setting next_dagrun for example_xcom_args to None, run_after=None
[2024-07-12T01:53:22.279+0530] {logging_mixin.py:188} INFO - [2024-07-12T01:53:22.279+0530] {dag.py:3954} INFO - Setting next_dagrun for example_xcom_args_with_operators to None, run_after=None
[2024-07-12T01:53:22.304+0530] {processor.py:183} INFO - Processing /home/kali/Desktop/projects/git/bank_data_processing/myenv/lib/python3.11/site-packages/airflow/example_dags/example_xcomargs.py took 0.107 seconds
[2024-07-12T01:53:52.656+0530] {processor.py:161} INFO - Started process (PID=42666) to work on /home/kali/Desktop/projects/git/bank_data_processing/myenv/lib/python3.11/site-packages/airflow/example_dags/example_xcomargs.py
[2024-07-12T01:53:52.658+0530] {processor.py:830} INFO - Processing file /home/kali/Desktop/projects/git/bank_data_processing/myenv/lib/python3.11/site-packages/airflow/example_dags/example_xcomargs.py for tasks to queue
[2024-07-12T01:53:52.660+0530] {logging_mixin.py:188} INFO - [2024-07-12T01:53:52.659+0530] {dagbag.py:545} INFO - Filling up the DagBag from /home/kali/Desktop/projects/git/bank_data_processing/myenv/lib/python3.11/site-packages/airflow/example_dags/example_xcomargs.py
[2024-07-12T01:53:52.670+0530] {processor.py:840} INFO - DAG(s) 'example_xcom_args_with_operators', 'example_xcom_args' retrieved from /home/kali/Desktop/projects/git/bank_data_processing/myenv/lib/python3.11/site-packages/airflow/example_dags/example_xcomargs.py
[2024-07-12T01:53:52.696+0530] {logging_mixin.py:188} INFO - [2024-07-12T01:53:52.695+0530] {dag.py:3096} INFO - Sync 2 DAGs
[2024-07-12T01:53:52.715+0530] {logging_mixin.py:188} INFO - [2024-07-12T01:53:52.715+0530] {dag.py:3954} INFO - Setting next_dagrun for example_xcom_args to None, run_after=None
[2024-07-12T01:53:52.720+0530] {logging_mixin.py:188} INFO - [2024-07-12T01:53:52.720+0530] {dag.py:3954} INFO - Setting next_dagrun for example_xcom_args_with_operators to None, run_after=None
[2024-07-12T01:53:52.751+0530] {processor.py:183} INFO - Processing /home/kali/Desktop/projects/git/bank_data_processing/myenv/lib/python3.11/site-packages/airflow/example_dags/example_xcomargs.py took 0.113 seconds
[2024-07-12T01:54:23.240+0530] {processor.py:161} INFO - Started process (PID=43306) to work on /home/kali/Desktop/projects/git/bank_data_processing/myenv/lib/python3.11/site-packages/airflow/example_dags/example_xcomargs.py
[2024-07-12T01:54:23.240+0530] {processor.py:830} INFO - Processing file /home/kali/Desktop/projects/git/bank_data_processing/myenv/lib/python3.11/site-packages/airflow/example_dags/example_xcomargs.py for tasks to queue
[2024-07-12T01:54:23.242+0530] {logging_mixin.py:188} INFO - [2024-07-12T01:54:23.242+0530] {dagbag.py:545} INFO - Filling up the DagBag from /home/kali/Desktop/projects/git/bank_data_processing/myenv/lib/python3.11/site-packages/airflow/example_dags/example_xcomargs.py
[2024-07-12T01:54:23.250+0530] {processor.py:840} INFO - DAG(s) 'example_xcom_args', 'example_xcom_args_with_operators' retrieved from /home/kali/Desktop/projects/git/bank_data_processing/myenv/lib/python3.11/site-packages/airflow/example_dags/example_xcomargs.py
[2024-07-12T01:54:23.270+0530] {logging_mixin.py:188} INFO - [2024-07-12T01:54:23.270+0530] {dag.py:3096} INFO - Sync 2 DAGs
[2024-07-12T01:54:23.281+0530] {logging_mixin.py:188} INFO - [2024-07-12T01:54:23.281+0530] {dag.py:3954} INFO - Setting next_dagrun for example_xcom_args to None, run_after=None
[2024-07-12T01:54:23.285+0530] {logging_mixin.py:188} INFO - [2024-07-12T01:54:23.285+0530] {dag.py:3954} INFO - Setting next_dagrun for example_xcom_args_with_operators to None, run_after=None
[2024-07-12T01:54:23.309+0530] {processor.py:183} INFO - Processing /home/kali/Desktop/projects/git/bank_data_processing/myenv/lib/python3.11/site-packages/airflow/example_dags/example_xcomargs.py took 0.079 seconds
[2024-07-12T01:54:53.358+0530] {processor.py:161} INFO - Started process (PID=43878) to work on /home/kali/Desktop/projects/git/bank_data_processing/myenv/lib/python3.11/site-packages/airflow/example_dags/example_xcomargs.py
[2024-07-12T01:54:53.359+0530] {processor.py:830} INFO - Processing file /home/kali/Desktop/projects/git/bank_data_processing/myenv/lib/python3.11/site-packages/airflow/example_dags/example_xcomargs.py for tasks to queue
[2024-07-12T01:54:53.361+0530] {logging_mixin.py:188} INFO - [2024-07-12T01:54:53.361+0530] {dagbag.py:545} INFO - Filling up the DagBag from /home/kali/Desktop/projects/git/bank_data_processing/myenv/lib/python3.11/site-packages/airflow/example_dags/example_xcomargs.py
[2024-07-12T01:54:53.375+0530] {processor.py:840} INFO - DAG(s) 'example_xcom_args_with_operators', 'example_xcom_args' retrieved from /home/kali/Desktop/projects/git/bank_data_processing/myenv/lib/python3.11/site-packages/airflow/example_dags/example_xcomargs.py
[2024-07-12T01:54:53.401+0530] {logging_mixin.py:188} INFO - [2024-07-12T01:54:53.401+0530] {dag.py:3096} INFO - Sync 2 DAGs
[2024-07-12T01:54:53.416+0530] {logging_mixin.py:188} INFO - [2024-07-12T01:54:53.416+0530] {dag.py:3954} INFO - Setting next_dagrun for example_xcom_args to None, run_after=None
[2024-07-12T01:54:53.422+0530] {logging_mixin.py:188} INFO - [2024-07-12T01:54:53.421+0530] {dag.py:3954} INFO - Setting next_dagrun for example_xcom_args_with_operators to None, run_after=None
[2024-07-12T01:54:53.443+0530] {processor.py:183} INFO - Processing /home/kali/Desktop/projects/git/bank_data_processing/myenv/lib/python3.11/site-packages/airflow/example_dags/example_xcomargs.py took 0.093 seconds
[2024-07-12T01:55:24.114+0530] {processor.py:161} INFO - Started process (PID=44409) to work on /home/kali/Desktop/projects/git/bank_data_processing/myenv/lib/python3.11/site-packages/airflow/example_dags/example_xcomargs.py
[2024-07-12T01:55:24.117+0530] {processor.py:830} INFO - Processing file /home/kali/Desktop/projects/git/bank_data_processing/myenv/lib/python3.11/site-packages/airflow/example_dags/example_xcomargs.py for tasks to queue
[2024-07-12T01:55:24.121+0530] {logging_mixin.py:188} INFO - [2024-07-12T01:55:24.120+0530] {dagbag.py:545} INFO - Filling up the DagBag from /home/kali/Desktop/projects/git/bank_data_processing/myenv/lib/python3.11/site-packages/airflow/example_dags/example_xcomargs.py
[2024-07-12T01:55:24.138+0530] {processor.py:840} INFO - DAG(s) 'example_xcom_args', 'example_xcom_args_with_operators' retrieved from /home/kali/Desktop/projects/git/bank_data_processing/myenv/lib/python3.11/site-packages/airflow/example_dags/example_xcomargs.py
[2024-07-12T01:55:24.174+0530] {logging_mixin.py:188} INFO - [2024-07-12T01:55:24.173+0530] {dag.py:3096} INFO - Sync 2 DAGs
[2024-07-12T01:55:24.193+0530] {logging_mixin.py:188} INFO - [2024-07-12T01:55:24.193+0530] {dag.py:3954} INFO - Setting next_dagrun for example_xcom_args to None, run_after=None
[2024-07-12T01:55:24.198+0530] {logging_mixin.py:188} INFO - [2024-07-12T01:55:24.198+0530] {dag.py:3954} INFO - Setting next_dagrun for example_xcom_args_with_operators to None, run_after=None
[2024-07-12T01:55:24.236+0530] {processor.py:183} INFO - Processing /home/kali/Desktop/projects/git/bank_data_processing/myenv/lib/python3.11/site-packages/airflow/example_dags/example_xcomargs.py took 0.146 seconds
[2024-07-12T01:55:54.636+0530] {processor.py:161} INFO - Started process (PID=44890) to work on /home/kali/Desktop/projects/git/bank_data_processing/myenv/lib/python3.11/site-packages/airflow/example_dags/example_xcomargs.py
[2024-07-12T01:55:54.637+0530] {processor.py:830} INFO - Processing file /home/kali/Desktop/projects/git/bank_data_processing/myenv/lib/python3.11/site-packages/airflow/example_dags/example_xcomargs.py for tasks to queue
[2024-07-12T01:55:54.639+0530] {logging_mixin.py:188} INFO - [2024-07-12T01:55:54.639+0530] {dagbag.py:545} INFO - Filling up the DagBag from /home/kali/Desktop/projects/git/bank_data_processing/myenv/lib/python3.11/site-packages/airflow/example_dags/example_xcomargs.py
[2024-07-12T01:55:54.651+0530] {processor.py:840} INFO - DAG(s) 'example_xcom_args_with_operators', 'example_xcom_args' retrieved from /home/kali/Desktop/projects/git/bank_data_processing/myenv/lib/python3.11/site-packages/airflow/example_dags/example_xcomargs.py
[2024-07-12T01:55:54.674+0530] {logging_mixin.py:188} INFO - [2024-07-12T01:55:54.674+0530] {dag.py:3096} INFO - Sync 2 DAGs
[2024-07-12T01:55:54.687+0530] {logging_mixin.py:188} INFO - [2024-07-12T01:55:54.687+0530] {dag.py:3954} INFO - Setting next_dagrun for example_xcom_args to None, run_after=None
[2024-07-12T01:55:54.691+0530] {logging_mixin.py:188} INFO - [2024-07-12T01:55:54.691+0530] {dag.py:3954} INFO - Setting next_dagrun for example_xcom_args_with_operators to None, run_after=None
[2024-07-12T01:55:54.710+0530] {processor.py:183} INFO - Processing /home/kali/Desktop/projects/git/bank_data_processing/myenv/lib/python3.11/site-packages/airflow/example_dags/example_xcomargs.py took 0.085 seconds
[2024-07-12T01:56:24.997+0530] {processor.py:161} INFO - Started process (PID=45351) to work on /home/kali/Desktop/projects/git/bank_data_processing/myenv/lib/python3.11/site-packages/airflow/example_dags/example_xcomargs.py
[2024-07-12T01:56:24.998+0530] {processor.py:830} INFO - Processing file /home/kali/Desktop/projects/git/bank_data_processing/myenv/lib/python3.11/site-packages/airflow/example_dags/example_xcomargs.py for tasks to queue
[2024-07-12T01:56:25.000+0530] {logging_mixin.py:188} INFO - [2024-07-12T01:56:24.999+0530] {dagbag.py:545} INFO - Filling up the DagBag from /home/kali/Desktop/projects/git/bank_data_processing/myenv/lib/python3.11/site-packages/airflow/example_dags/example_xcomargs.py
[2024-07-12T01:56:25.011+0530] {processor.py:840} INFO - DAG(s) 'example_xcom_args', 'example_xcom_args_with_operators' retrieved from /home/kali/Desktop/projects/git/bank_data_processing/myenv/lib/python3.11/site-packages/airflow/example_dags/example_xcomargs.py
[2024-07-12T01:56:25.049+0530] {logging_mixin.py:188} INFO - [2024-07-12T01:56:25.049+0530] {dag.py:3096} INFO - Sync 2 DAGs
[2024-07-12T01:56:25.066+0530] {logging_mixin.py:188} INFO - [2024-07-12T01:56:25.066+0530] {dag.py:3954} INFO - Setting next_dagrun for example_xcom_args to None, run_after=None
[2024-07-12T01:56:25.070+0530] {logging_mixin.py:188} INFO - [2024-07-12T01:56:25.070+0530] {dag.py:3954} INFO - Setting next_dagrun for example_xcom_args_with_operators to None, run_after=None
[2024-07-12T01:56:25.100+0530] {processor.py:183} INFO - Processing /home/kali/Desktop/projects/git/bank_data_processing/myenv/lib/python3.11/site-packages/airflow/example_dags/example_xcomargs.py took 0.117 seconds
[2024-07-12T01:56:55.283+0530] {processor.py:161} INFO - Started process (PID=45928) to work on /home/kali/Desktop/projects/git/bank_data_processing/myenv/lib/python3.11/site-packages/airflow/example_dags/example_xcomargs.py
[2024-07-12T01:56:55.284+0530] {processor.py:830} INFO - Processing file /home/kali/Desktop/projects/git/bank_data_processing/myenv/lib/python3.11/site-packages/airflow/example_dags/example_xcomargs.py for tasks to queue
[2024-07-12T01:56:55.285+0530] {logging_mixin.py:188} INFO - [2024-07-12T01:56:55.285+0530] {dagbag.py:545} INFO - Filling up the DagBag from /home/kali/Desktop/projects/git/bank_data_processing/myenv/lib/python3.11/site-packages/airflow/example_dags/example_xcomargs.py
[2024-07-12T01:56:55.294+0530] {processor.py:840} INFO - DAG(s) 'example_xcom_args', 'example_xcom_args_with_operators' retrieved from /home/kali/Desktop/projects/git/bank_data_processing/myenv/lib/python3.11/site-packages/airflow/example_dags/example_xcomargs.py
[2024-07-12T01:56:55.321+0530] {logging_mixin.py:188} INFO - [2024-07-12T01:56:55.320+0530] {dag.py:3096} INFO - Sync 2 DAGs
[2024-07-12T01:56:55.336+0530] {logging_mixin.py:188} INFO - [2024-07-12T01:56:55.336+0530] {dag.py:3954} INFO - Setting next_dagrun for example_xcom_args to None, run_after=None
[2024-07-12T01:56:55.341+0530] {logging_mixin.py:188} INFO - [2024-07-12T01:56:55.341+0530] {dag.py:3954} INFO - Setting next_dagrun for example_xcom_args_with_operators to None, run_after=None
[2024-07-12T01:56:55.367+0530] {processor.py:183} INFO - Processing /home/kali/Desktop/projects/git/bank_data_processing/myenv/lib/python3.11/site-packages/airflow/example_dags/example_xcomargs.py took 0.093 seconds
[2024-07-12T01:57:25.505+0530] {processor.py:161} INFO - Started process (PID=46456) to work on /home/kali/Desktop/projects/git/bank_data_processing/myenv/lib/python3.11/site-packages/airflow/example_dags/example_xcomargs.py
[2024-07-12T01:57:25.506+0530] {processor.py:830} INFO - Processing file /home/kali/Desktop/projects/git/bank_data_processing/myenv/lib/python3.11/site-packages/airflow/example_dags/example_xcomargs.py for tasks to queue
[2024-07-12T01:57:25.507+0530] {logging_mixin.py:188} INFO - [2024-07-12T01:57:25.507+0530] {dagbag.py:545} INFO - Filling up the DagBag from /home/kali/Desktop/projects/git/bank_data_processing/myenv/lib/python3.11/site-packages/airflow/example_dags/example_xcomargs.py
[2024-07-12T01:57:25.515+0530] {processor.py:840} INFO - DAG(s) 'example_xcom_args', 'example_xcom_args_with_operators' retrieved from /home/kali/Desktop/projects/git/bank_data_processing/myenv/lib/python3.11/site-packages/airflow/example_dags/example_xcomargs.py
[2024-07-12T01:57:25.534+0530] {logging_mixin.py:188} INFO - [2024-07-12T01:57:25.534+0530] {dag.py:3096} INFO - Sync 2 DAGs
[2024-07-12T01:57:25.547+0530] {logging_mixin.py:188} INFO - [2024-07-12T01:57:25.547+0530] {dag.py:3954} INFO - Setting next_dagrun for example_xcom_args to None, run_after=None
[2024-07-12T01:57:25.550+0530] {logging_mixin.py:188} INFO - [2024-07-12T01:57:25.550+0530] {dag.py:3954} INFO - Setting next_dagrun for example_xcom_args_with_operators to None, run_after=None
[2024-07-12T01:57:25.566+0530] {processor.py:183} INFO - Processing /home/kali/Desktop/projects/git/bank_data_processing/myenv/lib/python3.11/site-packages/airflow/example_dags/example_xcomargs.py took 0.069 seconds
[2024-07-12T01:57:55.974+0530] {processor.py:161} INFO - Started process (PID=46943) to work on /home/kali/Desktop/projects/git/bank_data_processing/myenv/lib/python3.11/site-packages/airflow/example_dags/example_xcomargs.py
[2024-07-12T01:57:55.975+0530] {processor.py:830} INFO - Processing file /home/kali/Desktop/projects/git/bank_data_processing/myenv/lib/python3.11/site-packages/airflow/example_dags/example_xcomargs.py for tasks to queue
[2024-07-12T01:57:55.977+0530] {logging_mixin.py:188} INFO - [2024-07-12T01:57:55.976+0530] {dagbag.py:545} INFO - Filling up the DagBag from /home/kali/Desktop/projects/git/bank_data_processing/myenv/lib/python3.11/site-packages/airflow/example_dags/example_xcomargs.py
[2024-07-12T01:57:55.984+0530] {processor.py:840} INFO - DAG(s) 'example_xcom_args', 'example_xcom_args_with_operators' retrieved from /home/kali/Desktop/projects/git/bank_data_processing/myenv/lib/python3.11/site-packages/airflow/example_dags/example_xcomargs.py
[2024-07-12T01:57:56.004+0530] {logging_mixin.py:188} INFO - [2024-07-12T01:57:56.004+0530] {dag.py:3096} INFO - Sync 2 DAGs
[2024-07-12T01:57:56.015+0530] {logging_mixin.py:188} INFO - [2024-07-12T01:57:56.015+0530] {dag.py:3954} INFO - Setting next_dagrun for example_xcom_args to None, run_after=None
[2024-07-12T01:57:56.019+0530] {logging_mixin.py:188} INFO - [2024-07-12T01:57:56.019+0530] {dag.py:3954} INFO - Setting next_dagrun for example_xcom_args_with_operators to None, run_after=None
[2024-07-12T01:57:56.035+0530] {processor.py:183} INFO - Processing /home/kali/Desktop/projects/git/bank_data_processing/myenv/lib/python3.11/site-packages/airflow/example_dags/example_xcomargs.py took 0.070 seconds
[2024-07-12T01:58:26.370+0530] {processor.py:161} INFO - Started process (PID=47421) to work on /home/kali/Desktop/projects/git/bank_data_processing/myenv/lib/python3.11/site-packages/airflow/example_dags/example_xcomargs.py
[2024-07-12T01:58:26.371+0530] {processor.py:830} INFO - Processing file /home/kali/Desktop/projects/git/bank_data_processing/myenv/lib/python3.11/site-packages/airflow/example_dags/example_xcomargs.py for tasks to queue
[2024-07-12T01:58:26.373+0530] {logging_mixin.py:188} INFO - [2024-07-12T01:58:26.372+0530] {dagbag.py:545} INFO - Filling up the DagBag from /home/kali/Desktop/projects/git/bank_data_processing/myenv/lib/python3.11/site-packages/airflow/example_dags/example_xcomargs.py
[2024-07-12T01:58:26.383+0530] {processor.py:840} INFO - DAG(s) 'example_xcom_args', 'example_xcom_args_with_operators' retrieved from /home/kali/Desktop/projects/git/bank_data_processing/myenv/lib/python3.11/site-packages/airflow/example_dags/example_xcomargs.py
[2024-07-12T01:58:26.412+0530] {logging_mixin.py:188} INFO - [2024-07-12T01:58:26.411+0530] {dag.py:3096} INFO - Sync 2 DAGs
[2024-07-12T01:58:26.430+0530] {logging_mixin.py:188} INFO - [2024-07-12T01:58:26.430+0530] {dag.py:3954} INFO - Setting next_dagrun for example_xcom_args to None, run_after=None
[2024-07-12T01:58:26.435+0530] {logging_mixin.py:188} INFO - [2024-07-12T01:58:26.434+0530] {dag.py:3954} INFO - Setting next_dagrun for example_xcom_args_with_operators to None, run_after=None
[2024-07-12T01:58:26.460+0530] {processor.py:183} INFO - Processing /home/kali/Desktop/projects/git/bank_data_processing/myenv/lib/python3.11/site-packages/airflow/example_dags/example_xcomargs.py took 0.100 seconds
[2024-07-12T01:58:56.790+0530] {processor.py:161} INFO - Started process (PID=47896) to work on /home/kali/Desktop/projects/git/bank_data_processing/myenv/lib/python3.11/site-packages/airflow/example_dags/example_xcomargs.py
[2024-07-12T01:58:56.791+0530] {processor.py:830} INFO - Processing file /home/kali/Desktop/projects/git/bank_data_processing/myenv/lib/python3.11/site-packages/airflow/example_dags/example_xcomargs.py for tasks to queue
[2024-07-12T01:58:56.792+0530] {logging_mixin.py:188} INFO - [2024-07-12T01:58:56.792+0530] {dagbag.py:545} INFO - Filling up the DagBag from /home/kali/Desktop/projects/git/bank_data_processing/myenv/lib/python3.11/site-packages/airflow/example_dags/example_xcomargs.py
[2024-07-12T01:58:56.801+0530] {processor.py:840} INFO - DAG(s) 'example_xcom_args', 'example_xcom_args_with_operators' retrieved from /home/kali/Desktop/projects/git/bank_data_processing/myenv/lib/python3.11/site-packages/airflow/example_dags/example_xcomargs.py
[2024-07-12T01:58:56.821+0530] {logging_mixin.py:188} INFO - [2024-07-12T01:58:56.821+0530] {dag.py:3096} INFO - Sync 2 DAGs
[2024-07-12T01:58:56.833+0530] {logging_mixin.py:188} INFO - [2024-07-12T01:58:56.832+0530] {dag.py:3954} INFO - Setting next_dagrun for example_xcom_args to None, run_after=None
[2024-07-12T01:58:56.836+0530] {logging_mixin.py:188} INFO - [2024-07-12T01:58:56.836+0530] {dag.py:3954} INFO - Setting next_dagrun for example_xcom_args_with_operators to None, run_after=None
[2024-07-12T01:58:56.860+0530] {processor.py:183} INFO - Processing /home/kali/Desktop/projects/git/bank_data_processing/myenv/lib/python3.11/site-packages/airflow/example_dags/example_xcomargs.py took 0.079 seconds
[2024-07-12T01:59:28.018+0530] {processor.py:161} INFO - Started process (PID=48504) to work on /home/kali/Desktop/projects/git/bank_data_processing/myenv/lib/python3.11/site-packages/airflow/example_dags/example_xcomargs.py
[2024-07-12T01:59:28.019+0530] {processor.py:830} INFO - Processing file /home/kali/Desktop/projects/git/bank_data_processing/myenv/lib/python3.11/site-packages/airflow/example_dags/example_xcomargs.py for tasks to queue
[2024-07-12T01:59:28.023+0530] {logging_mixin.py:188} INFO - [2024-07-12T01:59:28.022+0530] {dagbag.py:545} INFO - Filling up the DagBag from /home/kali/Desktop/projects/git/bank_data_processing/myenv/lib/python3.11/site-packages/airflow/example_dags/example_xcomargs.py
[2024-07-12T01:59:28.042+0530] {processor.py:840} INFO - DAG(s) 'example_xcom_args_with_operators', 'example_xcom_args' retrieved from /home/kali/Desktop/projects/git/bank_data_processing/myenv/lib/python3.11/site-packages/airflow/example_dags/example_xcomargs.py
[2024-07-12T01:59:28.077+0530] {logging_mixin.py:188} INFO - [2024-07-12T01:59:28.077+0530] {dag.py:3096} INFO - Sync 2 DAGs
[2024-07-12T01:59:28.098+0530] {logging_mixin.py:188} INFO - [2024-07-12T01:59:28.097+0530] {dag.py:3954} INFO - Setting next_dagrun for example_xcom_args to None, run_after=None
[2024-07-12T01:59:28.105+0530] {logging_mixin.py:188} INFO - [2024-07-12T01:59:28.105+0530] {dag.py:3954} INFO - Setting next_dagrun for example_xcom_args_with_operators to None, run_after=None
[2024-07-12T01:59:28.139+0530] {processor.py:183} INFO - Processing /home/kali/Desktop/projects/git/bank_data_processing/myenv/lib/python3.11/site-packages/airflow/example_dags/example_xcomargs.py took 0.138 seconds
[2024-07-12T02:00:14.248+0530] {processor.py:161} INFO - Started process (PID=49629) to work on /home/kali/Desktop/projects/git/bank_data_processing/myenv/lib/python3.11/site-packages/airflow/example_dags/example_xcomargs.py
[2024-07-12T02:00:14.249+0530] {processor.py:830} INFO - Processing file /home/kali/Desktop/projects/git/bank_data_processing/myenv/lib/python3.11/site-packages/airflow/example_dags/example_xcomargs.py for tasks to queue
[2024-07-12T02:00:14.251+0530] {logging_mixin.py:188} INFO - [2024-07-12T02:00:14.250+0530] {dagbag.py:545} INFO - Filling up the DagBag from /home/kali/Desktop/projects/git/bank_data_processing/myenv/lib/python3.11/site-packages/airflow/example_dags/example_xcomargs.py
[2024-07-12T02:00:14.268+0530] {processor.py:840} INFO - DAG(s) 'example_xcom_args', 'example_xcom_args_with_operators' retrieved from /home/kali/Desktop/projects/git/bank_data_processing/myenv/lib/python3.11/site-packages/airflow/example_dags/example_xcomargs.py
[2024-07-12T02:00:14.321+0530] {logging_mixin.py:188} INFO - [2024-07-12T02:00:14.320+0530] {dag.py:3096} INFO - Sync 2 DAGs
[2024-07-12T02:00:14.345+0530] {logging_mixin.py:188} INFO - [2024-07-12T02:00:14.344+0530] {dag.py:3954} INFO - Setting next_dagrun for example_xcom_args to None, run_after=None
[2024-07-12T02:00:14.351+0530] {logging_mixin.py:188} INFO - [2024-07-12T02:00:14.350+0530] {dag.py:3954} INFO - Setting next_dagrun for example_xcom_args_with_operators to None, run_after=None
[2024-07-12T02:00:14.384+0530] {processor.py:183} INFO - Processing /home/kali/Desktop/projects/git/bank_data_processing/myenv/lib/python3.11/site-packages/airflow/example_dags/example_xcomargs.py took 0.144 seconds
[2024-07-12T02:00:45.380+0530] {processor.py:161} INFO - Started process (PID=50297) to work on /home/kali/Desktop/projects/git/bank_data_processing/myenv/lib/python3.11/site-packages/airflow/example_dags/example_xcomargs.py
[2024-07-12T02:00:45.381+0530] {processor.py:830} INFO - Processing file /home/kali/Desktop/projects/git/bank_data_processing/myenv/lib/python3.11/site-packages/airflow/example_dags/example_xcomargs.py for tasks to queue
[2024-07-12T02:00:45.382+0530] {logging_mixin.py:188} INFO - [2024-07-12T02:00:45.382+0530] {dagbag.py:545} INFO - Filling up the DagBag from /home/kali/Desktop/projects/git/bank_data_processing/myenv/lib/python3.11/site-packages/airflow/example_dags/example_xcomargs.py
[2024-07-12T02:00:45.391+0530] {processor.py:840} INFO - DAG(s) 'example_xcom_args', 'example_xcom_args_with_operators' retrieved from /home/kali/Desktop/projects/git/bank_data_processing/myenv/lib/python3.11/site-packages/airflow/example_dags/example_xcomargs.py
[2024-07-12T02:00:45.412+0530] {logging_mixin.py:188} INFO - [2024-07-12T02:00:45.412+0530] {dag.py:3096} INFO - Sync 2 DAGs
[2024-07-12T02:00:45.426+0530] {logging_mixin.py:188} INFO - [2024-07-12T02:00:45.426+0530] {dag.py:3954} INFO - Setting next_dagrun for example_xcom_args to None, run_after=None
[2024-07-12T02:00:45.430+0530] {logging_mixin.py:188} INFO - [2024-07-12T02:00:45.430+0530] {dag.py:3954} INFO - Setting next_dagrun for example_xcom_args_with_operators to None, run_after=None
[2024-07-12T02:00:45.455+0530] {processor.py:183} INFO - Processing /home/kali/Desktop/projects/git/bank_data_processing/myenv/lib/python3.11/site-packages/airflow/example_dags/example_xcomargs.py took 0.081 seconds
[2024-07-12T02:01:18.809+0530] {processor.py:161} INFO - Started process (PID=50879) to work on /home/kali/Desktop/projects/git/bank_data_processing/myenv/lib/python3.11/site-packages/airflow/example_dags/example_xcomargs.py
[2024-07-12T02:01:18.810+0530] {processor.py:830} INFO - Processing file /home/kali/Desktop/projects/git/bank_data_processing/myenv/lib/python3.11/site-packages/airflow/example_dags/example_xcomargs.py for tasks to queue
[2024-07-12T02:01:18.812+0530] {logging_mixin.py:188} INFO - [2024-07-12T02:01:18.811+0530] {dagbag.py:545} INFO - Filling up the DagBag from /home/kali/Desktop/projects/git/bank_data_processing/myenv/lib/python3.11/site-packages/airflow/example_dags/example_xcomargs.py
[2024-07-12T02:01:18.820+0530] {processor.py:840} INFO - DAG(s) 'example_xcom_args', 'example_xcom_args_with_operators' retrieved from /home/kali/Desktop/projects/git/bank_data_processing/myenv/lib/python3.11/site-packages/airflow/example_dags/example_xcomargs.py
[2024-07-12T02:01:18.844+0530] {logging_mixin.py:188} INFO - [2024-07-12T02:01:18.843+0530] {dag.py:3096} INFO - Sync 2 DAGs
[2024-07-12T02:01:18.855+0530] {logging_mixin.py:188} INFO - [2024-07-12T02:01:18.855+0530] {dag.py:3954} INFO - Setting next_dagrun for example_xcom_args to None, run_after=None
[2024-07-12T02:01:18.859+0530] {logging_mixin.py:188} INFO - [2024-07-12T02:01:18.859+0530] {dag.py:3954} INFO - Setting next_dagrun for example_xcom_args_with_operators to None, run_after=None
[2024-07-12T02:01:18.876+0530] {processor.py:183} INFO - Processing /home/kali/Desktop/projects/git/bank_data_processing/myenv/lib/python3.11/site-packages/airflow/example_dags/example_xcomargs.py took 0.073 seconds
[2024-07-12T02:01:50.635+0530] {processor.py:161} INFO - Started process (PID=51540) to work on /home/kali/Desktop/projects/git/bank_data_processing/myenv/lib/python3.11/site-packages/airflow/example_dags/example_xcomargs.py
[2024-07-12T02:01:50.636+0530] {processor.py:830} INFO - Processing file /home/kali/Desktop/projects/git/bank_data_processing/myenv/lib/python3.11/site-packages/airflow/example_dags/example_xcomargs.py for tasks to queue
[2024-07-12T02:01:50.641+0530] {logging_mixin.py:188} INFO - [2024-07-12T02:01:50.640+0530] {dagbag.py:545} INFO - Filling up the DagBag from /home/kali/Desktop/projects/git/bank_data_processing/myenv/lib/python3.11/site-packages/airflow/example_dags/example_xcomargs.py
[2024-07-12T02:01:50.651+0530] {processor.py:840} INFO - DAG(s) 'example_xcom_args', 'example_xcom_args_with_operators' retrieved from /home/kali/Desktop/projects/git/bank_data_processing/myenv/lib/python3.11/site-packages/airflow/example_dags/example_xcomargs.py
[2024-07-12T02:01:50.878+0530] {logging_mixin.py:188} INFO - [2024-07-12T02:01:50.877+0530] {dag.py:3096} INFO - Sync 2 DAGs
[2024-07-12T02:01:50.896+0530] {logging_mixin.py:188} INFO - [2024-07-12T02:01:50.896+0530] {dag.py:3954} INFO - Setting next_dagrun for example_xcom_args to None, run_after=None
[2024-07-12T02:01:50.902+0530] {logging_mixin.py:188} INFO - [2024-07-12T02:01:50.902+0530] {dag.py:3954} INFO - Setting next_dagrun for example_xcom_args_with_operators to None, run_after=None
[2024-07-12T02:01:50.947+0530] {processor.py:183} INFO - Processing /home/kali/Desktop/projects/git/bank_data_processing/myenv/lib/python3.11/site-packages/airflow/example_dags/example_xcomargs.py took 0.319 seconds
[2024-07-12T02:02:21.174+0530] {processor.py:161} INFO - Started process (PID=52127) to work on /home/kali/Desktop/projects/git/bank_data_processing/myenv/lib/python3.11/site-packages/airflow/example_dags/example_xcomargs.py
[2024-07-12T02:02:21.175+0530] {processor.py:830} INFO - Processing file /home/kali/Desktop/projects/git/bank_data_processing/myenv/lib/python3.11/site-packages/airflow/example_dags/example_xcomargs.py for tasks to queue
[2024-07-12T02:02:21.177+0530] {logging_mixin.py:188} INFO - [2024-07-12T02:02:21.177+0530] {dagbag.py:545} INFO - Filling up the DagBag from /home/kali/Desktop/projects/git/bank_data_processing/myenv/lib/python3.11/site-packages/airflow/example_dags/example_xcomargs.py
[2024-07-12T02:02:21.186+0530] {processor.py:840} INFO - DAG(s) 'example_xcom_args', 'example_xcom_args_with_operators' retrieved from /home/kali/Desktop/projects/git/bank_data_processing/myenv/lib/python3.11/site-packages/airflow/example_dags/example_xcomargs.py
[2024-07-12T02:02:21.209+0530] {logging_mixin.py:188} INFO - [2024-07-12T02:02:21.208+0530] {dag.py:3096} INFO - Sync 2 DAGs
[2024-07-12T02:02:21.220+0530] {logging_mixin.py:188} INFO - [2024-07-12T02:02:21.220+0530] {dag.py:3954} INFO - Setting next_dagrun for example_xcom_args to None, run_after=None
[2024-07-12T02:02:21.224+0530] {logging_mixin.py:188} INFO - [2024-07-12T02:02:21.224+0530] {dag.py:3954} INFO - Setting next_dagrun for example_xcom_args_with_operators to None, run_after=None
[2024-07-12T02:02:21.242+0530] {processor.py:183} INFO - Processing /home/kali/Desktop/projects/git/bank_data_processing/myenv/lib/python3.11/site-packages/airflow/example_dags/example_xcomargs.py took 0.075 seconds
[2024-07-12T02:02:52.300+0530] {processor.py:161} INFO - Started process (PID=52610) to work on /home/kali/Desktop/projects/git/bank_data_processing/myenv/lib/python3.11/site-packages/airflow/example_dags/example_xcomargs.py
[2024-07-12T02:02:52.301+0530] {processor.py:830} INFO - Processing file /home/kali/Desktop/projects/git/bank_data_processing/myenv/lib/python3.11/site-packages/airflow/example_dags/example_xcomargs.py for tasks to queue
[2024-07-12T02:02:52.303+0530] {logging_mixin.py:188} INFO - [2024-07-12T02:02:52.303+0530] {dagbag.py:545} INFO - Filling up the DagBag from /home/kali/Desktop/projects/git/bank_data_processing/myenv/lib/python3.11/site-packages/airflow/example_dags/example_xcomargs.py
[2024-07-12T02:02:52.322+0530] {processor.py:840} INFO - DAG(s) 'example_xcom_args_with_operators', 'example_xcom_args' retrieved from /home/kali/Desktop/projects/git/bank_data_processing/myenv/lib/python3.11/site-packages/airflow/example_dags/example_xcomargs.py
[2024-07-12T02:02:52.358+0530] {logging_mixin.py:188} INFO - [2024-07-12T02:02:52.357+0530] {dag.py:3096} INFO - Sync 2 DAGs
[2024-07-12T02:02:52.383+0530] {logging_mixin.py:188} INFO - [2024-07-12T02:02:52.382+0530] {dag.py:3954} INFO - Setting next_dagrun for example_xcom_args to None, run_after=None
[2024-07-12T02:02:52.389+0530] {logging_mixin.py:188} INFO - [2024-07-12T02:02:52.388+0530] {dag.py:3954} INFO - Setting next_dagrun for example_xcom_args_with_operators to None, run_after=None
[2024-07-12T02:02:52.434+0530] {processor.py:183} INFO - Processing /home/kali/Desktop/projects/git/bank_data_processing/myenv/lib/python3.11/site-packages/airflow/example_dags/example_xcomargs.py took 0.145 seconds
[2024-07-12T02:03:23.257+0530] {processor.py:161} INFO - Started process (PID=53177) to work on /home/kali/Desktop/projects/git/bank_data_processing/myenv/lib/python3.11/site-packages/airflow/example_dags/example_xcomargs.py
[2024-07-12T02:03:23.258+0530] {processor.py:830} INFO - Processing file /home/kali/Desktop/projects/git/bank_data_processing/myenv/lib/python3.11/site-packages/airflow/example_dags/example_xcomargs.py for tasks to queue
[2024-07-12T02:03:23.260+0530] {logging_mixin.py:188} INFO - [2024-07-12T02:03:23.260+0530] {dagbag.py:545} INFO - Filling up the DagBag from /home/kali/Desktop/projects/git/bank_data_processing/myenv/lib/python3.11/site-packages/airflow/example_dags/example_xcomargs.py
[2024-07-12T02:03:23.269+0530] {processor.py:840} INFO - DAG(s) 'example_xcom_args_with_operators', 'example_xcom_args' retrieved from /home/kali/Desktop/projects/git/bank_data_processing/myenv/lib/python3.11/site-packages/airflow/example_dags/example_xcomargs.py
[2024-07-12T02:03:23.290+0530] {logging_mixin.py:188} INFO - [2024-07-12T02:03:23.290+0530] {dag.py:3096} INFO - Sync 2 DAGs
[2024-07-12T02:03:23.301+0530] {logging_mixin.py:188} INFO - [2024-07-12T02:03:23.301+0530] {dag.py:3954} INFO - Setting next_dagrun for example_xcom_args to None, run_after=None
[2024-07-12T02:03:23.305+0530] {logging_mixin.py:188} INFO - [2024-07-12T02:03:23.305+0530] {dag.py:3954} INFO - Setting next_dagrun for example_xcom_args_with_operators to None, run_after=None
[2024-07-12T02:03:23.324+0530] {processor.py:183} INFO - Processing /home/kali/Desktop/projects/git/bank_data_processing/myenv/lib/python3.11/site-packages/airflow/example_dags/example_xcomargs.py took 0.073 seconds
[2024-07-12T02:03:54.404+0530] {processor.py:161} INFO - Started process (PID=53689) to work on /home/kali/Desktop/projects/git/bank_data_processing/myenv/lib/python3.11/site-packages/airflow/example_dags/example_xcomargs.py
[2024-07-12T02:03:54.405+0530] {processor.py:830} INFO - Processing file /home/kali/Desktop/projects/git/bank_data_processing/myenv/lib/python3.11/site-packages/airflow/example_dags/example_xcomargs.py for tasks to queue
[2024-07-12T02:03:54.407+0530] {logging_mixin.py:188} INFO - [2024-07-12T02:03:54.406+0530] {dagbag.py:545} INFO - Filling up the DagBag from /home/kali/Desktop/projects/git/bank_data_processing/myenv/lib/python3.11/site-packages/airflow/example_dags/example_xcomargs.py
[2024-07-12T02:03:54.415+0530] {processor.py:840} INFO - DAG(s) 'example_xcom_args_with_operators', 'example_xcom_args' retrieved from /home/kali/Desktop/projects/git/bank_data_processing/myenv/lib/python3.11/site-packages/airflow/example_dags/example_xcomargs.py
[2024-07-12T02:03:54.435+0530] {logging_mixin.py:188} INFO - [2024-07-12T02:03:54.435+0530] {dag.py:3096} INFO - Sync 2 DAGs
[2024-07-12T02:03:54.446+0530] {logging_mixin.py:188} INFO - [2024-07-12T02:03:54.446+0530] {dag.py:3954} INFO - Setting next_dagrun for example_xcom_args to None, run_after=None
[2024-07-12T02:03:54.450+0530] {logging_mixin.py:188} INFO - [2024-07-12T02:03:54.450+0530] {dag.py:3954} INFO - Setting next_dagrun for example_xcom_args_with_operators to None, run_after=None
[2024-07-12T02:03:54.469+0530] {processor.py:183} INFO - Processing /home/kali/Desktop/projects/git/bank_data_processing/myenv/lib/python3.11/site-packages/airflow/example_dags/example_xcomargs.py took 0.071 seconds
[2024-07-12T02:04:25.475+0530] {processor.py:161} INFO - Started process (PID=54164) to work on /home/kali/Desktop/projects/git/bank_data_processing/myenv/lib/python3.11/site-packages/airflow/example_dags/example_xcomargs.py
[2024-07-12T02:04:25.478+0530] {processor.py:830} INFO - Processing file /home/kali/Desktop/projects/git/bank_data_processing/myenv/lib/python3.11/site-packages/airflow/example_dags/example_xcomargs.py for tasks to queue
[2024-07-12T02:04:25.481+0530] {logging_mixin.py:188} INFO - [2024-07-12T02:04:25.480+0530] {dagbag.py:545} INFO - Filling up the DagBag from /home/kali/Desktop/projects/git/bank_data_processing/myenv/lib/python3.11/site-packages/airflow/example_dags/example_xcomargs.py
[2024-07-12T02:04:25.492+0530] {processor.py:840} INFO - DAG(s) 'example_xcom_args', 'example_xcom_args_with_operators' retrieved from /home/kali/Desktop/projects/git/bank_data_processing/myenv/lib/python3.11/site-packages/airflow/example_dags/example_xcomargs.py
[2024-07-12T02:04:25.523+0530] {logging_mixin.py:188} INFO - [2024-07-12T02:04:25.523+0530] {dag.py:3096} INFO - Sync 2 DAGs
[2024-07-12T02:04:25.540+0530] {logging_mixin.py:188} INFO - [2024-07-12T02:04:25.540+0530] {dag.py:3954} INFO - Setting next_dagrun for example_xcom_args to None, run_after=None
[2024-07-12T02:04:25.548+0530] {logging_mixin.py:188} INFO - [2024-07-12T02:04:25.548+0530] {dag.py:3954} INFO - Setting next_dagrun for example_xcom_args_with_operators to None, run_after=None
[2024-07-12T02:04:25.573+0530] {processor.py:183} INFO - Processing /home/kali/Desktop/projects/git/bank_data_processing/myenv/lib/python3.11/site-packages/airflow/example_dags/example_xcomargs.py took 0.107 seconds
[2024-07-12T02:04:57.223+0530] {processor.py:161} INFO - Started process (PID=54755) to work on /home/kali/Desktop/projects/git/bank_data_processing/myenv/lib/python3.11/site-packages/airflow/example_dags/example_xcomargs.py
[2024-07-12T02:04:57.225+0530] {processor.py:830} INFO - Processing file /home/kali/Desktop/projects/git/bank_data_processing/myenv/lib/python3.11/site-packages/airflow/example_dags/example_xcomargs.py for tasks to queue
[2024-07-12T02:04:57.227+0530] {logging_mixin.py:188} INFO - [2024-07-12T02:04:57.227+0530] {dagbag.py:545} INFO - Filling up the DagBag from /home/kali/Desktop/projects/git/bank_data_processing/myenv/lib/python3.11/site-packages/airflow/example_dags/example_xcomargs.py
[2024-07-12T02:04:57.241+0530] {processor.py:840} INFO - DAG(s) 'example_xcom_args', 'example_xcom_args_with_operators' retrieved from /home/kali/Desktop/projects/git/bank_data_processing/myenv/lib/python3.11/site-packages/airflow/example_dags/example_xcomargs.py
[2024-07-12T02:04:57.273+0530] {logging_mixin.py:188} INFO - [2024-07-12T02:04:57.272+0530] {dag.py:3096} INFO - Sync 2 DAGs
[2024-07-12T02:04:57.289+0530] {logging_mixin.py:188} INFO - [2024-07-12T02:04:57.289+0530] {dag.py:3954} INFO - Setting next_dagrun for example_xcom_args to None, run_after=None
[2024-07-12T02:04:57.295+0530] {logging_mixin.py:188} INFO - [2024-07-12T02:04:57.294+0530] {dag.py:3954} INFO - Setting next_dagrun for example_xcom_args_with_operators to None, run_after=None
[2024-07-12T02:04:57.323+0530] {processor.py:183} INFO - Processing /home/kali/Desktop/projects/git/bank_data_processing/myenv/lib/python3.11/site-packages/airflow/example_dags/example_xcomargs.py took 0.112 seconds
[2024-07-12T02:05:27.688+0530] {processor.py:161} INFO - Started process (PID=55258) to work on /home/kali/Desktop/projects/git/bank_data_processing/myenv/lib/python3.11/site-packages/airflow/example_dags/example_xcomargs.py
[2024-07-12T02:05:27.689+0530] {processor.py:830} INFO - Processing file /home/kali/Desktop/projects/git/bank_data_processing/myenv/lib/python3.11/site-packages/airflow/example_dags/example_xcomargs.py for tasks to queue
[2024-07-12T02:05:27.691+0530] {logging_mixin.py:188} INFO - [2024-07-12T02:05:27.691+0530] {dagbag.py:545} INFO - Filling up the DagBag from /home/kali/Desktop/projects/git/bank_data_processing/myenv/lib/python3.11/site-packages/airflow/example_dags/example_xcomargs.py
[2024-07-12T02:05:27.702+0530] {processor.py:840} INFO - DAG(s) 'example_xcom_args', 'example_xcom_args_with_operators' retrieved from /home/kali/Desktop/projects/git/bank_data_processing/myenv/lib/python3.11/site-packages/airflow/example_dags/example_xcomargs.py
[2024-07-12T02:05:27.731+0530] {logging_mixin.py:188} INFO - [2024-07-12T02:05:27.730+0530] {dag.py:3096} INFO - Sync 2 DAGs
[2024-07-12T02:05:27.744+0530] {logging_mixin.py:188} INFO - [2024-07-12T02:05:27.744+0530] {dag.py:3954} INFO - Setting next_dagrun for example_xcom_args to None, run_after=None
[2024-07-12T02:05:27.748+0530] {logging_mixin.py:188} INFO - [2024-07-12T02:05:27.748+0530] {dag.py:3954} INFO - Setting next_dagrun for example_xcom_args_with_operators to None, run_after=None
[2024-07-12T02:05:27.768+0530] {processor.py:183} INFO - Processing /home/kali/Desktop/projects/git/bank_data_processing/myenv/lib/python3.11/site-packages/airflow/example_dags/example_xcomargs.py took 0.087 seconds
[2024-07-12T02:06:01.649+0530] {processor.py:161} INFO - Started process (PID=55824) to work on /home/kali/Desktop/projects/git/bank_data_processing/myenv/lib/python3.11/site-packages/airflow/example_dags/example_xcomargs.py
[2024-07-12T02:06:01.650+0530] {processor.py:830} INFO - Processing file /home/kali/Desktop/projects/git/bank_data_processing/myenv/lib/python3.11/site-packages/airflow/example_dags/example_xcomargs.py for tasks to queue
[2024-07-12T02:06:01.652+0530] {logging_mixin.py:188} INFO - [2024-07-12T02:06:01.652+0530] {dagbag.py:545} INFO - Filling up the DagBag from /home/kali/Desktop/projects/git/bank_data_processing/myenv/lib/python3.11/site-packages/airflow/example_dags/example_xcomargs.py
[2024-07-12T02:06:01.669+0530] {processor.py:840} INFO - DAG(s) 'example_xcom_args', 'example_xcom_args_with_operators' retrieved from /home/kali/Desktop/projects/git/bank_data_processing/myenv/lib/python3.11/site-packages/airflow/example_dags/example_xcomargs.py
[2024-07-12T02:06:01.709+0530] {logging_mixin.py:188} INFO - [2024-07-12T02:06:01.709+0530] {dag.py:3096} INFO - Sync 2 DAGs
[2024-07-12T02:06:01.729+0530] {logging_mixin.py:188} INFO - [2024-07-12T02:06:01.729+0530] {dag.py:3954} INFO - Setting next_dagrun for example_xcom_args to None, run_after=None
[2024-07-12T02:06:01.734+0530] {logging_mixin.py:188} INFO - [2024-07-12T02:06:01.734+0530] {dag.py:3954} INFO - Setting next_dagrun for example_xcom_args_with_operators to None, run_after=None
[2024-07-12T02:06:01.763+0530] {processor.py:183} INFO - Processing /home/kali/Desktop/projects/git/bank_data_processing/myenv/lib/python3.11/site-packages/airflow/example_dags/example_xcomargs.py took 0.123 seconds
[2024-07-12T02:06:33.539+0530] {processor.py:161} INFO - Started process (PID=56481) to work on /home/kali/Desktop/projects/git/bank_data_processing/myenv/lib/python3.11/site-packages/airflow/example_dags/example_xcomargs.py
[2024-07-12T02:06:33.544+0530] {processor.py:830} INFO - Processing file /home/kali/Desktop/projects/git/bank_data_processing/myenv/lib/python3.11/site-packages/airflow/example_dags/example_xcomargs.py for tasks to queue
[2024-07-12T02:06:33.548+0530] {logging_mixin.py:188} INFO - [2024-07-12T02:06:33.547+0530] {dagbag.py:545} INFO - Filling up the DagBag from /home/kali/Desktop/projects/git/bank_data_processing/myenv/lib/python3.11/site-packages/airflow/example_dags/example_xcomargs.py
[2024-07-12T02:06:33.583+0530] {processor.py:840} INFO - DAG(s) 'example_xcom_args_with_operators', 'example_xcom_args' retrieved from /home/kali/Desktop/projects/git/bank_data_processing/myenv/lib/python3.11/site-packages/airflow/example_dags/example_xcomargs.py
[2024-07-12T02:06:33.673+0530] {logging_mixin.py:188} INFO - [2024-07-12T02:06:33.673+0530] {dag.py:3096} INFO - Sync 2 DAGs
[2024-07-12T02:06:33.709+0530] {logging_mixin.py:188} INFO - [2024-07-12T02:06:33.708+0530] {dag.py:3954} INFO - Setting next_dagrun for example_xcom_args to None, run_after=None
[2024-07-12T02:06:33.726+0530] {logging_mixin.py:188} INFO - [2024-07-12T02:06:33.725+0530] {dag.py:3954} INFO - Setting next_dagrun for example_xcom_args_with_operators to None, run_after=None
[2024-07-12T02:06:33.800+0530] {processor.py:183} INFO - Processing /home/kali/Desktop/projects/git/bank_data_processing/myenv/lib/python3.11/site-packages/airflow/example_dags/example_xcomargs.py took 0.284 seconds
[2024-07-12T02:07:04.494+0530] {processor.py:161} INFO - Started process (PID=57176) to work on /home/kali/Desktop/projects/git/bank_data_processing/myenv/lib/python3.11/site-packages/airflow/example_dags/example_xcomargs.py
[2024-07-12T02:07:04.496+0530] {processor.py:830} INFO - Processing file /home/kali/Desktop/projects/git/bank_data_processing/myenv/lib/python3.11/site-packages/airflow/example_dags/example_xcomargs.py for tasks to queue
[2024-07-12T02:07:04.500+0530] {logging_mixin.py:188} INFO - [2024-07-12T02:07:04.499+0530] {dagbag.py:545} INFO - Filling up the DagBag from /home/kali/Desktop/projects/git/bank_data_processing/myenv/lib/python3.11/site-packages/airflow/example_dags/example_xcomargs.py
[2024-07-12T02:07:04.512+0530] {processor.py:840} INFO - DAG(s) 'example_xcom_args', 'example_xcom_args_with_operators' retrieved from /home/kali/Desktop/projects/git/bank_data_processing/myenv/lib/python3.11/site-packages/airflow/example_dags/example_xcomargs.py
[2024-07-12T02:07:04.547+0530] {logging_mixin.py:188} INFO - [2024-07-12T02:07:04.547+0530] {dag.py:3096} INFO - Sync 2 DAGs
[2024-07-12T02:07:04.567+0530] {logging_mixin.py:188} INFO - [2024-07-12T02:07:04.567+0530] {dag.py:3954} INFO - Setting next_dagrun for example_xcom_args to None, run_after=None
[2024-07-12T02:07:04.572+0530] {logging_mixin.py:188} INFO - [2024-07-12T02:07:04.572+0530] {dag.py:3954} INFO - Setting next_dagrun for example_xcom_args_with_operators to None, run_after=None
[2024-07-12T02:07:04.606+0530] {processor.py:183} INFO - Processing /home/kali/Desktop/projects/git/bank_data_processing/myenv/lib/python3.11/site-packages/airflow/example_dags/example_xcomargs.py took 0.122 seconds
[2024-07-12T02:07:36.038+0530] {processor.py:161} INFO - Started process (PID=57865) to work on /home/kali/Desktop/projects/git/bank_data_processing/myenv/lib/python3.11/site-packages/airflow/example_dags/example_xcomargs.py
[2024-07-12T02:07:36.039+0530] {processor.py:830} INFO - Processing file /home/kali/Desktop/projects/git/bank_data_processing/myenv/lib/python3.11/site-packages/airflow/example_dags/example_xcomargs.py for tasks to queue
[2024-07-12T02:07:36.043+0530] {logging_mixin.py:188} INFO - [2024-07-12T02:07:36.042+0530] {dagbag.py:545} INFO - Filling up the DagBag from /home/kali/Desktop/projects/git/bank_data_processing/myenv/lib/python3.11/site-packages/airflow/example_dags/example_xcomargs.py
[2024-07-12T02:07:36.054+0530] {processor.py:840} INFO - DAG(s) 'example_xcom_args', 'example_xcom_args_with_operators' retrieved from /home/kali/Desktop/projects/git/bank_data_processing/myenv/lib/python3.11/site-packages/airflow/example_dags/example_xcomargs.py
[2024-07-12T02:07:36.083+0530] {logging_mixin.py:188} INFO - [2024-07-12T02:07:36.083+0530] {dag.py:3096} INFO - Sync 2 DAGs
[2024-07-12T02:07:36.101+0530] {logging_mixin.py:188} INFO - [2024-07-12T02:07:36.100+0530] {dag.py:3954} INFO - Setting next_dagrun for example_xcom_args to None, run_after=None
[2024-07-12T02:07:36.109+0530] {logging_mixin.py:188} INFO - [2024-07-12T02:07:36.109+0530] {dag.py:3954} INFO - Setting next_dagrun for example_xcom_args_with_operators to None, run_after=None
[2024-07-12T02:07:36.133+0530] {processor.py:183} INFO - Processing /home/kali/Desktop/projects/git/bank_data_processing/myenv/lib/python3.11/site-packages/airflow/example_dags/example_xcomargs.py took 0.105 seconds
[2024-07-12T02:08:07.105+0530] {processor.py:161} INFO - Started process (PID=58393) to work on /home/kali/Desktop/projects/git/bank_data_processing/myenv/lib/python3.11/site-packages/airflow/example_dags/example_xcomargs.py
[2024-07-12T02:08:07.107+0530] {processor.py:830} INFO - Processing file /home/kali/Desktop/projects/git/bank_data_processing/myenv/lib/python3.11/site-packages/airflow/example_dags/example_xcomargs.py for tasks to queue
[2024-07-12T02:08:07.109+0530] {logging_mixin.py:188} INFO - [2024-07-12T02:08:07.109+0530] {dagbag.py:545} INFO - Filling up the DagBag from /home/kali/Desktop/projects/git/bank_data_processing/myenv/lib/python3.11/site-packages/airflow/example_dags/example_xcomargs.py
[2024-07-12T02:08:07.120+0530] {processor.py:840} INFO - DAG(s) 'example_xcom_args_with_operators', 'example_xcom_args' retrieved from /home/kali/Desktop/projects/git/bank_data_processing/myenv/lib/python3.11/site-packages/airflow/example_dags/example_xcomargs.py
[2024-07-12T02:08:07.155+0530] {logging_mixin.py:188} INFO - [2024-07-12T02:08:07.155+0530] {dag.py:3096} INFO - Sync 2 DAGs
[2024-07-12T02:08:07.174+0530] {logging_mixin.py:188} INFO - [2024-07-12T02:08:07.173+0530] {dag.py:3954} INFO - Setting next_dagrun for example_xcom_args to None, run_after=None
[2024-07-12T02:08:07.182+0530] {logging_mixin.py:188} INFO - [2024-07-12T02:08:07.181+0530] {dag.py:3954} INFO - Setting next_dagrun for example_xcom_args_with_operators to None, run_after=None
[2024-07-12T02:08:07.215+0530] {processor.py:183} INFO - Processing /home/kali/Desktop/projects/git/bank_data_processing/myenv/lib/python3.11/site-packages/airflow/example_dags/example_xcomargs.py took 0.118 seconds
[2024-07-12T02:08:38.361+0530] {processor.py:161} INFO - Started process (PID=58963) to work on /home/kali/Desktop/projects/git/bank_data_processing/myenv/lib/python3.11/site-packages/airflow/example_dags/example_xcomargs.py
[2024-07-12T02:08:38.362+0530] {processor.py:830} INFO - Processing file /home/kali/Desktop/projects/git/bank_data_processing/myenv/lib/python3.11/site-packages/airflow/example_dags/example_xcomargs.py for tasks to queue
[2024-07-12T02:08:38.365+0530] {logging_mixin.py:188} INFO - [2024-07-12T02:08:38.365+0530] {dagbag.py:545} INFO - Filling up the DagBag from /home/kali/Desktop/projects/git/bank_data_processing/myenv/lib/python3.11/site-packages/airflow/example_dags/example_xcomargs.py
[2024-07-12T02:08:38.378+0530] {processor.py:840} INFO - DAG(s) 'example_xcom_args', 'example_xcom_args_with_operators' retrieved from /home/kali/Desktop/projects/git/bank_data_processing/myenv/lib/python3.11/site-packages/airflow/example_dags/example_xcomargs.py
[2024-07-12T02:08:38.407+0530] {logging_mixin.py:188} INFO - [2024-07-12T02:08:38.407+0530] {dag.py:3096} INFO - Sync 2 DAGs
[2024-07-12T02:08:38.424+0530] {logging_mixin.py:188} INFO - [2024-07-12T02:08:38.423+0530] {dag.py:3954} INFO - Setting next_dagrun for example_xcom_args to None, run_after=None
[2024-07-12T02:08:38.429+0530] {logging_mixin.py:188} INFO - [2024-07-12T02:08:38.429+0530] {dag.py:3954} INFO - Setting next_dagrun for example_xcom_args_with_operators to None, run_after=None
[2024-07-12T02:08:38.456+0530] {processor.py:183} INFO - Processing /home/kali/Desktop/projects/git/bank_data_processing/myenv/lib/python3.11/site-packages/airflow/example_dags/example_xcomargs.py took 0.105 seconds
[2024-07-12T02:09:09.536+0530] {processor.py:161} INFO - Started process (PID=59585) to work on /home/kali/Desktop/projects/git/bank_data_processing/myenv/lib/python3.11/site-packages/airflow/example_dags/example_xcomargs.py
[2024-07-12T02:09:09.537+0530] {processor.py:830} INFO - Processing file /home/kali/Desktop/projects/git/bank_data_processing/myenv/lib/python3.11/site-packages/airflow/example_dags/example_xcomargs.py for tasks to queue
[2024-07-12T02:09:09.538+0530] {logging_mixin.py:188} INFO - [2024-07-12T02:09:09.537+0530] {dagbag.py:545} INFO - Filling up the DagBag from /home/kali/Desktop/projects/git/bank_data_processing/myenv/lib/python3.11/site-packages/airflow/example_dags/example_xcomargs.py
[2024-07-12T02:09:09.555+0530] {processor.py:840} INFO - DAG(s) 'example_xcom_args_with_operators', 'example_xcom_args' retrieved from /home/kali/Desktop/projects/git/bank_data_processing/myenv/lib/python3.11/site-packages/airflow/example_dags/example_xcomargs.py
[2024-07-12T02:09:09.596+0530] {logging_mixin.py:188} INFO - [2024-07-12T02:09:09.595+0530] {dag.py:3096} INFO - Sync 2 DAGs
[2024-07-12T02:09:09.615+0530] {logging_mixin.py:188} INFO - [2024-07-12T02:09:09.613+0530] {dag.py:3954} INFO - Setting next_dagrun for example_xcom_args to None, run_after=None
[2024-07-12T02:09:09.621+0530] {logging_mixin.py:188} INFO - [2024-07-12T02:09:09.621+0530] {dag.py:3954} INFO - Setting next_dagrun for example_xcom_args_with_operators to None, run_after=None
[2024-07-12T02:09:09.659+0530] {processor.py:183} INFO - Processing /home/kali/Desktop/projects/git/bank_data_processing/myenv/lib/python3.11/site-packages/airflow/example_dags/example_xcomargs.py took 0.135 seconds
[2024-07-12T02:09:41.794+0530] {processor.py:161} INFO - Started process (PID=60286) to work on /home/kali/Desktop/projects/git/bank_data_processing/myenv/lib/python3.11/site-packages/airflow/example_dags/example_xcomargs.py
[2024-07-12T02:09:41.797+0530] {processor.py:830} INFO - Processing file /home/kali/Desktop/projects/git/bank_data_processing/myenv/lib/python3.11/site-packages/airflow/example_dags/example_xcomargs.py for tasks to queue
[2024-07-12T02:09:41.798+0530] {logging_mixin.py:188} INFO - [2024-07-12T02:09:41.797+0530] {dagbag.py:545} INFO - Filling up the DagBag from /home/kali/Desktop/projects/git/bank_data_processing/myenv/lib/python3.11/site-packages/airflow/example_dags/example_xcomargs.py
[2024-07-12T02:09:41.810+0530] {processor.py:840} INFO - DAG(s) 'example_xcom_args_with_operators', 'example_xcom_args' retrieved from /home/kali/Desktop/projects/git/bank_data_processing/myenv/lib/python3.11/site-packages/airflow/example_dags/example_xcomargs.py
[2024-07-12T02:09:41.838+0530] {logging_mixin.py:188} INFO - [2024-07-12T02:09:41.837+0530] {dag.py:3096} INFO - Sync 2 DAGs
[2024-07-12T02:09:41.856+0530] {logging_mixin.py:188} INFO - [2024-07-12T02:09:41.855+0530] {dag.py:3954} INFO - Setting next_dagrun for example_xcom_args to None, run_after=None
[2024-07-12T02:09:41.864+0530] {logging_mixin.py:188} INFO - [2024-07-12T02:09:41.863+0530] {dag.py:3954} INFO - Setting next_dagrun for example_xcom_args_with_operators to None, run_after=None
[2024-07-12T02:09:41.888+0530] {processor.py:183} INFO - Processing /home/kali/Desktop/projects/git/bank_data_processing/myenv/lib/python3.11/site-packages/airflow/example_dags/example_xcomargs.py took 0.109 seconds
