[2024-07-12T01:47:47.417+0530] {processor.py:161} INFO - Started process (PID=36589) to work on /home/kali/Desktop/projects/git/bank_data_processing/myenv/lib/python3.11/site-packages/airflow/example_dags/example_params_trigger_ui.py
[2024-07-12T01:47:47.418+0530] {processor.py:830} INFO - Processing file /home/kali/Desktop/projects/git/bank_data_processing/myenv/lib/python3.11/site-packages/airflow/example_dags/example_params_trigger_ui.py for tasks to queue
[2024-07-12T01:47:47.420+0530] {logging_mixin.py:188} INFO - [2024-07-12T01:47:47.419+0530] {dagbag.py:545} INFO - Filling up the DagBag from /home/kali/Desktop/projects/git/bank_data_processing/myenv/lib/python3.11/site-packages/airflow/example_dags/example_params_trigger_ui.py
[2024-07-12T01:47:47.432+0530] {processor.py:840} INFO - DAG(s) 'example_params_trigger_ui' retrieved from /home/kali/Desktop/projects/git/bank_data_processing/myenv/lib/python3.11/site-packages/airflow/example_dags/example_params_trigger_ui.py
[2024-07-12T01:47:47.556+0530] {logging_mixin.py:188} INFO - [2024-07-12T01:47:47.556+0530] {dag.py:3096} INFO - Sync 1 DAGs
[2024-07-12T01:47:47.567+0530] {logging_mixin.py:188} INFO - [2024-07-12T01:47:47.566+0530] {dag.py:3954} INFO - Setting next_dagrun for example_params_trigger_ui to None, run_after=None
[2024-07-12T01:47:47.593+0530] {processor.py:183} INFO - Processing /home/kali/Desktop/projects/git/bank_data_processing/myenv/lib/python3.11/site-packages/airflow/example_dags/example_params_trigger_ui.py took 0.181 seconds
[2024-07-12T01:48:18.082+0530] {processor.py:161} INFO - Started process (PID=37080) to work on /home/kali/Desktop/projects/git/bank_data_processing/myenv/lib/python3.11/site-packages/airflow/example_dags/example_params_trigger_ui.py
[2024-07-12T01:48:18.083+0530] {processor.py:830} INFO - Processing file /home/kali/Desktop/projects/git/bank_data_processing/myenv/lib/python3.11/site-packages/airflow/example_dags/example_params_trigger_ui.py for tasks to queue
[2024-07-12T01:48:18.085+0530] {logging_mixin.py:188} INFO - [2024-07-12T01:48:18.085+0530] {dagbag.py:545} INFO - Filling up the DagBag from /home/kali/Desktop/projects/git/bank_data_processing/myenv/lib/python3.11/site-packages/airflow/example_dags/example_params_trigger_ui.py
[2024-07-12T01:48:18.100+0530] {processor.py:840} INFO - DAG(s) 'example_params_trigger_ui' retrieved from /home/kali/Desktop/projects/git/bank_data_processing/myenv/lib/python3.11/site-packages/airflow/example_dags/example_params_trigger_ui.py
[2024-07-12T01:48:18.145+0530] {logging_mixin.py:188} INFO - [2024-07-12T01:48:18.144+0530] {dag.py:3096} INFO - Sync 1 DAGs
[2024-07-12T01:48:18.156+0530] {logging_mixin.py:188} INFO - [2024-07-12T01:48:18.155+0530] {dag.py:3954} INFO - Setting next_dagrun for example_params_trigger_ui to None, run_after=None
[2024-07-12T01:48:18.175+0530] {processor.py:183} INFO - Processing /home/kali/Desktop/projects/git/bank_data_processing/myenv/lib/python3.11/site-packages/airflow/example_dags/example_params_trigger_ui.py took 0.100 seconds
[2024-07-12T01:48:48.916+0530] {processor.py:161} INFO - Started process (PID=37463) to work on /home/kali/Desktop/projects/git/bank_data_processing/myenv/lib/python3.11/site-packages/airflow/example_dags/example_params_trigger_ui.py
[2024-07-12T01:48:48.917+0530] {processor.py:830} INFO - Processing file /home/kali/Desktop/projects/git/bank_data_processing/myenv/lib/python3.11/site-packages/airflow/example_dags/example_params_trigger_ui.py for tasks to queue
[2024-07-12T01:48:48.918+0530] {logging_mixin.py:188} INFO - [2024-07-12T01:48:48.918+0530] {dagbag.py:545} INFO - Filling up the DagBag from /home/kali/Desktop/projects/git/bank_data_processing/myenv/lib/python3.11/site-packages/airflow/example_dags/example_params_trigger_ui.py
[2024-07-12T01:48:48.932+0530] {processor.py:840} INFO - DAG(s) 'example_params_trigger_ui' retrieved from /home/kali/Desktop/projects/git/bank_data_processing/myenv/lib/python3.11/site-packages/airflow/example_dags/example_params_trigger_ui.py
[2024-07-12T01:48:48.976+0530] {logging_mixin.py:188} INFO - [2024-07-12T01:48:48.975+0530] {dag.py:3096} INFO - Sync 1 DAGs
[2024-07-12T01:48:48.986+0530] {logging_mixin.py:188} INFO - [2024-07-12T01:48:48.986+0530] {dag.py:3954} INFO - Setting next_dagrun for example_params_trigger_ui to None, run_after=None
[2024-07-12T01:48:49.003+0530] {processor.py:183} INFO - Processing /home/kali/Desktop/projects/git/bank_data_processing/myenv/lib/python3.11/site-packages/airflow/example_dags/example_params_trigger_ui.py took 0.094 seconds
[2024-07-12T01:49:20.032+0530] {processor.py:161} INFO - Started process (PID=37937) to work on /home/kali/Desktop/projects/git/bank_data_processing/myenv/lib/python3.11/site-packages/airflow/example_dags/example_params_trigger_ui.py
[2024-07-12T01:49:20.033+0530] {processor.py:830} INFO - Processing file /home/kali/Desktop/projects/git/bank_data_processing/myenv/lib/python3.11/site-packages/airflow/example_dags/example_params_trigger_ui.py for tasks to queue
[2024-07-12T01:49:20.035+0530] {logging_mixin.py:188} INFO - [2024-07-12T01:49:20.034+0530] {dagbag.py:545} INFO - Filling up the DagBag from /home/kali/Desktop/projects/git/bank_data_processing/myenv/lib/python3.11/site-packages/airflow/example_dags/example_params_trigger_ui.py
[2024-07-12T01:49:20.049+0530] {processor.py:840} INFO - DAG(s) 'example_params_trigger_ui' retrieved from /home/kali/Desktop/projects/git/bank_data_processing/myenv/lib/python3.11/site-packages/airflow/example_dags/example_params_trigger_ui.py
[2024-07-12T01:49:20.097+0530] {logging_mixin.py:188} INFO - [2024-07-12T01:49:20.097+0530] {dag.py:3096} INFO - Sync 1 DAGs
[2024-07-12T01:49:20.108+0530] {logging_mixin.py:188} INFO - [2024-07-12T01:49:20.108+0530] {dag.py:3954} INFO - Setting next_dagrun for example_params_trigger_ui to None, run_after=None
[2024-07-12T01:49:20.127+0530] {processor.py:183} INFO - Processing /home/kali/Desktop/projects/git/bank_data_processing/myenv/lib/python3.11/site-packages/airflow/example_dags/example_params_trigger_ui.py took 0.102 seconds
[2024-07-12T01:49:50.886+0530] {processor.py:161} INFO - Started process (PID=38265) to work on /home/kali/Desktop/projects/git/bank_data_processing/myenv/lib/python3.11/site-packages/airflow/example_dags/example_params_trigger_ui.py
[2024-07-12T01:49:50.887+0530] {processor.py:830} INFO - Processing file /home/kali/Desktop/projects/git/bank_data_processing/myenv/lib/python3.11/site-packages/airflow/example_dags/example_params_trigger_ui.py for tasks to queue
[2024-07-12T01:49:50.888+0530] {logging_mixin.py:188} INFO - [2024-07-12T01:49:50.888+0530] {dagbag.py:545} INFO - Filling up the DagBag from /home/kali/Desktop/projects/git/bank_data_processing/myenv/lib/python3.11/site-packages/airflow/example_dags/example_params_trigger_ui.py
[2024-07-12T01:49:50.903+0530] {processor.py:840} INFO - DAG(s) 'example_params_trigger_ui' retrieved from /home/kali/Desktop/projects/git/bank_data_processing/myenv/lib/python3.11/site-packages/airflow/example_dags/example_params_trigger_ui.py
[2024-07-12T01:49:50.952+0530] {logging_mixin.py:188} INFO - [2024-07-12T01:49:50.952+0530] {dag.py:3096} INFO - Sync 1 DAGs
[2024-07-12T01:49:50.963+0530] {logging_mixin.py:188} INFO - [2024-07-12T01:49:50.963+0530] {dag.py:3954} INFO - Setting next_dagrun for example_params_trigger_ui to None, run_after=None
[2024-07-12T01:49:50.985+0530] {processor.py:183} INFO - Processing /home/kali/Desktop/projects/git/bank_data_processing/myenv/lib/python3.11/site-packages/airflow/example_dags/example_params_trigger_ui.py took 0.106 seconds
[2024-07-12T01:50:21.510+0530] {processor.py:161} INFO - Started process (PID=38638) to work on /home/kali/Desktop/projects/git/bank_data_processing/myenv/lib/python3.11/site-packages/airflow/example_dags/example_params_trigger_ui.py
[2024-07-12T01:50:21.511+0530] {processor.py:830} INFO - Processing file /home/kali/Desktop/projects/git/bank_data_processing/myenv/lib/python3.11/site-packages/airflow/example_dags/example_params_trigger_ui.py for tasks to queue
[2024-07-12T01:50:21.513+0530] {logging_mixin.py:188} INFO - [2024-07-12T01:50:21.513+0530] {dagbag.py:545} INFO - Filling up the DagBag from /home/kali/Desktop/projects/git/bank_data_processing/myenv/lib/python3.11/site-packages/airflow/example_dags/example_params_trigger_ui.py
[2024-07-12T01:50:21.530+0530] {processor.py:840} INFO - DAG(s) 'example_params_trigger_ui' retrieved from /home/kali/Desktop/projects/git/bank_data_processing/myenv/lib/python3.11/site-packages/airflow/example_dags/example_params_trigger_ui.py
[2024-07-12T01:50:21.580+0530] {logging_mixin.py:188} INFO - [2024-07-12T01:50:21.580+0530] {dag.py:3096} INFO - Sync 1 DAGs
[2024-07-12T01:50:21.592+0530] {logging_mixin.py:188} INFO - [2024-07-12T01:50:21.592+0530] {dag.py:3954} INFO - Setting next_dagrun for example_params_trigger_ui to None, run_after=None
[2024-07-12T01:50:21.611+0530] {processor.py:183} INFO - Processing /home/kali/Desktop/projects/git/bank_data_processing/myenv/lib/python3.11/site-packages/airflow/example_dags/example_params_trigger_ui.py took 0.108 seconds
[2024-07-12T01:50:51.752+0530] {processor.py:161} INFO - Started process (PID=39069) to work on /home/kali/Desktop/projects/git/bank_data_processing/myenv/lib/python3.11/site-packages/airflow/example_dags/example_params_trigger_ui.py
[2024-07-12T01:50:51.753+0530] {processor.py:830} INFO - Processing file /home/kali/Desktop/projects/git/bank_data_processing/myenv/lib/python3.11/site-packages/airflow/example_dags/example_params_trigger_ui.py for tasks to queue
[2024-07-12T01:50:51.754+0530] {logging_mixin.py:188} INFO - [2024-07-12T01:50:51.754+0530] {dagbag.py:545} INFO - Filling up the DagBag from /home/kali/Desktop/projects/git/bank_data_processing/myenv/lib/python3.11/site-packages/airflow/example_dags/example_params_trigger_ui.py
[2024-07-12T01:50:51.769+0530] {processor.py:840} INFO - DAG(s) 'example_params_trigger_ui' retrieved from /home/kali/Desktop/projects/git/bank_data_processing/myenv/lib/python3.11/site-packages/airflow/example_dags/example_params_trigger_ui.py
[2024-07-12T01:50:51.812+0530] {logging_mixin.py:188} INFO - [2024-07-12T01:50:51.812+0530] {dag.py:3096} INFO - Sync 1 DAGs
[2024-07-12T01:50:51.829+0530] {logging_mixin.py:188} INFO - [2024-07-12T01:50:51.828+0530] {dag.py:3954} INFO - Setting next_dagrun for example_params_trigger_ui to None, run_after=None
[2024-07-12T01:50:51.858+0530] {processor.py:183} INFO - Processing /home/kali/Desktop/projects/git/bank_data_processing/myenv/lib/python3.11/site-packages/airflow/example_dags/example_params_trigger_ui.py took 0.113 seconds
[2024-07-12T01:51:21.952+0530] {processor.py:161} INFO - Started process (PID=39476) to work on /home/kali/Desktop/projects/git/bank_data_processing/myenv/lib/python3.11/site-packages/airflow/example_dags/example_params_trigger_ui.py
[2024-07-12T01:51:21.952+0530] {processor.py:830} INFO - Processing file /home/kali/Desktop/projects/git/bank_data_processing/myenv/lib/python3.11/site-packages/airflow/example_dags/example_params_trigger_ui.py for tasks to queue
[2024-07-12T01:51:21.954+0530] {logging_mixin.py:188} INFO - [2024-07-12T01:51:21.954+0530] {dagbag.py:545} INFO - Filling up the DagBag from /home/kali/Desktop/projects/git/bank_data_processing/myenv/lib/python3.11/site-packages/airflow/example_dags/example_params_trigger_ui.py
[2024-07-12T01:51:21.969+0530] {processor.py:840} INFO - DAG(s) 'example_params_trigger_ui' retrieved from /home/kali/Desktop/projects/git/bank_data_processing/myenv/lib/python3.11/site-packages/airflow/example_dags/example_params_trigger_ui.py
[2024-07-12T01:51:22.012+0530] {logging_mixin.py:188} INFO - [2024-07-12T01:51:22.012+0530] {dag.py:3096} INFO - Sync 1 DAGs
[2024-07-12T01:51:22.024+0530] {logging_mixin.py:188} INFO - [2024-07-12T01:51:22.023+0530] {dag.py:3954} INFO - Setting next_dagrun for example_params_trigger_ui to None, run_after=None
[2024-07-12T01:51:22.042+0530] {processor.py:183} INFO - Processing /home/kali/Desktop/projects/git/bank_data_processing/myenv/lib/python3.11/site-packages/airflow/example_dags/example_params_trigger_ui.py took 0.098 seconds
[2024-07-12T01:51:52.936+0530] {processor.py:161} INFO - Started process (PID=40065) to work on /home/kali/Desktop/projects/git/bank_data_processing/myenv/lib/python3.11/site-packages/airflow/example_dags/example_params_trigger_ui.py
[2024-07-12T01:51:52.938+0530] {processor.py:830} INFO - Processing file /home/kali/Desktop/projects/git/bank_data_processing/myenv/lib/python3.11/site-packages/airflow/example_dags/example_params_trigger_ui.py for tasks to queue
[2024-07-12T01:51:52.940+0530] {logging_mixin.py:188} INFO - [2024-07-12T01:51:52.939+0530] {dagbag.py:545} INFO - Filling up the DagBag from /home/kali/Desktop/projects/git/bank_data_processing/myenv/lib/python3.11/site-packages/airflow/example_dags/example_params_trigger_ui.py
[2024-07-12T01:51:52.973+0530] {processor.py:840} INFO - DAG(s) 'example_params_trigger_ui' retrieved from /home/kali/Desktop/projects/git/bank_data_processing/myenv/lib/python3.11/site-packages/airflow/example_dags/example_params_trigger_ui.py
[2024-07-12T01:51:53.062+0530] {logging_mixin.py:188} INFO - [2024-07-12T01:51:53.061+0530] {dag.py:3096} INFO - Sync 1 DAGs
[2024-07-12T01:51:53.088+0530] {logging_mixin.py:188} INFO - [2024-07-12T01:51:53.088+0530] {dag.py:3954} INFO - Setting next_dagrun for example_params_trigger_ui to None, run_after=None
[2024-07-12T01:51:53.134+0530] {processor.py:183} INFO - Processing /home/kali/Desktop/projects/git/bank_data_processing/myenv/lib/python3.11/site-packages/airflow/example_dags/example_params_trigger_ui.py took 0.214 seconds
[2024-07-12T01:52:23.515+0530] {processor.py:161} INFO - Started process (PID=40746) to work on /home/kali/Desktop/projects/git/bank_data_processing/myenv/lib/python3.11/site-packages/airflow/example_dags/example_params_trigger_ui.py
[2024-07-12T01:52:23.516+0530] {processor.py:830} INFO - Processing file /home/kali/Desktop/projects/git/bank_data_processing/myenv/lib/python3.11/site-packages/airflow/example_dags/example_params_trigger_ui.py for tasks to queue
[2024-07-12T01:52:23.517+0530] {logging_mixin.py:188} INFO - [2024-07-12T01:52:23.517+0530] {dagbag.py:545} INFO - Filling up the DagBag from /home/kali/Desktop/projects/git/bank_data_processing/myenv/lib/python3.11/site-packages/airflow/example_dags/example_params_trigger_ui.py
[2024-07-12T01:52:23.531+0530] {processor.py:840} INFO - DAG(s) 'example_params_trigger_ui' retrieved from /home/kali/Desktop/projects/git/bank_data_processing/myenv/lib/python3.11/site-packages/airflow/example_dags/example_params_trigger_ui.py
[2024-07-12T01:52:23.570+0530] {logging_mixin.py:188} INFO - [2024-07-12T01:52:23.570+0530] {dag.py:3096} INFO - Sync 1 DAGs
[2024-07-12T01:52:23.580+0530] {logging_mixin.py:188} INFO - [2024-07-12T01:52:23.579+0530] {dag.py:3954} INFO - Setting next_dagrun for example_params_trigger_ui to None, run_after=None
[2024-07-12T01:52:23.599+0530] {processor.py:183} INFO - Processing /home/kali/Desktop/projects/git/bank_data_processing/myenv/lib/python3.11/site-packages/airflow/example_dags/example_params_trigger_ui.py took 0.093 seconds
