[2024-07-12T01:47:46.753+0530] {processor.py:161} INFO - Started process (PID=36575) to work on /home/kali/Desktop/projects/git/bank_data_processing/myenv/lib/python3.11/site-packages/airflow/example_dags/example_setup_teardown_taskflow.py
[2024-07-12T01:47:46.754+0530] {processor.py:830} INFO - Processing file /home/kali/Desktop/projects/git/bank_data_processing/myenv/lib/python3.11/site-packages/airflow/example_dags/example_setup_teardown_taskflow.py for tasks to queue
[2024-07-12T01:47:46.755+0530] {logging_mixin.py:188} INFO - [2024-07-12T01:47:46.755+0530] {dagbag.py:545} INFO - Filling up the DagBag from /home/kali/Desktop/projects/git/bank_data_processing/myenv/lib/python3.11/site-packages/airflow/example_dags/example_setup_teardown_taskflow.py
[2024-07-12T01:47:46.765+0530] {processor.py:840} INFO - DAG(s) 'example_setup_teardown_taskflow' retrieved from /home/kali/Desktop/projects/git/bank_data_processing/myenv/lib/python3.11/site-packages/airflow/example_dags/example_setup_teardown_taskflow.py
[2024-07-12T01:47:46.860+0530] {logging_mixin.py:188} INFO - [2024-07-12T01:47:46.859+0530] {dag.py:3096} INFO - Sync 1 DAGs
[2024-07-12T01:47:46.878+0530] {logging_mixin.py:188} INFO - [2024-07-12T01:47:46.877+0530] {dag.py:3954} INFO - Setting next_dagrun for example_setup_teardown_taskflow to 2024-07-10 00:00:00+00:00, run_after=2024-07-11 00:00:00+00:00
[2024-07-12T01:47:46.898+0530] {processor.py:183} INFO - Processing /home/kali/Desktop/projects/git/bank_data_processing/myenv/lib/python3.11/site-packages/airflow/example_dags/example_setup_teardown_taskflow.py took 0.151 seconds
[2024-07-12T01:48:17.781+0530] {processor.py:161} INFO - Started process (PID=37074) to work on /home/kali/Desktop/projects/git/bank_data_processing/myenv/lib/python3.11/site-packages/airflow/example_dags/example_setup_teardown_taskflow.py
[2024-07-12T01:48:17.782+0530] {processor.py:830} INFO - Processing file /home/kali/Desktop/projects/git/bank_data_processing/myenv/lib/python3.11/site-packages/airflow/example_dags/example_setup_teardown_taskflow.py for tasks to queue
[2024-07-12T01:48:17.784+0530] {logging_mixin.py:188} INFO - [2024-07-12T01:48:17.783+0530] {dagbag.py:545} INFO - Filling up the DagBag from /home/kali/Desktop/projects/git/bank_data_processing/myenv/lib/python3.11/site-packages/airflow/example_dags/example_setup_teardown_taskflow.py
[2024-07-12T01:48:17.795+0530] {processor.py:840} INFO - DAG(s) 'example_setup_teardown_taskflow' retrieved from /home/kali/Desktop/projects/git/bank_data_processing/myenv/lib/python3.11/site-packages/airflow/example_dags/example_setup_teardown_taskflow.py
[2024-07-12T01:48:17.816+0530] {logging_mixin.py:188} INFO - [2024-07-12T01:48:17.816+0530] {dag.py:3096} INFO - Sync 1 DAGs
[2024-07-12T01:48:17.839+0530] {logging_mixin.py:188} INFO - [2024-07-12T01:48:17.839+0530] {dag.py:3954} INFO - Setting next_dagrun for example_setup_teardown_taskflow to 2024-07-10 00:00:00+00:00, run_after=2024-07-11 00:00:00+00:00
[2024-07-12T01:48:17.861+0530] {processor.py:183} INFO - Processing /home/kali/Desktop/projects/git/bank_data_processing/myenv/lib/python3.11/site-packages/airflow/example_dags/example_setup_teardown_taskflow.py took 0.091 seconds
[2024-07-12T01:48:48.595+0530] {processor.py:161} INFO - Started process (PID=37457) to work on /home/kali/Desktop/projects/git/bank_data_processing/myenv/lib/python3.11/site-packages/airflow/example_dags/example_setup_teardown_taskflow.py
[2024-07-12T01:48:48.597+0530] {processor.py:830} INFO - Processing file /home/kali/Desktop/projects/git/bank_data_processing/myenv/lib/python3.11/site-packages/airflow/example_dags/example_setup_teardown_taskflow.py for tasks to queue
[2024-07-12T01:48:48.599+0530] {logging_mixin.py:188} INFO - [2024-07-12T01:48:48.599+0530] {dagbag.py:545} INFO - Filling up the DagBag from /home/kali/Desktop/projects/git/bank_data_processing/myenv/lib/python3.11/site-packages/airflow/example_dags/example_setup_teardown_taskflow.py
[2024-07-12T01:48:48.614+0530] {processor.py:840} INFO - DAG(s) 'example_setup_teardown_taskflow' retrieved from /home/kali/Desktop/projects/git/bank_data_processing/myenv/lib/python3.11/site-packages/airflow/example_dags/example_setup_teardown_taskflow.py
[2024-07-12T01:48:48.642+0530] {logging_mixin.py:188} INFO - [2024-07-12T01:48:48.642+0530] {dag.py:3096} INFO - Sync 1 DAGs
[2024-07-12T01:48:48.665+0530] {logging_mixin.py:188} INFO - [2024-07-12T01:48:48.664+0530] {dag.py:3954} INFO - Setting next_dagrun for example_setup_teardown_taskflow to 2024-07-10 00:00:00+00:00, run_after=2024-07-11 00:00:00+00:00
[2024-07-12T01:48:48.687+0530] {processor.py:183} INFO - Processing /home/kali/Desktop/projects/git/bank_data_processing/myenv/lib/python3.11/site-packages/airflow/example_dags/example_setup_teardown_taskflow.py took 0.103 seconds
[2024-07-12T01:49:19.709+0530] {processor.py:161} INFO - Started process (PID=37931) to work on /home/kali/Desktop/projects/git/bank_data_processing/myenv/lib/python3.11/site-packages/airflow/example_dags/example_setup_teardown_taskflow.py
[2024-07-12T01:49:19.710+0530] {processor.py:830} INFO - Processing file /home/kali/Desktop/projects/git/bank_data_processing/myenv/lib/python3.11/site-packages/airflow/example_dags/example_setup_teardown_taskflow.py for tasks to queue
[2024-07-12T01:49:19.712+0530] {logging_mixin.py:188} INFO - [2024-07-12T01:49:19.711+0530] {dagbag.py:545} INFO - Filling up the DagBag from /home/kali/Desktop/projects/git/bank_data_processing/myenv/lib/python3.11/site-packages/airflow/example_dags/example_setup_teardown_taskflow.py
[2024-07-12T01:49:19.724+0530] {processor.py:840} INFO - DAG(s) 'example_setup_teardown_taskflow' retrieved from /home/kali/Desktop/projects/git/bank_data_processing/myenv/lib/python3.11/site-packages/airflow/example_dags/example_setup_teardown_taskflow.py
[2024-07-12T01:49:19.747+0530] {logging_mixin.py:188} INFO - [2024-07-12T01:49:19.747+0530] {dag.py:3096} INFO - Sync 1 DAGs
[2024-07-12T01:49:19.774+0530] {logging_mixin.py:188} INFO - [2024-07-12T01:49:19.773+0530] {dag.py:3954} INFO - Setting next_dagrun for example_setup_teardown_taskflow to 2024-07-10 00:00:00+00:00, run_after=2024-07-11 00:00:00+00:00
[2024-07-12T01:49:19.800+0530] {processor.py:183} INFO - Processing /home/kali/Desktop/projects/git/bank_data_processing/myenv/lib/python3.11/site-packages/airflow/example_dags/example_setup_teardown_taskflow.py took 0.099 seconds
[2024-07-12T01:49:50.591+0530] {processor.py:161} INFO - Started process (PID=38259) to work on /home/kali/Desktop/projects/git/bank_data_processing/myenv/lib/python3.11/site-packages/airflow/example_dags/example_setup_teardown_taskflow.py
[2024-07-12T01:49:50.592+0530] {processor.py:830} INFO - Processing file /home/kali/Desktop/projects/git/bank_data_processing/myenv/lib/python3.11/site-packages/airflow/example_dags/example_setup_teardown_taskflow.py for tasks to queue
[2024-07-12T01:49:50.593+0530] {logging_mixin.py:188} INFO - [2024-07-12T01:49:50.593+0530] {dagbag.py:545} INFO - Filling up the DagBag from /home/kali/Desktop/projects/git/bank_data_processing/myenv/lib/python3.11/site-packages/airflow/example_dags/example_setup_teardown_taskflow.py
[2024-07-12T01:49:50.603+0530] {processor.py:840} INFO - DAG(s) 'example_setup_teardown_taskflow' retrieved from /home/kali/Desktop/projects/git/bank_data_processing/myenv/lib/python3.11/site-packages/airflow/example_dags/example_setup_teardown_taskflow.py
[2024-07-12T01:49:50.621+0530] {logging_mixin.py:188} INFO - [2024-07-12T01:49:50.621+0530] {dag.py:3096} INFO - Sync 1 DAGs
[2024-07-12T01:49:50.639+0530] {logging_mixin.py:188} INFO - [2024-07-12T01:49:50.639+0530] {dag.py:3954} INFO - Setting next_dagrun for example_setup_teardown_taskflow to 2024-07-10 00:00:00+00:00, run_after=2024-07-11 00:00:00+00:00
[2024-07-12T01:49:50.657+0530] {processor.py:183} INFO - Processing /home/kali/Desktop/projects/git/bank_data_processing/myenv/lib/python3.11/site-packages/airflow/example_dags/example_setup_teardown_taskflow.py took 0.073 seconds
[2024-07-12T01:50:21.126+0530] {processor.py:161} INFO - Started process (PID=38624) to work on /home/kali/Desktop/projects/git/bank_data_processing/myenv/lib/python3.11/site-packages/airflow/example_dags/example_setup_teardown_taskflow.py
[2024-07-12T01:50:21.127+0530] {processor.py:830} INFO - Processing file /home/kali/Desktop/projects/git/bank_data_processing/myenv/lib/python3.11/site-packages/airflow/example_dags/example_setup_teardown_taskflow.py for tasks to queue
[2024-07-12T01:50:21.128+0530] {logging_mixin.py:188} INFO - [2024-07-12T01:50:21.128+0530] {dagbag.py:545} INFO - Filling up the DagBag from /home/kali/Desktop/projects/git/bank_data_processing/myenv/lib/python3.11/site-packages/airflow/example_dags/example_setup_teardown_taskflow.py
[2024-07-12T01:50:21.140+0530] {processor.py:840} INFO - DAG(s) 'example_setup_teardown_taskflow' retrieved from /home/kali/Desktop/projects/git/bank_data_processing/myenv/lib/python3.11/site-packages/airflow/example_dags/example_setup_teardown_taskflow.py
[2024-07-12T01:50:21.174+0530] {logging_mixin.py:188} INFO - [2024-07-12T01:50:21.174+0530] {dag.py:3096} INFO - Sync 1 DAGs
[2024-07-12T01:50:21.211+0530] {logging_mixin.py:188} INFO - [2024-07-12T01:50:21.211+0530] {dag.py:3954} INFO - Setting next_dagrun for example_setup_teardown_taskflow to 2024-07-10 00:00:00+00:00, run_after=2024-07-11 00:00:00+00:00
[2024-07-12T01:50:21.242+0530] {processor.py:183} INFO - Processing /home/kali/Desktop/projects/git/bank_data_processing/myenv/lib/python3.11/site-packages/airflow/example_dags/example_setup_teardown_taskflow.py took 0.123 seconds
[2024-07-12T01:50:51.420+0530] {processor.py:161} INFO - Started process (PID=39044) to work on /home/kali/Desktop/projects/git/bank_data_processing/myenv/lib/python3.11/site-packages/airflow/example_dags/example_setup_teardown_taskflow.py
[2024-07-12T01:50:51.421+0530] {processor.py:830} INFO - Processing file /home/kali/Desktop/projects/git/bank_data_processing/myenv/lib/python3.11/site-packages/airflow/example_dags/example_setup_teardown_taskflow.py for tasks to queue
[2024-07-12T01:50:51.424+0530] {logging_mixin.py:188} INFO - [2024-07-12T01:50:51.423+0530] {dagbag.py:545} INFO - Filling up the DagBag from /home/kali/Desktop/projects/git/bank_data_processing/myenv/lib/python3.11/site-packages/airflow/example_dags/example_setup_teardown_taskflow.py
[2024-07-12T01:50:51.436+0530] {processor.py:840} INFO - DAG(s) 'example_setup_teardown_taskflow' retrieved from /home/kali/Desktop/projects/git/bank_data_processing/myenv/lib/python3.11/site-packages/airflow/example_dags/example_setup_teardown_taskflow.py
[2024-07-12T01:50:51.465+0530] {logging_mixin.py:188} INFO - [2024-07-12T01:50:51.465+0530] {dag.py:3096} INFO - Sync 1 DAGs
[2024-07-12T01:50:51.491+0530] {logging_mixin.py:188} INFO - [2024-07-12T01:50:51.491+0530] {dag.py:3954} INFO - Setting next_dagrun for example_setup_teardown_taskflow to 2024-07-10 00:00:00+00:00, run_after=2024-07-11 00:00:00+00:00
[2024-07-12T01:50:51.517+0530] {processor.py:183} INFO - Processing /home/kali/Desktop/projects/git/bank_data_processing/myenv/lib/python3.11/site-packages/airflow/example_dags/example_setup_teardown_taskflow.py took 0.103 seconds
[2024-07-12T01:51:21.575+0530] {processor.py:161} INFO - Started process (PID=39466) to work on /home/kali/Desktop/projects/git/bank_data_processing/myenv/lib/python3.11/site-packages/airflow/example_dags/example_setup_teardown_taskflow.py
[2024-07-12T01:51:21.576+0530] {processor.py:830} INFO - Processing file /home/kali/Desktop/projects/git/bank_data_processing/myenv/lib/python3.11/site-packages/airflow/example_dags/example_setup_teardown_taskflow.py for tasks to queue
[2024-07-12T01:51:21.578+0530] {logging_mixin.py:188} INFO - [2024-07-12T01:51:21.577+0530] {dagbag.py:545} INFO - Filling up the DagBag from /home/kali/Desktop/projects/git/bank_data_processing/myenv/lib/python3.11/site-packages/airflow/example_dags/example_setup_teardown_taskflow.py
[2024-07-12T01:51:21.589+0530] {processor.py:840} INFO - DAG(s) 'example_setup_teardown_taskflow' retrieved from /home/kali/Desktop/projects/git/bank_data_processing/myenv/lib/python3.11/site-packages/airflow/example_dags/example_setup_teardown_taskflow.py
[2024-07-12T01:51:21.613+0530] {logging_mixin.py:188} INFO - [2024-07-12T01:51:21.613+0530] {dag.py:3096} INFO - Sync 1 DAGs
[2024-07-12T01:51:21.643+0530] {logging_mixin.py:188} INFO - [2024-07-12T01:51:21.643+0530] {dag.py:3954} INFO - Setting next_dagrun for example_setup_teardown_taskflow to 2024-07-10 00:00:00+00:00, run_after=2024-07-11 00:00:00+00:00
[2024-07-12T01:51:21.673+0530] {processor.py:183} INFO - Processing /home/kali/Desktop/projects/git/bank_data_processing/myenv/lib/python3.11/site-packages/airflow/example_dags/example_setup_teardown_taskflow.py took 0.104 seconds
[2024-07-12T01:51:52.292+0530] {processor.py:161} INFO - Started process (PID=40051) to work on /home/kali/Desktop/projects/git/bank_data_processing/myenv/lib/python3.11/site-packages/airflow/example_dags/example_setup_teardown_taskflow.py
[2024-07-12T01:51:52.295+0530] {processor.py:830} INFO - Processing file /home/kali/Desktop/projects/git/bank_data_processing/myenv/lib/python3.11/site-packages/airflow/example_dags/example_setup_teardown_taskflow.py for tasks to queue
[2024-07-12T01:51:52.300+0530] {logging_mixin.py:188} INFO - [2024-07-12T01:51:52.299+0530] {dagbag.py:545} INFO - Filling up the DagBag from /home/kali/Desktop/projects/git/bank_data_processing/myenv/lib/python3.11/site-packages/airflow/example_dags/example_setup_teardown_taskflow.py
[2024-07-12T01:51:52.322+0530] {processor.py:840} INFO - DAG(s) 'example_setup_teardown_taskflow' retrieved from /home/kali/Desktop/projects/git/bank_data_processing/myenv/lib/python3.11/site-packages/airflow/example_dags/example_setup_teardown_taskflow.py
[2024-07-12T01:51:52.371+0530] {logging_mixin.py:188} INFO - [2024-07-12T01:51:52.370+0530] {dag.py:3096} INFO - Sync 1 DAGs
[2024-07-12T01:51:52.421+0530] {logging_mixin.py:188} INFO - [2024-07-12T01:51:52.420+0530] {dag.py:3954} INFO - Setting next_dagrun for example_setup_teardown_taskflow to 2024-07-10 00:00:00+00:00, run_after=2024-07-11 00:00:00+00:00
[2024-07-12T01:51:52.457+0530] {processor.py:183} INFO - Processing /home/kali/Desktop/projects/git/bank_data_processing/myenv/lib/python3.11/site-packages/airflow/example_dags/example_setup_teardown_taskflow.py took 0.179 seconds
[2024-07-12T01:52:23.137+0530] {processor.py:161} INFO - Started process (PID=40740) to work on /home/kali/Desktop/projects/git/bank_data_processing/myenv/lib/python3.11/site-packages/airflow/example_dags/example_setup_teardown_taskflow.py
[2024-07-12T01:52:23.138+0530] {processor.py:830} INFO - Processing file /home/kali/Desktop/projects/git/bank_data_processing/myenv/lib/python3.11/site-packages/airflow/example_dags/example_setup_teardown_taskflow.py for tasks to queue
[2024-07-12T01:52:23.140+0530] {logging_mixin.py:188} INFO - [2024-07-12T01:52:23.140+0530] {dagbag.py:545} INFO - Filling up the DagBag from /home/kali/Desktop/projects/git/bank_data_processing/myenv/lib/python3.11/site-packages/airflow/example_dags/example_setup_teardown_taskflow.py
[2024-07-12T01:52:23.149+0530] {processor.py:840} INFO - DAG(s) 'example_setup_teardown_taskflow' retrieved from /home/kali/Desktop/projects/git/bank_data_processing/myenv/lib/python3.11/site-packages/airflow/example_dags/example_setup_teardown_taskflow.py
[2024-07-12T01:52:23.169+0530] {logging_mixin.py:188} INFO - [2024-07-12T01:52:23.168+0530] {dag.py:3096} INFO - Sync 1 DAGs
[2024-07-12T01:52:23.188+0530] {logging_mixin.py:188} INFO - [2024-07-12T01:52:23.188+0530] {dag.py:3954} INFO - Setting next_dagrun for example_setup_teardown_taskflow to 2024-07-10 00:00:00+00:00, run_after=2024-07-11 00:00:00+00:00
[2024-07-12T01:52:23.207+0530] {processor.py:183} INFO - Processing /home/kali/Desktop/projects/git/bank_data_processing/myenv/lib/python3.11/site-packages/airflow/example_dags/example_setup_teardown_taskflow.py took 0.078 seconds
