[2024-07-12T01:47:45.291+0530] {processor.py:161} INFO - Started process (PID=36531) to work on /home/kali/Desktop/projects/git/bank_data_processing/myenv/lib/python3.11/site-packages/airflow/example_dags/example_subdag_operator.py
[2024-07-12T01:47:45.292+0530] {processor.py:830} INFO - Processing file /home/kali/Desktop/projects/git/bank_data_processing/myenv/lib/python3.11/site-packages/airflow/example_dags/example_subdag_operator.py for tasks to queue
[2024-07-12T01:47:45.294+0530] {logging_mixin.py:188} INFO - [2024-07-12T01:47:45.294+0530] {dagbag.py:545} INFO - Filling up the DagBag from /home/kali/Desktop/projects/git/bank_data_processing/myenv/lib/python3.11/site-packages/airflow/example_dags/example_subdag_operator.py
[2024-07-12T01:47:45.325+0530] {processor.py:840} INFO - DAG(s) 'example_subdag_operator.section-1', 'example_subdag_operator.section-2', 'example_subdag_operator' retrieved from /home/kali/Desktop/projects/git/bank_data_processing/myenv/lib/python3.11/site-packages/airflow/example_dags/example_subdag_operator.py
[2024-07-12T01:47:45.483+0530] {logging_mixin.py:188} INFO - [2024-07-12T01:47:45.482+0530] {dag.py:3096} INFO - Sync 3 DAGs
[2024-07-12T01:47:45.512+0530] {logging_mixin.py:188} INFO - [2024-07-12T01:47:45.512+0530] {dag.py:3954} INFO - Setting next_dagrun for example_subdag_operator to 2022-01-01 00:00:00+00:00, run_after=2022-01-01 00:00:00+00:00
[2024-07-12T01:47:45.516+0530] {logging_mixin.py:188} INFO - [2024-07-12T01:47:45.516+0530] {dag.py:3954} INFO - Setting next_dagrun for example_subdag_operator.section-1 to None, run_after=None
[2024-07-12T01:47:45.518+0530] {logging_mixin.py:188} INFO - [2024-07-12T01:47:45.518+0530] {dag.py:3954} INFO - Setting next_dagrun for example_subdag_operator.section-2 to None, run_after=None
[2024-07-12T01:47:45.530+0530] {logging_mixin.py:188} INFO - [2024-07-12T01:47:45.530+0530] {dag.py:3096} INFO - Sync 2 DAGs
[2024-07-12T01:47:45.537+0530] {logging_mixin.py:188} INFO - [2024-07-12T01:47:45.536+0530] {dag.py:3954} INFO - Setting next_dagrun for example_subdag_operator.section-1 to None, run_after=None
[2024-07-12T01:47:45.537+0530] {logging_mixin.py:188} INFO - [2024-07-12T01:47:45.537+0530] {dag.py:3954} INFO - Setting next_dagrun for example_subdag_operator.section-2 to None, run_after=None
[2024-07-12T01:47:45.551+0530] {processor.py:183} INFO - Processing /home/kali/Desktop/projects/git/bank_data_processing/myenv/lib/python3.11/site-packages/airflow/example_dags/example_subdag_operator.py took 0.270 seconds
[2024-07-12T01:48:15.638+0530] {processor.py:161} INFO - Started process (PID=37035) to work on /home/kali/Desktop/projects/git/bank_data_processing/myenv/lib/python3.11/site-packages/airflow/example_dags/example_subdag_operator.py
[2024-07-12T01:48:15.639+0530] {processor.py:830} INFO - Processing file /home/kali/Desktop/projects/git/bank_data_processing/myenv/lib/python3.11/site-packages/airflow/example_dags/example_subdag_operator.py for tasks to queue
[2024-07-12T01:48:15.641+0530] {logging_mixin.py:188} INFO - [2024-07-12T01:48:15.640+0530] {dagbag.py:545} INFO - Filling up the DagBag from /home/kali/Desktop/projects/git/bank_data_processing/myenv/lib/python3.11/site-packages/airflow/example_dags/example_subdag_operator.py
[2024-07-12T01:48:15.669+0530] {processor.py:840} INFO - DAG(s) 'example_subdag_operator.section-1', 'example_subdag_operator.section-2', 'example_subdag_operator' retrieved from /home/kali/Desktop/projects/git/bank_data_processing/myenv/lib/python3.11/site-packages/airflow/example_dags/example_subdag_operator.py
[2024-07-12T01:48:15.689+0530] {logging_mixin.py:188} INFO - [2024-07-12T01:48:15.689+0530] {dag.py:3096} INFO - Sync 3 DAGs
[2024-07-12T01:48:15.716+0530] {logging_mixin.py:188} INFO - [2024-07-12T01:48:15.716+0530] {dag.py:3954} INFO - Setting next_dagrun for example_subdag_operator to 2022-01-01 00:00:00+00:00, run_after=2022-01-01 00:00:00+00:00
[2024-07-12T01:48:15.721+0530] {logging_mixin.py:188} INFO - [2024-07-12T01:48:15.721+0530] {dag.py:3954} INFO - Setting next_dagrun for example_subdag_operator.section-1 to None, run_after=None
[2024-07-12T01:48:15.723+0530] {logging_mixin.py:188} INFO - [2024-07-12T01:48:15.723+0530] {dag.py:3954} INFO - Setting next_dagrun for example_subdag_operator.section-2 to None, run_after=None
[2024-07-12T01:48:15.734+0530] {logging_mixin.py:188} INFO - [2024-07-12T01:48:15.734+0530] {dag.py:3096} INFO - Sync 2 DAGs
[2024-07-12T01:48:15.741+0530] {logging_mixin.py:188} INFO - [2024-07-12T01:48:15.741+0530] {dag.py:3954} INFO - Setting next_dagrun for example_subdag_operator.section-1 to None, run_after=None
[2024-07-12T01:48:15.742+0530] {logging_mixin.py:188} INFO - [2024-07-12T01:48:15.741+0530] {dag.py:3954} INFO - Setting next_dagrun for example_subdag_operator.section-2 to None, run_after=None
[2024-07-12T01:48:15.759+0530] {processor.py:183} INFO - Processing /home/kali/Desktop/projects/git/bank_data_processing/myenv/lib/python3.11/site-packages/airflow/example_dags/example_subdag_operator.py took 0.129 seconds
[2024-07-12T01:48:46.677+0530] {processor.py:161} INFO - Started process (PID=37421) to work on /home/kali/Desktop/projects/git/bank_data_processing/myenv/lib/python3.11/site-packages/airflow/example_dags/example_subdag_operator.py
[2024-07-12T01:48:46.684+0530] {processor.py:830} INFO - Processing file /home/kali/Desktop/projects/git/bank_data_processing/myenv/lib/python3.11/site-packages/airflow/example_dags/example_subdag_operator.py for tasks to queue
[2024-07-12T01:48:46.688+0530] {logging_mixin.py:188} INFO - [2024-07-12T01:48:46.687+0530] {dagbag.py:545} INFO - Filling up the DagBag from /home/kali/Desktop/projects/git/bank_data_processing/myenv/lib/python3.11/site-packages/airflow/example_dags/example_subdag_operator.py
[2024-07-12T01:48:46.715+0530] {processor.py:840} INFO - DAG(s) 'example_subdag_operator.section-1', 'example_subdag_operator.section-2', 'example_subdag_operator' retrieved from /home/kali/Desktop/projects/git/bank_data_processing/myenv/lib/python3.11/site-packages/airflow/example_dags/example_subdag_operator.py
[2024-07-12T01:48:46.730+0530] {logging_mixin.py:188} INFO - [2024-07-12T01:48:46.730+0530] {dag.py:3096} INFO - Sync 3 DAGs
[2024-07-12T01:48:46.752+0530] {logging_mixin.py:188} INFO - [2024-07-12T01:48:46.752+0530] {dag.py:3954} INFO - Setting next_dagrun for example_subdag_operator to 2022-01-01 00:00:00+00:00, run_after=2022-01-01 00:00:00+00:00
[2024-07-12T01:48:46.757+0530] {logging_mixin.py:188} INFO - [2024-07-12T01:48:46.757+0530] {dag.py:3954} INFO - Setting next_dagrun for example_subdag_operator.section-1 to None, run_after=None
[2024-07-12T01:48:46.759+0530] {logging_mixin.py:188} INFO - [2024-07-12T01:48:46.759+0530] {dag.py:3954} INFO - Setting next_dagrun for example_subdag_operator.section-2 to None, run_after=None
[2024-07-12T01:48:46.771+0530] {logging_mixin.py:188} INFO - [2024-07-12T01:48:46.771+0530] {dag.py:3096} INFO - Sync 2 DAGs
[2024-07-12T01:48:46.779+0530] {logging_mixin.py:188} INFO - [2024-07-12T01:48:46.779+0530] {dag.py:3954} INFO - Setting next_dagrun for example_subdag_operator.section-1 to None, run_after=None
[2024-07-12T01:48:46.780+0530] {logging_mixin.py:188} INFO - [2024-07-12T01:48:46.780+0530] {dag.py:3954} INFO - Setting next_dagrun for example_subdag_operator.section-2 to None, run_after=None
[2024-07-12T01:48:46.795+0530] {processor.py:183} INFO - Processing /home/kali/Desktop/projects/git/bank_data_processing/myenv/lib/python3.11/site-packages/airflow/example_dags/example_subdag_operator.py took 0.131 seconds
[2024-07-12T01:49:16.865+0530] {processor.py:161} INFO - Started process (PID=37887) to work on /home/kali/Desktop/projects/git/bank_data_processing/myenv/lib/python3.11/site-packages/airflow/example_dags/example_subdag_operator.py
[2024-07-12T01:49:16.866+0530] {processor.py:830} INFO - Processing file /home/kali/Desktop/projects/git/bank_data_processing/myenv/lib/python3.11/site-packages/airflow/example_dags/example_subdag_operator.py for tasks to queue
[2024-07-12T01:49:16.868+0530] {logging_mixin.py:188} INFO - [2024-07-12T01:49:16.867+0530] {dagbag.py:545} INFO - Filling up the DagBag from /home/kali/Desktop/projects/git/bank_data_processing/myenv/lib/python3.11/site-packages/airflow/example_dags/example_subdag_operator.py
[2024-07-12T01:49:16.890+0530] {processor.py:840} INFO - DAG(s) 'example_subdag_operator.section-1', 'example_subdag_operator.section-2', 'example_subdag_operator' retrieved from /home/kali/Desktop/projects/git/bank_data_processing/myenv/lib/python3.11/site-packages/airflow/example_dags/example_subdag_operator.py
[2024-07-12T01:49:16.905+0530] {logging_mixin.py:188} INFO - [2024-07-12T01:49:16.905+0530] {dag.py:3096} INFO - Sync 3 DAGs
[2024-07-12T01:49:17.058+0530] {logging_mixin.py:188} INFO - [2024-07-12T01:49:17.057+0530] {dag.py:3954} INFO - Setting next_dagrun for example_subdag_operator to 2022-01-01 00:00:00+00:00, run_after=2022-01-01 00:00:00+00:00
[2024-07-12T01:49:17.062+0530] {logging_mixin.py:188} INFO - [2024-07-12T01:49:17.062+0530] {dag.py:3954} INFO - Setting next_dagrun for example_subdag_operator.section-1 to None, run_after=None
[2024-07-12T01:49:17.064+0530] {logging_mixin.py:188} INFO - [2024-07-12T01:49:17.064+0530] {dag.py:3954} INFO - Setting next_dagrun for example_subdag_operator.section-2 to None, run_after=None
[2024-07-12T01:49:17.073+0530] {logging_mixin.py:188} INFO - [2024-07-12T01:49:17.072+0530] {dag.py:3096} INFO - Sync 2 DAGs
[2024-07-12T01:49:17.079+0530] {logging_mixin.py:188} INFO - [2024-07-12T01:49:17.078+0530] {dag.py:3954} INFO - Setting next_dagrun for example_subdag_operator.section-1 to None, run_after=None
[2024-07-12T01:49:17.079+0530] {logging_mixin.py:188} INFO - [2024-07-12T01:49:17.079+0530] {dag.py:3954} INFO - Setting next_dagrun for example_subdag_operator.section-2 to None, run_after=None
[2024-07-12T01:49:17.094+0530] {processor.py:183} INFO - Processing /home/kali/Desktop/projects/git/bank_data_processing/myenv/lib/python3.11/site-packages/airflow/example_dags/example_subdag_operator.py took 0.236 seconds
[2024-07-12T01:49:47.469+0530] {processor.py:161} INFO - Started process (PID=38215) to work on /home/kali/Desktop/projects/git/bank_data_processing/myenv/lib/python3.11/site-packages/airflow/example_dags/example_subdag_operator.py
[2024-07-12T01:49:47.470+0530] {processor.py:830} INFO - Processing file /home/kali/Desktop/projects/git/bank_data_processing/myenv/lib/python3.11/site-packages/airflow/example_dags/example_subdag_operator.py for tasks to queue
[2024-07-12T01:49:47.471+0530] {logging_mixin.py:188} INFO - [2024-07-12T01:49:47.471+0530] {dagbag.py:545} INFO - Filling up the DagBag from /home/kali/Desktop/projects/git/bank_data_processing/myenv/lib/python3.11/site-packages/airflow/example_dags/example_subdag_operator.py
[2024-07-12T01:49:47.496+0530] {processor.py:840} INFO - DAG(s) 'example_subdag_operator.section-1', 'example_subdag_operator.section-2', 'example_subdag_operator' retrieved from /home/kali/Desktop/projects/git/bank_data_processing/myenv/lib/python3.11/site-packages/airflow/example_dags/example_subdag_operator.py
[2024-07-12T01:49:47.515+0530] {logging_mixin.py:188} INFO - [2024-07-12T01:49:47.515+0530] {dag.py:3096} INFO - Sync 3 DAGs
[2024-07-12T01:49:47.547+0530] {logging_mixin.py:188} INFO - [2024-07-12T01:49:47.547+0530] {dag.py:3954} INFO - Setting next_dagrun for example_subdag_operator to 2022-01-01 00:00:00+00:00, run_after=2022-01-01 00:00:00+00:00
[2024-07-12T01:49:47.551+0530] {logging_mixin.py:188} INFO - [2024-07-12T01:49:47.551+0530] {dag.py:3954} INFO - Setting next_dagrun for example_subdag_operator.section-1 to None, run_after=None
[2024-07-12T01:49:47.553+0530] {logging_mixin.py:188} INFO - [2024-07-12T01:49:47.553+0530] {dag.py:3954} INFO - Setting next_dagrun for example_subdag_operator.section-2 to None, run_after=None
[2024-07-12T01:49:47.565+0530] {logging_mixin.py:188} INFO - [2024-07-12T01:49:47.564+0530] {dag.py:3096} INFO - Sync 2 DAGs
[2024-07-12T01:49:47.573+0530] {logging_mixin.py:188} INFO - [2024-07-12T01:49:47.573+0530] {dag.py:3954} INFO - Setting next_dagrun for example_subdag_operator.section-1 to None, run_after=None
[2024-07-12T01:49:47.574+0530] {logging_mixin.py:188} INFO - [2024-07-12T01:49:47.574+0530] {dag.py:3954} INFO - Setting next_dagrun for example_subdag_operator.section-2 to None, run_after=None
[2024-07-12T01:49:47.591+0530] {processor.py:183} INFO - Processing /home/kali/Desktop/projects/git/bank_data_processing/myenv/lib/python3.11/site-packages/airflow/example_dags/example_subdag_operator.py took 0.129 seconds
[2024-07-12T01:50:18.622+0530] {processor.py:161} INFO - Started process (PID=38563) to work on /home/kali/Desktop/projects/git/bank_data_processing/myenv/lib/python3.11/site-packages/airflow/example_dags/example_subdag_operator.py
[2024-07-12T01:50:18.623+0530] {processor.py:830} INFO - Processing file /home/kali/Desktop/projects/git/bank_data_processing/myenv/lib/python3.11/site-packages/airflow/example_dags/example_subdag_operator.py for tasks to queue
[2024-07-12T01:50:18.625+0530] {logging_mixin.py:188} INFO - [2024-07-12T01:50:18.625+0530] {dagbag.py:545} INFO - Filling up the DagBag from /home/kali/Desktop/projects/git/bank_data_processing/myenv/lib/python3.11/site-packages/airflow/example_dags/example_subdag_operator.py
[2024-07-12T01:50:18.673+0530] {processor.py:840} INFO - DAG(s) 'example_subdag_operator.section-1', 'example_subdag_operator.section-2', 'example_subdag_operator' retrieved from /home/kali/Desktop/projects/git/bank_data_processing/myenv/lib/python3.11/site-packages/airflow/example_dags/example_subdag_operator.py
[2024-07-12T01:50:18.702+0530] {logging_mixin.py:188} INFO - [2024-07-12T01:50:18.702+0530] {dag.py:3096} INFO - Sync 3 DAGs
[2024-07-12T01:50:18.742+0530] {logging_mixin.py:188} INFO - [2024-07-12T01:50:18.742+0530] {dag.py:3954} INFO - Setting next_dagrun for example_subdag_operator to 2022-01-01 00:00:00+00:00, run_after=2022-01-01 00:00:00+00:00
[2024-07-12T01:50:18.751+0530] {logging_mixin.py:188} INFO - [2024-07-12T01:50:18.751+0530] {dag.py:3954} INFO - Setting next_dagrun for example_subdag_operator.section-1 to None, run_after=None
[2024-07-12T01:50:18.755+0530] {logging_mixin.py:188} INFO - [2024-07-12T01:50:18.755+0530] {dag.py:3954} INFO - Setting next_dagrun for example_subdag_operator.section-2 to None, run_after=None
[2024-07-12T01:50:18.772+0530] {logging_mixin.py:188} INFO - [2024-07-12T01:50:18.772+0530] {dag.py:3096} INFO - Sync 2 DAGs
[2024-07-12T01:50:18.785+0530] {logging_mixin.py:188} INFO - [2024-07-12T01:50:18.785+0530] {dag.py:3954} INFO - Setting next_dagrun for example_subdag_operator.section-1 to None, run_after=None
[2024-07-12T01:50:18.786+0530] {logging_mixin.py:188} INFO - [2024-07-12T01:50:18.786+0530] {dag.py:3954} INFO - Setting next_dagrun for example_subdag_operator.section-2 to None, run_after=None
[2024-07-12T01:50:18.809+0530] {processor.py:183} INFO - Processing /home/kali/Desktop/projects/git/bank_data_processing/myenv/lib/python3.11/site-packages/airflow/example_dags/example_subdag_operator.py took 0.200 seconds
[2024-07-12T01:50:49.268+0530] {processor.py:161} INFO - Started process (PID=39004) to work on /home/kali/Desktop/projects/git/bank_data_processing/myenv/lib/python3.11/site-packages/airflow/example_dags/example_subdag_operator.py
[2024-07-12T01:50:49.270+0530] {processor.py:830} INFO - Processing file /home/kali/Desktop/projects/git/bank_data_processing/myenv/lib/python3.11/site-packages/airflow/example_dags/example_subdag_operator.py for tasks to queue
[2024-07-12T01:50:49.276+0530] {logging_mixin.py:188} INFO - [2024-07-12T01:50:49.276+0530] {dagbag.py:545} INFO - Filling up the DagBag from /home/kali/Desktop/projects/git/bank_data_processing/myenv/lib/python3.11/site-packages/airflow/example_dags/example_subdag_operator.py
[2024-07-12T01:50:49.323+0530] {processor.py:840} INFO - DAG(s) 'example_subdag_operator.section-1', 'example_subdag_operator.section-2', 'example_subdag_operator' retrieved from /home/kali/Desktop/projects/git/bank_data_processing/myenv/lib/python3.11/site-packages/airflow/example_dags/example_subdag_operator.py
[2024-07-12T01:50:49.363+0530] {logging_mixin.py:188} INFO - [2024-07-12T01:50:49.362+0530] {dag.py:3096} INFO - Sync 3 DAGs
[2024-07-12T01:50:49.398+0530] {logging_mixin.py:188} INFO - [2024-07-12T01:50:49.398+0530] {dag.py:3954} INFO - Setting next_dagrun for example_subdag_operator to 2022-01-01 00:00:00+00:00, run_after=2022-01-01 00:00:00+00:00
[2024-07-12T01:50:49.403+0530] {logging_mixin.py:188} INFO - [2024-07-12T01:50:49.402+0530] {dag.py:3954} INFO - Setting next_dagrun for example_subdag_operator.section-1 to None, run_after=None
[2024-07-12T01:50:49.404+0530] {logging_mixin.py:188} INFO - [2024-07-12T01:50:49.404+0530] {dag.py:3954} INFO - Setting next_dagrun for example_subdag_operator.section-2 to None, run_after=None
[2024-07-12T01:50:49.416+0530] {logging_mixin.py:188} INFO - [2024-07-12T01:50:49.415+0530] {dag.py:3096} INFO - Sync 2 DAGs
[2024-07-12T01:50:49.426+0530] {logging_mixin.py:188} INFO - [2024-07-12T01:50:49.425+0530] {dag.py:3954} INFO - Setting next_dagrun for example_subdag_operator.section-1 to None, run_after=None
[2024-07-12T01:50:49.426+0530] {logging_mixin.py:188} INFO - [2024-07-12T01:50:49.426+0530] {dag.py:3954} INFO - Setting next_dagrun for example_subdag_operator.section-2 to None, run_after=None
[2024-07-12T01:50:49.446+0530] {processor.py:183} INFO - Processing /home/kali/Desktop/projects/git/bank_data_processing/myenv/lib/python3.11/site-packages/airflow/example_dags/example_subdag_operator.py took 0.198 seconds
[2024-07-12T01:51:19.528+0530] {processor.py:161} INFO - Started process (PID=39406) to work on /home/kali/Desktop/projects/git/bank_data_processing/myenv/lib/python3.11/site-packages/airflow/example_dags/example_subdag_operator.py
[2024-07-12T01:51:19.529+0530] {processor.py:830} INFO - Processing file /home/kali/Desktop/projects/git/bank_data_processing/myenv/lib/python3.11/site-packages/airflow/example_dags/example_subdag_operator.py for tasks to queue
[2024-07-12T01:51:19.531+0530] {logging_mixin.py:188} INFO - [2024-07-12T01:51:19.531+0530] {dagbag.py:545} INFO - Filling up the DagBag from /home/kali/Desktop/projects/git/bank_data_processing/myenv/lib/python3.11/site-packages/airflow/example_dags/example_subdag_operator.py
[2024-07-12T01:51:19.556+0530] {processor.py:840} INFO - DAG(s) 'example_subdag_operator.section-1', 'example_subdag_operator.section-2', 'example_subdag_operator' retrieved from /home/kali/Desktop/projects/git/bank_data_processing/myenv/lib/python3.11/site-packages/airflow/example_dags/example_subdag_operator.py
[2024-07-12T01:51:19.572+0530] {logging_mixin.py:188} INFO - [2024-07-12T01:51:19.572+0530] {dag.py:3096} INFO - Sync 3 DAGs
[2024-07-12T01:51:19.595+0530] {logging_mixin.py:188} INFO - [2024-07-12T01:51:19.594+0530] {dag.py:3954} INFO - Setting next_dagrun for example_subdag_operator to 2022-01-01 00:00:00+00:00, run_after=2022-01-01 00:00:00+00:00
[2024-07-12T01:51:19.599+0530] {logging_mixin.py:188} INFO - [2024-07-12T01:51:19.598+0530] {dag.py:3954} INFO - Setting next_dagrun for example_subdag_operator.section-1 to None, run_after=None
[2024-07-12T01:51:19.600+0530] {logging_mixin.py:188} INFO - [2024-07-12T01:51:19.600+0530] {dag.py:3954} INFO - Setting next_dagrun for example_subdag_operator.section-2 to None, run_after=None
[2024-07-12T01:51:19.608+0530] {logging_mixin.py:188} INFO - [2024-07-12T01:51:19.607+0530] {dag.py:3096} INFO - Sync 2 DAGs
[2024-07-12T01:51:19.613+0530] {logging_mixin.py:188} INFO - [2024-07-12T01:51:19.613+0530] {dag.py:3954} INFO - Setting next_dagrun for example_subdag_operator.section-1 to None, run_after=None
[2024-07-12T01:51:19.614+0530] {logging_mixin.py:188} INFO - [2024-07-12T01:51:19.614+0530] {dag.py:3954} INFO - Setting next_dagrun for example_subdag_operator.section-2 to None, run_after=None
[2024-07-12T01:51:19.625+0530] {processor.py:183} INFO - Processing /home/kali/Desktop/projects/git/bank_data_processing/myenv/lib/python3.11/site-packages/airflow/example_dags/example_subdag_operator.py took 0.104 seconds
[2024-07-12T01:51:50.570+0530] {processor.py:161} INFO - Started process (PID=39971) to work on /home/kali/Desktop/projects/git/bank_data_processing/myenv/lib/python3.11/site-packages/airflow/example_dags/example_subdag_operator.py
[2024-07-12T01:51:50.571+0530] {processor.py:830} INFO - Processing file /home/kali/Desktop/projects/git/bank_data_processing/myenv/lib/python3.11/site-packages/airflow/example_dags/example_subdag_operator.py for tasks to queue
[2024-07-12T01:51:50.573+0530] {logging_mixin.py:188} INFO - [2024-07-12T01:51:50.572+0530] {dagbag.py:545} INFO - Filling up the DagBag from /home/kali/Desktop/projects/git/bank_data_processing/myenv/lib/python3.11/site-packages/airflow/example_dags/example_subdag_operator.py
[2024-07-12T01:51:50.604+0530] {processor.py:840} INFO - DAG(s) 'example_subdag_operator.section-1', 'example_subdag_operator.section-2', 'example_subdag_operator' retrieved from /home/kali/Desktop/projects/git/bank_data_processing/myenv/lib/python3.11/site-packages/airflow/example_dags/example_subdag_operator.py
[2024-07-12T01:51:50.625+0530] {logging_mixin.py:188} INFO - [2024-07-12T01:51:50.625+0530] {dag.py:3096} INFO - Sync 3 DAGs
[2024-07-12T01:51:50.657+0530] {logging_mixin.py:188} INFO - [2024-07-12T01:51:50.657+0530] {dag.py:3954} INFO - Setting next_dagrun for example_subdag_operator to 2022-01-01 00:00:00+00:00, run_after=2022-01-01 00:00:00+00:00
[2024-07-12T01:51:50.665+0530] {logging_mixin.py:188} INFO - [2024-07-12T01:51:50.665+0530] {dag.py:3954} INFO - Setting next_dagrun for example_subdag_operator.section-1 to None, run_after=None
[2024-07-12T01:51:50.668+0530] {logging_mixin.py:188} INFO - [2024-07-12T01:51:50.667+0530] {dag.py:3954} INFO - Setting next_dagrun for example_subdag_operator.section-2 to None, run_after=None
[2024-07-12T01:51:50.682+0530] {logging_mixin.py:188} INFO - [2024-07-12T01:51:50.681+0530] {dag.py:3096} INFO - Sync 2 DAGs
[2024-07-12T01:51:50.697+0530] {logging_mixin.py:188} INFO - [2024-07-12T01:51:50.697+0530] {dag.py:3954} INFO - Setting next_dagrun for example_subdag_operator.section-1 to None, run_after=None
[2024-07-12T01:51:50.698+0530] {logging_mixin.py:188} INFO - [2024-07-12T01:51:50.698+0530] {dag.py:3954} INFO - Setting next_dagrun for example_subdag_operator.section-2 to None, run_after=None
[2024-07-12T01:51:50.725+0530] {processor.py:183} INFO - Processing /home/kali/Desktop/projects/git/bank_data_processing/myenv/lib/python3.11/site-packages/airflow/example_dags/example_subdag_operator.py took 0.174 seconds
[2024-07-12T01:52:20.988+0530] {processor.py:161} INFO - Started process (PID=40664) to work on /home/kali/Desktop/projects/git/bank_data_processing/myenv/lib/python3.11/site-packages/airflow/example_dags/example_subdag_operator.py
[2024-07-12T01:52:20.989+0530] {processor.py:830} INFO - Processing file /home/kali/Desktop/projects/git/bank_data_processing/myenv/lib/python3.11/site-packages/airflow/example_dags/example_subdag_operator.py for tasks to queue
[2024-07-12T01:52:20.990+0530] {logging_mixin.py:188} INFO - [2024-07-12T01:52:20.990+0530] {dagbag.py:545} INFO - Filling up the DagBag from /home/kali/Desktop/projects/git/bank_data_processing/myenv/lib/python3.11/site-packages/airflow/example_dags/example_subdag_operator.py
[2024-07-12T01:52:21.012+0530] {processor.py:840} INFO - DAG(s) 'example_subdag_operator.section-1', 'example_subdag_operator.section-2', 'example_subdag_operator' retrieved from /home/kali/Desktop/projects/git/bank_data_processing/myenv/lib/python3.11/site-packages/airflow/example_dags/example_subdag_operator.py
[2024-07-12T01:52:21.028+0530] {logging_mixin.py:188} INFO - [2024-07-12T01:52:21.028+0530] {dag.py:3096} INFO - Sync 3 DAGs
[2024-07-12T01:52:21.049+0530] {logging_mixin.py:188} INFO - [2024-07-12T01:52:21.048+0530] {dag.py:3954} INFO - Setting next_dagrun for example_subdag_operator to 2022-01-01 00:00:00+00:00, run_after=2022-01-01 00:00:00+00:00
[2024-07-12T01:52:21.053+0530] {logging_mixin.py:188} INFO - [2024-07-12T01:52:21.052+0530] {dag.py:3954} INFO - Setting next_dagrun for example_subdag_operator.section-1 to None, run_after=None
[2024-07-12T01:52:21.054+0530] {logging_mixin.py:188} INFO - [2024-07-12T01:52:21.054+0530] {dag.py:3954} INFO - Setting next_dagrun for example_subdag_operator.section-2 to None, run_after=None
[2024-07-12T01:52:21.063+0530] {logging_mixin.py:188} INFO - [2024-07-12T01:52:21.062+0530] {dag.py:3096} INFO - Sync 2 DAGs
[2024-07-12T01:52:21.069+0530] {logging_mixin.py:188} INFO - [2024-07-12T01:52:21.068+0530] {dag.py:3954} INFO - Setting next_dagrun for example_subdag_operator.section-1 to None, run_after=None
[2024-07-12T01:52:21.069+0530] {logging_mixin.py:188} INFO - [2024-07-12T01:52:21.069+0530] {dag.py:3954} INFO - Setting next_dagrun for example_subdag_operator.section-2 to None, run_after=None
[2024-07-12T01:52:21.083+0530] {processor.py:183} INFO - Processing /home/kali/Desktop/projects/git/bank_data_processing/myenv/lib/python3.11/site-packages/airflow/example_dags/example_subdag_operator.py took 0.104 seconds
