[2024-07-12T01:47:47.620+0530] {processor.py:161} INFO - Started process (PID=36592) to work on /home/kali/Desktop/projects/git/bank_data_processing/myenv/lib/python3.11/site-packages/airflow/example_dags/example_datasets.py
[2024-07-12T01:47:47.621+0530] {processor.py:830} INFO - Processing file /home/kali/Desktop/projects/git/bank_data_processing/myenv/lib/python3.11/site-packages/airflow/example_dags/example_datasets.py for tasks to queue
[2024-07-12T01:47:47.623+0530] {logging_mixin.py:188} INFO - [2024-07-12T01:47:47.623+0530] {dagbag.py:545} INFO - Filling up the DagBag from /home/kali/Desktop/projects/git/bank_data_processing/myenv/lib/python3.11/site-packages/airflow/example_dags/example_datasets.py
[2024-07-12T01:47:47.639+0530] {processor.py:840} INFO - DAG(s) 'dataset_consumes_1_never_scheduled', 'consume_1_or_both_2_and_3_with_dataset_expressions', 'dataset_produces_1', 'dataset_produces_2', 'conditional_dataset_and_time_based_timetable', 'dataset_consumes_1_and_2', 'consume_1_or_2_with_dataset_expressions', 'dataset_consumes_1', 'consume_1_and_2_with_dataset_expressions', 'dataset_consumes_unknown_never_scheduled' retrieved from /home/kali/Desktop/projects/git/bank_data_processing/myenv/lib/python3.11/site-packages/airflow/example_dags/example_datasets.py
[2024-07-12T01:47:47.841+0530] {logging_mixin.py:188} INFO - [2024-07-12T01:47:47.840+0530] {dag.py:3096} INFO - Sync 10 DAGs
[2024-07-12T01:47:47.861+0530] {logging_mixin.py:188} INFO - [2024-07-12T01:47:47.861+0530] {dag.py:3954} INFO - Setting next_dagrun for conditional_dataset_and_time_based_timetable to 2024-07-10 01:00:00+00:00, run_after=2024-07-10 01:00:00+00:00
[2024-07-12T01:47:47.864+0530] {logging_mixin.py:188} INFO - [2024-07-12T01:47:47.864+0530] {dag.py:3954} INFO - Setting next_dagrun for consume_1_and_2_with_dataset_expressions to None, run_after=None
[2024-07-12T01:47:47.865+0530] {logging_mixin.py:188} INFO - [2024-07-12T01:47:47.865+0530] {dag.py:3954} INFO - Setting next_dagrun for consume_1_or_2_with_dataset_expressions to None, run_after=None
[2024-07-12T01:47:47.867+0530] {logging_mixin.py:188} INFO - [2024-07-12T01:47:47.867+0530] {dag.py:3954} INFO - Setting next_dagrun for consume_1_or_both_2_and_3_with_dataset_expressions to None, run_after=None
[2024-07-12T01:47:47.868+0530] {logging_mixin.py:188} INFO - [2024-07-12T01:47:47.868+0530] {dag.py:3954} INFO - Setting next_dagrun for dataset_consumes_1 to None, run_after=None
[2024-07-12T01:47:47.870+0530] {logging_mixin.py:188} INFO - [2024-07-12T01:47:47.870+0530] {dag.py:3954} INFO - Setting next_dagrun for dataset_consumes_1_and_2 to None, run_after=None
[2024-07-12T01:47:47.872+0530] {logging_mixin.py:188} INFO - [2024-07-12T01:47:47.872+0530] {dag.py:3954} INFO - Setting next_dagrun for dataset_consumes_1_never_scheduled to None, run_after=None
[2024-07-12T01:47:47.873+0530] {logging_mixin.py:188} INFO - [2024-07-12T01:47:47.873+0530] {dag.py:3954} INFO - Setting next_dagrun for dataset_consumes_unknown_never_scheduled to None, run_after=None
[2024-07-12T01:47:47.876+0530] {logging_mixin.py:188} INFO - [2024-07-12T01:47:47.876+0530] {dag.py:3954} INFO - Setting next_dagrun for dataset_produces_1 to 2024-07-10 00:00:00+00:00, run_after=2024-07-11 00:00:00+00:00
[2024-07-12T01:47:47.878+0530] {logging_mixin.py:188} INFO - [2024-07-12T01:47:47.877+0530] {dag.py:3954} INFO - Setting next_dagrun for dataset_produces_2 to None, run_after=None
[2024-07-12T01:47:47.919+0530] {processor.py:183} INFO - Processing /home/kali/Desktop/projects/git/bank_data_processing/myenv/lib/python3.11/site-packages/airflow/example_dags/example_datasets.py took 0.306 seconds
[2024-07-12T01:48:18.232+0530] {processor.py:161} INFO - Started process (PID=37091) to work on /home/kali/Desktop/projects/git/bank_data_processing/myenv/lib/python3.11/site-packages/airflow/example_dags/example_datasets.py
[2024-07-12T01:48:18.232+0530] {processor.py:830} INFO - Processing file /home/kali/Desktop/projects/git/bank_data_processing/myenv/lib/python3.11/site-packages/airflow/example_dags/example_datasets.py for tasks to queue
[2024-07-12T01:48:18.234+0530] {logging_mixin.py:188} INFO - [2024-07-12T01:48:18.234+0530] {dagbag.py:545} INFO - Filling up the DagBag from /home/kali/Desktop/projects/git/bank_data_processing/myenv/lib/python3.11/site-packages/airflow/example_dags/example_datasets.py
[2024-07-12T01:48:18.249+0530] {processor.py:840} INFO - DAG(s) 'dataset_produces_1', 'conditional_dataset_and_time_based_timetable', 'dataset_consumes_1_and_2', 'dataset_consumes_1_never_scheduled', 'consume_1_and_2_with_dataset_expressions', 'dataset_consumes_1', 'consume_1_or_both_2_and_3_with_dataset_expressions', 'dataset_produces_2', 'dataset_consumes_unknown_never_scheduled', 'consume_1_or_2_with_dataset_expressions' retrieved from /home/kali/Desktop/projects/git/bank_data_processing/myenv/lib/python3.11/site-packages/airflow/example_dags/example_datasets.py
[2024-07-12T01:48:18.306+0530] {logging_mixin.py:188} INFO - [2024-07-12T01:48:18.306+0530] {dag.py:3096} INFO - Sync 10 DAGs
[2024-07-12T01:48:18.329+0530] {logging_mixin.py:188} INFO - [2024-07-12T01:48:18.329+0530] {dag.py:3954} INFO - Setting next_dagrun for conditional_dataset_and_time_based_timetable to 2024-07-10 01:00:00+00:00, run_after=2024-07-10 01:00:00+00:00
[2024-07-12T01:48:18.333+0530] {logging_mixin.py:188} INFO - [2024-07-12T01:48:18.333+0530] {dag.py:3954} INFO - Setting next_dagrun for consume_1_and_2_with_dataset_expressions to None, run_after=None
[2024-07-12T01:48:18.334+0530] {logging_mixin.py:188} INFO - [2024-07-12T01:48:18.334+0530] {dag.py:3954} INFO - Setting next_dagrun for consume_1_or_2_with_dataset_expressions to None, run_after=None
[2024-07-12T01:48:18.336+0530] {logging_mixin.py:188} INFO - [2024-07-12T01:48:18.335+0530] {dag.py:3954} INFO - Setting next_dagrun for consume_1_or_both_2_and_3_with_dataset_expressions to None, run_after=None
[2024-07-12T01:48:18.337+0530] {logging_mixin.py:188} INFO - [2024-07-12T01:48:18.336+0530] {dag.py:3954} INFO - Setting next_dagrun for dataset_consumes_1 to None, run_after=None
[2024-07-12T01:48:18.338+0530] {logging_mixin.py:188} INFO - [2024-07-12T01:48:18.338+0530] {dag.py:3954} INFO - Setting next_dagrun for dataset_consumes_1_and_2 to None, run_after=None
[2024-07-12T01:48:18.339+0530] {logging_mixin.py:188} INFO - [2024-07-12T01:48:18.339+0530] {dag.py:3954} INFO - Setting next_dagrun for dataset_consumes_1_never_scheduled to None, run_after=None
[2024-07-12T01:48:18.340+0530] {logging_mixin.py:188} INFO - [2024-07-12T01:48:18.340+0530] {dag.py:3954} INFO - Setting next_dagrun for dataset_consumes_unknown_never_scheduled to None, run_after=None
[2024-07-12T01:48:18.343+0530] {logging_mixin.py:188} INFO - [2024-07-12T01:48:18.343+0530] {dag.py:3954} INFO - Setting next_dagrun for dataset_produces_1 to 2024-07-10 00:00:00+00:00, run_after=2024-07-11 00:00:00+00:00
[2024-07-12T01:48:18.344+0530] {logging_mixin.py:188} INFO - [2024-07-12T01:48:18.344+0530] {dag.py:3954} INFO - Setting next_dagrun for dataset_produces_2 to None, run_after=None
[2024-07-12T01:48:18.381+0530] {processor.py:183} INFO - Processing /home/kali/Desktop/projects/git/bank_data_processing/myenv/lib/python3.11/site-packages/airflow/example_dags/example_datasets.py took 0.156 seconds
[2024-07-12T01:48:49.050+0530] {processor.py:161} INFO - Started process (PID=37466) to work on /home/kali/Desktop/projects/git/bank_data_processing/myenv/lib/python3.11/site-packages/airflow/example_dags/example_datasets.py
[2024-07-12T01:48:49.051+0530] {processor.py:830} INFO - Processing file /home/kali/Desktop/projects/git/bank_data_processing/myenv/lib/python3.11/site-packages/airflow/example_dags/example_datasets.py for tasks to queue
[2024-07-12T01:48:49.053+0530] {logging_mixin.py:188} INFO - [2024-07-12T01:48:49.053+0530] {dagbag.py:545} INFO - Filling up the DagBag from /home/kali/Desktop/projects/git/bank_data_processing/myenv/lib/python3.11/site-packages/airflow/example_dags/example_datasets.py
[2024-07-12T01:48:49.068+0530] {processor.py:840} INFO - DAG(s) 'dataset_consumes_1_and_2', 'conditional_dataset_and_time_based_timetable', 'dataset_consumes_1', 'consume_1_and_2_with_dataset_expressions', 'dataset_produces_2', 'dataset_consumes_unknown_never_scheduled', 'dataset_produces_1', 'consume_1_or_2_with_dataset_expressions', 'consume_1_or_both_2_and_3_with_dataset_expressions', 'dataset_consumes_1_never_scheduled' retrieved from /home/kali/Desktop/projects/git/bank_data_processing/myenv/lib/python3.11/site-packages/airflow/example_dags/example_datasets.py
[2024-07-12T01:48:49.126+0530] {logging_mixin.py:188} INFO - [2024-07-12T01:48:49.126+0530] {dag.py:3096} INFO - Sync 10 DAGs
[2024-07-12T01:48:49.272+0530] {logging_mixin.py:188} INFO - [2024-07-12T01:48:49.271+0530] {dag.py:3954} INFO - Setting next_dagrun for conditional_dataset_and_time_based_timetable to 2024-07-10 01:00:00+00:00, run_after=2024-07-10 01:00:00+00:00
[2024-07-12T01:48:49.277+0530] {logging_mixin.py:188} INFO - [2024-07-12T01:48:49.277+0530] {dag.py:3954} INFO - Setting next_dagrun for consume_1_and_2_with_dataset_expressions to None, run_after=None
[2024-07-12T01:48:49.279+0530] {logging_mixin.py:188} INFO - [2024-07-12T01:48:49.279+0530] {dag.py:3954} INFO - Setting next_dagrun for consume_1_or_2_with_dataset_expressions to None, run_after=None
[2024-07-12T01:48:49.281+0530] {logging_mixin.py:188} INFO - [2024-07-12T01:48:49.281+0530] {dag.py:3954} INFO - Setting next_dagrun for consume_1_or_both_2_and_3_with_dataset_expressions to None, run_after=None
[2024-07-12T01:48:49.283+0530] {logging_mixin.py:188} INFO - [2024-07-12T01:48:49.283+0530] {dag.py:3954} INFO - Setting next_dagrun for dataset_consumes_1 to None, run_after=None
[2024-07-12T01:48:49.285+0530] {logging_mixin.py:188} INFO - [2024-07-12T01:48:49.285+0530] {dag.py:3954} INFO - Setting next_dagrun for dataset_consumes_1_and_2 to None, run_after=None
[2024-07-12T01:48:49.287+0530] {logging_mixin.py:188} INFO - [2024-07-12T01:48:49.287+0530] {dag.py:3954} INFO - Setting next_dagrun for dataset_consumes_1_never_scheduled to None, run_after=None
[2024-07-12T01:48:49.289+0530] {logging_mixin.py:188} INFO - [2024-07-12T01:48:49.288+0530] {dag.py:3954} INFO - Setting next_dagrun for dataset_consumes_unknown_never_scheduled to None, run_after=None
[2024-07-12T01:48:49.292+0530] {logging_mixin.py:188} INFO - [2024-07-12T01:48:49.292+0530] {dag.py:3954} INFO - Setting next_dagrun for dataset_produces_1 to 2024-07-10 00:00:00+00:00, run_after=2024-07-11 00:00:00+00:00
[2024-07-12T01:48:49.294+0530] {logging_mixin.py:188} INFO - [2024-07-12T01:48:49.294+0530] {dag.py:3954} INFO - Setting next_dagrun for dataset_produces_2 to None, run_after=None
[2024-07-12T01:48:49.336+0530] {processor.py:183} INFO - Processing /home/kali/Desktop/projects/git/bank_data_processing/myenv/lib/python3.11/site-packages/airflow/example_dags/example_datasets.py took 0.292 seconds
[2024-07-12T01:49:20.177+0530] {processor.py:161} INFO - Started process (PID=37940) to work on /home/kali/Desktop/projects/git/bank_data_processing/myenv/lib/python3.11/site-packages/airflow/example_dags/example_datasets.py
[2024-07-12T01:49:20.179+0530] {processor.py:830} INFO - Processing file /home/kali/Desktop/projects/git/bank_data_processing/myenv/lib/python3.11/site-packages/airflow/example_dags/example_datasets.py for tasks to queue
[2024-07-12T01:49:20.181+0530] {logging_mixin.py:188} INFO - [2024-07-12T01:49:20.180+0530] {dagbag.py:545} INFO - Filling up the DagBag from /home/kali/Desktop/projects/git/bank_data_processing/myenv/lib/python3.11/site-packages/airflow/example_dags/example_datasets.py
[2024-07-12T01:49:20.196+0530] {processor.py:840} INFO - DAG(s) 'consume_1_or_both_2_and_3_with_dataset_expressions', 'dataset_produces_2', 'conditional_dataset_and_time_based_timetable', 'dataset_produces_1', 'dataset_consumes_1_never_scheduled', 'dataset_consumes_1_and_2', 'dataset_consumes_1', 'dataset_consumes_unknown_never_scheduled', 'consume_1_and_2_with_dataset_expressions', 'consume_1_or_2_with_dataset_expressions' retrieved from /home/kali/Desktop/projects/git/bank_data_processing/myenv/lib/python3.11/site-packages/airflow/example_dags/example_datasets.py
[2024-07-12T01:49:20.245+0530] {logging_mixin.py:188} INFO - [2024-07-12T01:49:20.245+0530] {dag.py:3096} INFO - Sync 10 DAGs
[2024-07-12T01:49:20.274+0530] {logging_mixin.py:188} INFO - [2024-07-12T01:49:20.273+0530] {dag.py:3954} INFO - Setting next_dagrun for conditional_dataset_and_time_based_timetable to 2024-07-10 01:00:00+00:00, run_after=2024-07-10 01:00:00+00:00
[2024-07-12T01:49:20.279+0530] {logging_mixin.py:188} INFO - [2024-07-12T01:49:20.279+0530] {dag.py:3954} INFO - Setting next_dagrun for consume_1_and_2_with_dataset_expressions to None, run_after=None
[2024-07-12T01:49:20.280+0530] {logging_mixin.py:188} INFO - [2024-07-12T01:49:20.280+0530] {dag.py:3954} INFO - Setting next_dagrun for consume_1_or_2_with_dataset_expressions to None, run_after=None
[2024-07-12T01:49:20.282+0530] {logging_mixin.py:188} INFO - [2024-07-12T01:49:20.282+0530] {dag.py:3954} INFO - Setting next_dagrun for consume_1_or_both_2_and_3_with_dataset_expressions to None, run_after=None
[2024-07-12T01:49:20.283+0530] {logging_mixin.py:188} INFO - [2024-07-12T01:49:20.283+0530] {dag.py:3954} INFO - Setting next_dagrun for dataset_consumes_1 to None, run_after=None
[2024-07-12T01:49:20.285+0530] {logging_mixin.py:188} INFO - [2024-07-12T01:49:20.285+0530] {dag.py:3954} INFO - Setting next_dagrun for dataset_consumes_1_and_2 to None, run_after=None
[2024-07-12T01:49:20.286+0530] {logging_mixin.py:188} INFO - [2024-07-12T01:49:20.286+0530] {dag.py:3954} INFO - Setting next_dagrun for dataset_consumes_1_never_scheduled to None, run_after=None
[2024-07-12T01:49:20.287+0530] {logging_mixin.py:188} INFO - [2024-07-12T01:49:20.287+0530] {dag.py:3954} INFO - Setting next_dagrun for dataset_consumes_unknown_never_scheduled to None, run_after=None
[2024-07-12T01:49:20.290+0530] {logging_mixin.py:188} INFO - [2024-07-12T01:49:20.289+0530] {dag.py:3954} INFO - Setting next_dagrun for dataset_produces_1 to 2024-07-10 00:00:00+00:00, run_after=2024-07-11 00:00:00+00:00
[2024-07-12T01:49:20.291+0530] {logging_mixin.py:188} INFO - [2024-07-12T01:49:20.291+0530] {dag.py:3954} INFO - Setting next_dagrun for dataset_produces_2 to None, run_after=None
[2024-07-12T01:49:20.331+0530] {processor.py:183} INFO - Processing /home/kali/Desktop/projects/git/bank_data_processing/myenv/lib/python3.11/site-packages/airflow/example_dags/example_datasets.py took 0.161 seconds
[2024-07-12T01:49:51.042+0530] {processor.py:161} INFO - Started process (PID=38268) to work on /home/kali/Desktop/projects/git/bank_data_processing/myenv/lib/python3.11/site-packages/airflow/example_dags/example_datasets.py
[2024-07-12T01:49:51.043+0530] {processor.py:830} INFO - Processing file /home/kali/Desktop/projects/git/bank_data_processing/myenv/lib/python3.11/site-packages/airflow/example_dags/example_datasets.py for tasks to queue
[2024-07-12T01:49:51.045+0530] {logging_mixin.py:188} INFO - [2024-07-12T01:49:51.044+0530] {dagbag.py:545} INFO - Filling up the DagBag from /home/kali/Desktop/projects/git/bank_data_processing/myenv/lib/python3.11/site-packages/airflow/example_dags/example_datasets.py
[2024-07-12T01:49:51.058+0530] {processor.py:840} INFO - DAG(s) 'dataset_produces_2', 'dataset_produces_1', 'consume_1_and_2_with_dataset_expressions', 'consume_1_or_both_2_and_3_with_dataset_expressions', 'dataset_consumes_unknown_never_scheduled', 'consume_1_or_2_with_dataset_expressions', 'dataset_consumes_1_never_scheduled', 'dataset_consumes_1', 'conditional_dataset_and_time_based_timetable', 'dataset_consumes_1_and_2' retrieved from /home/kali/Desktop/projects/git/bank_data_processing/myenv/lib/python3.11/site-packages/airflow/example_dags/example_datasets.py
[2024-07-12T01:49:51.107+0530] {logging_mixin.py:188} INFO - [2024-07-12T01:49:51.107+0530] {dag.py:3096} INFO - Sync 10 DAGs
[2024-07-12T01:49:51.130+0530] {logging_mixin.py:188} INFO - [2024-07-12T01:49:51.130+0530] {dag.py:3954} INFO - Setting next_dagrun for conditional_dataset_and_time_based_timetable to 2024-07-10 01:00:00+00:00, run_after=2024-07-10 01:00:00+00:00
[2024-07-12T01:49:51.134+0530] {logging_mixin.py:188} INFO - [2024-07-12T01:49:51.134+0530] {dag.py:3954} INFO - Setting next_dagrun for consume_1_and_2_with_dataset_expressions to None, run_after=None
[2024-07-12T01:49:51.135+0530] {logging_mixin.py:188} INFO - [2024-07-12T01:49:51.135+0530] {dag.py:3954} INFO - Setting next_dagrun for consume_1_or_2_with_dataset_expressions to None, run_after=None
[2024-07-12T01:49:51.137+0530] {logging_mixin.py:188} INFO - [2024-07-12T01:49:51.136+0530] {dag.py:3954} INFO - Setting next_dagrun for consume_1_or_both_2_and_3_with_dataset_expressions to None, run_after=None
[2024-07-12T01:49:51.138+0530] {logging_mixin.py:188} INFO - [2024-07-12T01:49:51.138+0530] {dag.py:3954} INFO - Setting next_dagrun for dataset_consumes_1 to None, run_after=None
[2024-07-12T01:49:51.139+0530] {logging_mixin.py:188} INFO - [2024-07-12T01:49:51.139+0530] {dag.py:3954} INFO - Setting next_dagrun for dataset_consumes_1_and_2 to None, run_after=None
[2024-07-12T01:49:51.141+0530] {logging_mixin.py:188} INFO - [2024-07-12T01:49:51.140+0530] {dag.py:3954} INFO - Setting next_dagrun for dataset_consumes_1_never_scheduled to None, run_after=None
[2024-07-12T01:49:51.142+0530] {logging_mixin.py:188} INFO - [2024-07-12T01:49:51.142+0530] {dag.py:3954} INFO - Setting next_dagrun for dataset_consumes_unknown_never_scheduled to None, run_after=None
[2024-07-12T01:49:51.144+0530] {logging_mixin.py:188} INFO - [2024-07-12T01:49:51.144+0530] {dag.py:3954} INFO - Setting next_dagrun for dataset_produces_1 to 2024-07-10 00:00:00+00:00, run_after=2024-07-11 00:00:00+00:00
[2024-07-12T01:49:51.146+0530] {logging_mixin.py:188} INFO - [2024-07-12T01:49:51.145+0530] {dag.py:3954} INFO - Setting next_dagrun for dataset_produces_2 to None, run_after=None
[2024-07-12T01:49:51.191+0530] {processor.py:183} INFO - Processing /home/kali/Desktop/projects/git/bank_data_processing/myenv/lib/python3.11/site-packages/airflow/example_dags/example_datasets.py took 0.154 seconds
[2024-07-12T01:50:21.717+0530] {processor.py:161} INFO - Started process (PID=38641) to work on /home/kali/Desktop/projects/git/bank_data_processing/myenv/lib/python3.11/site-packages/airflow/example_dags/example_datasets.py
[2024-07-12T01:50:21.718+0530] {processor.py:830} INFO - Processing file /home/kali/Desktop/projects/git/bank_data_processing/myenv/lib/python3.11/site-packages/airflow/example_dags/example_datasets.py for tasks to queue
[2024-07-12T01:50:21.720+0530] {logging_mixin.py:188} INFO - [2024-07-12T01:50:21.719+0530] {dagbag.py:545} INFO - Filling up the DagBag from /home/kali/Desktop/projects/git/bank_data_processing/myenv/lib/python3.11/site-packages/airflow/example_dags/example_datasets.py
[2024-07-12T01:50:21.732+0530] {processor.py:840} INFO - DAG(s) 'conditional_dataset_and_time_based_timetable', 'dataset_produces_2', 'dataset_consumes_1_and_2', 'consume_1_or_2_with_dataset_expressions', 'dataset_consumes_1_never_scheduled', 'consume_1_and_2_with_dataset_expressions', 'dataset_produces_1', 'consume_1_or_both_2_and_3_with_dataset_expressions', 'dataset_consumes_unknown_never_scheduled', 'dataset_consumes_1' retrieved from /home/kali/Desktop/projects/git/bank_data_processing/myenv/lib/python3.11/site-packages/airflow/example_dags/example_datasets.py
[2024-07-12T01:50:21.773+0530] {logging_mixin.py:188} INFO - [2024-07-12T01:50:21.773+0530] {dag.py:3096} INFO - Sync 10 DAGs
[2024-07-12T01:50:21.795+0530] {logging_mixin.py:188} INFO - [2024-07-12T01:50:21.795+0530] {dag.py:3954} INFO - Setting next_dagrun for conditional_dataset_and_time_based_timetable to 2024-07-10 01:00:00+00:00, run_after=2024-07-10 01:00:00+00:00
[2024-07-12T01:50:21.798+0530] {logging_mixin.py:188} INFO - [2024-07-12T01:50:21.798+0530] {dag.py:3954} INFO - Setting next_dagrun for consume_1_and_2_with_dataset_expressions to None, run_after=None
[2024-07-12T01:50:21.799+0530] {logging_mixin.py:188} INFO - [2024-07-12T01:50:21.799+0530] {dag.py:3954} INFO - Setting next_dagrun for consume_1_or_2_with_dataset_expressions to None, run_after=None
[2024-07-12T01:50:21.800+0530] {logging_mixin.py:188} INFO - [2024-07-12T01:50:21.800+0530] {dag.py:3954} INFO - Setting next_dagrun for consume_1_or_both_2_and_3_with_dataset_expressions to None, run_after=None
[2024-07-12T01:50:21.801+0530] {logging_mixin.py:188} INFO - [2024-07-12T01:50:21.801+0530] {dag.py:3954} INFO - Setting next_dagrun for dataset_consumes_1 to None, run_after=None
[2024-07-12T01:50:21.803+0530] {logging_mixin.py:188} INFO - [2024-07-12T01:50:21.803+0530] {dag.py:3954} INFO - Setting next_dagrun for dataset_consumes_1_and_2 to None, run_after=None
[2024-07-12T01:50:21.804+0530] {logging_mixin.py:188} INFO - [2024-07-12T01:50:21.804+0530] {dag.py:3954} INFO - Setting next_dagrun for dataset_consumes_1_never_scheduled to None, run_after=None
[2024-07-12T01:50:21.805+0530] {logging_mixin.py:188} INFO - [2024-07-12T01:50:21.805+0530] {dag.py:3954} INFO - Setting next_dagrun for dataset_consumes_unknown_never_scheduled to None, run_after=None
[2024-07-12T01:50:21.807+0530] {logging_mixin.py:188} INFO - [2024-07-12T01:50:21.807+0530] {dag.py:3954} INFO - Setting next_dagrun for dataset_produces_1 to 2024-07-10 00:00:00+00:00, run_after=2024-07-11 00:00:00+00:00
[2024-07-12T01:50:21.808+0530] {logging_mixin.py:188} INFO - [2024-07-12T01:50:21.808+0530] {dag.py:3954} INFO - Setting next_dagrun for dataset_produces_2 to None, run_after=None
[2024-07-12T01:50:21.850+0530] {processor.py:183} INFO - Processing /home/kali/Desktop/projects/git/bank_data_processing/myenv/lib/python3.11/site-packages/airflow/example_dags/example_datasets.py took 0.139 seconds
[2024-07-12T01:50:51.927+0530] {processor.py:161} INFO - Started process (PID=39072) to work on /home/kali/Desktop/projects/git/bank_data_processing/myenv/lib/python3.11/site-packages/airflow/example_dags/example_datasets.py
[2024-07-12T01:50:51.928+0530] {processor.py:830} INFO - Processing file /home/kali/Desktop/projects/git/bank_data_processing/myenv/lib/python3.11/site-packages/airflow/example_dags/example_datasets.py for tasks to queue
[2024-07-12T01:50:51.930+0530] {logging_mixin.py:188} INFO - [2024-07-12T01:50:51.929+0530] {dagbag.py:545} INFO - Filling up the DagBag from /home/kali/Desktop/projects/git/bank_data_processing/myenv/lib/python3.11/site-packages/airflow/example_dags/example_datasets.py
[2024-07-12T01:50:51.944+0530] {processor.py:840} INFO - DAG(s) 'dataset_consumes_1', 'dataset_produces_2', 'consume_1_or_both_2_and_3_with_dataset_expressions', 'dataset_consumes_1_and_2', 'consume_1_or_2_with_dataset_expressions', 'dataset_consumes_1_never_scheduled', 'dataset_produces_1', 'dataset_consumes_unknown_never_scheduled', 'consume_1_and_2_with_dataset_expressions', 'conditional_dataset_and_time_based_timetable' retrieved from /home/kali/Desktop/projects/git/bank_data_processing/myenv/lib/python3.11/site-packages/airflow/example_dags/example_datasets.py
[2024-07-12T01:50:52.010+0530] {logging_mixin.py:188} INFO - [2024-07-12T01:50:52.010+0530] {dag.py:3096} INFO - Sync 10 DAGs
[2024-07-12T01:50:52.039+0530] {logging_mixin.py:188} INFO - [2024-07-12T01:50:52.039+0530] {dag.py:3954} INFO - Setting next_dagrun for conditional_dataset_and_time_based_timetable to 2024-07-10 01:00:00+00:00, run_after=2024-07-10 01:00:00+00:00
[2024-07-12T01:50:52.043+0530] {logging_mixin.py:188} INFO - [2024-07-12T01:50:52.042+0530] {dag.py:3954} INFO - Setting next_dagrun for consume_1_and_2_with_dataset_expressions to None, run_after=None
[2024-07-12T01:50:52.044+0530] {logging_mixin.py:188} INFO - [2024-07-12T01:50:52.044+0530] {dag.py:3954} INFO - Setting next_dagrun for consume_1_or_2_with_dataset_expressions to None, run_after=None
[2024-07-12T01:50:52.046+0530] {logging_mixin.py:188} INFO - [2024-07-12T01:50:52.045+0530] {dag.py:3954} INFO - Setting next_dagrun for consume_1_or_both_2_and_3_with_dataset_expressions to None, run_after=None
[2024-07-12T01:50:52.047+0530] {logging_mixin.py:188} INFO - [2024-07-12T01:50:52.047+0530] {dag.py:3954} INFO - Setting next_dagrun for dataset_consumes_1 to None, run_after=None
[2024-07-12T01:50:52.048+0530] {logging_mixin.py:188} INFO - [2024-07-12T01:50:52.048+0530] {dag.py:3954} INFO - Setting next_dagrun for dataset_consumes_1_and_2 to None, run_after=None
[2024-07-12T01:50:52.050+0530] {logging_mixin.py:188} INFO - [2024-07-12T01:50:52.050+0530] {dag.py:3954} INFO - Setting next_dagrun for dataset_consumes_1_never_scheduled to None, run_after=None
[2024-07-12T01:50:52.051+0530] {logging_mixin.py:188} INFO - [2024-07-12T01:50:52.051+0530] {dag.py:3954} INFO - Setting next_dagrun for dataset_consumes_unknown_never_scheduled to None, run_after=None
[2024-07-12T01:50:52.054+0530] {logging_mixin.py:188} INFO - [2024-07-12T01:50:52.053+0530] {dag.py:3954} INFO - Setting next_dagrun for dataset_produces_1 to 2024-07-10 00:00:00+00:00, run_after=2024-07-11 00:00:00+00:00
[2024-07-12T01:50:52.055+0530] {logging_mixin.py:188} INFO - [2024-07-12T01:50:52.055+0530] {dag.py:3954} INFO - Setting next_dagrun for dataset_produces_2 to None, run_after=None
[2024-07-12T01:50:52.094+0530] {processor.py:183} INFO - Processing /home/kali/Desktop/projects/git/bank_data_processing/myenv/lib/python3.11/site-packages/airflow/example_dags/example_datasets.py took 0.173 seconds
[2024-07-12T01:51:22.156+0530] {processor.py:161} INFO - Started process (PID=39482) to work on /home/kali/Desktop/projects/git/bank_data_processing/myenv/lib/python3.11/site-packages/airflow/example_dags/example_datasets.py
[2024-07-12T01:51:22.157+0530] {processor.py:830} INFO - Processing file /home/kali/Desktop/projects/git/bank_data_processing/myenv/lib/python3.11/site-packages/airflow/example_dags/example_datasets.py for tasks to queue
[2024-07-12T01:51:22.160+0530] {logging_mixin.py:188} INFO - [2024-07-12T01:51:22.159+0530] {dagbag.py:545} INFO - Filling up the DagBag from /home/kali/Desktop/projects/git/bank_data_processing/myenv/lib/python3.11/site-packages/airflow/example_dags/example_datasets.py
[2024-07-12T01:51:22.175+0530] {processor.py:840} INFO - DAG(s) 'dataset_produces_1', 'dataset_consumes_1', 'dataset_consumes_1_and_2', 'dataset_consumes_unknown_never_scheduled', 'consume_1_or_both_2_and_3_with_dataset_expressions', 'consume_1_or_2_with_dataset_expressions', 'dataset_produces_2', 'dataset_consumes_1_never_scheduled', 'conditional_dataset_and_time_based_timetable', 'consume_1_and_2_with_dataset_expressions' retrieved from /home/kali/Desktop/projects/git/bank_data_processing/myenv/lib/python3.11/site-packages/airflow/example_dags/example_datasets.py
[2024-07-12T01:51:22.226+0530] {logging_mixin.py:188} INFO - [2024-07-12T01:51:22.226+0530] {dag.py:3096} INFO - Sync 10 DAGs
[2024-07-12T01:51:22.250+0530] {logging_mixin.py:188} INFO - [2024-07-12T01:51:22.249+0530] {dag.py:3954} INFO - Setting next_dagrun for conditional_dataset_and_time_based_timetable to 2024-07-10 01:00:00+00:00, run_after=2024-07-10 01:00:00+00:00
[2024-07-12T01:51:22.253+0530] {logging_mixin.py:188} INFO - [2024-07-12T01:51:22.253+0530] {dag.py:3954} INFO - Setting next_dagrun for consume_1_and_2_with_dataset_expressions to None, run_after=None
[2024-07-12T01:51:22.255+0530] {logging_mixin.py:188} INFO - [2024-07-12T01:51:22.254+0530] {dag.py:3954} INFO - Setting next_dagrun for consume_1_or_2_with_dataset_expressions to None, run_after=None
[2024-07-12T01:51:22.256+0530] {logging_mixin.py:188} INFO - [2024-07-12T01:51:22.256+0530] {dag.py:3954} INFO - Setting next_dagrun for consume_1_or_both_2_and_3_with_dataset_expressions to None, run_after=None
[2024-07-12T01:51:22.257+0530] {logging_mixin.py:188} INFO - [2024-07-12T01:51:22.257+0530] {dag.py:3954} INFO - Setting next_dagrun for dataset_consumes_1 to None, run_after=None
[2024-07-12T01:51:22.259+0530] {logging_mixin.py:188} INFO - [2024-07-12T01:51:22.259+0530] {dag.py:3954} INFO - Setting next_dagrun for dataset_consumes_1_and_2 to None, run_after=None
[2024-07-12T01:51:22.261+0530] {logging_mixin.py:188} INFO - [2024-07-12T01:51:22.261+0530] {dag.py:3954} INFO - Setting next_dagrun for dataset_consumes_1_never_scheduled to None, run_after=None
[2024-07-12T01:51:22.262+0530] {logging_mixin.py:188} INFO - [2024-07-12T01:51:22.262+0530] {dag.py:3954} INFO - Setting next_dagrun for dataset_consumes_unknown_never_scheduled to None, run_after=None
[2024-07-12T01:51:22.265+0530] {logging_mixin.py:188} INFO - [2024-07-12T01:51:22.265+0530] {dag.py:3954} INFO - Setting next_dagrun for dataset_produces_1 to 2024-07-10 00:00:00+00:00, run_after=2024-07-11 00:00:00+00:00
[2024-07-12T01:51:22.267+0530] {logging_mixin.py:188} INFO - [2024-07-12T01:51:22.267+0530] {dag.py:3954} INFO - Setting next_dagrun for dataset_produces_2 to None, run_after=None
[2024-07-12T01:51:22.304+0530] {processor.py:183} INFO - Processing /home/kali/Desktop/projects/git/bank_data_processing/myenv/lib/python3.11/site-packages/airflow/example_dags/example_datasets.py took 0.156 seconds
[2024-07-12T01:51:53.354+0530] {processor.py:161} INFO - Started process (PID=40068) to work on /home/kali/Desktop/projects/git/bank_data_processing/myenv/lib/python3.11/site-packages/airflow/example_dags/example_datasets.py
[2024-07-12T01:51:53.356+0530] {processor.py:830} INFO - Processing file /home/kali/Desktop/projects/git/bank_data_processing/myenv/lib/python3.11/site-packages/airflow/example_dags/example_datasets.py for tasks to queue
[2024-07-12T01:51:53.359+0530] {logging_mixin.py:188} INFO - [2024-07-12T01:51:53.358+0530] {dagbag.py:545} INFO - Filling up the DagBag from /home/kali/Desktop/projects/git/bank_data_processing/myenv/lib/python3.11/site-packages/airflow/example_dags/example_datasets.py
[2024-07-12T01:51:53.388+0530] {processor.py:840} INFO - DAG(s) 'conditional_dataset_and_time_based_timetable', 'consume_1_and_2_with_dataset_expressions', 'dataset_consumes_unknown_never_scheduled', 'dataset_consumes_1', 'dataset_consumes_1_never_scheduled', 'dataset_produces_2', 'dataset_produces_1', 'consume_1_or_both_2_and_3_with_dataset_expressions', 'consume_1_or_2_with_dataset_expressions', 'dataset_consumes_1_and_2' retrieved from /home/kali/Desktop/projects/git/bank_data_processing/myenv/lib/python3.11/site-packages/airflow/example_dags/example_datasets.py
[2024-07-12T01:51:53.504+0530] {logging_mixin.py:188} INFO - [2024-07-12T01:51:53.504+0530] {dag.py:3096} INFO - Sync 10 DAGs
[2024-07-12T01:51:53.575+0530] {logging_mixin.py:188} INFO - [2024-07-12T01:51:53.575+0530] {dag.py:3954} INFO - Setting next_dagrun for conditional_dataset_and_time_based_timetable to 2024-07-10 01:00:00+00:00, run_after=2024-07-10 01:00:00+00:00
[2024-07-12T01:51:53.587+0530] {logging_mixin.py:188} INFO - [2024-07-12T01:51:53.586+0530] {dag.py:3954} INFO - Setting next_dagrun for consume_1_and_2_with_dataset_expressions to None, run_after=None
[2024-07-12T01:51:53.590+0530] {logging_mixin.py:188} INFO - [2024-07-12T01:51:53.589+0530] {dag.py:3954} INFO - Setting next_dagrun for consume_1_or_2_with_dataset_expressions to None, run_after=None
[2024-07-12T01:51:53.594+0530] {logging_mixin.py:188} INFO - [2024-07-12T01:51:53.593+0530] {dag.py:3954} INFO - Setting next_dagrun for consume_1_or_both_2_and_3_with_dataset_expressions to None, run_after=None
[2024-07-12T01:51:53.599+0530] {logging_mixin.py:188} INFO - [2024-07-12T01:51:53.598+0530] {dag.py:3954} INFO - Setting next_dagrun for dataset_consumes_1 to None, run_after=None
[2024-07-12T01:51:53.603+0530] {logging_mixin.py:188} INFO - [2024-07-12T01:51:53.602+0530] {dag.py:3954} INFO - Setting next_dagrun for dataset_consumes_1_and_2 to None, run_after=None
[2024-07-12T01:51:53.606+0530] {logging_mixin.py:188} INFO - [2024-07-12T01:51:53.605+0530] {dag.py:3954} INFO - Setting next_dagrun for dataset_consumes_1_never_scheduled to None, run_after=None
[2024-07-12T01:51:53.609+0530] {logging_mixin.py:188} INFO - [2024-07-12T01:51:53.608+0530] {dag.py:3954} INFO - Setting next_dagrun for dataset_consumes_unknown_never_scheduled to None, run_after=None
[2024-07-12T01:51:53.617+0530] {logging_mixin.py:188} INFO - [2024-07-12T01:51:53.616+0530] {dag.py:3954} INFO - Setting next_dagrun for dataset_produces_1 to 2024-07-10 00:00:00+00:00, run_after=2024-07-11 00:00:00+00:00
[2024-07-12T01:51:53.619+0530] {logging_mixin.py:188} INFO - [2024-07-12T01:51:53.619+0530] {dag.py:3954} INFO - Setting next_dagrun for dataset_produces_2 to None, run_after=None
[2024-07-12T01:51:53.713+0530] {processor.py:183} INFO - Processing /home/kali/Desktop/projects/git/bank_data_processing/myenv/lib/python3.11/site-packages/airflow/example_dags/example_datasets.py took 0.375 seconds
[2024-07-12T01:52:23.829+0530] {processor.py:161} INFO - Started process (PID=40758) to work on /home/kali/Desktop/projects/git/bank_data_processing/myenv/lib/python3.11/site-packages/airflow/example_dags/example_datasets.py
[2024-07-12T01:52:23.830+0530] {processor.py:830} INFO - Processing file /home/kali/Desktop/projects/git/bank_data_processing/myenv/lib/python3.11/site-packages/airflow/example_dags/example_datasets.py for tasks to queue
[2024-07-12T01:52:23.831+0530] {logging_mixin.py:188} INFO - [2024-07-12T01:52:23.831+0530] {dagbag.py:545} INFO - Filling up the DagBag from /home/kali/Desktop/projects/git/bank_data_processing/myenv/lib/python3.11/site-packages/airflow/example_dags/example_datasets.py
[2024-07-12T01:52:23.843+0530] {processor.py:840} INFO - DAG(s) 'dataset_consumes_1_and_2', 'dataset_produces_1', 'dataset_consumes_unknown_never_scheduled', 'dataset_consumes_1', 'consume_1_or_2_with_dataset_expressions', 'dataset_consumes_1_never_scheduled', 'dataset_produces_2', 'consume_1_and_2_with_dataset_expressions', 'consume_1_or_both_2_and_3_with_dataset_expressions', 'conditional_dataset_and_time_based_timetable' retrieved from /home/kali/Desktop/projects/git/bank_data_processing/myenv/lib/python3.11/site-packages/airflow/example_dags/example_datasets.py
[2024-07-12T01:52:23.887+0530] {logging_mixin.py:188} INFO - [2024-07-12T01:52:23.887+0530] {dag.py:3096} INFO - Sync 10 DAGs
[2024-07-12T01:52:23.913+0530] {logging_mixin.py:188} INFO - [2024-07-12T01:52:23.913+0530] {dag.py:3954} INFO - Setting next_dagrun for conditional_dataset_and_time_based_timetable to 2024-07-10 01:00:00+00:00, run_after=2024-07-10 01:00:00+00:00
[2024-07-12T01:52:23.916+0530] {logging_mixin.py:188} INFO - [2024-07-12T01:52:23.916+0530] {dag.py:3954} INFO - Setting next_dagrun for consume_1_and_2_with_dataset_expressions to None, run_after=None
[2024-07-12T01:52:23.917+0530] {logging_mixin.py:188} INFO - [2024-07-12T01:52:23.917+0530] {dag.py:3954} INFO - Setting next_dagrun for consume_1_or_2_with_dataset_expressions to None, run_after=None
[2024-07-12T01:52:23.919+0530] {logging_mixin.py:188} INFO - [2024-07-12T01:52:23.918+0530] {dag.py:3954} INFO - Setting next_dagrun for consume_1_or_both_2_and_3_with_dataset_expressions to None, run_after=None
[2024-07-12T01:52:23.920+0530] {logging_mixin.py:188} INFO - [2024-07-12T01:52:23.920+0530] {dag.py:3954} INFO - Setting next_dagrun for dataset_consumes_1 to None, run_after=None
[2024-07-12T01:52:23.922+0530] {logging_mixin.py:188} INFO - [2024-07-12T01:52:23.922+0530] {dag.py:3954} INFO - Setting next_dagrun for dataset_consumes_1_and_2 to None, run_after=None
[2024-07-12T01:52:23.923+0530] {logging_mixin.py:188} INFO - [2024-07-12T01:52:23.923+0530] {dag.py:3954} INFO - Setting next_dagrun for dataset_consumes_1_never_scheduled to None, run_after=None
[2024-07-12T01:52:23.925+0530] {logging_mixin.py:188} INFO - [2024-07-12T01:52:23.924+0530] {dag.py:3954} INFO - Setting next_dagrun for dataset_consumes_unknown_never_scheduled to None, run_after=None
[2024-07-12T01:52:23.927+0530] {logging_mixin.py:188} INFO - [2024-07-12T01:52:23.927+0530] {dag.py:3954} INFO - Setting next_dagrun for dataset_produces_1 to 2024-07-10 00:00:00+00:00, run_after=2024-07-11 00:00:00+00:00
[2024-07-12T01:52:23.928+0530] {logging_mixin.py:188} INFO - [2024-07-12T01:52:23.928+0530] {dag.py:3954} INFO - Setting next_dagrun for dataset_produces_2 to None, run_after=None
[2024-07-12T01:52:23.964+0530] {processor.py:183} INFO - Processing /home/kali/Desktop/projects/git/bank_data_processing/myenv/lib/python3.11/site-packages/airflow/example_dags/example_datasets.py took 0.143 seconds
