[2024-07-12T01:47:44.434+0530] {processor.py:161} INFO - Started process (PID=36510) to work on /home/kali/Desktop/projects/git/bank_data_processing/myenv/lib/python3.11/site-packages/airflow/example_dags/example_skip_dag.py
[2024-07-12T01:47:44.434+0530] {processor.py:830} INFO - Processing file /home/kali/Desktop/projects/git/bank_data_processing/myenv/lib/python3.11/site-packages/airflow/example_dags/example_skip_dag.py for tasks to queue
[2024-07-12T01:47:44.436+0530] {logging_mixin.py:188} INFO - [2024-07-12T01:47:44.436+0530] {dagbag.py:545} INFO - Filling up the DagBag from /home/kali/Desktop/projects/git/bank_data_processing/myenv/lib/python3.11/site-packages/airflow/example_dags/example_skip_dag.py
[2024-07-12T01:47:44.449+0530] {processor.py:840} INFO - DAG(s) 'example_skip_dag' retrieved from /home/kali/Desktop/projects/git/bank_data_processing/myenv/lib/python3.11/site-packages/airflow/example_dags/example_skip_dag.py
[2024-07-12T01:47:44.580+0530] {logging_mixin.py:188} INFO - [2024-07-12T01:47:44.580+0530] {dag.py:3096} INFO - Sync 1 DAGs
[2024-07-12T01:47:44.602+0530] {logging_mixin.py:188} INFO - [2024-07-12T01:47:44.601+0530] {dag.py:3954} INFO - Setting next_dagrun for example_skip_dag to 2024-07-10 00:00:00+00:00, run_after=2024-07-11 00:00:00+00:00
[2024-07-12T01:47:44.626+0530] {processor.py:183} INFO - Processing /home/kali/Desktop/projects/git/bank_data_processing/myenv/lib/python3.11/site-packages/airflow/example_dags/example_skip_dag.py took 0.200 seconds
[2024-07-12T01:48:15.094+0530] {processor.py:161} INFO - Started process (PID=37021) to work on /home/kali/Desktop/projects/git/bank_data_processing/myenv/lib/python3.11/site-packages/airflow/example_dags/example_skip_dag.py
[2024-07-12T01:48:15.095+0530] {processor.py:830} INFO - Processing file /home/kali/Desktop/projects/git/bank_data_processing/myenv/lib/python3.11/site-packages/airflow/example_dags/example_skip_dag.py for tasks to queue
[2024-07-12T01:48:15.098+0530] {logging_mixin.py:188} INFO - [2024-07-12T01:48:15.097+0530] {dagbag.py:545} INFO - Filling up the DagBag from /home/kali/Desktop/projects/git/bank_data_processing/myenv/lib/python3.11/site-packages/airflow/example_dags/example_skip_dag.py
[2024-07-12T01:48:15.107+0530] {processor.py:840} INFO - DAG(s) 'example_skip_dag' retrieved from /home/kali/Desktop/projects/git/bank_data_processing/myenv/lib/python3.11/site-packages/airflow/example_dags/example_skip_dag.py
[2024-07-12T01:48:15.134+0530] {logging_mixin.py:188} INFO - [2024-07-12T01:48:15.134+0530] {dag.py:3096} INFO - Sync 1 DAGs
[2024-07-12T01:48:15.162+0530] {logging_mixin.py:188} INFO - [2024-07-12T01:48:15.161+0530] {dag.py:3954} INFO - Setting next_dagrun for example_skip_dag to 2024-07-10 00:00:00+00:00, run_after=2024-07-11 00:00:00+00:00
[2024-07-12T01:48:15.191+0530] {processor.py:183} INFO - Processing /home/kali/Desktop/projects/git/bank_data_processing/myenv/lib/python3.11/site-packages/airflow/example_dags/example_skip_dag.py took 0.105 seconds
[2024-07-12T01:48:45.302+0530] {processor.py:161} INFO - Started process (PID=37404) to work on /home/kali/Desktop/projects/git/bank_data_processing/myenv/lib/python3.11/site-packages/airflow/example_dags/example_skip_dag.py
[2024-07-12T01:48:45.303+0530] {processor.py:830} INFO - Processing file /home/kali/Desktop/projects/git/bank_data_processing/myenv/lib/python3.11/site-packages/airflow/example_dags/example_skip_dag.py for tasks to queue
[2024-07-12T01:48:45.305+0530] {logging_mixin.py:188} INFO - [2024-07-12T01:48:45.304+0530] {dagbag.py:545} INFO - Filling up the DagBag from /home/kali/Desktop/projects/git/bank_data_processing/myenv/lib/python3.11/site-packages/airflow/example_dags/example_skip_dag.py
[2024-07-12T01:48:45.312+0530] {processor.py:840} INFO - DAG(s) 'example_skip_dag' retrieved from /home/kali/Desktop/projects/git/bank_data_processing/myenv/lib/python3.11/site-packages/airflow/example_dags/example_skip_dag.py
[2024-07-12T01:48:45.330+0530] {logging_mixin.py:188} INFO - [2024-07-12T01:48:45.330+0530] {dag.py:3096} INFO - Sync 1 DAGs
[2024-07-12T01:48:45.348+0530] {logging_mixin.py:188} INFO - [2024-07-12T01:48:45.348+0530] {dag.py:3954} INFO - Setting next_dagrun for example_skip_dag to 2024-07-10 00:00:00+00:00, run_after=2024-07-11 00:00:00+00:00
[2024-07-12T01:48:45.366+0530] {processor.py:183} INFO - Processing /home/kali/Desktop/projects/git/bank_data_processing/myenv/lib/python3.11/site-packages/airflow/example_dags/example_skip_dag.py took 0.071 seconds
[2024-07-12T01:49:15.998+0530] {processor.py:161} INFO - Started process (PID=37870) to work on /home/kali/Desktop/projects/git/bank_data_processing/myenv/lib/python3.11/site-packages/airflow/example_dags/example_skip_dag.py
[2024-07-12T01:49:15.999+0530] {processor.py:830} INFO - Processing file /home/kali/Desktop/projects/git/bank_data_processing/myenv/lib/python3.11/site-packages/airflow/example_dags/example_skip_dag.py for tasks to queue
[2024-07-12T01:49:16.000+0530] {logging_mixin.py:188} INFO - [2024-07-12T01:49:16.000+0530] {dagbag.py:545} INFO - Filling up the DagBag from /home/kali/Desktop/projects/git/bank_data_processing/myenv/lib/python3.11/site-packages/airflow/example_dags/example_skip_dag.py
[2024-07-12T01:49:16.008+0530] {processor.py:840} INFO - DAG(s) 'example_skip_dag' retrieved from /home/kali/Desktop/projects/git/bank_data_processing/myenv/lib/python3.11/site-packages/airflow/example_dags/example_skip_dag.py
[2024-07-12T01:49:16.028+0530] {logging_mixin.py:188} INFO - [2024-07-12T01:49:16.028+0530] {dag.py:3096} INFO - Sync 1 DAGs
[2024-07-12T01:49:16.168+0530] {logging_mixin.py:188} INFO - [2024-07-12T01:49:16.167+0530] {dag.py:3954} INFO - Setting next_dagrun for example_skip_dag to 2024-07-10 00:00:00+00:00, run_after=2024-07-11 00:00:00+00:00
[2024-07-12T01:49:16.192+0530] {processor.py:183} INFO - Processing /home/kali/Desktop/projects/git/bank_data_processing/myenv/lib/python3.11/site-packages/airflow/example_dags/example_skip_dag.py took 0.201 seconds
[2024-07-12T01:49:47.067+0530] {processor.py:161} INFO - Started process (PID=38199) to work on /home/kali/Desktop/projects/git/bank_data_processing/myenv/lib/python3.11/site-packages/airflow/example_dags/example_skip_dag.py
[2024-07-12T01:49:47.068+0530] {processor.py:830} INFO - Processing file /home/kali/Desktop/projects/git/bank_data_processing/myenv/lib/python3.11/site-packages/airflow/example_dags/example_skip_dag.py for tasks to queue
[2024-07-12T01:49:47.070+0530] {logging_mixin.py:188} INFO - [2024-07-12T01:49:47.070+0530] {dagbag.py:545} INFO - Filling up the DagBag from /home/kali/Desktop/projects/git/bank_data_processing/myenv/lib/python3.11/site-packages/airflow/example_dags/example_skip_dag.py
[2024-07-12T01:49:47.081+0530] {processor.py:840} INFO - DAG(s) 'example_skip_dag' retrieved from /home/kali/Desktop/projects/git/bank_data_processing/myenv/lib/python3.11/site-packages/airflow/example_dags/example_skip_dag.py
[2024-07-12T01:49:47.103+0530] {logging_mixin.py:188} INFO - [2024-07-12T01:49:47.102+0530] {dag.py:3096} INFO - Sync 1 DAGs
[2024-07-12T01:49:47.126+0530] {logging_mixin.py:188} INFO - [2024-07-12T01:49:47.126+0530] {dag.py:3954} INFO - Setting next_dagrun for example_skip_dag to 2024-07-10 00:00:00+00:00, run_after=2024-07-11 00:00:00+00:00
[2024-07-12T01:49:47.148+0530] {processor.py:183} INFO - Processing /home/kali/Desktop/projects/git/bank_data_processing/myenv/lib/python3.11/site-packages/airflow/example_dags/example_skip_dag.py took 0.090 seconds
[2024-07-12T01:50:18.076+0530] {processor.py:161} INFO - Started process (PID=38549) to work on /home/kali/Desktop/projects/git/bank_data_processing/myenv/lib/python3.11/site-packages/airflow/example_dags/example_skip_dag.py
[2024-07-12T01:50:18.082+0530] {processor.py:830} INFO - Processing file /home/kali/Desktop/projects/git/bank_data_processing/myenv/lib/python3.11/site-packages/airflow/example_dags/example_skip_dag.py for tasks to queue
[2024-07-12T01:50:18.084+0530] {logging_mixin.py:188} INFO - [2024-07-12T01:50:18.084+0530] {dagbag.py:545} INFO - Filling up the DagBag from /home/kali/Desktop/projects/git/bank_data_processing/myenv/lib/python3.11/site-packages/airflow/example_dags/example_skip_dag.py
[2024-07-12T01:50:18.095+0530] {processor.py:840} INFO - DAG(s) 'example_skip_dag' retrieved from /home/kali/Desktop/projects/git/bank_data_processing/myenv/lib/python3.11/site-packages/airflow/example_dags/example_skip_dag.py
[2024-07-12T01:50:18.133+0530] {logging_mixin.py:188} INFO - [2024-07-12T01:50:18.132+0530] {dag.py:3096} INFO - Sync 1 DAGs
[2024-07-12T01:50:18.171+0530] {logging_mixin.py:188} INFO - [2024-07-12T01:50:18.170+0530] {dag.py:3954} INFO - Setting next_dagrun for example_skip_dag to 2024-07-10 00:00:00+00:00, run_after=2024-07-11 00:00:00+00:00
[2024-07-12T01:50:18.210+0530] {processor.py:183} INFO - Processing /home/kali/Desktop/projects/git/bank_data_processing/myenv/lib/python3.11/site-packages/airflow/example_dags/example_skip_dag.py took 0.147 seconds
[2024-07-12T01:50:48.758+0530] {processor.py:161} INFO - Started process (PID=38998) to work on /home/kali/Desktop/projects/git/bank_data_processing/myenv/lib/python3.11/site-packages/airflow/example_dags/example_skip_dag.py
[2024-07-12T01:50:48.764+0530] {processor.py:830} INFO - Processing file /home/kali/Desktop/projects/git/bank_data_processing/myenv/lib/python3.11/site-packages/airflow/example_dags/example_skip_dag.py for tasks to queue
[2024-07-12T01:50:48.766+0530] {logging_mixin.py:188} INFO - [2024-07-12T01:50:48.765+0530] {dagbag.py:545} INFO - Filling up the DagBag from /home/kali/Desktop/projects/git/bank_data_processing/myenv/lib/python3.11/site-packages/airflow/example_dags/example_skip_dag.py
[2024-07-12T01:50:48.775+0530] {processor.py:840} INFO - DAG(s) 'example_skip_dag' retrieved from /home/kali/Desktop/projects/git/bank_data_processing/myenv/lib/python3.11/site-packages/airflow/example_dags/example_skip_dag.py
[2024-07-12T01:50:48.804+0530] {logging_mixin.py:188} INFO - [2024-07-12T01:50:48.803+0530] {dag.py:3096} INFO - Sync 1 DAGs
[2024-07-12T01:50:48.847+0530] {logging_mixin.py:188} INFO - [2024-07-12T01:50:48.847+0530] {dag.py:3954} INFO - Setting next_dagrun for example_skip_dag to 2024-07-10 00:00:00+00:00, run_after=2024-07-11 00:00:00+00:00
[2024-07-12T01:50:48.880+0530] {processor.py:183} INFO - Processing /home/kali/Desktop/projects/git/bank_data_processing/myenv/lib/python3.11/site-packages/airflow/example_dags/example_skip_dag.py took 0.133 seconds
[2024-07-12T01:51:19.193+0530] {processor.py:161} INFO - Started process (PID=39392) to work on /home/kali/Desktop/projects/git/bank_data_processing/myenv/lib/python3.11/site-packages/airflow/example_dags/example_skip_dag.py
[2024-07-12T01:51:19.199+0530] {processor.py:830} INFO - Processing file /home/kali/Desktop/projects/git/bank_data_processing/myenv/lib/python3.11/site-packages/airflow/example_dags/example_skip_dag.py for tasks to queue
[2024-07-12T01:51:19.201+0530] {logging_mixin.py:188} INFO - [2024-07-12T01:51:19.200+0530] {dagbag.py:545} INFO - Filling up the DagBag from /home/kali/Desktop/projects/git/bank_data_processing/myenv/lib/python3.11/site-packages/airflow/example_dags/example_skip_dag.py
[2024-07-12T01:51:19.209+0530] {processor.py:840} INFO - DAG(s) 'example_skip_dag' retrieved from /home/kali/Desktop/projects/git/bank_data_processing/myenv/lib/python3.11/site-packages/airflow/example_dags/example_skip_dag.py
[2024-07-12T01:51:19.238+0530] {logging_mixin.py:188} INFO - [2024-07-12T01:51:19.237+0530] {dag.py:3096} INFO - Sync 1 DAGs
[2024-07-12T01:51:19.267+0530] {logging_mixin.py:188} INFO - [2024-07-12T01:51:19.267+0530] {dag.py:3954} INFO - Setting next_dagrun for example_skip_dag to 2024-07-10 00:00:00+00:00, run_after=2024-07-11 00:00:00+00:00
[2024-07-12T01:51:19.292+0530] {processor.py:183} INFO - Processing /home/kali/Desktop/projects/git/bank_data_processing/myenv/lib/python3.11/site-packages/airflow/example_dags/example_skip_dag.py took 0.109 seconds
[2024-07-12T01:51:50.123+0530] {processor.py:161} INFO - Started process (PID=39964) to work on /home/kali/Desktop/projects/git/bank_data_processing/myenv/lib/python3.11/site-packages/airflow/example_dags/example_skip_dag.py
[2024-07-12T01:51:50.125+0530] {processor.py:830} INFO - Processing file /home/kali/Desktop/projects/git/bank_data_processing/myenv/lib/python3.11/site-packages/airflow/example_dags/example_skip_dag.py for tasks to queue
[2024-07-12T01:51:50.127+0530] {logging_mixin.py:188} INFO - [2024-07-12T01:51:50.126+0530] {dagbag.py:545} INFO - Filling up the DagBag from /home/kali/Desktop/projects/git/bank_data_processing/myenv/lib/python3.11/site-packages/airflow/example_dags/example_skip_dag.py
[2024-07-12T01:51:50.133+0530] {processor.py:840} INFO - DAG(s) 'example_skip_dag' retrieved from /home/kali/Desktop/projects/git/bank_data_processing/myenv/lib/python3.11/site-packages/airflow/example_dags/example_skip_dag.py
[2024-07-12T01:51:50.155+0530] {logging_mixin.py:188} INFO - [2024-07-12T01:51:50.155+0530] {dag.py:3096} INFO - Sync 1 DAGs
[2024-07-12T01:51:50.186+0530] {logging_mixin.py:188} INFO - [2024-07-12T01:51:50.186+0530] {dag.py:3954} INFO - Setting next_dagrun for example_skip_dag to 2024-07-10 00:00:00+00:00, run_after=2024-07-11 00:00:00+00:00
[2024-07-12T01:51:50.220+0530] {processor.py:183} INFO - Processing /home/kali/Desktop/projects/git/bank_data_processing/myenv/lib/python3.11/site-packages/airflow/example_dags/example_skip_dag.py took 0.107 seconds
[2024-07-12T01:52:20.685+0530] {processor.py:161} INFO - Started process (PID=40658) to work on /home/kali/Desktop/projects/git/bank_data_processing/myenv/lib/python3.11/site-packages/airflow/example_dags/example_skip_dag.py
[2024-07-12T01:52:20.686+0530] {processor.py:830} INFO - Processing file /home/kali/Desktop/projects/git/bank_data_processing/myenv/lib/python3.11/site-packages/airflow/example_dags/example_skip_dag.py for tasks to queue
[2024-07-12T01:52:20.688+0530] {logging_mixin.py:188} INFO - [2024-07-12T01:52:20.687+0530] {dagbag.py:545} INFO - Filling up the DagBag from /home/kali/Desktop/projects/git/bank_data_processing/myenv/lib/python3.11/site-packages/airflow/example_dags/example_skip_dag.py
[2024-07-12T01:52:20.695+0530] {processor.py:840} INFO - DAG(s) 'example_skip_dag' retrieved from /home/kali/Desktop/projects/git/bank_data_processing/myenv/lib/python3.11/site-packages/airflow/example_dags/example_skip_dag.py
[2024-07-12T01:52:20.718+0530] {logging_mixin.py:188} INFO - [2024-07-12T01:52:20.718+0530] {dag.py:3096} INFO - Sync 1 DAGs
[2024-07-12T01:52:20.742+0530] {logging_mixin.py:188} INFO - [2024-07-12T01:52:20.741+0530] {dag.py:3954} INFO - Setting next_dagrun for example_skip_dag to 2024-07-10 00:00:00+00:00, run_after=2024-07-11 00:00:00+00:00
[2024-07-12T01:52:20.764+0530] {processor.py:183} INFO - Processing /home/kali/Desktop/projects/git/bank_data_processing/myenv/lib/python3.11/site-packages/airflow/example_dags/example_skip_dag.py took 0.093 seconds
[2024-07-12T01:52:50.908+0530] {processor.py:161} INFO - Started process (PID=41297) to work on /home/kali/Desktop/projects/git/bank_data_processing/myenv/lib/python3.11/site-packages/airflow/example_dags/example_skip_dag.py
[2024-07-12T01:52:50.914+0530] {processor.py:830} INFO - Processing file /home/kali/Desktop/projects/git/bank_data_processing/myenv/lib/python3.11/site-packages/airflow/example_dags/example_skip_dag.py for tasks to queue
[2024-07-12T01:52:50.916+0530] {logging_mixin.py:188} INFO - [2024-07-12T01:52:50.915+0530] {dagbag.py:545} INFO - Filling up the DagBag from /home/kali/Desktop/projects/git/bank_data_processing/myenv/lib/python3.11/site-packages/airflow/example_dags/example_skip_dag.py
[2024-07-12T01:52:50.925+0530] {processor.py:840} INFO - DAG(s) 'example_skip_dag' retrieved from /home/kali/Desktop/projects/git/bank_data_processing/myenv/lib/python3.11/site-packages/airflow/example_dags/example_skip_dag.py
[2024-07-12T01:52:50.946+0530] {logging_mixin.py:188} INFO - [2024-07-12T01:52:50.946+0530] {dag.py:3096} INFO - Sync 1 DAGs
[2024-07-12T01:52:50.966+0530] {logging_mixin.py:188} INFO - [2024-07-12T01:52:50.966+0530] {dag.py:3954} INFO - Setting next_dagrun for example_skip_dag to 2024-07-10 00:00:00+00:00, run_after=2024-07-11 00:00:00+00:00
[2024-07-12T01:52:50.985+0530] {processor.py:183} INFO - Processing /home/kali/Desktop/projects/git/bank_data_processing/myenv/lib/python3.11/site-packages/airflow/example_dags/example_skip_dag.py took 0.093 seconds
[2024-07-12T01:53:21.885+0530] {processor.py:161} INFO - Started process (PID=41931) to work on /home/kali/Desktop/projects/git/bank_data_processing/myenv/lib/python3.11/site-packages/airflow/example_dags/example_skip_dag.py
[2024-07-12T01:53:21.891+0530] {processor.py:830} INFO - Processing file /home/kali/Desktop/projects/git/bank_data_processing/myenv/lib/python3.11/site-packages/airflow/example_dags/example_skip_dag.py for tasks to queue
[2024-07-12T01:53:21.896+0530] {logging_mixin.py:188} INFO - [2024-07-12T01:53:21.895+0530] {dagbag.py:545} INFO - Filling up the DagBag from /home/kali/Desktop/projects/git/bank_data_processing/myenv/lib/python3.11/site-packages/airflow/example_dags/example_skip_dag.py
[2024-07-12T01:53:21.906+0530] {processor.py:840} INFO - DAG(s) 'example_skip_dag' retrieved from /home/kali/Desktop/projects/git/bank_data_processing/myenv/lib/python3.11/site-packages/airflow/example_dags/example_skip_dag.py
[2024-07-12T01:53:21.946+0530] {logging_mixin.py:188} INFO - [2024-07-12T01:53:21.945+0530] {dag.py:3096} INFO - Sync 1 DAGs
[2024-07-12T01:53:21.987+0530] {logging_mixin.py:188} INFO - [2024-07-12T01:53:21.987+0530] {dag.py:3954} INFO - Setting next_dagrun for example_skip_dag to 2024-07-10 00:00:00+00:00, run_after=2024-07-11 00:00:00+00:00
[2024-07-12T01:53:22.019+0530] {processor.py:183} INFO - Processing /home/kali/Desktop/projects/git/bank_data_processing/myenv/lib/python3.11/site-packages/airflow/example_dags/example_skip_dag.py took 0.149 seconds
[2024-07-12T01:53:52.344+0530] {processor.py:161} INFO - Started process (PID=42660) to work on /home/kali/Desktop/projects/git/bank_data_processing/myenv/lib/python3.11/site-packages/airflow/example_dags/example_skip_dag.py
[2024-07-12T01:53:52.345+0530] {processor.py:830} INFO - Processing file /home/kali/Desktop/projects/git/bank_data_processing/myenv/lib/python3.11/site-packages/airflow/example_dags/example_skip_dag.py for tasks to queue
[2024-07-12T01:53:52.347+0530] {logging_mixin.py:188} INFO - [2024-07-12T01:53:52.346+0530] {dagbag.py:545} INFO - Filling up the DagBag from /home/kali/Desktop/projects/git/bank_data_processing/myenv/lib/python3.11/site-packages/airflow/example_dags/example_skip_dag.py
[2024-07-12T01:53:52.356+0530] {processor.py:840} INFO - DAG(s) 'example_skip_dag' retrieved from /home/kali/Desktop/projects/git/bank_data_processing/myenv/lib/python3.11/site-packages/airflow/example_dags/example_skip_dag.py
[2024-07-12T01:53:52.390+0530] {logging_mixin.py:188} INFO - [2024-07-12T01:53:52.389+0530] {dag.py:3096} INFO - Sync 1 DAGs
[2024-07-12T01:53:52.428+0530] {logging_mixin.py:188} INFO - [2024-07-12T01:53:52.428+0530] {dag.py:3954} INFO - Setting next_dagrun for example_skip_dag to 2024-07-10 00:00:00+00:00, run_after=2024-07-11 00:00:00+00:00
[2024-07-12T01:53:52.462+0530] {processor.py:183} INFO - Processing /home/kali/Desktop/projects/git/bank_data_processing/myenv/lib/python3.11/site-packages/airflow/example_dags/example_skip_dag.py took 0.130 seconds
[2024-07-12T01:54:23.017+0530] {processor.py:161} INFO - Started process (PID=43302) to work on /home/kali/Desktop/projects/git/bank_data_processing/myenv/lib/python3.11/site-packages/airflow/example_dags/example_skip_dag.py
[2024-07-12T01:54:23.018+0530] {processor.py:830} INFO - Processing file /home/kali/Desktop/projects/git/bank_data_processing/myenv/lib/python3.11/site-packages/airflow/example_dags/example_skip_dag.py for tasks to queue
[2024-07-12T01:54:23.020+0530] {logging_mixin.py:188} INFO - [2024-07-12T01:54:23.019+0530] {dagbag.py:545} INFO - Filling up the DagBag from /home/kali/Desktop/projects/git/bank_data_processing/myenv/lib/python3.11/site-packages/airflow/example_dags/example_skip_dag.py
[2024-07-12T01:54:23.026+0530] {processor.py:840} INFO - DAG(s) 'example_skip_dag' retrieved from /home/kali/Desktop/projects/git/bank_data_processing/myenv/lib/python3.11/site-packages/airflow/example_dags/example_skip_dag.py
[2024-07-12T01:54:23.043+0530] {logging_mixin.py:188} INFO - [2024-07-12T01:54:23.043+0530] {dag.py:3096} INFO - Sync 1 DAGs
[2024-07-12T01:54:23.063+0530] {logging_mixin.py:188} INFO - [2024-07-12T01:54:23.063+0530] {dag.py:3954} INFO - Setting next_dagrun for example_skip_dag to 2024-07-10 00:00:00+00:00, run_after=2024-07-11 00:00:00+00:00
[2024-07-12T01:54:23.085+0530] {processor.py:183} INFO - Processing /home/kali/Desktop/projects/git/bank_data_processing/myenv/lib/python3.11/site-packages/airflow/example_dags/example_skip_dag.py took 0.076 seconds
[2024-07-12T01:54:53.123+0530] {processor.py:161} INFO - Started process (PID=43872) to work on /home/kali/Desktop/projects/git/bank_data_processing/myenv/lib/python3.11/site-packages/airflow/example_dags/example_skip_dag.py
[2024-07-12T01:54:53.124+0530] {processor.py:830} INFO - Processing file /home/kali/Desktop/projects/git/bank_data_processing/myenv/lib/python3.11/site-packages/airflow/example_dags/example_skip_dag.py for tasks to queue
[2024-07-12T01:54:53.126+0530] {logging_mixin.py:188} INFO - [2024-07-12T01:54:53.126+0530] {dagbag.py:545} INFO - Filling up the DagBag from /home/kali/Desktop/projects/git/bank_data_processing/myenv/lib/python3.11/site-packages/airflow/example_dags/example_skip_dag.py
[2024-07-12T01:54:53.135+0530] {processor.py:840} INFO - DAG(s) 'example_skip_dag' retrieved from /home/kali/Desktop/projects/git/bank_data_processing/myenv/lib/python3.11/site-packages/airflow/example_dags/example_skip_dag.py
[2024-07-12T01:54:53.162+0530] {logging_mixin.py:188} INFO - [2024-07-12T01:54:53.162+0530] {dag.py:3096} INFO - Sync 1 DAGs
[2024-07-12T01:54:53.194+0530] {logging_mixin.py:188} INFO - [2024-07-12T01:54:53.194+0530] {dag.py:3954} INFO - Setting next_dagrun for example_skip_dag to 2024-07-10 00:00:00+00:00, run_after=2024-07-11 00:00:00+00:00
[2024-07-12T01:54:53.218+0530] {processor.py:183} INFO - Processing /home/kali/Desktop/projects/git/bank_data_processing/myenv/lib/python3.11/site-packages/airflow/example_dags/example_skip_dag.py took 0.107 seconds
[2024-07-12T01:55:23.874+0530] {processor.py:161} INFO - Started process (PID=44397) to work on /home/kali/Desktop/projects/git/bank_data_processing/myenv/lib/python3.11/site-packages/airflow/example_dags/example_skip_dag.py
[2024-07-12T01:55:23.880+0530] {processor.py:830} INFO - Processing file /home/kali/Desktop/projects/git/bank_data_processing/myenv/lib/python3.11/site-packages/airflow/example_dags/example_skip_dag.py for tasks to queue
[2024-07-12T01:55:23.882+0530] {logging_mixin.py:188} INFO - [2024-07-12T01:55:23.882+0530] {dagbag.py:545} INFO - Filling up the DagBag from /home/kali/Desktop/projects/git/bank_data_processing/myenv/lib/python3.11/site-packages/airflow/example_dags/example_skip_dag.py
[2024-07-12T01:55:23.889+0530] {processor.py:840} INFO - DAG(s) 'example_skip_dag' retrieved from /home/kali/Desktop/projects/git/bank_data_processing/myenv/lib/python3.11/site-packages/airflow/example_dags/example_skip_dag.py
[2024-07-12T01:55:23.911+0530] {logging_mixin.py:188} INFO - [2024-07-12T01:55:23.910+0530] {dag.py:3096} INFO - Sync 1 DAGs
[2024-07-12T01:55:23.935+0530] {logging_mixin.py:188} INFO - [2024-07-12T01:55:23.935+0530] {dag.py:3954} INFO - Setting next_dagrun for example_skip_dag to 2024-07-10 00:00:00+00:00, run_after=2024-07-11 00:00:00+00:00
[2024-07-12T01:55:23.957+0530] {processor.py:183} INFO - Processing /home/kali/Desktop/projects/git/bank_data_processing/myenv/lib/python3.11/site-packages/airflow/example_dags/example_skip_dag.py took 0.093 seconds
[2024-07-12T01:55:54.406+0530] {processor.py:161} INFO - Started process (PID=44886) to work on /home/kali/Desktop/projects/git/bank_data_processing/myenv/lib/python3.11/site-packages/airflow/example_dags/example_skip_dag.py
[2024-07-12T01:55:54.412+0530] {processor.py:830} INFO - Processing file /home/kali/Desktop/projects/git/bank_data_processing/myenv/lib/python3.11/site-packages/airflow/example_dags/example_skip_dag.py for tasks to queue
[2024-07-12T01:55:54.414+0530] {logging_mixin.py:188} INFO - [2024-07-12T01:55:54.413+0530] {dagbag.py:545} INFO - Filling up the DagBag from /home/kali/Desktop/projects/git/bank_data_processing/myenv/lib/python3.11/site-packages/airflow/example_dags/example_skip_dag.py
[2024-07-12T01:55:54.421+0530] {processor.py:840} INFO - DAG(s) 'example_skip_dag' retrieved from /home/kali/Desktop/projects/git/bank_data_processing/myenv/lib/python3.11/site-packages/airflow/example_dags/example_skip_dag.py
[2024-07-12T01:55:54.440+0530] {logging_mixin.py:188} INFO - [2024-07-12T01:55:54.440+0530] {dag.py:3096} INFO - Sync 1 DAGs
[2024-07-12T01:55:54.461+0530] {logging_mixin.py:188} INFO - [2024-07-12T01:55:54.461+0530] {dag.py:3954} INFO - Setting next_dagrun for example_skip_dag to 2024-07-10 00:00:00+00:00, run_after=2024-07-11 00:00:00+00:00
[2024-07-12T01:55:54.481+0530] {processor.py:183} INFO - Processing /home/kali/Desktop/projects/git/bank_data_processing/myenv/lib/python3.11/site-packages/airflow/example_dags/example_skip_dag.py took 0.089 seconds
[2024-07-12T01:56:24.700+0530] {processor.py:161} INFO - Started process (PID=45346) to work on /home/kali/Desktop/projects/git/bank_data_processing/myenv/lib/python3.11/site-packages/airflow/example_dags/example_skip_dag.py
[2024-07-12T01:56:24.708+0530] {processor.py:830} INFO - Processing file /home/kali/Desktop/projects/git/bank_data_processing/myenv/lib/python3.11/site-packages/airflow/example_dags/example_skip_dag.py for tasks to queue
[2024-07-12T01:56:24.712+0530] {logging_mixin.py:188} INFO - [2024-07-12T01:56:24.711+0530] {dagbag.py:545} INFO - Filling up the DagBag from /home/kali/Desktop/projects/git/bank_data_processing/myenv/lib/python3.11/site-packages/airflow/example_dags/example_skip_dag.py
[2024-07-12T01:56:24.727+0530] {processor.py:840} INFO - DAG(s) 'example_skip_dag' retrieved from /home/kali/Desktop/projects/git/bank_data_processing/myenv/lib/python3.11/site-packages/airflow/example_dags/example_skip_dag.py
[2024-07-12T01:56:24.761+0530] {logging_mixin.py:188} INFO - [2024-07-12T01:56:24.760+0530] {dag.py:3096} INFO - Sync 1 DAGs
[2024-07-12T01:56:24.789+0530] {logging_mixin.py:188} INFO - [2024-07-12T01:56:24.789+0530] {dag.py:3954} INFO - Setting next_dagrun for example_skip_dag to 2024-07-10 00:00:00+00:00, run_after=2024-07-11 00:00:00+00:00
[2024-07-12T01:56:24.817+0530] {processor.py:183} INFO - Processing /home/kali/Desktop/projects/git/bank_data_processing/myenv/lib/python3.11/site-packages/airflow/example_dags/example_skip_dag.py took 0.145 seconds
[2024-07-12T01:56:55.077+0530] {processor.py:161} INFO - Started process (PID=45915) to work on /home/kali/Desktop/projects/git/bank_data_processing/myenv/lib/python3.11/site-packages/airflow/example_dags/example_skip_dag.py
[2024-07-12T01:56:55.083+0530] {processor.py:830} INFO - Processing file /home/kali/Desktop/projects/git/bank_data_processing/myenv/lib/python3.11/site-packages/airflow/example_dags/example_skip_dag.py for tasks to queue
[2024-07-12T01:56:55.085+0530] {logging_mixin.py:188} INFO - [2024-07-12T01:56:55.084+0530] {dagbag.py:545} INFO - Filling up the DagBag from /home/kali/Desktop/projects/git/bank_data_processing/myenv/lib/python3.11/site-packages/airflow/example_dags/example_skip_dag.py
[2024-07-12T01:56:55.092+0530] {processor.py:840} INFO - DAG(s) 'example_skip_dag' retrieved from /home/kali/Desktop/projects/git/bank_data_processing/myenv/lib/python3.11/site-packages/airflow/example_dags/example_skip_dag.py
[2024-07-12T01:56:55.112+0530] {logging_mixin.py:188} INFO - [2024-07-12T01:56:55.112+0530] {dag.py:3096} INFO - Sync 1 DAGs
[2024-07-12T01:56:55.134+0530] {logging_mixin.py:188} INFO - [2024-07-12T01:56:55.133+0530] {dag.py:3954} INFO - Setting next_dagrun for example_skip_dag to 2024-07-10 00:00:00+00:00, run_after=2024-07-11 00:00:00+00:00
[2024-07-12T01:56:55.155+0530] {processor.py:183} INFO - Processing /home/kali/Desktop/projects/git/bank_data_processing/myenv/lib/python3.11/site-packages/airflow/example_dags/example_skip_dag.py took 0.091 seconds
[2024-07-12T01:57:25.304+0530] {processor.py:161} INFO - Started process (PID=46452) to work on /home/kali/Desktop/projects/git/bank_data_processing/myenv/lib/python3.11/site-packages/airflow/example_dags/example_skip_dag.py
[2024-07-12T01:57:25.309+0530] {processor.py:830} INFO - Processing file /home/kali/Desktop/projects/git/bank_data_processing/myenv/lib/python3.11/site-packages/airflow/example_dags/example_skip_dag.py for tasks to queue
[2024-07-12T01:57:25.311+0530] {logging_mixin.py:188} INFO - [2024-07-12T01:57:25.311+0530] {dagbag.py:545} INFO - Filling up the DagBag from /home/kali/Desktop/projects/git/bank_data_processing/myenv/lib/python3.11/site-packages/airflow/example_dags/example_skip_dag.py
[2024-07-12T01:57:25.319+0530] {processor.py:840} INFO - DAG(s) 'example_skip_dag' retrieved from /home/kali/Desktop/projects/git/bank_data_processing/myenv/lib/python3.11/site-packages/airflow/example_dags/example_skip_dag.py
[2024-07-12T01:57:25.339+0530] {logging_mixin.py:188} INFO - [2024-07-12T01:57:25.339+0530] {dag.py:3096} INFO - Sync 1 DAGs
[2024-07-12T01:57:25.360+0530] {logging_mixin.py:188} INFO - [2024-07-12T01:57:25.360+0530] {dag.py:3954} INFO - Setting next_dagrun for example_skip_dag to 2024-07-10 00:00:00+00:00, run_after=2024-07-11 00:00:00+00:00
[2024-07-12T01:57:25.379+0530] {processor.py:183} INFO - Processing /home/kali/Desktop/projects/git/bank_data_processing/myenv/lib/python3.11/site-packages/airflow/example_dags/example_skip_dag.py took 0.088 seconds
[2024-07-12T01:57:55.766+0530] {processor.py:161} INFO - Started process (PID=46939) to work on /home/kali/Desktop/projects/git/bank_data_processing/myenv/lib/python3.11/site-packages/airflow/example_dags/example_skip_dag.py
[2024-07-12T01:57:55.772+0530] {processor.py:830} INFO - Processing file /home/kali/Desktop/projects/git/bank_data_processing/myenv/lib/python3.11/site-packages/airflow/example_dags/example_skip_dag.py for tasks to queue
[2024-07-12T01:57:55.774+0530] {logging_mixin.py:188} INFO - [2024-07-12T01:57:55.773+0530] {dagbag.py:545} INFO - Filling up the DagBag from /home/kali/Desktop/projects/git/bank_data_processing/myenv/lib/python3.11/site-packages/airflow/example_dags/example_skip_dag.py
[2024-07-12T01:57:55.781+0530] {processor.py:840} INFO - DAG(s) 'example_skip_dag' retrieved from /home/kali/Desktop/projects/git/bank_data_processing/myenv/lib/python3.11/site-packages/airflow/example_dags/example_skip_dag.py
[2024-07-12T01:57:55.801+0530] {logging_mixin.py:188} INFO - [2024-07-12T01:57:55.801+0530] {dag.py:3096} INFO - Sync 1 DAGs
[2024-07-12T01:57:55.824+0530] {logging_mixin.py:188} INFO - [2024-07-12T01:57:55.823+0530] {dag.py:3954} INFO - Setting next_dagrun for example_skip_dag to 2024-07-10 00:00:00+00:00, run_after=2024-07-11 00:00:00+00:00
[2024-07-12T01:57:55.850+0530] {processor.py:183} INFO - Processing /home/kali/Desktop/projects/git/bank_data_processing/myenv/lib/python3.11/site-packages/airflow/example_dags/example_skip_dag.py took 0.093 seconds
[2024-07-12T01:58:26.049+0530] {processor.py:161} INFO - Started process (PID=47409) to work on /home/kali/Desktop/projects/git/bank_data_processing/myenv/lib/python3.11/site-packages/airflow/example_dags/example_skip_dag.py
[2024-07-12T01:58:26.050+0530] {processor.py:830} INFO - Processing file /home/kali/Desktop/projects/git/bank_data_processing/myenv/lib/python3.11/site-packages/airflow/example_dags/example_skip_dag.py for tasks to queue
[2024-07-12T01:58:26.055+0530] {logging_mixin.py:188} INFO - [2024-07-12T01:58:26.054+0530] {dagbag.py:545} INFO - Filling up the DagBag from /home/kali/Desktop/projects/git/bank_data_processing/myenv/lib/python3.11/site-packages/airflow/example_dags/example_skip_dag.py
[2024-07-12T01:58:26.068+0530] {processor.py:840} INFO - DAG(s) 'example_skip_dag' retrieved from /home/kali/Desktop/projects/git/bank_data_processing/myenv/lib/python3.11/site-packages/airflow/example_dags/example_skip_dag.py
[2024-07-12T01:58:26.099+0530] {logging_mixin.py:188} INFO - [2024-07-12T01:58:26.099+0530] {dag.py:3096} INFO - Sync 1 DAGs
[2024-07-12T01:58:26.133+0530] {logging_mixin.py:188} INFO - [2024-07-12T01:58:26.133+0530] {dag.py:3954} INFO - Setting next_dagrun for example_skip_dag to 2024-07-10 00:00:00+00:00, run_after=2024-07-11 00:00:00+00:00
[2024-07-12T01:58:26.169+0530] {processor.py:183} INFO - Processing /home/kali/Desktop/projects/git/bank_data_processing/myenv/lib/python3.11/site-packages/airflow/example_dags/example_skip_dag.py took 0.136 seconds
[2024-07-12T01:58:56.552+0530] {processor.py:161} INFO - Started process (PID=47892) to work on /home/kali/Desktop/projects/git/bank_data_processing/myenv/lib/python3.11/site-packages/airflow/example_dags/example_skip_dag.py
[2024-07-12T01:58:56.553+0530] {processor.py:830} INFO - Processing file /home/kali/Desktop/projects/git/bank_data_processing/myenv/lib/python3.11/site-packages/airflow/example_dags/example_skip_dag.py for tasks to queue
[2024-07-12T01:58:56.555+0530] {logging_mixin.py:188} INFO - [2024-07-12T01:58:56.554+0530] {dagbag.py:545} INFO - Filling up the DagBag from /home/kali/Desktop/projects/git/bank_data_processing/myenv/lib/python3.11/site-packages/airflow/example_dags/example_skip_dag.py
[2024-07-12T01:58:56.562+0530] {processor.py:840} INFO - DAG(s) 'example_skip_dag' retrieved from /home/kali/Desktop/projects/git/bank_data_processing/myenv/lib/python3.11/site-packages/airflow/example_dags/example_skip_dag.py
[2024-07-12T01:58:56.595+0530] {logging_mixin.py:188} INFO - [2024-07-12T01:58:56.595+0530] {dag.py:3096} INFO - Sync 1 DAGs
[2024-07-12T01:58:56.630+0530] {logging_mixin.py:188} INFO - [2024-07-12T01:58:56.629+0530] {dag.py:3954} INFO - Setting next_dagrun for example_skip_dag to 2024-07-10 00:00:00+00:00, run_after=2024-07-11 00:00:00+00:00
[2024-07-12T01:58:56.657+0530] {processor.py:183} INFO - Processing /home/kali/Desktop/projects/git/bank_data_processing/myenv/lib/python3.11/site-packages/airflow/example_dags/example_skip_dag.py took 0.120 seconds
[2024-07-12T01:59:27.638+0530] {processor.py:161} INFO - Started process (PID=48485) to work on /home/kali/Desktop/projects/git/bank_data_processing/myenv/lib/python3.11/site-packages/airflow/example_dags/example_skip_dag.py
[2024-07-12T01:59:27.641+0530] {processor.py:830} INFO - Processing file /home/kali/Desktop/projects/git/bank_data_processing/myenv/lib/python3.11/site-packages/airflow/example_dags/example_skip_dag.py for tasks to queue
[2024-07-12T01:59:27.643+0530] {logging_mixin.py:188} INFO - [2024-07-12T01:59:27.642+0530] {dagbag.py:545} INFO - Filling up the DagBag from /home/kali/Desktop/projects/git/bank_data_processing/myenv/lib/python3.11/site-packages/airflow/example_dags/example_skip_dag.py
[2024-07-12T01:59:27.656+0530] {processor.py:840} INFO - DAG(s) 'example_skip_dag' retrieved from /home/kali/Desktop/projects/git/bank_data_processing/myenv/lib/python3.11/site-packages/airflow/example_dags/example_skip_dag.py
[2024-07-12T01:59:27.699+0530] {logging_mixin.py:188} INFO - [2024-07-12T01:59:27.698+0530] {dag.py:3096} INFO - Sync 1 DAGs
[2024-07-12T01:59:27.746+0530] {logging_mixin.py:188} INFO - [2024-07-12T01:59:27.746+0530] {dag.py:3954} INFO - Setting next_dagrun for example_skip_dag to 2024-07-10 00:00:00+00:00, run_after=2024-07-11 00:00:00+00:00
[2024-07-12T01:59:27.785+0530] {processor.py:183} INFO - Processing /home/kali/Desktop/projects/git/bank_data_processing/myenv/lib/python3.11/site-packages/airflow/example_dags/example_skip_dag.py took 0.167 seconds
[2024-07-12T02:00:13.918+0530] {processor.py:161} INFO - Started process (PID=49625) to work on /home/kali/Desktop/projects/git/bank_data_processing/myenv/lib/python3.11/site-packages/airflow/example_dags/example_skip_dag.py
[2024-07-12T02:00:13.919+0530] {processor.py:830} INFO - Processing file /home/kali/Desktop/projects/git/bank_data_processing/myenv/lib/python3.11/site-packages/airflow/example_dags/example_skip_dag.py for tasks to queue
[2024-07-12T02:00:13.925+0530] {logging_mixin.py:188} INFO - [2024-07-12T02:00:13.924+0530] {dagbag.py:545} INFO - Filling up the DagBag from /home/kali/Desktop/projects/git/bank_data_processing/myenv/lib/python3.11/site-packages/airflow/example_dags/example_skip_dag.py
[2024-07-12T02:00:13.941+0530] {processor.py:840} INFO - DAG(s) 'example_skip_dag' retrieved from /home/kali/Desktop/projects/git/bank_data_processing/myenv/lib/python3.11/site-packages/airflow/example_dags/example_skip_dag.py
[2024-07-12T02:00:13.990+0530] {logging_mixin.py:188} INFO - [2024-07-12T02:00:13.989+0530] {dag.py:3096} INFO - Sync 1 DAGs
[2024-07-12T02:00:14.033+0530] {logging_mixin.py:188} INFO - [2024-07-12T02:00:14.032+0530] {dag.py:3954} INFO - Setting next_dagrun for example_skip_dag to 2024-07-10 00:00:00+00:00, run_after=2024-07-11 00:00:00+00:00
[2024-07-12T02:00:14.065+0530] {processor.py:183} INFO - Processing /home/kali/Desktop/projects/git/bank_data_processing/myenv/lib/python3.11/site-packages/airflow/example_dags/example_skip_dag.py took 0.155 seconds
[2024-07-12T02:00:45.189+0530] {processor.py:161} INFO - Started process (PID=50293) to work on /home/kali/Desktop/projects/git/bank_data_processing/myenv/lib/python3.11/site-packages/airflow/example_dags/example_skip_dag.py
[2024-07-12T02:00:45.190+0530] {processor.py:830} INFO - Processing file /home/kali/Desktop/projects/git/bank_data_processing/myenv/lib/python3.11/site-packages/airflow/example_dags/example_skip_dag.py for tasks to queue
[2024-07-12T02:00:45.191+0530] {logging_mixin.py:188} INFO - [2024-07-12T02:00:45.191+0530] {dagbag.py:545} INFO - Filling up the DagBag from /home/kali/Desktop/projects/git/bank_data_processing/myenv/lib/python3.11/site-packages/airflow/example_dags/example_skip_dag.py
[2024-07-12T02:00:45.198+0530] {processor.py:840} INFO - DAG(s) 'example_skip_dag' retrieved from /home/kali/Desktop/projects/git/bank_data_processing/myenv/lib/python3.11/site-packages/airflow/example_dags/example_skip_dag.py
[2024-07-12T02:00:45.217+0530] {logging_mixin.py:188} INFO - [2024-07-12T02:00:45.217+0530] {dag.py:3096} INFO - Sync 1 DAGs
[2024-07-12T02:00:45.244+0530] {logging_mixin.py:188} INFO - [2024-07-12T02:00:45.243+0530] {dag.py:3954} INFO - Setting next_dagrun for example_skip_dag to 2024-07-10 00:00:00+00:00, run_after=2024-07-11 00:00:00+00:00
[2024-07-12T02:00:45.263+0530] {processor.py:183} INFO - Processing /home/kali/Desktop/projects/git/bank_data_processing/myenv/lib/python3.11/site-packages/airflow/example_dags/example_skip_dag.py took 0.080 seconds
[2024-07-12T02:01:18.528+0530] {processor.py:161} INFO - Started process (PID=50875) to work on /home/kali/Desktop/projects/git/bank_data_processing/myenv/lib/python3.11/site-packages/airflow/example_dags/example_skip_dag.py
[2024-07-12T02:01:18.529+0530] {processor.py:830} INFO - Processing file /home/kali/Desktop/projects/git/bank_data_processing/myenv/lib/python3.11/site-packages/airflow/example_dags/example_skip_dag.py for tasks to queue
[2024-07-12T02:01:18.530+0530] {logging_mixin.py:188} INFO - [2024-07-12T02:01:18.530+0530] {dagbag.py:545} INFO - Filling up the DagBag from /home/kali/Desktop/projects/git/bank_data_processing/myenv/lib/python3.11/site-packages/airflow/example_dags/example_skip_dag.py
[2024-07-12T02:01:18.537+0530] {processor.py:840} INFO - DAG(s) 'example_skip_dag' retrieved from /home/kali/Desktop/projects/git/bank_data_processing/myenv/lib/python3.11/site-packages/airflow/example_dags/example_skip_dag.py
[2024-07-12T02:01:18.554+0530] {logging_mixin.py:188} INFO - [2024-07-12T02:01:18.554+0530] {dag.py:3096} INFO - Sync 1 DAGs
[2024-07-12T02:01:18.573+0530] {logging_mixin.py:188} INFO - [2024-07-12T02:01:18.572+0530] {dag.py:3954} INFO - Setting next_dagrun for example_skip_dag to 2024-07-10 00:00:00+00:00, run_after=2024-07-11 00:00:00+00:00
[2024-07-12T02:01:18.592+0530] {processor.py:183} INFO - Processing /home/kali/Desktop/projects/git/bank_data_processing/myenv/lib/python3.11/site-packages/airflow/example_dags/example_skip_dag.py took 0.070 seconds
[2024-07-12T02:01:49.647+0530] {processor.py:161} INFO - Started process (PID=51521) to work on /home/kali/Desktop/projects/git/bank_data_processing/myenv/lib/python3.11/site-packages/airflow/example_dags/example_skip_dag.py
[2024-07-12T02:01:49.648+0530] {processor.py:830} INFO - Processing file /home/kali/Desktop/projects/git/bank_data_processing/myenv/lib/python3.11/site-packages/airflow/example_dags/example_skip_dag.py for tasks to queue
[2024-07-12T02:01:49.650+0530] {logging_mixin.py:188} INFO - [2024-07-12T02:01:49.649+0530] {dagbag.py:545} INFO - Filling up the DagBag from /home/kali/Desktop/projects/git/bank_data_processing/myenv/lib/python3.11/site-packages/airflow/example_dags/example_skip_dag.py
[2024-07-12T02:01:49.662+0530] {processor.py:840} INFO - DAG(s) 'example_skip_dag' retrieved from /home/kali/Desktop/projects/git/bank_data_processing/myenv/lib/python3.11/site-packages/airflow/example_dags/example_skip_dag.py
[2024-07-12T02:01:49.892+0530] {logging_mixin.py:188} INFO - [2024-07-12T02:01:49.892+0530] {dag.py:3096} INFO - Sync 1 DAGs
[2024-07-12T02:01:49.925+0530] {logging_mixin.py:188} INFO - [2024-07-12T02:01:49.925+0530] {dag.py:3954} INFO - Setting next_dagrun for example_skip_dag to 2024-07-10 00:00:00+00:00, run_after=2024-07-11 00:00:00+00:00
[2024-07-12T02:01:49.971+0530] {processor.py:183} INFO - Processing /home/kali/Desktop/projects/git/bank_data_processing/myenv/lib/python3.11/site-packages/airflow/example_dags/example_skip_dag.py took 0.334 seconds
[2024-07-12T02:02:20.541+0530] {processor.py:161} INFO - Started process (PID=52107) to work on /home/kali/Desktop/projects/git/bank_data_processing/myenv/lib/python3.11/site-packages/airflow/example_dags/example_skip_dag.py
[2024-07-12T02:02:20.543+0530] {processor.py:830} INFO - Processing file /home/kali/Desktop/projects/git/bank_data_processing/myenv/lib/python3.11/site-packages/airflow/example_dags/example_skip_dag.py for tasks to queue
[2024-07-12T02:02:20.546+0530] {logging_mixin.py:188} INFO - [2024-07-12T02:02:20.545+0530] {dagbag.py:545} INFO - Filling up the DagBag from /home/kali/Desktop/projects/git/bank_data_processing/myenv/lib/python3.11/site-packages/airflow/example_dags/example_skip_dag.py
[2024-07-12T02:02:20.560+0530] {processor.py:840} INFO - DAG(s) 'example_skip_dag' retrieved from /home/kali/Desktop/projects/git/bank_data_processing/myenv/lib/python3.11/site-packages/airflow/example_dags/example_skip_dag.py
[2024-07-12T02:02:20.583+0530] {logging_mixin.py:188} INFO - [2024-07-12T02:02:20.583+0530] {dag.py:3096} INFO - Sync 1 DAGs
[2024-07-12T02:02:20.609+0530] {logging_mixin.py:188} INFO - [2024-07-12T02:02:20.608+0530] {dag.py:3954} INFO - Setting next_dagrun for example_skip_dag to 2024-07-10 00:00:00+00:00, run_after=2024-07-11 00:00:00+00:00
[2024-07-12T02:02:20.637+0530] {processor.py:183} INFO - Processing /home/kali/Desktop/projects/git/bank_data_processing/myenv/lib/python3.11/site-packages/airflow/example_dags/example_skip_dag.py took 0.107 seconds
[2024-07-12T02:02:51.515+0530] {processor.py:161} INFO - Started process (PID=52590) to work on /home/kali/Desktop/projects/git/bank_data_processing/myenv/lib/python3.11/site-packages/airflow/example_dags/example_skip_dag.py
[2024-07-12T02:02:51.516+0530] {processor.py:830} INFO - Processing file /home/kali/Desktop/projects/git/bank_data_processing/myenv/lib/python3.11/site-packages/airflow/example_dags/example_skip_dag.py for tasks to queue
[2024-07-12T02:02:51.518+0530] {logging_mixin.py:188} INFO - [2024-07-12T02:02:51.517+0530] {dagbag.py:545} INFO - Filling up the DagBag from /home/kali/Desktop/projects/git/bank_data_processing/myenv/lib/python3.11/site-packages/airflow/example_dags/example_skip_dag.py
[2024-07-12T02:02:51.530+0530] {processor.py:840} INFO - DAG(s) 'example_skip_dag' retrieved from /home/kali/Desktop/projects/git/bank_data_processing/myenv/lib/python3.11/site-packages/airflow/example_dags/example_skip_dag.py
[2024-07-12T02:02:51.579+0530] {logging_mixin.py:188} INFO - [2024-07-12T02:02:51.579+0530] {dag.py:3096} INFO - Sync 1 DAGs
[2024-07-12T02:02:51.656+0530] {logging_mixin.py:188} INFO - [2024-07-12T02:02:51.656+0530] {dag.py:3954} INFO - Setting next_dagrun for example_skip_dag to 2024-07-10 00:00:00+00:00, run_after=2024-07-11 00:00:00+00:00
[2024-07-12T02:02:51.701+0530] {processor.py:183} INFO - Processing /home/kali/Desktop/projects/git/bank_data_processing/myenv/lib/python3.11/site-packages/airflow/example_dags/example_skip_dag.py took 0.196 seconds
[2024-07-12T02:03:22.850+0530] {processor.py:161} INFO - Started process (PID=53173) to work on /home/kali/Desktop/projects/git/bank_data_processing/myenv/lib/python3.11/site-packages/airflow/example_dags/example_skip_dag.py
[2024-07-12T02:03:22.851+0530] {processor.py:830} INFO - Processing file /home/kali/Desktop/projects/git/bank_data_processing/myenv/lib/python3.11/site-packages/airflow/example_dags/example_skip_dag.py for tasks to queue
[2024-07-12T02:03:22.852+0530] {logging_mixin.py:188} INFO - [2024-07-12T02:03:22.852+0530] {dagbag.py:545} INFO - Filling up the DagBag from /home/kali/Desktop/projects/git/bank_data_processing/myenv/lib/python3.11/site-packages/airflow/example_dags/example_skip_dag.py
[2024-07-12T02:03:22.859+0530] {processor.py:840} INFO - DAG(s) 'example_skip_dag' retrieved from /home/kali/Desktop/projects/git/bank_data_processing/myenv/lib/python3.11/site-packages/airflow/example_dags/example_skip_dag.py
[2024-07-12T02:03:22.876+0530] {logging_mixin.py:188} INFO - [2024-07-12T02:03:22.876+0530] {dag.py:3096} INFO - Sync 1 DAGs
[2024-07-12T02:03:22.897+0530] {logging_mixin.py:188} INFO - [2024-07-12T02:03:22.897+0530] {dag.py:3954} INFO - Setting next_dagrun for example_skip_dag to 2024-07-10 00:00:00+00:00, run_after=2024-07-11 00:00:00+00:00
[2024-07-12T02:03:22.919+0530] {processor.py:183} INFO - Processing /home/kali/Desktop/projects/git/bank_data_processing/myenv/lib/python3.11/site-packages/airflow/example_dags/example_skip_dag.py took 0.076 seconds
[2024-07-12T02:03:54.002+0530] {processor.py:161} INFO - Started process (PID=53685) to work on /home/kali/Desktop/projects/git/bank_data_processing/myenv/lib/python3.11/site-packages/airflow/example_dags/example_skip_dag.py
[2024-07-12T02:03:54.003+0530] {processor.py:830} INFO - Processing file /home/kali/Desktop/projects/git/bank_data_processing/myenv/lib/python3.11/site-packages/airflow/example_dags/example_skip_dag.py for tasks to queue
[2024-07-12T02:03:54.005+0530] {logging_mixin.py:188} INFO - [2024-07-12T02:03:54.005+0530] {dagbag.py:545} INFO - Filling up the DagBag from /home/kali/Desktop/projects/git/bank_data_processing/myenv/lib/python3.11/site-packages/airflow/example_dags/example_skip_dag.py
[2024-07-12T02:03:54.015+0530] {processor.py:840} INFO - DAG(s) 'example_skip_dag' retrieved from /home/kali/Desktop/projects/git/bank_data_processing/myenv/lib/python3.11/site-packages/airflow/example_dags/example_skip_dag.py
[2024-07-12T02:03:54.050+0530] {logging_mixin.py:188} INFO - [2024-07-12T02:03:54.050+0530] {dag.py:3096} INFO - Sync 1 DAGs
[2024-07-12T02:03:54.076+0530] {logging_mixin.py:188} INFO - [2024-07-12T02:03:54.076+0530] {dag.py:3954} INFO - Setting next_dagrun for example_skip_dag to 2024-07-10 00:00:00+00:00, run_after=2024-07-11 00:00:00+00:00
[2024-07-12T02:03:54.119+0530] {processor.py:183} INFO - Processing /home/kali/Desktop/projects/git/bank_data_processing/myenv/lib/python3.11/site-packages/airflow/example_dags/example_skip_dag.py took 0.126 seconds
[2024-07-12T02:04:25.086+0530] {processor.py:161} INFO - Started process (PID=54160) to work on /home/kali/Desktop/projects/git/bank_data_processing/myenv/lib/python3.11/site-packages/airflow/example_dags/example_skip_dag.py
[2024-07-12T02:04:25.087+0530] {processor.py:830} INFO - Processing file /home/kali/Desktop/projects/git/bank_data_processing/myenv/lib/python3.11/site-packages/airflow/example_dags/example_skip_dag.py for tasks to queue
[2024-07-12T02:04:25.088+0530] {logging_mixin.py:188} INFO - [2024-07-12T02:04:25.088+0530] {dagbag.py:545} INFO - Filling up the DagBag from /home/kali/Desktop/projects/git/bank_data_processing/myenv/lib/python3.11/site-packages/airflow/example_dags/example_skip_dag.py
[2024-07-12T02:04:25.096+0530] {processor.py:840} INFO - DAG(s) 'example_skip_dag' retrieved from /home/kali/Desktop/projects/git/bank_data_processing/myenv/lib/python3.11/site-packages/airflow/example_dags/example_skip_dag.py
[2024-07-12T02:04:25.113+0530] {logging_mixin.py:188} INFO - [2024-07-12T02:04:25.113+0530] {dag.py:3096} INFO - Sync 1 DAGs
[2024-07-12T02:04:25.133+0530] {logging_mixin.py:188} INFO - [2024-07-12T02:04:25.133+0530] {dag.py:3954} INFO - Setting next_dagrun for example_skip_dag to 2024-07-10 00:00:00+00:00, run_after=2024-07-11 00:00:00+00:00
[2024-07-12T02:04:25.153+0530] {processor.py:183} INFO - Processing /home/kali/Desktop/projects/git/bank_data_processing/myenv/lib/python3.11/site-packages/airflow/example_dags/example_skip_dag.py took 0.073 seconds
[2024-07-12T02:04:56.815+0530] {processor.py:161} INFO - Started process (PID=54743) to work on /home/kali/Desktop/projects/git/bank_data_processing/myenv/lib/python3.11/site-packages/airflow/example_dags/example_skip_dag.py
[2024-07-12T02:04:56.816+0530] {processor.py:830} INFO - Processing file /home/kali/Desktop/projects/git/bank_data_processing/myenv/lib/python3.11/site-packages/airflow/example_dags/example_skip_dag.py for tasks to queue
[2024-07-12T02:04:56.821+0530] {logging_mixin.py:188} INFO - [2024-07-12T02:04:56.820+0530] {dagbag.py:545} INFO - Filling up the DagBag from /home/kali/Desktop/projects/git/bank_data_processing/myenv/lib/python3.11/site-packages/airflow/example_dags/example_skip_dag.py
[2024-07-12T02:04:56.828+0530] {processor.py:840} INFO - DAG(s) 'example_skip_dag' retrieved from /home/kali/Desktop/projects/git/bank_data_processing/myenv/lib/python3.11/site-packages/airflow/example_dags/example_skip_dag.py
[2024-07-12T02:04:56.855+0530] {logging_mixin.py:188} INFO - [2024-07-12T02:04:56.855+0530] {dag.py:3096} INFO - Sync 1 DAGs
[2024-07-12T02:04:56.884+0530] {logging_mixin.py:188} INFO - [2024-07-12T02:04:56.883+0530] {dag.py:3954} INFO - Setting next_dagrun for example_skip_dag to 2024-07-10 00:00:00+00:00, run_after=2024-07-11 00:00:00+00:00
[2024-07-12T02:04:56.915+0530] {processor.py:183} INFO - Processing /home/kali/Desktop/projects/git/bank_data_processing/myenv/lib/python3.11/site-packages/airflow/example_dags/example_skip_dag.py took 0.109 seconds
[2024-07-12T02:05:27.393+0530] {processor.py:161} INFO - Started process (PID=55254) to work on /home/kali/Desktop/projects/git/bank_data_processing/myenv/lib/python3.11/site-packages/airflow/example_dags/example_skip_dag.py
[2024-07-12T02:05:27.394+0530] {processor.py:830} INFO - Processing file /home/kali/Desktop/projects/git/bank_data_processing/myenv/lib/python3.11/site-packages/airflow/example_dags/example_skip_dag.py for tasks to queue
[2024-07-12T02:05:27.396+0530] {logging_mixin.py:188} INFO - [2024-07-12T02:05:27.396+0530] {dagbag.py:545} INFO - Filling up the DagBag from /home/kali/Desktop/projects/git/bank_data_processing/myenv/lib/python3.11/site-packages/airflow/example_dags/example_skip_dag.py
[2024-07-12T02:05:27.404+0530] {processor.py:840} INFO - DAG(s) 'example_skip_dag' retrieved from /home/kali/Desktop/projects/git/bank_data_processing/myenv/lib/python3.11/site-packages/airflow/example_dags/example_skip_dag.py
[2024-07-12T02:05:27.425+0530] {logging_mixin.py:188} INFO - [2024-07-12T02:05:27.425+0530] {dag.py:3096} INFO - Sync 1 DAGs
[2024-07-12T02:05:27.448+0530] {logging_mixin.py:188} INFO - [2024-07-12T02:05:27.448+0530] {dag.py:3954} INFO - Setting next_dagrun for example_skip_dag to 2024-07-10 00:00:00+00:00, run_after=2024-07-11 00:00:00+00:00
[2024-07-12T02:05:27.471+0530] {processor.py:183} INFO - Processing /home/kali/Desktop/projects/git/bank_data_processing/myenv/lib/python3.11/site-packages/airflow/example_dags/example_skip_dag.py took 0.085 seconds
[2024-07-12T02:06:01.174+0530] {processor.py:161} INFO - Started process (PID=55805) to work on /home/kali/Desktop/projects/git/bank_data_processing/myenv/lib/python3.11/site-packages/airflow/example_dags/example_skip_dag.py
[2024-07-12T02:06:01.175+0530] {processor.py:830} INFO - Processing file /home/kali/Desktop/projects/git/bank_data_processing/myenv/lib/python3.11/site-packages/airflow/example_dags/example_skip_dag.py for tasks to queue
[2024-07-12T02:06:01.178+0530] {logging_mixin.py:188} INFO - [2024-07-12T02:06:01.177+0530] {dagbag.py:545} INFO - Filling up the DagBag from /home/kali/Desktop/projects/git/bank_data_processing/myenv/lib/python3.11/site-packages/airflow/example_dags/example_skip_dag.py
[2024-07-12T02:06:01.186+0530] {processor.py:840} INFO - DAG(s) 'example_skip_dag' retrieved from /home/kali/Desktop/projects/git/bank_data_processing/myenv/lib/python3.11/site-packages/airflow/example_dags/example_skip_dag.py
[2024-07-12T02:06:01.214+0530] {logging_mixin.py:188} INFO - [2024-07-12T02:06:01.214+0530] {dag.py:3096} INFO - Sync 1 DAGs
[2024-07-12T02:06:01.249+0530] {logging_mixin.py:188} INFO - [2024-07-12T02:06:01.249+0530] {dag.py:3954} INFO - Setting next_dagrun for example_skip_dag to 2024-07-10 00:00:00+00:00, run_after=2024-07-11 00:00:00+00:00
[2024-07-12T02:06:01.287+0530] {processor.py:183} INFO - Processing /home/kali/Desktop/projects/git/bank_data_processing/myenv/lib/python3.11/site-packages/airflow/example_dags/example_skip_dag.py took 0.123 seconds
[2024-07-12T02:06:32.509+0530] {processor.py:161} INFO - Started process (PID=56457) to work on /home/kali/Desktop/projects/git/bank_data_processing/myenv/lib/python3.11/site-packages/airflow/example_dags/example_skip_dag.py
[2024-07-12T02:06:32.510+0530] {processor.py:830} INFO - Processing file /home/kali/Desktop/projects/git/bank_data_processing/myenv/lib/python3.11/site-packages/airflow/example_dags/example_skip_dag.py for tasks to queue
[2024-07-12T02:06:32.513+0530] {logging_mixin.py:188} INFO - [2024-07-12T02:06:32.512+0530] {dagbag.py:545} INFO - Filling up the DagBag from /home/kali/Desktop/projects/git/bank_data_processing/myenv/lib/python3.11/site-packages/airflow/example_dags/example_skip_dag.py
[2024-07-12T02:06:32.525+0530] {processor.py:840} INFO - DAG(s) 'example_skip_dag' retrieved from /home/kali/Desktop/projects/git/bank_data_processing/myenv/lib/python3.11/site-packages/airflow/example_dags/example_skip_dag.py
[2024-07-12T02:06:32.563+0530] {logging_mixin.py:188} INFO - [2024-07-12T02:06:32.563+0530] {dag.py:3096} INFO - Sync 1 DAGs
[2024-07-12T02:06:32.614+0530] {logging_mixin.py:188} INFO - [2024-07-12T02:06:32.614+0530] {dag.py:3954} INFO - Setting next_dagrun for example_skip_dag to 2024-07-10 00:00:00+00:00, run_after=2024-07-11 00:00:00+00:00
[2024-07-12T02:06:32.658+0530] {processor.py:183} INFO - Processing /home/kali/Desktop/projects/git/bank_data_processing/myenv/lib/python3.11/site-packages/airflow/example_dags/example_skip_dag.py took 0.161 seconds
[2024-07-12T02:07:04.083+0530] {processor.py:161} INFO - Started process (PID=57163) to work on /home/kali/Desktop/projects/git/bank_data_processing/myenv/lib/python3.11/site-packages/airflow/example_dags/example_skip_dag.py
[2024-07-12T02:07:04.084+0530] {processor.py:830} INFO - Processing file /home/kali/Desktop/projects/git/bank_data_processing/myenv/lib/python3.11/site-packages/airflow/example_dags/example_skip_dag.py for tasks to queue
[2024-07-12T02:07:04.086+0530] {logging_mixin.py:188} INFO - [2024-07-12T02:07:04.086+0530] {dagbag.py:545} INFO - Filling up the DagBag from /home/kali/Desktop/projects/git/bank_data_processing/myenv/lib/python3.11/site-packages/airflow/example_dags/example_skip_dag.py
[2024-07-12T02:07:04.099+0530] {processor.py:840} INFO - DAG(s) 'example_skip_dag' retrieved from /home/kali/Desktop/projects/git/bank_data_processing/myenv/lib/python3.11/site-packages/airflow/example_dags/example_skip_dag.py
[2024-07-12T02:07:04.127+0530] {logging_mixin.py:188} INFO - [2024-07-12T02:07:04.127+0530] {dag.py:3096} INFO - Sync 1 DAGs
[2024-07-12T02:07:04.158+0530] {logging_mixin.py:188} INFO - [2024-07-12T02:07:04.157+0530] {dag.py:3954} INFO - Setting next_dagrun for example_skip_dag to 2024-07-10 00:00:00+00:00, run_after=2024-07-11 00:00:00+00:00
[2024-07-12T02:07:04.192+0530] {processor.py:183} INFO - Processing /home/kali/Desktop/projects/git/bank_data_processing/myenv/lib/python3.11/site-packages/airflow/example_dags/example_skip_dag.py took 0.120 seconds
[2024-07-12T02:07:35.465+0530] {processor.py:161} INFO - Started process (PID=57853) to work on /home/kali/Desktop/projects/git/bank_data_processing/myenv/lib/python3.11/site-packages/airflow/example_dags/example_skip_dag.py
[2024-07-12T02:07:35.466+0530] {processor.py:830} INFO - Processing file /home/kali/Desktop/projects/git/bank_data_processing/myenv/lib/python3.11/site-packages/airflow/example_dags/example_skip_dag.py for tasks to queue
[2024-07-12T02:07:35.468+0530] {logging_mixin.py:188} INFO - [2024-07-12T02:07:35.467+0530] {dagbag.py:545} INFO - Filling up the DagBag from /home/kali/Desktop/projects/git/bank_data_processing/myenv/lib/python3.11/site-packages/airflow/example_dags/example_skip_dag.py
[2024-07-12T02:07:35.479+0530] {processor.py:840} INFO - DAG(s) 'example_skip_dag' retrieved from /home/kali/Desktop/projects/git/bank_data_processing/myenv/lib/python3.11/site-packages/airflow/example_dags/example_skip_dag.py
[2024-07-12T02:07:35.506+0530] {logging_mixin.py:188} INFO - [2024-07-12T02:07:35.506+0530] {dag.py:3096} INFO - Sync 1 DAGs
[2024-07-12T02:07:35.538+0530] {logging_mixin.py:188} INFO - [2024-07-12T02:07:35.538+0530] {dag.py:3954} INFO - Setting next_dagrun for example_skip_dag to 2024-07-10 00:00:00+00:00, run_after=2024-07-11 00:00:00+00:00
[2024-07-12T02:07:35.566+0530] {processor.py:183} INFO - Processing /home/kali/Desktop/projects/git/bank_data_processing/myenv/lib/python3.11/site-packages/airflow/example_dags/example_skip_dag.py took 0.109 seconds
[2024-07-12T02:08:06.535+0530] {processor.py:161} INFO - Started process (PID=58381) to work on /home/kali/Desktop/projects/git/bank_data_processing/myenv/lib/python3.11/site-packages/airflow/example_dags/example_skip_dag.py
[2024-07-12T02:08:06.536+0530] {processor.py:830} INFO - Processing file /home/kali/Desktop/projects/git/bank_data_processing/myenv/lib/python3.11/site-packages/airflow/example_dags/example_skip_dag.py for tasks to queue
[2024-07-12T02:08:06.537+0530] {logging_mixin.py:188} INFO - [2024-07-12T02:08:06.537+0530] {dagbag.py:545} INFO - Filling up the DagBag from /home/kali/Desktop/projects/git/bank_data_processing/myenv/lib/python3.11/site-packages/airflow/example_dags/example_skip_dag.py
[2024-07-12T02:08:06.546+0530] {processor.py:840} INFO - DAG(s) 'example_skip_dag' retrieved from /home/kali/Desktop/projects/git/bank_data_processing/myenv/lib/python3.11/site-packages/airflow/example_dags/example_skip_dag.py
[2024-07-12T02:08:06.573+0530] {logging_mixin.py:188} INFO - [2024-07-12T02:08:06.572+0530] {dag.py:3096} INFO - Sync 1 DAGs
[2024-07-12T02:08:06.614+0530] {logging_mixin.py:188} INFO - [2024-07-12T02:08:06.614+0530] {dag.py:3954} INFO - Setting next_dagrun for example_skip_dag to 2024-07-10 00:00:00+00:00, run_after=2024-07-11 00:00:00+00:00
[2024-07-12T02:08:06.648+0530] {processor.py:183} INFO - Processing /home/kali/Desktop/projects/git/bank_data_processing/myenv/lib/python3.11/site-packages/airflow/example_dags/example_skip_dag.py took 0.122 seconds
[2024-07-12T02:08:37.801+0530] {processor.py:161} INFO - Started process (PID=58928) to work on /home/kali/Desktop/projects/git/bank_data_processing/myenv/lib/python3.11/site-packages/airflow/example_dags/example_skip_dag.py
[2024-07-12T02:08:37.802+0530] {processor.py:830} INFO - Processing file /home/kali/Desktop/projects/git/bank_data_processing/myenv/lib/python3.11/site-packages/airflow/example_dags/example_skip_dag.py for tasks to queue
[2024-07-12T02:08:37.805+0530] {logging_mixin.py:188} INFO - [2024-07-12T02:08:37.804+0530] {dagbag.py:545} INFO - Filling up the DagBag from /home/kali/Desktop/projects/git/bank_data_processing/myenv/lib/python3.11/site-packages/airflow/example_dags/example_skip_dag.py
[2024-07-12T02:08:37.816+0530] {processor.py:840} INFO - DAG(s) 'example_skip_dag' retrieved from /home/kali/Desktop/projects/git/bank_data_processing/myenv/lib/python3.11/site-packages/airflow/example_dags/example_skip_dag.py
[2024-07-12T02:08:37.845+0530] {logging_mixin.py:188} INFO - [2024-07-12T02:08:37.845+0530] {dag.py:3096} INFO - Sync 1 DAGs
[2024-07-12T02:08:37.879+0530] {logging_mixin.py:188} INFO - [2024-07-12T02:08:37.879+0530] {dag.py:3954} INFO - Setting next_dagrun for example_skip_dag to 2024-07-10 00:00:00+00:00, run_after=2024-07-11 00:00:00+00:00
[2024-07-12T02:08:37.909+0530] {processor.py:183} INFO - Processing /home/kali/Desktop/projects/git/bank_data_processing/myenv/lib/python3.11/site-packages/airflow/example_dags/example_skip_dag.py took 0.116 seconds
[2024-07-12T02:09:09.082+0530] {processor.py:161} INFO - Started process (PID=59573) to work on /home/kali/Desktop/projects/git/bank_data_processing/myenv/lib/python3.11/site-packages/airflow/example_dags/example_skip_dag.py
[2024-07-12T02:09:09.088+0530] {processor.py:830} INFO - Processing file /home/kali/Desktop/projects/git/bank_data_processing/myenv/lib/python3.11/site-packages/airflow/example_dags/example_skip_dag.py for tasks to queue
[2024-07-12T02:09:09.089+0530] {logging_mixin.py:188} INFO - [2024-07-12T02:09:09.089+0530] {dagbag.py:545} INFO - Filling up the DagBag from /home/kali/Desktop/projects/git/bank_data_processing/myenv/lib/python3.11/site-packages/airflow/example_dags/example_skip_dag.py
[2024-07-12T02:09:09.105+0530] {processor.py:840} INFO - DAG(s) 'example_skip_dag' retrieved from /home/kali/Desktop/projects/git/bank_data_processing/myenv/lib/python3.11/site-packages/airflow/example_dags/example_skip_dag.py
[2024-07-12T02:09:09.137+0530] {logging_mixin.py:188} INFO - [2024-07-12T02:09:09.137+0530] {dag.py:3096} INFO - Sync 1 DAGs
[2024-07-12T02:09:09.167+0530] {logging_mixin.py:188} INFO - [2024-07-12T02:09:09.167+0530] {dag.py:3954} INFO - Setting next_dagrun for example_skip_dag to 2024-07-10 00:00:00+00:00, run_after=2024-07-11 00:00:00+00:00
[2024-07-12T02:09:09.199+0530] {processor.py:183} INFO - Processing /home/kali/Desktop/projects/git/bank_data_processing/myenv/lib/python3.11/site-packages/airflow/example_dags/example_skip_dag.py took 0.131 seconds
[2024-07-12T02:09:40.781+0530] {processor.py:161} INFO - Started process (PID=60264) to work on /home/kali/Desktop/projects/git/bank_data_processing/myenv/lib/python3.11/site-packages/airflow/example_dags/example_skip_dag.py
[2024-07-12T02:09:40.783+0530] {processor.py:830} INFO - Processing file /home/kali/Desktop/projects/git/bank_data_processing/myenv/lib/python3.11/site-packages/airflow/example_dags/example_skip_dag.py for tasks to queue
[2024-07-12T02:09:40.785+0530] {logging_mixin.py:188} INFO - [2024-07-12T02:09:40.784+0530] {dagbag.py:545} INFO - Filling up the DagBag from /home/kali/Desktop/projects/git/bank_data_processing/myenv/lib/python3.11/site-packages/airflow/example_dags/example_skip_dag.py
[2024-07-12T02:09:40.800+0530] {processor.py:840} INFO - DAG(s) 'example_skip_dag' retrieved from /home/kali/Desktop/projects/git/bank_data_processing/myenv/lib/python3.11/site-packages/airflow/example_dags/example_skip_dag.py
[2024-07-12T02:09:40.839+0530] {logging_mixin.py:188} INFO - [2024-07-12T02:09:40.838+0530] {dag.py:3096} INFO - Sync 1 DAGs
[2024-07-12T02:09:40.884+0530] {logging_mixin.py:188} INFO - [2024-07-12T02:09:40.884+0530] {dag.py:3954} INFO - Setting next_dagrun for example_skip_dag to 2024-07-10 00:00:00+00:00, run_after=2024-07-11 00:00:00+00:00
[2024-07-12T02:09:40.939+0530] {processor.py:183} INFO - Processing /home/kali/Desktop/projects/git/bank_data_processing/myenv/lib/python3.11/site-packages/airflow/example_dags/example_skip_dag.py took 0.177 seconds
