[2024-07-12T01:47:48.092+0530] {processor.py:161} INFO - Started process (PID=36596) to work on /home/kali/Desktop/projects/git/bank_data_processing/myenv/lib/python3.11/site-packages/airflow/example_dags/example_external_task_marker_dag.py
[2024-07-12T01:47:48.093+0530] {processor.py:830} INFO - Processing file /home/kali/Desktop/projects/git/bank_data_processing/myenv/lib/python3.11/site-packages/airflow/example_dags/example_external_task_marker_dag.py for tasks to queue
[2024-07-12T01:47:48.095+0530] {logging_mixin.py:188} INFO - [2024-07-12T01:47:48.094+0530] {dagbag.py:545} INFO - Filling up the DagBag from /home/kali/Desktop/projects/git/bank_data_processing/myenv/lib/python3.11/site-packages/airflow/example_dags/example_external_task_marker_dag.py
[2024-07-12T01:47:48.101+0530] {processor.py:840} INFO - DAG(s) 'example_external_task_marker_parent', 'example_external_task_marker_child' retrieved from /home/kali/Desktop/projects/git/bank_data_processing/myenv/lib/python3.11/site-packages/airflow/example_dags/example_external_task_marker_dag.py
[2024-07-12T01:47:48.226+0530] {logging_mixin.py:188} INFO - [2024-07-12T01:47:48.226+0530] {dag.py:3096} INFO - Sync 2 DAGs
[2024-07-12T01:47:48.235+0530] {logging_mixin.py:188} INFO - [2024-07-12T01:47:48.235+0530] {dag.py:3954} INFO - Setting next_dagrun for example_external_task_marker_child to None, run_after=None
[2024-07-12T01:47:48.238+0530] {logging_mixin.py:188} INFO - [2024-07-12T01:47:48.238+0530] {dag.py:3954} INFO - Setting next_dagrun for example_external_task_marker_parent to None, run_after=None
[2024-07-12T01:47:48.257+0530] {processor.py:183} INFO - Processing /home/kali/Desktop/projects/git/bank_data_processing/myenv/lib/python3.11/site-packages/airflow/example_dags/example_external_task_marker_dag.py took 0.173 seconds
[2024-07-12T01:48:18.692+0530] {processor.py:161} INFO - Started process (PID=37095) to work on /home/kali/Desktop/projects/git/bank_data_processing/myenv/lib/python3.11/site-packages/airflow/example_dags/example_external_task_marker_dag.py
[2024-07-12T01:48:18.693+0530] {processor.py:830} INFO - Processing file /home/kali/Desktop/projects/git/bank_data_processing/myenv/lib/python3.11/site-packages/airflow/example_dags/example_external_task_marker_dag.py for tasks to queue
[2024-07-12T01:48:18.695+0530] {logging_mixin.py:188} INFO - [2024-07-12T01:48:18.695+0530] {dagbag.py:545} INFO - Filling up the DagBag from /home/kali/Desktop/projects/git/bank_data_processing/myenv/lib/python3.11/site-packages/airflow/example_dags/example_external_task_marker_dag.py
[2024-07-12T01:48:18.701+0530] {processor.py:840} INFO - DAG(s) 'example_external_task_marker_child', 'example_external_task_marker_parent' retrieved from /home/kali/Desktop/projects/git/bank_data_processing/myenv/lib/python3.11/site-packages/airflow/example_dags/example_external_task_marker_dag.py
[2024-07-12T01:48:18.720+0530] {logging_mixin.py:188} INFO - [2024-07-12T01:48:18.720+0530] {dag.py:3096} INFO - Sync 2 DAGs
[2024-07-12T01:48:18.731+0530] {logging_mixin.py:188} INFO - [2024-07-12T01:48:18.731+0530] {dag.py:3954} INFO - Setting next_dagrun for example_external_task_marker_child to None, run_after=None
[2024-07-12T01:48:18.735+0530] {logging_mixin.py:188} INFO - [2024-07-12T01:48:18.735+0530] {dag.py:3954} INFO - Setting next_dagrun for example_external_task_marker_parent to None, run_after=None
[2024-07-12T01:48:18.753+0530] {processor.py:183} INFO - Processing /home/kali/Desktop/projects/git/bank_data_processing/myenv/lib/python3.11/site-packages/airflow/example_dags/example_external_task_marker_dag.py took 0.066 seconds
[2024-07-12T01:48:49.581+0530] {processor.py:161} INFO - Started process (PID=37478) to work on /home/kali/Desktop/projects/git/bank_data_processing/myenv/lib/python3.11/site-packages/airflow/example_dags/example_external_task_marker_dag.py
[2024-07-12T01:48:49.584+0530] {processor.py:830} INFO - Processing file /home/kali/Desktop/projects/git/bank_data_processing/myenv/lib/python3.11/site-packages/airflow/example_dags/example_external_task_marker_dag.py for tasks to queue
[2024-07-12T01:48:49.585+0530] {logging_mixin.py:188} INFO - [2024-07-12T01:48:49.585+0530] {dagbag.py:545} INFO - Filling up the DagBag from /home/kali/Desktop/projects/git/bank_data_processing/myenv/lib/python3.11/site-packages/airflow/example_dags/example_external_task_marker_dag.py
[2024-07-12T01:48:49.592+0530] {processor.py:840} INFO - DAG(s) 'example_external_task_marker_child', 'example_external_task_marker_parent' retrieved from /home/kali/Desktop/projects/git/bank_data_processing/myenv/lib/python3.11/site-packages/airflow/example_dags/example_external_task_marker_dag.py
[2024-07-12T01:48:49.616+0530] {logging_mixin.py:188} INFO - [2024-07-12T01:48:49.616+0530] {dag.py:3096} INFO - Sync 2 DAGs
[2024-07-12T01:48:49.629+0530] {logging_mixin.py:188} INFO - [2024-07-12T01:48:49.629+0530] {dag.py:3954} INFO - Setting next_dagrun for example_external_task_marker_child to None, run_after=None
[2024-07-12T01:48:49.633+0530] {logging_mixin.py:188} INFO - [2024-07-12T01:48:49.633+0530] {dag.py:3954} INFO - Setting next_dagrun for example_external_task_marker_parent to None, run_after=None
[2024-07-12T01:48:49.656+0530] {processor.py:183} INFO - Processing /home/kali/Desktop/projects/git/bank_data_processing/myenv/lib/python3.11/site-packages/airflow/example_dags/example_external_task_marker_dag.py took 0.082 seconds
[2024-07-12T01:49:20.506+0530] {processor.py:161} INFO - Started process (PID=37952) to work on /home/kali/Desktop/projects/git/bank_data_processing/myenv/lib/python3.11/site-packages/airflow/example_dags/example_external_task_marker_dag.py
[2024-07-12T01:49:20.507+0530] {processor.py:830} INFO - Processing file /home/kali/Desktop/projects/git/bank_data_processing/myenv/lib/python3.11/site-packages/airflow/example_dags/example_external_task_marker_dag.py for tasks to queue
[2024-07-12T01:49:20.509+0530] {logging_mixin.py:188} INFO - [2024-07-12T01:49:20.509+0530] {dagbag.py:545} INFO - Filling up the DagBag from /home/kali/Desktop/projects/git/bank_data_processing/myenv/lib/python3.11/site-packages/airflow/example_dags/example_external_task_marker_dag.py
[2024-07-12T01:49:20.515+0530] {processor.py:840} INFO - DAG(s) 'example_external_task_marker_parent', 'example_external_task_marker_child' retrieved from /home/kali/Desktop/projects/git/bank_data_processing/myenv/lib/python3.11/site-packages/airflow/example_dags/example_external_task_marker_dag.py
[2024-07-12T01:49:20.537+0530] {logging_mixin.py:188} INFO - [2024-07-12T01:49:20.536+0530] {dag.py:3096} INFO - Sync 2 DAGs
[2024-07-12T01:49:20.548+0530] {logging_mixin.py:188} INFO - [2024-07-12T01:49:20.548+0530] {dag.py:3954} INFO - Setting next_dagrun for example_external_task_marker_child to None, run_after=None
[2024-07-12T01:49:20.552+0530] {logging_mixin.py:188} INFO - [2024-07-12T01:49:20.552+0530] {dag.py:3954} INFO - Setting next_dagrun for example_external_task_marker_parent to None, run_after=None
[2024-07-12T01:49:20.570+0530] {processor.py:183} INFO - Processing /home/kali/Desktop/projects/git/bank_data_processing/myenv/lib/python3.11/site-packages/airflow/example_dags/example_external_task_marker_dag.py took 0.070 seconds
[2024-07-12T01:49:51.335+0530] {processor.py:161} INFO - Started process (PID=38272) to work on /home/kali/Desktop/projects/git/bank_data_processing/myenv/lib/python3.11/site-packages/airflow/example_dags/example_external_task_marker_dag.py
[2024-07-12T01:49:51.336+0530] {processor.py:830} INFO - Processing file /home/kali/Desktop/projects/git/bank_data_processing/myenv/lib/python3.11/site-packages/airflow/example_dags/example_external_task_marker_dag.py for tasks to queue
[2024-07-12T01:49:51.337+0530] {logging_mixin.py:188} INFO - [2024-07-12T01:49:51.337+0530] {dagbag.py:545} INFO - Filling up the DagBag from /home/kali/Desktop/projects/git/bank_data_processing/myenv/lib/python3.11/site-packages/airflow/example_dags/example_external_task_marker_dag.py
[2024-07-12T01:49:51.344+0530] {processor.py:840} INFO - DAG(s) 'example_external_task_marker_child', 'example_external_task_marker_parent' retrieved from /home/kali/Desktop/projects/git/bank_data_processing/myenv/lib/python3.11/site-packages/airflow/example_dags/example_external_task_marker_dag.py
[2024-07-12T01:49:51.365+0530] {logging_mixin.py:188} INFO - [2024-07-12T01:49:51.365+0530] {dag.py:3096} INFO - Sync 2 DAGs
[2024-07-12T01:49:51.376+0530] {logging_mixin.py:188} INFO - [2024-07-12T01:49:51.376+0530] {dag.py:3954} INFO - Setting next_dagrun for example_external_task_marker_child to None, run_after=None
[2024-07-12T01:49:51.380+0530] {logging_mixin.py:188} INFO - [2024-07-12T01:49:51.379+0530] {dag.py:3954} INFO - Setting next_dagrun for example_external_task_marker_parent to None, run_after=None
[2024-07-12T01:49:51.398+0530] {processor.py:183} INFO - Processing /home/kali/Desktop/projects/git/bank_data_processing/myenv/lib/python3.11/site-packages/airflow/example_dags/example_external_task_marker_dag.py took 0.068 seconds
[2024-07-12T01:50:22.117+0530] {processor.py:161} INFO - Started process (PID=38645) to work on /home/kali/Desktop/projects/git/bank_data_processing/myenv/lib/python3.11/site-packages/airflow/example_dags/example_external_task_marker_dag.py
[2024-07-12T01:50:22.118+0530] {processor.py:830} INFO - Processing file /home/kali/Desktop/projects/git/bank_data_processing/myenv/lib/python3.11/site-packages/airflow/example_dags/example_external_task_marker_dag.py for tasks to queue
[2024-07-12T01:50:22.120+0530] {logging_mixin.py:188} INFO - [2024-07-12T01:50:22.120+0530] {dagbag.py:545} INFO - Filling up the DagBag from /home/kali/Desktop/projects/git/bank_data_processing/myenv/lib/python3.11/site-packages/airflow/example_dags/example_external_task_marker_dag.py
[2024-07-12T01:50:22.129+0530] {processor.py:840} INFO - DAG(s) 'example_external_task_marker_parent', 'example_external_task_marker_child' retrieved from /home/kali/Desktop/projects/git/bank_data_processing/myenv/lib/python3.11/site-packages/airflow/example_dags/example_external_task_marker_dag.py
[2024-07-12T01:50:22.159+0530] {logging_mixin.py:188} INFO - [2024-07-12T01:50:22.159+0530] {dag.py:3096} INFO - Sync 2 DAGs
[2024-07-12T01:50:22.172+0530] {logging_mixin.py:188} INFO - [2024-07-12T01:50:22.172+0530] {dag.py:3954} INFO - Setting next_dagrun for example_external_task_marker_child to None, run_after=None
[2024-07-12T01:50:22.176+0530] {logging_mixin.py:188} INFO - [2024-07-12T01:50:22.176+0530] {dag.py:3954} INFO - Setting next_dagrun for example_external_task_marker_parent to None, run_after=None
[2024-07-12T01:50:22.193+0530] {processor.py:183} INFO - Processing /home/kali/Desktop/projects/git/bank_data_processing/myenv/lib/python3.11/site-packages/airflow/example_dags/example_external_task_marker_dag.py took 0.085 seconds
[2024-07-12T01:50:52.242+0530] {processor.py:161} INFO - Started process (PID=39076) to work on /home/kali/Desktop/projects/git/bank_data_processing/myenv/lib/python3.11/site-packages/airflow/example_dags/example_external_task_marker_dag.py
[2024-07-12T01:50:52.243+0530] {processor.py:830} INFO - Processing file /home/kali/Desktop/projects/git/bank_data_processing/myenv/lib/python3.11/site-packages/airflow/example_dags/example_external_task_marker_dag.py for tasks to queue
[2024-07-12T01:50:52.245+0530] {logging_mixin.py:188} INFO - [2024-07-12T01:50:52.244+0530] {dagbag.py:545} INFO - Filling up the DagBag from /home/kali/Desktop/projects/git/bank_data_processing/myenv/lib/python3.11/site-packages/airflow/example_dags/example_external_task_marker_dag.py
[2024-07-12T01:50:52.254+0530] {processor.py:840} INFO - DAG(s) 'example_external_task_marker_child', 'example_external_task_marker_parent' retrieved from /home/kali/Desktop/projects/git/bank_data_processing/myenv/lib/python3.11/site-packages/airflow/example_dags/example_external_task_marker_dag.py
[2024-07-12T01:50:52.274+0530] {logging_mixin.py:188} INFO - [2024-07-12T01:50:52.274+0530] {dag.py:3096} INFO - Sync 2 DAGs
[2024-07-12T01:50:52.285+0530] {logging_mixin.py:188} INFO - [2024-07-12T01:50:52.285+0530] {dag.py:3954} INFO - Setting next_dagrun for example_external_task_marker_child to None, run_after=None
[2024-07-12T01:50:52.289+0530] {logging_mixin.py:188} INFO - [2024-07-12T01:50:52.288+0530] {dag.py:3954} INFO - Setting next_dagrun for example_external_task_marker_parent to None, run_after=None
[2024-07-12T01:50:52.306+0530] {processor.py:183} INFO - Processing /home/kali/Desktop/projects/git/bank_data_processing/myenv/lib/python3.11/site-packages/airflow/example_dags/example_external_task_marker_dag.py took 0.074 seconds
[2024-07-12T01:51:22.328+0530] {processor.py:161} INFO - Started process (PID=39485) to work on /home/kali/Desktop/projects/git/bank_data_processing/myenv/lib/python3.11/site-packages/airflow/example_dags/example_external_task_marker_dag.py
[2024-07-12T01:51:22.329+0530] {processor.py:830} INFO - Processing file /home/kali/Desktop/projects/git/bank_data_processing/myenv/lib/python3.11/site-packages/airflow/example_dags/example_external_task_marker_dag.py for tasks to queue
[2024-07-12T01:51:22.331+0530] {logging_mixin.py:188} INFO - [2024-07-12T01:51:22.330+0530] {dagbag.py:545} INFO - Filling up the DagBag from /home/kali/Desktop/projects/git/bank_data_processing/myenv/lib/python3.11/site-packages/airflow/example_dags/example_external_task_marker_dag.py
[2024-07-12T01:51:22.337+0530] {processor.py:840} INFO - DAG(s) 'example_external_task_marker_child', 'example_external_task_marker_parent' retrieved from /home/kali/Desktop/projects/git/bank_data_processing/myenv/lib/python3.11/site-packages/airflow/example_dags/example_external_task_marker_dag.py
[2024-07-12T01:51:22.356+0530] {logging_mixin.py:188} INFO - [2024-07-12T01:51:22.356+0530] {dag.py:3096} INFO - Sync 2 DAGs
[2024-07-12T01:51:22.369+0530] {logging_mixin.py:188} INFO - [2024-07-12T01:51:22.369+0530] {dag.py:3954} INFO - Setting next_dagrun for example_external_task_marker_child to None, run_after=None
[2024-07-12T01:51:22.373+0530] {logging_mixin.py:188} INFO - [2024-07-12T01:51:22.372+0530] {dag.py:3954} INFO - Setting next_dagrun for example_external_task_marker_parent to None, run_after=None
[2024-07-12T01:51:22.390+0530] {processor.py:183} INFO - Processing /home/kali/Desktop/projects/git/bank_data_processing/myenv/lib/python3.11/site-packages/airflow/example_dags/example_external_task_marker_dag.py took 0.067 seconds
[2024-07-12T01:51:53.992+0530] {processor.py:161} INFO - Started process (PID=40080) to work on /home/kali/Desktop/projects/git/bank_data_processing/myenv/lib/python3.11/site-packages/airflow/example_dags/example_external_task_marker_dag.py
[2024-07-12T01:51:53.996+0530] {processor.py:830} INFO - Processing file /home/kali/Desktop/projects/git/bank_data_processing/myenv/lib/python3.11/site-packages/airflow/example_dags/example_external_task_marker_dag.py for tasks to queue
[2024-07-12T01:51:54.000+0530] {logging_mixin.py:188} INFO - [2024-07-12T01:51:53.999+0530] {dagbag.py:545} INFO - Filling up the DagBag from /home/kali/Desktop/projects/git/bank_data_processing/myenv/lib/python3.11/site-packages/airflow/example_dags/example_external_task_marker_dag.py
[2024-07-12T01:51:54.014+0530] {processor.py:840} INFO - DAG(s) 'example_external_task_marker_child', 'example_external_task_marker_parent' retrieved from /home/kali/Desktop/projects/git/bank_data_processing/myenv/lib/python3.11/site-packages/airflow/example_dags/example_external_task_marker_dag.py
[2024-07-12T01:51:54.057+0530] {logging_mixin.py:188} INFO - [2024-07-12T01:51:54.057+0530] {dag.py:3096} INFO - Sync 2 DAGs
[2024-07-12T01:51:54.089+0530] {logging_mixin.py:188} INFO - [2024-07-12T01:51:54.089+0530] {dag.py:3954} INFO - Setting next_dagrun for example_external_task_marker_child to None, run_after=None
[2024-07-12T01:51:54.100+0530] {logging_mixin.py:188} INFO - [2024-07-12T01:51:54.098+0530] {dag.py:3954} INFO - Setting next_dagrun for example_external_task_marker_parent to None, run_after=None
[2024-07-12T01:51:54.146+0530] {processor.py:183} INFO - Processing /home/kali/Desktop/projects/git/bank_data_processing/myenv/lib/python3.11/site-packages/airflow/example_dags/example_external_task_marker_dag.py took 0.168 seconds
[2024-07-12T01:52:24.323+0530] {processor.py:161} INFO - Started process (PID=40761) to work on /home/kali/Desktop/projects/git/bank_data_processing/myenv/lib/python3.11/site-packages/airflow/example_dags/example_external_task_marker_dag.py
[2024-07-12T01:52:24.324+0530] {processor.py:830} INFO - Processing file /home/kali/Desktop/projects/git/bank_data_processing/myenv/lib/python3.11/site-packages/airflow/example_dags/example_external_task_marker_dag.py for tasks to queue
[2024-07-12T01:52:24.326+0530] {logging_mixin.py:188} INFO - [2024-07-12T01:52:24.325+0530] {dagbag.py:545} INFO - Filling up the DagBag from /home/kali/Desktop/projects/git/bank_data_processing/myenv/lib/python3.11/site-packages/airflow/example_dags/example_external_task_marker_dag.py
[2024-07-12T01:52:24.331+0530] {processor.py:840} INFO - DAG(s) 'example_external_task_marker_child', 'example_external_task_marker_parent' retrieved from /home/kali/Desktop/projects/git/bank_data_processing/myenv/lib/python3.11/site-packages/airflow/example_dags/example_external_task_marker_dag.py
[2024-07-12T01:52:24.351+0530] {logging_mixin.py:188} INFO - [2024-07-12T01:52:24.351+0530] {dag.py:3096} INFO - Sync 2 DAGs
[2024-07-12T01:52:24.362+0530] {logging_mixin.py:188} INFO - [2024-07-12T01:52:24.362+0530] {dag.py:3954} INFO - Setting next_dagrun for example_external_task_marker_child to None, run_after=None
[2024-07-12T01:52:24.366+0530] {logging_mixin.py:188} INFO - [2024-07-12T01:52:24.366+0530] {dag.py:3954} INFO - Setting next_dagrun for example_external_task_marker_parent to None, run_after=None
[2024-07-12T01:52:24.383+0530] {processor.py:183} INFO - Processing /home/kali/Desktop/projects/git/bank_data_processing/myenv/lib/python3.11/site-packages/airflow/example_dags/example_external_task_marker_dag.py took 0.068 seconds
