[2024-07-12T01:47:48.656+0530] {processor.py:161} INFO - Started process (PID=36625) to work on /home/kali/Desktop/projects/git/bank_data_processing/myenv/lib/python3.11/site-packages/airflow/example_dags/example_bash_decorator.py
[2024-07-12T01:47:48.657+0530] {processor.py:830} INFO - Processing file /home/kali/Desktop/projects/git/bank_data_processing/myenv/lib/python3.11/site-packages/airflow/example_dags/example_bash_decorator.py for tasks to queue
[2024-07-12T01:47:48.658+0530] {logging_mixin.py:188} INFO - [2024-07-12T01:47:48.658+0530] {dagbag.py:545} INFO - Filling up the DagBag from /home/kali/Desktop/projects/git/bank_data_processing/myenv/lib/python3.11/site-packages/airflow/example_dags/example_bash_decorator.py
[2024-07-12T01:47:48.672+0530] {processor.py:840} INFO - DAG(s) 'example_bash_decorator' retrieved from /home/kali/Desktop/projects/git/bank_data_processing/myenv/lib/python3.11/site-packages/airflow/example_dags/example_bash_decorator.py
[2024-07-12T01:47:48.765+0530] {logging_mixin.py:188} INFO - [2024-07-12T01:47:48.764+0530] {dag.py:3096} INFO - Sync 1 DAGs
[2024-07-12T01:47:48.772+0530] {logging_mixin.py:188} INFO - [2024-07-12T01:47:48.772+0530] {dag.py:3954} INFO - Setting next_dagrun for example_bash_decorator to None, run_after=None
[2024-07-12T01:47:48.791+0530] {processor.py:183} INFO - Processing /home/kali/Desktop/projects/git/bank_data_processing/myenv/lib/python3.11/site-packages/airflow/example_dags/example_bash_decorator.py took 0.141 seconds
[2024-07-12T01:48:19.049+0530] {processor.py:161} INFO - Started process (PID=37101) to work on /home/kali/Desktop/projects/git/bank_data_processing/myenv/lib/python3.11/site-packages/airflow/example_dags/example_bash_decorator.py
[2024-07-12T01:48:19.049+0530] {processor.py:830} INFO - Processing file /home/kali/Desktop/projects/git/bank_data_processing/myenv/lib/python3.11/site-packages/airflow/example_dags/example_bash_decorator.py for tasks to queue
[2024-07-12T01:48:19.051+0530] {logging_mixin.py:188} INFO - [2024-07-12T01:48:19.051+0530] {dagbag.py:545} INFO - Filling up the DagBag from /home/kali/Desktop/projects/git/bank_data_processing/myenv/lib/python3.11/site-packages/airflow/example_dags/example_bash_decorator.py
[2024-07-12T01:48:19.063+0530] {processor.py:840} INFO - DAG(s) 'example_bash_decorator' retrieved from /home/kali/Desktop/projects/git/bank_data_processing/myenv/lib/python3.11/site-packages/airflow/example_dags/example_bash_decorator.py
[2024-07-12T01:48:19.082+0530] {logging_mixin.py:188} INFO - [2024-07-12T01:48:19.082+0530] {dag.py:3096} INFO - Sync 1 DAGs
[2024-07-12T01:48:19.092+0530] {logging_mixin.py:188} INFO - [2024-07-12T01:48:19.092+0530] {dag.py:3954} INFO - Setting next_dagrun for example_bash_decorator to None, run_after=None
[2024-07-12T01:48:19.117+0530] {processor.py:183} INFO - Processing /home/kali/Desktop/projects/git/bank_data_processing/myenv/lib/python3.11/site-packages/airflow/example_dags/example_bash_decorator.py took 0.074 seconds
[2024-07-12T01:48:50.230+0530] {processor.py:161} INFO - Started process (PID=37484) to work on /home/kali/Desktop/projects/git/bank_data_processing/myenv/lib/python3.11/site-packages/airflow/example_dags/example_bash_decorator.py
[2024-07-12T01:48:50.231+0530] {processor.py:830} INFO - Processing file /home/kali/Desktop/projects/git/bank_data_processing/myenv/lib/python3.11/site-packages/airflow/example_dags/example_bash_decorator.py for tasks to queue
[2024-07-12T01:48:50.232+0530] {logging_mixin.py:188} INFO - [2024-07-12T01:48:50.232+0530] {dagbag.py:545} INFO - Filling up the DagBag from /home/kali/Desktop/projects/git/bank_data_processing/myenv/lib/python3.11/site-packages/airflow/example_dags/example_bash_decorator.py
[2024-07-12T01:48:50.248+0530] {processor.py:840} INFO - DAG(s) 'example_bash_decorator' retrieved from /home/kali/Desktop/projects/git/bank_data_processing/myenv/lib/python3.11/site-packages/airflow/example_dags/example_bash_decorator.py
[2024-07-12T01:48:50.273+0530] {logging_mixin.py:188} INFO - [2024-07-12T01:48:50.272+0530] {dag.py:3096} INFO - Sync 1 DAGs
[2024-07-12T01:48:50.286+0530] {logging_mixin.py:188} INFO - [2024-07-12T01:48:50.286+0530] {dag.py:3954} INFO - Setting next_dagrun for example_bash_decorator to None, run_after=None
[2024-07-12T01:48:50.476+0530] {processor.py:183} INFO - Processing /home/kali/Desktop/projects/git/bank_data_processing/myenv/lib/python3.11/site-packages/airflow/example_dags/example_bash_decorator.py took 0.253 seconds
[2024-07-12T01:49:20.814+0530] {processor.py:161} INFO - Started process (PID=37958) to work on /home/kali/Desktop/projects/git/bank_data_processing/myenv/lib/python3.11/site-packages/airflow/example_dags/example_bash_decorator.py
[2024-07-12T01:49:20.815+0530] {processor.py:830} INFO - Processing file /home/kali/Desktop/projects/git/bank_data_processing/myenv/lib/python3.11/site-packages/airflow/example_dags/example_bash_decorator.py for tasks to queue
[2024-07-12T01:49:20.817+0530] {logging_mixin.py:188} INFO - [2024-07-12T01:49:20.816+0530] {dagbag.py:545} INFO - Filling up the DagBag from /home/kali/Desktop/projects/git/bank_data_processing/myenv/lib/python3.11/site-packages/airflow/example_dags/example_bash_decorator.py
[2024-07-12T01:49:20.831+0530] {processor.py:840} INFO - DAG(s) 'example_bash_decorator' retrieved from /home/kali/Desktop/projects/git/bank_data_processing/myenv/lib/python3.11/site-packages/airflow/example_dags/example_bash_decorator.py
[2024-07-12T01:49:20.851+0530] {logging_mixin.py:188} INFO - [2024-07-12T01:49:20.851+0530] {dag.py:3096} INFO - Sync 1 DAGs
[2024-07-12T01:49:20.862+0530] {logging_mixin.py:188} INFO - [2024-07-12T01:49:20.862+0530] {dag.py:3954} INFO - Setting next_dagrun for example_bash_decorator to None, run_after=None
[2024-07-12T01:49:20.882+0530] {processor.py:183} INFO - Processing /home/kali/Desktop/projects/git/bank_data_processing/myenv/lib/python3.11/site-packages/airflow/example_dags/example_bash_decorator.py took 0.075 seconds
[2024-07-12T01:49:51.701+0530] {processor.py:161} INFO - Started process (PID=38286) to work on /home/kali/Desktop/projects/git/bank_data_processing/myenv/lib/python3.11/site-packages/airflow/example_dags/example_bash_decorator.py
[2024-07-12T01:49:51.702+0530] {processor.py:830} INFO - Processing file /home/kali/Desktop/projects/git/bank_data_processing/myenv/lib/python3.11/site-packages/airflow/example_dags/example_bash_decorator.py for tasks to queue
[2024-07-12T01:49:51.703+0530] {logging_mixin.py:188} INFO - [2024-07-12T01:49:51.703+0530] {dagbag.py:545} INFO - Filling up the DagBag from /home/kali/Desktop/projects/git/bank_data_processing/myenv/lib/python3.11/site-packages/airflow/example_dags/example_bash_decorator.py
[2024-07-12T01:49:51.716+0530] {processor.py:840} INFO - DAG(s) 'example_bash_decorator' retrieved from /home/kali/Desktop/projects/git/bank_data_processing/myenv/lib/python3.11/site-packages/airflow/example_dags/example_bash_decorator.py
[2024-07-12T01:49:51.734+0530] {logging_mixin.py:188} INFO - [2024-07-12T01:49:51.734+0530] {dag.py:3096} INFO - Sync 1 DAGs
[2024-07-12T01:49:51.744+0530] {logging_mixin.py:188} INFO - [2024-07-12T01:49:51.744+0530] {dag.py:3954} INFO - Setting next_dagrun for example_bash_decorator to None, run_after=None
[2024-07-12T01:49:51.763+0530] {processor.py:183} INFO - Processing /home/kali/Desktop/projects/git/bank_data_processing/myenv/lib/python3.11/site-packages/airflow/example_dags/example_bash_decorator.py took 0.068 seconds
[2024-07-12T01:50:22.444+0530] {processor.py:161} INFO - Started process (PID=38659) to work on /home/kali/Desktop/projects/git/bank_data_processing/myenv/lib/python3.11/site-packages/airflow/example_dags/example_bash_decorator.py
[2024-07-12T01:50:22.445+0530] {processor.py:830} INFO - Processing file /home/kali/Desktop/projects/git/bank_data_processing/myenv/lib/python3.11/site-packages/airflow/example_dags/example_bash_decorator.py for tasks to queue
[2024-07-12T01:50:22.447+0530] {logging_mixin.py:188} INFO - [2024-07-12T01:50:22.446+0530] {dagbag.py:545} INFO - Filling up the DagBag from /home/kali/Desktop/projects/git/bank_data_processing/myenv/lib/python3.11/site-packages/airflow/example_dags/example_bash_decorator.py
[2024-07-12T01:50:22.464+0530] {processor.py:840} INFO - DAG(s) 'example_bash_decorator' retrieved from /home/kali/Desktop/projects/git/bank_data_processing/myenv/lib/python3.11/site-packages/airflow/example_dags/example_bash_decorator.py
[2024-07-12T01:50:22.484+0530] {logging_mixin.py:188} INFO - [2024-07-12T01:50:22.484+0530] {dag.py:3096} INFO - Sync 1 DAGs
[2024-07-12T01:50:22.495+0530] {logging_mixin.py:188} INFO - [2024-07-12T01:50:22.495+0530] {dag.py:3954} INFO - Setting next_dagrun for example_bash_decorator to None, run_after=None
[2024-07-12T01:50:22.513+0530] {processor.py:183} INFO - Processing /home/kali/Desktop/projects/git/bank_data_processing/myenv/lib/python3.11/site-packages/airflow/example_dags/example_bash_decorator.py took 0.076 seconds
[2024-07-12T01:50:52.657+0530] {processor.py:161} INFO - Started process (PID=39105) to work on /home/kali/Desktop/projects/git/bank_data_processing/myenv/lib/python3.11/site-packages/airflow/example_dags/example_bash_decorator.py
[2024-07-12T01:50:52.658+0530] {processor.py:830} INFO - Processing file /home/kali/Desktop/projects/git/bank_data_processing/myenv/lib/python3.11/site-packages/airflow/example_dags/example_bash_decorator.py for tasks to queue
[2024-07-12T01:50:52.660+0530] {logging_mixin.py:188} INFO - [2024-07-12T01:50:52.660+0530] {dagbag.py:545} INFO - Filling up the DagBag from /home/kali/Desktop/projects/git/bank_data_processing/myenv/lib/python3.11/site-packages/airflow/example_dags/example_bash_decorator.py
[2024-07-12T01:50:52.675+0530] {processor.py:840} INFO - DAG(s) 'example_bash_decorator' retrieved from /home/kali/Desktop/projects/git/bank_data_processing/myenv/lib/python3.11/site-packages/airflow/example_dags/example_bash_decorator.py
[2024-07-12T01:50:52.698+0530] {logging_mixin.py:188} INFO - [2024-07-12T01:50:52.697+0530] {dag.py:3096} INFO - Sync 1 DAGs
[2024-07-12T01:50:52.711+0530] {logging_mixin.py:188} INFO - [2024-07-12T01:50:52.711+0530] {dag.py:3954} INFO - Setting next_dagrun for example_bash_decorator to None, run_after=None
[2024-07-12T01:50:52.732+0530] {processor.py:183} INFO - Processing /home/kali/Desktop/projects/git/bank_data_processing/myenv/lib/python3.11/site-packages/airflow/example_dags/example_bash_decorator.py took 0.081 seconds
[2024-07-12T01:51:23.697+0530] {processor.py:161} INFO - Started process (PID=39508) to work on /home/kali/Desktop/projects/git/bank_data_processing/myenv/lib/python3.11/site-packages/airflow/example_dags/example_bash_decorator.py
[2024-07-12T01:51:23.698+0530] {processor.py:830} INFO - Processing file /home/kali/Desktop/projects/git/bank_data_processing/myenv/lib/python3.11/site-packages/airflow/example_dags/example_bash_decorator.py for tasks to queue
[2024-07-12T01:51:23.700+0530] {logging_mixin.py:188} INFO - [2024-07-12T01:51:23.699+0530] {dagbag.py:545} INFO - Filling up the DagBag from /home/kali/Desktop/projects/git/bank_data_processing/myenv/lib/python3.11/site-packages/airflow/example_dags/example_bash_decorator.py
[2024-07-12T01:51:23.714+0530] {processor.py:840} INFO - DAG(s) 'example_bash_decorator' retrieved from /home/kali/Desktop/projects/git/bank_data_processing/myenv/lib/python3.11/site-packages/airflow/example_dags/example_bash_decorator.py
[2024-07-12T01:51:23.738+0530] {logging_mixin.py:188} INFO - [2024-07-12T01:51:23.738+0530] {dag.py:3096} INFO - Sync 1 DAGs
[2024-07-12T01:51:23.751+0530] {logging_mixin.py:188} INFO - [2024-07-12T01:51:23.751+0530] {dag.py:3954} INFO - Setting next_dagrun for example_bash_decorator to None, run_after=None
[2024-07-12T01:51:23.770+0530] {processor.py:183} INFO - Processing /home/kali/Desktop/projects/git/bank_data_processing/myenv/lib/python3.11/site-packages/airflow/example_dags/example_bash_decorator.py took 0.080 seconds
[2024-07-12T01:51:54.731+0530] {processor.py:161} INFO - Started process (PID=40094) to work on /home/kali/Desktop/projects/git/bank_data_processing/myenv/lib/python3.11/site-packages/airflow/example_dags/example_bash_decorator.py
[2024-07-12T01:51:54.734+0530] {processor.py:830} INFO - Processing file /home/kali/Desktop/projects/git/bank_data_processing/myenv/lib/python3.11/site-packages/airflow/example_dags/example_bash_decorator.py for tasks to queue
[2024-07-12T01:51:54.736+0530] {logging_mixin.py:188} INFO - [2024-07-12T01:51:54.736+0530] {dagbag.py:545} INFO - Filling up the DagBag from /home/kali/Desktop/projects/git/bank_data_processing/myenv/lib/python3.11/site-packages/airflow/example_dags/example_bash_decorator.py
[2024-07-12T01:51:54.758+0530] {processor.py:840} INFO - DAG(s) 'example_bash_decorator' retrieved from /home/kali/Desktop/projects/git/bank_data_processing/myenv/lib/python3.11/site-packages/airflow/example_dags/example_bash_decorator.py
[2024-07-12T01:51:54.797+0530] {logging_mixin.py:188} INFO - [2024-07-12T01:51:54.796+0530] {dag.py:3096} INFO - Sync 1 DAGs
[2024-07-12T01:51:54.820+0530] {logging_mixin.py:188} INFO - [2024-07-12T01:51:54.819+0530] {dag.py:3954} INFO - Setting next_dagrun for example_bash_decorator to None, run_after=None
[2024-07-12T01:51:54.856+0530] {processor.py:183} INFO - Processing /home/kali/Desktop/projects/git/bank_data_processing/myenv/lib/python3.11/site-packages/airflow/example_dags/example_bash_decorator.py took 0.140 seconds
[2024-07-12T01:52:25.557+0530] {processor.py:161} INFO - Started process (PID=40775) to work on /home/kali/Desktop/projects/git/bank_data_processing/myenv/lib/python3.11/site-packages/airflow/example_dags/example_bash_decorator.py
[2024-07-12T01:52:25.557+0530] {processor.py:830} INFO - Processing file /home/kali/Desktop/projects/git/bank_data_processing/myenv/lib/python3.11/site-packages/airflow/example_dags/example_bash_decorator.py for tasks to queue
[2024-07-12T01:52:25.559+0530] {logging_mixin.py:188} INFO - [2024-07-12T01:52:25.558+0530] {dagbag.py:545} INFO - Filling up the DagBag from /home/kali/Desktop/projects/git/bank_data_processing/myenv/lib/python3.11/site-packages/airflow/example_dags/example_bash_decorator.py
[2024-07-12T01:52:25.572+0530] {processor.py:840} INFO - DAG(s) 'example_bash_decorator' retrieved from /home/kali/Desktop/projects/git/bank_data_processing/myenv/lib/python3.11/site-packages/airflow/example_dags/example_bash_decorator.py
[2024-07-12T01:52:25.593+0530] {logging_mixin.py:188} INFO - [2024-07-12T01:52:25.593+0530] {dag.py:3096} INFO - Sync 1 DAGs
[2024-07-12T01:52:25.605+0530] {logging_mixin.py:188} INFO - [2024-07-12T01:52:25.605+0530] {dag.py:3954} INFO - Setting next_dagrun for example_bash_decorator to None, run_after=None
[2024-07-12T01:52:25.627+0530] {processor.py:183} INFO - Processing /home/kali/Desktop/projects/git/bank_data_processing/myenv/lib/python3.11/site-packages/airflow/example_dags/example_bash_decorator.py took 0.081 seconds
[2024-07-12T01:52:56.615+0530] {processor.py:161} INFO - Started process (PID=41409) to work on /home/kali/Desktop/projects/git/bank_data_processing/myenv/lib/python3.11/site-packages/airflow/example_dags/example_bash_decorator.py
[2024-07-12T01:52:56.616+0530] {processor.py:830} INFO - Processing file /home/kali/Desktop/projects/git/bank_data_processing/myenv/lib/python3.11/site-packages/airflow/example_dags/example_bash_decorator.py for tasks to queue
[2024-07-12T01:52:56.618+0530] {logging_mixin.py:188} INFO - [2024-07-12T01:52:56.617+0530] {dagbag.py:545} INFO - Filling up the DagBag from /home/kali/Desktop/projects/git/bank_data_processing/myenv/lib/python3.11/site-packages/airflow/example_dags/example_bash_decorator.py
[2024-07-12T01:52:56.634+0530] {processor.py:840} INFO - DAG(s) 'example_bash_decorator' retrieved from /home/kali/Desktop/projects/git/bank_data_processing/myenv/lib/python3.11/site-packages/airflow/example_dags/example_bash_decorator.py
[2024-07-12T01:52:56.661+0530] {logging_mixin.py:188} INFO - [2024-07-12T01:52:56.660+0530] {dag.py:3096} INFO - Sync 1 DAGs
[2024-07-12T01:52:56.677+0530] {logging_mixin.py:188} INFO - [2024-07-12T01:52:56.677+0530] {dag.py:3954} INFO - Setting next_dagrun for example_bash_decorator to None, run_after=None
[2024-07-12T01:52:56.703+0530] {processor.py:183} INFO - Processing /home/kali/Desktop/projects/git/bank_data_processing/myenv/lib/python3.11/site-packages/airflow/example_dags/example_bash_decorator.py took 0.097 seconds
[2024-07-12T01:53:26.914+0530] {processor.py:161} INFO - Started process (PID=42057) to work on /home/kali/Desktop/projects/git/bank_data_processing/myenv/lib/python3.11/site-packages/airflow/example_dags/example_bash_decorator.py
[2024-07-12T01:53:26.915+0530] {processor.py:830} INFO - Processing file /home/kali/Desktop/projects/git/bank_data_processing/myenv/lib/python3.11/site-packages/airflow/example_dags/example_bash_decorator.py for tasks to queue
[2024-07-12T01:53:26.916+0530] {logging_mixin.py:188} INFO - [2024-07-12T01:53:26.916+0530] {dagbag.py:545} INFO - Filling up the DagBag from /home/kali/Desktop/projects/git/bank_data_processing/myenv/lib/python3.11/site-packages/airflow/example_dags/example_bash_decorator.py
[2024-07-12T01:53:26.930+0530] {processor.py:840} INFO - DAG(s) 'example_bash_decorator' retrieved from /home/kali/Desktop/projects/git/bank_data_processing/myenv/lib/python3.11/site-packages/airflow/example_dags/example_bash_decorator.py
[2024-07-12T01:53:26.958+0530] {logging_mixin.py:188} INFO - [2024-07-12T01:53:26.958+0530] {dag.py:3096} INFO - Sync 1 DAGs
[2024-07-12T01:53:26.973+0530] {logging_mixin.py:188} INFO - [2024-07-12T01:53:26.972+0530] {dag.py:3954} INFO - Setting next_dagrun for example_bash_decorator to None, run_after=None
[2024-07-12T01:53:26.996+0530] {processor.py:183} INFO - Processing /home/kali/Desktop/projects/git/bank_data_processing/myenv/lib/python3.11/site-packages/airflow/example_dags/example_bash_decorator.py took 0.091 seconds
[2024-07-12T01:53:57.184+0530] {processor.py:161} INFO - Started process (PID=42797) to work on /home/kali/Desktop/projects/git/bank_data_processing/myenv/lib/python3.11/site-packages/airflow/example_dags/example_bash_decorator.py
[2024-07-12T01:53:57.185+0530] {processor.py:830} INFO - Processing file /home/kali/Desktop/projects/git/bank_data_processing/myenv/lib/python3.11/site-packages/airflow/example_dags/example_bash_decorator.py for tasks to queue
[2024-07-12T01:53:57.187+0530] {logging_mixin.py:188} INFO - [2024-07-12T01:53:57.187+0530] {dagbag.py:545} INFO - Filling up the DagBag from /home/kali/Desktop/projects/git/bank_data_processing/myenv/lib/python3.11/site-packages/airflow/example_dags/example_bash_decorator.py
[2024-07-12T01:53:57.218+0530] {processor.py:840} INFO - DAG(s) 'example_bash_decorator' retrieved from /home/kali/Desktop/projects/git/bank_data_processing/myenv/lib/python3.11/site-packages/airflow/example_dags/example_bash_decorator.py
[2024-07-12T01:53:57.256+0530] {logging_mixin.py:188} INFO - [2024-07-12T01:53:57.256+0530] {dag.py:3096} INFO - Sync 1 DAGs
[2024-07-12T01:53:57.278+0530] {logging_mixin.py:188} INFO - [2024-07-12T01:53:57.278+0530] {dag.py:3954} INFO - Setting next_dagrun for example_bash_decorator to None, run_after=None
[2024-07-12T01:53:57.315+0530] {processor.py:183} INFO - Processing /home/kali/Desktop/projects/git/bank_data_processing/myenv/lib/python3.11/site-packages/airflow/example_dags/example_bash_decorator.py took 0.149 seconds
[2024-07-12T01:54:27.620+0530] {processor.py:161} INFO - Started process (PID=43404) to work on /home/kali/Desktop/projects/git/bank_data_processing/myenv/lib/python3.11/site-packages/airflow/example_dags/example_bash_decorator.py
[2024-07-12T01:54:27.621+0530] {processor.py:830} INFO - Processing file /home/kali/Desktop/projects/git/bank_data_processing/myenv/lib/python3.11/site-packages/airflow/example_dags/example_bash_decorator.py for tasks to queue
[2024-07-12T01:54:27.622+0530] {logging_mixin.py:188} INFO - [2024-07-12T01:54:27.622+0530] {dagbag.py:545} INFO - Filling up the DagBag from /home/kali/Desktop/projects/git/bank_data_processing/myenv/lib/python3.11/site-packages/airflow/example_dags/example_bash_decorator.py
[2024-07-12T01:54:27.636+0530] {processor.py:840} INFO - DAG(s) 'example_bash_decorator' retrieved from /home/kali/Desktop/projects/git/bank_data_processing/myenv/lib/python3.11/site-packages/airflow/example_dags/example_bash_decorator.py
[2024-07-12T01:54:27.660+0530] {logging_mixin.py:188} INFO - [2024-07-12T01:54:27.659+0530] {dag.py:3096} INFO - Sync 1 DAGs
[2024-07-12T01:54:27.674+0530] {logging_mixin.py:188} INFO - [2024-07-12T01:54:27.674+0530] {dag.py:3954} INFO - Setting next_dagrun for example_bash_decorator to None, run_after=None
[2024-07-12T01:54:27.704+0530] {processor.py:183} INFO - Processing /home/kali/Desktop/projects/git/bank_data_processing/myenv/lib/python3.11/site-packages/airflow/example_dags/example_bash_decorator.py took 0.093 seconds
[2024-07-12T01:54:57.903+0530] {processor.py:161} INFO - Started process (PID=43986) to work on /home/kali/Desktop/projects/git/bank_data_processing/myenv/lib/python3.11/site-packages/airflow/example_dags/example_bash_decorator.py
[2024-07-12T01:54:57.904+0530] {processor.py:830} INFO - Processing file /home/kali/Desktop/projects/git/bank_data_processing/myenv/lib/python3.11/site-packages/airflow/example_dags/example_bash_decorator.py for tasks to queue
[2024-07-12T01:54:57.906+0530] {logging_mixin.py:188} INFO - [2024-07-12T01:54:57.906+0530] {dagbag.py:545} INFO - Filling up the DagBag from /home/kali/Desktop/projects/git/bank_data_processing/myenv/lib/python3.11/site-packages/airflow/example_dags/example_bash_decorator.py
[2024-07-12T01:54:57.920+0530] {processor.py:840} INFO - DAG(s) 'example_bash_decorator' retrieved from /home/kali/Desktop/projects/git/bank_data_processing/myenv/lib/python3.11/site-packages/airflow/example_dags/example_bash_decorator.py
[2024-07-12T01:54:57.942+0530] {logging_mixin.py:188} INFO - [2024-07-12T01:54:57.942+0530] {dag.py:3096} INFO - Sync 1 DAGs
[2024-07-12T01:54:57.953+0530] {logging_mixin.py:188} INFO - [2024-07-12T01:54:57.953+0530] {dag.py:3954} INFO - Setting next_dagrun for example_bash_decorator to None, run_after=None
[2024-07-12T01:54:57.972+0530] {processor.py:183} INFO - Processing /home/kali/Desktop/projects/git/bank_data_processing/myenv/lib/python3.11/site-packages/airflow/example_dags/example_bash_decorator.py took 0.078 seconds
[2024-07-12T01:55:28.592+0530] {processor.py:161} INFO - Started process (PID=44499) to work on /home/kali/Desktop/projects/git/bank_data_processing/myenv/lib/python3.11/site-packages/airflow/example_dags/example_bash_decorator.py
[2024-07-12T01:55:28.592+0530] {processor.py:830} INFO - Processing file /home/kali/Desktop/projects/git/bank_data_processing/myenv/lib/python3.11/site-packages/airflow/example_dags/example_bash_decorator.py for tasks to queue
[2024-07-12T01:55:28.594+0530] {logging_mixin.py:188} INFO - [2024-07-12T01:55:28.594+0530] {dagbag.py:545} INFO - Filling up the DagBag from /home/kali/Desktop/projects/git/bank_data_processing/myenv/lib/python3.11/site-packages/airflow/example_dags/example_bash_decorator.py
[2024-07-12T01:55:28.612+0530] {processor.py:840} INFO - DAG(s) 'example_bash_decorator' retrieved from /home/kali/Desktop/projects/git/bank_data_processing/myenv/lib/python3.11/site-packages/airflow/example_dags/example_bash_decorator.py
[2024-07-12T01:55:28.652+0530] {logging_mixin.py:188} INFO - [2024-07-12T01:55:28.651+0530] {dag.py:3096} INFO - Sync 1 DAGs
[2024-07-12T01:55:28.676+0530] {logging_mixin.py:188} INFO - [2024-07-12T01:55:28.676+0530] {dag.py:3954} INFO - Setting next_dagrun for example_bash_decorator to None, run_after=None
[2024-07-12T01:55:28.706+0530] {processor.py:183} INFO - Processing /home/kali/Desktop/projects/git/bank_data_processing/myenv/lib/python3.11/site-packages/airflow/example_dags/example_bash_decorator.py took 0.126 seconds
[2024-07-12T01:55:59.132+0530] {processor.py:161} INFO - Started process (PID=44978) to work on /home/kali/Desktop/projects/git/bank_data_processing/myenv/lib/python3.11/site-packages/airflow/example_dags/example_bash_decorator.py
[2024-07-12T01:55:59.133+0530] {processor.py:830} INFO - Processing file /home/kali/Desktop/projects/git/bank_data_processing/myenv/lib/python3.11/site-packages/airflow/example_dags/example_bash_decorator.py for tasks to queue
[2024-07-12T01:55:59.135+0530] {logging_mixin.py:188} INFO - [2024-07-12T01:55:59.134+0530] {dagbag.py:545} INFO - Filling up the DagBag from /home/kali/Desktop/projects/git/bank_data_processing/myenv/lib/python3.11/site-packages/airflow/example_dags/example_bash_decorator.py
[2024-07-12T01:55:59.153+0530] {processor.py:840} INFO - DAG(s) 'example_bash_decorator' retrieved from /home/kali/Desktop/projects/git/bank_data_processing/myenv/lib/python3.11/site-packages/airflow/example_dags/example_bash_decorator.py
[2024-07-12T01:55:59.178+0530] {logging_mixin.py:188} INFO - [2024-07-12T01:55:59.178+0530] {dag.py:3096} INFO - Sync 1 DAGs
[2024-07-12T01:55:59.191+0530] {logging_mixin.py:188} INFO - [2024-07-12T01:55:59.190+0530] {dag.py:3954} INFO - Setting next_dagrun for example_bash_decorator to None, run_after=None
[2024-07-12T01:55:59.213+0530] {processor.py:183} INFO - Processing /home/kali/Desktop/projects/git/bank_data_processing/myenv/lib/python3.11/site-packages/airflow/example_dags/example_bash_decorator.py took 0.091 seconds
[2024-07-12T01:56:29.685+0530] {processor.py:161} INFO - Started process (PID=45451) to work on /home/kali/Desktop/projects/git/bank_data_processing/myenv/lib/python3.11/site-packages/airflow/example_dags/example_bash_decorator.py
[2024-07-12T01:56:29.687+0530] {processor.py:830} INFO - Processing file /home/kali/Desktop/projects/git/bank_data_processing/myenv/lib/python3.11/site-packages/airflow/example_dags/example_bash_decorator.py for tasks to queue
[2024-07-12T01:56:29.689+0530] {logging_mixin.py:188} INFO - [2024-07-12T01:56:29.688+0530] {dagbag.py:545} INFO - Filling up the DagBag from /home/kali/Desktop/projects/git/bank_data_processing/myenv/lib/python3.11/site-packages/airflow/example_dags/example_bash_decorator.py
[2024-07-12T01:56:29.704+0530] {processor.py:840} INFO - DAG(s) 'example_bash_decorator' retrieved from /home/kali/Desktop/projects/git/bank_data_processing/myenv/lib/python3.11/site-packages/airflow/example_dags/example_bash_decorator.py
[2024-07-12T01:56:29.734+0530] {logging_mixin.py:188} INFO - [2024-07-12T01:56:29.734+0530] {dag.py:3096} INFO - Sync 1 DAGs
[2024-07-12T01:56:29.750+0530] {logging_mixin.py:188} INFO - [2024-07-12T01:56:29.750+0530] {dag.py:3954} INFO - Setting next_dagrun for example_bash_decorator to None, run_after=None
[2024-07-12T01:56:29.773+0530] {processor.py:183} INFO - Processing /home/kali/Desktop/projects/git/bank_data_processing/myenv/lib/python3.11/site-packages/airflow/example_dags/example_bash_decorator.py took 0.097 seconds
[2024-07-12T01:56:59.881+0530] {processor.py:161} INFO - Started process (PID=46010) to work on /home/kali/Desktop/projects/git/bank_data_processing/myenv/lib/python3.11/site-packages/airflow/example_dags/example_bash_decorator.py
[2024-07-12T01:56:59.882+0530] {processor.py:830} INFO - Processing file /home/kali/Desktop/projects/git/bank_data_processing/myenv/lib/python3.11/site-packages/airflow/example_dags/example_bash_decorator.py for tasks to queue
[2024-07-12T01:56:59.884+0530] {logging_mixin.py:188} INFO - [2024-07-12T01:56:59.883+0530] {dagbag.py:545} INFO - Filling up the DagBag from /home/kali/Desktop/projects/git/bank_data_processing/myenv/lib/python3.11/site-packages/airflow/example_dags/example_bash_decorator.py
[2024-07-12T01:56:59.896+0530] {processor.py:840} INFO - DAG(s) 'example_bash_decorator' retrieved from /home/kali/Desktop/projects/git/bank_data_processing/myenv/lib/python3.11/site-packages/airflow/example_dags/example_bash_decorator.py
[2024-07-12T01:56:59.914+0530] {logging_mixin.py:188} INFO - [2024-07-12T01:56:59.914+0530] {dag.py:3096} INFO - Sync 1 DAGs
[2024-07-12T01:56:59.924+0530] {logging_mixin.py:188} INFO - [2024-07-12T01:56:59.924+0530] {dag.py:3954} INFO - Setting next_dagrun for example_bash_decorator to None, run_after=None
[2024-07-12T01:56:59.941+0530] {processor.py:183} INFO - Processing /home/kali/Desktop/projects/git/bank_data_processing/myenv/lib/python3.11/site-packages/airflow/example_dags/example_bash_decorator.py took 0.067 seconds
[2024-07-12T01:57:30.831+0530] {processor.py:161} INFO - Started process (PID=46546) to work on /home/kali/Desktop/projects/git/bank_data_processing/myenv/lib/python3.11/site-packages/airflow/example_dags/example_bash_decorator.py
[2024-07-12T01:57:30.832+0530] {processor.py:830} INFO - Processing file /home/kali/Desktop/projects/git/bank_data_processing/myenv/lib/python3.11/site-packages/airflow/example_dags/example_bash_decorator.py for tasks to queue
[2024-07-12T01:57:30.836+0530] {logging_mixin.py:188} INFO - [2024-07-12T01:57:30.836+0530] {dagbag.py:545} INFO - Filling up the DagBag from /home/kali/Desktop/projects/git/bank_data_processing/myenv/lib/python3.11/site-packages/airflow/example_dags/example_bash_decorator.py
[2024-07-12T01:57:30.861+0530] {processor.py:840} INFO - DAG(s) 'example_bash_decorator' retrieved from /home/kali/Desktop/projects/git/bank_data_processing/myenv/lib/python3.11/site-packages/airflow/example_dags/example_bash_decorator.py
[2024-07-12T01:57:30.899+0530] {logging_mixin.py:188} INFO - [2024-07-12T01:57:30.899+0530] {dag.py:3096} INFO - Sync 1 DAGs
[2024-07-12T01:57:30.915+0530] {logging_mixin.py:188} INFO - [2024-07-12T01:57:30.914+0530] {dag.py:3954} INFO - Setting next_dagrun for example_bash_decorator to None, run_after=None
[2024-07-12T01:57:30.946+0530] {processor.py:183} INFO - Processing /home/kali/Desktop/projects/git/bank_data_processing/myenv/lib/python3.11/site-packages/airflow/example_dags/example_bash_decorator.py took 0.128 seconds
[2024-07-12T01:58:01.773+0530] {processor.py:161} INFO - Started process (PID=47051) to work on /home/kali/Desktop/projects/git/bank_data_processing/myenv/lib/python3.11/site-packages/airflow/example_dags/example_bash_decorator.py
[2024-07-12T01:58:01.774+0530] {processor.py:830} INFO - Processing file /home/kali/Desktop/projects/git/bank_data_processing/myenv/lib/python3.11/site-packages/airflow/example_dags/example_bash_decorator.py for tasks to queue
[2024-07-12T01:58:01.776+0530] {logging_mixin.py:188} INFO - [2024-07-12T01:58:01.776+0530] {dagbag.py:545} INFO - Filling up the DagBag from /home/kali/Desktop/projects/git/bank_data_processing/myenv/lib/python3.11/site-packages/airflow/example_dags/example_bash_decorator.py
[2024-07-12T01:58:01.791+0530] {processor.py:840} INFO - DAG(s) 'example_bash_decorator' retrieved from /home/kali/Desktop/projects/git/bank_data_processing/myenv/lib/python3.11/site-packages/airflow/example_dags/example_bash_decorator.py
[2024-07-12T01:58:01.813+0530] {logging_mixin.py:188} INFO - [2024-07-12T01:58:01.813+0530] {dag.py:3096} INFO - Sync 1 DAGs
[2024-07-12T01:58:01.826+0530] {logging_mixin.py:188} INFO - [2024-07-12T01:58:01.826+0530] {dag.py:3954} INFO - Setting next_dagrun for example_bash_decorator to None, run_after=None
[2024-07-12T01:58:01.852+0530] {processor.py:183} INFO - Processing /home/kali/Desktop/projects/git/bank_data_processing/myenv/lib/python3.11/site-packages/airflow/example_dags/example_bash_decorator.py took 0.089 seconds
[2024-07-12T01:58:32.680+0530] {processor.py:161} INFO - Started process (PID=47517) to work on /home/kali/Desktop/projects/git/bank_data_processing/myenv/lib/python3.11/site-packages/airflow/example_dags/example_bash_decorator.py
[2024-07-12T01:58:32.681+0530] {processor.py:830} INFO - Processing file /home/kali/Desktop/projects/git/bank_data_processing/myenv/lib/python3.11/site-packages/airflow/example_dags/example_bash_decorator.py for tasks to queue
[2024-07-12T01:58:32.684+0530] {logging_mixin.py:188} INFO - [2024-07-12T01:58:32.684+0530] {dagbag.py:545} INFO - Filling up the DagBag from /home/kali/Desktop/projects/git/bank_data_processing/myenv/lib/python3.11/site-packages/airflow/example_dags/example_bash_decorator.py
[2024-07-12T01:58:32.703+0530] {processor.py:840} INFO - DAG(s) 'example_bash_decorator' retrieved from /home/kali/Desktop/projects/git/bank_data_processing/myenv/lib/python3.11/site-packages/airflow/example_dags/example_bash_decorator.py
[2024-07-12T01:58:32.733+0530] {logging_mixin.py:188} INFO - [2024-07-12T01:58:32.733+0530] {dag.py:3096} INFO - Sync 1 DAGs
[2024-07-12T01:58:32.749+0530] {logging_mixin.py:188} INFO - [2024-07-12T01:58:32.749+0530] {dag.py:3954} INFO - Setting next_dagrun for example_bash_decorator to None, run_after=None
[2024-07-12T01:58:32.778+0530] {processor.py:183} INFO - Processing /home/kali/Desktop/projects/git/bank_data_processing/myenv/lib/python3.11/site-packages/airflow/example_dags/example_bash_decorator.py took 0.109 seconds
[2024-07-12T01:59:04.146+0530] {processor.py:161} INFO - Started process (PID=48012) to work on /home/kali/Desktop/projects/git/bank_data_processing/myenv/lib/python3.11/site-packages/airflow/example_dags/example_bash_decorator.py
[2024-07-12T01:59:04.147+0530] {processor.py:830} INFO - Processing file /home/kali/Desktop/projects/git/bank_data_processing/myenv/lib/python3.11/site-packages/airflow/example_dags/example_bash_decorator.py for tasks to queue
[2024-07-12T01:59:04.149+0530] {logging_mixin.py:188} INFO - [2024-07-12T01:59:04.149+0530] {dagbag.py:545} INFO - Filling up the DagBag from /home/kali/Desktop/projects/git/bank_data_processing/myenv/lib/python3.11/site-packages/airflow/example_dags/example_bash_decorator.py
[2024-07-12T01:59:04.164+0530] {processor.py:840} INFO - DAG(s) 'example_bash_decorator' retrieved from /home/kali/Desktop/projects/git/bank_data_processing/myenv/lib/python3.11/site-packages/airflow/example_dags/example_bash_decorator.py
[2024-07-12T01:59:04.185+0530] {logging_mixin.py:188} INFO - [2024-07-12T01:59:04.185+0530] {dag.py:3096} INFO - Sync 1 DAGs
[2024-07-12T01:59:04.199+0530] {logging_mixin.py:188} INFO - [2024-07-12T01:59:04.198+0530] {dag.py:3954} INFO - Setting next_dagrun for example_bash_decorator to None, run_after=None
[2024-07-12T01:59:04.216+0530] {processor.py:183} INFO - Processing /home/kali/Desktop/projects/git/bank_data_processing/myenv/lib/python3.11/site-packages/airflow/example_dags/example_bash_decorator.py took 0.081 seconds
[2024-07-12T01:59:35.153+0530] {processor.py:161} INFO - Started process (PID=48658) to work on /home/kali/Desktop/projects/git/bank_data_processing/myenv/lib/python3.11/site-packages/airflow/example_dags/example_bash_decorator.py
[2024-07-12T01:59:35.154+0530] {processor.py:830} INFO - Processing file /home/kali/Desktop/projects/git/bank_data_processing/myenv/lib/python3.11/site-packages/airflow/example_dags/example_bash_decorator.py for tasks to queue
[2024-07-12T01:59:35.156+0530] {logging_mixin.py:188} INFO - [2024-07-12T01:59:35.156+0530] {dagbag.py:545} INFO - Filling up the DagBag from /home/kali/Desktop/projects/git/bank_data_processing/myenv/lib/python3.11/site-packages/airflow/example_dags/example_bash_decorator.py
[2024-07-12T01:59:35.172+0530] {processor.py:840} INFO - DAG(s) 'example_bash_decorator' retrieved from /home/kali/Desktop/projects/git/bank_data_processing/myenv/lib/python3.11/site-packages/airflow/example_dags/example_bash_decorator.py
[2024-07-12T01:59:35.194+0530] {logging_mixin.py:188} INFO - [2024-07-12T01:59:35.194+0530] {dag.py:3096} INFO - Sync 1 DAGs
[2024-07-12T01:59:35.206+0530] {logging_mixin.py:188} INFO - [2024-07-12T01:59:35.206+0530] {dag.py:3954} INFO - Setting next_dagrun for example_bash_decorator to None, run_after=None
[2024-07-12T01:59:35.227+0530] {processor.py:183} INFO - Processing /home/kali/Desktop/projects/git/bank_data_processing/myenv/lib/python3.11/site-packages/airflow/example_dags/example_bash_decorator.py took 0.086 seconds
[2024-07-12T02:00:20.345+0530] {processor.py:161} INFO - Started process (PID=49776) to work on /home/kali/Desktop/projects/git/bank_data_processing/myenv/lib/python3.11/site-packages/airflow/example_dags/example_bash_decorator.py
[2024-07-12T02:00:20.347+0530] {processor.py:830} INFO - Processing file /home/kali/Desktop/projects/git/bank_data_processing/myenv/lib/python3.11/site-packages/airflow/example_dags/example_bash_decorator.py for tasks to queue
[2024-07-12T02:00:20.349+0530] {logging_mixin.py:188} INFO - [2024-07-12T02:00:20.348+0530] {dagbag.py:545} INFO - Filling up the DagBag from /home/kali/Desktop/projects/git/bank_data_processing/myenv/lib/python3.11/site-packages/airflow/example_dags/example_bash_decorator.py
[2024-07-12T02:00:20.374+0530] {processor.py:840} INFO - DAG(s) 'example_bash_decorator' retrieved from /home/kali/Desktop/projects/git/bank_data_processing/myenv/lib/python3.11/site-packages/airflow/example_dags/example_bash_decorator.py
[2024-07-12T02:00:20.523+0530] {logging_mixin.py:188} INFO - [2024-07-12T02:00:20.522+0530] {dag.py:3096} INFO - Sync 1 DAGs
[2024-07-12T02:00:20.536+0530] {logging_mixin.py:188} INFO - [2024-07-12T02:00:20.536+0530] {dag.py:3954} INFO - Setting next_dagrun for example_bash_decorator to None, run_after=None
[2024-07-12T02:00:20.568+0530] {processor.py:183} INFO - Processing /home/kali/Desktop/projects/git/bank_data_processing/myenv/lib/python3.11/site-packages/airflow/example_dags/example_bash_decorator.py took 0.233 seconds
[2024-07-12T02:00:51.310+0530] {processor.py:161} INFO - Started process (PID=50395) to work on /home/kali/Desktop/projects/git/bank_data_processing/myenv/lib/python3.11/site-packages/airflow/example_dags/example_bash_decorator.py
[2024-07-12T02:00:51.311+0530] {processor.py:830} INFO - Processing file /home/kali/Desktop/projects/git/bank_data_processing/myenv/lib/python3.11/site-packages/airflow/example_dags/example_bash_decorator.py for tasks to queue
[2024-07-12T02:00:51.313+0530] {logging_mixin.py:188} INFO - [2024-07-12T02:00:51.313+0530] {dagbag.py:545} INFO - Filling up the DagBag from /home/kali/Desktop/projects/git/bank_data_processing/myenv/lib/python3.11/site-packages/airflow/example_dags/example_bash_decorator.py
[2024-07-12T02:00:51.330+0530] {processor.py:840} INFO - DAG(s) 'example_bash_decorator' retrieved from /home/kali/Desktop/projects/git/bank_data_processing/myenv/lib/python3.11/site-packages/airflow/example_dags/example_bash_decorator.py
[2024-07-12T02:00:51.356+0530] {logging_mixin.py:188} INFO - [2024-07-12T02:00:51.356+0530] {dag.py:3096} INFO - Sync 1 DAGs
[2024-07-12T02:00:51.371+0530] {logging_mixin.py:188} INFO - [2024-07-12T02:00:51.370+0530] {dag.py:3954} INFO - Setting next_dagrun for example_bash_decorator to None, run_after=None
[2024-07-12T02:00:51.398+0530] {processor.py:183} INFO - Processing /home/kali/Desktop/projects/git/bank_data_processing/myenv/lib/python3.11/site-packages/airflow/example_dags/example_bash_decorator.py took 0.097 seconds
[2024-07-12T02:01:24.200+0530] {processor.py:161} INFO - Started process (PID=50997) to work on /home/kali/Desktop/projects/git/bank_data_processing/myenv/lib/python3.11/site-packages/airflow/example_dags/example_bash_decorator.py
[2024-07-12T02:01:24.202+0530] {processor.py:830} INFO - Processing file /home/kali/Desktop/projects/git/bank_data_processing/myenv/lib/python3.11/site-packages/airflow/example_dags/example_bash_decorator.py for tasks to queue
[2024-07-12T02:01:24.204+0530] {logging_mixin.py:188} INFO - [2024-07-12T02:01:24.203+0530] {dagbag.py:545} INFO - Filling up the DagBag from /home/kali/Desktop/projects/git/bank_data_processing/myenv/lib/python3.11/site-packages/airflow/example_dags/example_bash_decorator.py
[2024-07-12T02:01:24.232+0530] {processor.py:840} INFO - DAG(s) 'example_bash_decorator' retrieved from /home/kali/Desktop/projects/git/bank_data_processing/myenv/lib/python3.11/site-packages/airflow/example_dags/example_bash_decorator.py
[2024-07-12T02:01:24.279+0530] {logging_mixin.py:188} INFO - [2024-07-12T02:01:24.279+0530] {dag.py:3096} INFO - Sync 1 DAGs
[2024-07-12T02:01:24.515+0530] {logging_mixin.py:188} INFO - [2024-07-12T02:01:24.515+0530] {dag.py:3954} INFO - Setting next_dagrun for example_bash_decorator to None, run_after=None
[2024-07-12T02:01:24.557+0530] {processor.py:183} INFO - Processing /home/kali/Desktop/projects/git/bank_data_processing/myenv/lib/python3.11/site-packages/airflow/example_dags/example_bash_decorator.py took 0.369 seconds
[2024-07-12T02:01:55.074+0530] {processor.py:161} INFO - Started process (PID=51650) to work on /home/kali/Desktop/projects/git/bank_data_processing/myenv/lib/python3.11/site-packages/airflow/example_dags/example_bash_decorator.py
[2024-07-12T02:01:55.075+0530] {processor.py:830} INFO - Processing file /home/kali/Desktop/projects/git/bank_data_processing/myenv/lib/python3.11/site-packages/airflow/example_dags/example_bash_decorator.py for tasks to queue
[2024-07-12T02:01:55.077+0530] {logging_mixin.py:188} INFO - [2024-07-12T02:01:55.076+0530] {dagbag.py:545} INFO - Filling up the DagBag from /home/kali/Desktop/projects/git/bank_data_processing/myenv/lib/python3.11/site-packages/airflow/example_dags/example_bash_decorator.py
[2024-07-12T02:01:55.092+0530] {processor.py:840} INFO - DAG(s) 'example_bash_decorator' retrieved from /home/kali/Desktop/projects/git/bank_data_processing/myenv/lib/python3.11/site-packages/airflow/example_dags/example_bash_decorator.py
[2024-07-12T02:01:55.113+0530] {logging_mixin.py:188} INFO - [2024-07-12T02:01:55.113+0530] {dag.py:3096} INFO - Sync 1 DAGs
[2024-07-12T02:01:55.125+0530] {logging_mixin.py:188} INFO - [2024-07-12T02:01:55.125+0530] {dag.py:3954} INFO - Setting next_dagrun for example_bash_decorator to None, run_after=None
[2024-07-12T02:01:55.146+0530] {processor.py:183} INFO - Processing /home/kali/Desktop/projects/git/bank_data_processing/myenv/lib/python3.11/site-packages/airflow/example_dags/example_bash_decorator.py took 0.079 seconds
[2024-07-12T02:02:25.807+0530] {processor.py:161} INFO - Started process (PID=52218) to work on /home/kali/Desktop/projects/git/bank_data_processing/myenv/lib/python3.11/site-packages/airflow/example_dags/example_bash_decorator.py
[2024-07-12T02:02:25.808+0530] {processor.py:830} INFO - Processing file /home/kali/Desktop/projects/git/bank_data_processing/myenv/lib/python3.11/site-packages/airflow/example_dags/example_bash_decorator.py for tasks to queue
[2024-07-12T02:02:25.809+0530] {logging_mixin.py:188} INFO - [2024-07-12T02:02:25.809+0530] {dagbag.py:545} INFO - Filling up the DagBag from /home/kali/Desktop/projects/git/bank_data_processing/myenv/lib/python3.11/site-packages/airflow/example_dags/example_bash_decorator.py
[2024-07-12T02:02:25.824+0530] {processor.py:840} INFO - DAG(s) 'example_bash_decorator' retrieved from /home/kali/Desktop/projects/git/bank_data_processing/myenv/lib/python3.11/site-packages/airflow/example_dags/example_bash_decorator.py
[2024-07-12T02:02:25.844+0530] {logging_mixin.py:188} INFO - [2024-07-12T02:02:25.844+0530] {dag.py:3096} INFO - Sync 1 DAGs
[2024-07-12T02:02:25.856+0530] {logging_mixin.py:188} INFO - [2024-07-12T02:02:25.856+0530] {dag.py:3954} INFO - Setting next_dagrun for example_bash_decorator to None, run_after=None
[2024-07-12T02:02:25.877+0530] {processor.py:183} INFO - Processing /home/kali/Desktop/projects/git/bank_data_processing/myenv/lib/python3.11/site-packages/airflow/example_dags/example_bash_decorator.py took 0.079 seconds
[2024-07-12T02:02:56.569+0530] {processor.py:161} INFO - Started process (PID=52720) to work on /home/kali/Desktop/projects/git/bank_data_processing/myenv/lib/python3.11/site-packages/airflow/example_dags/example_bash_decorator.py
[2024-07-12T02:02:56.571+0530] {processor.py:830} INFO - Processing file /home/kali/Desktop/projects/git/bank_data_processing/myenv/lib/python3.11/site-packages/airflow/example_dags/example_bash_decorator.py for tasks to queue
[2024-07-12T02:02:56.574+0530] {logging_mixin.py:188} INFO - [2024-07-12T02:02:56.573+0530] {dagbag.py:545} INFO - Filling up the DagBag from /home/kali/Desktop/projects/git/bank_data_processing/myenv/lib/python3.11/site-packages/airflow/example_dags/example_bash_decorator.py
[2024-07-12T02:02:56.604+0530] {processor.py:840} INFO - DAG(s) 'example_bash_decorator' retrieved from /home/kali/Desktop/projects/git/bank_data_processing/myenv/lib/python3.11/site-packages/airflow/example_dags/example_bash_decorator.py
[2024-07-12T02:02:56.636+0530] {logging_mixin.py:188} INFO - [2024-07-12T02:02:56.636+0530] {dag.py:3096} INFO - Sync 1 DAGs
[2024-07-12T02:02:56.654+0530] {logging_mixin.py:188} INFO - [2024-07-12T02:02:56.654+0530] {dag.py:3954} INFO - Setting next_dagrun for example_bash_decorator to None, run_after=None
[2024-07-12T02:02:56.697+0530] {processor.py:183} INFO - Processing /home/kali/Desktop/projects/git/bank_data_processing/myenv/lib/python3.11/site-packages/airflow/example_dags/example_bash_decorator.py took 0.145 seconds
[2024-07-12T02:03:27.542+0530] {processor.py:161} INFO - Started process (PID=53284) to work on /home/kali/Desktop/projects/git/bank_data_processing/myenv/lib/python3.11/site-packages/airflow/example_dags/example_bash_decorator.py
[2024-07-12T02:03:27.543+0530] {processor.py:830} INFO - Processing file /home/kali/Desktop/projects/git/bank_data_processing/myenv/lib/python3.11/site-packages/airflow/example_dags/example_bash_decorator.py for tasks to queue
[2024-07-12T02:03:27.544+0530] {logging_mixin.py:188} INFO - [2024-07-12T02:03:27.544+0530] {dagbag.py:545} INFO - Filling up the DagBag from /home/kali/Desktop/projects/git/bank_data_processing/myenv/lib/python3.11/site-packages/airflow/example_dags/example_bash_decorator.py
[2024-07-12T02:03:27.559+0530] {processor.py:840} INFO - DAG(s) 'example_bash_decorator' retrieved from /home/kali/Desktop/projects/git/bank_data_processing/myenv/lib/python3.11/site-packages/airflow/example_dags/example_bash_decorator.py
[2024-07-12T02:03:27.580+0530] {logging_mixin.py:188} INFO - [2024-07-12T02:03:27.580+0530] {dag.py:3096} INFO - Sync 1 DAGs
[2024-07-12T02:03:27.592+0530] {logging_mixin.py:188} INFO - [2024-07-12T02:03:27.591+0530] {dag.py:3954} INFO - Setting next_dagrun for example_bash_decorator to None, run_after=None
[2024-07-12T02:03:27.612+0530] {processor.py:183} INFO - Processing /home/kali/Desktop/projects/git/bank_data_processing/myenv/lib/python3.11/site-packages/airflow/example_dags/example_bash_decorator.py took 0.077 seconds
[2024-07-12T02:03:57.913+0530] {processor.py:161} INFO - Started process (PID=53775) to work on /home/kali/Desktop/projects/git/bank_data_processing/myenv/lib/python3.11/site-packages/airflow/example_dags/example_bash_decorator.py
[2024-07-12T02:03:57.914+0530] {processor.py:830} INFO - Processing file /home/kali/Desktop/projects/git/bank_data_processing/myenv/lib/python3.11/site-packages/airflow/example_dags/example_bash_decorator.py for tasks to queue
[2024-07-12T02:03:57.916+0530] {logging_mixin.py:188} INFO - [2024-07-12T02:03:57.916+0530] {dagbag.py:545} INFO - Filling up the DagBag from /home/kali/Desktop/projects/git/bank_data_processing/myenv/lib/python3.11/site-packages/airflow/example_dags/example_bash_decorator.py
[2024-07-12T02:03:57.931+0530] {processor.py:840} INFO - DAG(s) 'example_bash_decorator' retrieved from /home/kali/Desktop/projects/git/bank_data_processing/myenv/lib/python3.11/site-packages/airflow/example_dags/example_bash_decorator.py
[2024-07-12T02:03:57.952+0530] {logging_mixin.py:188} INFO - [2024-07-12T02:03:57.952+0530] {dag.py:3096} INFO - Sync 1 DAGs
[2024-07-12T02:03:57.964+0530] {logging_mixin.py:188} INFO - [2024-07-12T02:03:57.964+0530] {dag.py:3954} INFO - Setting next_dagrun for example_bash_decorator to None, run_after=None
[2024-07-12T02:03:57.983+0530] {processor.py:183} INFO - Processing /home/kali/Desktop/projects/git/bank_data_processing/myenv/lib/python3.11/site-packages/airflow/example_dags/example_bash_decorator.py took 0.078 seconds
[2024-07-12T02:04:28.579+0530] {processor.py:161} INFO - Started process (PID=54237) to work on /home/kali/Desktop/projects/git/bank_data_processing/myenv/lib/python3.11/site-packages/airflow/example_dags/example_bash_decorator.py
[2024-07-12T02:04:28.580+0530] {processor.py:830} INFO - Processing file /home/kali/Desktop/projects/git/bank_data_processing/myenv/lib/python3.11/site-packages/airflow/example_dags/example_bash_decorator.py for tasks to queue
[2024-07-12T02:04:28.582+0530] {logging_mixin.py:188} INFO - [2024-07-12T02:04:28.582+0530] {dagbag.py:545} INFO - Filling up the DagBag from /home/kali/Desktop/projects/git/bank_data_processing/myenv/lib/python3.11/site-packages/airflow/example_dags/example_bash_decorator.py
[2024-07-12T02:04:28.596+0530] {processor.py:840} INFO - DAG(s) 'example_bash_decorator' retrieved from /home/kali/Desktop/projects/git/bank_data_processing/myenv/lib/python3.11/site-packages/airflow/example_dags/example_bash_decorator.py
[2024-07-12T02:04:28.617+0530] {logging_mixin.py:188} INFO - [2024-07-12T02:04:28.616+0530] {dag.py:3096} INFO - Sync 1 DAGs
[2024-07-12T02:04:28.630+0530] {logging_mixin.py:188} INFO - [2024-07-12T02:04:28.630+0530] {dag.py:3954} INFO - Setting next_dagrun for example_bash_decorator to None, run_after=None
[2024-07-12T02:04:28.655+0530] {processor.py:183} INFO - Processing /home/kali/Desktop/projects/git/bank_data_processing/myenv/lib/python3.11/site-packages/airflow/example_dags/example_bash_decorator.py took 0.082 seconds
[2024-07-12T02:05:00.503+0530] {processor.py:161} INFO - Started process (PID=54827) to work on /home/kali/Desktop/projects/git/bank_data_processing/myenv/lib/python3.11/site-packages/airflow/example_dags/example_bash_decorator.py
[2024-07-12T02:05:00.504+0530] {processor.py:830} INFO - Processing file /home/kali/Desktop/projects/git/bank_data_processing/myenv/lib/python3.11/site-packages/airflow/example_dags/example_bash_decorator.py for tasks to queue
[2024-07-12T02:05:00.506+0530] {logging_mixin.py:188} INFO - [2024-07-12T02:05:00.505+0530] {dagbag.py:545} INFO - Filling up the DagBag from /home/kali/Desktop/projects/git/bank_data_processing/myenv/lib/python3.11/site-packages/airflow/example_dags/example_bash_decorator.py
[2024-07-12T02:05:00.522+0530] {processor.py:840} INFO - DAG(s) 'example_bash_decorator' retrieved from /home/kali/Desktop/projects/git/bank_data_processing/myenv/lib/python3.11/site-packages/airflow/example_dags/example_bash_decorator.py
[2024-07-12T02:05:00.546+0530] {logging_mixin.py:188} INFO - [2024-07-12T02:05:00.546+0530] {dag.py:3096} INFO - Sync 1 DAGs
[2024-07-12T02:05:00.560+0530] {logging_mixin.py:188} INFO - [2024-07-12T02:05:00.559+0530] {dag.py:3954} INFO - Setting next_dagrun for example_bash_decorator to None, run_after=None
[2024-07-12T02:05:00.582+0530] {processor.py:183} INFO - Processing /home/kali/Desktop/projects/git/bank_data_processing/myenv/lib/python3.11/site-packages/airflow/example_dags/example_bash_decorator.py took 0.087 seconds
[2024-07-12T02:05:31.040+0530] {processor.py:161} INFO - Started process (PID=55338) to work on /home/kali/Desktop/projects/git/bank_data_processing/myenv/lib/python3.11/site-packages/airflow/example_dags/example_bash_decorator.py
[2024-07-12T02:05:31.041+0530] {processor.py:830} INFO - Processing file /home/kali/Desktop/projects/git/bank_data_processing/myenv/lib/python3.11/site-packages/airflow/example_dags/example_bash_decorator.py for tasks to queue
[2024-07-12T02:05:31.042+0530] {logging_mixin.py:188} INFO - [2024-07-12T02:05:31.042+0530] {dagbag.py:545} INFO - Filling up the DagBag from /home/kali/Desktop/projects/git/bank_data_processing/myenv/lib/python3.11/site-packages/airflow/example_dags/example_bash_decorator.py
[2024-07-12T02:05:31.058+0530] {processor.py:840} INFO - DAG(s) 'example_bash_decorator' retrieved from /home/kali/Desktop/projects/git/bank_data_processing/myenv/lib/python3.11/site-packages/airflow/example_dags/example_bash_decorator.py
[2024-07-12T02:05:31.079+0530] {logging_mixin.py:188} INFO - [2024-07-12T02:05:31.079+0530] {dag.py:3096} INFO - Sync 1 DAGs
[2024-07-12T02:05:31.091+0530] {logging_mixin.py:188} INFO - [2024-07-12T02:05:31.091+0530] {dag.py:3954} INFO - Setting next_dagrun for example_bash_decorator to None, run_after=None
[2024-07-12T02:05:31.114+0530] {processor.py:183} INFO - Processing /home/kali/Desktop/projects/git/bank_data_processing/myenv/lib/python3.11/site-packages/airflow/example_dags/example_bash_decorator.py took 0.081 seconds
[2024-07-12T02:06:04.667+0530] {processor.py:161} INFO - Started process (PID=55915) to work on /home/kali/Desktop/projects/git/bank_data_processing/myenv/lib/python3.11/site-packages/airflow/example_dags/example_bash_decorator.py
[2024-07-12T02:06:04.668+0530] {processor.py:830} INFO - Processing file /home/kali/Desktop/projects/git/bank_data_processing/myenv/lib/python3.11/site-packages/airflow/example_dags/example_bash_decorator.py for tasks to queue
[2024-07-12T02:06:04.670+0530] {logging_mixin.py:188} INFO - [2024-07-12T02:06:04.669+0530] {dagbag.py:545} INFO - Filling up the DagBag from /home/kali/Desktop/projects/git/bank_data_processing/myenv/lib/python3.11/site-packages/airflow/example_dags/example_bash_decorator.py
[2024-07-12T02:06:04.700+0530] {processor.py:840} INFO - DAG(s) 'example_bash_decorator' retrieved from /home/kali/Desktop/projects/git/bank_data_processing/myenv/lib/python3.11/site-packages/airflow/example_dags/example_bash_decorator.py
[2024-07-12T02:06:04.733+0530] {logging_mixin.py:188} INFO - [2024-07-12T02:06:04.732+0530] {dag.py:3096} INFO - Sync 1 DAGs
[2024-07-12T02:06:04.746+0530] {logging_mixin.py:188} INFO - [2024-07-12T02:06:04.746+0530] {dag.py:3954} INFO - Setting next_dagrun for example_bash_decorator to None, run_after=None
[2024-07-12T02:06:04.768+0530] {processor.py:183} INFO - Processing /home/kali/Desktop/projects/git/bank_data_processing/myenv/lib/python3.11/site-packages/airflow/example_dags/example_bash_decorator.py took 0.109 seconds
[2024-07-12T02:06:37.235+0530] {processor.py:161} INFO - Started process (PID=56592) to work on /home/kali/Desktop/projects/git/bank_data_processing/myenv/lib/python3.11/site-packages/airflow/example_dags/example_bash_decorator.py
[2024-07-12T02:06:37.236+0530] {processor.py:830} INFO - Processing file /home/kali/Desktop/projects/git/bank_data_processing/myenv/lib/python3.11/site-packages/airflow/example_dags/example_bash_decorator.py for tasks to queue
[2024-07-12T02:06:37.238+0530] {logging_mixin.py:188} INFO - [2024-07-12T02:06:37.238+0530] {dagbag.py:545} INFO - Filling up the DagBag from /home/kali/Desktop/projects/git/bank_data_processing/myenv/lib/python3.11/site-packages/airflow/example_dags/example_bash_decorator.py
[2024-07-12T02:06:37.253+0530] {processor.py:840} INFO - DAG(s) 'example_bash_decorator' retrieved from /home/kali/Desktop/projects/git/bank_data_processing/myenv/lib/python3.11/site-packages/airflow/example_dags/example_bash_decorator.py
[2024-07-12T02:06:37.278+0530] {logging_mixin.py:188} INFO - [2024-07-12T02:06:37.278+0530] {dag.py:3096} INFO - Sync 1 DAGs
[2024-07-12T02:06:37.291+0530] {logging_mixin.py:188} INFO - [2024-07-12T02:06:37.291+0530] {dag.py:3954} INFO - Setting next_dagrun for example_bash_decorator to None, run_after=None
[2024-07-12T02:06:37.318+0530] {processor.py:183} INFO - Processing /home/kali/Desktop/projects/git/bank_data_processing/myenv/lib/python3.11/site-packages/airflow/example_dags/example_bash_decorator.py took 0.089 seconds
[2024-07-12T02:07:08.066+0530] {processor.py:161} INFO - Started process (PID=57304) to work on /home/kali/Desktop/projects/git/bank_data_processing/myenv/lib/python3.11/site-packages/airflow/example_dags/example_bash_decorator.py
[2024-07-12T02:07:08.067+0530] {processor.py:830} INFO - Processing file /home/kali/Desktop/projects/git/bank_data_processing/myenv/lib/python3.11/site-packages/airflow/example_dags/example_bash_decorator.py for tasks to queue
[2024-07-12T02:07:08.069+0530] {logging_mixin.py:188} INFO - [2024-07-12T02:07:08.069+0530] {dagbag.py:545} INFO - Filling up the DagBag from /home/kali/Desktop/projects/git/bank_data_processing/myenv/lib/python3.11/site-packages/airflow/example_dags/example_bash_decorator.py
[2024-07-12T02:07:08.090+0530] {processor.py:840} INFO - DAG(s) 'example_bash_decorator' retrieved from /home/kali/Desktop/projects/git/bank_data_processing/myenv/lib/python3.11/site-packages/airflow/example_dags/example_bash_decorator.py
[2024-07-12T02:07:08.122+0530] {logging_mixin.py:188} INFO - [2024-07-12T02:07:08.122+0530] {dag.py:3096} INFO - Sync 1 DAGs
[2024-07-12T02:07:08.140+0530] {logging_mixin.py:188} INFO - [2024-07-12T02:07:08.139+0530] {dag.py:3954} INFO - Setting next_dagrun for example_bash_decorator to None, run_after=None
[2024-07-12T02:07:08.167+0530] {processor.py:183} INFO - Processing /home/kali/Desktop/projects/git/bank_data_processing/myenv/lib/python3.11/site-packages/airflow/example_dags/example_bash_decorator.py took 0.112 seconds
[2024-07-12T02:07:39.525+0530] {processor.py:161} INFO - Started process (PID=57975) to work on /home/kali/Desktop/projects/git/bank_data_processing/myenv/lib/python3.11/site-packages/airflow/example_dags/example_bash_decorator.py
[2024-07-12T02:07:39.526+0530] {processor.py:830} INFO - Processing file /home/kali/Desktop/projects/git/bank_data_processing/myenv/lib/python3.11/site-packages/airflow/example_dags/example_bash_decorator.py for tasks to queue
[2024-07-12T02:07:39.528+0530] {logging_mixin.py:188} INFO - [2024-07-12T02:07:39.527+0530] {dagbag.py:545} INFO - Filling up the DagBag from /home/kali/Desktop/projects/git/bank_data_processing/myenv/lib/python3.11/site-packages/airflow/example_dags/example_bash_decorator.py
[2024-07-12T02:07:39.549+0530] {processor.py:840} INFO - DAG(s) 'example_bash_decorator' retrieved from /home/kali/Desktop/projects/git/bank_data_processing/myenv/lib/python3.11/site-packages/airflow/example_dags/example_bash_decorator.py
[2024-07-12T02:07:39.593+0530] {logging_mixin.py:188} INFO - [2024-07-12T02:07:39.592+0530] {dag.py:3096} INFO - Sync 1 DAGs
[2024-07-12T02:07:39.617+0530] {logging_mixin.py:188} INFO - [2024-07-12T02:07:39.617+0530] {dag.py:3954} INFO - Setting next_dagrun for example_bash_decorator to None, run_after=None
[2024-07-12T02:07:39.654+0530] {processor.py:183} INFO - Processing /home/kali/Desktop/projects/git/bank_data_processing/myenv/lib/python3.11/site-packages/airflow/example_dags/example_bash_decorator.py took 0.140 seconds
[2024-07-12T02:08:10.818+0530] {processor.py:161} INFO - Started process (PID=58474) to work on /home/kali/Desktop/projects/git/bank_data_processing/myenv/lib/python3.11/site-packages/airflow/example_dags/example_bash_decorator.py
[2024-07-12T02:08:10.819+0530] {processor.py:830} INFO - Processing file /home/kali/Desktop/projects/git/bank_data_processing/myenv/lib/python3.11/site-packages/airflow/example_dags/example_bash_decorator.py for tasks to queue
[2024-07-12T02:08:10.821+0530] {logging_mixin.py:188} INFO - [2024-07-12T02:08:10.820+0530] {dagbag.py:545} INFO - Filling up the DagBag from /home/kali/Desktop/projects/git/bank_data_processing/myenv/lib/python3.11/site-packages/airflow/example_dags/example_bash_decorator.py
[2024-07-12T02:08:10.835+0530] {processor.py:840} INFO - DAG(s) 'example_bash_decorator' retrieved from /home/kali/Desktop/projects/git/bank_data_processing/myenv/lib/python3.11/site-packages/airflow/example_dags/example_bash_decorator.py
[2024-07-12T02:08:10.858+0530] {logging_mixin.py:188} INFO - [2024-07-12T02:08:10.857+0530] {dag.py:3096} INFO - Sync 1 DAGs
[2024-07-12T02:08:10.870+0530] {logging_mixin.py:188} INFO - [2024-07-12T02:08:10.870+0530] {dag.py:3954} INFO - Setting next_dagrun for example_bash_decorator to None, run_after=None
[2024-07-12T02:08:10.890+0530] {processor.py:183} INFO - Processing /home/kali/Desktop/projects/git/bank_data_processing/myenv/lib/python3.11/site-packages/airflow/example_dags/example_bash_decorator.py took 0.079 seconds
[2024-07-12T02:08:41.929+0530] {processor.py:161} INFO - Started process (PID=59050) to work on /home/kali/Desktop/projects/git/bank_data_processing/myenv/lib/python3.11/site-packages/airflow/example_dags/example_bash_decorator.py
[2024-07-12T02:08:41.930+0530] {processor.py:830} INFO - Processing file /home/kali/Desktop/projects/git/bank_data_processing/myenv/lib/python3.11/site-packages/airflow/example_dags/example_bash_decorator.py for tasks to queue
[2024-07-12T02:08:41.932+0530] {logging_mixin.py:188} INFO - [2024-07-12T02:08:41.932+0530] {dagbag.py:545} INFO - Filling up the DagBag from /home/kali/Desktop/projects/git/bank_data_processing/myenv/lib/python3.11/site-packages/airflow/example_dags/example_bash_decorator.py
[2024-07-12T02:08:41.956+0530] {processor.py:840} INFO - DAG(s) 'example_bash_decorator' retrieved from /home/kali/Desktop/projects/git/bank_data_processing/myenv/lib/python3.11/site-packages/airflow/example_dags/example_bash_decorator.py
[2024-07-12T02:08:41.990+0530] {logging_mixin.py:188} INFO - [2024-07-12T02:08:41.989+0530] {dag.py:3096} INFO - Sync 1 DAGs
[2024-07-12T02:08:42.013+0530] {logging_mixin.py:188} INFO - [2024-07-12T02:08:42.012+0530] {dag.py:3954} INFO - Setting next_dagrun for example_bash_decorator to None, run_after=None
[2024-07-12T02:08:42.045+0530] {processor.py:183} INFO - Processing /home/kali/Desktop/projects/git/bank_data_processing/myenv/lib/python3.11/site-packages/airflow/example_dags/example_bash_decorator.py took 0.127 seconds
[2024-07-12T02:09:12.482+0530] {processor.py:161} INFO - Started process (PID=59674) to work on /home/kali/Desktop/projects/git/bank_data_processing/myenv/lib/python3.11/site-packages/airflow/example_dags/example_bash_decorator.py
[2024-07-12T02:09:12.484+0530] {processor.py:830} INFO - Processing file /home/kali/Desktop/projects/git/bank_data_processing/myenv/lib/python3.11/site-packages/airflow/example_dags/example_bash_decorator.py for tasks to queue
[2024-07-12T02:09:12.486+0530] {logging_mixin.py:188} INFO - [2024-07-12T02:09:12.485+0530] {dagbag.py:545} INFO - Filling up the DagBag from /home/kali/Desktop/projects/git/bank_data_processing/myenv/lib/python3.11/site-packages/airflow/example_dags/example_bash_decorator.py
[2024-07-12T02:09:12.508+0530] {processor.py:840} INFO - DAG(s) 'example_bash_decorator' retrieved from /home/kali/Desktop/projects/git/bank_data_processing/myenv/lib/python3.11/site-packages/airflow/example_dags/example_bash_decorator.py
[2024-07-12T02:09:12.541+0530] {logging_mixin.py:188} INFO - [2024-07-12T02:09:12.541+0530] {dag.py:3096} INFO - Sync 1 DAGs
[2024-07-12T02:09:12.557+0530] {logging_mixin.py:188} INFO - [2024-07-12T02:09:12.557+0530] {dag.py:3954} INFO - Setting next_dagrun for example_bash_decorator to None, run_after=None
[2024-07-12T02:09:12.581+0530] {processor.py:183} INFO - Processing /home/kali/Desktop/projects/git/bank_data_processing/myenv/lib/python3.11/site-packages/airflow/example_dags/example_bash_decorator.py took 0.109 seconds
[2024-07-12T02:09:44.647+0530] {processor.py:161} INFO - Started process (PID=60430) to work on /home/kali/Desktop/projects/git/bank_data_processing/myenv/lib/python3.11/site-packages/airflow/example_dags/example_bash_decorator.py
[2024-07-12T02:09:44.648+0530] {processor.py:830} INFO - Processing file /home/kali/Desktop/projects/git/bank_data_processing/myenv/lib/python3.11/site-packages/airflow/example_dags/example_bash_decorator.py for tasks to queue
[2024-07-12T02:09:44.649+0530] {logging_mixin.py:188} INFO - [2024-07-12T02:09:44.648+0530] {dagbag.py:545} INFO - Filling up the DagBag from /home/kali/Desktop/projects/git/bank_data_processing/myenv/lib/python3.11/site-packages/airflow/example_dags/example_bash_decorator.py
[2024-07-12T02:09:44.667+0530] {processor.py:840} INFO - DAG(s) 'example_bash_decorator' retrieved from /home/kali/Desktop/projects/git/bank_data_processing/myenv/lib/python3.11/site-packages/airflow/example_dags/example_bash_decorator.py
[2024-07-12T02:09:44.692+0530] {logging_mixin.py:188} INFO - [2024-07-12T02:09:44.692+0530] {dag.py:3096} INFO - Sync 1 DAGs
[2024-07-12T02:09:44.705+0530] {logging_mixin.py:188} INFO - [2024-07-12T02:09:44.705+0530] {dag.py:3954} INFO - Setting next_dagrun for example_bash_decorator to None, run_after=None
[2024-07-12T02:09:44.731+0530] {processor.py:183} INFO - Processing /home/kali/Desktop/projects/git/bank_data_processing/myenv/lib/python3.11/site-packages/airflow/example_dags/example_bash_decorator.py took 0.091 seconds
