[2024-07-12T01:47:44.414+0530] {processor.py:161} INFO - Started process (PID=36509) to work on /home/kali/Desktop/projects/git/bank_data_processing/myenv/lib/python3.11/site-packages/airflow/example_dags/example_time_delta_sensor_async.py
[2024-07-12T01:47:44.415+0530] {processor.py:830} INFO - Processing file /home/kali/Desktop/projects/git/bank_data_processing/myenv/lib/python3.11/site-packages/airflow/example_dags/example_time_delta_sensor_async.py for tasks to queue
[2024-07-12T01:47:44.417+0530] {logging_mixin.py:188} INFO - [2024-07-12T01:47:44.417+0530] {dagbag.py:545} INFO - Filling up the DagBag from /home/kali/Desktop/projects/git/bank_data_processing/myenv/lib/python3.11/site-packages/airflow/example_dags/example_time_delta_sensor_async.py
[2024-07-12T01:47:44.424+0530] {processor.py:840} INFO - DAG(s) 'example_time_delta_sensor_async' retrieved from /home/kali/Desktop/projects/git/bank_data_processing/myenv/lib/python3.11/site-packages/airflow/example_dags/example_time_delta_sensor_async.py
[2024-07-12T01:47:44.556+0530] {logging_mixin.py:188} INFO - [2024-07-12T01:47:44.556+0530] {dag.py:3096} INFO - Sync 1 DAGs
[2024-07-12T01:47:44.565+0530] {logging_mixin.py:188} INFO - [2024-07-12T01:47:44.565+0530] {dag.py:3954} INFO - Setting next_dagrun for example_time_delta_sensor_async to None, run_after=None
[2024-07-12T01:47:44.591+0530] {processor.py:183} INFO - Processing /home/kali/Desktop/projects/git/bank_data_processing/myenv/lib/python3.11/site-packages/airflow/example_dags/example_time_delta_sensor_async.py took 0.183 seconds
[2024-07-12T01:48:14.976+0530] {processor.py:161} INFO - Started process (PID=37020) to work on /home/kali/Desktop/projects/git/bank_data_processing/myenv/lib/python3.11/site-packages/airflow/example_dags/example_time_delta_sensor_async.py
[2024-07-12T01:48:14.977+0530] {processor.py:830} INFO - Processing file /home/kali/Desktop/projects/git/bank_data_processing/myenv/lib/python3.11/site-packages/airflow/example_dags/example_time_delta_sensor_async.py for tasks to queue
[2024-07-12T01:48:14.980+0530] {logging_mixin.py:188} INFO - [2024-07-12T01:48:14.979+0530] {dagbag.py:545} INFO - Filling up the DagBag from /home/kali/Desktop/projects/git/bank_data_processing/myenv/lib/python3.11/site-packages/airflow/example_dags/example_time_delta_sensor_async.py
[2024-07-12T01:48:14.987+0530] {processor.py:840} INFO - DAG(s) 'example_time_delta_sensor_async' retrieved from /home/kali/Desktop/projects/git/bank_data_processing/myenv/lib/python3.11/site-packages/airflow/example_dags/example_time_delta_sensor_async.py
[2024-07-12T01:48:15.010+0530] {logging_mixin.py:188} INFO - [2024-07-12T01:48:15.010+0530] {dag.py:3096} INFO - Sync 1 DAGs
[2024-07-12T01:48:15.027+0530] {logging_mixin.py:188} INFO - [2024-07-12T01:48:15.027+0530] {dag.py:3954} INFO - Setting next_dagrun for example_time_delta_sensor_async to None, run_after=None
[2024-07-12T01:48:15.061+0530] {processor.py:183} INFO - Processing /home/kali/Desktop/projects/git/bank_data_processing/myenv/lib/python3.11/site-packages/airflow/example_dags/example_time_delta_sensor_async.py took 0.092 seconds
[2024-07-12T01:48:45.210+0530] {processor.py:161} INFO - Started process (PID=37395) to work on /home/kali/Desktop/projects/git/bank_data_processing/myenv/lib/python3.11/site-packages/airflow/example_dags/example_time_delta_sensor_async.py
[2024-07-12T01:48:45.211+0530] {processor.py:830} INFO - Processing file /home/kali/Desktop/projects/git/bank_data_processing/myenv/lib/python3.11/site-packages/airflow/example_dags/example_time_delta_sensor_async.py for tasks to queue
[2024-07-12T01:48:45.213+0530] {logging_mixin.py:188} INFO - [2024-07-12T01:48:45.213+0530] {dagbag.py:545} INFO - Filling up the DagBag from /home/kali/Desktop/projects/git/bank_data_processing/myenv/lib/python3.11/site-packages/airflow/example_dags/example_time_delta_sensor_async.py
[2024-07-12T01:48:45.219+0530] {processor.py:840} INFO - DAG(s) 'example_time_delta_sensor_async' retrieved from /home/kali/Desktop/projects/git/bank_data_processing/myenv/lib/python3.11/site-packages/airflow/example_dags/example_time_delta_sensor_async.py
[2024-07-12T01:48:45.241+0530] {logging_mixin.py:188} INFO - [2024-07-12T01:48:45.241+0530] {dag.py:3096} INFO - Sync 1 DAGs
[2024-07-12T01:48:45.255+0530] {logging_mixin.py:188} INFO - [2024-07-12T01:48:45.254+0530] {dag.py:3954} INFO - Setting next_dagrun for example_time_delta_sensor_async to None, run_after=None
[2024-07-12T01:48:45.279+0530] {processor.py:183} INFO - Processing /home/kali/Desktop/projects/git/bank_data_processing/myenv/lib/python3.11/site-packages/airflow/example_dags/example_time_delta_sensor_async.py took 0.076 seconds
[2024-07-12T01:49:15.798+0530] {processor.py:161} INFO - Started process (PID=37869) to work on /home/kali/Desktop/projects/git/bank_data_processing/myenv/lib/python3.11/site-packages/airflow/example_dags/example_time_delta_sensor_async.py
[2024-07-12T01:49:15.799+0530] {processor.py:830} INFO - Processing file /home/kali/Desktop/projects/git/bank_data_processing/myenv/lib/python3.11/site-packages/airflow/example_dags/example_time_delta_sensor_async.py for tasks to queue
[2024-07-12T01:49:15.801+0530] {logging_mixin.py:188} INFO - [2024-07-12T01:49:15.801+0530] {dagbag.py:545} INFO - Filling up the DagBag from /home/kali/Desktop/projects/git/bank_data_processing/myenv/lib/python3.11/site-packages/airflow/example_dags/example_time_delta_sensor_async.py
[2024-07-12T01:49:15.806+0530] {processor.py:840} INFO - DAG(s) 'example_time_delta_sensor_async' retrieved from /home/kali/Desktop/projects/git/bank_data_processing/myenv/lib/python3.11/site-packages/airflow/example_dags/example_time_delta_sensor_async.py
[2024-07-12T01:49:15.825+0530] {logging_mixin.py:188} INFO - [2024-07-12T01:49:15.825+0530] {dag.py:3096} INFO - Sync 1 DAGs
[2024-07-12T01:49:15.944+0530] {logging_mixin.py:188} INFO - [2024-07-12T01:49:15.943+0530] {dag.py:3954} INFO - Setting next_dagrun for example_time_delta_sensor_async to None, run_after=None
[2024-07-12T01:49:15.967+0530] {processor.py:183} INFO - Processing /home/kali/Desktop/projects/git/bank_data_processing/myenv/lib/python3.11/site-packages/airflow/example_dags/example_time_delta_sensor_async.py took 0.176 seconds
[2024-07-12T01:49:46.034+0530] {processor.py:161} INFO - Started process (PID=38189) to work on /home/kali/Desktop/projects/git/bank_data_processing/myenv/lib/python3.11/site-packages/airflow/example_dags/example_time_delta_sensor_async.py
[2024-07-12T01:49:46.035+0530] {processor.py:830} INFO - Processing file /home/kali/Desktop/projects/git/bank_data_processing/myenv/lib/python3.11/site-packages/airflow/example_dags/example_time_delta_sensor_async.py for tasks to queue
[2024-07-12T01:49:46.037+0530] {logging_mixin.py:188} INFO - [2024-07-12T01:49:46.036+0530] {dagbag.py:545} INFO - Filling up the DagBag from /home/kali/Desktop/projects/git/bank_data_processing/myenv/lib/python3.11/site-packages/airflow/example_dags/example_time_delta_sensor_async.py
[2024-07-12T01:49:46.041+0530] {processor.py:840} INFO - DAG(s) 'example_time_delta_sensor_async' retrieved from /home/kali/Desktop/projects/git/bank_data_processing/myenv/lib/python3.11/site-packages/airflow/example_dags/example_time_delta_sensor_async.py
[2024-07-12T01:49:46.057+0530] {logging_mixin.py:188} INFO - [2024-07-12T01:49:46.057+0530] {dag.py:3096} INFO - Sync 1 DAGs
[2024-07-12T01:49:46.068+0530] {logging_mixin.py:188} INFO - [2024-07-12T01:49:46.068+0530] {dag.py:3954} INFO - Setting next_dagrun for example_time_delta_sensor_async to None, run_after=None
[2024-07-12T01:49:46.087+0530] {processor.py:183} INFO - Processing /home/kali/Desktop/projects/git/bank_data_processing/myenv/lib/python3.11/site-packages/airflow/example_dags/example_time_delta_sensor_async.py took 0.059 seconds
[2024-07-12T01:50:17.042+0530] {processor.py:161} INFO - Started process (PID=38525) to work on /home/kali/Desktop/projects/git/bank_data_processing/myenv/lib/python3.11/site-packages/airflow/example_dags/example_time_delta_sensor_async.py
[2024-07-12T01:50:17.045+0530] {processor.py:830} INFO - Processing file /home/kali/Desktop/projects/git/bank_data_processing/myenv/lib/python3.11/site-packages/airflow/example_dags/example_time_delta_sensor_async.py for tasks to queue
[2024-07-12T01:50:17.050+0530] {logging_mixin.py:188} INFO - [2024-07-12T01:50:17.050+0530] {dagbag.py:545} INFO - Filling up the DagBag from /home/kali/Desktop/projects/git/bank_data_processing/myenv/lib/python3.11/site-packages/airflow/example_dags/example_time_delta_sensor_async.py
[2024-07-12T01:50:17.056+0530] {processor.py:840} INFO - DAG(s) 'example_time_delta_sensor_async' retrieved from /home/kali/Desktop/projects/git/bank_data_processing/myenv/lib/python3.11/site-packages/airflow/example_dags/example_time_delta_sensor_async.py
[2024-07-12T01:50:17.081+0530] {logging_mixin.py:188} INFO - [2024-07-12T01:50:17.080+0530] {dag.py:3096} INFO - Sync 1 DAGs
[2024-07-12T01:50:17.101+0530] {logging_mixin.py:188} INFO - [2024-07-12T01:50:17.101+0530] {dag.py:3954} INFO - Setting next_dagrun for example_time_delta_sensor_async to None, run_after=None
[2024-07-12T01:50:17.131+0530] {processor.py:183} INFO - Processing /home/kali/Desktop/projects/git/bank_data_processing/myenv/lib/python3.11/site-packages/airflow/example_dags/example_time_delta_sensor_async.py took 0.097 seconds
[2024-07-12T01:50:47.731+0530] {processor.py:161} INFO - Started process (PID=38989) to work on /home/kali/Desktop/projects/git/bank_data_processing/myenv/lib/python3.11/site-packages/airflow/example_dags/example_time_delta_sensor_async.py
[2024-07-12T01:50:47.732+0530] {processor.py:830} INFO - Processing file /home/kali/Desktop/projects/git/bank_data_processing/myenv/lib/python3.11/site-packages/airflow/example_dags/example_time_delta_sensor_async.py for tasks to queue
[2024-07-12T01:50:47.734+0530] {logging_mixin.py:188} INFO - [2024-07-12T01:50:47.734+0530] {dagbag.py:545} INFO - Filling up the DagBag from /home/kali/Desktop/projects/git/bank_data_processing/myenv/lib/python3.11/site-packages/airflow/example_dags/example_time_delta_sensor_async.py
[2024-07-12T01:50:47.741+0530] {processor.py:840} INFO - DAG(s) 'example_time_delta_sensor_async' retrieved from /home/kali/Desktop/projects/git/bank_data_processing/myenv/lib/python3.11/site-packages/airflow/example_dags/example_time_delta_sensor_async.py
[2024-07-12T01:50:47.766+0530] {logging_mixin.py:188} INFO - [2024-07-12T01:50:47.766+0530] {dag.py:3096} INFO - Sync 1 DAGs
[2024-07-12T01:50:47.783+0530] {logging_mixin.py:188} INFO - [2024-07-12T01:50:47.783+0530] {dag.py:3954} INFO - Setting next_dagrun for example_time_delta_sensor_async to None, run_after=None
[2024-07-12T01:50:47.820+0530] {processor.py:183} INFO - Processing /home/kali/Desktop/projects/git/bank_data_processing/myenv/lib/python3.11/site-packages/airflow/example_dags/example_time_delta_sensor_async.py took 0.101 seconds
[2024-07-12T01:51:18.162+0530] {processor.py:161} INFO - Started process (PID=39383) to work on /home/kali/Desktop/projects/git/bank_data_processing/myenv/lib/python3.11/site-packages/airflow/example_dags/example_time_delta_sensor_async.py
[2024-07-12T01:51:18.163+0530] {processor.py:830} INFO - Processing file /home/kali/Desktop/projects/git/bank_data_processing/myenv/lib/python3.11/site-packages/airflow/example_dags/example_time_delta_sensor_async.py for tasks to queue
[2024-07-12T01:51:18.166+0530] {logging_mixin.py:188} INFO - [2024-07-12T01:51:18.165+0530] {dagbag.py:545} INFO - Filling up the DagBag from /home/kali/Desktop/projects/git/bank_data_processing/myenv/lib/python3.11/site-packages/airflow/example_dags/example_time_delta_sensor_async.py
[2024-07-12T01:51:18.172+0530] {processor.py:840} INFO - DAG(s) 'example_time_delta_sensor_async' retrieved from /home/kali/Desktop/projects/git/bank_data_processing/myenv/lib/python3.11/site-packages/airflow/example_dags/example_time_delta_sensor_async.py
[2024-07-12T01:51:18.192+0530] {logging_mixin.py:188} INFO - [2024-07-12T01:51:18.192+0530] {dag.py:3096} INFO - Sync 1 DAGs
[2024-07-12T01:51:18.206+0530] {logging_mixin.py:188} INFO - [2024-07-12T01:51:18.206+0530] {dag.py:3954} INFO - Setting next_dagrun for example_time_delta_sensor_async to None, run_after=None
[2024-07-12T01:51:18.227+0530] {processor.py:183} INFO - Processing /home/kali/Desktop/projects/git/bank_data_processing/myenv/lib/python3.11/site-packages/airflow/example_dags/example_time_delta_sensor_async.py took 0.078 seconds
[2024-07-12T01:51:49.102+0530] {processor.py:161} INFO - Started process (PID=39955) to work on /home/kali/Desktop/projects/git/bank_data_processing/myenv/lib/python3.11/site-packages/airflow/example_dags/example_time_delta_sensor_async.py
[2024-07-12T01:51:49.103+0530] {processor.py:830} INFO - Processing file /home/kali/Desktop/projects/git/bank_data_processing/myenv/lib/python3.11/site-packages/airflow/example_dags/example_time_delta_sensor_async.py for tasks to queue
[2024-07-12T01:51:49.105+0530] {logging_mixin.py:188} INFO - [2024-07-12T01:51:49.105+0530] {dagbag.py:545} INFO - Filling up the DagBag from /home/kali/Desktop/projects/git/bank_data_processing/myenv/lib/python3.11/site-packages/airflow/example_dags/example_time_delta_sensor_async.py
[2024-07-12T01:51:49.110+0530] {processor.py:840} INFO - DAG(s) 'example_time_delta_sensor_async' retrieved from /home/kali/Desktop/projects/git/bank_data_processing/myenv/lib/python3.11/site-packages/airflow/example_dags/example_time_delta_sensor_async.py
[2024-07-12T01:51:49.128+0530] {logging_mixin.py:188} INFO - [2024-07-12T01:51:49.128+0530] {dag.py:3096} INFO - Sync 1 DAGs
[2024-07-12T01:51:49.141+0530] {logging_mixin.py:188} INFO - [2024-07-12T01:51:49.141+0530] {dag.py:3954} INFO - Setting next_dagrun for example_time_delta_sensor_async to None, run_after=None
[2024-07-12T01:51:49.164+0530] {processor.py:183} INFO - Processing /home/kali/Desktop/projects/git/bank_data_processing/myenv/lib/python3.11/site-packages/airflow/example_dags/example_time_delta_sensor_async.py took 0.075 seconds
[2024-07-12T01:52:19.653+0530] {processor.py:161} INFO - Started process (PID=40649) to work on /home/kali/Desktop/projects/git/bank_data_processing/myenv/lib/python3.11/site-packages/airflow/example_dags/example_time_delta_sensor_async.py
[2024-07-12T01:52:19.654+0530] {processor.py:830} INFO - Processing file /home/kali/Desktop/projects/git/bank_data_processing/myenv/lib/python3.11/site-packages/airflow/example_dags/example_time_delta_sensor_async.py for tasks to queue
[2024-07-12T01:52:19.655+0530] {logging_mixin.py:188} INFO - [2024-07-12T01:52:19.655+0530] {dagbag.py:545} INFO - Filling up the DagBag from /home/kali/Desktop/projects/git/bank_data_processing/myenv/lib/python3.11/site-packages/airflow/example_dags/example_time_delta_sensor_async.py
[2024-07-12T01:52:19.660+0530] {processor.py:840} INFO - DAG(s) 'example_time_delta_sensor_async' retrieved from /home/kali/Desktop/projects/git/bank_data_processing/myenv/lib/python3.11/site-packages/airflow/example_dags/example_time_delta_sensor_async.py
[2024-07-12T01:52:19.680+0530] {logging_mixin.py:188} INFO - [2024-07-12T01:52:19.679+0530] {dag.py:3096} INFO - Sync 1 DAGs
[2024-07-12T01:52:19.691+0530] {logging_mixin.py:188} INFO - [2024-07-12T01:52:19.691+0530] {dag.py:3954} INFO - Setting next_dagrun for example_time_delta_sensor_async to None, run_after=None
[2024-07-12T01:52:19.717+0530] {processor.py:183} INFO - Processing /home/kali/Desktop/projects/git/bank_data_processing/myenv/lib/python3.11/site-packages/airflow/example_dags/example_time_delta_sensor_async.py took 0.075 seconds
[2024-07-12T01:52:49.872+0530] {processor.py:161} INFO - Started process (PID=41279) to work on /home/kali/Desktop/projects/git/bank_data_processing/myenv/lib/python3.11/site-packages/airflow/example_dags/example_time_delta_sensor_async.py
[2024-07-12T01:52:49.873+0530] {processor.py:830} INFO - Processing file /home/kali/Desktop/projects/git/bank_data_processing/myenv/lib/python3.11/site-packages/airflow/example_dags/example_time_delta_sensor_async.py for tasks to queue
[2024-07-12T01:52:49.875+0530] {logging_mixin.py:188} INFO - [2024-07-12T01:52:49.874+0530] {dagbag.py:545} INFO - Filling up the DagBag from /home/kali/Desktop/projects/git/bank_data_processing/myenv/lib/python3.11/site-packages/airflow/example_dags/example_time_delta_sensor_async.py
[2024-07-12T01:52:49.880+0530] {processor.py:840} INFO - DAG(s) 'example_time_delta_sensor_async' retrieved from /home/kali/Desktop/projects/git/bank_data_processing/myenv/lib/python3.11/site-packages/airflow/example_dags/example_time_delta_sensor_async.py
[2024-07-12T01:52:49.897+0530] {logging_mixin.py:188} INFO - [2024-07-12T01:52:49.897+0530] {dag.py:3096} INFO - Sync 1 DAGs
[2024-07-12T01:52:49.909+0530] {logging_mixin.py:188} INFO - [2024-07-12T01:52:49.909+0530] {dag.py:3954} INFO - Setting next_dagrun for example_time_delta_sensor_async to None, run_after=None
[2024-07-12T01:52:49.928+0530] {processor.py:183} INFO - Processing /home/kali/Desktop/projects/git/bank_data_processing/myenv/lib/python3.11/site-packages/airflow/example_dags/example_time_delta_sensor_async.py took 0.065 seconds
[2024-07-12T01:53:20.864+0530] {processor.py:161} INFO - Started process (PID=41901) to work on /home/kali/Desktop/projects/git/bank_data_processing/myenv/lib/python3.11/site-packages/airflow/example_dags/example_time_delta_sensor_async.py
[2024-07-12T01:53:20.865+0530] {processor.py:830} INFO - Processing file /home/kali/Desktop/projects/git/bank_data_processing/myenv/lib/python3.11/site-packages/airflow/example_dags/example_time_delta_sensor_async.py for tasks to queue
[2024-07-12T01:53:20.867+0530] {logging_mixin.py:188} INFO - [2024-07-12T01:53:20.866+0530] {dagbag.py:545} INFO - Filling up the DagBag from /home/kali/Desktop/projects/git/bank_data_processing/myenv/lib/python3.11/site-packages/airflow/example_dags/example_time_delta_sensor_async.py
[2024-07-12T01:53:20.871+0530] {processor.py:840} INFO - DAG(s) 'example_time_delta_sensor_async' retrieved from /home/kali/Desktop/projects/git/bank_data_processing/myenv/lib/python3.11/site-packages/airflow/example_dags/example_time_delta_sensor_async.py
[2024-07-12T01:53:20.888+0530] {logging_mixin.py:188} INFO - [2024-07-12T01:53:20.887+0530] {dag.py:3096} INFO - Sync 1 DAGs
[2024-07-12T01:53:20.899+0530] {logging_mixin.py:188} INFO - [2024-07-12T01:53:20.899+0530] {dag.py:3954} INFO - Setting next_dagrun for example_time_delta_sensor_async to None, run_after=None
[2024-07-12T01:53:20.918+0530] {processor.py:183} INFO - Processing /home/kali/Desktop/projects/git/bank_data_processing/myenv/lib/python3.11/site-packages/airflow/example_dags/example_time_delta_sensor_async.py took 0.062 seconds
[2024-07-12T01:53:51.320+0530] {processor.py:161} INFO - Started process (PID=42647) to work on /home/kali/Desktop/projects/git/bank_data_processing/myenv/lib/python3.11/site-packages/airflow/example_dags/example_time_delta_sensor_async.py
[2024-07-12T01:53:51.321+0530] {processor.py:830} INFO - Processing file /home/kali/Desktop/projects/git/bank_data_processing/myenv/lib/python3.11/site-packages/airflow/example_dags/example_time_delta_sensor_async.py for tasks to queue
[2024-07-12T01:53:51.324+0530] {logging_mixin.py:188} INFO - [2024-07-12T01:53:51.323+0530] {dagbag.py:545} INFO - Filling up the DagBag from /home/kali/Desktop/projects/git/bank_data_processing/myenv/lib/python3.11/site-packages/airflow/example_dags/example_time_delta_sensor_async.py
[2024-07-12T01:53:51.331+0530] {processor.py:840} INFO - DAG(s) 'example_time_delta_sensor_async' retrieved from /home/kali/Desktop/projects/git/bank_data_processing/myenv/lib/python3.11/site-packages/airflow/example_dags/example_time_delta_sensor_async.py
[2024-07-12T01:53:51.355+0530] {logging_mixin.py:188} INFO - [2024-07-12T01:53:51.355+0530] {dag.py:3096} INFO - Sync 1 DAGs
[2024-07-12T01:53:51.372+0530] {logging_mixin.py:188} INFO - [2024-07-12T01:53:51.372+0530] {dag.py:3954} INFO - Setting next_dagrun for example_time_delta_sensor_async to None, run_after=None
[2024-07-12T01:53:51.400+0530] {processor.py:183} INFO - Processing /home/kali/Desktop/projects/git/bank_data_processing/myenv/lib/python3.11/site-packages/airflow/example_dags/example_time_delta_sensor_async.py took 0.105 seconds
[2024-07-12T01:54:22.003+0530] {processor.py:161} INFO - Started process (PID=43283) to work on /home/kali/Desktop/projects/git/bank_data_processing/myenv/lib/python3.11/site-packages/airflow/example_dags/example_time_delta_sensor_async.py
[2024-07-12T01:54:22.004+0530] {processor.py:830} INFO - Processing file /home/kali/Desktop/projects/git/bank_data_processing/myenv/lib/python3.11/site-packages/airflow/example_dags/example_time_delta_sensor_async.py for tasks to queue
[2024-07-12T01:54:22.006+0530] {logging_mixin.py:188} INFO - [2024-07-12T01:54:22.006+0530] {dagbag.py:545} INFO - Filling up the DagBag from /home/kali/Desktop/projects/git/bank_data_processing/myenv/lib/python3.11/site-packages/airflow/example_dags/example_time_delta_sensor_async.py
[2024-07-12T01:54:22.012+0530] {processor.py:840} INFO - DAG(s) 'example_time_delta_sensor_async' retrieved from /home/kali/Desktop/projects/git/bank_data_processing/myenv/lib/python3.11/site-packages/airflow/example_dags/example_time_delta_sensor_async.py
[2024-07-12T01:54:22.031+0530] {logging_mixin.py:188} INFO - [2024-07-12T01:54:22.030+0530] {dag.py:3096} INFO - Sync 1 DAGs
[2024-07-12T01:54:22.042+0530] {logging_mixin.py:188} INFO - [2024-07-12T01:54:22.042+0530] {dag.py:3954} INFO - Setting next_dagrun for example_time_delta_sensor_async to None, run_after=None
[2024-07-12T01:54:22.060+0530] {processor.py:183} INFO - Processing /home/kali/Desktop/projects/git/bank_data_processing/myenv/lib/python3.11/site-packages/airflow/example_dags/example_time_delta_sensor_async.py took 0.068 seconds
[2024-07-12T01:54:52.102+0530] {processor.py:161} INFO - Started process (PID=43855) to work on /home/kali/Desktop/projects/git/bank_data_processing/myenv/lib/python3.11/site-packages/airflow/example_dags/example_time_delta_sensor_async.py
[2024-07-12T01:54:52.103+0530] {processor.py:830} INFO - Processing file /home/kali/Desktop/projects/git/bank_data_processing/myenv/lib/python3.11/site-packages/airflow/example_dags/example_time_delta_sensor_async.py for tasks to queue
[2024-07-12T01:54:52.105+0530] {logging_mixin.py:188} INFO - [2024-07-12T01:54:52.104+0530] {dagbag.py:545} INFO - Filling up the DagBag from /home/kali/Desktop/projects/git/bank_data_processing/myenv/lib/python3.11/site-packages/airflow/example_dags/example_time_delta_sensor_async.py
[2024-07-12T01:54:52.109+0530] {processor.py:840} INFO - DAG(s) 'example_time_delta_sensor_async' retrieved from /home/kali/Desktop/projects/git/bank_data_processing/myenv/lib/python3.11/site-packages/airflow/example_dags/example_time_delta_sensor_async.py
[2024-07-12T01:54:52.125+0530] {logging_mixin.py:188} INFO - [2024-07-12T01:54:52.124+0530] {dag.py:3096} INFO - Sync 1 DAGs
[2024-07-12T01:54:52.136+0530] {logging_mixin.py:188} INFO - [2024-07-12T01:54:52.136+0530] {dag.py:3954} INFO - Setting next_dagrun for example_time_delta_sensor_async to None, run_after=None
[2024-07-12T01:54:52.154+0530] {processor.py:183} INFO - Processing /home/kali/Desktop/projects/git/bank_data_processing/myenv/lib/python3.11/site-packages/airflow/example_dags/example_time_delta_sensor_async.py took 0.060 seconds
[2024-07-12T01:55:22.853+0530] {processor.py:161} INFO - Started process (PID=44385) to work on /home/kali/Desktop/projects/git/bank_data_processing/myenv/lib/python3.11/site-packages/airflow/example_dags/example_time_delta_sensor_async.py
[2024-07-12T01:55:22.854+0530] {processor.py:830} INFO - Processing file /home/kali/Desktop/projects/git/bank_data_processing/myenv/lib/python3.11/site-packages/airflow/example_dags/example_time_delta_sensor_async.py for tasks to queue
[2024-07-12T01:55:22.855+0530] {logging_mixin.py:188} INFO - [2024-07-12T01:55:22.855+0530] {dagbag.py:545} INFO - Filling up the DagBag from /home/kali/Desktop/projects/git/bank_data_processing/myenv/lib/python3.11/site-packages/airflow/example_dags/example_time_delta_sensor_async.py
[2024-07-12T01:55:22.860+0530] {processor.py:840} INFO - DAG(s) 'example_time_delta_sensor_async' retrieved from /home/kali/Desktop/projects/git/bank_data_processing/myenv/lib/python3.11/site-packages/airflow/example_dags/example_time_delta_sensor_async.py
[2024-07-12T01:55:22.879+0530] {logging_mixin.py:188} INFO - [2024-07-12T01:55:22.879+0530] {dag.py:3096} INFO - Sync 1 DAGs
[2024-07-12T01:55:22.891+0530] {logging_mixin.py:188} INFO - [2024-07-12T01:55:22.891+0530] {dag.py:3954} INFO - Setting next_dagrun for example_time_delta_sensor_async to None, run_after=None
[2024-07-12T01:55:22.918+0530] {processor.py:183} INFO - Processing /home/kali/Desktop/projects/git/bank_data_processing/myenv/lib/python3.11/site-packages/airflow/example_dags/example_time_delta_sensor_async.py took 0.077 seconds
[2024-07-12T01:55:53.376+0530] {processor.py:161} INFO - Started process (PID=44874) to work on /home/kali/Desktop/projects/git/bank_data_processing/myenv/lib/python3.11/site-packages/airflow/example_dags/example_time_delta_sensor_async.py
[2024-07-12T01:55:53.377+0530] {processor.py:830} INFO - Processing file /home/kali/Desktop/projects/git/bank_data_processing/myenv/lib/python3.11/site-packages/airflow/example_dags/example_time_delta_sensor_async.py for tasks to queue
[2024-07-12T01:55:53.379+0530] {logging_mixin.py:188} INFO - [2024-07-12T01:55:53.378+0530] {dagbag.py:545} INFO - Filling up the DagBag from /home/kali/Desktop/projects/git/bank_data_processing/myenv/lib/python3.11/site-packages/airflow/example_dags/example_time_delta_sensor_async.py
[2024-07-12T01:55:53.387+0530] {processor.py:840} INFO - DAG(s) 'example_time_delta_sensor_async' retrieved from /home/kali/Desktop/projects/git/bank_data_processing/myenv/lib/python3.11/site-packages/airflow/example_dags/example_time_delta_sensor_async.py
[2024-07-12T01:55:53.410+0530] {logging_mixin.py:188} INFO - [2024-07-12T01:55:53.409+0530] {dag.py:3096} INFO - Sync 1 DAGs
[2024-07-12T01:55:53.425+0530] {logging_mixin.py:188} INFO - [2024-07-12T01:55:53.424+0530] {dag.py:3954} INFO - Setting next_dagrun for example_time_delta_sensor_async to None, run_after=None
[2024-07-12T01:55:53.446+0530] {processor.py:183} INFO - Processing /home/kali/Desktop/projects/git/bank_data_processing/myenv/lib/python3.11/site-packages/airflow/example_dags/example_time_delta_sensor_async.py took 0.083 seconds
[2024-07-12T01:56:23.644+0530] {processor.py:161} INFO - Started process (PID=45335) to work on /home/kali/Desktop/projects/git/bank_data_processing/myenv/lib/python3.11/site-packages/airflow/example_dags/example_time_delta_sensor_async.py
[2024-07-12T01:56:23.645+0530] {processor.py:830} INFO - Processing file /home/kali/Desktop/projects/git/bank_data_processing/myenv/lib/python3.11/site-packages/airflow/example_dags/example_time_delta_sensor_async.py for tasks to queue
[2024-07-12T01:56:23.647+0530] {logging_mixin.py:188} INFO - [2024-07-12T01:56:23.647+0530] {dagbag.py:545} INFO - Filling up the DagBag from /home/kali/Desktop/projects/git/bank_data_processing/myenv/lib/python3.11/site-packages/airflow/example_dags/example_time_delta_sensor_async.py
[2024-07-12T01:56:23.652+0530] {processor.py:840} INFO - DAG(s) 'example_time_delta_sensor_async' retrieved from /home/kali/Desktop/projects/git/bank_data_processing/myenv/lib/python3.11/site-packages/airflow/example_dags/example_time_delta_sensor_async.py
[2024-07-12T01:56:23.674+0530] {logging_mixin.py:188} INFO - [2024-07-12T01:56:23.674+0530] {dag.py:3096} INFO - Sync 1 DAGs
[2024-07-12T01:56:23.689+0530] {logging_mixin.py:188} INFO - [2024-07-12T01:56:23.689+0530] {dag.py:3954} INFO - Setting next_dagrun for example_time_delta_sensor_async to None, run_after=None
[2024-07-12T01:56:23.716+0530] {processor.py:183} INFO - Processing /home/kali/Desktop/projects/git/bank_data_processing/myenv/lib/python3.11/site-packages/airflow/example_dags/example_time_delta_sensor_async.py took 0.083 seconds
[2024-07-12T01:56:54.061+0530] {processor.py:161} INFO - Started process (PID=45904) to work on /home/kali/Desktop/projects/git/bank_data_processing/myenv/lib/python3.11/site-packages/airflow/example_dags/example_time_delta_sensor_async.py
[2024-07-12T01:56:54.062+0530] {processor.py:830} INFO - Processing file /home/kali/Desktop/projects/git/bank_data_processing/myenv/lib/python3.11/site-packages/airflow/example_dags/example_time_delta_sensor_async.py for tasks to queue
[2024-07-12T01:56:54.063+0530] {logging_mixin.py:188} INFO - [2024-07-12T01:56:54.063+0530] {dagbag.py:545} INFO - Filling up the DagBag from /home/kali/Desktop/projects/git/bank_data_processing/myenv/lib/python3.11/site-packages/airflow/example_dags/example_time_delta_sensor_async.py
[2024-07-12T01:56:54.068+0530] {processor.py:840} INFO - DAG(s) 'example_time_delta_sensor_async' retrieved from /home/kali/Desktop/projects/git/bank_data_processing/myenv/lib/python3.11/site-packages/airflow/example_dags/example_time_delta_sensor_async.py
[2024-07-12T01:56:54.085+0530] {logging_mixin.py:188} INFO - [2024-07-12T01:56:54.085+0530] {dag.py:3096} INFO - Sync 1 DAGs
[2024-07-12T01:56:54.096+0530] {logging_mixin.py:188} INFO - [2024-07-12T01:56:54.096+0530] {dag.py:3954} INFO - Setting next_dagrun for example_time_delta_sensor_async to None, run_after=None
[2024-07-12T01:56:54.113+0530] {processor.py:183} INFO - Processing /home/kali/Desktop/projects/git/bank_data_processing/myenv/lib/python3.11/site-packages/airflow/example_dags/example_time_delta_sensor_async.py took 0.061 seconds
[2024-07-12T01:57:24.276+0530] {processor.py:161} INFO - Started process (PID=46443) to work on /home/kali/Desktop/projects/git/bank_data_processing/myenv/lib/python3.11/site-packages/airflow/example_dags/example_time_delta_sensor_async.py
[2024-07-12T01:57:24.279+0530] {processor.py:830} INFO - Processing file /home/kali/Desktop/projects/git/bank_data_processing/myenv/lib/python3.11/site-packages/airflow/example_dags/example_time_delta_sensor_async.py for tasks to queue
[2024-07-12T01:57:24.281+0530] {logging_mixin.py:188} INFO - [2024-07-12T01:57:24.280+0530] {dagbag.py:545} INFO - Filling up the DagBag from /home/kali/Desktop/projects/git/bank_data_processing/myenv/lib/python3.11/site-packages/airflow/example_dags/example_time_delta_sensor_async.py
[2024-07-12T01:57:24.289+0530] {processor.py:840} INFO - DAG(s) 'example_time_delta_sensor_async' retrieved from /home/kali/Desktop/projects/git/bank_data_processing/myenv/lib/python3.11/site-packages/airflow/example_dags/example_time_delta_sensor_async.py
[2024-07-12T01:57:24.314+0530] {logging_mixin.py:188} INFO - [2024-07-12T01:57:24.313+0530] {dag.py:3096} INFO - Sync 1 DAGs
[2024-07-12T01:57:24.330+0530] {logging_mixin.py:188} INFO - [2024-07-12T01:57:24.330+0530] {dag.py:3954} INFO - Setting next_dagrun for example_time_delta_sensor_async to None, run_after=None
[2024-07-12T01:57:24.360+0530] {processor.py:183} INFO - Processing /home/kali/Desktop/projects/git/bank_data_processing/myenv/lib/python3.11/site-packages/airflow/example_dags/example_time_delta_sensor_async.py took 0.098 seconds
[2024-07-12T01:57:54.755+0530] {processor.py:161} INFO - Started process (PID=46930) to work on /home/kali/Desktop/projects/git/bank_data_processing/myenv/lib/python3.11/site-packages/airflow/example_dags/example_time_delta_sensor_async.py
[2024-07-12T01:57:54.756+0530] {processor.py:830} INFO - Processing file /home/kali/Desktop/projects/git/bank_data_processing/myenv/lib/python3.11/site-packages/airflow/example_dags/example_time_delta_sensor_async.py for tasks to queue
[2024-07-12T01:57:54.757+0530] {logging_mixin.py:188} INFO - [2024-07-12T01:57:54.757+0530] {dagbag.py:545} INFO - Filling up the DagBag from /home/kali/Desktop/projects/git/bank_data_processing/myenv/lib/python3.11/site-packages/airflow/example_dags/example_time_delta_sensor_async.py
[2024-07-12T01:57:54.762+0530] {processor.py:840} INFO - DAG(s) 'example_time_delta_sensor_async' retrieved from /home/kali/Desktop/projects/git/bank_data_processing/myenv/lib/python3.11/site-packages/airflow/example_dags/example_time_delta_sensor_async.py
[2024-07-12T01:57:54.780+0530] {logging_mixin.py:188} INFO - [2024-07-12T01:57:54.780+0530] {dag.py:3096} INFO - Sync 1 DAGs
[2024-07-12T01:57:54.791+0530] {logging_mixin.py:188} INFO - [2024-07-12T01:57:54.791+0530] {dag.py:3954} INFO - Setting next_dagrun for example_time_delta_sensor_async to None, run_after=None
[2024-07-12T01:57:54.821+0530] {processor.py:183} INFO - Processing /home/kali/Desktop/projects/git/bank_data_processing/myenv/lib/python3.11/site-packages/airflow/example_dags/example_time_delta_sensor_async.py took 0.076 seconds
[2024-07-12T01:58:25.034+0530] {processor.py:161} INFO - Started process (PID=47400) to work on /home/kali/Desktop/projects/git/bank_data_processing/myenv/lib/python3.11/site-packages/airflow/example_dags/example_time_delta_sensor_async.py
[2024-07-12T01:58:25.035+0530] {processor.py:830} INFO - Processing file /home/kali/Desktop/projects/git/bank_data_processing/myenv/lib/python3.11/site-packages/airflow/example_dags/example_time_delta_sensor_async.py for tasks to queue
[2024-07-12T01:58:25.039+0530] {logging_mixin.py:188} INFO - [2024-07-12T01:58:25.038+0530] {dagbag.py:545} INFO - Filling up the DagBag from /home/kali/Desktop/projects/git/bank_data_processing/myenv/lib/python3.11/site-packages/airflow/example_dags/example_time_delta_sensor_async.py
[2024-07-12T01:58:25.046+0530] {processor.py:840} INFO - DAG(s) 'example_time_delta_sensor_async' retrieved from /home/kali/Desktop/projects/git/bank_data_processing/myenv/lib/python3.11/site-packages/airflow/example_dags/example_time_delta_sensor_async.py
[2024-07-12T01:58:25.070+0530] {logging_mixin.py:188} INFO - [2024-07-12T01:58:25.069+0530] {dag.py:3096} INFO - Sync 1 DAGs
[2024-07-12T01:58:25.085+0530] {logging_mixin.py:188} INFO - [2024-07-12T01:58:25.085+0530] {dag.py:3954} INFO - Setting next_dagrun for example_time_delta_sensor_async to None, run_after=None
[2024-07-12T01:58:25.133+0530] {processor.py:183} INFO - Processing /home/kali/Desktop/projects/git/bank_data_processing/myenv/lib/python3.11/site-packages/airflow/example_dags/example_time_delta_sensor_async.py took 0.112 seconds
[2024-07-12T01:58:55.510+0530] {processor.py:161} INFO - Started process (PID=47883) to work on /home/kali/Desktop/projects/git/bank_data_processing/myenv/lib/python3.11/site-packages/airflow/example_dags/example_time_delta_sensor_async.py
[2024-07-12T01:58:55.511+0530] {processor.py:830} INFO - Processing file /home/kali/Desktop/projects/git/bank_data_processing/myenv/lib/python3.11/site-packages/airflow/example_dags/example_time_delta_sensor_async.py for tasks to queue
[2024-07-12T01:58:55.512+0530] {logging_mixin.py:188} INFO - [2024-07-12T01:58:55.512+0530] {dagbag.py:545} INFO - Filling up the DagBag from /home/kali/Desktop/projects/git/bank_data_processing/myenv/lib/python3.11/site-packages/airflow/example_dags/example_time_delta_sensor_async.py
[2024-07-12T01:58:55.517+0530] {processor.py:840} INFO - DAG(s) 'example_time_delta_sensor_async' retrieved from /home/kali/Desktop/projects/git/bank_data_processing/myenv/lib/python3.11/site-packages/airflow/example_dags/example_time_delta_sensor_async.py
[2024-07-12T01:58:55.534+0530] {logging_mixin.py:188} INFO - [2024-07-12T01:58:55.534+0530] {dag.py:3096} INFO - Sync 1 DAGs
[2024-07-12T01:58:55.549+0530] {logging_mixin.py:188} INFO - [2024-07-12T01:58:55.548+0530] {dag.py:3954} INFO - Setting next_dagrun for example_time_delta_sensor_async to None, run_after=None
[2024-07-12T01:58:55.568+0530] {processor.py:183} INFO - Processing /home/kali/Desktop/projects/git/bank_data_processing/myenv/lib/python3.11/site-packages/airflow/example_dags/example_time_delta_sensor_async.py took 0.067 seconds
[2024-07-12T01:59:27.494+0530] {processor.py:161} INFO - Started process (PID=48484) to work on /home/kali/Desktop/projects/git/bank_data_processing/myenv/lib/python3.11/site-packages/airflow/example_dags/example_time_delta_sensor_async.py
[2024-07-12T01:59:27.497+0530] {processor.py:830} INFO - Processing file /home/kali/Desktop/projects/git/bank_data_processing/myenv/lib/python3.11/site-packages/airflow/example_dags/example_time_delta_sensor_async.py for tasks to queue
[2024-07-12T01:59:27.500+0530] {logging_mixin.py:188} INFO - [2024-07-12T01:59:27.500+0530] {dagbag.py:545} INFO - Filling up the DagBag from /home/kali/Desktop/projects/git/bank_data_processing/myenv/lib/python3.11/site-packages/airflow/example_dags/example_time_delta_sensor_async.py
[2024-07-12T01:59:27.508+0530] {processor.py:840} INFO - DAG(s) 'example_time_delta_sensor_async' retrieved from /home/kali/Desktop/projects/git/bank_data_processing/myenv/lib/python3.11/site-packages/airflow/example_dags/example_time_delta_sensor_async.py
[2024-07-12T01:59:27.538+0530] {logging_mixin.py:188} INFO - [2024-07-12T01:59:27.537+0530] {dag.py:3096} INFO - Sync 1 DAGs
[2024-07-12T01:59:27.557+0530] {logging_mixin.py:188} INFO - [2024-07-12T01:59:27.557+0530] {dag.py:3954} INFO - Setting next_dagrun for example_time_delta_sensor_async to None, run_after=None
[2024-07-12T01:59:27.592+0530] {processor.py:183} INFO - Processing /home/kali/Desktop/projects/git/bank_data_processing/myenv/lib/python3.11/site-packages/airflow/example_dags/example_time_delta_sensor_async.py took 0.115 seconds
[2024-07-12T02:00:13.787+0530] {processor.py:161} INFO - Started process (PID=49624) to work on /home/kali/Desktop/projects/git/bank_data_processing/myenv/lib/python3.11/site-packages/airflow/example_dags/example_time_delta_sensor_async.py
[2024-07-12T02:00:13.789+0530] {processor.py:830} INFO - Processing file /home/kali/Desktop/projects/git/bank_data_processing/myenv/lib/python3.11/site-packages/airflow/example_dags/example_time_delta_sensor_async.py for tasks to queue
[2024-07-12T02:00:13.792+0530] {logging_mixin.py:188} INFO - [2024-07-12T02:00:13.792+0530] {dagbag.py:545} INFO - Filling up the DagBag from /home/kali/Desktop/projects/git/bank_data_processing/myenv/lib/python3.11/site-packages/airflow/example_dags/example_time_delta_sensor_async.py
[2024-07-12T02:00:13.801+0530] {processor.py:840} INFO - DAG(s) 'example_time_delta_sensor_async' retrieved from /home/kali/Desktop/projects/git/bank_data_processing/myenv/lib/python3.11/site-packages/airflow/example_dags/example_time_delta_sensor_async.py
[2024-07-12T02:00:13.833+0530] {logging_mixin.py:188} INFO - [2024-07-12T02:00:13.832+0530] {dag.py:3096} INFO - Sync 1 DAGs
[2024-07-12T02:00:13.848+0530] {logging_mixin.py:188} INFO - [2024-07-12T02:00:13.848+0530] {dag.py:3954} INFO - Setting next_dagrun for example_time_delta_sensor_async to None, run_after=None
[2024-07-12T02:00:13.883+0530] {processor.py:183} INFO - Processing /home/kali/Desktop/projects/git/bank_data_processing/myenv/lib/python3.11/site-packages/airflow/example_dags/example_time_delta_sensor_async.py took 0.102 seconds
[2024-07-12T02:00:45.110+0530] {processor.py:161} INFO - Started process (PID=50292) to work on /home/kali/Desktop/projects/git/bank_data_processing/myenv/lib/python3.11/site-packages/airflow/example_dags/example_time_delta_sensor_async.py
[2024-07-12T02:00:45.111+0530] {processor.py:830} INFO - Processing file /home/kali/Desktop/projects/git/bank_data_processing/myenv/lib/python3.11/site-packages/airflow/example_dags/example_time_delta_sensor_async.py for tasks to queue
[2024-07-12T02:00:45.112+0530] {logging_mixin.py:188} INFO - [2024-07-12T02:00:45.112+0530] {dagbag.py:545} INFO - Filling up the DagBag from /home/kali/Desktop/projects/git/bank_data_processing/myenv/lib/python3.11/site-packages/airflow/example_dags/example_time_delta_sensor_async.py
[2024-07-12T02:00:45.117+0530] {processor.py:840} INFO - DAG(s) 'example_time_delta_sensor_async' retrieved from /home/kali/Desktop/projects/git/bank_data_processing/myenv/lib/python3.11/site-packages/airflow/example_dags/example_time_delta_sensor_async.py
[2024-07-12T02:00:45.134+0530] {logging_mixin.py:188} INFO - [2024-07-12T02:00:45.134+0530] {dag.py:3096} INFO - Sync 1 DAGs
[2024-07-12T02:00:45.145+0530] {logging_mixin.py:188} INFO - [2024-07-12T02:00:45.145+0530] {dag.py:3954} INFO - Setting next_dagrun for example_time_delta_sensor_async to None, run_after=None
[2024-07-12T02:00:45.164+0530] {processor.py:183} INFO - Processing /home/kali/Desktop/projects/git/bank_data_processing/myenv/lib/python3.11/site-packages/airflow/example_dags/example_time_delta_sensor_async.py took 0.060 seconds
[2024-07-12T02:01:18.440+0530] {processor.py:161} INFO - Started process (PID=50851) to work on /home/kali/Desktop/projects/git/bank_data_processing/myenv/lib/python3.11/site-packages/airflow/example_dags/example_time_delta_sensor_async.py
[2024-07-12T02:01:18.441+0530] {processor.py:830} INFO - Processing file /home/kali/Desktop/projects/git/bank_data_processing/myenv/lib/python3.11/site-packages/airflow/example_dags/example_time_delta_sensor_async.py for tasks to queue
[2024-07-12T02:01:18.443+0530] {logging_mixin.py:188} INFO - [2024-07-12T02:01:18.443+0530] {dagbag.py:545} INFO - Filling up the DagBag from /home/kali/Desktop/projects/git/bank_data_processing/myenv/lib/python3.11/site-packages/airflow/example_dags/example_time_delta_sensor_async.py
[2024-07-12T02:01:18.450+0530] {processor.py:840} INFO - DAG(s) 'example_time_delta_sensor_async' retrieved from /home/kali/Desktop/projects/git/bank_data_processing/myenv/lib/python3.11/site-packages/airflow/example_dags/example_time_delta_sensor_async.py
[2024-07-12T02:01:18.470+0530] {logging_mixin.py:188} INFO - [2024-07-12T02:01:18.470+0530] {dag.py:3096} INFO - Sync 1 DAGs
[2024-07-12T02:01:18.482+0530] {logging_mixin.py:188} INFO - [2024-07-12T02:01:18.482+0530] {dag.py:3954} INFO - Setting next_dagrun for example_time_delta_sensor_async to None, run_after=None
[2024-07-12T02:01:18.502+0530] {processor.py:183} INFO - Processing /home/kali/Desktop/projects/git/bank_data_processing/myenv/lib/python3.11/site-packages/airflow/example_dags/example_time_delta_sensor_async.py took 0.071 seconds
[2024-07-12T02:01:49.420+0530] {processor.py:161} INFO - Started process (PID=51511) to work on /home/kali/Desktop/projects/git/bank_data_processing/myenv/lib/python3.11/site-packages/airflow/example_dags/example_time_delta_sensor_async.py
[2024-07-12T02:01:49.421+0530] {processor.py:830} INFO - Processing file /home/kali/Desktop/projects/git/bank_data_processing/myenv/lib/python3.11/site-packages/airflow/example_dags/example_time_delta_sensor_async.py for tasks to queue
[2024-07-12T02:01:49.422+0530] {logging_mixin.py:188} INFO - [2024-07-12T02:01:49.422+0530] {dagbag.py:545} INFO - Filling up the DagBag from /home/kali/Desktop/projects/git/bank_data_processing/myenv/lib/python3.11/site-packages/airflow/example_dags/example_time_delta_sensor_async.py
[2024-07-12T02:01:49.428+0530] {processor.py:840} INFO - DAG(s) 'example_time_delta_sensor_async' retrieved from /home/kali/Desktop/projects/git/bank_data_processing/myenv/lib/python3.11/site-packages/airflow/example_dags/example_time_delta_sensor_async.py
[2024-07-12T02:01:49.551+0530] {logging_mixin.py:188} INFO - [2024-07-12T02:01:49.550+0530] {dag.py:3096} INFO - Sync 1 DAGs
[2024-07-12T02:01:49.563+0530] {logging_mixin.py:188} INFO - [2024-07-12T02:01:49.563+0530] {dag.py:3954} INFO - Setting next_dagrun for example_time_delta_sensor_async to None, run_after=None
[2024-07-12T02:01:49.593+0530] {processor.py:183} INFO - Processing /home/kali/Desktop/projects/git/bank_data_processing/myenv/lib/python3.11/site-packages/airflow/example_dags/example_time_delta_sensor_async.py took 0.179 seconds
[2024-07-12T02:02:20.476+0530] {processor.py:161} INFO - Started process (PID=52106) to work on /home/kali/Desktop/projects/git/bank_data_processing/myenv/lib/python3.11/site-packages/airflow/example_dags/example_time_delta_sensor_async.py
[2024-07-12T02:02:20.477+0530] {processor.py:830} INFO - Processing file /home/kali/Desktop/projects/git/bank_data_processing/myenv/lib/python3.11/site-packages/airflow/example_dags/example_time_delta_sensor_async.py for tasks to queue
[2024-07-12T02:02:20.479+0530] {logging_mixin.py:188} INFO - [2024-07-12T02:02:20.478+0530] {dagbag.py:545} INFO - Filling up the DagBag from /home/kali/Desktop/projects/git/bank_data_processing/myenv/lib/python3.11/site-packages/airflow/example_dags/example_time_delta_sensor_async.py
[2024-07-12T02:02:20.485+0530] {processor.py:840} INFO - DAG(s) 'example_time_delta_sensor_async' retrieved from /home/kali/Desktop/projects/git/bank_data_processing/myenv/lib/python3.11/site-packages/airflow/example_dags/example_time_delta_sensor_async.py
[2024-07-12T02:02:20.508+0530] {logging_mixin.py:188} INFO - [2024-07-12T02:02:20.508+0530] {dag.py:3096} INFO - Sync 1 DAGs
[2024-07-12T02:02:20.520+0530] {logging_mixin.py:188} INFO - [2024-07-12T02:02:20.520+0530] {dag.py:3954} INFO - Setting next_dagrun for example_time_delta_sensor_async to None, run_after=None
[2024-07-12T02:02:20.557+0530] {processor.py:183} INFO - Processing /home/kali/Desktop/projects/git/bank_data_processing/myenv/lib/python3.11/site-packages/airflow/example_dags/example_time_delta_sensor_async.py took 0.089 seconds
[2024-07-12T02:02:51.381+0530] {processor.py:161} INFO - Started process (PID=52579) to work on /home/kali/Desktop/projects/git/bank_data_processing/myenv/lib/python3.11/site-packages/airflow/example_dags/example_time_delta_sensor_async.py
[2024-07-12T02:02:51.382+0530] {processor.py:830} INFO - Processing file /home/kali/Desktop/projects/git/bank_data_processing/myenv/lib/python3.11/site-packages/airflow/example_dags/example_time_delta_sensor_async.py for tasks to queue
[2024-07-12T02:02:51.385+0530] {logging_mixin.py:188} INFO - [2024-07-12T02:02:51.385+0530] {dagbag.py:545} INFO - Filling up the DagBag from /home/kali/Desktop/projects/git/bank_data_processing/myenv/lib/python3.11/site-packages/airflow/example_dags/example_time_delta_sensor_async.py
[2024-07-12T02:02:51.390+0530] {processor.py:840} INFO - DAG(s) 'example_time_delta_sensor_async' retrieved from /home/kali/Desktop/projects/git/bank_data_processing/myenv/lib/python3.11/site-packages/airflow/example_dags/example_time_delta_sensor_async.py
[2024-07-12T02:02:51.417+0530] {logging_mixin.py:188} INFO - [2024-07-12T02:02:51.416+0530] {dag.py:3096} INFO - Sync 1 DAGs
[2024-07-12T02:02:51.437+0530] {logging_mixin.py:188} INFO - [2024-07-12T02:02:51.437+0530] {dag.py:3954} INFO - Setting next_dagrun for example_time_delta_sensor_async to None, run_after=None
[2024-07-12T02:02:51.477+0530] {processor.py:183} INFO - Processing /home/kali/Desktop/projects/git/bank_data_processing/myenv/lib/python3.11/site-packages/airflow/example_dags/example_time_delta_sensor_async.py took 0.106 seconds
[2024-07-12T02:03:22.775+0530] {processor.py:161} INFO - Started process (PID=53172) to work on /home/kali/Desktop/projects/git/bank_data_processing/myenv/lib/python3.11/site-packages/airflow/example_dags/example_time_delta_sensor_async.py
[2024-07-12T02:03:22.776+0530] {processor.py:830} INFO - Processing file /home/kali/Desktop/projects/git/bank_data_processing/myenv/lib/python3.11/site-packages/airflow/example_dags/example_time_delta_sensor_async.py for tasks to queue
[2024-07-12T02:03:22.777+0530] {logging_mixin.py:188} INFO - [2024-07-12T02:03:22.777+0530] {dagbag.py:545} INFO - Filling up the DagBag from /home/kali/Desktop/projects/git/bank_data_processing/myenv/lib/python3.11/site-packages/airflow/example_dags/example_time_delta_sensor_async.py
[2024-07-12T02:03:22.781+0530] {processor.py:840} INFO - DAG(s) 'example_time_delta_sensor_async' retrieved from /home/kali/Desktop/projects/git/bank_data_processing/myenv/lib/python3.11/site-packages/airflow/example_dags/example_time_delta_sensor_async.py
[2024-07-12T02:03:22.798+0530] {logging_mixin.py:188} INFO - [2024-07-12T02:03:22.798+0530] {dag.py:3096} INFO - Sync 1 DAGs
[2024-07-12T02:03:22.808+0530] {logging_mixin.py:188} INFO - [2024-07-12T02:03:22.808+0530] {dag.py:3954} INFO - Setting next_dagrun for example_time_delta_sensor_async to None, run_after=None
[2024-07-12T02:03:22.827+0530] {processor.py:183} INFO - Processing /home/kali/Desktop/projects/git/bank_data_processing/myenv/lib/python3.11/site-packages/airflow/example_dags/example_time_delta_sensor_async.py took 0.058 seconds
[2024-07-12T02:03:53.904+0530] {processor.py:161} INFO - Started process (PID=53676) to work on /home/kali/Desktop/projects/git/bank_data_processing/myenv/lib/python3.11/site-packages/airflow/example_dags/example_time_delta_sensor_async.py
[2024-07-12T02:03:53.905+0530] {processor.py:830} INFO - Processing file /home/kali/Desktop/projects/git/bank_data_processing/myenv/lib/python3.11/site-packages/airflow/example_dags/example_time_delta_sensor_async.py for tasks to queue
[2024-07-12T02:03:53.907+0530] {logging_mixin.py:188} INFO - [2024-07-12T02:03:53.907+0530] {dagbag.py:545} INFO - Filling up the DagBag from /home/kali/Desktop/projects/git/bank_data_processing/myenv/lib/python3.11/site-packages/airflow/example_dags/example_time_delta_sensor_async.py
[2024-07-12T02:03:53.913+0530] {processor.py:840} INFO - DAG(s) 'example_time_delta_sensor_async' retrieved from /home/kali/Desktop/projects/git/bank_data_processing/myenv/lib/python3.11/site-packages/airflow/example_dags/example_time_delta_sensor_async.py
[2024-07-12T02:03:53.933+0530] {logging_mixin.py:188} INFO - [2024-07-12T02:03:53.933+0530] {dag.py:3096} INFO - Sync 1 DAGs
[2024-07-12T02:03:53.948+0530] {logging_mixin.py:188} INFO - [2024-07-12T02:03:53.947+0530] {dag.py:3954} INFO - Setting next_dagrun for example_time_delta_sensor_async to None, run_after=None
[2024-07-12T02:03:53.971+0530] {processor.py:183} INFO - Processing /home/kali/Desktop/projects/git/bank_data_processing/myenv/lib/python3.11/site-packages/airflow/example_dags/example_time_delta_sensor_async.py took 0.075 seconds
[2024-07-12T02:04:25.005+0530] {processor.py:161} INFO - Started process (PID=54159) to work on /home/kali/Desktop/projects/git/bank_data_processing/myenv/lib/python3.11/site-packages/airflow/example_dags/example_time_delta_sensor_async.py
[2024-07-12T02:04:25.006+0530] {processor.py:830} INFO - Processing file /home/kali/Desktop/projects/git/bank_data_processing/myenv/lib/python3.11/site-packages/airflow/example_dags/example_time_delta_sensor_async.py for tasks to queue
[2024-07-12T02:04:25.008+0530] {logging_mixin.py:188} INFO - [2024-07-12T02:04:25.008+0530] {dagbag.py:545} INFO - Filling up the DagBag from /home/kali/Desktop/projects/git/bank_data_processing/myenv/lib/python3.11/site-packages/airflow/example_dags/example_time_delta_sensor_async.py
[2024-07-12T02:04:25.013+0530] {processor.py:840} INFO - DAG(s) 'example_time_delta_sensor_async' retrieved from /home/kali/Desktop/projects/git/bank_data_processing/myenv/lib/python3.11/site-packages/airflow/example_dags/example_time_delta_sensor_async.py
[2024-07-12T02:04:25.032+0530] {logging_mixin.py:188} INFO - [2024-07-12T02:04:25.031+0530] {dag.py:3096} INFO - Sync 1 DAGs
[2024-07-12T02:04:25.043+0530] {logging_mixin.py:188} INFO - [2024-07-12T02:04:25.043+0530] {dag.py:3954} INFO - Setting next_dagrun for example_time_delta_sensor_async to None, run_after=None
[2024-07-12T02:04:25.063+0530] {processor.py:183} INFO - Processing /home/kali/Desktop/projects/git/bank_data_processing/myenv/lib/python3.11/site-packages/airflow/example_dags/example_time_delta_sensor_async.py took 0.065 seconds
[2024-07-12T02:04:56.701+0530] {processor.py:161} INFO - Started process (PID=54742) to work on /home/kali/Desktop/projects/git/bank_data_processing/myenv/lib/python3.11/site-packages/airflow/example_dags/example_time_delta_sensor_async.py
[2024-07-12T02:04:56.702+0530] {processor.py:830} INFO - Processing file /home/kali/Desktop/projects/git/bank_data_processing/myenv/lib/python3.11/site-packages/airflow/example_dags/example_time_delta_sensor_async.py for tasks to queue
[2024-07-12T02:04:56.706+0530] {logging_mixin.py:188} INFO - [2024-07-12T02:04:56.705+0530] {dagbag.py:545} INFO - Filling up the DagBag from /home/kali/Desktop/projects/git/bank_data_processing/myenv/lib/python3.11/site-packages/airflow/example_dags/example_time_delta_sensor_async.py
[2024-07-12T02:04:56.713+0530] {processor.py:840} INFO - DAG(s) 'example_time_delta_sensor_async' retrieved from /home/kali/Desktop/projects/git/bank_data_processing/myenv/lib/python3.11/site-packages/airflow/example_dags/example_time_delta_sensor_async.py
[2024-07-12T02:04:56.734+0530] {logging_mixin.py:188} INFO - [2024-07-12T02:04:56.734+0530] {dag.py:3096} INFO - Sync 1 DAGs
[2024-07-12T02:04:56.749+0530] {logging_mixin.py:188} INFO - [2024-07-12T02:04:56.749+0530] {dag.py:3954} INFO - Setting next_dagrun for example_time_delta_sensor_async to None, run_after=None
[2024-07-12T02:04:56.785+0530] {processor.py:183} INFO - Processing /home/kali/Desktop/projects/git/bank_data_processing/myenv/lib/python3.11/site-packages/airflow/example_dags/example_time_delta_sensor_async.py took 0.091 seconds
[2024-07-12T02:05:27.304+0530] {processor.py:161} INFO - Started process (PID=55253) to work on /home/kali/Desktop/projects/git/bank_data_processing/myenv/lib/python3.11/site-packages/airflow/example_dags/example_time_delta_sensor_async.py
[2024-07-12T02:05:27.305+0530] {processor.py:830} INFO - Processing file /home/kali/Desktop/projects/git/bank_data_processing/myenv/lib/python3.11/site-packages/airflow/example_dags/example_time_delta_sensor_async.py for tasks to queue
[2024-07-12T02:05:27.306+0530] {logging_mixin.py:188} INFO - [2024-07-12T02:05:27.306+0530] {dagbag.py:545} INFO - Filling up the DagBag from /home/kali/Desktop/projects/git/bank_data_processing/myenv/lib/python3.11/site-packages/airflow/example_dags/example_time_delta_sensor_async.py
[2024-07-12T02:05:27.311+0530] {processor.py:840} INFO - DAG(s) 'example_time_delta_sensor_async' retrieved from /home/kali/Desktop/projects/git/bank_data_processing/myenv/lib/python3.11/site-packages/airflow/example_dags/example_time_delta_sensor_async.py
[2024-07-12T02:05:27.330+0530] {logging_mixin.py:188} INFO - [2024-07-12T02:05:27.329+0530] {dag.py:3096} INFO - Sync 1 DAGs
[2024-07-12T02:05:27.341+0530] {logging_mixin.py:188} INFO - [2024-07-12T02:05:27.341+0530] {dag.py:3954} INFO - Setting next_dagrun for example_time_delta_sensor_async to None, run_after=None
[2024-07-12T02:05:27.367+0530] {processor.py:183} INFO - Processing /home/kali/Desktop/projects/git/bank_data_processing/myenv/lib/python3.11/site-packages/airflow/example_dags/example_time_delta_sensor_async.py took 0.070 seconds
[2024-07-12T02:06:01.031+0530] {processor.py:161} INFO - Started process (PID=55802) to work on /home/kali/Desktop/projects/git/bank_data_processing/myenv/lib/python3.11/site-packages/airflow/example_dags/example_time_delta_sensor_async.py
[2024-07-12T02:06:01.032+0530] {processor.py:830} INFO - Processing file /home/kali/Desktop/projects/git/bank_data_processing/myenv/lib/python3.11/site-packages/airflow/example_dags/example_time_delta_sensor_async.py for tasks to queue
[2024-07-12T02:06:01.034+0530] {logging_mixin.py:188} INFO - [2024-07-12T02:06:01.034+0530] {dagbag.py:545} INFO - Filling up the DagBag from /home/kali/Desktop/projects/git/bank_data_processing/myenv/lib/python3.11/site-packages/airflow/example_dags/example_time_delta_sensor_async.py
[2024-07-12T02:06:01.044+0530] {processor.py:840} INFO - DAG(s) 'example_time_delta_sensor_async' retrieved from /home/kali/Desktop/projects/git/bank_data_processing/myenv/lib/python3.11/site-packages/airflow/example_dags/example_time_delta_sensor_async.py
[2024-07-12T02:06:01.069+0530] {logging_mixin.py:188} INFO - [2024-07-12T02:06:01.069+0530] {dag.py:3096} INFO - Sync 1 DAGs
[2024-07-12T02:06:01.096+0530] {logging_mixin.py:188} INFO - [2024-07-12T02:06:01.096+0530] {dag.py:3954} INFO - Setting next_dagrun for example_time_delta_sensor_async to None, run_after=None
[2024-07-12T02:06:01.134+0530] {processor.py:183} INFO - Processing /home/kali/Desktop/projects/git/bank_data_processing/myenv/lib/python3.11/site-packages/airflow/example_dags/example_time_delta_sensor_async.py took 0.115 seconds
[2024-07-12T02:06:32.348+0530] {processor.py:161} INFO - Started process (PID=56456) to work on /home/kali/Desktop/projects/git/bank_data_processing/myenv/lib/python3.11/site-packages/airflow/example_dags/example_time_delta_sensor_async.py
[2024-07-12T02:06:32.351+0530] {processor.py:830} INFO - Processing file /home/kali/Desktop/projects/git/bank_data_processing/myenv/lib/python3.11/site-packages/airflow/example_dags/example_time_delta_sensor_async.py for tasks to queue
[2024-07-12T02:06:32.355+0530] {logging_mixin.py:188} INFO - [2024-07-12T02:06:32.355+0530] {dagbag.py:545} INFO - Filling up the DagBag from /home/kali/Desktop/projects/git/bank_data_processing/myenv/lib/python3.11/site-packages/airflow/example_dags/example_time_delta_sensor_async.py
[2024-07-12T02:06:32.369+0530] {processor.py:840} INFO - DAG(s) 'example_time_delta_sensor_async' retrieved from /home/kali/Desktop/projects/git/bank_data_processing/myenv/lib/python3.11/site-packages/airflow/example_dags/example_time_delta_sensor_async.py
[2024-07-12T02:06:32.407+0530] {logging_mixin.py:188} INFO - [2024-07-12T02:06:32.406+0530] {dag.py:3096} INFO - Sync 1 DAGs
[2024-07-12T02:06:32.433+0530] {logging_mixin.py:188} INFO - [2024-07-12T02:06:32.432+0530] {dag.py:3954} INFO - Setting next_dagrun for example_time_delta_sensor_async to None, run_after=None
[2024-07-12T02:06:32.478+0530] {processor.py:183} INFO - Processing /home/kali/Desktop/projects/git/bank_data_processing/myenv/lib/python3.11/site-packages/airflow/example_dags/example_time_delta_sensor_async.py took 0.149 seconds
[2024-07-12T02:07:04.050+0530] {processor.py:161} INFO - Started process (PID=57159) to work on /home/kali/Desktop/projects/git/bank_data_processing/myenv/lib/python3.11/site-packages/airflow/example_dags/example_time_delta_sensor_async.py
[2024-07-12T02:07:04.051+0530] {processor.py:830} INFO - Processing file /home/kali/Desktop/projects/git/bank_data_processing/myenv/lib/python3.11/site-packages/airflow/example_dags/example_time_delta_sensor_async.py for tasks to queue
[2024-07-12T02:07:04.053+0530] {logging_mixin.py:188} INFO - [2024-07-12T02:07:04.052+0530] {dagbag.py:545} INFO - Filling up the DagBag from /home/kali/Desktop/projects/git/bank_data_processing/myenv/lib/python3.11/site-packages/airflow/example_dags/example_time_delta_sensor_async.py
[2024-07-12T02:07:04.062+0530] {processor.py:840} INFO - DAG(s) 'example_time_delta_sensor_async' retrieved from /home/kali/Desktop/projects/git/bank_data_processing/myenv/lib/python3.11/site-packages/airflow/example_dags/example_time_delta_sensor_async.py
[2024-07-12T02:07:04.091+0530] {logging_mixin.py:188} INFO - [2024-07-12T02:07:04.090+0530] {dag.py:3096} INFO - Sync 1 DAGs
[2024-07-12T02:07:04.114+0530] {logging_mixin.py:188} INFO - [2024-07-12T02:07:04.113+0530] {dag.py:3954} INFO - Setting next_dagrun for example_time_delta_sensor_async to None, run_after=None
[2024-07-12T02:07:04.144+0530] {processor.py:183} INFO - Processing /home/kali/Desktop/projects/git/bank_data_processing/myenv/lib/python3.11/site-packages/airflow/example_dags/example_time_delta_sensor_async.py took 0.107 seconds
[2024-07-12T02:07:35.441+0530] {processor.py:161} INFO - Started process (PID=57852) to work on /home/kali/Desktop/projects/git/bank_data_processing/myenv/lib/python3.11/site-packages/airflow/example_dags/example_time_delta_sensor_async.py
[2024-07-12T02:07:35.443+0530] {processor.py:830} INFO - Processing file /home/kali/Desktop/projects/git/bank_data_processing/myenv/lib/python3.11/site-packages/airflow/example_dags/example_time_delta_sensor_async.py for tasks to queue
[2024-07-12T02:07:35.444+0530] {logging_mixin.py:188} INFO - [2024-07-12T02:07:35.444+0530] {dagbag.py:545} INFO - Filling up the DagBag from /home/kali/Desktop/projects/git/bank_data_processing/myenv/lib/python3.11/site-packages/airflow/example_dags/example_time_delta_sensor_async.py
[2024-07-12T02:07:35.450+0530] {processor.py:840} INFO - DAG(s) 'example_time_delta_sensor_async' retrieved from /home/kali/Desktop/projects/git/bank_data_processing/myenv/lib/python3.11/site-packages/airflow/example_dags/example_time_delta_sensor_async.py
[2024-07-12T02:07:35.476+0530] {logging_mixin.py:188} INFO - [2024-07-12T02:07:35.476+0530] {dag.py:3096} INFO - Sync 1 DAGs
[2024-07-12T02:07:35.492+0530] {logging_mixin.py:188} INFO - [2024-07-12T02:07:35.492+0530] {dag.py:3954} INFO - Setting next_dagrun for example_time_delta_sensor_async to None, run_after=None
[2024-07-12T02:07:35.517+0530] {processor.py:183} INFO - Processing /home/kali/Desktop/projects/git/bank_data_processing/myenv/lib/python3.11/site-packages/airflow/example_dags/example_time_delta_sensor_async.py took 0.087 seconds
[2024-07-12T02:08:06.428+0530] {processor.py:161} INFO - Started process (PID=58380) to work on /home/kali/Desktop/projects/git/bank_data_processing/myenv/lib/python3.11/site-packages/airflow/example_dags/example_time_delta_sensor_async.py
[2024-07-12T02:08:06.431+0530] {processor.py:830} INFO - Processing file /home/kali/Desktop/projects/git/bank_data_processing/myenv/lib/python3.11/site-packages/airflow/example_dags/example_time_delta_sensor_async.py for tasks to queue
[2024-07-12T02:08:06.433+0530] {logging_mixin.py:188} INFO - [2024-07-12T02:08:06.432+0530] {dagbag.py:545} INFO - Filling up the DagBag from /home/kali/Desktop/projects/git/bank_data_processing/myenv/lib/python3.11/site-packages/airflow/example_dags/example_time_delta_sensor_async.py
[2024-07-12T02:08:06.439+0530] {processor.py:840} INFO - DAG(s) 'example_time_delta_sensor_async' retrieved from /home/kali/Desktop/projects/git/bank_data_processing/myenv/lib/python3.11/site-packages/airflow/example_dags/example_time_delta_sensor_async.py
[2024-07-12T02:08:06.461+0530] {logging_mixin.py:188} INFO - [2024-07-12T02:08:06.461+0530] {dag.py:3096} INFO - Sync 1 DAGs
[2024-07-12T02:08:06.477+0530] {logging_mixin.py:188} INFO - [2024-07-12T02:08:06.477+0530] {dag.py:3954} INFO - Setting next_dagrun for example_time_delta_sensor_async to None, run_after=None
[2024-07-12T02:08:06.506+0530] {processor.py:183} INFO - Processing /home/kali/Desktop/projects/git/bank_data_processing/myenv/lib/python3.11/site-packages/airflow/example_dags/example_time_delta_sensor_async.py took 0.088 seconds
[2024-07-12T02:08:37.763+0530] {processor.py:161} INFO - Started process (PID=58927) to work on /home/kali/Desktop/projects/git/bank_data_processing/myenv/lib/python3.11/site-packages/airflow/example_dags/example_time_delta_sensor_async.py
[2024-07-12T02:08:37.764+0530] {processor.py:830} INFO - Processing file /home/kali/Desktop/projects/git/bank_data_processing/myenv/lib/python3.11/site-packages/airflow/example_dags/example_time_delta_sensor_async.py for tasks to queue
[2024-07-12T02:08:37.766+0530] {logging_mixin.py:188} INFO - [2024-07-12T02:08:37.765+0530] {dagbag.py:545} INFO - Filling up the DagBag from /home/kali/Desktop/projects/git/bank_data_processing/myenv/lib/python3.11/site-packages/airflow/example_dags/example_time_delta_sensor_async.py
[2024-07-12T02:08:37.775+0530] {processor.py:840} INFO - DAG(s) 'example_time_delta_sensor_async' retrieved from /home/kali/Desktop/projects/git/bank_data_processing/myenv/lib/python3.11/site-packages/airflow/example_dags/example_time_delta_sensor_async.py
[2024-07-12T02:08:37.799+0530] {logging_mixin.py:188} INFO - [2024-07-12T02:08:37.798+0530] {dag.py:3096} INFO - Sync 1 DAGs
[2024-07-12T02:08:37.815+0530] {logging_mixin.py:188} INFO - [2024-07-12T02:08:37.815+0530] {dag.py:3954} INFO - Setting next_dagrun for example_time_delta_sensor_async to None, run_after=None
[2024-07-12T02:08:37.848+0530] {processor.py:183} INFO - Processing /home/kali/Desktop/projects/git/bank_data_processing/myenv/lib/python3.11/site-packages/airflow/example_dags/example_time_delta_sensor_async.py took 0.096 seconds
[2024-07-12T02:09:08.918+0530] {processor.py:161} INFO - Started process (PID=59565) to work on /home/kali/Desktop/projects/git/bank_data_processing/myenv/lib/python3.11/site-packages/airflow/example_dags/example_time_delta_sensor_async.py
[2024-07-12T02:09:08.919+0530] {processor.py:830} INFO - Processing file /home/kali/Desktop/projects/git/bank_data_processing/myenv/lib/python3.11/site-packages/airflow/example_dags/example_time_delta_sensor_async.py for tasks to queue
[2024-07-12T02:09:08.920+0530] {logging_mixin.py:188} INFO - [2024-07-12T02:09:08.920+0530] {dagbag.py:545} INFO - Filling up the DagBag from /home/kali/Desktop/projects/git/bank_data_processing/myenv/lib/python3.11/site-packages/airflow/example_dags/example_time_delta_sensor_async.py
[2024-07-12T02:09:08.927+0530] {processor.py:840} INFO - DAG(s) 'example_time_delta_sensor_async' retrieved from /home/kali/Desktop/projects/git/bank_data_processing/myenv/lib/python3.11/site-packages/airflow/example_dags/example_time_delta_sensor_async.py
[2024-07-12T02:09:08.953+0530] {logging_mixin.py:188} INFO - [2024-07-12T02:09:08.953+0530] {dag.py:3096} INFO - Sync 1 DAGs
[2024-07-12T02:09:08.975+0530] {logging_mixin.py:188} INFO - [2024-07-12T02:09:08.974+0530] {dag.py:3954} INFO - Setting next_dagrun for example_time_delta_sensor_async to None, run_after=None
[2024-07-12T02:09:09.010+0530] {processor.py:183} INFO - Processing /home/kali/Desktop/projects/git/bank_data_processing/myenv/lib/python3.11/site-packages/airflow/example_dags/example_time_delta_sensor_async.py took 0.102 seconds
[2024-07-12T02:09:40.599+0530] {processor.py:161} INFO - Started process (PID=60263) to work on /home/kali/Desktop/projects/git/bank_data_processing/myenv/lib/python3.11/site-packages/airflow/example_dags/example_time_delta_sensor_async.py
[2024-07-12T02:09:40.601+0530] {processor.py:830} INFO - Processing file /home/kali/Desktop/projects/git/bank_data_processing/myenv/lib/python3.11/site-packages/airflow/example_dags/example_time_delta_sensor_async.py for tasks to queue
[2024-07-12T02:09:40.602+0530] {logging_mixin.py:188} INFO - [2024-07-12T02:09:40.601+0530] {dagbag.py:545} INFO - Filling up the DagBag from /home/kali/Desktop/projects/git/bank_data_processing/myenv/lib/python3.11/site-packages/airflow/example_dags/example_time_delta_sensor_async.py
[2024-07-12T02:09:40.610+0530] {processor.py:840} INFO - DAG(s) 'example_time_delta_sensor_async' retrieved from /home/kali/Desktop/projects/git/bank_data_processing/myenv/lib/python3.11/site-packages/airflow/example_dags/example_time_delta_sensor_async.py
[2024-07-12T02:09:40.634+0530] {logging_mixin.py:188} INFO - [2024-07-12T02:09:40.634+0530] {dag.py:3096} INFO - Sync 1 DAGs
[2024-07-12T02:09:40.652+0530] {logging_mixin.py:188} INFO - [2024-07-12T02:09:40.651+0530] {dag.py:3954} INFO - Setting next_dagrun for example_time_delta_sensor_async to None, run_after=None
[2024-07-12T02:09:40.699+0530] {processor.py:183} INFO - Processing /home/kali/Desktop/projects/git/bank_data_processing/myenv/lib/python3.11/site-packages/airflow/example_dags/example_time_delta_sensor_async.py took 0.109 seconds
