[2024-07-12T01:47:45.239+0530] {processor.py:161} INFO - Started process (PID=36530) to work on /home/kali/Desktop/projects/git/bank_data_processing/myenv/lib/python3.11/site-packages/airflow/example_dags/example_trigger_controller_dag.py
[2024-07-12T01:47:45.240+0530] {processor.py:830} INFO - Processing file /home/kali/Desktop/projects/git/bank_data_processing/myenv/lib/python3.11/site-packages/airflow/example_dags/example_trigger_controller_dag.py for tasks to queue
[2024-07-12T01:47:45.243+0530] {logging_mixin.py:188} INFO - [2024-07-12T01:47:45.242+0530] {dagbag.py:545} INFO - Filling up the DagBag from /home/kali/Desktop/projects/git/bank_data_processing/myenv/lib/python3.11/site-packages/airflow/example_dags/example_trigger_controller_dag.py
[2024-07-12T01:47:45.250+0530] {processor.py:840} INFO - DAG(s) 'example_trigger_controller_dag' retrieved from /home/kali/Desktop/projects/git/bank_data_processing/myenv/lib/python3.11/site-packages/airflow/example_dags/example_trigger_controller_dag.py
[2024-07-12T01:47:45.414+0530] {logging_mixin.py:188} INFO - [2024-07-12T01:47:45.414+0530] {dag.py:3096} INFO - Sync 1 DAGs
[2024-07-12T01:47:45.443+0530] {logging_mixin.py:188} INFO - [2024-07-12T01:47:45.442+0530] {dag.py:3954} INFO - Setting next_dagrun for example_trigger_controller_dag to 2021-01-01 00:00:00+00:00, run_after=2021-01-01 00:00:00+00:00
[2024-07-12T01:47:45.473+0530] {processor.py:183} INFO - Processing /home/kali/Desktop/projects/git/bank_data_processing/myenv/lib/python3.11/site-packages/airflow/example_dags/example_trigger_controller_dag.py took 0.245 seconds
[2024-07-12T01:48:15.523+0530] {processor.py:161} INFO - Started process (PID=37034) to work on /home/kali/Desktop/projects/git/bank_data_processing/myenv/lib/python3.11/site-packages/airflow/example_dags/example_trigger_controller_dag.py
[2024-07-12T01:48:15.524+0530] {processor.py:830} INFO - Processing file /home/kali/Desktop/projects/git/bank_data_processing/myenv/lib/python3.11/site-packages/airflow/example_dags/example_trigger_controller_dag.py for tasks to queue
[2024-07-12T01:48:15.526+0530] {logging_mixin.py:188} INFO - [2024-07-12T01:48:15.525+0530] {dagbag.py:545} INFO - Filling up the DagBag from /home/kali/Desktop/projects/git/bank_data_processing/myenv/lib/python3.11/site-packages/airflow/example_dags/example_trigger_controller_dag.py
[2024-07-12T01:48:15.533+0530] {processor.py:840} INFO - DAG(s) 'example_trigger_controller_dag' retrieved from /home/kali/Desktop/projects/git/bank_data_processing/myenv/lib/python3.11/site-packages/airflow/example_dags/example_trigger_controller_dag.py
[2024-07-12T01:48:15.555+0530] {logging_mixin.py:188} INFO - [2024-07-12T01:48:15.555+0530] {dag.py:3096} INFO - Sync 1 DAGs
[2024-07-12T01:48:15.582+0530] {logging_mixin.py:188} INFO - [2024-07-12T01:48:15.581+0530] {dag.py:3954} INFO - Setting next_dagrun for example_trigger_controller_dag to 2021-01-01 00:00:00+00:00, run_after=2021-01-01 00:00:00+00:00
[2024-07-12T01:48:15.608+0530] {processor.py:183} INFO - Processing /home/kali/Desktop/projects/git/bank_data_processing/myenv/lib/python3.11/site-packages/airflow/example_dags/example_trigger_controller_dag.py took 0.094 seconds
[2024-07-12T01:48:45.649+0530] {processor.py:161} INFO - Started process (PID=37409) to work on /home/kali/Desktop/projects/git/bank_data_processing/myenv/lib/python3.11/site-packages/airflow/example_dags/example_trigger_controller_dag.py
[2024-07-12T01:48:45.650+0530] {processor.py:830} INFO - Processing file /home/kali/Desktop/projects/git/bank_data_processing/myenv/lib/python3.11/site-packages/airflow/example_dags/example_trigger_controller_dag.py for tasks to queue
[2024-07-12T01:48:45.652+0530] {logging_mixin.py:188} INFO - [2024-07-12T01:48:45.652+0530] {dagbag.py:545} INFO - Filling up the DagBag from /home/kali/Desktop/projects/git/bank_data_processing/myenv/lib/python3.11/site-packages/airflow/example_dags/example_trigger_controller_dag.py
[2024-07-12T01:48:45.661+0530] {processor.py:840} INFO - DAG(s) 'example_trigger_controller_dag' retrieved from /home/kali/Desktop/projects/git/bank_data_processing/myenv/lib/python3.11/site-packages/airflow/example_dags/example_trigger_controller_dag.py
[2024-07-12T01:48:45.692+0530] {logging_mixin.py:188} INFO - [2024-07-12T01:48:45.692+0530] {dag.py:3096} INFO - Sync 1 DAGs
[2024-07-12T01:48:45.726+0530] {logging_mixin.py:188} INFO - [2024-07-12T01:48:45.726+0530] {dag.py:3954} INFO - Setting next_dagrun for example_trigger_controller_dag to 2021-01-01 00:00:00+00:00, run_after=2021-01-01 00:00:00+00:00
[2024-07-12T01:48:45.750+0530] {processor.py:183} INFO - Processing /home/kali/Desktop/projects/git/bank_data_processing/myenv/lib/python3.11/site-packages/airflow/example_dags/example_trigger_controller_dag.py took 0.110 seconds
[2024-07-12T01:49:16.652+0530] {processor.py:161} INFO - Started process (PID=37883) to work on /home/kali/Desktop/projects/git/bank_data_processing/myenv/lib/python3.11/site-packages/airflow/example_dags/example_trigger_controller_dag.py
[2024-07-12T01:49:16.653+0530] {processor.py:830} INFO - Processing file /home/kali/Desktop/projects/git/bank_data_processing/myenv/lib/python3.11/site-packages/airflow/example_dags/example_trigger_controller_dag.py for tasks to queue
[2024-07-12T01:49:16.654+0530] {logging_mixin.py:188} INFO - [2024-07-12T01:49:16.654+0530] {dagbag.py:545} INFO - Filling up the DagBag from /home/kali/Desktop/projects/git/bank_data_processing/myenv/lib/python3.11/site-packages/airflow/example_dags/example_trigger_controller_dag.py
[2024-07-12T01:49:16.660+0530] {processor.py:840} INFO - DAG(s) 'example_trigger_controller_dag' retrieved from /home/kali/Desktop/projects/git/bank_data_processing/myenv/lib/python3.11/site-packages/airflow/example_dags/example_trigger_controller_dag.py
[2024-07-12T01:49:16.679+0530] {logging_mixin.py:188} INFO - [2024-07-12T01:49:16.679+0530] {dag.py:3096} INFO - Sync 1 DAGs
[2024-07-12T01:49:16.815+0530] {logging_mixin.py:188} INFO - [2024-07-12T01:49:16.814+0530] {dag.py:3954} INFO - Setting next_dagrun for example_trigger_controller_dag to 2021-01-01 00:00:00+00:00, run_after=2021-01-01 00:00:00+00:00
[2024-07-12T01:49:16.836+0530] {processor.py:183} INFO - Processing /home/kali/Desktop/projects/git/bank_data_processing/myenv/lib/python3.11/site-packages/airflow/example_dags/example_trigger_controller_dag.py took 0.190 seconds
[2024-07-12T01:49:47.374+0530] {processor.py:161} INFO - Started process (PID=38214) to work on /home/kali/Desktop/projects/git/bank_data_processing/myenv/lib/python3.11/site-packages/airflow/example_dags/example_trigger_controller_dag.py
[2024-07-12T01:49:47.375+0530] {processor.py:830} INFO - Processing file /home/kali/Desktop/projects/git/bank_data_processing/myenv/lib/python3.11/site-packages/airflow/example_dags/example_trigger_controller_dag.py for tasks to queue
[2024-07-12T01:49:47.377+0530] {logging_mixin.py:188} INFO - [2024-07-12T01:49:47.377+0530] {dagbag.py:545} INFO - Filling up the DagBag from /home/kali/Desktop/projects/git/bank_data_processing/myenv/lib/python3.11/site-packages/airflow/example_dags/example_trigger_controller_dag.py
[2024-07-12T01:49:47.383+0530] {processor.py:840} INFO - DAG(s) 'example_trigger_controller_dag' retrieved from /home/kali/Desktop/projects/git/bank_data_processing/myenv/lib/python3.11/site-packages/airflow/example_dags/example_trigger_controller_dag.py
[2024-07-12T01:49:47.402+0530] {logging_mixin.py:188} INFO - [2024-07-12T01:49:47.401+0530] {dag.py:3096} INFO - Sync 1 DAGs
[2024-07-12T01:49:47.424+0530] {logging_mixin.py:188} INFO - [2024-07-12T01:49:47.424+0530] {dag.py:3954} INFO - Setting next_dagrun for example_trigger_controller_dag to 2021-01-01 00:00:00+00:00, run_after=2021-01-01 00:00:00+00:00
[2024-07-12T01:49:47.444+0530] {processor.py:183} INFO - Processing /home/kali/Desktop/projects/git/bank_data_processing/myenv/lib/python3.11/site-packages/airflow/example_dags/example_trigger_controller_dag.py took 0.080 seconds
[2024-07-12T01:50:18.610+0530] {processor.py:161} INFO - Started process (PID=38562) to work on /home/kali/Desktop/projects/git/bank_data_processing/myenv/lib/python3.11/site-packages/airflow/example_dags/example_trigger_controller_dag.py
[2024-07-12T01:50:18.611+0530] {processor.py:830} INFO - Processing file /home/kali/Desktop/projects/git/bank_data_processing/myenv/lib/python3.11/site-packages/airflow/example_dags/example_trigger_controller_dag.py for tasks to queue
[2024-07-12T01:50:18.616+0530] {logging_mixin.py:188} INFO - [2024-07-12T01:50:18.614+0530] {dagbag.py:545} INFO - Filling up the DagBag from /home/kali/Desktop/projects/git/bank_data_processing/myenv/lib/python3.11/site-packages/airflow/example_dags/example_trigger_controller_dag.py
[2024-07-12T01:50:18.623+0530] {processor.py:840} INFO - DAG(s) 'example_trigger_controller_dag' retrieved from /home/kali/Desktop/projects/git/bank_data_processing/myenv/lib/python3.11/site-packages/airflow/example_dags/example_trigger_controller_dag.py
[2024-07-12T01:50:18.658+0530] {logging_mixin.py:188} INFO - [2024-07-12T01:50:18.658+0530] {dag.py:3096} INFO - Sync 1 DAGs
[2024-07-12T01:50:18.706+0530] {logging_mixin.py:188} INFO - [2024-07-12T01:50:18.706+0530] {dag.py:3954} INFO - Setting next_dagrun for example_trigger_controller_dag to 2021-01-01 00:00:00+00:00, run_after=2021-01-01 00:00:00+00:00
[2024-07-12T01:50:18.742+0530] {processor.py:183} INFO - Processing /home/kali/Desktop/projects/git/bank_data_processing/myenv/lib/python3.11/site-packages/airflow/example_dags/example_trigger_controller_dag.py took 0.142 seconds
[2024-07-12T01:50:49.252+0530] {processor.py:161} INFO - Started process (PID=39003) to work on /home/kali/Desktop/projects/git/bank_data_processing/myenv/lib/python3.11/site-packages/airflow/example_dags/example_trigger_controller_dag.py
[2024-07-12T01:50:49.255+0530] {processor.py:830} INFO - Processing file /home/kali/Desktop/projects/git/bank_data_processing/myenv/lib/python3.11/site-packages/airflow/example_dags/example_trigger_controller_dag.py for tasks to queue
[2024-07-12T01:50:49.260+0530] {logging_mixin.py:188} INFO - [2024-07-12T01:50:49.259+0530] {dagbag.py:545} INFO - Filling up the DagBag from /home/kali/Desktop/projects/git/bank_data_processing/myenv/lib/python3.11/site-packages/airflow/example_dags/example_trigger_controller_dag.py
[2024-07-12T01:50:49.276+0530] {processor.py:840} INFO - DAG(s) 'example_trigger_controller_dag' retrieved from /home/kali/Desktop/projects/git/bank_data_processing/myenv/lib/python3.11/site-packages/airflow/example_dags/example_trigger_controller_dag.py
[2024-07-12T01:50:49.311+0530] {logging_mixin.py:188} INFO - [2024-07-12T01:50:49.310+0530] {dag.py:3096} INFO - Sync 1 DAGs
[2024-07-12T01:50:49.355+0530] {logging_mixin.py:188} INFO - [2024-07-12T01:50:49.355+0530] {dag.py:3954} INFO - Setting next_dagrun for example_trigger_controller_dag to 2021-01-01 00:00:00+00:00, run_after=2021-01-01 00:00:00+00:00
[2024-07-12T01:50:49.395+0530] {processor.py:183} INFO - Processing /home/kali/Desktop/projects/git/bank_data_processing/myenv/lib/python3.11/site-packages/airflow/example_dags/example_trigger_controller_dag.py took 0.163 seconds
[2024-07-12T01:51:19.519+0530] {processor.py:161} INFO - Started process (PID=39405) to work on /home/kali/Desktop/projects/git/bank_data_processing/myenv/lib/python3.11/site-packages/airflow/example_dags/example_trigger_controller_dag.py
[2024-07-12T01:51:19.520+0530] {processor.py:830} INFO - Processing file /home/kali/Desktop/projects/git/bank_data_processing/myenv/lib/python3.11/site-packages/airflow/example_dags/example_trigger_controller_dag.py for tasks to queue
[2024-07-12T01:51:19.522+0530] {logging_mixin.py:188} INFO - [2024-07-12T01:51:19.522+0530] {dagbag.py:545} INFO - Filling up the DagBag from /home/kali/Desktop/projects/git/bank_data_processing/myenv/lib/python3.11/site-packages/airflow/example_dags/example_trigger_controller_dag.py
[2024-07-12T01:51:19.529+0530] {processor.py:840} INFO - DAG(s) 'example_trigger_controller_dag' retrieved from /home/kali/Desktop/projects/git/bank_data_processing/myenv/lib/python3.11/site-packages/airflow/example_dags/example_trigger_controller_dag.py
[2024-07-12T01:51:19.548+0530] {logging_mixin.py:188} INFO - [2024-07-12T01:51:19.548+0530] {dag.py:3096} INFO - Sync 1 DAGs
[2024-07-12T01:51:19.570+0530] {logging_mixin.py:188} INFO - [2024-07-12T01:51:19.570+0530] {dag.py:3954} INFO - Setting next_dagrun for example_trigger_controller_dag to 2021-01-01 00:00:00+00:00, run_after=2021-01-01 00:00:00+00:00
[2024-07-12T01:51:19.589+0530] {processor.py:183} INFO - Processing /home/kali/Desktop/projects/git/bank_data_processing/myenv/lib/python3.11/site-packages/airflow/example_dags/example_trigger_controller_dag.py took 0.078 seconds
[2024-07-12T01:51:50.556+0530] {processor.py:161} INFO - Started process (PID=39969) to work on /home/kali/Desktop/projects/git/bank_data_processing/myenv/lib/python3.11/site-packages/airflow/example_dags/example_trigger_controller_dag.py
[2024-07-12T01:51:50.557+0530] {processor.py:830} INFO - Processing file /home/kali/Desktop/projects/git/bank_data_processing/myenv/lib/python3.11/site-packages/airflow/example_dags/example_trigger_controller_dag.py for tasks to queue
[2024-07-12T01:51:50.559+0530] {logging_mixin.py:188} INFO - [2024-07-12T01:51:50.559+0530] {dagbag.py:545} INFO - Filling up the DagBag from /home/kali/Desktop/projects/git/bank_data_processing/myenv/lib/python3.11/site-packages/airflow/example_dags/example_trigger_controller_dag.py
[2024-07-12T01:51:50.569+0530] {processor.py:840} INFO - DAG(s) 'example_trigger_controller_dag' retrieved from /home/kali/Desktop/projects/git/bank_data_processing/myenv/lib/python3.11/site-packages/airflow/example_dags/example_trigger_controller_dag.py
[2024-07-12T01:51:50.592+0530] {logging_mixin.py:188} INFO - [2024-07-12T01:51:50.592+0530] {dag.py:3096} INFO - Sync 1 DAGs
[2024-07-12T01:51:50.623+0530] {logging_mixin.py:188} INFO - [2024-07-12T01:51:50.623+0530] {dag.py:3954} INFO - Setting next_dagrun for example_trigger_controller_dag to 2021-01-01 00:00:00+00:00, run_after=2021-01-01 00:00:00+00:00
[2024-07-12T01:51:50.656+0530] {processor.py:183} INFO - Processing /home/kali/Desktop/projects/git/bank_data_processing/myenv/lib/python3.11/site-packages/airflow/example_dags/example_trigger_controller_dag.py took 0.117 seconds
[2024-07-12T01:52:20.982+0530] {processor.py:161} INFO - Started process (PID=40663) to work on /home/kali/Desktop/projects/git/bank_data_processing/myenv/lib/python3.11/site-packages/airflow/example_dags/example_trigger_controller_dag.py
[2024-07-12T01:52:20.983+0530] {processor.py:830} INFO - Processing file /home/kali/Desktop/projects/git/bank_data_processing/myenv/lib/python3.11/site-packages/airflow/example_dags/example_trigger_controller_dag.py for tasks to queue
[2024-07-12T01:52:20.985+0530] {logging_mixin.py:188} INFO - [2024-07-12T01:52:20.984+0530] {dagbag.py:545} INFO - Filling up the DagBag from /home/kali/Desktop/projects/git/bank_data_processing/myenv/lib/python3.11/site-packages/airflow/example_dags/example_trigger_controller_dag.py
[2024-07-12T01:52:20.989+0530] {processor.py:840} INFO - DAG(s) 'example_trigger_controller_dag' retrieved from /home/kali/Desktop/projects/git/bank_data_processing/myenv/lib/python3.11/site-packages/airflow/example_dags/example_trigger_controller_dag.py
[2024-07-12T01:52:21.006+0530] {logging_mixin.py:188} INFO - [2024-07-12T01:52:21.006+0530] {dag.py:3096} INFO - Sync 1 DAGs
[2024-07-12T01:52:21.025+0530] {logging_mixin.py:188} INFO - [2024-07-12T01:52:21.025+0530] {dag.py:3954} INFO - Setting next_dagrun for example_trigger_controller_dag to 2021-01-01 00:00:00+00:00, run_after=2021-01-01 00:00:00+00:00
[2024-07-12T01:52:21.045+0530] {processor.py:183} INFO - Processing /home/kali/Desktop/projects/git/bank_data_processing/myenv/lib/python3.11/site-packages/airflow/example_dags/example_trigger_controller_dag.py took 0.072 seconds
[2024-07-12T01:52:51.121+0530] {processor.py:161} INFO - Started process (PID=41305) to work on /home/kali/Desktop/projects/git/bank_data_processing/myenv/lib/python3.11/site-packages/airflow/example_dags/example_trigger_controller_dag.py
[2024-07-12T01:52:51.122+0530] {processor.py:830} INFO - Processing file /home/kali/Desktop/projects/git/bank_data_processing/myenv/lib/python3.11/site-packages/airflow/example_dags/example_trigger_controller_dag.py for tasks to queue
[2024-07-12T01:52:51.124+0530] {logging_mixin.py:188} INFO - [2024-07-12T01:52:51.124+0530] {dagbag.py:545} INFO - Filling up the DagBag from /home/kali/Desktop/projects/git/bank_data_processing/myenv/lib/python3.11/site-packages/airflow/example_dags/example_trigger_controller_dag.py
[2024-07-12T01:52:51.130+0530] {processor.py:840} INFO - DAG(s) 'example_trigger_controller_dag' retrieved from /home/kali/Desktop/projects/git/bank_data_processing/myenv/lib/python3.11/site-packages/airflow/example_dags/example_trigger_controller_dag.py
[2024-07-12T01:52:51.148+0530] {logging_mixin.py:188} INFO - [2024-07-12T01:52:51.147+0530] {dag.py:3096} INFO - Sync 1 DAGs
[2024-07-12T01:52:51.169+0530] {logging_mixin.py:188} INFO - [2024-07-12T01:52:51.169+0530] {dag.py:3954} INFO - Setting next_dagrun for example_trigger_controller_dag to 2021-01-01 00:00:00+00:00, run_after=2021-01-01 00:00:00+00:00
[2024-07-12T01:52:51.191+0530] {processor.py:183} INFO - Processing /home/kali/Desktop/projects/git/bank_data_processing/myenv/lib/python3.11/site-packages/airflow/example_dags/example_trigger_controller_dag.py took 0.079 seconds
[2024-07-12T01:53:22.223+0530] {processor.py:161} INFO - Started process (PID=41944) to work on /home/kali/Desktop/projects/git/bank_data_processing/myenv/lib/python3.11/site-packages/airflow/example_dags/example_trigger_controller_dag.py
[2024-07-12T01:53:22.224+0530] {processor.py:830} INFO - Processing file /home/kali/Desktop/projects/git/bank_data_processing/myenv/lib/python3.11/site-packages/airflow/example_dags/example_trigger_controller_dag.py for tasks to queue
[2024-07-12T01:53:22.228+0530] {logging_mixin.py:188} INFO - [2024-07-12T01:53:22.226+0530] {dagbag.py:545} INFO - Filling up the DagBag from /home/kali/Desktop/projects/git/bank_data_processing/myenv/lib/python3.11/site-packages/airflow/example_dags/example_trigger_controller_dag.py
[2024-07-12T01:53:22.236+0530] {processor.py:840} INFO - DAG(s) 'example_trigger_controller_dag' retrieved from /home/kali/Desktop/projects/git/bank_data_processing/myenv/lib/python3.11/site-packages/airflow/example_dags/example_trigger_controller_dag.py
[2024-07-12T01:53:22.261+0530] {logging_mixin.py:188} INFO - [2024-07-12T01:53:22.261+0530] {dag.py:3096} INFO - Sync 1 DAGs
[2024-07-12T01:53:22.294+0530] {logging_mixin.py:188} INFO - [2024-07-12T01:53:22.293+0530] {dag.py:3954} INFO - Setting next_dagrun for example_trigger_controller_dag to 2021-01-01 00:00:00+00:00, run_after=2021-01-01 00:00:00+00:00
[2024-07-12T01:53:22.325+0530] {processor.py:183} INFO - Processing /home/kali/Desktop/projects/git/bank_data_processing/myenv/lib/python3.11/site-packages/airflow/example_dags/example_trigger_controller_dag.py took 0.115 seconds
[2024-07-12T01:53:52.676+0530] {processor.py:161} INFO - Started process (PID=42667) to work on /home/kali/Desktop/projects/git/bank_data_processing/myenv/lib/python3.11/site-packages/airflow/example_dags/example_trigger_controller_dag.py
[2024-07-12T01:53:52.677+0530] {processor.py:830} INFO - Processing file /home/kali/Desktop/projects/git/bank_data_processing/myenv/lib/python3.11/site-packages/airflow/example_dags/example_trigger_controller_dag.py for tasks to queue
[2024-07-12T01:53:52.679+0530] {logging_mixin.py:188} INFO - [2024-07-12T01:53:52.679+0530] {dagbag.py:545} INFO - Filling up the DagBag from /home/kali/Desktop/projects/git/bank_data_processing/myenv/lib/python3.11/site-packages/airflow/example_dags/example_trigger_controller_dag.py
[2024-07-12T01:53:52.684+0530] {processor.py:840} INFO - DAG(s) 'example_trigger_controller_dag' retrieved from /home/kali/Desktop/projects/git/bank_data_processing/myenv/lib/python3.11/site-packages/airflow/example_dags/example_trigger_controller_dag.py
[2024-07-12T01:53:52.712+0530] {logging_mixin.py:188} INFO - [2024-07-12T01:53:52.712+0530] {dag.py:3096} INFO - Sync 1 DAGs
[2024-07-12T01:53:52.754+0530] {logging_mixin.py:188} INFO - [2024-07-12T01:53:52.753+0530] {dag.py:3954} INFO - Setting next_dagrun for example_trigger_controller_dag to 2021-01-01 00:00:00+00:00, run_after=2021-01-01 00:00:00+00:00
[2024-07-12T01:53:52.791+0530] {processor.py:183} INFO - Processing /home/kali/Desktop/projects/git/bank_data_processing/myenv/lib/python3.11/site-packages/airflow/example_dags/example_trigger_controller_dag.py took 0.125 seconds
[2024-07-12T01:54:23.340+0530] {processor.py:161} INFO - Started process (PID=43307) to work on /home/kali/Desktop/projects/git/bank_data_processing/myenv/lib/python3.11/site-packages/airflow/example_dags/example_trigger_controller_dag.py
[2024-07-12T01:54:23.341+0530] {processor.py:830} INFO - Processing file /home/kali/Desktop/projects/git/bank_data_processing/myenv/lib/python3.11/site-packages/airflow/example_dags/example_trigger_controller_dag.py for tasks to queue
[2024-07-12T01:54:23.343+0530] {logging_mixin.py:188} INFO - [2024-07-12T01:54:23.343+0530] {dagbag.py:545} INFO - Filling up the DagBag from /home/kali/Desktop/projects/git/bank_data_processing/myenv/lib/python3.11/site-packages/airflow/example_dags/example_trigger_controller_dag.py
[2024-07-12T01:54:23.348+0530] {processor.py:840} INFO - DAG(s) 'example_trigger_controller_dag' retrieved from /home/kali/Desktop/projects/git/bank_data_processing/myenv/lib/python3.11/site-packages/airflow/example_dags/example_trigger_controller_dag.py
[2024-07-12T01:54:23.366+0530] {logging_mixin.py:188} INFO - [2024-07-12T01:54:23.366+0530] {dag.py:3096} INFO - Sync 1 DAGs
[2024-07-12T01:54:23.387+0530] {logging_mixin.py:188} INFO - [2024-07-12T01:54:23.386+0530] {dag.py:3954} INFO - Setting next_dagrun for example_trigger_controller_dag to 2021-01-01 00:00:00+00:00, run_after=2021-01-01 00:00:00+00:00
[2024-07-12T01:54:23.409+0530] {processor.py:183} INFO - Processing /home/kali/Desktop/projects/git/bank_data_processing/myenv/lib/python3.11/site-packages/airflow/example_dags/example_trigger_controller_dag.py took 0.079 seconds
[2024-07-12T01:54:53.468+0530] {processor.py:161} INFO - Started process (PID=43879) to work on /home/kali/Desktop/projects/git/bank_data_processing/myenv/lib/python3.11/site-packages/airflow/example_dags/example_trigger_controller_dag.py
[2024-07-12T01:54:53.469+0530] {processor.py:830} INFO - Processing file /home/kali/Desktop/projects/git/bank_data_processing/myenv/lib/python3.11/site-packages/airflow/example_dags/example_trigger_controller_dag.py for tasks to queue
[2024-07-12T01:54:53.471+0530] {logging_mixin.py:188} INFO - [2024-07-12T01:54:53.471+0530] {dagbag.py:545} INFO - Filling up the DagBag from /home/kali/Desktop/projects/git/bank_data_processing/myenv/lib/python3.11/site-packages/airflow/example_dags/example_trigger_controller_dag.py
[2024-07-12T01:54:53.476+0530] {processor.py:840} INFO - DAG(s) 'example_trigger_controller_dag' retrieved from /home/kali/Desktop/projects/git/bank_data_processing/myenv/lib/python3.11/site-packages/airflow/example_dags/example_trigger_controller_dag.py
[2024-07-12T01:54:53.495+0530] {logging_mixin.py:188} INFO - [2024-07-12T01:54:53.495+0530] {dag.py:3096} INFO - Sync 1 DAGs
[2024-07-12T01:54:53.516+0530] {logging_mixin.py:188} INFO - [2024-07-12T01:54:53.515+0530] {dag.py:3954} INFO - Setting next_dagrun for example_trigger_controller_dag to 2021-01-01 00:00:00+00:00, run_after=2021-01-01 00:00:00+00:00
[2024-07-12T01:54:53.538+0530] {processor.py:183} INFO - Processing /home/kali/Desktop/projects/git/bank_data_processing/myenv/lib/python3.11/site-packages/airflow/example_dags/example_trigger_controller_dag.py took 0.079 seconds
[2024-07-12T01:55:24.295+0530] {processor.py:161} INFO - Started process (PID=44410) to work on /home/kali/Desktop/projects/git/bank_data_processing/myenv/lib/python3.11/site-packages/airflow/example_dags/example_trigger_controller_dag.py
[2024-07-12T01:55:24.297+0530] {processor.py:830} INFO - Processing file /home/kali/Desktop/projects/git/bank_data_processing/myenv/lib/python3.11/site-packages/airflow/example_dags/example_trigger_controller_dag.py for tasks to queue
[2024-07-12T01:55:24.302+0530] {logging_mixin.py:188} INFO - [2024-07-12T01:55:24.300+0530] {dagbag.py:545} INFO - Filling up the DagBag from /home/kali/Desktop/projects/git/bank_data_processing/myenv/lib/python3.11/site-packages/airflow/example_dags/example_trigger_controller_dag.py
[2024-07-12T01:55:24.314+0530] {processor.py:840} INFO - DAG(s) 'example_trigger_controller_dag' retrieved from /home/kali/Desktop/projects/git/bank_data_processing/myenv/lib/python3.11/site-packages/airflow/example_dags/example_trigger_controller_dag.py
[2024-07-12T01:55:24.364+0530] {logging_mixin.py:188} INFO - [2024-07-12T01:55:24.363+0530] {dag.py:3096} INFO - Sync 1 DAGs
[2024-07-12T01:55:24.420+0530] {logging_mixin.py:188} INFO - [2024-07-12T01:55:24.419+0530] {dag.py:3954} INFO - Setting next_dagrun for example_trigger_controller_dag to 2021-01-01 00:00:00+00:00, run_after=2021-01-01 00:00:00+00:00
[2024-07-12T01:55:24.471+0530] {processor.py:183} INFO - Processing /home/kali/Desktop/projects/git/bank_data_processing/myenv/lib/python3.11/site-packages/airflow/example_dags/example_trigger_controller_dag.py took 0.202 seconds
[2024-07-12T01:55:54.738+0530] {processor.py:161} INFO - Started process (PID=44891) to work on /home/kali/Desktop/projects/git/bank_data_processing/myenv/lib/python3.11/site-packages/airflow/example_dags/example_trigger_controller_dag.py
[2024-07-12T01:55:54.738+0530] {processor.py:830} INFO - Processing file /home/kali/Desktop/projects/git/bank_data_processing/myenv/lib/python3.11/site-packages/airflow/example_dags/example_trigger_controller_dag.py for tasks to queue
[2024-07-12T01:55:54.740+0530] {logging_mixin.py:188} INFO - [2024-07-12T01:55:54.740+0530] {dagbag.py:545} INFO - Filling up the DagBag from /home/kali/Desktop/projects/git/bank_data_processing/myenv/lib/python3.11/site-packages/airflow/example_dags/example_trigger_controller_dag.py
[2024-07-12T01:55:54.745+0530] {processor.py:840} INFO - DAG(s) 'example_trigger_controller_dag' retrieved from /home/kali/Desktop/projects/git/bank_data_processing/myenv/lib/python3.11/site-packages/airflow/example_dags/example_trigger_controller_dag.py
[2024-07-12T01:55:54.764+0530] {logging_mixin.py:188} INFO - [2024-07-12T01:55:54.764+0530] {dag.py:3096} INFO - Sync 1 DAGs
[2024-07-12T01:55:54.787+0530] {logging_mixin.py:188} INFO - [2024-07-12T01:55:54.786+0530] {dag.py:3954} INFO - Setting next_dagrun for example_trigger_controller_dag to 2021-01-01 00:00:00+00:00, run_after=2021-01-01 00:00:00+00:00
[2024-07-12T01:55:54.807+0530] {processor.py:183} INFO - Processing /home/kali/Desktop/projects/git/bank_data_processing/myenv/lib/python3.11/site-packages/airflow/example_dags/example_trigger_controller_dag.py took 0.080 seconds
[2024-07-12T01:56:25.133+0530] {processor.py:161} INFO - Started process (PID=45360) to work on /home/kali/Desktop/projects/git/bank_data_processing/myenv/lib/python3.11/site-packages/airflow/example_dags/example_trigger_controller_dag.py
[2024-07-12T01:56:25.134+0530] {processor.py:830} INFO - Processing file /home/kali/Desktop/projects/git/bank_data_processing/myenv/lib/python3.11/site-packages/airflow/example_dags/example_trigger_controller_dag.py for tasks to queue
[2024-07-12T01:56:25.136+0530] {logging_mixin.py:188} INFO - [2024-07-12T01:56:25.136+0530] {dagbag.py:545} INFO - Filling up the DagBag from /home/kali/Desktop/projects/git/bank_data_processing/myenv/lib/python3.11/site-packages/airflow/example_dags/example_trigger_controller_dag.py
[2024-07-12T01:56:25.142+0530] {processor.py:840} INFO - DAG(s) 'example_trigger_controller_dag' retrieved from /home/kali/Desktop/projects/git/bank_data_processing/myenv/lib/python3.11/site-packages/airflow/example_dags/example_trigger_controller_dag.py
[2024-07-12T01:56:25.165+0530] {logging_mixin.py:188} INFO - [2024-07-12T01:56:25.165+0530] {dag.py:3096} INFO - Sync 1 DAGs
[2024-07-12T01:56:25.191+0530] {logging_mixin.py:188} INFO - [2024-07-12T01:56:25.191+0530] {dag.py:3954} INFO - Setting next_dagrun for example_trigger_controller_dag to 2021-01-01 00:00:00+00:00, run_after=2021-01-01 00:00:00+00:00
[2024-07-12T01:56:25.219+0530] {processor.py:183} INFO - Processing /home/kali/Desktop/projects/git/bank_data_processing/myenv/lib/python3.11/site-packages/airflow/example_dags/example_trigger_controller_dag.py took 0.098 seconds
[2024-07-12T01:56:55.399+0530] {processor.py:161} INFO - Started process (PID=45929) to work on /home/kali/Desktop/projects/git/bank_data_processing/myenv/lib/python3.11/site-packages/airflow/example_dags/example_trigger_controller_dag.py
[2024-07-12T01:56:55.400+0530] {processor.py:830} INFO - Processing file /home/kali/Desktop/projects/git/bank_data_processing/myenv/lib/python3.11/site-packages/airflow/example_dags/example_trigger_controller_dag.py for tasks to queue
[2024-07-12T01:56:55.403+0530] {logging_mixin.py:188} INFO - [2024-07-12T01:56:55.402+0530] {dagbag.py:545} INFO - Filling up the DagBag from /home/kali/Desktop/projects/git/bank_data_processing/myenv/lib/python3.11/site-packages/airflow/example_dags/example_trigger_controller_dag.py
[2024-07-12T01:56:55.409+0530] {processor.py:840} INFO - DAG(s) 'example_trigger_controller_dag' retrieved from /home/kali/Desktop/projects/git/bank_data_processing/myenv/lib/python3.11/site-packages/airflow/example_dags/example_trigger_controller_dag.py
[2024-07-12T01:56:55.427+0530] {logging_mixin.py:188} INFO - [2024-07-12T01:56:55.427+0530] {dag.py:3096} INFO - Sync 1 DAGs
[2024-07-12T01:56:55.452+0530] {logging_mixin.py:188} INFO - [2024-07-12T01:56:55.452+0530] {dag.py:3954} INFO - Setting next_dagrun for example_trigger_controller_dag to 2021-01-01 00:00:00+00:00, run_after=2021-01-01 00:00:00+00:00
[2024-07-12T01:56:55.480+0530] {processor.py:183} INFO - Processing /home/kali/Desktop/projects/git/bank_data_processing/myenv/lib/python3.11/site-packages/airflow/example_dags/example_trigger_controller_dag.py took 0.092 seconds
[2024-07-12T01:57:25.590+0530] {processor.py:161} INFO - Started process (PID=46457) to work on /home/kali/Desktop/projects/git/bank_data_processing/myenv/lib/python3.11/site-packages/airflow/example_dags/example_trigger_controller_dag.py
[2024-07-12T01:57:25.591+0530] {processor.py:830} INFO - Processing file /home/kali/Desktop/projects/git/bank_data_processing/myenv/lib/python3.11/site-packages/airflow/example_dags/example_trigger_controller_dag.py for tasks to queue
[2024-07-12T01:57:25.592+0530] {logging_mixin.py:188} INFO - [2024-07-12T01:57:25.592+0530] {dagbag.py:545} INFO - Filling up the DagBag from /home/kali/Desktop/projects/git/bank_data_processing/myenv/lib/python3.11/site-packages/airflow/example_dags/example_trigger_controller_dag.py
[2024-07-12T01:57:25.597+0530] {processor.py:840} INFO - DAG(s) 'example_trigger_controller_dag' retrieved from /home/kali/Desktop/projects/git/bank_data_processing/myenv/lib/python3.11/site-packages/airflow/example_dags/example_trigger_controller_dag.py
[2024-07-12T01:57:25.613+0530] {logging_mixin.py:188} INFO - [2024-07-12T01:57:25.613+0530] {dag.py:3096} INFO - Sync 1 DAGs
[2024-07-12T01:57:25.632+0530] {logging_mixin.py:188} INFO - [2024-07-12T01:57:25.632+0530] {dag.py:3954} INFO - Setting next_dagrun for example_trigger_controller_dag to 2021-01-01 00:00:00+00:00, run_after=2021-01-01 00:00:00+00:00
[2024-07-12T01:57:25.651+0530] {processor.py:183} INFO - Processing /home/kali/Desktop/projects/git/bank_data_processing/myenv/lib/python3.11/site-packages/airflow/example_dags/example_trigger_controller_dag.py took 0.070 seconds
[2024-07-12T01:57:56.064+0530] {processor.py:161} INFO - Started process (PID=46944) to work on /home/kali/Desktop/projects/git/bank_data_processing/myenv/lib/python3.11/site-packages/airflow/example_dags/example_trigger_controller_dag.py
[2024-07-12T01:57:56.065+0530] {processor.py:830} INFO - Processing file /home/kali/Desktop/projects/git/bank_data_processing/myenv/lib/python3.11/site-packages/airflow/example_dags/example_trigger_controller_dag.py for tasks to queue
[2024-07-12T01:57:56.067+0530] {logging_mixin.py:188} INFO - [2024-07-12T01:57:56.067+0530] {dagbag.py:545} INFO - Filling up the DagBag from /home/kali/Desktop/projects/git/bank_data_processing/myenv/lib/python3.11/site-packages/airflow/example_dags/example_trigger_controller_dag.py
[2024-07-12T01:57:56.071+0530] {processor.py:840} INFO - DAG(s) 'example_trigger_controller_dag' retrieved from /home/kali/Desktop/projects/git/bank_data_processing/myenv/lib/python3.11/site-packages/airflow/example_dags/example_trigger_controller_dag.py
[2024-07-12T01:57:56.088+0530] {logging_mixin.py:188} INFO - [2024-07-12T01:57:56.087+0530] {dag.py:3096} INFO - Sync 1 DAGs
[2024-07-12T01:57:56.106+0530] {logging_mixin.py:188} INFO - [2024-07-12T01:57:56.106+0530] {dag.py:3954} INFO - Setting next_dagrun for example_trigger_controller_dag to 2021-01-01 00:00:00+00:00, run_after=2021-01-01 00:00:00+00:00
[2024-07-12T01:57:56.125+0530] {processor.py:183} INFO - Processing /home/kali/Desktop/projects/git/bank_data_processing/myenv/lib/python3.11/site-packages/airflow/example_dags/example_trigger_controller_dag.py took 0.074 seconds
[2024-07-12T01:58:26.496+0530] {processor.py:161} INFO - Started process (PID=47422) to work on /home/kali/Desktop/projects/git/bank_data_processing/myenv/lib/python3.11/site-packages/airflow/example_dags/example_trigger_controller_dag.py
[2024-07-12T01:58:26.497+0530] {processor.py:830} INFO - Processing file /home/kali/Desktop/projects/git/bank_data_processing/myenv/lib/python3.11/site-packages/airflow/example_dags/example_trigger_controller_dag.py for tasks to queue
[2024-07-12T01:58:26.498+0530] {logging_mixin.py:188} INFO - [2024-07-12T01:58:26.498+0530] {dagbag.py:545} INFO - Filling up the DagBag from /home/kali/Desktop/projects/git/bank_data_processing/myenv/lib/python3.11/site-packages/airflow/example_dags/example_trigger_controller_dag.py
[2024-07-12T01:58:26.503+0530] {processor.py:840} INFO - DAG(s) 'example_trigger_controller_dag' retrieved from /home/kali/Desktop/projects/git/bank_data_processing/myenv/lib/python3.11/site-packages/airflow/example_dags/example_trigger_controller_dag.py
[2024-07-12T01:58:26.525+0530] {logging_mixin.py:188} INFO - [2024-07-12T01:58:26.524+0530] {dag.py:3096} INFO - Sync 1 DAGs
[2024-07-12T01:58:26.548+0530] {logging_mixin.py:188} INFO - [2024-07-12T01:58:26.548+0530] {dag.py:3954} INFO - Setting next_dagrun for example_trigger_controller_dag to 2021-01-01 00:00:00+00:00, run_after=2021-01-01 00:00:00+00:00
[2024-07-12T01:58:26.576+0530] {processor.py:183} INFO - Processing /home/kali/Desktop/projects/git/bank_data_processing/myenv/lib/python3.11/site-packages/airflow/example_dags/example_trigger_controller_dag.py took 0.094 seconds
[2024-07-12T01:58:56.887+0530] {processor.py:161} INFO - Started process (PID=47897) to work on /home/kali/Desktop/projects/git/bank_data_processing/myenv/lib/python3.11/site-packages/airflow/example_dags/example_trigger_controller_dag.py
[2024-07-12T01:58:56.888+0530] {processor.py:830} INFO - Processing file /home/kali/Desktop/projects/git/bank_data_processing/myenv/lib/python3.11/site-packages/airflow/example_dags/example_trigger_controller_dag.py for tasks to queue
[2024-07-12T01:58:56.889+0530] {logging_mixin.py:188} INFO - [2024-07-12T01:58:56.889+0530] {dagbag.py:545} INFO - Filling up the DagBag from /home/kali/Desktop/projects/git/bank_data_processing/myenv/lib/python3.11/site-packages/airflow/example_dags/example_trigger_controller_dag.py
[2024-07-12T01:58:56.895+0530] {processor.py:840} INFO - DAG(s) 'example_trigger_controller_dag' retrieved from /home/kali/Desktop/projects/git/bank_data_processing/myenv/lib/python3.11/site-packages/airflow/example_dags/example_trigger_controller_dag.py
[2024-07-12T01:58:56.912+0530] {logging_mixin.py:188} INFO - [2024-07-12T01:58:56.911+0530] {dag.py:3096} INFO - Sync 1 DAGs
[2024-07-12T01:58:56.932+0530] {logging_mixin.py:188} INFO - [2024-07-12T01:58:56.932+0530] {dag.py:3954} INFO - Setting next_dagrun for example_trigger_controller_dag to 2021-01-01 00:00:00+00:00, run_after=2021-01-01 00:00:00+00:00
[2024-07-12T01:58:56.951+0530] {processor.py:183} INFO - Processing /home/kali/Desktop/projects/git/bank_data_processing/myenv/lib/python3.11/site-packages/airflow/example_dags/example_trigger_controller_dag.py took 0.074 seconds
[2024-07-12T01:59:28.039+0530] {processor.py:161} INFO - Started process (PID=48505) to work on /home/kali/Desktop/projects/git/bank_data_processing/myenv/lib/python3.11/site-packages/airflow/example_dags/example_trigger_controller_dag.py
[2024-07-12T01:59:28.040+0530] {processor.py:830} INFO - Processing file /home/kali/Desktop/projects/git/bank_data_processing/myenv/lib/python3.11/site-packages/airflow/example_dags/example_trigger_controller_dag.py for tasks to queue
[2024-07-12T01:59:28.042+0530] {logging_mixin.py:188} INFO - [2024-07-12T01:59:28.042+0530] {dagbag.py:545} INFO - Filling up the DagBag from /home/kali/Desktop/projects/git/bank_data_processing/myenv/lib/python3.11/site-packages/airflow/example_dags/example_trigger_controller_dag.py
[2024-07-12T01:59:28.051+0530] {processor.py:840} INFO - DAG(s) 'example_trigger_controller_dag' retrieved from /home/kali/Desktop/projects/git/bank_data_processing/myenv/lib/python3.11/site-packages/airflow/example_dags/example_trigger_controller_dag.py
[2024-07-12T01:59:28.078+0530] {logging_mixin.py:188} INFO - [2024-07-12T01:59:28.077+0530] {dag.py:3096} INFO - Sync 1 DAGs
[2024-07-12T01:59:28.117+0530] {logging_mixin.py:188} INFO - [2024-07-12T01:59:28.116+0530] {dag.py:3954} INFO - Setting next_dagrun for example_trigger_controller_dag to 2021-01-01 00:00:00+00:00, run_after=2021-01-01 00:00:00+00:00
[2024-07-12T01:59:28.157+0530] {processor.py:183} INFO - Processing /home/kali/Desktop/projects/git/bank_data_processing/myenv/lib/python3.11/site-packages/airflow/example_dags/example_trigger_controller_dag.py took 0.134 seconds
[2024-07-12T02:00:14.345+0530] {processor.py:161} INFO - Started process (PID=49630) to work on /home/kali/Desktop/projects/git/bank_data_processing/myenv/lib/python3.11/site-packages/airflow/example_dags/example_trigger_controller_dag.py
[2024-07-12T02:00:14.348+0530] {processor.py:830} INFO - Processing file /home/kali/Desktop/projects/git/bank_data_processing/myenv/lib/python3.11/site-packages/airflow/example_dags/example_trigger_controller_dag.py for tasks to queue
[2024-07-12T02:00:14.350+0530] {logging_mixin.py:188} INFO - [2024-07-12T02:00:14.350+0530] {dagbag.py:545} INFO - Filling up the DagBag from /home/kali/Desktop/projects/git/bank_data_processing/myenv/lib/python3.11/site-packages/airflow/example_dags/example_trigger_controller_dag.py
[2024-07-12T02:00:14.362+0530] {processor.py:840} INFO - DAG(s) 'example_trigger_controller_dag' retrieved from /home/kali/Desktop/projects/git/bank_data_processing/myenv/lib/python3.11/site-packages/airflow/example_dags/example_trigger_controller_dag.py
[2024-07-12T02:00:14.398+0530] {logging_mixin.py:188} INFO - [2024-07-12T02:00:14.397+0530] {dag.py:3096} INFO - Sync 1 DAGs
[2024-07-12T02:00:14.449+0530] {logging_mixin.py:188} INFO - [2024-07-12T02:00:14.449+0530] {dag.py:3954} INFO - Setting next_dagrun for example_trigger_controller_dag to 2021-01-01 00:00:00+00:00, run_after=2021-01-01 00:00:00+00:00
[2024-07-12T02:00:14.483+0530] {processor.py:183} INFO - Processing /home/kali/Desktop/projects/git/bank_data_processing/myenv/lib/python3.11/site-packages/airflow/example_dags/example_trigger_controller_dag.py took 0.150 seconds
[2024-07-12T02:00:45.447+0530] {processor.py:161} INFO - Started process (PID=50298) to work on /home/kali/Desktop/projects/git/bank_data_processing/myenv/lib/python3.11/site-packages/airflow/example_dags/example_trigger_controller_dag.py
[2024-07-12T02:00:45.448+0530] {processor.py:830} INFO - Processing file /home/kali/Desktop/projects/git/bank_data_processing/myenv/lib/python3.11/site-packages/airflow/example_dags/example_trigger_controller_dag.py for tasks to queue
[2024-07-12T02:00:45.450+0530] {logging_mixin.py:188} INFO - [2024-07-12T02:00:45.450+0530] {dagbag.py:545} INFO - Filling up the DagBag from /home/kali/Desktop/projects/git/bank_data_processing/myenv/lib/python3.11/site-packages/airflow/example_dags/example_trigger_controller_dag.py
[2024-07-12T02:00:45.456+0530] {processor.py:840} INFO - DAG(s) 'example_trigger_controller_dag' retrieved from /home/kali/Desktop/projects/git/bank_data_processing/myenv/lib/python3.11/site-packages/airflow/example_dags/example_trigger_controller_dag.py
[2024-07-12T02:00:45.475+0530] {logging_mixin.py:188} INFO - [2024-07-12T02:00:45.475+0530] {dag.py:3096} INFO - Sync 1 DAGs
[2024-07-12T02:00:45.499+0530] {logging_mixin.py:188} INFO - [2024-07-12T02:00:45.499+0530] {dag.py:3954} INFO - Setting next_dagrun for example_trigger_controller_dag to 2021-01-01 00:00:00+00:00, run_after=2021-01-01 00:00:00+00:00
[2024-07-12T02:00:45.528+0530] {processor.py:183} INFO - Processing /home/kali/Desktop/projects/git/bank_data_processing/myenv/lib/python3.11/site-packages/airflow/example_dags/example_trigger_controller_dag.py took 0.090 seconds
[2024-07-12T02:01:18.825+0530] {processor.py:161} INFO - Started process (PID=50880) to work on /home/kali/Desktop/projects/git/bank_data_processing/myenv/lib/python3.11/site-packages/airflow/example_dags/example_trigger_controller_dag.py
[2024-07-12T02:01:18.826+0530] {processor.py:830} INFO - Processing file /home/kali/Desktop/projects/git/bank_data_processing/myenv/lib/python3.11/site-packages/airflow/example_dags/example_trigger_controller_dag.py for tasks to queue
[2024-07-12T02:01:18.828+0530] {logging_mixin.py:188} INFO - [2024-07-12T02:01:18.827+0530] {dagbag.py:545} INFO - Filling up the DagBag from /home/kali/Desktop/projects/git/bank_data_processing/myenv/lib/python3.11/site-packages/airflow/example_dags/example_trigger_controller_dag.py
[2024-07-12T02:01:18.833+0530] {processor.py:840} INFO - DAG(s) 'example_trigger_controller_dag' retrieved from /home/kali/Desktop/projects/git/bank_data_processing/myenv/lib/python3.11/site-packages/airflow/example_dags/example_trigger_controller_dag.py
[2024-07-12T02:01:18.848+0530] {logging_mixin.py:188} INFO - [2024-07-12T02:01:18.848+0530] {dag.py:3096} INFO - Sync 1 DAGs
[2024-07-12T02:01:18.867+0530] {logging_mixin.py:188} INFO - [2024-07-12T02:01:18.867+0530] {dag.py:3954} INFO - Setting next_dagrun for example_trigger_controller_dag to 2021-01-01 00:00:00+00:00, run_after=2021-01-01 00:00:00+00:00
[2024-07-12T02:01:18.887+0530] {processor.py:183} INFO - Processing /home/kali/Desktop/projects/git/bank_data_processing/myenv/lib/python3.11/site-packages/airflow/example_dags/example_trigger_controller_dag.py took 0.068 seconds
[2024-07-12T02:01:50.881+0530] {processor.py:161} INFO - Started process (PID=51541) to work on /home/kali/Desktop/projects/git/bank_data_processing/myenv/lib/python3.11/site-packages/airflow/example_dags/example_trigger_controller_dag.py
[2024-07-12T02:01:50.883+0530] {processor.py:830} INFO - Processing file /home/kali/Desktop/projects/git/bank_data_processing/myenv/lib/python3.11/site-packages/airflow/example_dags/example_trigger_controller_dag.py for tasks to queue
[2024-07-12T02:01:50.886+0530] {logging_mixin.py:188} INFO - [2024-07-12T02:01:50.886+0530] {dagbag.py:545} INFO - Filling up the DagBag from /home/kali/Desktop/projects/git/bank_data_processing/myenv/lib/python3.11/site-packages/airflow/example_dags/example_trigger_controller_dag.py
[2024-07-12T02:01:50.896+0530] {processor.py:840} INFO - DAG(s) 'example_trigger_controller_dag' retrieved from /home/kali/Desktop/projects/git/bank_data_processing/myenv/lib/python3.11/site-packages/airflow/example_dags/example_trigger_controller_dag.py
[2024-07-12T02:01:51.100+0530] {logging_mixin.py:188} INFO - [2024-07-12T02:01:51.100+0530] {dag.py:3096} INFO - Sync 1 DAGs
[2024-07-12T02:01:51.128+0530] {logging_mixin.py:188} INFO - [2024-07-12T02:01:51.127+0530] {dag.py:3954} INFO - Setting next_dagrun for example_trigger_controller_dag to 2021-01-01 00:00:00+00:00, run_after=2021-01-01 00:00:00+00:00
[2024-07-12T02:01:51.162+0530] {processor.py:183} INFO - Processing /home/kali/Desktop/projects/git/bank_data_processing/myenv/lib/python3.11/site-packages/airflow/example_dags/example_trigger_controller_dag.py took 0.294 seconds
[2024-07-12T02:02:21.250+0530] {processor.py:161} INFO - Started process (PID=52128) to work on /home/kali/Desktop/projects/git/bank_data_processing/myenv/lib/python3.11/site-packages/airflow/example_dags/example_trigger_controller_dag.py
[2024-07-12T02:02:21.251+0530] {processor.py:830} INFO - Processing file /home/kali/Desktop/projects/git/bank_data_processing/myenv/lib/python3.11/site-packages/airflow/example_dags/example_trigger_controller_dag.py for tasks to queue
[2024-07-12T02:02:21.253+0530] {logging_mixin.py:188} INFO - [2024-07-12T02:02:21.253+0530] {dagbag.py:545} INFO - Filling up the DagBag from /home/kali/Desktop/projects/git/bank_data_processing/myenv/lib/python3.11/site-packages/airflow/example_dags/example_trigger_controller_dag.py
[2024-07-12T02:02:21.258+0530] {processor.py:840} INFO - DAG(s) 'example_trigger_controller_dag' retrieved from /home/kali/Desktop/projects/git/bank_data_processing/myenv/lib/python3.11/site-packages/airflow/example_dags/example_trigger_controller_dag.py
[2024-07-12T02:02:21.273+0530] {logging_mixin.py:188} INFO - [2024-07-12T02:02:21.273+0530] {dag.py:3096} INFO - Sync 1 DAGs
[2024-07-12T02:02:21.291+0530] {logging_mixin.py:188} INFO - [2024-07-12T02:02:21.291+0530] {dag.py:3954} INFO - Setting next_dagrun for example_trigger_controller_dag to 2021-01-01 00:00:00+00:00, run_after=2021-01-01 00:00:00+00:00
[2024-07-12T02:02:21.310+0530] {processor.py:183} INFO - Processing /home/kali/Desktop/projects/git/bank_data_processing/myenv/lib/python3.11/site-packages/airflow/example_dags/example_trigger_controller_dag.py took 0.067 seconds
[2024-07-12T02:02:52.327+0530] {processor.py:161} INFO - Started process (PID=52611) to work on /home/kali/Desktop/projects/git/bank_data_processing/myenv/lib/python3.11/site-packages/airflow/example_dags/example_trigger_controller_dag.py
[2024-07-12T02:02:52.329+0530] {processor.py:830} INFO - Processing file /home/kali/Desktop/projects/git/bank_data_processing/myenv/lib/python3.11/site-packages/airflow/example_dags/example_trigger_controller_dag.py for tasks to queue
[2024-07-12T02:02:52.331+0530] {logging_mixin.py:188} INFO - [2024-07-12T02:02:52.331+0530] {dagbag.py:545} INFO - Filling up the DagBag from /home/kali/Desktop/projects/git/bank_data_processing/myenv/lib/python3.11/site-packages/airflow/example_dags/example_trigger_controller_dag.py
[2024-07-12T02:02:52.340+0530] {processor.py:840} INFO - DAG(s) 'example_trigger_controller_dag' retrieved from /home/kali/Desktop/projects/git/bank_data_processing/myenv/lib/python3.11/site-packages/airflow/example_dags/example_trigger_controller_dag.py
[2024-07-12T02:02:52.368+0530] {logging_mixin.py:188} INFO - [2024-07-12T02:02:52.368+0530] {dag.py:3096} INFO - Sync 1 DAGs
[2024-07-12T02:02:52.408+0530] {logging_mixin.py:188} INFO - [2024-07-12T02:02:52.408+0530] {dag.py:3954} INFO - Setting next_dagrun for example_trigger_controller_dag to 2021-01-01 00:00:00+00:00, run_after=2021-01-01 00:00:00+00:00
[2024-07-12T02:02:52.453+0530] {processor.py:183} INFO - Processing /home/kali/Desktop/projects/git/bank_data_processing/myenv/lib/python3.11/site-packages/airflow/example_dags/example_trigger_controller_dag.py took 0.141 seconds
[2024-07-12T02:03:23.272+0530] {processor.py:161} INFO - Started process (PID=53178) to work on /home/kali/Desktop/projects/git/bank_data_processing/myenv/lib/python3.11/site-packages/airflow/example_dags/example_trigger_controller_dag.py
[2024-07-12T02:03:23.273+0530] {processor.py:830} INFO - Processing file /home/kali/Desktop/projects/git/bank_data_processing/myenv/lib/python3.11/site-packages/airflow/example_dags/example_trigger_controller_dag.py for tasks to queue
[2024-07-12T02:03:23.274+0530] {logging_mixin.py:188} INFO - [2024-07-12T02:03:23.274+0530] {dagbag.py:545} INFO - Filling up the DagBag from /home/kali/Desktop/projects/git/bank_data_processing/myenv/lib/python3.11/site-packages/airflow/example_dags/example_trigger_controller_dag.py
[2024-07-12T02:03:23.279+0530] {processor.py:840} INFO - DAG(s) 'example_trigger_controller_dag' retrieved from /home/kali/Desktop/projects/git/bank_data_processing/myenv/lib/python3.11/site-packages/airflow/example_dags/example_trigger_controller_dag.py
[2024-07-12T02:03:23.296+0530] {logging_mixin.py:188} INFO - [2024-07-12T02:03:23.296+0530] {dag.py:3096} INFO - Sync 1 DAGs
[2024-07-12T02:03:23.326+0530] {logging_mixin.py:188} INFO - [2024-07-12T02:03:23.326+0530] {dag.py:3954} INFO - Setting next_dagrun for example_trigger_controller_dag to 2021-01-01 00:00:00+00:00, run_after=2021-01-01 00:00:00+00:00
[2024-07-12T02:03:23.346+0530] {processor.py:183} INFO - Processing /home/kali/Desktop/projects/git/bank_data_processing/myenv/lib/python3.11/site-packages/airflow/example_dags/example_trigger_controller_dag.py took 0.081 seconds
[2024-07-12T02:03:54.478+0530] {processor.py:161} INFO - Started process (PID=53690) to work on /home/kali/Desktop/projects/git/bank_data_processing/myenv/lib/python3.11/site-packages/airflow/example_dags/example_trigger_controller_dag.py
[2024-07-12T02:03:54.479+0530] {processor.py:830} INFO - Processing file /home/kali/Desktop/projects/git/bank_data_processing/myenv/lib/python3.11/site-packages/airflow/example_dags/example_trigger_controller_dag.py for tasks to queue
[2024-07-12T02:03:54.481+0530] {logging_mixin.py:188} INFO - [2024-07-12T02:03:54.480+0530] {dagbag.py:545} INFO - Filling up the DagBag from /home/kali/Desktop/projects/git/bank_data_processing/myenv/lib/python3.11/site-packages/airflow/example_dags/example_trigger_controller_dag.py
[2024-07-12T02:03:54.486+0530] {processor.py:840} INFO - DAG(s) 'example_trigger_controller_dag' retrieved from /home/kali/Desktop/projects/git/bank_data_processing/myenv/lib/python3.11/site-packages/airflow/example_dags/example_trigger_controller_dag.py
[2024-07-12T02:03:54.504+0530] {logging_mixin.py:188} INFO - [2024-07-12T02:03:54.503+0530] {dag.py:3096} INFO - Sync 1 DAGs
[2024-07-12T02:03:54.535+0530] {logging_mixin.py:188} INFO - [2024-07-12T02:03:54.535+0530] {dag.py:3954} INFO - Setting next_dagrun for example_trigger_controller_dag to 2021-01-01 00:00:00+00:00, run_after=2021-01-01 00:00:00+00:00
[2024-07-12T02:03:54.559+0530] {processor.py:183} INFO - Processing /home/kali/Desktop/projects/git/bank_data_processing/myenv/lib/python3.11/site-packages/airflow/example_dags/example_trigger_controller_dag.py took 0.088 seconds
[2024-07-12T02:04:25.512+0530] {processor.py:161} INFO - Started process (PID=54165) to work on /home/kali/Desktop/projects/git/bank_data_processing/myenv/lib/python3.11/site-packages/airflow/example_dags/example_trigger_controller_dag.py
[2024-07-12T02:04:25.513+0530] {processor.py:830} INFO - Processing file /home/kali/Desktop/projects/git/bank_data_processing/myenv/lib/python3.11/site-packages/airflow/example_dags/example_trigger_controller_dag.py for tasks to queue
[2024-07-12T02:04:25.515+0530] {logging_mixin.py:188} INFO - [2024-07-12T02:04:25.515+0530] {dagbag.py:545} INFO - Filling up the DagBag from /home/kali/Desktop/projects/git/bank_data_processing/myenv/lib/python3.11/site-packages/airflow/example_dags/example_trigger_controller_dag.py
[2024-07-12T02:04:25.521+0530] {processor.py:840} INFO - DAG(s) 'example_trigger_controller_dag' retrieved from /home/kali/Desktop/projects/git/bank_data_processing/myenv/lib/python3.11/site-packages/airflow/example_dags/example_trigger_controller_dag.py
[2024-07-12T02:04:25.547+0530] {logging_mixin.py:188} INFO - [2024-07-12T02:04:25.546+0530] {dag.py:3096} INFO - Sync 1 DAGs
[2024-07-12T02:04:25.573+0530] {logging_mixin.py:188} INFO - [2024-07-12T02:04:25.573+0530] {dag.py:3954} INFO - Setting next_dagrun for example_trigger_controller_dag to 2021-01-01 00:00:00+00:00, run_after=2021-01-01 00:00:00+00:00
[2024-07-12T02:04:25.607+0530] {processor.py:183} INFO - Processing /home/kali/Desktop/projects/git/bank_data_processing/myenv/lib/python3.11/site-packages/airflow/example_dags/example_trigger_controller_dag.py took 0.105 seconds
[2024-07-12T02:04:57.360+0530] {processor.py:161} INFO - Started process (PID=54756) to work on /home/kali/Desktop/projects/git/bank_data_processing/myenv/lib/python3.11/site-packages/airflow/example_dags/example_trigger_controller_dag.py
[2024-07-12T02:04:57.361+0530] {processor.py:830} INFO - Processing file /home/kali/Desktop/projects/git/bank_data_processing/myenv/lib/python3.11/site-packages/airflow/example_dags/example_trigger_controller_dag.py for tasks to queue
[2024-07-12T02:04:57.365+0530] {logging_mixin.py:188} INFO - [2024-07-12T02:04:57.364+0530] {dagbag.py:545} INFO - Filling up the DagBag from /home/kali/Desktop/projects/git/bank_data_processing/myenv/lib/python3.11/site-packages/airflow/example_dags/example_trigger_controller_dag.py
[2024-07-12T02:04:57.374+0530] {processor.py:840} INFO - DAG(s) 'example_trigger_controller_dag' retrieved from /home/kali/Desktop/projects/git/bank_data_processing/myenv/lib/python3.11/site-packages/airflow/example_dags/example_trigger_controller_dag.py
[2024-07-12T02:04:57.404+0530] {logging_mixin.py:188} INFO - [2024-07-12T02:04:57.404+0530] {dag.py:3096} INFO - Sync 1 DAGs
[2024-07-12T02:04:57.443+0530] {logging_mixin.py:188} INFO - [2024-07-12T02:04:57.442+0530] {dag.py:3954} INFO - Setting next_dagrun for example_trigger_controller_dag to 2021-01-01 00:00:00+00:00, run_after=2021-01-01 00:00:00+00:00
[2024-07-12T02:04:57.480+0530] {processor.py:183} INFO - Processing /home/kali/Desktop/projects/git/bank_data_processing/myenv/lib/python3.11/site-packages/airflow/example_dags/example_trigger_controller_dag.py took 0.135 seconds
[2024-07-12T02:05:27.720+0530] {processor.py:161} INFO - Started process (PID=55259) to work on /home/kali/Desktop/projects/git/bank_data_processing/myenv/lib/python3.11/site-packages/airflow/example_dags/example_trigger_controller_dag.py
[2024-07-12T02:05:27.721+0530] {processor.py:830} INFO - Processing file /home/kali/Desktop/projects/git/bank_data_processing/myenv/lib/python3.11/site-packages/airflow/example_dags/example_trigger_controller_dag.py for tasks to queue
[2024-07-12T02:05:27.723+0530] {logging_mixin.py:188} INFO - [2024-07-12T02:05:27.723+0530] {dagbag.py:545} INFO - Filling up the DagBag from /home/kali/Desktop/projects/git/bank_data_processing/myenv/lib/python3.11/site-packages/airflow/example_dags/example_trigger_controller_dag.py
[2024-07-12T02:05:27.729+0530] {processor.py:840} INFO - DAG(s) 'example_trigger_controller_dag' retrieved from /home/kali/Desktop/projects/git/bank_data_processing/myenv/lib/python3.11/site-packages/airflow/example_dags/example_trigger_controller_dag.py
[2024-07-12T02:05:27.748+0530] {logging_mixin.py:188} INFO - [2024-07-12T02:05:27.748+0530] {dag.py:3096} INFO - Sync 1 DAGs
[2024-07-12T02:05:27.770+0530] {logging_mixin.py:188} INFO - [2024-07-12T02:05:27.770+0530] {dag.py:3954} INFO - Setting next_dagrun for example_trigger_controller_dag to 2021-01-01 00:00:00+00:00, run_after=2021-01-01 00:00:00+00:00
[2024-07-12T02:05:27.794+0530] {processor.py:183} INFO - Processing /home/kali/Desktop/projects/git/bank_data_processing/myenv/lib/python3.11/site-packages/airflow/example_dags/example_trigger_controller_dag.py took 0.083 seconds
[2024-07-12T02:06:01.686+0530] {processor.py:161} INFO - Started process (PID=55825) to work on /home/kali/Desktop/projects/git/bank_data_processing/myenv/lib/python3.11/site-packages/airflow/example_dags/example_trigger_controller_dag.py
[2024-07-12T02:06:01.687+0530] {processor.py:830} INFO - Processing file /home/kali/Desktop/projects/git/bank_data_processing/myenv/lib/python3.11/site-packages/airflow/example_dags/example_trigger_controller_dag.py for tasks to queue
[2024-07-12T02:06:01.689+0530] {logging_mixin.py:188} INFO - [2024-07-12T02:06:01.689+0530] {dagbag.py:545} INFO - Filling up the DagBag from /home/kali/Desktop/projects/git/bank_data_processing/myenv/lib/python3.11/site-packages/airflow/example_dags/example_trigger_controller_dag.py
[2024-07-12T02:06:01.697+0530] {processor.py:840} INFO - DAG(s) 'example_trigger_controller_dag' retrieved from /home/kali/Desktop/projects/git/bank_data_processing/myenv/lib/python3.11/site-packages/airflow/example_dags/example_trigger_controller_dag.py
[2024-07-12T02:06:01.724+0530] {logging_mixin.py:188} INFO - [2024-07-12T02:06:01.724+0530] {dag.py:3096} INFO - Sync 1 DAGs
[2024-07-12T02:06:01.757+0530] {logging_mixin.py:188} INFO - [2024-07-12T02:06:01.756+0530] {dag.py:3954} INFO - Setting next_dagrun for example_trigger_controller_dag to 2021-01-01 00:00:00+00:00, run_after=2021-01-01 00:00:00+00:00
[2024-07-12T02:06:01.786+0530] {processor.py:183} INFO - Processing /home/kali/Desktop/projects/git/bank_data_processing/myenv/lib/python3.11/site-packages/airflow/example_dags/example_trigger_controller_dag.py took 0.109 seconds
[2024-07-12T02:06:33.893+0530] {processor.py:161} INFO - Started process (PID=56482) to work on /home/kali/Desktop/projects/git/bank_data_processing/myenv/lib/python3.11/site-packages/airflow/example_dags/example_trigger_controller_dag.py
[2024-07-12T02:06:33.897+0530] {processor.py:830} INFO - Processing file /home/kali/Desktop/projects/git/bank_data_processing/myenv/lib/python3.11/site-packages/airflow/example_dags/example_trigger_controller_dag.py for tasks to queue
[2024-07-12T02:06:33.905+0530] {logging_mixin.py:188} INFO - [2024-07-12T02:06:33.903+0530] {dagbag.py:545} INFO - Filling up the DagBag from /home/kali/Desktop/projects/git/bank_data_processing/myenv/lib/python3.11/site-packages/airflow/example_dags/example_trigger_controller_dag.py
[2024-07-12T02:06:33.926+0530] {processor.py:840} INFO - DAG(s) 'example_trigger_controller_dag' retrieved from /home/kali/Desktop/projects/git/bank_data_processing/myenv/lib/python3.11/site-packages/airflow/example_dags/example_trigger_controller_dag.py
[2024-07-12T02:06:33.992+0530] {logging_mixin.py:188} INFO - [2024-07-12T02:06:33.991+0530] {dag.py:3096} INFO - Sync 1 DAGs
[2024-07-12T02:06:34.079+0530] {logging_mixin.py:188} INFO - [2024-07-12T02:06:34.078+0530] {dag.py:3954} INFO - Setting next_dagrun for example_trigger_controller_dag to 2021-01-01 00:00:00+00:00, run_after=2021-01-01 00:00:00+00:00
[2024-07-12T02:06:34.168+0530] {processor.py:183} INFO - Processing /home/kali/Desktop/projects/git/bank_data_processing/myenv/lib/python3.11/site-packages/airflow/example_dags/example_trigger_controller_dag.py took 0.301 seconds
[2024-07-12T02:07:04.502+0530] {processor.py:161} INFO - Started process (PID=57177) to work on /home/kali/Desktop/projects/git/bank_data_processing/myenv/lib/python3.11/site-packages/airflow/example_dags/example_trigger_controller_dag.py
[2024-07-12T02:07:04.503+0530] {processor.py:830} INFO - Processing file /home/kali/Desktop/projects/git/bank_data_processing/myenv/lib/python3.11/site-packages/airflow/example_dags/example_trigger_controller_dag.py for tasks to queue
[2024-07-12T02:07:04.506+0530] {logging_mixin.py:188} INFO - [2024-07-12T02:07:04.506+0530] {dagbag.py:545} INFO - Filling up the DagBag from /home/kali/Desktop/projects/git/bank_data_processing/myenv/lib/python3.11/site-packages/airflow/example_dags/example_trigger_controller_dag.py
[2024-07-12T02:07:04.515+0530] {processor.py:840} INFO - DAG(s) 'example_trigger_controller_dag' retrieved from /home/kali/Desktop/projects/git/bank_data_processing/myenv/lib/python3.11/site-packages/airflow/example_dags/example_trigger_controller_dag.py
[2024-07-12T02:07:04.540+0530] {logging_mixin.py:188} INFO - [2024-07-12T02:07:04.539+0530] {dag.py:3096} INFO - Sync 1 DAGs
[2024-07-12T02:07:04.572+0530] {logging_mixin.py:188} INFO - [2024-07-12T02:07:04.571+0530] {dag.py:3954} INFO - Setting next_dagrun for example_trigger_controller_dag to 2021-01-01 00:00:00+00:00, run_after=2021-01-01 00:00:00+00:00
[2024-07-12T02:07:04.606+0530] {processor.py:183} INFO - Processing /home/kali/Desktop/projects/git/bank_data_processing/myenv/lib/python3.11/site-packages/airflow/example_dags/example_trigger_controller_dag.py took 0.115 seconds
[2024-07-12T02:07:36.174+0530] {processor.py:161} INFO - Started process (PID=57871) to work on /home/kali/Desktop/projects/git/bank_data_processing/myenv/lib/python3.11/site-packages/airflow/example_dags/example_trigger_controller_dag.py
[2024-07-12T02:07:36.176+0530] {processor.py:830} INFO - Processing file /home/kali/Desktop/projects/git/bank_data_processing/myenv/lib/python3.11/site-packages/airflow/example_dags/example_trigger_controller_dag.py for tasks to queue
[2024-07-12T02:07:36.178+0530] {logging_mixin.py:188} INFO - [2024-07-12T02:07:36.177+0530] {dagbag.py:545} INFO - Filling up the DagBag from /home/kali/Desktop/projects/git/bank_data_processing/myenv/lib/python3.11/site-packages/airflow/example_dags/example_trigger_controller_dag.py
[2024-07-12T02:07:36.183+0530] {processor.py:840} INFO - DAG(s) 'example_trigger_controller_dag' retrieved from /home/kali/Desktop/projects/git/bank_data_processing/myenv/lib/python3.11/site-packages/airflow/example_dags/example_trigger_controller_dag.py
[2024-07-12T02:07:36.209+0530] {logging_mixin.py:188} INFO - [2024-07-12T02:07:36.209+0530] {dag.py:3096} INFO - Sync 1 DAGs
[2024-07-12T02:07:36.239+0530] {logging_mixin.py:188} INFO - [2024-07-12T02:07:36.238+0530] {dag.py:3954} INFO - Setting next_dagrun for example_trigger_controller_dag to 2021-01-01 00:00:00+00:00, run_after=2021-01-01 00:00:00+00:00
[2024-07-12T02:07:36.266+0530] {processor.py:183} INFO - Processing /home/kali/Desktop/projects/git/bank_data_processing/myenv/lib/python3.11/site-packages/airflow/example_dags/example_trigger_controller_dag.py took 0.105 seconds
[2024-07-12T02:08:07.253+0530] {processor.py:161} INFO - Started process (PID=58402) to work on /home/kali/Desktop/projects/git/bank_data_processing/myenv/lib/python3.11/site-packages/airflow/example_dags/example_trigger_controller_dag.py
[2024-07-12T02:08:07.254+0530] {processor.py:830} INFO - Processing file /home/kali/Desktop/projects/git/bank_data_processing/myenv/lib/python3.11/site-packages/airflow/example_dags/example_trigger_controller_dag.py for tasks to queue
[2024-07-12T02:08:07.258+0530] {logging_mixin.py:188} INFO - [2024-07-12T02:08:07.257+0530] {dagbag.py:545} INFO - Filling up the DagBag from /home/kali/Desktop/projects/git/bank_data_processing/myenv/lib/python3.11/site-packages/airflow/example_dags/example_trigger_controller_dag.py
[2024-07-12T02:08:07.266+0530] {processor.py:840} INFO - DAG(s) 'example_trigger_controller_dag' retrieved from /home/kali/Desktop/projects/git/bank_data_processing/myenv/lib/python3.11/site-packages/airflow/example_dags/example_trigger_controller_dag.py
[2024-07-12T02:08:07.295+0530] {logging_mixin.py:188} INFO - [2024-07-12T02:08:07.295+0530] {dag.py:3096} INFO - Sync 1 DAGs
[2024-07-12T02:08:07.328+0530] {logging_mixin.py:188} INFO - [2024-07-12T02:08:07.327+0530] {dag.py:3954} INFO - Setting next_dagrun for example_trigger_controller_dag to 2021-01-01 00:00:00+00:00, run_after=2021-01-01 00:00:00+00:00
[2024-07-12T02:08:07.357+0530] {processor.py:183} INFO - Processing /home/kali/Desktop/projects/git/bank_data_processing/myenv/lib/python3.11/site-packages/airflow/example_dags/example_trigger_controller_dag.py took 0.115 seconds
[2024-07-12T02:08:38.489+0530] {processor.py:161} INFO - Started process (PID=58964) to work on /home/kali/Desktop/projects/git/bank_data_processing/myenv/lib/python3.11/site-packages/airflow/example_dags/example_trigger_controller_dag.py
[2024-07-12T02:08:38.492+0530] {processor.py:830} INFO - Processing file /home/kali/Desktop/projects/git/bank_data_processing/myenv/lib/python3.11/site-packages/airflow/example_dags/example_trigger_controller_dag.py for tasks to queue
[2024-07-12T02:08:38.494+0530] {logging_mixin.py:188} INFO - [2024-07-12T02:08:38.493+0530] {dagbag.py:545} INFO - Filling up the DagBag from /home/kali/Desktop/projects/git/bank_data_processing/myenv/lib/python3.11/site-packages/airflow/example_dags/example_trigger_controller_dag.py
[2024-07-12T02:08:38.499+0530] {processor.py:840} INFO - DAG(s) 'example_trigger_controller_dag' retrieved from /home/kali/Desktop/projects/git/bank_data_processing/myenv/lib/python3.11/site-packages/airflow/example_dags/example_trigger_controller_dag.py
[2024-07-12T02:08:38.523+0530] {logging_mixin.py:188} INFO - [2024-07-12T02:08:38.523+0530] {dag.py:3096} INFO - Sync 1 DAGs
[2024-07-12T02:08:38.554+0530] {logging_mixin.py:188} INFO - [2024-07-12T02:08:38.553+0530] {dag.py:3954} INFO - Setting next_dagrun for example_trigger_controller_dag to 2021-01-01 00:00:00+00:00, run_after=2021-01-01 00:00:00+00:00
[2024-07-12T02:08:38.600+0530] {processor.py:183} INFO - Processing /home/kali/Desktop/projects/git/bank_data_processing/myenv/lib/python3.11/site-packages/airflow/example_dags/example_trigger_controller_dag.py took 0.119 seconds
[2024-07-12T02:09:09.705+0530] {processor.py:161} INFO - Started process (PID=59586) to work on /home/kali/Desktop/projects/git/bank_data_processing/myenv/lib/python3.11/site-packages/airflow/example_dags/example_trigger_controller_dag.py
[2024-07-12T02:09:09.706+0530] {processor.py:830} INFO - Processing file /home/kali/Desktop/projects/git/bank_data_processing/myenv/lib/python3.11/site-packages/airflow/example_dags/example_trigger_controller_dag.py for tasks to queue
[2024-07-12T02:09:09.707+0530] {logging_mixin.py:188} INFO - [2024-07-12T02:09:09.707+0530] {dagbag.py:545} INFO - Filling up the DagBag from /home/kali/Desktop/projects/git/bank_data_processing/myenv/lib/python3.11/site-packages/airflow/example_dags/example_trigger_controller_dag.py
[2024-07-12T02:09:09.716+0530] {processor.py:840} INFO - DAG(s) 'example_trigger_controller_dag' retrieved from /home/kali/Desktop/projects/git/bank_data_processing/myenv/lib/python3.11/site-packages/airflow/example_dags/example_trigger_controller_dag.py
[2024-07-12T02:09:09.740+0530] {logging_mixin.py:188} INFO - [2024-07-12T02:09:09.740+0530] {dag.py:3096} INFO - Sync 1 DAGs
[2024-07-12T02:09:09.767+0530] {logging_mixin.py:188} INFO - [2024-07-12T02:09:09.767+0530] {dag.py:3954} INFO - Setting next_dagrun for example_trigger_controller_dag to 2021-01-01 00:00:00+00:00, run_after=2021-01-01 00:00:00+00:00
[2024-07-12T02:09:09.789+0530] {processor.py:183} INFO - Processing /home/kali/Desktop/projects/git/bank_data_processing/myenv/lib/python3.11/site-packages/airflow/example_dags/example_trigger_controller_dag.py took 0.097 seconds
[2024-07-12T02:09:41.920+0530] {processor.py:161} INFO - Started process (PID=60300) to work on /home/kali/Desktop/projects/git/bank_data_processing/myenv/lib/python3.11/site-packages/airflow/example_dags/example_trigger_controller_dag.py
[2024-07-12T02:09:41.922+0530] {processor.py:830} INFO - Processing file /home/kali/Desktop/projects/git/bank_data_processing/myenv/lib/python3.11/site-packages/airflow/example_dags/example_trigger_controller_dag.py for tasks to queue
[2024-07-12T02:09:41.924+0530] {logging_mixin.py:188} INFO - [2024-07-12T02:09:41.923+0530] {dagbag.py:545} INFO - Filling up the DagBag from /home/kali/Desktop/projects/git/bank_data_processing/myenv/lib/python3.11/site-packages/airflow/example_dags/example_trigger_controller_dag.py
[2024-07-12T02:09:41.931+0530] {processor.py:840} INFO - DAG(s) 'example_trigger_controller_dag' retrieved from /home/kali/Desktop/projects/git/bank_data_processing/myenv/lib/python3.11/site-packages/airflow/example_dags/example_trigger_controller_dag.py
[2024-07-12T02:09:41.964+0530] {logging_mixin.py:188} INFO - [2024-07-12T02:09:41.963+0530] {dag.py:3096} INFO - Sync 1 DAGs
[2024-07-12T02:09:42.003+0530] {logging_mixin.py:188} INFO - [2024-07-12T02:09:42.002+0530] {dag.py:3954} INFO - Setting next_dagrun for example_trigger_controller_dag to 2021-01-01 00:00:00+00:00, run_after=2021-01-01 00:00:00+00:00
[2024-07-12T02:09:42.030+0530] {processor.py:183} INFO - Processing /home/kali/Desktop/projects/git/bank_data_processing/myenv/lib/python3.11/site-packages/airflow/example_dags/example_trigger_controller_dag.py took 0.118 seconds
