[2024-07-12T01:47:45.784+0530] {processor.py:161} INFO - Started process (PID=36548) to work on /home/kali/Desktop/projects/git/bank_data_processing/myenv/lib/python3.11/site-packages/airflow/example_dags/tutorial_objectstorage.py
[2024-07-12T01:47:45.785+0530] {processor.py:830} INFO - Processing file /home/kali/Desktop/projects/git/bank_data_processing/myenv/lib/python3.11/site-packages/airflow/example_dags/tutorial_objectstorage.py for tasks to queue
[2024-07-12T01:47:45.787+0530] {logging_mixin.py:188} INFO - [2024-07-12T01:47:45.786+0530] {dagbag.py:545} INFO - Filling up the DagBag from /home/kali/Desktop/projects/git/bank_data_processing/myenv/lib/python3.11/site-packages/airflow/example_dags/tutorial_objectstorage.py
[2024-07-12T01:47:45.793+0530] {processor.py:840} INFO - DAG(s) 'tutorial_objectstorage' retrieved from /home/kali/Desktop/projects/git/bank_data_processing/myenv/lib/python3.11/site-packages/airflow/example_dags/tutorial_objectstorage.py
[2024-07-12T01:47:45.890+0530] {logging_mixin.py:188} INFO - [2024-07-12T01:47:45.889+0530] {dag.py:3096} INFO - Sync 1 DAGs
[2024-07-12T01:47:45.898+0530] {logging_mixin.py:188} INFO - [2024-07-12T01:47:45.898+0530] {dag.py:3954} INFO - Setting next_dagrun for tutorial_objectstorage to None, run_after=None
[2024-07-12T01:47:45.918+0530] {processor.py:183} INFO - Processing /home/kali/Desktop/projects/git/bank_data_processing/myenv/lib/python3.11/site-packages/airflow/example_dags/tutorial_objectstorage.py took 0.140 seconds
[2024-07-12T01:48:16.024+0530] {processor.py:161} INFO - Started process (PID=37042) to work on /home/kali/Desktop/projects/git/bank_data_processing/myenv/lib/python3.11/site-packages/airflow/example_dags/tutorial_objectstorage.py
[2024-07-12T01:48:16.025+0530] {processor.py:830} INFO - Processing file /home/kali/Desktop/projects/git/bank_data_processing/myenv/lib/python3.11/site-packages/airflow/example_dags/tutorial_objectstorage.py for tasks to queue
[2024-07-12T01:48:16.026+0530] {logging_mixin.py:188} INFO - [2024-07-12T01:48:16.026+0530] {dagbag.py:545} INFO - Filling up the DagBag from /home/kali/Desktop/projects/git/bank_data_processing/myenv/lib/python3.11/site-packages/airflow/example_dags/tutorial_objectstorage.py
[2024-07-12T01:48:16.034+0530] {processor.py:840} INFO - DAG(s) 'tutorial_objectstorage' retrieved from /home/kali/Desktop/projects/git/bank_data_processing/myenv/lib/python3.11/site-packages/airflow/example_dags/tutorial_objectstorage.py
[2024-07-12T01:48:16.051+0530] {logging_mixin.py:188} INFO - [2024-07-12T01:48:16.051+0530] {dag.py:3096} INFO - Sync 1 DAGs
[2024-07-12T01:48:16.062+0530] {logging_mixin.py:188} INFO - [2024-07-12T01:48:16.062+0530] {dag.py:3954} INFO - Setting next_dagrun for tutorial_objectstorage to None, run_after=None
[2024-07-12T01:48:16.080+0530] {processor.py:183} INFO - Processing /home/kali/Desktop/projects/git/bank_data_processing/myenv/lib/python3.11/site-packages/airflow/example_dags/tutorial_objectstorage.py took 0.064 seconds
[2024-07-12T01:48:46.903+0530] {processor.py:161} INFO - Started process (PID=37425) to work on /home/kali/Desktop/projects/git/bank_data_processing/myenv/lib/python3.11/site-packages/airflow/example_dags/tutorial_objectstorage.py
[2024-07-12T01:48:46.904+0530] {processor.py:830} INFO - Processing file /home/kali/Desktop/projects/git/bank_data_processing/myenv/lib/python3.11/site-packages/airflow/example_dags/tutorial_objectstorage.py for tasks to queue
[2024-07-12T01:48:46.906+0530] {logging_mixin.py:188} INFO - [2024-07-12T01:48:46.905+0530] {dagbag.py:545} INFO - Filling up the DagBag from /home/kali/Desktop/projects/git/bank_data_processing/myenv/lib/python3.11/site-packages/airflow/example_dags/tutorial_objectstorage.py
[2024-07-12T01:48:46.914+0530] {processor.py:840} INFO - DAG(s) 'tutorial_objectstorage' retrieved from /home/kali/Desktop/projects/git/bank_data_processing/myenv/lib/python3.11/site-packages/airflow/example_dags/tutorial_objectstorage.py
[2024-07-12T01:48:46.931+0530] {logging_mixin.py:188} INFO - [2024-07-12T01:48:46.930+0530] {dag.py:3096} INFO - Sync 1 DAGs
[2024-07-12T01:48:46.942+0530] {logging_mixin.py:188} INFO - [2024-07-12T01:48:46.942+0530] {dag.py:3954} INFO - Setting next_dagrun for tutorial_objectstorage to None, run_after=None
[2024-07-12T01:48:46.962+0530] {processor.py:183} INFO - Processing /home/kali/Desktop/projects/git/bank_data_processing/myenv/lib/python3.11/site-packages/airflow/example_dags/tutorial_objectstorage.py took 0.066 seconds
[2024-07-12T01:49:17.344+0530] {processor.py:161} INFO - Started process (PID=37899) to work on /home/kali/Desktop/projects/git/bank_data_processing/myenv/lib/python3.11/site-packages/airflow/example_dags/tutorial_objectstorage.py
[2024-07-12T01:49:17.345+0530] {processor.py:830} INFO - Processing file /home/kali/Desktop/projects/git/bank_data_processing/myenv/lib/python3.11/site-packages/airflow/example_dags/tutorial_objectstorage.py for tasks to queue
[2024-07-12T01:49:17.346+0530] {logging_mixin.py:188} INFO - [2024-07-12T01:49:17.346+0530] {dagbag.py:545} INFO - Filling up the DagBag from /home/kali/Desktop/projects/git/bank_data_processing/myenv/lib/python3.11/site-packages/airflow/example_dags/tutorial_objectstorage.py
[2024-07-12T01:49:17.354+0530] {processor.py:840} INFO - DAG(s) 'tutorial_objectstorage' retrieved from /home/kali/Desktop/projects/git/bank_data_processing/myenv/lib/python3.11/site-packages/airflow/example_dags/tutorial_objectstorage.py
[2024-07-12T01:49:17.372+0530] {logging_mixin.py:188} INFO - [2024-07-12T01:49:17.372+0530] {dag.py:3096} INFO - Sync 1 DAGs
[2024-07-12T01:49:17.497+0530] {logging_mixin.py:188} INFO - [2024-07-12T01:49:17.497+0530] {dag.py:3954} INFO - Setting next_dagrun for tutorial_objectstorage to None, run_after=None
[2024-07-12T01:49:17.523+0530] {processor.py:183} INFO - Processing /home/kali/Desktop/projects/git/bank_data_processing/myenv/lib/python3.11/site-packages/airflow/example_dags/tutorial_objectstorage.py took 0.186 seconds
[2024-07-12T01:49:47.722+0530] {processor.py:161} INFO - Started process (PID=38219) to work on /home/kali/Desktop/projects/git/bank_data_processing/myenv/lib/python3.11/site-packages/airflow/example_dags/tutorial_objectstorage.py
[2024-07-12T01:49:47.725+0530] {processor.py:830} INFO - Processing file /home/kali/Desktop/projects/git/bank_data_processing/myenv/lib/python3.11/site-packages/airflow/example_dags/tutorial_objectstorage.py for tasks to queue
[2024-07-12T01:49:47.727+0530] {logging_mixin.py:188} INFO - [2024-07-12T01:49:47.727+0530] {dagbag.py:545} INFO - Filling up the DagBag from /home/kali/Desktop/projects/git/bank_data_processing/myenv/lib/python3.11/site-packages/airflow/example_dags/tutorial_objectstorage.py
[2024-07-12T01:49:47.742+0530] {processor.py:840} INFO - DAG(s) 'tutorial_objectstorage' retrieved from /home/kali/Desktop/projects/git/bank_data_processing/myenv/lib/python3.11/site-packages/airflow/example_dags/tutorial_objectstorage.py
[2024-07-12T01:49:47.779+0530] {logging_mixin.py:188} INFO - [2024-07-12T01:49:47.778+0530] {dag.py:3096} INFO - Sync 1 DAGs
[2024-07-12T01:49:47.802+0530] {logging_mixin.py:188} INFO - [2024-07-12T01:49:47.801+0530] {dag.py:3954} INFO - Setting next_dagrun for tutorial_objectstorage to None, run_after=None
[2024-07-12T01:49:47.841+0530] {processor.py:183} INFO - Processing /home/kali/Desktop/projects/git/bank_data_processing/myenv/lib/python3.11/site-packages/airflow/example_dags/tutorial_objectstorage.py took 0.129 seconds
[2024-07-12T01:50:19.067+0530] {processor.py:161} INFO - Started process (PID=38582) to work on /home/kali/Desktop/projects/git/bank_data_processing/myenv/lib/python3.11/site-packages/airflow/example_dags/tutorial_objectstorage.py
[2024-07-12T01:50:19.070+0530] {processor.py:830} INFO - Processing file /home/kali/Desktop/projects/git/bank_data_processing/myenv/lib/python3.11/site-packages/airflow/example_dags/tutorial_objectstorage.py for tasks to queue
[2024-07-12T01:50:19.073+0530] {logging_mixin.py:188} INFO - [2024-07-12T01:50:19.073+0530] {dagbag.py:545} INFO - Filling up the DagBag from /home/kali/Desktop/projects/git/bank_data_processing/myenv/lib/python3.11/site-packages/airflow/example_dags/tutorial_objectstorage.py
[2024-07-12T01:50:19.088+0530] {processor.py:840} INFO - DAG(s) 'tutorial_objectstorage' retrieved from /home/kali/Desktop/projects/git/bank_data_processing/myenv/lib/python3.11/site-packages/airflow/example_dags/tutorial_objectstorage.py
[2024-07-12T01:50:19.119+0530] {logging_mixin.py:188} INFO - [2024-07-12T01:50:19.119+0530] {dag.py:3096} INFO - Sync 1 DAGs
[2024-07-12T01:50:19.141+0530] {logging_mixin.py:188} INFO - [2024-07-12T01:50:19.141+0530] {dag.py:3954} INFO - Setting next_dagrun for tutorial_objectstorage to None, run_after=None
[2024-07-12T01:50:19.183+0530] {processor.py:183} INFO - Processing /home/kali/Desktop/projects/git/bank_data_processing/myenv/lib/python3.11/site-packages/airflow/example_dags/tutorial_objectstorage.py took 0.127 seconds
[2024-07-12T01:50:49.622+0530] {processor.py:161} INFO - Started process (PID=39016) to work on /home/kali/Desktop/projects/git/bank_data_processing/myenv/lib/python3.11/site-packages/airflow/example_dags/tutorial_objectstorage.py
[2024-07-12T01:50:49.624+0530] {processor.py:830} INFO - Processing file /home/kali/Desktop/projects/git/bank_data_processing/myenv/lib/python3.11/site-packages/airflow/example_dags/tutorial_objectstorage.py for tasks to queue
[2024-07-12T01:50:49.628+0530] {logging_mixin.py:188} INFO - [2024-07-12T01:50:49.627+0530] {dagbag.py:545} INFO - Filling up the DagBag from /home/kali/Desktop/projects/git/bank_data_processing/myenv/lib/python3.11/site-packages/airflow/example_dags/tutorial_objectstorage.py
[2024-07-12T01:50:49.639+0530] {processor.py:840} INFO - DAG(s) 'tutorial_objectstorage' retrieved from /home/kali/Desktop/projects/git/bank_data_processing/myenv/lib/python3.11/site-packages/airflow/example_dags/tutorial_objectstorage.py
[2024-07-12T01:50:49.664+0530] {logging_mixin.py:188} INFO - [2024-07-12T01:50:49.664+0530] {dag.py:3096} INFO - Sync 1 DAGs
[2024-07-12T01:50:49.687+0530] {logging_mixin.py:188} INFO - [2024-07-12T01:50:49.687+0530] {dag.py:3954} INFO - Setting next_dagrun for tutorial_objectstorage to None, run_after=None
[2024-07-12T01:50:49.721+0530] {processor.py:183} INFO - Processing /home/kali/Desktop/projects/git/bank_data_processing/myenv/lib/python3.11/site-packages/airflow/example_dags/tutorial_objectstorage.py took 0.108 seconds
[2024-07-12T01:51:19.751+0530] {processor.py:161} INFO - Started process (PID=39410) to work on /home/kali/Desktop/projects/git/bank_data_processing/myenv/lib/python3.11/site-packages/airflow/example_dags/tutorial_objectstorage.py
[2024-07-12T01:51:19.752+0530] {processor.py:830} INFO - Processing file /home/kali/Desktop/projects/git/bank_data_processing/myenv/lib/python3.11/site-packages/airflow/example_dags/tutorial_objectstorage.py for tasks to queue
[2024-07-12T01:51:19.754+0530] {logging_mixin.py:188} INFO - [2024-07-12T01:51:19.754+0530] {dagbag.py:545} INFO - Filling up the DagBag from /home/kali/Desktop/projects/git/bank_data_processing/myenv/lib/python3.11/site-packages/airflow/example_dags/tutorial_objectstorage.py
[2024-07-12T01:51:19.762+0530] {processor.py:840} INFO - DAG(s) 'tutorial_objectstorage' retrieved from /home/kali/Desktop/projects/git/bank_data_processing/myenv/lib/python3.11/site-packages/airflow/example_dags/tutorial_objectstorage.py
[2024-07-12T01:51:19.781+0530] {logging_mixin.py:188} INFO - [2024-07-12T01:51:19.781+0530] {dag.py:3096} INFO - Sync 1 DAGs
[2024-07-12T01:51:19.799+0530] {logging_mixin.py:188} INFO - [2024-07-12T01:51:19.799+0530] {dag.py:3954} INFO - Setting next_dagrun for tutorial_objectstorage to None, run_after=None
[2024-07-12T01:51:19.822+0530] {processor.py:183} INFO - Processing /home/kali/Desktop/projects/git/bank_data_processing/myenv/lib/python3.11/site-packages/airflow/example_dags/tutorial_objectstorage.py took 0.078 seconds
[2024-07-12T01:51:50.961+0530] {processor.py:161} INFO - Started process (PID=39997) to work on /home/kali/Desktop/projects/git/bank_data_processing/myenv/lib/python3.11/site-packages/airflow/example_dags/tutorial_objectstorage.py
[2024-07-12T01:51:50.962+0530] {processor.py:830} INFO - Processing file /home/kali/Desktop/projects/git/bank_data_processing/myenv/lib/python3.11/site-packages/airflow/example_dags/tutorial_objectstorage.py for tasks to queue
[2024-07-12T01:51:50.964+0530] {logging_mixin.py:188} INFO - [2024-07-12T01:51:50.964+0530] {dagbag.py:545} INFO - Filling up the DagBag from /home/kali/Desktop/projects/git/bank_data_processing/myenv/lib/python3.11/site-packages/airflow/example_dags/tutorial_objectstorage.py
[2024-07-12T01:51:50.972+0530] {processor.py:840} INFO - DAG(s) 'tutorial_objectstorage' retrieved from /home/kali/Desktop/projects/git/bank_data_processing/myenv/lib/python3.11/site-packages/airflow/example_dags/tutorial_objectstorage.py
[2024-07-12T01:51:51.001+0530] {logging_mixin.py:188} INFO - [2024-07-12T01:51:51.001+0530] {dag.py:3096} INFO - Sync 1 DAGs
[2024-07-12T01:51:51.022+0530] {logging_mixin.py:188} INFO - [2024-07-12T01:51:51.021+0530] {dag.py:3954} INFO - Setting next_dagrun for tutorial_objectstorage to None, run_after=None
[2024-07-12T01:51:51.072+0530] {processor.py:183} INFO - Processing /home/kali/Desktop/projects/git/bank_data_processing/myenv/lib/python3.11/site-packages/airflow/example_dags/tutorial_objectstorage.py took 0.120 seconds
[2024-07-12T01:52:21.212+0530] {processor.py:161} INFO - Started process (PID=40668) to work on /home/kali/Desktop/projects/git/bank_data_processing/myenv/lib/python3.11/site-packages/airflow/example_dags/tutorial_objectstorage.py
[2024-07-12T01:52:21.213+0530] {processor.py:830} INFO - Processing file /home/kali/Desktop/projects/git/bank_data_processing/myenv/lib/python3.11/site-packages/airflow/example_dags/tutorial_objectstorage.py for tasks to queue
[2024-07-12T01:52:21.215+0530] {logging_mixin.py:188} INFO - [2024-07-12T01:52:21.215+0530] {dagbag.py:545} INFO - Filling up the DagBag from /home/kali/Desktop/projects/git/bank_data_processing/myenv/lib/python3.11/site-packages/airflow/example_dags/tutorial_objectstorage.py
[2024-07-12T01:52:21.222+0530] {processor.py:840} INFO - DAG(s) 'tutorial_objectstorage' retrieved from /home/kali/Desktop/projects/git/bank_data_processing/myenv/lib/python3.11/site-packages/airflow/example_dags/tutorial_objectstorage.py
[2024-07-12T01:52:21.240+0530] {logging_mixin.py:188} INFO - [2024-07-12T01:52:21.240+0530] {dag.py:3096} INFO - Sync 1 DAGs
[2024-07-12T01:52:21.254+0530] {logging_mixin.py:188} INFO - [2024-07-12T01:52:21.254+0530] {dag.py:3954} INFO - Setting next_dagrun for tutorial_objectstorage to None, run_after=None
[2024-07-12T01:52:21.280+0530] {processor.py:183} INFO - Processing /home/kali/Desktop/projects/git/bank_data_processing/myenv/lib/python3.11/site-packages/airflow/example_dags/tutorial_objectstorage.py took 0.076 seconds
