[2024-07-12T01:47:45.508+0530] {processor.py:161} INFO - Started process (PID=36545) to work on /home/kali/Desktop/projects/git/bank_data_processing/myenv/lib/python3.11/site-packages/airflow/example_dags/tutorial.py
[2024-07-12T01:47:45.509+0530] {processor.py:830} INFO - Processing file /home/kali/Desktop/projects/git/bank_data_processing/myenv/lib/python3.11/site-packages/airflow/example_dags/tutorial.py for tasks to queue
[2024-07-12T01:47:45.510+0530] {logging_mixin.py:188} INFO - [2024-07-12T01:47:45.510+0530] {dagbag.py:545} INFO - Filling up the DagBag from /home/kali/Desktop/projects/git/bank_data_processing/myenv/lib/python3.11/site-packages/airflow/example_dags/tutorial.py
[2024-07-12T01:47:45.517+0530] {processor.py:840} INFO - DAG(s) 'tutorial' retrieved from /home/kali/Desktop/projects/git/bank_data_processing/myenv/lib/python3.11/site-packages/airflow/example_dags/tutorial.py
[2024-07-12T01:47:45.623+0530] {logging_mixin.py:188} INFO - [2024-07-12T01:47:45.623+0530] {dag.py:3096} INFO - Sync 1 DAGs
[2024-07-12T01:47:45.641+0530] {logging_mixin.py:188} INFO - [2024-07-12T01:47:45.641+0530] {dag.py:3954} INFO - Setting next_dagrun for tutorial to 2024-07-10 00:00:00+00:00, run_after=2024-07-11 00:00:00+00:00
[2024-07-12T01:47:45.660+0530] {processor.py:183} INFO - Processing /home/kali/Desktop/projects/git/bank_data_processing/myenv/lib/python3.11/site-packages/airflow/example_dags/tutorial.py took 0.163 seconds
[2024-07-12T01:48:15.795+0530] {processor.py:161} INFO - Started process (PID=37036) to work on /home/kali/Desktop/projects/git/bank_data_processing/myenv/lib/python3.11/site-packages/airflow/example_dags/tutorial.py
[2024-07-12T01:48:15.796+0530] {processor.py:830} INFO - Processing file /home/kali/Desktop/projects/git/bank_data_processing/myenv/lib/python3.11/site-packages/airflow/example_dags/tutorial.py for tasks to queue
[2024-07-12T01:48:15.799+0530] {logging_mixin.py:188} INFO - [2024-07-12T01:48:15.798+0530] {dagbag.py:545} INFO - Filling up the DagBag from /home/kali/Desktop/projects/git/bank_data_processing/myenv/lib/python3.11/site-packages/airflow/example_dags/tutorial.py
[2024-07-12T01:48:15.808+0530] {processor.py:840} INFO - DAG(s) 'tutorial' retrieved from /home/kali/Desktop/projects/git/bank_data_processing/myenv/lib/python3.11/site-packages/airflow/example_dags/tutorial.py
[2024-07-12T01:48:15.834+0530] {logging_mixin.py:188} INFO - [2024-07-12T01:48:15.833+0530] {dag.py:3096} INFO - Sync 1 DAGs
[2024-07-12T01:48:15.864+0530] {logging_mixin.py:188} INFO - [2024-07-12T01:48:15.864+0530] {dag.py:3954} INFO - Setting next_dagrun for tutorial to 2024-07-10 00:00:00+00:00, run_after=2024-07-11 00:00:00+00:00
[2024-07-12T01:48:15.889+0530] {processor.py:183} INFO - Processing /home/kali/Desktop/projects/git/bank_data_processing/myenv/lib/python3.11/site-packages/airflow/example_dags/tutorial.py took 0.104 seconds
[2024-07-12T01:48:46.688+0530] {processor.py:161} INFO - Started process (PID=37422) to work on /home/kali/Desktop/projects/git/bank_data_processing/myenv/lib/python3.11/site-packages/airflow/example_dags/tutorial.py
[2024-07-12T01:48:46.690+0530] {processor.py:830} INFO - Processing file /home/kali/Desktop/projects/git/bank_data_processing/myenv/lib/python3.11/site-packages/airflow/example_dags/tutorial.py for tasks to queue
[2024-07-12T01:48:46.693+0530] {logging_mixin.py:188} INFO - [2024-07-12T01:48:46.692+0530] {dagbag.py:545} INFO - Filling up the DagBag from /home/kali/Desktop/projects/git/bank_data_processing/myenv/lib/python3.11/site-packages/airflow/example_dags/tutorial.py
[2024-07-12T01:48:46.701+0530] {processor.py:840} INFO - DAG(s) 'tutorial' retrieved from /home/kali/Desktop/projects/git/bank_data_processing/myenv/lib/python3.11/site-packages/airflow/example_dags/tutorial.py
[2024-07-12T01:48:46.720+0530] {logging_mixin.py:188} INFO - [2024-07-12T01:48:46.719+0530] {dag.py:3096} INFO - Sync 1 DAGs
[2024-07-12T01:48:46.740+0530] {logging_mixin.py:188} INFO - [2024-07-12T01:48:46.740+0530] {dag.py:3954} INFO - Setting next_dagrun for tutorial to 2024-07-10 00:00:00+00:00, run_after=2024-07-11 00:00:00+00:00
[2024-07-12T01:48:46.763+0530] {processor.py:183} INFO - Processing /home/kali/Desktop/projects/git/bank_data_processing/myenv/lib/python3.11/site-packages/airflow/example_dags/tutorial.py took 0.088 seconds
[2024-07-12T01:49:16.871+0530] {processor.py:161} INFO - Started process (PID=37888) to work on /home/kali/Desktop/projects/git/bank_data_processing/myenv/lib/python3.11/site-packages/airflow/example_dags/tutorial.py
[2024-07-12T01:49:16.872+0530] {processor.py:830} INFO - Processing file /home/kali/Desktop/projects/git/bank_data_processing/myenv/lib/python3.11/site-packages/airflow/example_dags/tutorial.py for tasks to queue
[2024-07-12T01:49:16.874+0530] {logging_mixin.py:188} INFO - [2024-07-12T01:49:16.874+0530] {dagbag.py:545} INFO - Filling up the DagBag from /home/kali/Desktop/projects/git/bank_data_processing/myenv/lib/python3.11/site-packages/airflow/example_dags/tutorial.py
[2024-07-12T01:49:16.880+0530] {processor.py:840} INFO - DAG(s) 'tutorial' retrieved from /home/kali/Desktop/projects/git/bank_data_processing/myenv/lib/python3.11/site-packages/airflow/example_dags/tutorial.py
[2024-07-12T01:49:16.897+0530] {logging_mixin.py:188} INFO - [2024-07-12T01:49:16.897+0530] {dag.py:3096} INFO - Sync 1 DAGs
[2024-07-12T01:49:17.054+0530] {logging_mixin.py:188} INFO - [2024-07-12T01:49:17.054+0530] {dag.py:3954} INFO - Setting next_dagrun for tutorial to 2024-07-10 00:00:00+00:00, run_after=2024-07-11 00:00:00+00:00
[2024-07-12T01:49:17.077+0530] {processor.py:183} INFO - Processing /home/kali/Desktop/projects/git/bank_data_processing/myenv/lib/python3.11/site-packages/airflow/example_dags/tutorial.py took 0.212 seconds
[2024-07-12T01:49:47.475+0530] {processor.py:161} INFO - Started process (PID=38216) to work on /home/kali/Desktop/projects/git/bank_data_processing/myenv/lib/python3.11/site-packages/airflow/example_dags/tutorial.py
[2024-07-12T01:49:47.476+0530] {processor.py:830} INFO - Processing file /home/kali/Desktop/projects/git/bank_data_processing/myenv/lib/python3.11/site-packages/airflow/example_dags/tutorial.py for tasks to queue
[2024-07-12T01:49:47.478+0530] {logging_mixin.py:188} INFO - [2024-07-12T01:49:47.477+0530] {dagbag.py:545} INFO - Filling up the DagBag from /home/kali/Desktop/projects/git/bank_data_processing/myenv/lib/python3.11/site-packages/airflow/example_dags/tutorial.py
[2024-07-12T01:49:47.485+0530] {processor.py:840} INFO - DAG(s) 'tutorial' retrieved from /home/kali/Desktop/projects/git/bank_data_processing/myenv/lib/python3.11/site-packages/airflow/example_dags/tutorial.py
[2024-07-12T01:49:47.504+0530] {logging_mixin.py:188} INFO - [2024-07-12T01:49:47.503+0530] {dag.py:3096} INFO - Sync 1 DAGs
[2024-07-12T01:49:47.532+0530] {logging_mixin.py:188} INFO - [2024-07-12T01:49:47.532+0530] {dag.py:3954} INFO - Setting next_dagrun for tutorial to 2024-07-10 00:00:00+00:00, run_after=2024-07-11 00:00:00+00:00
[2024-07-12T01:49:47.560+0530] {processor.py:183} INFO - Processing /home/kali/Desktop/projects/git/bank_data_processing/myenv/lib/python3.11/site-packages/airflow/example_dags/tutorial.py took 0.092 seconds
[2024-07-12T01:50:18.788+0530] {processor.py:161} INFO - Started process (PID=38564) to work on /home/kali/Desktop/projects/git/bank_data_processing/myenv/lib/python3.11/site-packages/airflow/example_dags/tutorial.py
[2024-07-12T01:50:18.790+0530] {processor.py:830} INFO - Processing file /home/kali/Desktop/projects/git/bank_data_processing/myenv/lib/python3.11/site-packages/airflow/example_dags/tutorial.py for tasks to queue
[2024-07-12T01:50:18.792+0530] {logging_mixin.py:188} INFO - [2024-07-12T01:50:18.792+0530] {dagbag.py:545} INFO - Filling up the DagBag from /home/kali/Desktop/projects/git/bank_data_processing/myenv/lib/python3.11/site-packages/airflow/example_dags/tutorial.py
[2024-07-12T01:50:18.806+0530] {processor.py:840} INFO - DAG(s) 'tutorial' retrieved from /home/kali/Desktop/projects/git/bank_data_processing/myenv/lib/python3.11/site-packages/airflow/example_dags/tutorial.py
[2024-07-12T01:50:18.844+0530] {logging_mixin.py:188} INFO - [2024-07-12T01:50:18.843+0530] {dag.py:3096} INFO - Sync 1 DAGs
[2024-07-12T01:50:18.887+0530] {logging_mixin.py:188} INFO - [2024-07-12T01:50:18.886+0530] {dag.py:3954} INFO - Setting next_dagrun for tutorial to 2024-07-10 00:00:00+00:00, run_after=2024-07-11 00:00:00+00:00
[2024-07-12T01:50:18.930+0530] {processor.py:183} INFO - Processing /home/kali/Desktop/projects/git/bank_data_processing/myenv/lib/python3.11/site-packages/airflow/example_dags/tutorial.py took 0.155 seconds
[2024-07-12T01:50:49.429+0530] {processor.py:161} INFO - Started process (PID=39005) to work on /home/kali/Desktop/projects/git/bank_data_processing/myenv/lib/python3.11/site-packages/airflow/example_dags/tutorial.py
[2024-07-12T01:50:49.431+0530] {processor.py:830} INFO - Processing file /home/kali/Desktop/projects/git/bank_data_processing/myenv/lib/python3.11/site-packages/airflow/example_dags/tutorial.py for tasks to queue
[2024-07-12T01:50:49.434+0530] {logging_mixin.py:188} INFO - [2024-07-12T01:50:49.433+0530] {dagbag.py:545} INFO - Filling up the DagBag from /home/kali/Desktop/projects/git/bank_data_processing/myenv/lib/python3.11/site-packages/airflow/example_dags/tutorial.py
[2024-07-12T01:50:49.446+0530] {processor.py:840} INFO - DAG(s) 'tutorial' retrieved from /home/kali/Desktop/projects/git/bank_data_processing/myenv/lib/python3.11/site-packages/airflow/example_dags/tutorial.py
[2024-07-12T01:50:49.468+0530] {logging_mixin.py:188} INFO - [2024-07-12T01:50:49.468+0530] {dag.py:3096} INFO - Sync 1 DAGs
[2024-07-12T01:50:49.497+0530] {logging_mixin.py:188} INFO - [2024-07-12T01:50:49.497+0530] {dag.py:3954} INFO - Setting next_dagrun for tutorial to 2024-07-10 00:00:00+00:00, run_after=2024-07-11 00:00:00+00:00
[2024-07-12T01:50:49.526+0530] {processor.py:183} INFO - Processing /home/kali/Desktop/projects/git/bank_data_processing/myenv/lib/python3.11/site-packages/airflow/example_dags/tutorial.py took 0.108 seconds
[2024-07-12T01:51:19.614+0530] {processor.py:161} INFO - Started process (PID=39407) to work on /home/kali/Desktop/projects/git/bank_data_processing/myenv/lib/python3.11/site-packages/airflow/example_dags/tutorial.py
[2024-07-12T01:51:19.615+0530] {processor.py:830} INFO - Processing file /home/kali/Desktop/projects/git/bank_data_processing/myenv/lib/python3.11/site-packages/airflow/example_dags/tutorial.py for tasks to queue
[2024-07-12T01:51:19.616+0530] {logging_mixin.py:188} INFO - [2024-07-12T01:51:19.616+0530] {dagbag.py:545} INFO - Filling up the DagBag from /home/kali/Desktop/projects/git/bank_data_processing/myenv/lib/python3.11/site-packages/airflow/example_dags/tutorial.py
[2024-07-12T01:51:19.622+0530] {processor.py:840} INFO - DAG(s) 'tutorial' retrieved from /home/kali/Desktop/projects/git/bank_data_processing/myenv/lib/python3.11/site-packages/airflow/example_dags/tutorial.py
[2024-07-12T01:51:19.641+0530] {logging_mixin.py:188} INFO - [2024-07-12T01:51:19.641+0530] {dag.py:3096} INFO - Sync 1 DAGs
[2024-07-12T01:51:19.663+0530] {logging_mixin.py:188} INFO - [2024-07-12T01:51:19.663+0530] {dag.py:3954} INFO - Setting next_dagrun for tutorial to 2024-07-10 00:00:00+00:00, run_after=2024-07-11 00:00:00+00:00
[2024-07-12T01:51:19.682+0530] {processor.py:183} INFO - Processing /home/kali/Desktop/projects/git/bank_data_processing/myenv/lib/python3.11/site-packages/airflow/example_dags/tutorial.py took 0.074 seconds
[2024-07-12T01:51:50.703+0530] {processor.py:161} INFO - Started process (PID=39979) to work on /home/kali/Desktop/projects/git/bank_data_processing/myenv/lib/python3.11/site-packages/airflow/example_dags/tutorial.py
[2024-07-12T01:51:50.706+0530] {processor.py:830} INFO - Processing file /home/kali/Desktop/projects/git/bank_data_processing/myenv/lib/python3.11/site-packages/airflow/example_dags/tutorial.py for tasks to queue
[2024-07-12T01:51:50.708+0530] {logging_mixin.py:188} INFO - [2024-07-12T01:51:50.708+0530] {dagbag.py:545} INFO - Filling up the DagBag from /home/kali/Desktop/projects/git/bank_data_processing/myenv/lib/python3.11/site-packages/airflow/example_dags/tutorial.py
[2024-07-12T01:51:50.721+0530] {processor.py:840} INFO - DAG(s) 'tutorial' retrieved from /home/kali/Desktop/projects/git/bank_data_processing/myenv/lib/python3.11/site-packages/airflow/example_dags/tutorial.py
[2024-07-12T01:51:50.755+0530] {logging_mixin.py:188} INFO - [2024-07-12T01:51:50.755+0530] {dag.py:3096} INFO - Sync 1 DAGs
[2024-07-12T01:51:50.790+0530] {logging_mixin.py:188} INFO - [2024-07-12T01:51:50.790+0530] {dag.py:3954} INFO - Setting next_dagrun for tutorial to 2024-07-10 00:00:00+00:00, run_after=2024-07-11 00:00:00+00:00
[2024-07-12T01:51:50.824+0530] {processor.py:183} INFO - Processing /home/kali/Desktop/projects/git/bank_data_processing/myenv/lib/python3.11/site-packages/airflow/example_dags/tutorial.py took 0.142 seconds
[2024-07-12T01:52:21.071+0530] {processor.py:161} INFO - Started process (PID=40665) to work on /home/kali/Desktop/projects/git/bank_data_processing/myenv/lib/python3.11/site-packages/airflow/example_dags/tutorial.py
[2024-07-12T01:52:21.072+0530] {processor.py:830} INFO - Processing file /home/kali/Desktop/projects/git/bank_data_processing/myenv/lib/python3.11/site-packages/airflow/example_dags/tutorial.py for tasks to queue
[2024-07-12T01:52:21.074+0530] {logging_mixin.py:188} INFO - [2024-07-12T01:52:21.073+0530] {dagbag.py:545} INFO - Filling up the DagBag from /home/kali/Desktop/projects/git/bank_data_processing/myenv/lib/python3.11/site-packages/airflow/example_dags/tutorial.py
[2024-07-12T01:52:21.079+0530] {processor.py:840} INFO - DAG(s) 'tutorial' retrieved from /home/kali/Desktop/projects/git/bank_data_processing/myenv/lib/python3.11/site-packages/airflow/example_dags/tutorial.py
[2024-07-12T01:52:21.098+0530] {logging_mixin.py:188} INFO - [2024-07-12T01:52:21.097+0530] {dag.py:3096} INFO - Sync 1 DAGs
[2024-07-12T01:52:21.119+0530] {logging_mixin.py:188} INFO - [2024-07-12T01:52:21.119+0530] {dag.py:3954} INFO - Setting next_dagrun for tutorial to 2024-07-10 00:00:00+00:00, run_after=2024-07-11 00:00:00+00:00
[2024-07-12T01:52:21.140+0530] {processor.py:183} INFO - Processing /home/kali/Desktop/projects/git/bank_data_processing/myenv/lib/python3.11/site-packages/airflow/example_dags/tutorial.py took 0.078 seconds
