[2024-07-12T01:47:44.106+0530] {processor.py:161} INFO - Started process (PID=36486) to work on /home/kali/Desktop/projects/git/bank_data_processing/myenv/lib/python3.11/site-packages/airflow/example_dags/tutorial_dag.py
[2024-07-12T01:47:44.107+0530] {processor.py:830} INFO - Processing file /home/kali/Desktop/projects/git/bank_data_processing/myenv/lib/python3.11/site-packages/airflow/example_dags/tutorial_dag.py for tasks to queue
[2024-07-12T01:47:44.110+0530] {logging_mixin.py:188} INFO - [2024-07-12T01:47:44.109+0530] {dagbag.py:545} INFO - Filling up the DagBag from /home/kali/Desktop/projects/git/bank_data_processing/myenv/lib/python3.11/site-packages/airflow/example_dags/tutorial_dag.py
[2024-07-12T01:47:44.121+0530] {processor.py:840} INFO - DAG(s) 'tutorial_dag' retrieved from /home/kali/Desktop/projects/git/bank_data_processing/myenv/lib/python3.11/site-packages/airflow/example_dags/tutorial_dag.py
[2024-07-12T01:47:44.357+0530] {logging_mixin.py:188} INFO - [2024-07-12T01:47:44.356+0530] {dag.py:3096} INFO - Sync 1 DAGs
[2024-07-12T01:47:44.374+0530] {logging_mixin.py:188} INFO - [2024-07-12T01:47:44.374+0530] {dag.py:3954} INFO - Setting next_dagrun for tutorial_dag to None, run_after=None
[2024-07-12T01:47:44.406+0530] {processor.py:183} INFO - Processing /home/kali/Desktop/projects/git/bank_data_processing/myenv/lib/python3.11/site-packages/airflow/example_dags/tutorial_dag.py took 0.310 seconds
[2024-07-12T01:48:14.889+0530] {processor.py:161} INFO - Started process (PID=37019) to work on /home/kali/Desktop/projects/git/bank_data_processing/myenv/lib/python3.11/site-packages/airflow/example_dags/tutorial_dag.py
[2024-07-12T01:48:14.890+0530] {processor.py:830} INFO - Processing file /home/kali/Desktop/projects/git/bank_data_processing/myenv/lib/python3.11/site-packages/airflow/example_dags/tutorial_dag.py for tasks to queue
[2024-07-12T01:48:14.892+0530] {logging_mixin.py:188} INFO - [2024-07-12T01:48:14.892+0530] {dagbag.py:545} INFO - Filling up the DagBag from /home/kali/Desktop/projects/git/bank_data_processing/myenv/lib/python3.11/site-packages/airflow/example_dags/tutorial_dag.py
[2024-07-12T01:48:14.898+0530] {processor.py:840} INFO - DAG(s) 'tutorial_dag' retrieved from /home/kali/Desktop/projects/git/bank_data_processing/myenv/lib/python3.11/site-packages/airflow/example_dags/tutorial_dag.py
[2024-07-12T01:48:14.915+0530] {logging_mixin.py:188} INFO - [2024-07-12T01:48:14.915+0530] {dag.py:3096} INFO - Sync 1 DAGs
[2024-07-12T01:48:14.927+0530] {logging_mixin.py:188} INFO - [2024-07-12T01:48:14.926+0530] {dag.py:3954} INFO - Setting next_dagrun for tutorial_dag to None, run_after=None
[2024-07-12T01:48:14.949+0530] {processor.py:183} INFO - Processing /home/kali/Desktop/projects/git/bank_data_processing/myenv/lib/python3.11/site-packages/airflow/example_dags/tutorial_dag.py took 0.067 seconds
[2024-07-12T01:48:45.132+0530] {processor.py:161} INFO - Started process (PID=37394) to work on /home/kali/Desktop/projects/git/bank_data_processing/myenv/lib/python3.11/site-packages/airflow/example_dags/tutorial_dag.py
[2024-07-12T01:48:45.133+0530] {processor.py:830} INFO - Processing file /home/kali/Desktop/projects/git/bank_data_processing/myenv/lib/python3.11/site-packages/airflow/example_dags/tutorial_dag.py for tasks to queue
[2024-07-12T01:48:45.134+0530] {logging_mixin.py:188} INFO - [2024-07-12T01:48:45.134+0530] {dagbag.py:545} INFO - Filling up the DagBag from /home/kali/Desktop/projects/git/bank_data_processing/myenv/lib/python3.11/site-packages/airflow/example_dags/tutorial_dag.py
[2024-07-12T01:48:45.140+0530] {processor.py:840} INFO - DAG(s) 'tutorial_dag' retrieved from /home/kali/Desktop/projects/git/bank_data_processing/myenv/lib/python3.11/site-packages/airflow/example_dags/tutorial_dag.py
[2024-07-12T01:48:45.158+0530] {logging_mixin.py:188} INFO - [2024-07-12T01:48:45.158+0530] {dag.py:3096} INFO - Sync 1 DAGs
[2024-07-12T01:48:45.170+0530] {logging_mixin.py:188} INFO - [2024-07-12T01:48:45.169+0530] {dag.py:3954} INFO - Setting next_dagrun for tutorial_dag to None, run_after=None
[2024-07-12T01:48:45.189+0530] {processor.py:183} INFO - Processing /home/kali/Desktop/projects/git/bank_data_processing/myenv/lib/python3.11/site-packages/airflow/example_dags/tutorial_dag.py took 0.064 seconds
[2024-07-12T01:49:15.585+0530] {processor.py:161} INFO - Started process (PID=37868) to work on /home/kali/Desktop/projects/git/bank_data_processing/myenv/lib/python3.11/site-packages/airflow/example_dags/tutorial_dag.py
[2024-07-12T01:49:15.586+0530] {processor.py:830} INFO - Processing file /home/kali/Desktop/projects/git/bank_data_processing/myenv/lib/python3.11/site-packages/airflow/example_dags/tutorial_dag.py for tasks to queue
[2024-07-12T01:49:15.588+0530] {logging_mixin.py:188} INFO - [2024-07-12T01:49:15.588+0530] {dagbag.py:545} INFO - Filling up the DagBag from /home/kali/Desktop/projects/git/bank_data_processing/myenv/lib/python3.11/site-packages/airflow/example_dags/tutorial_dag.py
[2024-07-12T01:49:15.594+0530] {processor.py:840} INFO - DAG(s) 'tutorial_dag' retrieved from /home/kali/Desktop/projects/git/bank_data_processing/myenv/lib/python3.11/site-packages/airflow/example_dags/tutorial_dag.py
[2024-07-12T01:49:15.614+0530] {logging_mixin.py:188} INFO - [2024-07-12T01:49:15.614+0530] {dag.py:3096} INFO - Sync 1 DAGs
[2024-07-12T01:49:15.743+0530] {logging_mixin.py:188} INFO - [2024-07-12T01:49:15.742+0530] {dag.py:3954} INFO - Setting next_dagrun for tutorial_dag to None, run_after=None
[2024-07-12T01:49:15.770+0530] {processor.py:183} INFO - Processing /home/kali/Desktop/projects/git/bank_data_processing/myenv/lib/python3.11/site-packages/airflow/example_dags/tutorial_dag.py took 0.192 seconds
[2024-07-12T01:49:45.945+0530] {processor.py:161} INFO - Started process (PID=38188) to work on /home/kali/Desktop/projects/git/bank_data_processing/myenv/lib/python3.11/site-packages/airflow/example_dags/tutorial_dag.py
[2024-07-12T01:49:45.946+0530] {processor.py:830} INFO - Processing file /home/kali/Desktop/projects/git/bank_data_processing/myenv/lib/python3.11/site-packages/airflow/example_dags/tutorial_dag.py for tasks to queue
[2024-07-12T01:49:45.949+0530] {logging_mixin.py:188} INFO - [2024-07-12T01:49:45.948+0530] {dagbag.py:545} INFO - Filling up the DagBag from /home/kali/Desktop/projects/git/bank_data_processing/myenv/lib/python3.11/site-packages/airflow/example_dags/tutorial_dag.py
[2024-07-12T01:49:45.957+0530] {processor.py:840} INFO - DAG(s) 'tutorial_dag' retrieved from /home/kali/Desktop/projects/git/bank_data_processing/myenv/lib/python3.11/site-packages/airflow/example_dags/tutorial_dag.py
[2024-07-12T01:49:45.982+0530] {logging_mixin.py:188} INFO - [2024-07-12T01:49:45.981+0530] {dag.py:3096} INFO - Sync 1 DAGs
[2024-07-12T01:49:45.994+0530] {logging_mixin.py:188} INFO - [2024-07-12T01:49:45.994+0530] {dag.py:3954} INFO - Setting next_dagrun for tutorial_dag to None, run_after=None
[2024-07-12T01:49:46.014+0530] {processor.py:183} INFO - Processing /home/kali/Desktop/projects/git/bank_data_processing/myenv/lib/python3.11/site-packages/airflow/example_dags/tutorial_dag.py took 0.077 seconds
[2024-07-12T01:50:16.884+0530] {processor.py:161} INFO - Started process (PID=38514) to work on /home/kali/Desktop/projects/git/bank_data_processing/myenv/lib/python3.11/site-packages/airflow/example_dags/tutorial_dag.py
[2024-07-12T01:50:16.890+0530] {processor.py:830} INFO - Processing file /home/kali/Desktop/projects/git/bank_data_processing/myenv/lib/python3.11/site-packages/airflow/example_dags/tutorial_dag.py for tasks to queue
[2024-07-12T01:50:16.895+0530] {logging_mixin.py:188} INFO - [2024-07-12T01:50:16.893+0530] {dagbag.py:545} INFO - Filling up the DagBag from /home/kali/Desktop/projects/git/bank_data_processing/myenv/lib/python3.11/site-packages/airflow/example_dags/tutorial_dag.py
[2024-07-12T01:50:16.905+0530] {processor.py:840} INFO - DAG(s) 'tutorial_dag' retrieved from /home/kali/Desktop/projects/git/bank_data_processing/myenv/lib/python3.11/site-packages/airflow/example_dags/tutorial_dag.py
[2024-07-12T01:50:16.942+0530] {logging_mixin.py:188} INFO - [2024-07-12T01:50:16.942+0530] {dag.py:3096} INFO - Sync 1 DAGs
[2024-07-12T01:50:16.968+0530] {logging_mixin.py:188} INFO - [2024-07-12T01:50:16.967+0530] {dag.py:3954} INFO - Setting next_dagrun for tutorial_dag to None, run_after=None
[2024-07-12T01:50:17.006+0530] {processor.py:183} INFO - Processing /home/kali/Desktop/projects/git/bank_data_processing/myenv/lib/python3.11/site-packages/airflow/example_dags/tutorial_dag.py took 0.133 seconds
[2024-07-12T01:50:47.593+0530] {processor.py:161} INFO - Started process (PID=38987) to work on /home/kali/Desktop/projects/git/bank_data_processing/myenv/lib/python3.11/site-packages/airflow/example_dags/tutorial_dag.py
[2024-07-12T01:50:47.594+0530] {processor.py:830} INFO - Processing file /home/kali/Desktop/projects/git/bank_data_processing/myenv/lib/python3.11/site-packages/airflow/example_dags/tutorial_dag.py for tasks to queue
[2024-07-12T01:50:47.599+0530] {logging_mixin.py:188} INFO - [2024-07-12T01:50:47.597+0530] {dagbag.py:545} INFO - Filling up the DagBag from /home/kali/Desktop/projects/git/bank_data_processing/myenv/lib/python3.11/site-packages/airflow/example_dags/tutorial_dag.py
[2024-07-12T01:50:47.610+0530] {processor.py:840} INFO - DAG(s) 'tutorial_dag' retrieved from /home/kali/Desktop/projects/git/bank_data_processing/myenv/lib/python3.11/site-packages/airflow/example_dags/tutorial_dag.py
[2024-07-12T01:50:47.651+0530] {logging_mixin.py:188} INFO - [2024-07-12T01:50:47.650+0530] {dag.py:3096} INFO - Sync 1 DAGs
[2024-07-12T01:50:47.670+0530] {logging_mixin.py:188} INFO - [2024-07-12T01:50:47.669+0530] {dag.py:3954} INFO - Setting next_dagrun for tutorial_dag to None, run_after=None
[2024-07-12T01:50:47.710+0530] {processor.py:183} INFO - Processing /home/kali/Desktop/projects/git/bank_data_processing/myenv/lib/python3.11/site-packages/airflow/example_dags/tutorial_dag.py took 0.131 seconds
[2024-07-12T01:51:18.006+0530] {processor.py:161} INFO - Started process (PID=39381) to work on /home/kali/Desktop/projects/git/bank_data_processing/myenv/lib/python3.11/site-packages/airflow/example_dags/tutorial_dag.py
[2024-07-12T01:51:18.008+0530] {processor.py:830} INFO - Processing file /home/kali/Desktop/projects/git/bank_data_processing/myenv/lib/python3.11/site-packages/airflow/example_dags/tutorial_dag.py for tasks to queue
[2024-07-12T01:51:18.014+0530] {logging_mixin.py:188} INFO - [2024-07-12T01:51:18.013+0530] {dagbag.py:545} INFO - Filling up the DagBag from /home/kali/Desktop/projects/git/bank_data_processing/myenv/lib/python3.11/site-packages/airflow/example_dags/tutorial_dag.py
[2024-07-12T01:51:18.030+0530] {processor.py:840} INFO - DAG(s) 'tutorial_dag' retrieved from /home/kali/Desktop/projects/git/bank_data_processing/myenv/lib/python3.11/site-packages/airflow/example_dags/tutorial_dag.py
[2024-07-12T01:51:18.079+0530] {logging_mixin.py:188} INFO - [2024-07-12T01:51:18.079+0530] {dag.py:3096} INFO - Sync 1 DAGs
[2024-07-12T01:51:18.101+0530] {logging_mixin.py:188} INFO - [2024-07-12T01:51:18.101+0530] {dag.py:3954} INFO - Setting next_dagrun for tutorial_dag to None, run_after=None
[2024-07-12T01:51:18.135+0530] {processor.py:183} INFO - Processing /home/kali/Desktop/projects/git/bank_data_processing/myenv/lib/python3.11/site-packages/airflow/example_dags/tutorial_dag.py took 0.146 seconds
[2024-07-12T01:51:48.991+0530] {processor.py:161} INFO - Started process (PID=39954) to work on /home/kali/Desktop/projects/git/bank_data_processing/myenv/lib/python3.11/site-packages/airflow/example_dags/tutorial_dag.py
[2024-07-12T01:51:48.992+0530] {processor.py:830} INFO - Processing file /home/kali/Desktop/projects/git/bank_data_processing/myenv/lib/python3.11/site-packages/airflow/example_dags/tutorial_dag.py for tasks to queue
[2024-07-12T01:51:48.995+0530] {logging_mixin.py:188} INFO - [2024-07-12T01:51:48.995+0530] {dagbag.py:545} INFO - Filling up the DagBag from /home/kali/Desktop/projects/git/bank_data_processing/myenv/lib/python3.11/site-packages/airflow/example_dags/tutorial_dag.py
[2024-07-12T01:51:49.004+0530] {processor.py:840} INFO - DAG(s) 'tutorial_dag' retrieved from /home/kali/Desktop/projects/git/bank_data_processing/myenv/lib/python3.11/site-packages/airflow/example_dags/tutorial_dag.py
[2024-07-12T01:51:49.029+0530] {logging_mixin.py:188} INFO - [2024-07-12T01:51:49.029+0530] {dag.py:3096} INFO - Sync 1 DAGs
[2024-07-12T01:51:49.043+0530] {logging_mixin.py:188} INFO - [2024-07-12T01:51:49.042+0530] {dag.py:3954} INFO - Setting next_dagrun for tutorial_dag to None, run_after=None
[2024-07-12T01:51:49.071+0530] {processor.py:183} INFO - Processing /home/kali/Desktop/projects/git/bank_data_processing/myenv/lib/python3.11/site-packages/airflow/example_dags/tutorial_dag.py took 0.097 seconds
[2024-07-12T01:52:19.565+0530] {processor.py:161} INFO - Started process (PID=40640) to work on /home/kali/Desktop/projects/git/bank_data_processing/myenv/lib/python3.11/site-packages/airflow/example_dags/tutorial_dag.py
[2024-07-12T01:52:19.566+0530] {processor.py:830} INFO - Processing file /home/kali/Desktop/projects/git/bank_data_processing/myenv/lib/python3.11/site-packages/airflow/example_dags/tutorial_dag.py for tasks to queue
[2024-07-12T01:52:19.568+0530] {logging_mixin.py:188} INFO - [2024-07-12T01:52:19.567+0530] {dagbag.py:545} INFO - Filling up the DagBag from /home/kali/Desktop/projects/git/bank_data_processing/myenv/lib/python3.11/site-packages/airflow/example_dags/tutorial_dag.py
[2024-07-12T01:52:19.573+0530] {processor.py:840} INFO - DAG(s) 'tutorial_dag' retrieved from /home/kali/Desktop/projects/git/bank_data_processing/myenv/lib/python3.11/site-packages/airflow/example_dags/tutorial_dag.py
[2024-07-12T01:52:19.592+0530] {logging_mixin.py:188} INFO - [2024-07-12T01:52:19.592+0530] {dag.py:3096} INFO - Sync 1 DAGs
[2024-07-12T01:52:19.605+0530] {logging_mixin.py:188} INFO - [2024-07-12T01:52:19.605+0530] {dag.py:3954} INFO - Setting next_dagrun for tutorial_dag to None, run_after=None
[2024-07-12T01:52:19.627+0530] {processor.py:183} INFO - Processing /home/kali/Desktop/projects/git/bank_data_processing/myenv/lib/python3.11/site-packages/airflow/example_dags/tutorial_dag.py took 0.072 seconds
[2024-07-12T01:52:49.780+0530] {processor.py:161} INFO - Started process (PID=41278) to work on /home/kali/Desktop/projects/git/bank_data_processing/myenv/lib/python3.11/site-packages/airflow/example_dags/tutorial_dag.py
[2024-07-12T01:52:49.781+0530] {processor.py:830} INFO - Processing file /home/kali/Desktop/projects/git/bank_data_processing/myenv/lib/python3.11/site-packages/airflow/example_dags/tutorial_dag.py for tasks to queue
[2024-07-12T01:52:49.783+0530] {logging_mixin.py:188} INFO - [2024-07-12T01:52:49.783+0530] {dagbag.py:545} INFO - Filling up the DagBag from /home/kali/Desktop/projects/git/bank_data_processing/myenv/lib/python3.11/site-packages/airflow/example_dags/tutorial_dag.py
[2024-07-12T01:52:49.789+0530] {processor.py:840} INFO - DAG(s) 'tutorial_dag' retrieved from /home/kali/Desktop/projects/git/bank_data_processing/myenv/lib/python3.11/site-packages/airflow/example_dags/tutorial_dag.py
[2024-07-12T01:52:49.808+0530] {logging_mixin.py:188} INFO - [2024-07-12T01:52:49.808+0530] {dag.py:3096} INFO - Sync 1 DAGs
[2024-07-12T01:52:49.822+0530] {logging_mixin.py:188} INFO - [2024-07-12T01:52:49.821+0530] {dag.py:3954} INFO - Setting next_dagrun for tutorial_dag to None, run_after=None
[2024-07-12T01:52:49.845+0530] {processor.py:183} INFO - Processing /home/kali/Desktop/projects/git/bank_data_processing/myenv/lib/python3.11/site-packages/airflow/example_dags/tutorial_dag.py took 0.078 seconds
[2024-07-12T01:53:20.770+0530] {processor.py:161} INFO - Started process (PID=41900) to work on /home/kali/Desktop/projects/git/bank_data_processing/myenv/lib/python3.11/site-packages/airflow/example_dags/tutorial_dag.py
[2024-07-12T01:53:20.771+0530] {processor.py:830} INFO - Processing file /home/kali/Desktop/projects/git/bank_data_processing/myenv/lib/python3.11/site-packages/airflow/example_dags/tutorial_dag.py for tasks to queue
[2024-07-12T01:53:20.773+0530] {logging_mixin.py:188} INFO - [2024-07-12T01:53:20.773+0530] {dagbag.py:545} INFO - Filling up the DagBag from /home/kali/Desktop/projects/git/bank_data_processing/myenv/lib/python3.11/site-packages/airflow/example_dags/tutorial_dag.py
[2024-07-12T01:53:20.779+0530] {processor.py:840} INFO - DAG(s) 'tutorial_dag' retrieved from /home/kali/Desktop/projects/git/bank_data_processing/myenv/lib/python3.11/site-packages/airflow/example_dags/tutorial_dag.py
[2024-07-12T01:53:20.798+0530] {logging_mixin.py:188} INFO - [2024-07-12T01:53:20.797+0530] {dag.py:3096} INFO - Sync 1 DAGs
[2024-07-12T01:53:20.809+0530] {logging_mixin.py:188} INFO - [2024-07-12T01:53:20.809+0530] {dag.py:3954} INFO - Setting next_dagrun for tutorial_dag to None, run_after=None
[2024-07-12T01:53:20.838+0530] {processor.py:183} INFO - Processing /home/kali/Desktop/projects/git/bank_data_processing/myenv/lib/python3.11/site-packages/airflow/example_dags/tutorial_dag.py took 0.077 seconds
[2024-07-12T01:53:51.136+0530] {processor.py:161} INFO - Started process (PID=42646) to work on /home/kali/Desktop/projects/git/bank_data_processing/myenv/lib/python3.11/site-packages/airflow/example_dags/tutorial_dag.py
[2024-07-12T01:53:51.137+0530] {processor.py:830} INFO - Processing file /home/kali/Desktop/projects/git/bank_data_processing/myenv/lib/python3.11/site-packages/airflow/example_dags/tutorial_dag.py for tasks to queue
[2024-07-12T01:53:51.140+0530] {logging_mixin.py:188} INFO - [2024-07-12T01:53:51.139+0530] {dagbag.py:545} INFO - Filling up the DagBag from /home/kali/Desktop/projects/git/bank_data_processing/myenv/lib/python3.11/site-packages/airflow/example_dags/tutorial_dag.py
[2024-07-12T01:53:51.150+0530] {processor.py:840} INFO - DAG(s) 'tutorial_dag' retrieved from /home/kali/Desktop/projects/git/bank_data_processing/myenv/lib/python3.11/site-packages/airflow/example_dags/tutorial_dag.py
[2024-07-12T01:53:51.179+0530] {logging_mixin.py:188} INFO - [2024-07-12T01:53:51.179+0530] {dag.py:3096} INFO - Sync 1 DAGs
[2024-07-12T01:53:51.202+0530] {logging_mixin.py:188} INFO - [2024-07-12T01:53:51.202+0530] {dag.py:3954} INFO - Setting next_dagrun for tutorial_dag to None, run_after=None
[2024-07-12T01:53:51.252+0530] {processor.py:183} INFO - Processing /home/kali/Desktop/projects/git/bank_data_processing/myenv/lib/python3.11/site-packages/airflow/example_dags/tutorial_dag.py took 0.144 seconds
[2024-07-12T01:54:21.903+0530] {processor.py:161} INFO - Started process (PID=43282) to work on /home/kali/Desktop/projects/git/bank_data_processing/myenv/lib/python3.11/site-packages/airflow/example_dags/tutorial_dag.py
[2024-07-12T01:54:21.904+0530] {processor.py:830} INFO - Processing file /home/kali/Desktop/projects/git/bank_data_processing/myenv/lib/python3.11/site-packages/airflow/example_dags/tutorial_dag.py for tasks to queue
[2024-07-12T01:54:21.909+0530] {logging_mixin.py:188} INFO - [2024-07-12T01:54:21.909+0530] {dagbag.py:545} INFO - Filling up the DagBag from /home/kali/Desktop/projects/git/bank_data_processing/myenv/lib/python3.11/site-packages/airflow/example_dags/tutorial_dag.py
[2024-07-12T01:54:21.918+0530] {processor.py:840} INFO - DAG(s) 'tutorial_dag' retrieved from /home/kali/Desktop/projects/git/bank_data_processing/myenv/lib/python3.11/site-packages/airflow/example_dags/tutorial_dag.py
[2024-07-12T01:54:21.941+0530] {logging_mixin.py:188} INFO - [2024-07-12T01:54:21.941+0530] {dag.py:3096} INFO - Sync 1 DAGs
[2024-07-12T01:54:21.955+0530] {logging_mixin.py:188} INFO - [2024-07-12T01:54:21.955+0530] {dag.py:3954} INFO - Setting next_dagrun for tutorial_dag to None, run_after=None
[2024-07-12T01:54:21.981+0530] {processor.py:183} INFO - Processing /home/kali/Desktop/projects/git/bank_data_processing/myenv/lib/python3.11/site-packages/airflow/example_dags/tutorial_dag.py took 0.092 seconds
[2024-07-12T01:54:52.097+0530] {processor.py:161} INFO - Started process (PID=43854) to work on /home/kali/Desktop/projects/git/bank_data_processing/myenv/lib/python3.11/site-packages/airflow/example_dags/tutorial_dag.py
[2024-07-12T01:54:52.098+0530] {processor.py:830} INFO - Processing file /home/kali/Desktop/projects/git/bank_data_processing/myenv/lib/python3.11/site-packages/airflow/example_dags/tutorial_dag.py for tasks to queue
[2024-07-12T01:54:52.100+0530] {logging_mixin.py:188} INFO - [2024-07-12T01:54:52.099+0530] {dagbag.py:545} INFO - Filling up the DagBag from /home/kali/Desktop/projects/git/bank_data_processing/myenv/lib/python3.11/site-packages/airflow/example_dags/tutorial_dag.py
[2024-07-12T01:54:52.104+0530] {processor.py:840} INFO - DAG(s) 'tutorial_dag' retrieved from /home/kali/Desktop/projects/git/bank_data_processing/myenv/lib/python3.11/site-packages/airflow/example_dags/tutorial_dag.py
[2024-07-12T01:54:52.122+0530] {logging_mixin.py:188} INFO - [2024-07-12T01:54:52.122+0530] {dag.py:3096} INFO - Sync 1 DAGs
[2024-07-12T01:54:52.133+0530] {logging_mixin.py:188} INFO - [2024-07-12T01:54:52.133+0530] {dag.py:3954} INFO - Setting next_dagrun for tutorial_dag to None, run_after=None
[2024-07-12T01:54:52.153+0530] {processor.py:183} INFO - Processing /home/kali/Desktop/projects/git/bank_data_processing/myenv/lib/python3.11/site-packages/airflow/example_dags/tutorial_dag.py took 0.064 seconds
[2024-07-12T01:55:22.736+0530] {processor.py:161} INFO - Started process (PID=44384) to work on /home/kali/Desktop/projects/git/bank_data_processing/myenv/lib/python3.11/site-packages/airflow/example_dags/tutorial_dag.py
[2024-07-12T01:55:22.738+0530] {processor.py:830} INFO - Processing file /home/kali/Desktop/projects/git/bank_data_processing/myenv/lib/python3.11/site-packages/airflow/example_dags/tutorial_dag.py for tasks to queue
[2024-07-12T01:55:22.740+0530] {logging_mixin.py:188} INFO - [2024-07-12T01:55:22.740+0530] {dagbag.py:545} INFO - Filling up the DagBag from /home/kali/Desktop/projects/git/bank_data_processing/myenv/lib/python3.11/site-packages/airflow/example_dags/tutorial_dag.py
[2024-07-12T01:55:22.747+0530] {processor.py:840} INFO - DAG(s) 'tutorial_dag' retrieved from /home/kali/Desktop/projects/git/bank_data_processing/myenv/lib/python3.11/site-packages/airflow/example_dags/tutorial_dag.py
[2024-07-12T01:55:22.778+0530] {logging_mixin.py:188} INFO - [2024-07-12T01:55:22.777+0530] {dag.py:3096} INFO - Sync 1 DAGs
[2024-07-12T01:55:22.798+0530] {logging_mixin.py:188} INFO - [2024-07-12T01:55:22.798+0530] {dag.py:3954} INFO - Setting next_dagrun for tutorial_dag to None, run_after=None
[2024-07-12T01:55:22.826+0530] {processor.py:183} INFO - Processing /home/kali/Desktop/projects/git/bank_data_processing/myenv/lib/python3.11/site-packages/airflow/example_dags/tutorial_dag.py took 0.101 seconds
[2024-07-12T01:55:53.243+0530] {processor.py:161} INFO - Started process (PID=44873) to work on /home/kali/Desktop/projects/git/bank_data_processing/myenv/lib/python3.11/site-packages/airflow/example_dags/tutorial_dag.py
[2024-07-12T01:55:53.244+0530] {processor.py:830} INFO - Processing file /home/kali/Desktop/projects/git/bank_data_processing/myenv/lib/python3.11/site-packages/airflow/example_dags/tutorial_dag.py for tasks to queue
[2024-07-12T01:55:53.248+0530] {logging_mixin.py:188} INFO - [2024-07-12T01:55:53.246+0530] {dagbag.py:545} INFO - Filling up the DagBag from /home/kali/Desktop/projects/git/bank_data_processing/myenv/lib/python3.11/site-packages/airflow/example_dags/tutorial_dag.py
[2024-07-12T01:55:53.257+0530] {processor.py:840} INFO - DAG(s) 'tutorial_dag' retrieved from /home/kali/Desktop/projects/git/bank_data_processing/myenv/lib/python3.11/site-packages/airflow/example_dags/tutorial_dag.py
[2024-07-12T01:55:53.284+0530] {logging_mixin.py:188} INFO - [2024-07-12T01:55:53.284+0530] {dag.py:3096} INFO - Sync 1 DAGs
[2024-07-12T01:55:53.303+0530] {logging_mixin.py:188} INFO - [2024-07-12T01:55:53.303+0530] {dag.py:3954} INFO - Setting next_dagrun for tutorial_dag to None, run_after=None
[2024-07-12T01:55:53.350+0530] {processor.py:183} INFO - Processing /home/kali/Desktop/projects/git/bank_data_processing/myenv/lib/python3.11/site-packages/airflow/example_dags/tutorial_dag.py took 0.118 seconds
[2024-07-12T01:56:23.537+0530] {processor.py:161} INFO - Started process (PID=45334) to work on /home/kali/Desktop/projects/git/bank_data_processing/myenv/lib/python3.11/site-packages/airflow/example_dags/tutorial_dag.py
[2024-07-12T01:56:23.538+0530] {processor.py:830} INFO - Processing file /home/kali/Desktop/projects/git/bank_data_processing/myenv/lib/python3.11/site-packages/airflow/example_dags/tutorial_dag.py for tasks to queue
[2024-07-12T01:56:23.539+0530] {logging_mixin.py:188} INFO - [2024-07-12T01:56:23.539+0530] {dagbag.py:545} INFO - Filling up the DagBag from /home/kali/Desktop/projects/git/bank_data_processing/myenv/lib/python3.11/site-packages/airflow/example_dags/tutorial_dag.py
[2024-07-12T01:56:23.547+0530] {processor.py:840} INFO - DAG(s) 'tutorial_dag' retrieved from /home/kali/Desktop/projects/git/bank_data_processing/myenv/lib/python3.11/site-packages/airflow/example_dags/tutorial_dag.py
[2024-07-12T01:56:23.568+0530] {logging_mixin.py:188} INFO - [2024-07-12T01:56:23.568+0530] {dag.py:3096} INFO - Sync 1 DAGs
[2024-07-12T01:56:23.584+0530] {logging_mixin.py:188} INFO - [2024-07-12T01:56:23.583+0530] {dag.py:3954} INFO - Setting next_dagrun for tutorial_dag to None, run_after=None
[2024-07-12T01:56:23.614+0530] {processor.py:183} INFO - Processing /home/kali/Desktop/projects/git/bank_data_processing/myenv/lib/python3.11/site-packages/airflow/example_dags/tutorial_dag.py took 0.089 seconds
[2024-07-12T01:56:53.958+0530] {processor.py:161} INFO - Started process (PID=45903) to work on /home/kali/Desktop/projects/git/bank_data_processing/myenv/lib/python3.11/site-packages/airflow/example_dags/tutorial_dag.py
[2024-07-12T01:56:53.962+0530] {processor.py:830} INFO - Processing file /home/kali/Desktop/projects/git/bank_data_processing/myenv/lib/python3.11/site-packages/airflow/example_dags/tutorial_dag.py for tasks to queue
[2024-07-12T01:56:53.965+0530] {logging_mixin.py:188} INFO - [2024-07-12T01:56:53.964+0530] {dagbag.py:545} INFO - Filling up the DagBag from /home/kali/Desktop/projects/git/bank_data_processing/myenv/lib/python3.11/site-packages/airflow/example_dags/tutorial_dag.py
[2024-07-12T01:56:53.970+0530] {processor.py:840} INFO - DAG(s) 'tutorial_dag' retrieved from /home/kali/Desktop/projects/git/bank_data_processing/myenv/lib/python3.11/site-packages/airflow/example_dags/tutorial_dag.py
[2024-07-12T01:56:53.994+0530] {logging_mixin.py:188} INFO - [2024-07-12T01:56:53.994+0530] {dag.py:3096} INFO - Sync 1 DAGs
[2024-07-12T01:56:54.010+0530] {logging_mixin.py:188} INFO - [2024-07-12T01:56:54.010+0530] {dag.py:3954} INFO - Setting next_dagrun for tutorial_dag to None, run_after=None
[2024-07-12T01:56:54.035+0530] {processor.py:183} INFO - Processing /home/kali/Desktop/projects/git/bank_data_processing/myenv/lib/python3.11/site-packages/airflow/example_dags/tutorial_dag.py took 0.087 seconds
[2024-07-12T01:57:24.125+0530] {processor.py:161} INFO - Started process (PID=46434) to work on /home/kali/Desktop/projects/git/bank_data_processing/myenv/lib/python3.11/site-packages/airflow/example_dags/tutorial_dag.py
[2024-07-12T01:57:24.126+0530] {processor.py:830} INFO - Processing file /home/kali/Desktop/projects/git/bank_data_processing/myenv/lib/python3.11/site-packages/airflow/example_dags/tutorial_dag.py for tasks to queue
[2024-07-12T01:57:24.128+0530] {logging_mixin.py:188} INFO - [2024-07-12T01:57:24.127+0530] {dagbag.py:545} INFO - Filling up the DagBag from /home/kali/Desktop/projects/git/bank_data_processing/myenv/lib/python3.11/site-packages/airflow/example_dags/tutorial_dag.py
[2024-07-12T01:57:24.134+0530] {processor.py:840} INFO - DAG(s) 'tutorial_dag' retrieved from /home/kali/Desktop/projects/git/bank_data_processing/myenv/lib/python3.11/site-packages/airflow/example_dags/tutorial_dag.py
[2024-07-12T01:57:24.163+0530] {logging_mixin.py:188} INFO - [2024-07-12T01:57:24.162+0530] {dag.py:3096} INFO - Sync 1 DAGs
[2024-07-12T01:57:24.190+0530] {logging_mixin.py:188} INFO - [2024-07-12T01:57:24.189+0530] {dag.py:3954} INFO - Setting next_dagrun for tutorial_dag to None, run_after=None
[2024-07-12T01:57:24.227+0530] {processor.py:183} INFO - Processing /home/kali/Desktop/projects/git/bank_data_processing/myenv/lib/python3.11/site-packages/airflow/example_dags/tutorial_dag.py took 0.121 seconds
[2024-07-12T01:57:54.668+0530] {processor.py:161} INFO - Started process (PID=46929) to work on /home/kali/Desktop/projects/git/bank_data_processing/myenv/lib/python3.11/site-packages/airflow/example_dags/tutorial_dag.py
[2024-07-12T01:57:54.669+0530] {processor.py:830} INFO - Processing file /home/kali/Desktop/projects/git/bank_data_processing/myenv/lib/python3.11/site-packages/airflow/example_dags/tutorial_dag.py for tasks to queue
[2024-07-12T01:57:54.671+0530] {logging_mixin.py:188} INFO - [2024-07-12T01:57:54.670+0530] {dagbag.py:545} INFO - Filling up the DagBag from /home/kali/Desktop/projects/git/bank_data_processing/myenv/lib/python3.11/site-packages/airflow/example_dags/tutorial_dag.py
[2024-07-12T01:57:54.676+0530] {processor.py:840} INFO - DAG(s) 'tutorial_dag' retrieved from /home/kali/Desktop/projects/git/bank_data_processing/myenv/lib/python3.11/site-packages/airflow/example_dags/tutorial_dag.py
[2024-07-12T01:57:54.695+0530] {logging_mixin.py:188} INFO - [2024-07-12T01:57:54.695+0530] {dag.py:3096} INFO - Sync 1 DAGs
[2024-07-12T01:57:54.708+0530] {logging_mixin.py:188} INFO - [2024-07-12T01:57:54.707+0530] {dag.py:3954} INFO - Setting next_dagrun for tutorial_dag to None, run_after=None
[2024-07-12T01:57:54.727+0530] {processor.py:183} INFO - Processing /home/kali/Desktop/projects/git/bank_data_processing/myenv/lib/python3.11/site-packages/airflow/example_dags/tutorial_dag.py took 0.069 seconds
[2024-07-12T01:58:24.913+0530] {processor.py:161} INFO - Started process (PID=47399) to work on /home/kali/Desktop/projects/git/bank_data_processing/myenv/lib/python3.11/site-packages/airflow/example_dags/tutorial_dag.py
[2024-07-12T01:58:24.914+0530] {processor.py:830} INFO - Processing file /home/kali/Desktop/projects/git/bank_data_processing/myenv/lib/python3.11/site-packages/airflow/example_dags/tutorial_dag.py for tasks to queue
[2024-07-12T01:58:24.917+0530] {logging_mixin.py:188} INFO - [2024-07-12T01:58:24.916+0530] {dagbag.py:545} INFO - Filling up the DagBag from /home/kali/Desktop/projects/git/bank_data_processing/myenv/lib/python3.11/site-packages/airflow/example_dags/tutorial_dag.py
[2024-07-12T01:58:24.926+0530] {processor.py:840} INFO - DAG(s) 'tutorial_dag' retrieved from /home/kali/Desktop/projects/git/bank_data_processing/myenv/lib/python3.11/site-packages/airflow/example_dags/tutorial_dag.py
[2024-07-12T01:58:24.948+0530] {logging_mixin.py:188} INFO - [2024-07-12T01:58:24.948+0530] {dag.py:3096} INFO - Sync 1 DAGs
[2024-07-12T01:58:24.965+0530] {logging_mixin.py:188} INFO - [2024-07-12T01:58:24.964+0530] {dag.py:3954} INFO - Setting next_dagrun for tutorial_dag to None, run_after=None
[2024-07-12T01:58:25.003+0530] {processor.py:183} INFO - Processing /home/kali/Desktop/projects/git/bank_data_processing/myenv/lib/python3.11/site-packages/airflow/example_dags/tutorial_dag.py took 0.102 seconds
[2024-07-12T01:58:55.427+0530] {processor.py:161} INFO - Started process (PID=47882) to work on /home/kali/Desktop/projects/git/bank_data_processing/myenv/lib/python3.11/site-packages/airflow/example_dags/tutorial_dag.py
[2024-07-12T01:58:55.428+0530] {processor.py:830} INFO - Processing file /home/kali/Desktop/projects/git/bank_data_processing/myenv/lib/python3.11/site-packages/airflow/example_dags/tutorial_dag.py for tasks to queue
[2024-07-12T01:58:55.430+0530] {logging_mixin.py:188} INFO - [2024-07-12T01:58:55.429+0530] {dagbag.py:545} INFO - Filling up the DagBag from /home/kali/Desktop/projects/git/bank_data_processing/myenv/lib/python3.11/site-packages/airflow/example_dags/tutorial_dag.py
[2024-07-12T01:58:55.435+0530] {processor.py:840} INFO - DAG(s) 'tutorial_dag' retrieved from /home/kali/Desktop/projects/git/bank_data_processing/myenv/lib/python3.11/site-packages/airflow/example_dags/tutorial_dag.py
[2024-07-12T01:58:55.454+0530] {logging_mixin.py:188} INFO - [2024-07-12T01:58:55.454+0530] {dag.py:3096} INFO - Sync 1 DAGs
[2024-07-12T01:58:55.466+0530] {logging_mixin.py:188} INFO - [2024-07-12T01:58:55.466+0530] {dag.py:3954} INFO - Setting next_dagrun for tutorial_dag to None, run_after=None
[2024-07-12T01:58:55.485+0530] {processor.py:183} INFO - Processing /home/kali/Desktop/projects/git/bank_data_processing/myenv/lib/python3.11/site-packages/airflow/example_dags/tutorial_dag.py took 0.068 seconds
[2024-07-12T01:59:27.328+0530] {processor.py:161} INFO - Started process (PID=48475) to work on /home/kali/Desktop/projects/git/bank_data_processing/myenv/lib/python3.11/site-packages/airflow/example_dags/tutorial_dag.py
[2024-07-12T01:59:27.331+0530] {processor.py:830} INFO - Processing file /home/kali/Desktop/projects/git/bank_data_processing/myenv/lib/python3.11/site-packages/airflow/example_dags/tutorial_dag.py for tasks to queue
[2024-07-12T01:59:27.335+0530] {logging_mixin.py:188} INFO - [2024-07-12T01:59:27.334+0530] {dagbag.py:545} INFO - Filling up the DagBag from /home/kali/Desktop/projects/git/bank_data_processing/myenv/lib/python3.11/site-packages/airflow/example_dags/tutorial_dag.py
[2024-07-12T01:59:27.346+0530] {processor.py:840} INFO - DAG(s) 'tutorial_dag' retrieved from /home/kali/Desktop/projects/git/bank_data_processing/myenv/lib/python3.11/site-packages/airflow/example_dags/tutorial_dag.py
[2024-07-12T01:59:27.380+0530] {logging_mixin.py:188} INFO - [2024-07-12T01:59:27.380+0530] {dag.py:3096} INFO - Sync 1 DAGs
[2024-07-12T01:59:27.404+0530] {logging_mixin.py:188} INFO - [2024-07-12T01:59:27.403+0530] {dag.py:3954} INFO - Setting next_dagrun for tutorial_dag to None, run_after=None
[2024-07-12T01:59:27.443+0530] {processor.py:183} INFO - Processing /home/kali/Desktop/projects/git/bank_data_processing/myenv/lib/python3.11/site-packages/airflow/example_dags/tutorial_dag.py took 0.135 seconds
[2024-07-12T02:00:13.657+0530] {processor.py:161} INFO - Started process (PID=49623) to work on /home/kali/Desktop/projects/git/bank_data_processing/myenv/lib/python3.11/site-packages/airflow/example_dags/tutorial_dag.py
[2024-07-12T02:00:13.658+0530] {processor.py:830} INFO - Processing file /home/kali/Desktop/projects/git/bank_data_processing/myenv/lib/python3.11/site-packages/airflow/example_dags/tutorial_dag.py for tasks to queue
[2024-07-12T02:00:13.659+0530] {logging_mixin.py:188} INFO - [2024-07-12T02:00:13.659+0530] {dagbag.py:545} INFO - Filling up the DagBag from /home/kali/Desktop/projects/git/bank_data_processing/myenv/lib/python3.11/site-packages/airflow/example_dags/tutorial_dag.py
[2024-07-12T02:00:13.668+0530] {processor.py:840} INFO - DAG(s) 'tutorial_dag' retrieved from /home/kali/Desktop/projects/git/bank_data_processing/myenv/lib/python3.11/site-packages/airflow/example_dags/tutorial_dag.py
[2024-07-12T02:00:13.703+0530] {logging_mixin.py:188} INFO - [2024-07-12T02:00:13.702+0530] {dag.py:3096} INFO - Sync 1 DAGs
[2024-07-12T02:00:13.722+0530] {logging_mixin.py:188} INFO - [2024-07-12T02:00:13.721+0530] {dag.py:3954} INFO - Setting next_dagrun for tutorial_dag to None, run_after=None
[2024-07-12T02:00:13.753+0530] {processor.py:183} INFO - Processing /home/kali/Desktop/projects/git/bank_data_processing/myenv/lib/python3.11/site-packages/airflow/example_dags/tutorial_dag.py took 0.102 seconds
[2024-07-12T02:00:45.024+0530] {processor.py:161} INFO - Started process (PID=50291) to work on /home/kali/Desktop/projects/git/bank_data_processing/myenv/lib/python3.11/site-packages/airflow/example_dags/tutorial_dag.py
[2024-07-12T02:00:45.025+0530] {processor.py:830} INFO - Processing file /home/kali/Desktop/projects/git/bank_data_processing/myenv/lib/python3.11/site-packages/airflow/example_dags/tutorial_dag.py for tasks to queue
[2024-07-12T02:00:45.027+0530] {logging_mixin.py:188} INFO - [2024-07-12T02:00:45.027+0530] {dagbag.py:545} INFO - Filling up the DagBag from /home/kali/Desktop/projects/git/bank_data_processing/myenv/lib/python3.11/site-packages/airflow/example_dags/tutorial_dag.py
[2024-07-12T02:00:45.033+0530] {processor.py:840} INFO - DAG(s) 'tutorial_dag' retrieved from /home/kali/Desktop/projects/git/bank_data_processing/myenv/lib/python3.11/site-packages/airflow/example_dags/tutorial_dag.py
[2024-07-12T02:00:45.051+0530] {logging_mixin.py:188} INFO - [2024-07-12T02:00:45.050+0530] {dag.py:3096} INFO - Sync 1 DAGs
[2024-07-12T02:00:45.062+0530] {logging_mixin.py:188} INFO - [2024-07-12T02:00:45.062+0530] {dag.py:3954} INFO - Setting next_dagrun for tutorial_dag to None, run_after=None
[2024-07-12T02:00:45.087+0530] {processor.py:183} INFO - Processing /home/kali/Desktop/projects/git/bank_data_processing/myenv/lib/python3.11/site-packages/airflow/example_dags/tutorial_dag.py took 0.070 seconds
[2024-07-12T02:01:18.362+0530] {processor.py:161} INFO - Started process (PID=50850) to work on /home/kali/Desktop/projects/git/bank_data_processing/myenv/lib/python3.11/site-packages/airflow/example_dags/tutorial_dag.py
[2024-07-12T02:01:18.363+0530] {processor.py:830} INFO - Processing file /home/kali/Desktop/projects/git/bank_data_processing/myenv/lib/python3.11/site-packages/airflow/example_dags/tutorial_dag.py for tasks to queue
[2024-07-12T02:01:18.364+0530] {logging_mixin.py:188} INFO - [2024-07-12T02:01:18.364+0530] {dagbag.py:545} INFO - Filling up the DagBag from /home/kali/Desktop/projects/git/bank_data_processing/myenv/lib/python3.11/site-packages/airflow/example_dags/tutorial_dag.py
[2024-07-12T02:01:18.370+0530] {processor.py:840} INFO - DAG(s) 'tutorial_dag' retrieved from /home/kali/Desktop/projects/git/bank_data_processing/myenv/lib/python3.11/site-packages/airflow/example_dags/tutorial_dag.py
[2024-07-12T02:01:18.386+0530] {logging_mixin.py:188} INFO - [2024-07-12T02:01:18.386+0530] {dag.py:3096} INFO - Sync 1 DAGs
[2024-07-12T02:01:18.397+0530] {logging_mixin.py:188} INFO - [2024-07-12T02:01:18.396+0530] {dag.py:3954} INFO - Setting next_dagrun for tutorial_dag to None, run_after=None
[2024-07-12T02:01:18.416+0530] {processor.py:183} INFO - Processing /home/kali/Desktop/projects/git/bank_data_processing/myenv/lib/python3.11/site-packages/airflow/example_dags/tutorial_dag.py took 0.060 seconds
[2024-07-12T02:01:49.218+0530] {processor.py:161} INFO - Started process (PID=51510) to work on /home/kali/Desktop/projects/git/bank_data_processing/myenv/lib/python3.11/site-packages/airflow/example_dags/tutorial_dag.py
[2024-07-12T02:01:49.219+0530] {processor.py:830} INFO - Processing file /home/kali/Desktop/projects/git/bank_data_processing/myenv/lib/python3.11/site-packages/airflow/example_dags/tutorial_dag.py for tasks to queue
[2024-07-12T02:01:49.221+0530] {logging_mixin.py:188} INFO - [2024-07-12T02:01:49.220+0530] {dagbag.py:545} INFO - Filling up the DagBag from /home/kali/Desktop/projects/git/bank_data_processing/myenv/lib/python3.11/site-packages/airflow/example_dags/tutorial_dag.py
[2024-07-12T02:01:49.227+0530] {processor.py:840} INFO - DAG(s) 'tutorial_dag' retrieved from /home/kali/Desktop/projects/git/bank_data_processing/myenv/lib/python3.11/site-packages/airflow/example_dags/tutorial_dag.py
[2024-07-12T02:01:49.363+0530] {logging_mixin.py:188} INFO - [2024-07-12T02:01:49.363+0530] {dag.py:3096} INFO - Sync 1 DAGs
[2024-07-12T02:01:49.374+0530] {logging_mixin.py:188} INFO - [2024-07-12T02:01:49.374+0530] {dag.py:3954} INFO - Setting next_dagrun for tutorial_dag to None, run_after=None
[2024-07-12T02:01:49.394+0530] {processor.py:183} INFO - Processing /home/kali/Desktop/projects/git/bank_data_processing/myenv/lib/python3.11/site-packages/airflow/example_dags/tutorial_dag.py took 0.182 seconds
[2024-07-12T02:02:20.437+0530] {processor.py:161} INFO - Started process (PID=52105) to work on /home/kali/Desktop/projects/git/bank_data_processing/myenv/lib/python3.11/site-packages/airflow/example_dags/tutorial_dag.py
[2024-07-12T02:02:20.438+0530] {processor.py:830} INFO - Processing file /home/kali/Desktop/projects/git/bank_data_processing/myenv/lib/python3.11/site-packages/airflow/example_dags/tutorial_dag.py for tasks to queue
[2024-07-12T02:02:20.439+0530] {logging_mixin.py:188} INFO - [2024-07-12T02:02:20.439+0530] {dagbag.py:545} INFO - Filling up the DagBag from /home/kali/Desktop/projects/git/bank_data_processing/myenv/lib/python3.11/site-packages/airflow/example_dags/tutorial_dag.py
[2024-07-12T02:02:20.446+0530] {processor.py:840} INFO - DAG(s) 'tutorial_dag' retrieved from /home/kali/Desktop/projects/git/bank_data_processing/myenv/lib/python3.11/site-packages/airflow/example_dags/tutorial_dag.py
[2024-07-12T02:02:20.472+0530] {logging_mixin.py:188} INFO - [2024-07-12T02:02:20.472+0530] {dag.py:3096} INFO - Sync 1 DAGs
[2024-07-12T02:02:20.485+0530] {logging_mixin.py:188} INFO - [2024-07-12T02:02:20.485+0530] {dag.py:3954} INFO - Setting next_dagrun for tutorial_dag to None, run_after=None
[2024-07-12T02:02:20.511+0530] {processor.py:183} INFO - Processing /home/kali/Desktop/projects/git/bank_data_processing/myenv/lib/python3.11/site-packages/airflow/example_dags/tutorial_dag.py took 0.085 seconds
[2024-07-12T02:02:51.316+0530] {processor.py:161} INFO - Started process (PID=52578) to work on /home/kali/Desktop/projects/git/bank_data_processing/myenv/lib/python3.11/site-packages/airflow/example_dags/tutorial_dag.py
[2024-07-12T02:02:51.319+0530] {processor.py:830} INFO - Processing file /home/kali/Desktop/projects/git/bank_data_processing/myenv/lib/python3.11/site-packages/airflow/example_dags/tutorial_dag.py for tasks to queue
[2024-07-12T02:02:51.322+0530] {logging_mixin.py:188} INFO - [2024-07-12T02:02:51.322+0530] {dagbag.py:545} INFO - Filling up the DagBag from /home/kali/Desktop/projects/git/bank_data_processing/myenv/lib/python3.11/site-packages/airflow/example_dags/tutorial_dag.py
[2024-07-12T02:02:51.333+0530] {processor.py:840} INFO - DAG(s) 'tutorial_dag' retrieved from /home/kali/Desktop/projects/git/bank_data_processing/myenv/lib/python3.11/site-packages/airflow/example_dags/tutorial_dag.py
[2024-07-12T02:02:51.367+0530] {logging_mixin.py:188} INFO - [2024-07-12T02:02:51.366+0530] {dag.py:3096} INFO - Sync 1 DAGs
[2024-07-12T02:02:51.395+0530] {logging_mixin.py:188} INFO - [2024-07-12T02:02:51.395+0530] {dag.py:3954} INFO - Setting next_dagrun for tutorial_dag to None, run_after=None
[2024-07-12T02:02:51.423+0530] {processor.py:183} INFO - Processing /home/kali/Desktop/projects/git/bank_data_processing/myenv/lib/python3.11/site-packages/airflow/example_dags/tutorial_dag.py took 0.119 seconds
[2024-07-12T02:03:22.689+0530] {processor.py:161} INFO - Started process (PID=53163) to work on /home/kali/Desktop/projects/git/bank_data_processing/myenv/lib/python3.11/site-packages/airflow/example_dags/tutorial_dag.py
[2024-07-12T02:03:22.690+0530] {processor.py:830} INFO - Processing file /home/kali/Desktop/projects/git/bank_data_processing/myenv/lib/python3.11/site-packages/airflow/example_dags/tutorial_dag.py for tasks to queue
[2024-07-12T02:03:22.692+0530] {logging_mixin.py:188} INFO - [2024-07-12T02:03:22.692+0530] {dagbag.py:545} INFO - Filling up the DagBag from /home/kali/Desktop/projects/git/bank_data_processing/myenv/lib/python3.11/site-packages/airflow/example_dags/tutorial_dag.py
[2024-07-12T02:03:22.699+0530] {processor.py:840} INFO - DAG(s) 'tutorial_dag' retrieved from /home/kali/Desktop/projects/git/bank_data_processing/myenv/lib/python3.11/site-packages/airflow/example_dags/tutorial_dag.py
[2024-07-12T02:03:22.720+0530] {logging_mixin.py:188} INFO - [2024-07-12T02:03:22.720+0530] {dag.py:3096} INFO - Sync 1 DAGs
[2024-07-12T02:03:22.732+0530] {logging_mixin.py:188} INFO - [2024-07-12T02:03:22.732+0530] {dag.py:3954} INFO - Setting next_dagrun for tutorial_dag to None, run_after=None
[2024-07-12T02:03:22.753+0530] {processor.py:183} INFO - Processing /home/kali/Desktop/projects/git/bank_data_processing/myenv/lib/python3.11/site-packages/airflow/example_dags/tutorial_dag.py took 0.071 seconds
[2024-07-12T02:03:53.834+0530] {processor.py:161} INFO - Started process (PID=53675) to work on /home/kali/Desktop/projects/git/bank_data_processing/myenv/lib/python3.11/site-packages/airflow/example_dags/tutorial_dag.py
[2024-07-12T02:03:53.835+0530] {processor.py:830} INFO - Processing file /home/kali/Desktop/projects/git/bank_data_processing/myenv/lib/python3.11/site-packages/airflow/example_dags/tutorial_dag.py for tasks to queue
[2024-07-12T02:03:53.838+0530] {logging_mixin.py:188} INFO - [2024-07-12T02:03:53.837+0530] {dagbag.py:545} INFO - Filling up the DagBag from /home/kali/Desktop/projects/git/bank_data_processing/myenv/lib/python3.11/site-packages/airflow/example_dags/tutorial_dag.py
[2024-07-12T02:03:53.848+0530] {processor.py:840} INFO - DAG(s) 'tutorial_dag' retrieved from /home/kali/Desktop/projects/git/bank_data_processing/myenv/lib/python3.11/site-packages/airflow/example_dags/tutorial_dag.py
[2024-07-12T02:03:53.876+0530] {logging_mixin.py:188} INFO - [2024-07-12T02:03:53.876+0530] {dag.py:3096} INFO - Sync 1 DAGs
[2024-07-12T02:03:53.890+0530] {logging_mixin.py:188} INFO - [2024-07-12T02:03:53.890+0530] {dag.py:3954} INFO - Setting next_dagrun for tutorial_dag to None, run_after=None
[2024-07-12T02:03:53.915+0530] {processor.py:183} INFO - Processing /home/kali/Desktop/projects/git/bank_data_processing/myenv/lib/python3.11/site-packages/airflow/example_dags/tutorial_dag.py took 0.092 seconds
[2024-07-12T02:04:24.878+0530] {processor.py:161} INFO - Started process (PID=54158) to work on /home/kali/Desktop/projects/git/bank_data_processing/myenv/lib/python3.11/site-packages/airflow/example_dags/tutorial_dag.py
[2024-07-12T02:04:24.882+0530] {processor.py:830} INFO - Processing file /home/kali/Desktop/projects/git/bank_data_processing/myenv/lib/python3.11/site-packages/airflow/example_dags/tutorial_dag.py for tasks to queue
[2024-07-12T02:04:24.884+0530] {logging_mixin.py:188} INFO - [2024-07-12T02:04:24.883+0530] {dagbag.py:545} INFO - Filling up the DagBag from /home/kali/Desktop/projects/git/bank_data_processing/myenv/lib/python3.11/site-packages/airflow/example_dags/tutorial_dag.py
[2024-07-12T02:04:24.893+0530] {processor.py:840} INFO - DAG(s) 'tutorial_dag' retrieved from /home/kali/Desktop/projects/git/bank_data_processing/myenv/lib/python3.11/site-packages/airflow/example_dags/tutorial_dag.py
[2024-07-12T02:04:24.933+0530] {logging_mixin.py:188} INFO - [2024-07-12T02:04:24.932+0530] {dag.py:3096} INFO - Sync 1 DAGs
[2024-07-12T02:04:24.956+0530] {logging_mixin.py:188} INFO - [2024-07-12T02:04:24.955+0530] {dag.py:3954} INFO - Setting next_dagrun for tutorial_dag to None, run_after=None
[2024-07-12T02:04:24.976+0530] {processor.py:183} INFO - Processing /home/kali/Desktop/projects/git/bank_data_processing/myenv/lib/python3.11/site-packages/airflow/example_dags/tutorial_dag.py took 0.105 seconds
[2024-07-12T02:04:56.586+0530] {processor.py:161} INFO - Started process (PID=54741) to work on /home/kali/Desktop/projects/git/bank_data_processing/myenv/lib/python3.11/site-packages/airflow/example_dags/tutorial_dag.py
[2024-07-12T02:04:56.588+0530] {processor.py:830} INFO - Processing file /home/kali/Desktop/projects/git/bank_data_processing/myenv/lib/python3.11/site-packages/airflow/example_dags/tutorial_dag.py for tasks to queue
[2024-07-12T02:04:56.591+0530] {logging_mixin.py:188} INFO - [2024-07-12T02:04:56.591+0530] {dagbag.py:545} INFO - Filling up the DagBag from /home/kali/Desktop/projects/git/bank_data_processing/myenv/lib/python3.11/site-packages/airflow/example_dags/tutorial_dag.py
[2024-07-12T02:04:56.600+0530] {processor.py:840} INFO - DAG(s) 'tutorial_dag' retrieved from /home/kali/Desktop/projects/git/bank_data_processing/myenv/lib/python3.11/site-packages/airflow/example_dags/tutorial_dag.py
[2024-07-12T02:04:56.626+0530] {logging_mixin.py:188} INFO - [2024-07-12T02:04:56.625+0530] {dag.py:3096} INFO - Sync 1 DAGs
[2024-07-12T02:04:56.641+0530] {logging_mixin.py:188} INFO - [2024-07-12T02:04:56.641+0530] {dag.py:3954} INFO - Setting next_dagrun for tutorial_dag to None, run_after=None
[2024-07-12T02:04:56.670+0530] {processor.py:183} INFO - Processing /home/kali/Desktop/projects/git/bank_data_processing/myenv/lib/python3.11/site-packages/airflow/example_dags/tutorial_dag.py took 0.095 seconds
[2024-07-12T02:05:26.868+0530] {processor.py:161} INFO - Started process (PID=55236) to work on /home/kali/Desktop/projects/git/bank_data_processing/myenv/lib/python3.11/site-packages/airflow/example_dags/tutorial_dag.py
[2024-07-12T02:05:26.869+0530] {processor.py:830} INFO - Processing file /home/kali/Desktop/projects/git/bank_data_processing/myenv/lib/python3.11/site-packages/airflow/example_dags/tutorial_dag.py for tasks to queue
[2024-07-12T02:05:26.870+0530] {logging_mixin.py:188} INFO - [2024-07-12T02:05:26.870+0530] {dagbag.py:545} INFO - Filling up the DagBag from /home/kali/Desktop/projects/git/bank_data_processing/myenv/lib/python3.11/site-packages/airflow/example_dags/tutorial_dag.py
[2024-07-12T02:05:26.884+0530] {processor.py:840} INFO - DAG(s) 'tutorial_dag' retrieved from /home/kali/Desktop/projects/git/bank_data_processing/myenv/lib/python3.11/site-packages/airflow/example_dags/tutorial_dag.py
[2024-07-12T02:05:26.919+0530] {logging_mixin.py:188} INFO - [2024-07-12T02:05:26.919+0530] {dag.py:3096} INFO - Sync 1 DAGs
[2024-07-12T02:05:26.936+0530] {logging_mixin.py:188} INFO - [2024-07-12T02:05:26.935+0530] {dag.py:3954} INFO - Setting next_dagrun for tutorial_dag to None, run_after=None
[2024-07-12T02:05:26.955+0530] {processor.py:183} INFO - Processing /home/kali/Desktop/projects/git/bank_data_processing/myenv/lib/python3.11/site-packages/airflow/example_dags/tutorial_dag.py took 0.102 seconds
[2024-07-12T02:06:00.882+0530] {processor.py:161} INFO - Started process (PID=55793) to work on /home/kali/Desktop/projects/git/bank_data_processing/myenv/lib/python3.11/site-packages/airflow/example_dags/tutorial_dag.py
[2024-07-12T02:06:00.883+0530] {processor.py:830} INFO - Processing file /home/kali/Desktop/projects/git/bank_data_processing/myenv/lib/python3.11/site-packages/airflow/example_dags/tutorial_dag.py for tasks to queue
[2024-07-12T02:06:00.885+0530] {logging_mixin.py:188} INFO - [2024-07-12T02:06:00.884+0530] {dagbag.py:545} INFO - Filling up the DagBag from /home/kali/Desktop/projects/git/bank_data_processing/myenv/lib/python3.11/site-packages/airflow/example_dags/tutorial_dag.py
[2024-07-12T02:06:00.895+0530] {processor.py:840} INFO - DAG(s) 'tutorial_dag' retrieved from /home/kali/Desktop/projects/git/bank_data_processing/myenv/lib/python3.11/site-packages/airflow/example_dags/tutorial_dag.py
[2024-07-12T02:06:00.930+0530] {logging_mixin.py:188} INFO - [2024-07-12T02:06:00.930+0530] {dag.py:3096} INFO - Sync 1 DAGs
[2024-07-12T02:06:00.958+0530] {logging_mixin.py:188} INFO - [2024-07-12T02:06:00.957+0530] {dag.py:3954} INFO - Setting next_dagrun for tutorial_dag to None, run_after=None
[2024-07-12T02:06:00.995+0530] {processor.py:183} INFO - Processing /home/kali/Desktop/projects/git/bank_data_processing/myenv/lib/python3.11/site-packages/airflow/example_dags/tutorial_dag.py took 0.125 seconds
[2024-07-12T02:06:32.331+0530] {processor.py:161} INFO - Started process (PID=56455) to work on /home/kali/Desktop/projects/git/bank_data_processing/myenv/lib/python3.11/site-packages/airflow/example_dags/tutorial_dag.py
[2024-07-12T02:06:32.335+0530] {processor.py:830} INFO - Processing file /home/kali/Desktop/projects/git/bank_data_processing/myenv/lib/python3.11/site-packages/airflow/example_dags/tutorial_dag.py for tasks to queue
[2024-07-12T02:06:32.339+0530] {logging_mixin.py:188} INFO - [2024-07-12T02:06:32.338+0530] {dagbag.py:545} INFO - Filling up the DagBag from /home/kali/Desktop/projects/git/bank_data_processing/myenv/lib/python3.11/site-packages/airflow/example_dags/tutorial_dag.py
[2024-07-12T02:06:32.356+0530] {processor.py:840} INFO - DAG(s) 'tutorial_dag' retrieved from /home/kali/Desktop/projects/git/bank_data_processing/myenv/lib/python3.11/site-packages/airflow/example_dags/tutorial_dag.py
[2024-07-12T02:06:32.397+0530] {logging_mixin.py:188} INFO - [2024-07-12T02:06:32.396+0530] {dag.py:3096} INFO - Sync 1 DAGs
[2024-07-12T02:06:32.421+0530] {logging_mixin.py:188} INFO - [2024-07-12T02:06:32.421+0530] {dag.py:3954} INFO - Setting next_dagrun for tutorial_dag to None, run_after=None
[2024-07-12T02:06:32.463+0530] {processor.py:183} INFO - Processing /home/kali/Desktop/projects/git/bank_data_processing/myenv/lib/python3.11/site-packages/airflow/example_dags/tutorial_dag.py took 0.150 seconds
[2024-07-12T02:07:03.935+0530] {processor.py:161} INFO - Started process (PID=57146) to work on /home/kali/Desktop/projects/git/bank_data_processing/myenv/lib/python3.11/site-packages/airflow/example_dags/tutorial_dag.py
[2024-07-12T02:07:03.936+0530] {processor.py:830} INFO - Processing file /home/kali/Desktop/projects/git/bank_data_processing/myenv/lib/python3.11/site-packages/airflow/example_dags/tutorial_dag.py for tasks to queue
[2024-07-12T02:07:03.938+0530] {logging_mixin.py:188} INFO - [2024-07-12T02:07:03.938+0530] {dagbag.py:545} INFO - Filling up the DagBag from /home/kali/Desktop/projects/git/bank_data_processing/myenv/lib/python3.11/site-packages/airflow/example_dags/tutorial_dag.py
[2024-07-12T02:07:03.950+0530] {processor.py:840} INFO - DAG(s) 'tutorial_dag' retrieved from /home/kali/Desktop/projects/git/bank_data_processing/myenv/lib/python3.11/site-packages/airflow/example_dags/tutorial_dag.py
[2024-07-12T02:07:03.983+0530] {logging_mixin.py:188} INFO - [2024-07-12T02:07:03.982+0530] {dag.py:3096} INFO - Sync 1 DAGs
[2024-07-12T02:07:04.003+0530] {logging_mixin.py:188} INFO - [2024-07-12T02:07:04.003+0530] {dag.py:3954} INFO - Setting next_dagrun for tutorial_dag to None, run_after=None
[2024-07-12T02:07:04.046+0530] {processor.py:183} INFO - Processing /home/kali/Desktop/projects/git/bank_data_processing/myenv/lib/python3.11/site-packages/airflow/example_dags/tutorial_dag.py took 0.125 seconds
[2024-07-12T02:07:35.336+0530] {processor.py:161} INFO - Started process (PID=57851) to work on /home/kali/Desktop/projects/git/bank_data_processing/myenv/lib/python3.11/site-packages/airflow/example_dags/tutorial_dag.py
[2024-07-12T02:07:35.339+0530] {processor.py:830} INFO - Processing file /home/kali/Desktop/projects/git/bank_data_processing/myenv/lib/python3.11/site-packages/airflow/example_dags/tutorial_dag.py for tasks to queue
[2024-07-12T02:07:35.343+0530] {logging_mixin.py:188} INFO - [2024-07-12T02:07:35.342+0530] {dagbag.py:545} INFO - Filling up the DagBag from /home/kali/Desktop/projects/git/bank_data_processing/myenv/lib/python3.11/site-packages/airflow/example_dags/tutorial_dag.py
[2024-07-12T02:07:35.351+0530] {processor.py:840} INFO - DAG(s) 'tutorial_dag' retrieved from /home/kali/Desktop/projects/git/bank_data_processing/myenv/lib/python3.11/site-packages/airflow/example_dags/tutorial_dag.py
[2024-07-12T02:07:35.377+0530] {logging_mixin.py:188} INFO - [2024-07-12T02:07:35.377+0530] {dag.py:3096} INFO - Sync 1 DAGs
[2024-07-12T02:07:35.395+0530] {logging_mixin.py:188} INFO - [2024-07-12T02:07:35.394+0530] {dag.py:3954} INFO - Setting next_dagrun for tutorial_dag to None, run_after=None
[2024-07-12T02:07:35.428+0530] {processor.py:183} INFO - Processing /home/kali/Desktop/projects/git/bank_data_processing/myenv/lib/python3.11/site-packages/airflow/example_dags/tutorial_dag.py took 0.101 seconds
[2024-07-12T02:08:06.418+0530] {processor.py:161} INFO - Started process (PID=58379) to work on /home/kali/Desktop/projects/git/bank_data_processing/myenv/lib/python3.11/site-packages/airflow/example_dags/tutorial_dag.py
[2024-07-12T02:08:06.420+0530] {processor.py:830} INFO - Processing file /home/kali/Desktop/projects/git/bank_data_processing/myenv/lib/python3.11/site-packages/airflow/example_dags/tutorial_dag.py for tasks to queue
[2024-07-12T02:08:06.421+0530] {logging_mixin.py:188} INFO - [2024-07-12T02:08:06.421+0530] {dagbag.py:545} INFO - Filling up the DagBag from /home/kali/Desktop/projects/git/bank_data_processing/myenv/lib/python3.11/site-packages/airflow/example_dags/tutorial_dag.py
[2024-07-12T02:08:06.431+0530] {processor.py:840} INFO - DAG(s) 'tutorial_dag' retrieved from /home/kali/Desktop/projects/git/bank_data_processing/myenv/lib/python3.11/site-packages/airflow/example_dags/tutorial_dag.py
[2024-07-12T02:08:06.453+0530] {logging_mixin.py:188} INFO - [2024-07-12T02:08:06.453+0530] {dag.py:3096} INFO - Sync 1 DAGs
[2024-07-12T02:08:06.473+0530] {logging_mixin.py:188} INFO - [2024-07-12T02:08:06.473+0530] {dag.py:3954} INFO - Setting next_dagrun for tutorial_dag to None, run_after=None
[2024-07-12T02:08:06.504+0530] {processor.py:183} INFO - Processing /home/kali/Desktop/projects/git/bank_data_processing/myenv/lib/python3.11/site-packages/airflow/example_dags/tutorial_dag.py took 0.093 seconds
[2024-07-12T02:08:37.679+0530] {processor.py:161} INFO - Started process (PID=58926) to work on /home/kali/Desktop/projects/git/bank_data_processing/myenv/lib/python3.11/site-packages/airflow/example_dags/tutorial_dag.py
[2024-07-12T02:08:37.680+0530] {processor.py:830} INFO - Processing file /home/kali/Desktop/projects/git/bank_data_processing/myenv/lib/python3.11/site-packages/airflow/example_dags/tutorial_dag.py for tasks to queue
[2024-07-12T02:08:37.682+0530] {logging_mixin.py:188} INFO - [2024-07-12T02:08:37.681+0530] {dagbag.py:545} INFO - Filling up the DagBag from /home/kali/Desktop/projects/git/bank_data_processing/myenv/lib/python3.11/site-packages/airflow/example_dags/tutorial_dag.py
[2024-07-12T02:08:37.691+0530] {processor.py:840} INFO - DAG(s) 'tutorial_dag' retrieved from /home/kali/Desktop/projects/git/bank_data_processing/myenv/lib/python3.11/site-packages/airflow/example_dags/tutorial_dag.py
[2024-07-12T02:08:37.715+0530] {logging_mixin.py:188} INFO - [2024-07-12T02:08:37.715+0530] {dag.py:3096} INFO - Sync 1 DAGs
[2024-07-12T02:08:37.731+0530] {logging_mixin.py:188} INFO - [2024-07-12T02:08:37.731+0530] {dag.py:3954} INFO - Setting next_dagrun for tutorial_dag to None, run_after=None
[2024-07-12T02:08:37.766+0530] {processor.py:183} INFO - Processing /home/kali/Desktop/projects/git/bank_data_processing/myenv/lib/python3.11/site-packages/airflow/example_dags/tutorial_dag.py took 0.098 seconds
[2024-07-12T02:09:08.809+0530] {processor.py:161} INFO - Started process (PID=59563) to work on /home/kali/Desktop/projects/git/bank_data_processing/myenv/lib/python3.11/site-packages/airflow/example_dags/tutorial_dag.py
[2024-07-12T02:09:08.810+0530] {processor.py:830} INFO - Processing file /home/kali/Desktop/projects/git/bank_data_processing/myenv/lib/python3.11/site-packages/airflow/example_dags/tutorial_dag.py for tasks to queue
[2024-07-12T02:09:08.811+0530] {logging_mixin.py:188} INFO - [2024-07-12T02:09:08.810+0530] {dagbag.py:545} INFO - Filling up the DagBag from /home/kali/Desktop/projects/git/bank_data_processing/myenv/lib/python3.11/site-packages/airflow/example_dags/tutorial_dag.py
[2024-07-12T02:09:08.817+0530] {processor.py:840} INFO - DAG(s) 'tutorial_dag' retrieved from /home/kali/Desktop/projects/git/bank_data_processing/myenv/lib/python3.11/site-packages/airflow/example_dags/tutorial_dag.py
[2024-07-12T02:09:08.836+0530] {logging_mixin.py:188} INFO - [2024-07-12T02:09:08.836+0530] {dag.py:3096} INFO - Sync 1 DAGs
[2024-07-12T02:09:08.855+0530] {logging_mixin.py:188} INFO - [2024-07-12T02:09:08.855+0530] {dag.py:3954} INFO - Setting next_dagrun for tutorial_dag to None, run_after=None
[2024-07-12T02:09:08.880+0530] {processor.py:183} INFO - Processing /home/kali/Desktop/projects/git/bank_data_processing/myenv/lib/python3.11/site-packages/airflow/example_dags/tutorial_dag.py took 0.079 seconds
[2024-07-12T02:09:40.459+0530] {processor.py:161} INFO - Started process (PID=60262) to work on /home/kali/Desktop/projects/git/bank_data_processing/myenv/lib/python3.11/site-packages/airflow/example_dags/tutorial_dag.py
[2024-07-12T02:09:40.462+0530] {processor.py:830} INFO - Processing file /home/kali/Desktop/projects/git/bank_data_processing/myenv/lib/python3.11/site-packages/airflow/example_dags/tutorial_dag.py for tasks to queue
[2024-07-12T02:09:40.463+0530] {logging_mixin.py:188} INFO - [2024-07-12T02:09:40.463+0530] {dagbag.py:545} INFO - Filling up the DagBag from /home/kali/Desktop/projects/git/bank_data_processing/myenv/lib/python3.11/site-packages/airflow/example_dags/tutorial_dag.py
[2024-07-12T02:09:40.471+0530] {processor.py:840} INFO - DAG(s) 'tutorial_dag' retrieved from /home/kali/Desktop/projects/git/bank_data_processing/myenv/lib/python3.11/site-packages/airflow/example_dags/tutorial_dag.py
[2024-07-12T02:09:40.503+0530] {logging_mixin.py:188} INFO - [2024-07-12T02:09:40.502+0530] {dag.py:3096} INFO - Sync 1 DAGs
[2024-07-12T02:09:40.525+0530] {logging_mixin.py:188} INFO - [2024-07-12T02:09:40.525+0530] {dag.py:3954} INFO - Setting next_dagrun for tutorial_dag to None, run_after=None
[2024-07-12T02:09:40.560+0530] {processor.py:183} INFO - Processing /home/kali/Desktop/projects/git/bank_data_processing/myenv/lib/python3.11/site-packages/airflow/example_dags/tutorial_dag.py took 0.114 seconds
