[2024-07-13T16:53:23.454+0530] {local_task_job_runner.py:120} INFO - ::group::Pre task execution logs
[2024-07-13T16:53:23.488+0530] {taskinstance.py:2076} INFO - Dependencies all met for dep_context=non-requeueable deps ti=<TaskInstance: raw_load_bill_payments.insert_table manual__2024-07-13T11:23:16.344374+00:00 [queued]>
[2024-07-13T16:53:23.500+0530] {taskinstance.py:2076} INFO - Dependencies all met for dep_context=requeueable deps ti=<TaskInstance: raw_load_bill_payments.insert_table manual__2024-07-13T11:23:16.344374+00:00 [queued]>
[2024-07-13T16:53:23.500+0530] {taskinstance.py:2306} INFO - Starting attempt 1 of 1
[2024-07-13T16:53:23.523+0530] {taskinstance.py:2330} INFO - Executing <Task(PythonOperator): insert_table> on 2024-07-13 11:23:16.344374+00:00
[2024-07-13T16:53:23.541+0530] {standard_task_runner.py:63} INFO - Started process 56237 to run task
[2024-07-13T16:53:23.548+0530] {standard_task_runner.py:90} INFO - Running: ['airflow', 'tasks', 'run', 'raw_load_bill_payments', 'insert_table', 'manual__2024-07-13T11:23:16.344374+00:00', '--job-id', '1238', '--raw', '--subdir', 'DAGS_FOLDER/dag_raw_bill_payments.py', '--cfg-path', '/tmp/tmpa7hd6136']
[2024-07-13T16:53:23.549+0530] {standard_task_runner.py:91} INFO - Job 1238: Subtask insert_table
[2024-07-13T16:53:23.598+0530] {task_command.py:426} INFO - Running <TaskInstance: raw_load_bill_payments.insert_table manual__2024-07-13T11:23:16.344374+00:00 [running]> on host kali
[2024-07-13T16:53:23.688+0530] {taskinstance.py:2648} INFO - Exporting env vars: AIRFLOW_CTX_DAG_OWNER='airflow' AIRFLOW_CTX_DAG_ID='raw_load_bill_payments' AIRFLOW_CTX_TASK_ID='insert_table' AIRFLOW_CTX_EXECUTION_DATE='2024-07-13T11:23:16.344374+00:00' AIRFLOW_CTX_TRY_NUMBER='1' AIRFLOW_CTX_DAG_RUN_ID='manual__2024-07-13T11:23:16.344374+00:00'
[2024-07-13T16:53:23.689+0530] {taskinstance.py:430} INFO - ::endgroup::
[2024-07-13T16:53:23.691+0530] {taskinstance.py:441} INFO - ::group::Post task execution logs
[2024-07-13T16:53:23.692+0530] {taskinstance.py:2905} ERROR - Task failed with exception
Traceback (most recent call last):
  File "/home/kali/Desktop/projects/git/bank_data_processing/myenv/lib/python3.11/site-packages/airflow/models/taskinstance.py", line 465, in _execute_task
    result = _execute_callable(context=context, **execute_callable_kwargs)
             ^^^^^^^^^^^^^^^^^^^^^^^^^^^^^^^^^^^^^^^^^^^^^^^^^^^^^^^^^^^^^
  File "/home/kali/Desktop/projects/git/bank_data_processing/myenv/lib/python3.11/site-packages/airflow/models/taskinstance.py", line 432, in _execute_callable
    return execute_callable(context=context, **execute_callable_kwargs)
           ^^^^^^^^^^^^^^^^^^^^^^^^^^^^^^^^^^^^^^^^^^^^^^^^^^^^^^^^^^^^
  File "/home/kali/Desktop/projects/git/bank_data_processing/myenv/lib/python3.11/site-packages/airflow/models/baseoperator.py", line 401, in wrapper
    return func(self, *args, **kwargs)
           ^^^^^^^^^^^^^^^^^^^^^^^^^^^
  File "/home/kali/Desktop/projects/git/bank_data_processing/myenv/lib/python3.11/site-packages/airflow/operators/python.py", line 235, in execute
    return_value = self.execute_callable()
                   ^^^^^^^^^^^^^^^^^^^^^^^
  File "/home/kali/Desktop/projects/git/bank_data_processing/myenv/lib/python3.11/site-packages/airflow/operators/python.py", line 252, in execute_callable
    return self.python_callable(*self.op_args, **self.op_kwargs)
           ^^^^^^^^^^^^^^^^^^^^^^^^^^^^^^^^^^^^^^^^^^^^^^^^^^^^^
  File "//home/kali/Desktop/projects/git/bank_data_processing/dags/models/raw_models/raw_load_bill_payments.py", line 48, in insert_table
    load_csv_to_mysql(csv_file, table_name)
  File "//home/kali/Desktop/projects/git/bank_data_processing/dags/models/raw_models/raw_load_bill_payments.py", line 33, in load_csv_to_mysql
    df = pd.read_csv(csv_file)
         ^^^^^^^^^^^^^^^^^^^^^
  File "/home/kali/Desktop/projects/git/bank_data_processing/myenv/lib/python3.11/site-packages/pandas/io/parsers/readers.py", line 1026, in read_csv
    return _read(filepath_or_buffer, kwds)
           ^^^^^^^^^^^^^^^^^^^^^^^^^^^^^^^
  File "/home/kali/Desktop/projects/git/bank_data_processing/myenv/lib/python3.11/site-packages/pandas/io/parsers/readers.py", line 620, in _read
    parser = TextFileReader(filepath_or_buffer, **kwds)
             ^^^^^^^^^^^^^^^^^^^^^^^^^^^^^^^^^^^^^^^^^^
  File "/home/kali/Desktop/projects/git/bank_data_processing/myenv/lib/python3.11/site-packages/pandas/io/parsers/readers.py", line 1620, in __init__
    self._engine = self._make_engine(f, self.engine)
                   ^^^^^^^^^^^^^^^^^^^^^^^^^^^^^^^^^
  File "/home/kali/Desktop/projects/git/bank_data_processing/myenv/lib/python3.11/site-packages/pandas/io/parsers/readers.py", line 1880, in _make_engine
    self.handles = get_handle(
                   ^^^^^^^^^^^
  File "/home/kali/Desktop/projects/git/bank_data_processing/myenv/lib/python3.11/site-packages/pandas/io/common.py", line 873, in get_handle
    handle = open(
             ^^^^^
FileNotFoundError: [Errno 2] No such file or directory: '/home/kali/Desktop/projects/banking _project/data_prepare/bill_payments_today.csv'
[2024-07-13T16:53:23.704+0530] {taskinstance.py:1206} INFO - Marking task as FAILED. dag_id=raw_load_bill_payments, task_id=insert_table, run_id=manual__2024-07-13T11:23:16.344374+00:00, execution_date=20240713T112316, start_date=20240713T112323, end_date=20240713T112323
[2024-07-13T16:53:23.721+0530] {standard_task_runner.py:110} ERROR - Failed to execute job 1238 for task insert_table ([Errno 2] No such file or directory: '/home/kali/Desktop/projects/banking _project/data_prepare/bill_payments_today.csv'; 56237)
[2024-07-13T16:53:23.765+0530] {local_task_job_runner.py:240} INFO - Task exited with return code 1
[2024-07-13T16:53:23.788+0530] {taskinstance.py:3503} INFO - 0 downstream tasks scheduled from follow-on schedule check
[2024-07-13T16:53:23.789+0530] {local_task_job_runner.py:222} INFO - ::endgroup::
