[2024-07-16T05:16:10.804+0530] {processor.py:161} INFO - Started process (PID=6227) to work on //home/kali/Desktop/projects/git/bank_data_processing/dags/dag_raw_customers.py
[2024-07-16T05:16:10.804+0530] {processor.py:830} INFO - Processing file //home/kali/Desktop/projects/git/bank_data_processing/dags/dag_raw_customers.py for tasks to queue
[2024-07-16T05:16:10.806+0530] {logging_mixin.py:188} INFO - [2024-07-16T05:16:10.806+0530] {dagbag.py:545} INFO - Filling up the DagBag from //home/kali/Desktop/projects/git/bank_data_processing/dags/dag_raw_customers.py
[2024-07-16T05:16:11.336+0530] {logging_mixin.py:188} INFO - [2024-07-16T05:16:11.336+0530] {base.py:84} INFO - Using connection ID 'mysql_default' for task execution.
[2024-07-16T05:16:11.342+0530] {processor.py:840} INFO - DAG(s) 'raw_load_customers' retrieved from //home/kali/Desktop/projects/git/bank_data_processing/dags/dag_raw_customers.py
[2024-07-16T05:16:11.345+0530] {logging_mixin.py:188} INFO - [2024-07-16T05:16:11.344+0530] {dag.py:3096} INFO - Sync 1 DAGs
[2024-07-16T05:16:11.353+0530] {logging_mixin.py:188} INFO - [2024-07-16T05:16:11.353+0530] {dag.py:3954} INFO - Setting next_dagrun for raw_load_customers to None, run_after=None
[2024-07-16T05:16:11.373+0530] {processor.py:183} INFO - Processing //home/kali/Desktop/projects/git/bank_data_processing/dags/dag_raw_customers.py took 0.575 seconds
[2024-07-16T05:16:43.597+0530] {processor.py:161} INFO - Started process (PID=6768) to work on //home/kali/Desktop/projects/git/bank_data_processing/dags/dag_raw_customers.py
[2024-07-16T05:16:43.599+0530] {processor.py:830} INFO - Processing file //home/kali/Desktop/projects/git/bank_data_processing/dags/dag_raw_customers.py for tasks to queue
[2024-07-16T05:16:43.602+0530] {logging_mixin.py:188} INFO - [2024-07-16T05:16:43.602+0530] {dagbag.py:545} INFO - Filling up the DagBag from //home/kali/Desktop/projects/git/bank_data_processing/dags/dag_raw_customers.py
[2024-07-16T05:16:44.428+0530] {logging_mixin.py:188} INFO - [2024-07-16T05:16:44.428+0530] {base.py:84} INFO - Using connection ID 'mysql_default' for task execution.
[2024-07-16T05:16:44.439+0530] {processor.py:840} INFO - DAG(s) 'raw_load_customers' retrieved from //home/kali/Desktop/projects/git/bank_data_processing/dags/dag_raw_customers.py
[2024-07-16T05:16:44.592+0530] {logging_mixin.py:188} INFO - [2024-07-16T05:16:44.591+0530] {dag.py:3096} INFO - Sync 1 DAGs
[2024-07-16T05:16:44.608+0530] {logging_mixin.py:188} INFO - [2024-07-16T05:16:44.607+0530] {dag.py:3954} INFO - Setting next_dagrun for raw_load_customers to None, run_after=None
[2024-07-16T05:16:44.645+0530] {processor.py:183} INFO - Processing //home/kali/Desktop/projects/git/bank_data_processing/dags/dag_raw_customers.py took 1.061 seconds
[2024-07-16T05:17:15.042+0530] {processor.py:161} INFO - Started process (PID=7242) to work on //home/kali/Desktop/projects/git/bank_data_processing/dags/dag_raw_customers.py
[2024-07-16T05:17:15.043+0530] {processor.py:830} INFO - Processing file //home/kali/Desktop/projects/git/bank_data_processing/dags/dag_raw_customers.py for tasks to queue
[2024-07-16T05:17:15.046+0530] {logging_mixin.py:188} INFO - [2024-07-16T05:17:15.046+0530] {dagbag.py:545} INFO - Filling up the DagBag from //home/kali/Desktop/projects/git/bank_data_processing/dags/dag_raw_customers.py
[2024-07-16T05:17:15.579+0530] {logging_mixin.py:188} INFO - [2024-07-16T05:17:15.579+0530] {base.py:84} INFO - Using connection ID 'mysql_default' for task execution.
[2024-07-16T05:17:15.585+0530] {processor.py:840} INFO - DAG(s) 'raw_load_customers' retrieved from //home/kali/Desktop/projects/git/bank_data_processing/dags/dag_raw_customers.py
[2024-07-16T05:17:15.672+0530] {logging_mixin.py:188} INFO - [2024-07-16T05:17:15.672+0530] {dag.py:3096} INFO - Sync 1 DAGs
[2024-07-16T05:17:15.680+0530] {logging_mixin.py:188} INFO - [2024-07-16T05:17:15.680+0530] {dag.py:3954} INFO - Setting next_dagrun for raw_load_customers to None, run_after=None
[2024-07-16T05:17:15.700+0530] {processor.py:183} INFO - Processing //home/kali/Desktop/projects/git/bank_data_processing/dags/dag_raw_customers.py took 0.665 seconds
[2024-07-16T05:17:46.790+0530] {processor.py:161} INFO - Started process (PID=7766) to work on //home/kali/Desktop/projects/git/bank_data_processing/dags/dag_raw_customers.py
[2024-07-16T05:17:46.792+0530] {processor.py:830} INFO - Processing file //home/kali/Desktop/projects/git/bank_data_processing/dags/dag_raw_customers.py for tasks to queue
[2024-07-16T05:17:46.795+0530] {logging_mixin.py:188} INFO - [2024-07-16T05:17:46.795+0530] {dagbag.py:545} INFO - Filling up the DagBag from //home/kali/Desktop/projects/git/bank_data_processing/dags/dag_raw_customers.py
[2024-07-16T05:17:47.417+0530] {logging_mixin.py:188} INFO - [2024-07-16T05:17:47.417+0530] {base.py:84} INFO - Using connection ID 'mysql_default' for task execution.
[2024-07-16T05:17:47.428+0530] {processor.py:840} INFO - DAG(s) 'raw_load_customers' retrieved from //home/kali/Desktop/projects/git/bank_data_processing/dags/dag_raw_customers.py
[2024-07-16T05:17:47.552+0530] {logging_mixin.py:188} INFO - [2024-07-16T05:17:47.552+0530] {dag.py:3096} INFO - Sync 1 DAGs
[2024-07-16T05:17:47.564+0530] {logging_mixin.py:188} INFO - [2024-07-16T05:17:47.564+0530] {dag.py:3954} INFO - Setting next_dagrun for raw_load_customers to None, run_after=None
[2024-07-16T05:17:47.602+0530] {processor.py:183} INFO - Processing //home/kali/Desktop/projects/git/bank_data_processing/dags/dag_raw_customers.py took 0.821 seconds
[2024-07-16T05:18:18.029+0530] {processor.py:161} INFO - Started process (PID=8249) to work on //home/kali/Desktop/projects/git/bank_data_processing/dags/dag_raw_customers.py
[2024-07-16T05:18:18.029+0530] {processor.py:830} INFO - Processing file //home/kali/Desktop/projects/git/bank_data_processing/dags/dag_raw_customers.py for tasks to queue
[2024-07-16T05:18:18.032+0530] {logging_mixin.py:188} INFO - [2024-07-16T05:18:18.031+0530] {dagbag.py:545} INFO - Filling up the DagBag from //home/kali/Desktop/projects/git/bank_data_processing/dags/dag_raw_customers.py
[2024-07-16T05:18:18.469+0530] {logging_mixin.py:188} INFO - [2024-07-16T05:18:18.468+0530] {base.py:84} INFO - Using connection ID 'mysql_default' for task execution.
[2024-07-16T05:18:18.474+0530] {processor.py:840} INFO - DAG(s) 'raw_load_customers' retrieved from //home/kali/Desktop/projects/git/bank_data_processing/dags/dag_raw_customers.py
[2024-07-16T05:18:18.554+0530] {logging_mixin.py:188} INFO - [2024-07-16T05:18:18.553+0530] {dag.py:3096} INFO - Sync 1 DAGs
[2024-07-16T05:18:18.563+0530] {logging_mixin.py:188} INFO - [2024-07-16T05:18:18.563+0530] {dag.py:3954} INFO - Setting next_dagrun for raw_load_customers to None, run_after=None
[2024-07-16T05:18:18.585+0530] {processor.py:183} INFO - Processing //home/kali/Desktop/projects/git/bank_data_processing/dags/dag_raw_customers.py took 0.563 seconds
[2024-07-16T05:18:49.319+0530] {processor.py:161} INFO - Started process (PID=8761) to work on //home/kali/Desktop/projects/git/bank_data_processing/dags/dag_raw_customers.py
[2024-07-16T05:18:49.321+0530] {processor.py:830} INFO - Processing file //home/kali/Desktop/projects/git/bank_data_processing/dags/dag_raw_customers.py for tasks to queue
[2024-07-16T05:18:49.324+0530] {logging_mixin.py:188} INFO - [2024-07-16T05:18:49.323+0530] {dagbag.py:545} INFO - Filling up the DagBag from //home/kali/Desktop/projects/git/bank_data_processing/dags/dag_raw_customers.py
[2024-07-16T05:18:49.837+0530] {logging_mixin.py:188} INFO - [2024-07-16T05:18:49.837+0530] {base.py:84} INFO - Using connection ID 'mysql_default' for task execution.
[2024-07-16T05:18:49.844+0530] {processor.py:840} INFO - DAG(s) 'raw_load_customers' retrieved from //home/kali/Desktop/projects/git/bank_data_processing/dags/dag_raw_customers.py
[2024-07-16T05:18:49.937+0530] {logging_mixin.py:188} INFO - [2024-07-16T05:18:49.937+0530] {dag.py:3096} INFO - Sync 1 DAGs
[2024-07-16T05:18:49.948+0530] {logging_mixin.py:188} INFO - [2024-07-16T05:18:49.948+0530] {dag.py:3954} INFO - Setting next_dagrun for raw_load_customers to None, run_after=None
[2024-07-16T05:18:49.974+0530] {processor.py:183} INFO - Processing //home/kali/Desktop/projects/git/bank_data_processing/dags/dag_raw_customers.py took 0.661 seconds
[2024-07-16T05:19:20.535+0530] {processor.py:161} INFO - Started process (PID=9262) to work on //home/kali/Desktop/projects/git/bank_data_processing/dags/dag_raw_customers.py
[2024-07-16T05:19:20.536+0530] {processor.py:830} INFO - Processing file //home/kali/Desktop/projects/git/bank_data_processing/dags/dag_raw_customers.py for tasks to queue
[2024-07-16T05:19:20.538+0530] {logging_mixin.py:188} INFO - [2024-07-16T05:19:20.538+0530] {dagbag.py:545} INFO - Filling up the DagBag from //home/kali/Desktop/projects/git/bank_data_processing/dags/dag_raw_customers.py
[2024-07-16T05:19:21.244+0530] {logging_mixin.py:188} INFO - [2024-07-16T05:19:21.243+0530] {base.py:84} INFO - Using connection ID 'mysql_default' for task execution.
[2024-07-16T05:19:21.253+0530] {processor.py:840} INFO - DAG(s) 'raw_load_customers' retrieved from //home/kali/Desktop/projects/git/bank_data_processing/dags/dag_raw_customers.py
[2024-07-16T05:19:21.378+0530] {logging_mixin.py:188} INFO - [2024-07-16T05:19:21.377+0530] {dag.py:3096} INFO - Sync 1 DAGs
[2024-07-16T05:19:21.391+0530] {logging_mixin.py:188} INFO - [2024-07-16T05:19:21.391+0530] {dag.py:3954} INFO - Setting next_dagrun for raw_load_customers to None, run_after=None
[2024-07-16T05:19:21.422+0530] {processor.py:183} INFO - Processing //home/kali/Desktop/projects/git/bank_data_processing/dags/dag_raw_customers.py took 0.895 seconds
[2024-07-16T05:19:49.994+0530] {processor.py:161} INFO - Started process (PID=10247) to work on //home/kali/Desktop/projects/git/bank_data_processing/dags/dag_raw_customers.py
[2024-07-16T05:19:49.995+0530] {processor.py:830} INFO - Processing file //home/kali/Desktop/projects/git/bank_data_processing/dags/dag_raw_customers.py for tasks to queue
[2024-07-16T05:19:49.997+0530] {logging_mixin.py:188} INFO - [2024-07-16T05:19:49.997+0530] {dagbag.py:545} INFO - Filling up the DagBag from //home/kali/Desktop/projects/git/bank_data_processing/dags/dag_raw_customers.py
[2024-07-16T05:19:50.539+0530] {logging_mixin.py:188} INFO - [2024-07-16T05:19:50.538+0530] {base.py:84} INFO - Using connection ID 'mysql_default' for task execution.
[2024-07-16T05:19:50.546+0530] {processor.py:840} INFO - DAG(s) 'raw_load_customers' retrieved from //home/kali/Desktop/projects/git/bank_data_processing/dags/dag_raw_customers.py
[2024-07-16T05:19:50.550+0530] {logging_mixin.py:188} INFO - [2024-07-16T05:19:50.549+0530] {dag.py:3096} INFO - Sync 1 DAGs
[2024-07-16T05:19:50.560+0530] {logging_mixin.py:188} INFO - [2024-07-16T05:19:50.560+0530] {dag.py:3954} INFO - Setting next_dagrun for raw_load_customers to None, run_after=None
[2024-07-16T05:19:50.583+0530] {processor.py:183} INFO - Processing //home/kali/Desktop/projects/git/bank_data_processing/dags/dag_raw_customers.py took 0.595 seconds
[2024-07-16T05:20:22.400+0530] {processor.py:161} INFO - Started process (PID=10834) to work on //home/kali/Desktop/projects/git/bank_data_processing/dags/dag_raw_customers.py
[2024-07-16T05:20:22.403+0530] {processor.py:830} INFO - Processing file //home/kali/Desktop/projects/git/bank_data_processing/dags/dag_raw_customers.py for tasks to queue
[2024-07-16T05:20:22.406+0530] {logging_mixin.py:188} INFO - [2024-07-16T05:20:22.405+0530] {dagbag.py:545} INFO - Filling up the DagBag from //home/kali/Desktop/projects/git/bank_data_processing/dags/dag_raw_customers.py
[2024-07-16T05:20:23.029+0530] {logging_mixin.py:188} INFO - [2024-07-16T05:20:23.029+0530] {base.py:84} INFO - Using connection ID 'mysql_default' for task execution.
[2024-07-16T05:20:23.038+0530] {processor.py:840} INFO - DAG(s) 'raw_load_customers' retrieved from //home/kali/Desktop/projects/git/bank_data_processing/dags/dag_raw_customers.py
[2024-07-16T05:20:23.042+0530] {logging_mixin.py:188} INFO - [2024-07-16T05:20:23.041+0530] {dag.py:3096} INFO - Sync 1 DAGs
[2024-07-16T05:20:23.051+0530] {logging_mixin.py:188} INFO - [2024-07-16T05:20:23.051+0530] {dag.py:3954} INFO - Setting next_dagrun for raw_load_customers to None, run_after=None
[2024-07-16T05:20:23.080+0530] {processor.py:183} INFO - Processing //home/kali/Desktop/projects/git/bank_data_processing/dags/dag_raw_customers.py took 0.687 seconds
[2024-07-16T05:20:55.270+0530] {processor.py:161} INFO - Started process (PID=11949) to work on //home/kali/Desktop/projects/git/bank_data_processing/dags/dag_raw_customers.py
[2024-07-16T05:20:55.272+0530] {processor.py:830} INFO - Processing file //home/kali/Desktop/projects/git/bank_data_processing/dags/dag_raw_customers.py for tasks to queue
[2024-07-16T05:20:55.274+0530] {logging_mixin.py:188} INFO - [2024-07-16T05:20:55.274+0530] {dagbag.py:545} INFO - Filling up the DagBag from //home/kali/Desktop/projects/git/bank_data_processing/dags/dag_raw_customers.py
[2024-07-16T05:20:56.487+0530] {logging_mixin.py:188} INFO - [2024-07-16T05:20:56.486+0530] {base.py:84} INFO - Using connection ID 'mysql_default' for task execution.
[2024-07-16T05:20:56.506+0530] {processor.py:840} INFO - DAG(s) 'raw_load_customers' retrieved from //home/kali/Desktop/projects/git/bank_data_processing/dags/dag_raw_customers.py
[2024-07-16T05:20:56.739+0530] {logging_mixin.py:188} INFO - [2024-07-16T05:20:56.737+0530] {dag.py:3096} INFO - Sync 1 DAGs
[2024-07-16T05:20:56.773+0530] {logging_mixin.py:188} INFO - [2024-07-16T05:20:56.772+0530] {dag.py:3954} INFO - Setting next_dagrun for raw_load_customers to None, run_after=None
[2024-07-16T05:20:56.881+0530] {processor.py:183} INFO - Processing //home/kali/Desktop/projects/git/bank_data_processing/dags/dag_raw_customers.py took 1.622 seconds
[2024-07-16T05:24:32.952+0530] {processor.py:161} INFO - Started process (PID=15739) to work on //home/kali/Desktop/projects/git/bank_data_processing/dags/dag_raw_customers.py
[2024-07-16T05:24:32.954+0530] {processor.py:830} INFO - Processing file //home/kali/Desktop/projects/git/bank_data_processing/dags/dag_raw_customers.py for tasks to queue
[2024-07-16T05:24:32.956+0530] {logging_mixin.py:188} INFO - [2024-07-16T05:24:32.956+0530] {dagbag.py:545} INFO - Filling up the DagBag from //home/kali/Desktop/projects/git/bank_data_processing/dags/dag_raw_customers.py
[2024-07-16T05:24:33.490+0530] {logging_mixin.py:188} INFO - [2024-07-16T05:24:33.490+0530] {base.py:84} INFO - Using connection ID 'mysql_default' for task execution.
[2024-07-16T05:24:33.496+0530] {processor.py:840} INFO - DAG(s) 'raw_load_customers' retrieved from //home/kali/Desktop/projects/git/bank_data_processing/dags/dag_raw_customers.py
[2024-07-16T05:24:33.498+0530] {logging_mixin.py:188} INFO - [2024-07-16T05:24:33.498+0530] {dag.py:3096} INFO - Sync 1 DAGs
[2024-07-16T05:24:33.507+0530] {logging_mixin.py:188} INFO - [2024-07-16T05:24:33.507+0530] {dag.py:3954} INFO - Setting next_dagrun for raw_load_customers to None, run_after=None
[2024-07-16T05:24:33.525+0530] {processor.py:183} INFO - Processing //home/kali/Desktop/projects/git/bank_data_processing/dags/dag_raw_customers.py took 0.580 seconds
[2024-07-16T05:25:05.095+0530] {processor.py:161} INFO - Started process (PID=16453) to work on //home/kali/Desktop/projects/git/bank_data_processing/dags/dag_raw_customers.py
[2024-07-16T05:25:05.097+0530] {processor.py:830} INFO - Processing file //home/kali/Desktop/projects/git/bank_data_processing/dags/dag_raw_customers.py for tasks to queue
[2024-07-16T05:25:05.100+0530] {logging_mixin.py:188} INFO - [2024-07-16T05:25:05.099+0530] {dagbag.py:545} INFO - Filling up the DagBag from //home/kali/Desktop/projects/git/bank_data_processing/dags/dag_raw_customers.py
[2024-07-16T05:25:05.941+0530] {logging_mixin.py:188} INFO - [2024-07-16T05:25:05.941+0530] {base.py:84} INFO - Using connection ID 'mysql_default' for task execution.
[2024-07-16T05:25:05.948+0530] {processor.py:840} INFO - DAG(s) 'raw_load_customers' retrieved from //home/kali/Desktop/projects/git/bank_data_processing/dags/dag_raw_customers.py
[2024-07-16T05:25:06.141+0530] {logging_mixin.py:188} INFO - [2024-07-16T05:25:06.141+0530] {dag.py:3096} INFO - Sync 1 DAGs
[2024-07-16T05:25:06.167+0530] {logging_mixin.py:188} INFO - [2024-07-16T05:25:06.166+0530] {dag.py:3954} INFO - Setting next_dagrun for raw_load_customers to None, run_after=None
[2024-07-16T05:25:06.216+0530] {processor.py:183} INFO - Processing //home/kali/Desktop/projects/git/bank_data_processing/dags/dag_raw_customers.py took 1.133 seconds
[2024-07-16T05:25:36.325+0530] {processor.py:161} INFO - Started process (PID=17812) to work on //home/kali/Desktop/projects/git/bank_data_processing/dags/dag_raw_customers.py
[2024-07-16T05:25:36.327+0530] {processor.py:830} INFO - Processing file //home/kali/Desktop/projects/git/bank_data_processing/dags/dag_raw_customers.py for tasks to queue
[2024-07-16T05:25:36.328+0530] {logging_mixin.py:188} INFO - [2024-07-16T05:25:36.328+0530] {dagbag.py:545} INFO - Filling up the DagBag from //home/kali/Desktop/projects/git/bank_data_processing/dags/dag_raw_customers.py
[2024-07-16T05:25:36.941+0530] {logging_mixin.py:188} INFO - [2024-07-16T05:25:36.941+0530] {base.py:84} INFO - Using connection ID 'mysql_default' for task execution.
[2024-07-16T05:25:36.951+0530] {processor.py:840} INFO - DAG(s) 'raw_load_customers' retrieved from //home/kali/Desktop/projects/git/bank_data_processing/dags/dag_raw_customers.py
[2024-07-16T05:25:37.044+0530] {logging_mixin.py:188} INFO - [2024-07-16T05:25:37.044+0530] {dag.py:3096} INFO - Sync 1 DAGs
[2024-07-16T05:25:37.052+0530] {logging_mixin.py:188} INFO - [2024-07-16T05:25:37.052+0530] {dag.py:3954} INFO - Setting next_dagrun for raw_load_customers to None, run_after=None
[2024-07-16T05:25:37.075+0530] {processor.py:183} INFO - Processing //home/kali/Desktop/projects/git/bank_data_processing/dags/dag_raw_customers.py took 0.755 seconds
[2024-07-16T05:26:07.536+0530] {processor.py:161} INFO - Started process (PID=18594) to work on //home/kali/Desktop/projects/git/bank_data_processing/dags/dag_raw_customers.py
[2024-07-16T05:26:07.540+0530] {processor.py:830} INFO - Processing file //home/kali/Desktop/projects/git/bank_data_processing/dags/dag_raw_customers.py for tasks to queue
[2024-07-16T05:26:07.543+0530] {logging_mixin.py:188} INFO - [2024-07-16T05:26:07.542+0530] {dagbag.py:545} INFO - Filling up the DagBag from //home/kali/Desktop/projects/git/bank_data_processing/dags/dag_raw_customers.py
[2024-07-16T05:26:08.247+0530] {logging_mixin.py:188} INFO - [2024-07-16T05:26:08.246+0530] {base.py:84} INFO - Using connection ID 'mysql_default' for task execution.
[2024-07-16T05:26:08.256+0530] {processor.py:840} INFO - DAG(s) 'raw_load_customers' retrieved from //home/kali/Desktop/projects/git/bank_data_processing/dags/dag_raw_customers.py
[2024-07-16T05:26:08.377+0530] {logging_mixin.py:188} INFO - [2024-07-16T05:26:08.377+0530] {dag.py:3096} INFO - Sync 1 DAGs
[2024-07-16T05:26:08.389+0530] {logging_mixin.py:188} INFO - [2024-07-16T05:26:08.388+0530] {dag.py:3954} INFO - Setting next_dagrun for raw_load_customers to None, run_after=None
[2024-07-16T05:26:08.415+0530] {processor.py:183} INFO - Processing //home/kali/Desktop/projects/git/bank_data_processing/dags/dag_raw_customers.py took 0.887 seconds
[2024-07-16T05:26:38.549+0530] {processor.py:161} INFO - Started process (PID=19829) to work on //home/kali/Desktop/projects/git/bank_data_processing/dags/dag_raw_customers.py
[2024-07-16T05:26:38.550+0530] {processor.py:830} INFO - Processing file //home/kali/Desktop/projects/git/bank_data_processing/dags/dag_raw_customers.py for tasks to queue
[2024-07-16T05:26:38.552+0530] {logging_mixin.py:188} INFO - [2024-07-16T05:26:38.552+0530] {dagbag.py:545} INFO - Filling up the DagBag from //home/kali/Desktop/projects/git/bank_data_processing/dags/dag_raw_customers.py
[2024-07-16T05:26:39.410+0530] {logging_mixin.py:188} INFO - [2024-07-16T05:26:39.409+0530] {base.py:84} INFO - Using connection ID 'mysql_default' for task execution.
[2024-07-16T05:26:39.425+0530] {processor.py:840} INFO - DAG(s) 'raw_load_customers' retrieved from //home/kali/Desktop/projects/git/bank_data_processing/dags/dag_raw_customers.py
[2024-07-16T05:26:39.603+0530] {logging_mixin.py:188} INFO - [2024-07-16T05:26:39.602+0530] {dag.py:3096} INFO - Sync 1 DAGs
[2024-07-16T05:26:39.619+0530] {logging_mixin.py:188} INFO - [2024-07-16T05:26:39.619+0530] {dag.py:3954} INFO - Setting next_dagrun for raw_load_customers to None, run_after=None
[2024-07-16T05:26:39.655+0530] {processor.py:183} INFO - Processing //home/kali/Desktop/projects/git/bank_data_processing/dags/dag_raw_customers.py took 1.114 seconds
[2024-07-16T05:27:11.018+0530] {processor.py:161} INFO - Started process (PID=21026) to work on //home/kali/Desktop/projects/git/bank_data_processing/dags/dag_raw_customers.py
[2024-07-16T05:27:11.019+0530] {processor.py:830} INFO - Processing file //home/kali/Desktop/projects/git/bank_data_processing/dags/dag_raw_customers.py for tasks to queue
[2024-07-16T05:27:11.021+0530] {logging_mixin.py:188} INFO - [2024-07-16T05:27:11.021+0530] {dagbag.py:545} INFO - Filling up the DagBag from //home/kali/Desktop/projects/git/bank_data_processing/dags/dag_raw_customers.py
[2024-07-16T05:27:11.614+0530] {logging_mixin.py:188} INFO - [2024-07-16T05:27:11.613+0530] {base.py:84} INFO - Using connection ID 'mysql_default' for task execution.
[2024-07-16T05:27:11.619+0530] {processor.py:840} INFO - DAG(s) 'raw_load_customers' retrieved from //home/kali/Desktop/projects/git/bank_data_processing/dags/dag_raw_customers.py
[2024-07-16T05:27:11.701+0530] {logging_mixin.py:188} INFO - [2024-07-16T05:27:11.700+0530] {dag.py:3096} INFO - Sync 1 DAGs
[2024-07-16T05:27:11.708+0530] {logging_mixin.py:188} INFO - [2024-07-16T05:27:11.708+0530] {dag.py:3954} INFO - Setting next_dagrun for raw_load_customers to None, run_after=None
[2024-07-16T05:27:11.727+0530] {processor.py:183} INFO - Processing //home/kali/Desktop/projects/git/bank_data_processing/dags/dag_raw_customers.py took 0.716 seconds
[2024-07-16T05:27:42.169+0530] {processor.py:161} INFO - Started process (PID=21769) to work on //home/kali/Desktop/projects/git/bank_data_processing/dags/dag_raw_customers.py
[2024-07-16T05:27:42.170+0530] {processor.py:830} INFO - Processing file //home/kali/Desktop/projects/git/bank_data_processing/dags/dag_raw_customers.py for tasks to queue
[2024-07-16T05:27:42.172+0530] {logging_mixin.py:188} INFO - [2024-07-16T05:27:42.172+0530] {dagbag.py:545} INFO - Filling up the DagBag from //home/kali/Desktop/projects/git/bank_data_processing/dags/dag_raw_customers.py
[2024-07-16T05:27:42.686+0530] {logging_mixin.py:188} INFO - [2024-07-16T05:27:42.686+0530] {base.py:84} INFO - Using connection ID 'mysql_default' for task execution.
[2024-07-16T05:27:42.692+0530] {processor.py:840} INFO - DAG(s) 'raw_load_customers' retrieved from //home/kali/Desktop/projects/git/bank_data_processing/dags/dag_raw_customers.py
[2024-07-16T05:27:42.772+0530] {logging_mixin.py:188} INFO - [2024-07-16T05:27:42.771+0530] {dag.py:3096} INFO - Sync 1 DAGs
[2024-07-16T05:27:42.779+0530] {logging_mixin.py:188} INFO - [2024-07-16T05:27:42.779+0530] {dag.py:3954} INFO - Setting next_dagrun for raw_load_customers to None, run_after=None
[2024-07-16T05:27:42.798+0530] {processor.py:183} INFO - Processing //home/kali/Desktop/projects/git/bank_data_processing/dags/dag_raw_customers.py took 0.636 seconds
[2024-07-16T05:28:13.658+0530] {processor.py:161} INFO - Started process (PID=22302) to work on //home/kali/Desktop/projects/git/bank_data_processing/dags/dag_raw_customers.py
[2024-07-16T05:28:13.660+0530] {processor.py:830} INFO - Processing file //home/kali/Desktop/projects/git/bank_data_processing/dags/dag_raw_customers.py for tasks to queue
[2024-07-16T05:28:13.663+0530] {logging_mixin.py:188} INFO - [2024-07-16T05:28:13.663+0530] {dagbag.py:545} INFO - Filling up the DagBag from //home/kali/Desktop/projects/git/bank_data_processing/dags/dag_raw_customers.py
[2024-07-16T05:28:14.312+0530] {logging_mixin.py:188} INFO - [2024-07-16T05:28:14.311+0530] {base.py:84} INFO - Using connection ID 'mysql_default' for task execution.
[2024-07-16T05:28:14.319+0530] {processor.py:840} INFO - DAG(s) 'raw_load_customers' retrieved from //home/kali/Desktop/projects/git/bank_data_processing/dags/dag_raw_customers.py
[2024-07-16T05:28:14.417+0530] {logging_mixin.py:188} INFO - [2024-07-16T05:28:14.416+0530] {dag.py:3096} INFO - Sync 1 DAGs
[2024-07-16T05:28:14.429+0530] {logging_mixin.py:188} INFO - [2024-07-16T05:28:14.429+0530] {dag.py:3954} INFO - Setting next_dagrun for raw_load_customers to None, run_after=None
[2024-07-16T05:28:14.457+0530] {processor.py:183} INFO - Processing //home/kali/Desktop/projects/git/bank_data_processing/dags/dag_raw_customers.py took 0.813 seconds
[2024-07-16T05:28:44.828+0530] {processor.py:161} INFO - Started process (PID=22802) to work on //home/kali/Desktop/projects/git/bank_data_processing/dags/dag_raw_customers.py
[2024-07-16T05:28:44.829+0530] {processor.py:830} INFO - Processing file //home/kali/Desktop/projects/git/bank_data_processing/dags/dag_raw_customers.py for tasks to queue
[2024-07-16T05:28:44.831+0530] {logging_mixin.py:188} INFO - [2024-07-16T05:28:44.831+0530] {dagbag.py:545} INFO - Filling up the DagBag from //home/kali/Desktop/projects/git/bank_data_processing/dags/dag_raw_customers.py
[2024-07-16T05:28:45.444+0530] {logging_mixin.py:188} INFO - [2024-07-16T05:28:45.444+0530] {base.py:84} INFO - Using connection ID 'mysql_default' for task execution.
[2024-07-16T05:28:45.451+0530] {processor.py:840} INFO - DAG(s) 'raw_load_customers' retrieved from //home/kali/Desktop/projects/git/bank_data_processing/dags/dag_raw_customers.py
[2024-07-16T05:28:45.550+0530] {logging_mixin.py:188} INFO - [2024-07-16T05:28:45.549+0530] {dag.py:3096} INFO - Sync 1 DAGs
[2024-07-16T05:28:45.559+0530] {logging_mixin.py:188} INFO - [2024-07-16T05:28:45.559+0530] {dag.py:3954} INFO - Setting next_dagrun for raw_load_customers to None, run_after=None
[2024-07-16T05:28:45.587+0530] {processor.py:183} INFO - Processing //home/kali/Desktop/projects/git/bank_data_processing/dags/dag_raw_customers.py took 0.766 seconds
[2024-07-16T05:29:16.317+0530] {processor.py:161} INFO - Started process (PID=23411) to work on //home/kali/Desktop/projects/git/bank_data_processing/dags/dag_raw_customers.py
[2024-07-16T05:29:16.320+0530] {processor.py:830} INFO - Processing file //home/kali/Desktop/projects/git/bank_data_processing/dags/dag_raw_customers.py for tasks to queue
[2024-07-16T05:29:16.322+0530] {logging_mixin.py:188} INFO - [2024-07-16T05:29:16.321+0530] {dagbag.py:545} INFO - Filling up the DagBag from //home/kali/Desktop/projects/git/bank_data_processing/dags/dag_raw_customers.py
[2024-07-16T05:29:17.119+0530] {logging_mixin.py:188} INFO - [2024-07-16T05:29:17.118+0530] {base.py:84} INFO - Using connection ID 'mysql_default' for task execution.
[2024-07-16T05:29:17.130+0530] {processor.py:840} INFO - DAG(s) 'raw_load_customers' retrieved from //home/kali/Desktop/projects/git/bank_data_processing/dags/dag_raw_customers.py
[2024-07-16T05:29:17.294+0530] {logging_mixin.py:188} INFO - [2024-07-16T05:29:17.293+0530] {dag.py:3096} INFO - Sync 1 DAGs
[2024-07-16T05:29:17.310+0530] {logging_mixin.py:188} INFO - [2024-07-16T05:29:17.310+0530] {dag.py:3954} INFO - Setting next_dagrun for raw_load_customers to None, run_after=None
[2024-07-16T05:29:17.355+0530] {processor.py:183} INFO - Processing //home/kali/Desktop/projects/git/bank_data_processing/dags/dag_raw_customers.py took 1.048 seconds
[2024-07-16T05:29:47.782+0530] {processor.py:161} INFO - Started process (PID=24051) to work on //home/kali/Desktop/projects/git/bank_data_processing/dags/dag_raw_customers.py
[2024-07-16T05:29:47.787+0530] {processor.py:830} INFO - Processing file //home/kali/Desktop/projects/git/bank_data_processing/dags/dag_raw_customers.py for tasks to queue
[2024-07-16T05:29:47.789+0530] {logging_mixin.py:188} INFO - [2024-07-16T05:29:47.789+0530] {dagbag.py:545} INFO - Filling up the DagBag from //home/kali/Desktop/projects/git/bank_data_processing/dags/dag_raw_customers.py
[2024-07-16T05:29:48.403+0530] {logging_mixin.py:188} INFO - [2024-07-16T05:29:48.403+0530] {base.py:84} INFO - Using connection ID 'mysql_default' for task execution.
[2024-07-16T05:29:48.412+0530] {processor.py:840} INFO - DAG(s) 'raw_load_customers' retrieved from //home/kali/Desktop/projects/git/bank_data_processing/dags/dag_raw_customers.py
[2024-07-16T05:29:48.526+0530] {logging_mixin.py:188} INFO - [2024-07-16T05:29:48.526+0530] {dag.py:3096} INFO - Sync 1 DAGs
[2024-07-16T05:29:48.535+0530] {logging_mixin.py:188} INFO - [2024-07-16T05:29:48.534+0530] {dag.py:3954} INFO - Setting next_dagrun for raw_load_customers to None, run_after=None
[2024-07-16T05:29:48.559+0530] {processor.py:183} INFO - Processing //home/kali/Desktop/projects/git/bank_data_processing/dags/dag_raw_customers.py took 0.783 seconds
