[2024-07-16T05:16:12.345+0530] {processor.py:161} INFO - Started process (PID=6279) to work on //home/kali/Desktop/projects/git/bank_data_processing/dags/dag_raw_service_charges.py
[2024-07-16T05:16:12.346+0530] {processor.py:830} INFO - Processing file //home/kali/Desktop/projects/git/bank_data_processing/dags/dag_raw_service_charges.py for tasks to queue
[2024-07-16T05:16:12.348+0530] {logging_mixin.py:188} INFO - [2024-07-16T05:16:12.348+0530] {dagbag.py:545} INFO - Filling up the DagBag from //home/kali/Desktop/projects/git/bank_data_processing/dags/dag_raw_service_charges.py
[2024-07-16T05:16:12.868+0530] {logging_mixin.py:188} INFO - [2024-07-16T05:16:12.868+0530] {base.py:84} INFO - Using connection ID 'mysql_default' for task execution.
[2024-07-16T05:16:12.874+0530] {processor.py:840} INFO - DAG(s) 'raw_load_service_charges' retrieved from //home/kali/Desktop/projects/git/bank_data_processing/dags/dag_raw_service_charges.py
[2024-07-16T05:16:12.877+0530] {logging_mixin.py:188} INFO - [2024-07-16T05:16:12.876+0530] {dag.py:3096} INFO - Sync 1 DAGs
[2024-07-16T05:16:12.885+0530] {logging_mixin.py:188} INFO - [2024-07-16T05:16:12.885+0530] {dag.py:3954} INFO - Setting next_dagrun for raw_load_service_charges to None, run_after=None
[2024-07-16T05:16:12.910+0530] {processor.py:183} INFO - Processing //home/kali/Desktop/projects/git/bank_data_processing/dags/dag_raw_service_charges.py took 0.572 seconds
[2024-07-16T05:16:45.820+0530] {processor.py:161} INFO - Started process (PID=6827) to work on //home/kali/Desktop/projects/git/bank_data_processing/dags/dag_raw_service_charges.py
[2024-07-16T05:16:45.821+0530] {processor.py:830} INFO - Processing file //home/kali/Desktop/projects/git/bank_data_processing/dags/dag_raw_service_charges.py for tasks to queue
[2024-07-16T05:16:45.822+0530] {logging_mixin.py:188} INFO - [2024-07-16T05:16:45.822+0530] {dagbag.py:545} INFO - Filling up the DagBag from //home/kali/Desktop/projects/git/bank_data_processing/dags/dag_raw_service_charges.py
[2024-07-16T05:16:46.409+0530] {logging_mixin.py:188} INFO - [2024-07-16T05:16:46.409+0530] {base.py:84} INFO - Using connection ID 'mysql_default' for task execution.
[2024-07-16T05:16:46.417+0530] {processor.py:840} INFO - DAG(s) 'raw_load_service_charges' retrieved from //home/kali/Desktop/projects/git/bank_data_processing/dags/dag_raw_service_charges.py
[2024-07-16T05:16:46.520+0530] {logging_mixin.py:188} INFO - [2024-07-16T05:16:46.520+0530] {dag.py:3096} INFO - Sync 1 DAGs
[2024-07-16T05:16:46.530+0530] {logging_mixin.py:188} INFO - [2024-07-16T05:16:46.529+0530] {dag.py:3954} INFO - Setting next_dagrun for raw_load_service_charges to None, run_after=None
[2024-07-16T05:16:46.549+0530] {processor.py:183} INFO - Processing //home/kali/Desktop/projects/git/bank_data_processing/dags/dag_raw_service_charges.py took 0.735 seconds
[2024-07-16T05:17:16.959+0530] {processor.py:161} INFO - Started process (PID=7298) to work on //home/kali/Desktop/projects/git/bank_data_processing/dags/dag_raw_service_charges.py
[2024-07-16T05:17:16.959+0530] {processor.py:830} INFO - Processing file //home/kali/Desktop/projects/git/bank_data_processing/dags/dag_raw_service_charges.py for tasks to queue
[2024-07-16T05:17:16.961+0530] {logging_mixin.py:188} INFO - [2024-07-16T05:17:16.961+0530] {dagbag.py:545} INFO - Filling up the DagBag from //home/kali/Desktop/projects/git/bank_data_processing/dags/dag_raw_service_charges.py
[2024-07-16T05:17:17.445+0530] {logging_mixin.py:188} INFO - [2024-07-16T05:17:17.445+0530] {base.py:84} INFO - Using connection ID 'mysql_default' for task execution.
[2024-07-16T05:17:17.451+0530] {processor.py:840} INFO - DAG(s) 'raw_load_service_charges' retrieved from //home/kali/Desktop/projects/git/bank_data_processing/dags/dag_raw_service_charges.py
[2024-07-16T05:17:17.547+0530] {logging_mixin.py:188} INFO - [2024-07-16T05:17:17.546+0530] {dag.py:3096} INFO - Sync 1 DAGs
[2024-07-16T05:17:17.556+0530] {logging_mixin.py:188} INFO - [2024-07-16T05:17:17.556+0530] {dag.py:3954} INFO - Setting next_dagrun for raw_load_service_charges to None, run_after=None
[2024-07-16T05:17:17.582+0530] {processor.py:183} INFO - Processing //home/kali/Desktop/projects/git/bank_data_processing/dags/dag_raw_service_charges.py took 0.629 seconds
[2024-07-16T05:17:49.527+0530] {processor.py:161} INFO - Started process (PID=7826) to work on //home/kali/Desktop/projects/git/bank_data_processing/dags/dag_raw_service_charges.py
[2024-07-16T05:17:49.528+0530] {processor.py:830} INFO - Processing file //home/kali/Desktop/projects/git/bank_data_processing/dags/dag_raw_service_charges.py for tasks to queue
[2024-07-16T05:17:49.530+0530] {logging_mixin.py:188} INFO - [2024-07-16T05:17:49.529+0530] {dagbag.py:545} INFO - Filling up the DagBag from //home/kali/Desktop/projects/git/bank_data_processing/dags/dag_raw_service_charges.py
[2024-07-16T05:17:50.105+0530] {logging_mixin.py:188} INFO - [2024-07-16T05:17:50.104+0530] {base.py:84} INFO - Using connection ID 'mysql_default' for task execution.
[2024-07-16T05:17:50.111+0530] {processor.py:840} INFO - DAG(s) 'raw_load_service_charges' retrieved from //home/kali/Desktop/projects/git/bank_data_processing/dags/dag_raw_service_charges.py
[2024-07-16T05:17:50.207+0530] {logging_mixin.py:188} INFO - [2024-07-16T05:17:50.206+0530] {dag.py:3096} INFO - Sync 1 DAGs
[2024-07-16T05:17:50.215+0530] {logging_mixin.py:188} INFO - [2024-07-16T05:17:50.215+0530] {dag.py:3954} INFO - Setting next_dagrun for raw_load_service_charges to None, run_after=None
[2024-07-16T05:17:50.242+0530] {processor.py:183} INFO - Processing //home/kali/Desktop/projects/git/bank_data_processing/dags/dag_raw_service_charges.py took 0.721 seconds
[2024-07-16T05:18:20.400+0530] {processor.py:161} INFO - Started process (PID=8298) to work on //home/kali/Desktop/projects/git/bank_data_processing/dags/dag_raw_service_charges.py
[2024-07-16T05:18:20.401+0530] {processor.py:830} INFO - Processing file //home/kali/Desktop/projects/git/bank_data_processing/dags/dag_raw_service_charges.py for tasks to queue
[2024-07-16T05:18:20.403+0530] {logging_mixin.py:188} INFO - [2024-07-16T05:18:20.403+0530] {dagbag.py:545} INFO - Filling up the DagBag from //home/kali/Desktop/projects/git/bank_data_processing/dags/dag_raw_service_charges.py
[2024-07-16T05:18:20.962+0530] {logging_mixin.py:188} INFO - [2024-07-16T05:18:20.962+0530] {base.py:84} INFO - Using connection ID 'mysql_default' for task execution.
[2024-07-16T05:18:20.968+0530] {processor.py:840} INFO - DAG(s) 'raw_load_service_charges' retrieved from //home/kali/Desktop/projects/git/bank_data_processing/dags/dag_raw_service_charges.py
[2024-07-16T05:18:21.052+0530] {logging_mixin.py:188} INFO - [2024-07-16T05:18:21.052+0530] {dag.py:3096} INFO - Sync 1 DAGs
[2024-07-16T05:18:21.061+0530] {logging_mixin.py:188} INFO - [2024-07-16T05:18:21.060+0530] {dag.py:3954} INFO - Setting next_dagrun for raw_load_service_charges to None, run_after=None
[2024-07-16T05:18:21.077+0530] {processor.py:183} INFO - Processing //home/kali/Desktop/projects/git/bank_data_processing/dags/dag_raw_service_charges.py took 0.683 seconds
[2024-07-16T05:18:51.495+0530] {processor.py:161} INFO - Started process (PID=8810) to work on //home/kali/Desktop/projects/git/bank_data_processing/dags/dag_raw_service_charges.py
[2024-07-16T05:18:51.496+0530] {processor.py:830} INFO - Processing file //home/kali/Desktop/projects/git/bank_data_processing/dags/dag_raw_service_charges.py for tasks to queue
[2024-07-16T05:18:51.498+0530] {logging_mixin.py:188} INFO - [2024-07-16T05:18:51.497+0530] {dagbag.py:545} INFO - Filling up the DagBag from //home/kali/Desktop/projects/git/bank_data_processing/dags/dag_raw_service_charges.py
[2024-07-16T05:18:52.132+0530] {logging_mixin.py:188} INFO - [2024-07-16T05:18:52.131+0530] {base.py:84} INFO - Using connection ID 'mysql_default' for task execution.
[2024-07-16T05:18:52.138+0530] {processor.py:840} INFO - DAG(s) 'raw_load_service_charges' retrieved from //home/kali/Desktop/projects/git/bank_data_processing/dags/dag_raw_service_charges.py
[2024-07-16T05:18:52.155+0530] {logging_mixin.py:188} INFO - [2024-07-16T05:18:52.155+0530] {dag.py:3096} INFO - Sync 1 DAGs
[2024-07-16T05:18:52.168+0530] {logging_mixin.py:188} INFO - [2024-07-16T05:18:52.168+0530] {dag.py:3954} INFO - Setting next_dagrun for raw_load_service_charges to None, run_after=None
[2024-07-16T05:18:52.196+0530] {processor.py:183} INFO - Processing //home/kali/Desktop/projects/git/bank_data_processing/dags/dag_raw_service_charges.py took 0.710 seconds
[2024-07-16T05:19:22.356+0530] {processor.py:161} INFO - Started process (PID=9321) to work on //home/kali/Desktop/projects/git/bank_data_processing/dags/dag_raw_service_charges.py
[2024-07-16T05:19:22.357+0530] {processor.py:830} INFO - Processing file //home/kali/Desktop/projects/git/bank_data_processing/dags/dag_raw_service_charges.py for tasks to queue
[2024-07-16T05:19:22.359+0530] {logging_mixin.py:188} INFO - [2024-07-16T05:19:22.359+0530] {dagbag.py:545} INFO - Filling up the DagBag from //home/kali/Desktop/projects/git/bank_data_processing/dags/dag_raw_service_charges.py
[2024-07-16T05:19:23.008+0530] {logging_mixin.py:188} INFO - [2024-07-16T05:19:23.007+0530] {base.py:84} INFO - Using connection ID 'mysql_default' for task execution.
[2024-07-16T05:19:23.013+0530] {processor.py:840} INFO - DAG(s) 'raw_load_service_charges' retrieved from //home/kali/Desktop/projects/git/bank_data_processing/dags/dag_raw_service_charges.py
[2024-07-16T05:19:23.017+0530] {logging_mixin.py:188} INFO - [2024-07-16T05:19:23.016+0530] {dag.py:3096} INFO - Sync 1 DAGs
[2024-07-16T05:19:23.026+0530] {logging_mixin.py:188} INFO - [2024-07-16T05:19:23.026+0530] {dag.py:3954} INFO - Setting next_dagrun for raw_load_service_charges to None, run_after=None
[2024-07-16T05:19:23.050+0530] {processor.py:183} INFO - Processing //home/kali/Desktop/projects/git/bank_data_processing/dags/dag_raw_service_charges.py took 0.704 seconds
[2024-07-16T05:19:51.484+0530] {processor.py:161} INFO - Started process (PID=10316) to work on //home/kali/Desktop/projects/git/bank_data_processing/dags/dag_raw_service_charges.py
[2024-07-16T05:19:51.485+0530] {processor.py:830} INFO - Processing file //home/kali/Desktop/projects/git/bank_data_processing/dags/dag_raw_service_charges.py for tasks to queue
[2024-07-16T05:19:51.487+0530] {logging_mixin.py:188} INFO - [2024-07-16T05:19:51.486+0530] {dagbag.py:545} INFO - Filling up the DagBag from //home/kali/Desktop/projects/git/bank_data_processing/dags/dag_raw_service_charges.py
[2024-07-16T05:19:52.191+0530] {logging_mixin.py:188} INFO - [2024-07-16T05:19:52.190+0530] {base.py:84} INFO - Using connection ID 'mysql_default' for task execution.
[2024-07-16T05:19:52.198+0530] {processor.py:840} INFO - DAG(s) 'raw_load_service_charges' retrieved from //home/kali/Desktop/projects/git/bank_data_processing/dags/dag_raw_service_charges.py
[2024-07-16T05:19:52.323+0530] {logging_mixin.py:188} INFO - [2024-07-16T05:19:52.322+0530] {dag.py:3096} INFO - Sync 1 DAGs
[2024-07-16T05:19:52.336+0530] {logging_mixin.py:188} INFO - [2024-07-16T05:19:52.336+0530] {dag.py:3954} INFO - Setting next_dagrun for raw_load_service_charges to None, run_after=None
[2024-07-16T05:19:52.370+0530] {processor.py:183} INFO - Processing //home/kali/Desktop/projects/git/bank_data_processing/dags/dag_raw_service_charges.py took 0.893 seconds
[2024-07-16T05:20:24.204+0530] {processor.py:161} INFO - Started process (PID=10910) to work on //home/kali/Desktop/projects/git/bank_data_processing/dags/dag_raw_service_charges.py
[2024-07-16T05:20:24.205+0530] {processor.py:830} INFO - Processing file //home/kali/Desktop/projects/git/bank_data_processing/dags/dag_raw_service_charges.py for tasks to queue
[2024-07-16T05:20:24.206+0530] {logging_mixin.py:188} INFO - [2024-07-16T05:20:24.206+0530] {dagbag.py:545} INFO - Filling up the DagBag from //home/kali/Desktop/projects/git/bank_data_processing/dags/dag_raw_service_charges.py
[2024-07-16T05:20:24.807+0530] {logging_mixin.py:188} INFO - [2024-07-16T05:20:24.806+0530] {base.py:84} INFO - Using connection ID 'mysql_default' for task execution.
[2024-07-16T05:20:24.821+0530] {processor.py:840} INFO - DAG(s) 'raw_load_service_charges' retrieved from //home/kali/Desktop/projects/git/bank_data_processing/dags/dag_raw_service_charges.py
[2024-07-16T05:20:24.926+0530] {logging_mixin.py:188} INFO - [2024-07-16T05:20:24.925+0530] {dag.py:3096} INFO - Sync 1 DAGs
[2024-07-16T05:20:24.937+0530] {logging_mixin.py:188} INFO - [2024-07-16T05:20:24.937+0530] {dag.py:3954} INFO - Setting next_dagrun for raw_load_service_charges to None, run_after=None
[2024-07-16T05:20:24.964+0530] {processor.py:183} INFO - Processing //home/kali/Desktop/projects/git/bank_data_processing/dags/dag_raw_service_charges.py took 0.769 seconds
[2024-07-16T05:20:58.424+0530] {processor.py:161} INFO - Started process (PID=12098) to work on //home/kali/Desktop/projects/git/bank_data_processing/dags/dag_raw_service_charges.py
[2024-07-16T05:20:58.427+0530] {processor.py:830} INFO - Processing file //home/kali/Desktop/projects/git/bank_data_processing/dags/dag_raw_service_charges.py for tasks to queue
[2024-07-16T05:20:58.430+0530] {logging_mixin.py:188} INFO - [2024-07-16T05:20:58.429+0530] {dagbag.py:545} INFO - Filling up the DagBag from //home/kali/Desktop/projects/git/bank_data_processing/dags/dag_raw_service_charges.py
[2024-07-16T05:20:59.054+0530] {logging_mixin.py:188} INFO - [2024-07-16T05:20:59.054+0530] {base.py:84} INFO - Using connection ID 'mysql_default' for task execution.
[2024-07-16T05:20:59.072+0530] {processor.py:840} INFO - DAG(s) 'raw_load_service_charges' retrieved from //home/kali/Desktop/projects/git/bank_data_processing/dags/dag_raw_service_charges.py
[2024-07-16T05:20:59.258+0530] {logging_mixin.py:188} INFO - [2024-07-16T05:20:59.258+0530] {dag.py:3096} INFO - Sync 1 DAGs
[2024-07-16T05:20:59.274+0530] {logging_mixin.py:188} INFO - [2024-07-16T05:20:59.274+0530] {dag.py:3954} INFO - Setting next_dagrun for raw_load_service_charges to None, run_after=None
[2024-07-16T05:20:59.305+0530] {processor.py:183} INFO - Processing //home/kali/Desktop/projects/git/bank_data_processing/dags/dag_raw_service_charges.py took 0.887 seconds
[2024-07-16T05:24:34.518+0530] {processor.py:161} INFO - Started process (PID=15815) to work on //home/kali/Desktop/projects/git/bank_data_processing/dags/dag_raw_service_charges.py
[2024-07-16T05:24:34.520+0530] {processor.py:830} INFO - Processing file //home/kali/Desktop/projects/git/bank_data_processing/dags/dag_raw_service_charges.py for tasks to queue
[2024-07-16T05:24:34.522+0530] {logging_mixin.py:188} INFO - [2024-07-16T05:24:34.522+0530] {dagbag.py:545} INFO - Filling up the DagBag from //home/kali/Desktop/projects/git/bank_data_processing/dags/dag_raw_service_charges.py
[2024-07-16T05:24:35.339+0530] {logging_mixin.py:188} INFO - [2024-07-16T05:24:35.338+0530] {base.py:84} INFO - Using connection ID 'mysql_default' for task execution.
[2024-07-16T05:24:35.350+0530] {processor.py:840} INFO - DAG(s) 'raw_load_service_charges' retrieved from //home/kali/Desktop/projects/git/bank_data_processing/dags/dag_raw_service_charges.py
[2024-07-16T05:24:35.354+0530] {logging_mixin.py:188} INFO - [2024-07-16T05:24:35.353+0530] {dag.py:3096} INFO - Sync 1 DAGs
[2024-07-16T05:24:35.370+0530] {logging_mixin.py:188} INFO - [2024-07-16T05:24:35.370+0530] {dag.py:3954} INFO - Setting next_dagrun for raw_load_service_charges to None, run_after=None
[2024-07-16T05:24:35.412+0530] {processor.py:183} INFO - Processing //home/kali/Desktop/projects/git/bank_data_processing/dags/dag_raw_service_charges.py took 0.902 seconds
[2024-07-16T05:25:08.078+0530] {processor.py:161} INFO - Started process (PID=16537) to work on //home/kali/Desktop/projects/git/bank_data_processing/dags/dag_raw_service_charges.py
[2024-07-16T05:25:08.079+0530] {processor.py:830} INFO - Processing file //home/kali/Desktop/projects/git/bank_data_processing/dags/dag_raw_service_charges.py for tasks to queue
[2024-07-16T05:25:08.082+0530] {logging_mixin.py:188} INFO - [2024-07-16T05:25:08.081+0530] {dagbag.py:545} INFO - Filling up the DagBag from //home/kali/Desktop/projects/git/bank_data_processing/dags/dag_raw_service_charges.py
[2024-07-16T05:25:08.658+0530] {logging_mixin.py:188} INFO - [2024-07-16T05:25:08.658+0530] {base.py:84} INFO - Using connection ID 'mysql_default' for task execution.
[2024-07-16T05:25:08.668+0530] {processor.py:840} INFO - DAG(s) 'raw_load_service_charges' retrieved from //home/kali/Desktop/projects/git/bank_data_processing/dags/dag_raw_service_charges.py
[2024-07-16T05:25:08.836+0530] {logging_mixin.py:188} INFO - [2024-07-16T05:25:08.835+0530] {dag.py:3096} INFO - Sync 1 DAGs
[2024-07-16T05:25:08.853+0530] {logging_mixin.py:188} INFO - [2024-07-16T05:25:08.852+0530] {dag.py:3954} INFO - Setting next_dagrun for raw_load_service_charges to None, run_after=None
[2024-07-16T05:25:08.897+0530] {processor.py:183} INFO - Processing //home/kali/Desktop/projects/git/bank_data_processing/dags/dag_raw_service_charges.py took 0.826 seconds
[2024-07-16T05:25:39.684+0530] {processor.py:161} INFO - Started process (PID=18001) to work on //home/kali/Desktop/projects/git/bank_data_processing/dags/dag_raw_service_charges.py
[2024-07-16T05:25:39.685+0530] {processor.py:830} INFO - Processing file //home/kali/Desktop/projects/git/bank_data_processing/dags/dag_raw_service_charges.py for tasks to queue
[2024-07-16T05:25:39.686+0530] {logging_mixin.py:188} INFO - [2024-07-16T05:25:39.686+0530] {dagbag.py:545} INFO - Filling up the DagBag from //home/kali/Desktop/projects/git/bank_data_processing/dags/dag_raw_service_charges.py
[2024-07-16T05:25:40.277+0530] {logging_mixin.py:188} INFO - [2024-07-16T05:25:40.275+0530] {base.py:84} INFO - Using connection ID 'mysql_default' for task execution.
[2024-07-16T05:25:40.284+0530] {processor.py:840} INFO - DAG(s) 'raw_load_service_charges' retrieved from //home/kali/Desktop/projects/git/bank_data_processing/dags/dag_raw_service_charges.py
[2024-07-16T05:25:40.399+0530] {logging_mixin.py:188} INFO - [2024-07-16T05:25:40.399+0530] {dag.py:3096} INFO - Sync 1 DAGs
[2024-07-16T05:25:40.411+0530] {logging_mixin.py:188} INFO - [2024-07-16T05:25:40.411+0530] {dag.py:3954} INFO - Setting next_dagrun for raw_load_service_charges to None, run_after=None
[2024-07-16T05:25:40.435+0530] {processor.py:183} INFO - Processing //home/kali/Desktop/projects/git/bank_data_processing/dags/dag_raw_service_charges.py took 0.757 seconds
[2024-07-16T05:26:10.660+0530] {processor.py:161} INFO - Started process (PID=18678) to work on //home/kali/Desktop/projects/git/bank_data_processing/dags/dag_raw_service_charges.py
[2024-07-16T05:26:10.663+0530] {processor.py:830} INFO - Processing file //home/kali/Desktop/projects/git/bank_data_processing/dags/dag_raw_service_charges.py for tasks to queue
[2024-07-16T05:26:10.666+0530] {logging_mixin.py:188} INFO - [2024-07-16T05:26:10.665+0530] {dagbag.py:545} INFO - Filling up the DagBag from //home/kali/Desktop/projects/git/bank_data_processing/dags/dag_raw_service_charges.py
[2024-07-16T05:26:11.577+0530] {logging_mixin.py:188} INFO - [2024-07-16T05:26:11.576+0530] {base.py:84} INFO - Using connection ID 'mysql_default' for task execution.
[2024-07-16T05:26:11.609+0530] {processor.py:840} INFO - DAG(s) 'raw_load_service_charges' retrieved from //home/kali/Desktop/projects/git/bank_data_processing/dags/dag_raw_service_charges.py
[2024-07-16T05:26:11.848+0530] {logging_mixin.py:188} INFO - [2024-07-16T05:26:11.847+0530] {dag.py:3096} INFO - Sync 1 DAGs
[2024-07-16T05:26:11.863+0530] {logging_mixin.py:188} INFO - [2024-07-16T05:26:11.863+0530] {dag.py:3954} INFO - Setting next_dagrun for raw_load_service_charges to None, run_after=None
[2024-07-16T05:26:11.909+0530] {processor.py:183} INFO - Processing //home/kali/Desktop/projects/git/bank_data_processing/dags/dag_raw_service_charges.py took 1.262 seconds
[2024-07-16T05:26:42.476+0530] {processor.py:161} INFO - Started process (PID=20040) to work on //home/kali/Desktop/projects/git/bank_data_processing/dags/dag_raw_service_charges.py
[2024-07-16T05:26:42.477+0530] {processor.py:830} INFO - Processing file //home/kali/Desktop/projects/git/bank_data_processing/dags/dag_raw_service_charges.py for tasks to queue
[2024-07-16T05:26:42.479+0530] {logging_mixin.py:188} INFO - [2024-07-16T05:26:42.478+0530] {dagbag.py:545} INFO - Filling up the DagBag from //home/kali/Desktop/projects/git/bank_data_processing/dags/dag_raw_service_charges.py
[2024-07-16T05:26:42.930+0530] {logging_mixin.py:188} INFO - [2024-07-16T05:26:42.930+0530] {base.py:84} INFO - Using connection ID 'mysql_default' for task execution.
[2024-07-16T05:26:42.937+0530] {processor.py:840} INFO - DAG(s) 'raw_load_service_charges' retrieved from //home/kali/Desktop/projects/git/bank_data_processing/dags/dag_raw_service_charges.py
[2024-07-16T05:26:43.017+0530] {logging_mixin.py:188} INFO - [2024-07-16T05:26:43.017+0530] {dag.py:3096} INFO - Sync 1 DAGs
[2024-07-16T05:26:43.024+0530] {logging_mixin.py:188} INFO - [2024-07-16T05:26:43.024+0530] {dag.py:3954} INFO - Setting next_dagrun for raw_load_service_charges to None, run_after=None
[2024-07-16T05:26:43.045+0530] {processor.py:183} INFO - Processing //home/kali/Desktop/projects/git/bank_data_processing/dags/dag_raw_service_charges.py took 0.575 seconds
[2024-07-16T05:27:13.288+0530] {processor.py:161} INFO - Started process (PID=21208) to work on //home/kali/Desktop/projects/git/bank_data_processing/dags/dag_raw_service_charges.py
[2024-07-16T05:27:13.289+0530] {processor.py:830} INFO - Processing file //home/kali/Desktop/projects/git/bank_data_processing/dags/dag_raw_service_charges.py for tasks to queue
[2024-07-16T05:27:13.291+0530] {logging_mixin.py:188} INFO - [2024-07-16T05:27:13.291+0530] {dagbag.py:545} INFO - Filling up the DagBag from //home/kali/Desktop/projects/git/bank_data_processing/dags/dag_raw_service_charges.py
[2024-07-16T05:27:13.773+0530] {logging_mixin.py:188} INFO - [2024-07-16T05:27:13.773+0530] {base.py:84} INFO - Using connection ID 'mysql_default' for task execution.
[2024-07-16T05:27:13.780+0530] {processor.py:840} INFO - DAG(s) 'raw_load_service_charges' retrieved from //home/kali/Desktop/projects/git/bank_data_processing/dags/dag_raw_service_charges.py
[2024-07-16T05:27:13.863+0530] {logging_mixin.py:188} INFO - [2024-07-16T05:27:13.862+0530] {dag.py:3096} INFO - Sync 1 DAGs
[2024-07-16T05:27:13.870+0530] {logging_mixin.py:188} INFO - [2024-07-16T05:27:13.870+0530] {dag.py:3954} INFO - Setting next_dagrun for raw_load_service_charges to None, run_after=None
[2024-07-16T05:27:13.897+0530] {processor.py:183} INFO - Processing //home/kali/Desktop/projects/git/bank_data_processing/dags/dag_raw_service_charges.py took 0.615 seconds
[2024-07-16T05:27:44.257+0530] {processor.py:161} INFO - Started process (PID=21845) to work on //home/kali/Desktop/projects/git/bank_data_processing/dags/dag_raw_service_charges.py
[2024-07-16T05:27:44.258+0530] {processor.py:830} INFO - Processing file //home/kali/Desktop/projects/git/bank_data_processing/dags/dag_raw_service_charges.py for tasks to queue
[2024-07-16T05:27:44.260+0530] {logging_mixin.py:188} INFO - [2024-07-16T05:27:44.259+0530] {dagbag.py:545} INFO - Filling up the DagBag from //home/kali/Desktop/projects/git/bank_data_processing/dags/dag_raw_service_charges.py
[2024-07-16T05:27:44.721+0530] {logging_mixin.py:188} INFO - [2024-07-16T05:27:44.721+0530] {base.py:84} INFO - Using connection ID 'mysql_default' for task execution.
[2024-07-16T05:27:44.726+0530] {processor.py:840} INFO - DAG(s) 'raw_load_service_charges' retrieved from //home/kali/Desktop/projects/git/bank_data_processing/dags/dag_raw_service_charges.py
[2024-07-16T05:27:44.810+0530] {logging_mixin.py:188} INFO - [2024-07-16T05:27:44.810+0530] {dag.py:3096} INFO - Sync 1 DAGs
[2024-07-16T05:27:44.817+0530] {logging_mixin.py:188} INFO - [2024-07-16T05:27:44.817+0530] {dag.py:3954} INFO - Setting next_dagrun for raw_load_service_charges to None, run_after=None
[2024-07-16T05:27:44.842+0530] {processor.py:183} INFO - Processing //home/kali/Desktop/projects/git/bank_data_processing/dags/dag_raw_service_charges.py took 0.591 seconds
[2024-07-16T05:28:15.867+0530] {processor.py:161} INFO - Started process (PID=22386) to work on //home/kali/Desktop/projects/git/bank_data_processing/dags/dag_raw_service_charges.py
[2024-07-16T05:28:15.868+0530] {processor.py:830} INFO - Processing file //home/kali/Desktop/projects/git/bank_data_processing/dags/dag_raw_service_charges.py for tasks to queue
[2024-07-16T05:28:15.869+0530] {logging_mixin.py:188} INFO - [2024-07-16T05:28:15.869+0530] {dagbag.py:545} INFO - Filling up the DagBag from //home/kali/Desktop/projects/git/bank_data_processing/dags/dag_raw_service_charges.py
[2024-07-16T05:28:16.476+0530] {logging_mixin.py:188} INFO - [2024-07-16T05:28:16.475+0530] {base.py:84} INFO - Using connection ID 'mysql_default' for task execution.
[2024-07-16T05:28:16.482+0530] {processor.py:840} INFO - DAG(s) 'raw_load_service_charges' retrieved from //home/kali/Desktop/projects/git/bank_data_processing/dags/dag_raw_service_charges.py
[2024-07-16T05:28:16.608+0530] {logging_mixin.py:188} INFO - [2024-07-16T05:28:16.607+0530] {dag.py:3096} INFO - Sync 1 DAGs
[2024-07-16T05:28:16.618+0530] {logging_mixin.py:188} INFO - [2024-07-16T05:28:16.618+0530] {dag.py:3954} INFO - Setting next_dagrun for raw_load_service_charges to None, run_after=None
[2024-07-16T05:28:16.647+0530] {processor.py:183} INFO - Processing //home/kali/Desktop/projects/git/bank_data_processing/dags/dag_raw_service_charges.py took 0.787 seconds
[2024-07-16T05:28:47.300+0530] {processor.py:161} INFO - Started process (PID=22885) to work on //home/kali/Desktop/projects/git/bank_data_processing/dags/dag_raw_service_charges.py
[2024-07-16T05:28:47.301+0530] {processor.py:830} INFO - Processing file //home/kali/Desktop/projects/git/bank_data_processing/dags/dag_raw_service_charges.py for tasks to queue
[2024-07-16T05:28:47.303+0530] {logging_mixin.py:188} INFO - [2024-07-16T05:28:47.302+0530] {dagbag.py:545} INFO - Filling up the DagBag from //home/kali/Desktop/projects/git/bank_data_processing/dags/dag_raw_service_charges.py
[2024-07-16T05:28:48.142+0530] {logging_mixin.py:188} INFO - [2024-07-16T05:28:48.141+0530] {base.py:84} INFO - Using connection ID 'mysql_default' for task execution.
[2024-07-16T05:28:48.152+0530] {processor.py:840} INFO - DAG(s) 'raw_load_service_charges' retrieved from //home/kali/Desktop/projects/git/bank_data_processing/dags/dag_raw_service_charges.py
[2024-07-16T05:28:48.279+0530] {logging_mixin.py:188} INFO - [2024-07-16T05:28:48.278+0530] {dag.py:3096} INFO - Sync 1 DAGs
[2024-07-16T05:28:48.294+0530] {logging_mixin.py:188} INFO - [2024-07-16T05:28:48.294+0530] {dag.py:3954} INFO - Setting next_dagrun for raw_load_service_charges to None, run_after=None
[2024-07-16T05:28:48.342+0530] {processor.py:183} INFO - Processing //home/kali/Desktop/projects/git/bank_data_processing/dags/dag_raw_service_charges.py took 1.051 seconds
[2024-07-16T05:29:18.898+0530] {processor.py:161} INFO - Started process (PID=23508) to work on //home/kali/Desktop/projects/git/bank_data_processing/dags/dag_raw_service_charges.py
[2024-07-16T05:29:18.900+0530] {processor.py:830} INFO - Processing file //home/kali/Desktop/projects/git/bank_data_processing/dags/dag_raw_service_charges.py for tasks to queue
[2024-07-16T05:29:18.902+0530] {logging_mixin.py:188} INFO - [2024-07-16T05:29:18.902+0530] {dagbag.py:545} INFO - Filling up the DagBag from //home/kali/Desktop/projects/git/bank_data_processing/dags/dag_raw_service_charges.py
[2024-07-16T05:29:19.777+0530] {logging_mixin.py:188} INFO - [2024-07-16T05:29:19.776+0530] {base.py:84} INFO - Using connection ID 'mysql_default' for task execution.
[2024-07-16T05:29:19.793+0530] {processor.py:840} INFO - DAG(s) 'raw_load_service_charges' retrieved from //home/kali/Desktop/projects/git/bank_data_processing/dags/dag_raw_service_charges.py
[2024-07-16T05:29:19.902+0530] {logging_mixin.py:188} INFO - [2024-07-16T05:29:19.902+0530] {dag.py:3096} INFO - Sync 1 DAGs
[2024-07-16T05:29:19.916+0530] {logging_mixin.py:188} INFO - [2024-07-16T05:29:19.916+0530] {dag.py:3954} INFO - Setting next_dagrun for raw_load_service_charges to None, run_after=None
[2024-07-16T05:29:19.947+0530] {processor.py:183} INFO - Processing //home/kali/Desktop/projects/git/bank_data_processing/dags/dag_raw_service_charges.py took 1.060 seconds
[2024-07-16T05:29:50.053+0530] {processor.py:161} INFO - Started process (PID=24135) to work on //home/kali/Desktop/projects/git/bank_data_processing/dags/dag_raw_service_charges.py
[2024-07-16T05:29:50.055+0530] {processor.py:830} INFO - Processing file //home/kali/Desktop/projects/git/bank_data_processing/dags/dag_raw_service_charges.py for tasks to queue
[2024-07-16T05:29:50.057+0530] {logging_mixin.py:188} INFO - [2024-07-16T05:29:50.057+0530] {dagbag.py:545} INFO - Filling up the DagBag from //home/kali/Desktop/projects/git/bank_data_processing/dags/dag_raw_service_charges.py
[2024-07-16T05:29:50.652+0530] {logging_mixin.py:188} INFO - [2024-07-16T05:29:50.652+0530] {base.py:84} INFO - Using connection ID 'mysql_default' for task execution.
[2024-07-16T05:29:50.659+0530] {processor.py:840} INFO - DAG(s) 'raw_load_service_charges' retrieved from //home/kali/Desktop/projects/git/bank_data_processing/dags/dag_raw_service_charges.py
[2024-07-16T05:29:50.775+0530] {logging_mixin.py:188} INFO - [2024-07-16T05:29:50.775+0530] {dag.py:3096} INFO - Sync 1 DAGs
[2024-07-16T05:29:50.786+0530] {logging_mixin.py:188} INFO - [2024-07-16T05:29:50.786+0530] {dag.py:3954} INFO - Setting next_dagrun for raw_load_service_charges to None, run_after=None
[2024-07-16T05:29:50.807+0530] {processor.py:183} INFO - Processing //home/kali/Desktop/projects/git/bank_data_processing/dags/dag_raw_service_charges.py took 0.761 seconds
