[2024-07-16T05:16:08.095+0530] {processor.py:161} INFO - Started process (PID=6113) to work on //home/kali/Desktop/projects/git/bank_data_processing/dags/dag_raw_fixed_deposits.py
[2024-07-16T05:16:08.095+0530] {processor.py:830} INFO - Processing file //home/kali/Desktop/projects/git/bank_data_processing/dags/dag_raw_fixed_deposits.py for tasks to queue
[2024-07-16T05:16:08.097+0530] {logging_mixin.py:188} INFO - [2024-07-16T05:16:08.097+0530] {dagbag.py:545} INFO - Filling up the DagBag from //home/kali/Desktop/projects/git/bank_data_processing/dags/dag_raw_fixed_deposits.py
[2024-07-16T05:16:08.634+0530] {logging_mixin.py:188} INFO - [2024-07-16T05:16:08.633+0530] {base.py:84} INFO - Using connection ID 'mysql_default' for task execution.
[2024-07-16T05:16:08.639+0530] {processor.py:840} INFO - DAG(s) 'raw_load_fixed_deposits' retrieved from //home/kali/Desktop/projects/git/bank_data_processing/dags/dag_raw_fixed_deposits.py
[2024-07-16T05:16:08.642+0530] {logging_mixin.py:188} INFO - [2024-07-16T05:16:08.642+0530] {dag.py:3096} INFO - Sync 1 DAGs
[2024-07-16T05:16:08.651+0530] {logging_mixin.py:188} INFO - [2024-07-16T05:16:08.651+0530] {dag.py:3954} INFO - Setting next_dagrun for raw_load_fixed_deposits to None, run_after=None
[2024-07-16T05:16:08.675+0530] {processor.py:183} INFO - Processing //home/kali/Desktop/projects/git/bank_data_processing/dags/dag_raw_fixed_deposits.py took 0.586 seconds
[2024-07-16T05:16:38.778+0530] {processor.py:161} INFO - Started process (PID=6647) to work on //home/kali/Desktop/projects/git/bank_data_processing/dags/dag_raw_fixed_deposits.py
[2024-07-16T05:16:38.779+0530] {processor.py:830} INFO - Processing file //home/kali/Desktop/projects/git/bank_data_processing/dags/dag_raw_fixed_deposits.py for tasks to queue
[2024-07-16T05:16:38.781+0530] {logging_mixin.py:188} INFO - [2024-07-16T05:16:38.781+0530] {dagbag.py:545} INFO - Filling up the DagBag from //home/kali/Desktop/projects/git/bank_data_processing/dags/dag_raw_fixed_deposits.py
[2024-07-16T05:16:39.342+0530] {logging_mixin.py:188} INFO - [2024-07-16T05:16:39.341+0530] {base.py:84} INFO - Using connection ID 'mysql_default' for task execution.
[2024-07-16T05:16:39.351+0530] {processor.py:840} INFO - DAG(s) 'raw_load_fixed_deposits' retrieved from //home/kali/Desktop/projects/git/bank_data_processing/dags/dag_raw_fixed_deposits.py
[2024-07-16T05:16:39.451+0530] {logging_mixin.py:188} INFO - [2024-07-16T05:16:39.451+0530] {dag.py:3096} INFO - Sync 1 DAGs
[2024-07-16T05:16:39.459+0530] {logging_mixin.py:188} INFO - [2024-07-16T05:16:39.458+0530] {dag.py:3954} INFO - Setting next_dagrun for raw_load_fixed_deposits to None, run_after=None
[2024-07-16T05:16:39.492+0530] {processor.py:183} INFO - Processing //home/kali/Desktop/projects/git/bank_data_processing/dags/dag_raw_fixed_deposits.py took 0.720 seconds
[2024-07-16T05:17:10.244+0530] {processor.py:161} INFO - Started process (PID=7129) to work on //home/kali/Desktop/projects/git/bank_data_processing/dags/dag_raw_fixed_deposits.py
[2024-07-16T05:17:10.245+0530] {processor.py:830} INFO - Processing file //home/kali/Desktop/projects/git/bank_data_processing/dags/dag_raw_fixed_deposits.py for tasks to queue
[2024-07-16T05:17:10.247+0530] {logging_mixin.py:188} INFO - [2024-07-16T05:17:10.246+0530] {dagbag.py:545} INFO - Filling up the DagBag from //home/kali/Desktop/projects/git/bank_data_processing/dags/dag_raw_fixed_deposits.py
[2024-07-16T05:17:10.709+0530] {logging_mixin.py:188} INFO - [2024-07-16T05:17:10.709+0530] {base.py:84} INFO - Using connection ID 'mysql_default' for task execution.
[2024-07-16T05:17:10.715+0530] {processor.py:840} INFO - DAG(s) 'raw_load_fixed_deposits' retrieved from //home/kali/Desktop/projects/git/bank_data_processing/dags/dag_raw_fixed_deposits.py
[2024-07-16T05:17:10.798+0530] {logging_mixin.py:188} INFO - [2024-07-16T05:17:10.797+0530] {dag.py:3096} INFO - Sync 1 DAGs
[2024-07-16T05:17:10.805+0530] {logging_mixin.py:188} INFO - [2024-07-16T05:17:10.805+0530] {dag.py:3954} INFO - Setting next_dagrun for raw_load_fixed_deposits to None, run_after=None
[2024-07-16T05:17:10.834+0530] {processor.py:183} INFO - Processing //home/kali/Desktop/projects/git/bank_data_processing/dags/dag_raw_fixed_deposits.py took 0.595 seconds
[2024-07-16T05:17:41.936+0530] {processor.py:161} INFO - Started process (PID=7636) to work on //home/kali/Desktop/projects/git/bank_data_processing/dags/dag_raw_fixed_deposits.py
[2024-07-16T05:17:41.937+0530] {processor.py:830} INFO - Processing file //home/kali/Desktop/projects/git/bank_data_processing/dags/dag_raw_fixed_deposits.py for tasks to queue
[2024-07-16T05:17:41.942+0530] {logging_mixin.py:188} INFO - [2024-07-16T05:17:41.941+0530] {dagbag.py:545} INFO - Filling up the DagBag from //home/kali/Desktop/projects/git/bank_data_processing/dags/dag_raw_fixed_deposits.py
[2024-07-16T05:17:42.717+0530] {logging_mixin.py:188} INFO - [2024-07-16T05:17:42.715+0530] {base.py:84} INFO - Using connection ID 'mysql_default' for task execution.
[2024-07-16T05:17:42.730+0530] {processor.py:840} INFO - DAG(s) 'raw_load_fixed_deposits' retrieved from //home/kali/Desktop/projects/git/bank_data_processing/dags/dag_raw_fixed_deposits.py
[2024-07-16T05:17:42.886+0530] {logging_mixin.py:188} INFO - [2024-07-16T05:17:42.886+0530] {dag.py:3096} INFO - Sync 1 DAGs
[2024-07-16T05:17:42.902+0530] {logging_mixin.py:188} INFO - [2024-07-16T05:17:42.902+0530] {dag.py:3954} INFO - Setting next_dagrun for raw_load_fixed_deposits to None, run_after=None
[2024-07-16T05:17:42.936+0530] {processor.py:183} INFO - Processing //home/kali/Desktop/projects/git/bank_data_processing/dags/dag_raw_fixed_deposits.py took 1.006 seconds
[2024-07-16T05:18:13.602+0530] {processor.py:161} INFO - Started process (PID=8137) to work on //home/kali/Desktop/projects/git/bank_data_processing/dags/dag_raw_fixed_deposits.py
[2024-07-16T05:18:13.604+0530] {processor.py:830} INFO - Processing file //home/kali/Desktop/projects/git/bank_data_processing/dags/dag_raw_fixed_deposits.py for tasks to queue
[2024-07-16T05:18:13.606+0530] {logging_mixin.py:188} INFO - [2024-07-16T05:18:13.605+0530] {dagbag.py:545} INFO - Filling up the DagBag from //home/kali/Desktop/projects/git/bank_data_processing/dags/dag_raw_fixed_deposits.py
[2024-07-16T05:18:14.145+0530] {logging_mixin.py:188} INFO - [2024-07-16T05:18:14.145+0530] {base.py:84} INFO - Using connection ID 'mysql_default' for task execution.
[2024-07-16T05:18:14.153+0530] {processor.py:840} INFO - DAG(s) 'raw_load_fixed_deposits' retrieved from //home/kali/Desktop/projects/git/bank_data_processing/dags/dag_raw_fixed_deposits.py
[2024-07-16T05:18:14.239+0530] {logging_mixin.py:188} INFO - [2024-07-16T05:18:14.239+0530] {dag.py:3096} INFO - Sync 1 DAGs
[2024-07-16T05:18:14.248+0530] {logging_mixin.py:188} INFO - [2024-07-16T05:18:14.248+0530] {dag.py:3954} INFO - Setting next_dagrun for raw_load_fixed_deposits to None, run_after=None
[2024-07-16T05:18:14.271+0530] {processor.py:183} INFO - Processing //home/kali/Desktop/projects/git/bank_data_processing/dags/dag_raw_fixed_deposits.py took 0.675 seconds
[2024-07-16T05:18:44.974+0530] {processor.py:161} INFO - Started process (PID=8638) to work on //home/kali/Desktop/projects/git/bank_data_processing/dags/dag_raw_fixed_deposits.py
[2024-07-16T05:18:44.975+0530] {processor.py:830} INFO - Processing file //home/kali/Desktop/projects/git/bank_data_processing/dags/dag_raw_fixed_deposits.py for tasks to queue
[2024-07-16T05:18:44.978+0530] {logging_mixin.py:188} INFO - [2024-07-16T05:18:44.977+0530] {dagbag.py:545} INFO - Filling up the DagBag from //home/kali/Desktop/projects/git/bank_data_processing/dags/dag_raw_fixed_deposits.py
[2024-07-16T05:18:45.651+0530] {logging_mixin.py:188} INFO - [2024-07-16T05:18:45.650+0530] {base.py:84} INFO - Using connection ID 'mysql_default' for task execution.
[2024-07-16T05:18:45.660+0530] {processor.py:840} INFO - DAG(s) 'raw_load_fixed_deposits' retrieved from //home/kali/Desktop/projects/git/bank_data_processing/dags/dag_raw_fixed_deposits.py
[2024-07-16T05:18:45.784+0530] {logging_mixin.py:188} INFO - [2024-07-16T05:18:45.784+0530] {dag.py:3096} INFO - Sync 1 DAGs
[2024-07-16T05:18:45.797+0530] {logging_mixin.py:188} INFO - [2024-07-16T05:18:45.796+0530] {dag.py:3954} INFO - Setting next_dagrun for raw_load_fixed_deposits to None, run_after=None
[2024-07-16T05:18:45.831+0530] {processor.py:183} INFO - Processing //home/kali/Desktop/projects/git/bank_data_processing/dags/dag_raw_fixed_deposits.py took 0.864 seconds
[2024-07-16T05:19:16.283+0530] {processor.py:161} INFO - Started process (PID=9098) to work on //home/kali/Desktop/projects/git/bank_data_processing/dags/dag_raw_fixed_deposits.py
[2024-07-16T05:19:16.286+0530] {processor.py:830} INFO - Processing file //home/kali/Desktop/projects/git/bank_data_processing/dags/dag_raw_fixed_deposits.py for tasks to queue
[2024-07-16T05:19:16.291+0530] {logging_mixin.py:188} INFO - [2024-07-16T05:19:16.290+0530] {dagbag.py:545} INFO - Filling up the DagBag from //home/kali/Desktop/projects/git/bank_data_processing/dags/dag_raw_fixed_deposits.py
[2024-07-16T05:19:16.995+0530] {logging_mixin.py:188} INFO - [2024-07-16T05:19:16.995+0530] {base.py:84} INFO - Using connection ID 'mysql_default' for task execution.
[2024-07-16T05:19:17.006+0530] {processor.py:840} INFO - DAG(s) 'raw_load_fixed_deposits' retrieved from //home/kali/Desktop/projects/git/bank_data_processing/dags/dag_raw_fixed_deposits.py
[2024-07-16T05:19:17.262+0530] {logging_mixin.py:188} INFO - [2024-07-16T05:19:17.261+0530] {dag.py:3096} INFO - Sync 1 DAGs
[2024-07-16T05:19:17.302+0530] {logging_mixin.py:188} INFO - [2024-07-16T05:19:17.302+0530] {dag.py:3954} INFO - Setting next_dagrun for raw_load_fixed_deposits to None, run_after=None
[2024-07-16T05:19:17.369+0530] {processor.py:183} INFO - Processing //home/kali/Desktop/projects/git/bank_data_processing/dags/dag_raw_fixed_deposits.py took 1.102 seconds
[2024-07-16T05:19:46.672+0530] {processor.py:161} INFO - Started process (PID=9926) to work on //home/kali/Desktop/projects/git/bank_data_processing/dags/dag_raw_fixed_deposits.py
[2024-07-16T05:19:46.673+0530] {processor.py:830} INFO - Processing file //home/kali/Desktop/projects/git/bank_data_processing/dags/dag_raw_fixed_deposits.py for tasks to queue
[2024-07-16T05:19:46.674+0530] {logging_mixin.py:188} INFO - [2024-07-16T05:19:46.674+0530] {dagbag.py:545} INFO - Filling up the DagBag from //home/kali/Desktop/projects/git/bank_data_processing/dags/dag_raw_fixed_deposits.py
[2024-07-16T05:19:47.294+0530] {logging_mixin.py:188} INFO - [2024-07-16T05:19:47.294+0530] {base.py:84} INFO - Using connection ID 'mysql_default' for task execution.
[2024-07-16T05:19:47.300+0530] {processor.py:840} INFO - DAG(s) 'raw_load_fixed_deposits' retrieved from //home/kali/Desktop/projects/git/bank_data_processing/dags/dag_raw_fixed_deposits.py
[2024-07-16T05:19:47.395+0530] {logging_mixin.py:188} INFO - [2024-07-16T05:19:47.395+0530] {dag.py:3096} INFO - Sync 1 DAGs
[2024-07-16T05:19:47.417+0530] {logging_mixin.py:188} INFO - [2024-07-16T05:19:47.417+0530] {dag.py:3954} INFO - Setting next_dagrun for raw_load_fixed_deposits to None, run_after=None
[2024-07-16T05:19:47.464+0530] {processor.py:183} INFO - Processing //home/kali/Desktop/projects/git/bank_data_processing/dags/dag_raw_fixed_deposits.py took 0.797 seconds
[2024-07-16T05:20:18.040+0530] {processor.py:161} INFO - Started process (PID=10691) to work on //home/kali/Desktop/projects/git/bank_data_processing/dags/dag_raw_fixed_deposits.py
[2024-07-16T05:20:18.043+0530] {processor.py:830} INFO - Processing file //home/kali/Desktop/projects/git/bank_data_processing/dags/dag_raw_fixed_deposits.py for tasks to queue
[2024-07-16T05:20:18.045+0530] {logging_mixin.py:188} INFO - [2024-07-16T05:20:18.045+0530] {dagbag.py:545} INFO - Filling up the DagBag from //home/kali/Desktop/projects/git/bank_data_processing/dags/dag_raw_fixed_deposits.py
[2024-07-16T05:20:18.681+0530] {logging_mixin.py:188} INFO - [2024-07-16T05:20:18.680+0530] {base.py:84} INFO - Using connection ID 'mysql_default' for task execution.
[2024-07-16T05:20:18.692+0530] {processor.py:840} INFO - DAG(s) 'raw_load_fixed_deposits' retrieved from //home/kali/Desktop/projects/git/bank_data_processing/dags/dag_raw_fixed_deposits.py
[2024-07-16T05:20:18.824+0530] {logging_mixin.py:188} INFO - [2024-07-16T05:20:18.823+0530] {dag.py:3096} INFO - Sync 1 DAGs
[2024-07-16T05:20:18.836+0530] {logging_mixin.py:188} INFO - [2024-07-16T05:20:18.836+0530] {dag.py:3954} INFO - Setting next_dagrun for raw_load_fixed_deposits to None, run_after=None
[2024-07-16T05:20:18.865+0530] {processor.py:183} INFO - Processing //home/kali/Desktop/projects/git/bank_data_processing/dags/dag_raw_fixed_deposits.py took 0.835 seconds
[2024-07-16T05:20:49.178+0530] {processor.py:161} INFO - Started process (PID=11543) to work on //home/kali/Desktop/projects/git/bank_data_processing/dags/dag_raw_fixed_deposits.py
[2024-07-16T05:20:49.180+0530] {processor.py:830} INFO - Processing file //home/kali/Desktop/projects/git/bank_data_processing/dags/dag_raw_fixed_deposits.py for tasks to queue
[2024-07-16T05:20:49.184+0530] {logging_mixin.py:188} INFO - [2024-07-16T05:20:49.184+0530] {dagbag.py:545} INFO - Filling up the DagBag from //home/kali/Desktop/projects/git/bank_data_processing/dags/dag_raw_fixed_deposits.py
[2024-07-16T05:20:49.972+0530] {logging_mixin.py:188} INFO - [2024-07-16T05:20:49.972+0530] {base.py:84} INFO - Using connection ID 'mysql_default' for task execution.
[2024-07-16T05:20:49.990+0530] {processor.py:840} INFO - DAG(s) 'raw_load_fixed_deposits' retrieved from //home/kali/Desktop/projects/git/bank_data_processing/dags/dag_raw_fixed_deposits.py
[2024-07-16T05:20:50.285+0530] {logging_mixin.py:188} INFO - [2024-07-16T05:20:50.284+0530] {dag.py:3096} INFO - Sync 1 DAGs
[2024-07-16T05:20:50.301+0530] {logging_mixin.py:188} INFO - [2024-07-16T05:20:50.300+0530] {dag.py:3954} INFO - Setting next_dagrun for raw_load_fixed_deposits to None, run_after=None
[2024-07-16T05:20:50.337+0530] {processor.py:183} INFO - Processing //home/kali/Desktop/projects/git/bank_data_processing/dags/dag_raw_fixed_deposits.py took 1.167 seconds
[2024-07-16T05:21:20.774+0530] {processor.py:161} INFO - Started process (PID=12618) to work on //home/kali/Desktop/projects/git/bank_data_processing/dags/dag_raw_fixed_deposits.py
[2024-07-16T05:21:20.774+0530] {processor.py:830} INFO - Processing file //home/kali/Desktop/projects/git/bank_data_processing/dags/dag_raw_fixed_deposits.py for tasks to queue
[2024-07-16T05:21:20.776+0530] {logging_mixin.py:188} INFO - [2024-07-16T05:21:20.776+0530] {dagbag.py:545} INFO - Filling up the DagBag from //home/kali/Desktop/projects/git/bank_data_processing/dags/dag_raw_fixed_deposits.py
[2024-07-16T05:21:21.331+0530] {logging_mixin.py:188} INFO - [2024-07-16T05:21:21.330+0530] {base.py:84} INFO - Using connection ID 'mysql_default' for task execution.
[2024-07-16T05:21:21.339+0530] {processor.py:840} INFO - DAG(s) 'raw_load_fixed_deposits' retrieved from //home/kali/Desktop/projects/git/bank_data_processing/dags/dag_raw_fixed_deposits.py
[2024-07-16T05:21:21.475+0530] {logging_mixin.py:188} INFO - [2024-07-16T05:21:21.474+0530] {dag.py:3096} INFO - Sync 1 DAGs
[2024-07-16T05:21:21.484+0530] {logging_mixin.py:188} INFO - [2024-07-16T05:21:21.483+0530] {dag.py:3954} INFO - Setting next_dagrun for raw_load_fixed_deposits to None, run_after=None
[2024-07-16T05:21:21.506+0530] {processor.py:183} INFO - Processing //home/kali/Desktop/projects/git/bank_data_processing/dags/dag_raw_fixed_deposits.py took 0.739 seconds
[2024-07-16T05:24:29.682+0530] {processor.py:161} INFO - Started process (PID=15431) to work on //home/kali/Desktop/projects/git/bank_data_processing/dags/dag_raw_fixed_deposits.py
[2024-07-16T05:24:29.685+0530] {processor.py:830} INFO - Processing file //home/kali/Desktop/projects/git/bank_data_processing/dags/dag_raw_fixed_deposits.py for tasks to queue
[2024-07-16T05:24:29.687+0530] {logging_mixin.py:188} INFO - [2024-07-16T05:24:29.686+0530] {dagbag.py:545} INFO - Filling up the DagBag from //home/kali/Desktop/projects/git/bank_data_processing/dags/dag_raw_fixed_deposits.py
[2024-07-16T05:24:30.465+0530] {logging_mixin.py:188} INFO - [2024-07-16T05:24:30.465+0530] {base.py:84} INFO - Using connection ID 'mysql_default' for task execution.
[2024-07-16T05:24:30.473+0530] {processor.py:840} INFO - DAG(s) 'raw_load_fixed_deposits' retrieved from //home/kali/Desktop/projects/git/bank_data_processing/dags/dag_raw_fixed_deposits.py
[2024-07-16T05:24:30.476+0530] {logging_mixin.py:188} INFO - [2024-07-16T05:24:30.476+0530] {dag.py:3096} INFO - Sync 1 DAGs
[2024-07-16T05:24:30.487+0530] {logging_mixin.py:188} INFO - [2024-07-16T05:24:30.487+0530] {dag.py:3954} INFO - Setting next_dagrun for raw_load_fixed_deposits to None, run_after=None
[2024-07-16T05:24:30.516+0530] {processor.py:183} INFO - Processing //home/kali/Desktop/projects/git/bank_data_processing/dags/dag_raw_fixed_deposits.py took 0.844 seconds
[2024-07-16T05:25:00.872+0530] {processor.py:161} INFO - Started process (PID=16310) to work on //home/kali/Desktop/projects/git/bank_data_processing/dags/dag_raw_fixed_deposits.py
[2024-07-16T05:25:00.873+0530] {processor.py:830} INFO - Processing file //home/kali/Desktop/projects/git/bank_data_processing/dags/dag_raw_fixed_deposits.py for tasks to queue
[2024-07-16T05:25:00.875+0530] {logging_mixin.py:188} INFO - [2024-07-16T05:25:00.874+0530] {dagbag.py:545} INFO - Filling up the DagBag from //home/kali/Desktop/projects/git/bank_data_processing/dags/dag_raw_fixed_deposits.py
[2024-07-16T05:25:01.639+0530] {logging_mixin.py:188} INFO - [2024-07-16T05:25:01.638+0530] {base.py:84} INFO - Using connection ID 'mysql_default' for task execution.
[2024-07-16T05:25:01.648+0530] {processor.py:840} INFO - DAG(s) 'raw_load_fixed_deposits' retrieved from //home/kali/Desktop/projects/git/bank_data_processing/dags/dag_raw_fixed_deposits.py
[2024-07-16T05:25:01.788+0530] {logging_mixin.py:188} INFO - [2024-07-16T05:25:01.787+0530] {dag.py:3096} INFO - Sync 1 DAGs
[2024-07-16T05:25:01.803+0530] {logging_mixin.py:188} INFO - [2024-07-16T05:25:01.802+0530] {dag.py:3954} INFO - Setting next_dagrun for raw_load_fixed_deposits to None, run_after=None
[2024-07-16T05:25:01.843+0530] {processor.py:183} INFO - Processing //home/kali/Desktop/projects/git/bank_data_processing/dags/dag_raw_fixed_deposits.py took 0.982 seconds
[2024-07-16T05:25:32.509+0530] {processor.py:161} INFO - Started process (PID=17553) to work on //home/kali/Desktop/projects/git/bank_data_processing/dags/dag_raw_fixed_deposits.py
[2024-07-16T05:25:32.513+0530] {processor.py:830} INFO - Processing file //home/kali/Desktop/projects/git/bank_data_processing/dags/dag_raw_fixed_deposits.py for tasks to queue
[2024-07-16T05:25:32.517+0530] {logging_mixin.py:188} INFO - [2024-07-16T05:25:32.516+0530] {dagbag.py:545} INFO - Filling up the DagBag from //home/kali/Desktop/projects/git/bank_data_processing/dags/dag_raw_fixed_deposits.py
[2024-07-16T05:25:33.437+0530] {logging_mixin.py:188} INFO - [2024-07-16T05:25:33.436+0530] {base.py:84} INFO - Using connection ID 'mysql_default' for task execution.
[2024-07-16T05:25:33.444+0530] {processor.py:840} INFO - DAG(s) 'raw_load_fixed_deposits' retrieved from //home/kali/Desktop/projects/git/bank_data_processing/dags/dag_raw_fixed_deposits.py
[2024-07-16T05:25:33.604+0530] {logging_mixin.py:188} INFO - [2024-07-16T05:25:33.603+0530] {dag.py:3096} INFO - Sync 1 DAGs
[2024-07-16T05:25:33.620+0530] {logging_mixin.py:188} INFO - [2024-07-16T05:25:33.620+0530] {dag.py:3954} INFO - Setting next_dagrun for raw_load_fixed_deposits to None, run_after=None
[2024-07-16T05:25:33.655+0530] {processor.py:183} INFO - Processing //home/kali/Desktop/projects/git/bank_data_processing/dags/dag_raw_fixed_deposits.py took 1.156 seconds
[2024-07-16T05:26:03.784+0530] {processor.py:161} INFO - Started process (PID=18454) to work on //home/kali/Desktop/projects/git/bank_data_processing/dags/dag_raw_fixed_deposits.py
[2024-07-16T05:26:03.790+0530] {processor.py:830} INFO - Processing file //home/kali/Desktop/projects/git/bank_data_processing/dags/dag_raw_fixed_deposits.py for tasks to queue
[2024-07-16T05:26:03.792+0530] {logging_mixin.py:188} INFO - [2024-07-16T05:26:03.791+0530] {dagbag.py:545} INFO - Filling up the DagBag from //home/kali/Desktop/projects/git/bank_data_processing/dags/dag_raw_fixed_deposits.py
[2024-07-16T05:26:04.303+0530] {logging_mixin.py:188} INFO - [2024-07-16T05:26:04.303+0530] {base.py:84} INFO - Using connection ID 'mysql_default' for task execution.
[2024-07-16T05:26:04.309+0530] {processor.py:840} INFO - DAG(s) 'raw_load_fixed_deposits' retrieved from //home/kali/Desktop/projects/git/bank_data_processing/dags/dag_raw_fixed_deposits.py
[2024-07-16T05:26:04.389+0530] {logging_mixin.py:188} INFO - [2024-07-16T05:26:04.389+0530] {dag.py:3096} INFO - Sync 1 DAGs
[2024-07-16T05:26:04.396+0530] {logging_mixin.py:188} INFO - [2024-07-16T05:26:04.396+0530] {dag.py:3954} INFO - Setting next_dagrun for raw_load_fixed_deposits to None, run_after=None
[2024-07-16T05:26:04.423+0530] {processor.py:183} INFO - Processing //home/kali/Desktop/projects/git/bank_data_processing/dags/dag_raw_fixed_deposits.py took 0.646 seconds
[2024-07-16T05:26:34.583+0530] {processor.py:161} INFO - Started process (PID=19563) to work on //home/kali/Desktop/projects/git/bank_data_processing/dags/dag_raw_fixed_deposits.py
[2024-07-16T05:26:34.584+0530] {processor.py:830} INFO - Processing file //home/kali/Desktop/projects/git/bank_data_processing/dags/dag_raw_fixed_deposits.py for tasks to queue
[2024-07-16T05:26:34.586+0530] {logging_mixin.py:188} INFO - [2024-07-16T05:26:34.585+0530] {dagbag.py:545} INFO - Filling up the DagBag from //home/kali/Desktop/projects/git/bank_data_processing/dags/dag_raw_fixed_deposits.py
[2024-07-16T05:26:35.102+0530] {logging_mixin.py:188} INFO - [2024-07-16T05:26:35.102+0530] {base.py:84} INFO - Using connection ID 'mysql_default' for task execution.
[2024-07-16T05:26:35.109+0530] {processor.py:840} INFO - DAG(s) 'raw_load_fixed_deposits' retrieved from //home/kali/Desktop/projects/git/bank_data_processing/dags/dag_raw_fixed_deposits.py
[2024-07-16T05:26:35.205+0530] {logging_mixin.py:188} INFO - [2024-07-16T05:26:35.204+0530] {dag.py:3096} INFO - Sync 1 DAGs
[2024-07-16T05:26:35.216+0530] {logging_mixin.py:188} INFO - [2024-07-16T05:26:35.215+0530] {dag.py:3954} INFO - Setting next_dagrun for raw_load_fixed_deposits to None, run_after=None
[2024-07-16T05:26:35.237+0530] {processor.py:183} INFO - Processing //home/kali/Desktop/projects/git/bank_data_processing/dags/dag_raw_fixed_deposits.py took 0.659 seconds
[2024-07-16T05:27:05.400+0530] {processor.py:161} INFO - Started process (PID=20768) to work on //home/kali/Desktop/projects/git/bank_data_processing/dags/dag_raw_fixed_deposits.py
[2024-07-16T05:27:05.401+0530] {processor.py:830} INFO - Processing file //home/kali/Desktop/projects/git/bank_data_processing/dags/dag_raw_fixed_deposits.py for tasks to queue
[2024-07-16T05:27:05.403+0530] {logging_mixin.py:188} INFO - [2024-07-16T05:27:05.402+0530] {dagbag.py:545} INFO - Filling up the DagBag from //home/kali/Desktop/projects/git/bank_data_processing/dags/dag_raw_fixed_deposits.py
[2024-07-16T05:27:06.070+0530] {logging_mixin.py:188} INFO - [2024-07-16T05:27:06.069+0530] {base.py:84} INFO - Using connection ID 'mysql_default' for task execution.
[2024-07-16T05:27:06.095+0530] {processor.py:840} INFO - DAG(s) 'raw_load_fixed_deposits' retrieved from //home/kali/Desktop/projects/git/bank_data_processing/dags/dag_raw_fixed_deposits.py
[2024-07-16T05:27:06.315+0530] {logging_mixin.py:188} INFO - [2024-07-16T05:27:06.314+0530] {dag.py:3096} INFO - Sync 1 DAGs
[2024-07-16T05:27:06.329+0530] {logging_mixin.py:188} INFO - [2024-07-16T05:27:06.329+0530] {dag.py:3954} INFO - Setting next_dagrun for raw_load_fixed_deposits to None, run_after=None
[2024-07-16T05:27:06.367+0530] {processor.py:183} INFO - Processing //home/kali/Desktop/projects/git/bank_data_processing/dags/dag_raw_fixed_deposits.py took 0.975 seconds
[2024-07-16T05:27:36.631+0530] {processor.py:161} INFO - Started process (PID=21566) to work on //home/kali/Desktop/projects/git/bank_data_processing/dags/dag_raw_fixed_deposits.py
[2024-07-16T05:27:36.632+0530] {processor.py:830} INFO - Processing file //home/kali/Desktop/projects/git/bank_data_processing/dags/dag_raw_fixed_deposits.py for tasks to queue
[2024-07-16T05:27:36.633+0530] {logging_mixin.py:188} INFO - [2024-07-16T05:27:36.633+0530] {dagbag.py:545} INFO - Filling up the DagBag from //home/kali/Desktop/projects/git/bank_data_processing/dags/dag_raw_fixed_deposits.py
[2024-07-16T05:27:37.254+0530] {logging_mixin.py:188} INFO - [2024-07-16T05:27:37.254+0530] {base.py:84} INFO - Using connection ID 'mysql_default' for task execution.
[2024-07-16T05:27:37.260+0530] {processor.py:840} INFO - DAG(s) 'raw_load_fixed_deposits' retrieved from //home/kali/Desktop/projects/git/bank_data_processing/dags/dag_raw_fixed_deposits.py
[2024-07-16T05:27:37.347+0530] {logging_mixin.py:188} INFO - [2024-07-16T05:27:37.346+0530] {dag.py:3096} INFO - Sync 1 DAGs
[2024-07-16T05:27:37.357+0530] {logging_mixin.py:188} INFO - [2024-07-16T05:27:37.357+0530] {dag.py:3954} INFO - Setting next_dagrun for raw_load_fixed_deposits to None, run_after=None
[2024-07-16T05:27:37.384+0530] {processor.py:183} INFO - Processing //home/kali/Desktop/projects/git/bank_data_processing/dags/dag_raw_fixed_deposits.py took 0.760 seconds
[2024-07-16T05:28:07.519+0530] {processor.py:161} INFO - Started process (PID=22136) to work on //home/kali/Desktop/projects/git/bank_data_processing/dags/dag_raw_fixed_deposits.py
[2024-07-16T05:28:07.520+0530] {processor.py:830} INFO - Processing file //home/kali/Desktop/projects/git/bank_data_processing/dags/dag_raw_fixed_deposits.py for tasks to queue
[2024-07-16T05:28:07.522+0530] {logging_mixin.py:188} INFO - [2024-07-16T05:28:07.522+0530] {dagbag.py:545} INFO - Filling up the DagBag from //home/kali/Desktop/projects/git/bank_data_processing/dags/dag_raw_fixed_deposits.py
[2024-07-16T05:28:08.165+0530] {logging_mixin.py:188} INFO - [2024-07-16T05:28:08.165+0530] {base.py:84} INFO - Using connection ID 'mysql_default' for task execution.
[2024-07-16T05:28:08.172+0530] {processor.py:840} INFO - DAG(s) 'raw_load_fixed_deposits' retrieved from //home/kali/Desktop/projects/git/bank_data_processing/dags/dag_raw_fixed_deposits.py
[2024-07-16T05:28:08.283+0530] {logging_mixin.py:188} INFO - [2024-07-16T05:28:08.283+0530] {dag.py:3096} INFO - Sync 1 DAGs
[2024-07-16T05:28:08.297+0530] {logging_mixin.py:188} INFO - [2024-07-16T05:28:08.296+0530] {dag.py:3954} INFO - Setting next_dagrun for raw_load_fixed_deposits to None, run_after=None
[2024-07-16T05:28:08.326+0530] {processor.py:183} INFO - Processing //home/kali/Desktop/projects/git/bank_data_processing/dags/dag_raw_fixed_deposits.py took 0.814 seconds
[2024-07-16T05:28:38.758+0530] {processor.py:161} INFO - Started process (PID=22641) to work on //home/kali/Desktop/projects/git/bank_data_processing/dags/dag_raw_fixed_deposits.py
[2024-07-16T05:28:38.759+0530] {processor.py:830} INFO - Processing file //home/kali/Desktop/projects/git/bank_data_processing/dags/dag_raw_fixed_deposits.py for tasks to queue
[2024-07-16T05:28:38.761+0530] {logging_mixin.py:188} INFO - [2024-07-16T05:28:38.760+0530] {dagbag.py:545} INFO - Filling up the DagBag from //home/kali/Desktop/projects/git/bank_data_processing/dags/dag_raw_fixed_deposits.py
[2024-07-16T05:28:39.379+0530] {logging_mixin.py:188} INFO - [2024-07-16T05:28:39.379+0530] {base.py:84} INFO - Using connection ID 'mysql_default' for task execution.
[2024-07-16T05:28:39.386+0530] {processor.py:840} INFO - DAG(s) 'raw_load_fixed_deposits' retrieved from //home/kali/Desktop/projects/git/bank_data_processing/dags/dag_raw_fixed_deposits.py
[2024-07-16T05:28:39.488+0530] {logging_mixin.py:188} INFO - [2024-07-16T05:28:39.488+0530] {dag.py:3096} INFO - Sync 1 DAGs
[2024-07-16T05:28:39.497+0530] {logging_mixin.py:188} INFO - [2024-07-16T05:28:39.497+0530] {dag.py:3954} INFO - Setting next_dagrun for raw_load_fixed_deposits to None, run_after=None
[2024-07-16T05:28:39.525+0530] {processor.py:183} INFO - Processing //home/kali/Desktop/projects/git/bank_data_processing/dags/dag_raw_fixed_deposits.py took 0.777 seconds
[2024-07-16T05:29:09.789+0530] {processor.py:161} INFO - Started process (PID=23248) to work on //home/kali/Desktop/projects/git/bank_data_processing/dags/dag_raw_fixed_deposits.py
[2024-07-16T05:29:09.791+0530] {processor.py:830} INFO - Processing file //home/kali/Desktop/projects/git/bank_data_processing/dags/dag_raw_fixed_deposits.py for tasks to queue
[2024-07-16T05:29:09.794+0530] {logging_mixin.py:188} INFO - [2024-07-16T05:29:09.794+0530] {dagbag.py:545} INFO - Filling up the DagBag from //home/kali/Desktop/projects/git/bank_data_processing/dags/dag_raw_fixed_deposits.py
[2024-07-16T05:29:10.454+0530] {logging_mixin.py:188} INFO - [2024-07-16T05:29:10.454+0530] {base.py:84} INFO - Using connection ID 'mysql_default' for task execution.
[2024-07-16T05:29:10.462+0530] {processor.py:840} INFO - DAG(s) 'raw_load_fixed_deposits' retrieved from //home/kali/Desktop/projects/git/bank_data_processing/dags/dag_raw_fixed_deposits.py
[2024-07-16T05:29:10.583+0530] {logging_mixin.py:188} INFO - [2024-07-16T05:29:10.583+0530] {dag.py:3096} INFO - Sync 1 DAGs
[2024-07-16T05:29:10.593+0530] {logging_mixin.py:188} INFO - [2024-07-16T05:29:10.592+0530] {dag.py:3954} INFO - Setting next_dagrun for raw_load_fixed_deposits to None, run_after=None
[2024-07-16T05:29:10.621+0530] {processor.py:183} INFO - Processing //home/kali/Desktop/projects/git/bank_data_processing/dags/dag_raw_fixed_deposits.py took 0.841 seconds
[2024-07-16T05:29:40.721+0530] {processor.py:161} INFO - Started process (PID=23880) to work on //home/kali/Desktop/projects/git/bank_data_processing/dags/dag_raw_fixed_deposits.py
[2024-07-16T05:29:40.722+0530] {processor.py:830} INFO - Processing file //home/kali/Desktop/projects/git/bank_data_processing/dags/dag_raw_fixed_deposits.py for tasks to queue
[2024-07-16T05:29:40.724+0530] {logging_mixin.py:188} INFO - [2024-07-16T05:29:40.724+0530] {dagbag.py:545} INFO - Filling up the DagBag from //home/kali/Desktop/projects/git/bank_data_processing/dags/dag_raw_fixed_deposits.py
[2024-07-16T05:29:41.348+0530] {logging_mixin.py:188} INFO - [2024-07-16T05:29:41.348+0530] {base.py:84} INFO - Using connection ID 'mysql_default' for task execution.
[2024-07-16T05:29:41.356+0530] {processor.py:840} INFO - DAG(s) 'raw_load_fixed_deposits' retrieved from //home/kali/Desktop/projects/git/bank_data_processing/dags/dag_raw_fixed_deposits.py
[2024-07-16T05:29:41.451+0530] {logging_mixin.py:188} INFO - [2024-07-16T05:29:41.451+0530] {dag.py:3096} INFO - Sync 1 DAGs
[2024-07-16T05:29:41.461+0530] {logging_mixin.py:188} INFO - [2024-07-16T05:29:41.460+0530] {dag.py:3954} INFO - Setting next_dagrun for raw_load_fixed_deposits to None, run_after=None
[2024-07-16T05:29:41.488+0530] {processor.py:183} INFO - Processing //home/kali/Desktop/projects/git/bank_data_processing/dags/dag_raw_fixed_deposits.py took 0.779 seconds
