[2024-07-16T05:16:11.119+0530] {processor.py:161} INFO - Started process (PID=6235) to work on //home/kali/Desktop/projects/git/bank_data_processing/dags/dag_raw_employees.py
[2024-07-16T05:16:11.120+0530] {processor.py:830} INFO - Processing file //home/kali/Desktop/projects/git/bank_data_processing/dags/dag_raw_employees.py for tasks to queue
[2024-07-16T05:16:11.122+0530] {logging_mixin.py:188} INFO - [2024-07-16T05:16:11.122+0530] {dagbag.py:545} INFO - Filling up the DagBag from //home/kali/Desktop/projects/git/bank_data_processing/dags/dag_raw_employees.py
[2024-07-16T05:16:11.650+0530] {logging_mixin.py:188} INFO - [2024-07-16T05:16:11.649+0530] {base.py:84} INFO - Using connection ID 'mysql_default' for task execution.
[2024-07-16T05:16:11.655+0530] {processor.py:840} INFO - DAG(s) 'raw_load_employees' retrieved from //home/kali/Desktop/projects/git/bank_data_processing/dags/dag_raw_employees.py
[2024-07-16T05:16:11.658+0530] {logging_mixin.py:188} INFO - [2024-07-16T05:16:11.658+0530] {dag.py:3096} INFO - Sync 1 DAGs
[2024-07-16T05:16:11.670+0530] {logging_mixin.py:188} INFO - [2024-07-16T05:16:11.669+0530] {dag.py:3954} INFO - Setting next_dagrun for raw_load_employees to None, run_after=None
[2024-07-16T05:16:11.694+0530] {processor.py:183} INFO - Processing //home/kali/Desktop/projects/git/bank_data_processing/dags/dag_raw_employees.py took 0.581 seconds
[2024-07-16T05:16:43.867+0530] {processor.py:161} INFO - Started process (PID=6776) to work on //home/kali/Desktop/projects/git/bank_data_processing/dags/dag_raw_employees.py
[2024-07-16T05:16:43.869+0530] {processor.py:830} INFO - Processing file //home/kali/Desktop/projects/git/bank_data_processing/dags/dag_raw_employees.py for tasks to queue
[2024-07-16T05:16:43.876+0530] {logging_mixin.py:188} INFO - [2024-07-16T05:16:43.875+0530] {dagbag.py:545} INFO - Filling up the DagBag from //home/kali/Desktop/projects/git/bank_data_processing/dags/dag_raw_employees.py
[2024-07-16T05:16:44.667+0530] {logging_mixin.py:188} INFO - [2024-07-16T05:16:44.667+0530] {base.py:84} INFO - Using connection ID 'mysql_default' for task execution.
[2024-07-16T05:16:44.679+0530] {processor.py:840} INFO - DAG(s) 'raw_load_employees' retrieved from //home/kali/Desktop/projects/git/bank_data_processing/dags/dag_raw_employees.py
[2024-07-16T05:16:44.841+0530] {logging_mixin.py:188} INFO - [2024-07-16T05:16:44.840+0530] {dag.py:3096} INFO - Sync 1 DAGs
[2024-07-16T05:16:44.857+0530] {logging_mixin.py:188} INFO - [2024-07-16T05:16:44.856+0530] {dag.py:3954} INFO - Setting next_dagrun for raw_load_employees to None, run_after=None
[2024-07-16T05:16:44.891+0530] {processor.py:183} INFO - Processing //home/kali/Desktop/projects/git/bank_data_processing/dags/dag_raw_employees.py took 1.032 seconds
[2024-07-16T05:17:15.063+0530] {processor.py:161} INFO - Started process (PID=7243) to work on //home/kali/Desktop/projects/git/bank_data_processing/dags/dag_raw_employees.py
[2024-07-16T05:17:15.063+0530] {processor.py:830} INFO - Processing file //home/kali/Desktop/projects/git/bank_data_processing/dags/dag_raw_employees.py for tasks to queue
[2024-07-16T05:17:15.065+0530] {logging_mixin.py:188} INFO - [2024-07-16T05:17:15.065+0530] {dagbag.py:545} INFO - Filling up the DagBag from //home/kali/Desktop/projects/git/bank_data_processing/dags/dag_raw_employees.py
[2024-07-16T05:17:15.613+0530] {logging_mixin.py:188} INFO - [2024-07-16T05:17:15.612+0530] {base.py:84} INFO - Using connection ID 'mysql_default' for task execution.
[2024-07-16T05:17:15.619+0530] {processor.py:840} INFO - DAG(s) 'raw_load_employees' retrieved from //home/kali/Desktop/projects/git/bank_data_processing/dags/dag_raw_employees.py
[2024-07-16T05:17:15.702+0530] {logging_mixin.py:188} INFO - [2024-07-16T05:17:15.701+0530] {dag.py:3096} INFO - Sync 1 DAGs
[2024-07-16T05:17:15.710+0530] {logging_mixin.py:188} INFO - [2024-07-16T05:17:15.709+0530] {dag.py:3954} INFO - Setting next_dagrun for raw_load_employees to None, run_after=None
[2024-07-16T05:17:15.728+0530] {processor.py:183} INFO - Processing //home/kali/Desktop/projects/git/bank_data_processing/dags/dag_raw_employees.py took 0.672 seconds
[2024-07-16T05:17:47.648+0530] {processor.py:161} INFO - Started process (PID=7782) to work on //home/kali/Desktop/projects/git/bank_data_processing/dags/dag_raw_employees.py
[2024-07-16T05:17:47.650+0530] {processor.py:830} INFO - Processing file //home/kali/Desktop/projects/git/bank_data_processing/dags/dag_raw_employees.py for tasks to queue
[2024-07-16T05:17:47.653+0530] {logging_mixin.py:188} INFO - [2024-07-16T05:17:47.652+0530] {dagbag.py:545} INFO - Filling up the DagBag from //home/kali/Desktop/projects/git/bank_data_processing/dags/dag_raw_employees.py
[2024-07-16T05:17:48.474+0530] {logging_mixin.py:188} INFO - [2024-07-16T05:17:48.474+0530] {base.py:84} INFO - Using connection ID 'mysql_default' for task execution.
[2024-07-16T05:17:48.487+0530] {processor.py:840} INFO - DAG(s) 'raw_load_employees' retrieved from //home/kali/Desktop/projects/git/bank_data_processing/dags/dag_raw_employees.py
[2024-07-16T05:17:48.636+0530] {logging_mixin.py:188} INFO - [2024-07-16T05:17:48.635+0530] {dag.py:3096} INFO - Sync 1 DAGs
[2024-07-16T05:17:48.652+0530] {logging_mixin.py:188} INFO - [2024-07-16T05:17:48.652+0530] {dag.py:3954} INFO - Setting next_dagrun for raw_load_employees to None, run_after=None
[2024-07-16T05:17:48.690+0530] {processor.py:183} INFO - Processing //home/kali/Desktop/projects/git/bank_data_processing/dags/dag_raw_employees.py took 1.051 seconds
[2024-07-16T05:18:19.075+0530] {processor.py:161} INFO - Started process (PID=8265) to work on //home/kali/Desktop/projects/git/bank_data_processing/dags/dag_raw_employees.py
[2024-07-16T05:18:19.076+0530] {processor.py:830} INFO - Processing file //home/kali/Desktop/projects/git/bank_data_processing/dags/dag_raw_employees.py for tasks to queue
[2024-07-16T05:18:19.079+0530] {logging_mixin.py:188} INFO - [2024-07-16T05:18:19.078+0530] {dagbag.py:545} INFO - Filling up the DagBag from //home/kali/Desktop/projects/git/bank_data_processing/dags/dag_raw_employees.py
[2024-07-16T05:18:19.634+0530] {logging_mixin.py:188} INFO - [2024-07-16T05:18:19.633+0530] {base.py:84} INFO - Using connection ID 'mysql_default' for task execution.
[2024-07-16T05:18:19.640+0530] {processor.py:840} INFO - DAG(s) 'raw_load_employees' retrieved from //home/kali/Desktop/projects/git/bank_data_processing/dags/dag_raw_employees.py
[2024-07-16T05:18:19.724+0530] {logging_mixin.py:188} INFO - [2024-07-16T05:18:19.724+0530] {dag.py:3096} INFO - Sync 1 DAGs
[2024-07-16T05:18:19.733+0530] {logging_mixin.py:188} INFO - [2024-07-16T05:18:19.733+0530] {dag.py:3954} INFO - Setting next_dagrun for raw_load_employees to None, run_after=None
[2024-07-16T05:18:19.755+0530] {processor.py:183} INFO - Processing //home/kali/Desktop/projects/git/bank_data_processing/dags/dag_raw_employees.py took 0.690 seconds
[2024-07-16T05:18:50.014+0530] {processor.py:161} INFO - Started process (PID=8777) to work on //home/kali/Desktop/projects/git/bank_data_processing/dags/dag_raw_employees.py
[2024-07-16T05:18:50.015+0530] {processor.py:830} INFO - Processing file //home/kali/Desktop/projects/git/bank_data_processing/dags/dag_raw_employees.py for tasks to queue
[2024-07-16T05:18:50.017+0530] {logging_mixin.py:188} INFO - [2024-07-16T05:18:50.017+0530] {dagbag.py:545} INFO - Filling up the DagBag from //home/kali/Desktop/projects/git/bank_data_processing/dags/dag_raw_employees.py
[2024-07-16T05:18:50.604+0530] {logging_mixin.py:188} INFO - [2024-07-16T05:18:50.603+0530] {base.py:84} INFO - Using connection ID 'mysql_default' for task execution.
[2024-07-16T05:18:50.610+0530] {processor.py:840} INFO - DAG(s) 'raw_load_employees' retrieved from //home/kali/Desktop/projects/git/bank_data_processing/dags/dag_raw_employees.py
[2024-07-16T05:18:50.718+0530] {logging_mixin.py:188} INFO - [2024-07-16T05:18:50.717+0530] {dag.py:3096} INFO - Sync 1 DAGs
[2024-07-16T05:18:50.729+0530] {logging_mixin.py:188} INFO - [2024-07-16T05:18:50.728+0530] {dag.py:3954} INFO - Setting next_dagrun for raw_load_employees to None, run_after=None
[2024-07-16T05:18:50.753+0530] {processor.py:183} INFO - Processing //home/kali/Desktop/projects/git/bank_data_processing/dags/dag_raw_employees.py took 0.750 seconds
[2024-07-16T05:19:21.438+0530] {processor.py:161} INFO - Started process (PID=9285) to work on //home/kali/Desktop/projects/git/bank_data_processing/dags/dag_raw_employees.py
[2024-07-16T05:19:21.439+0530] {processor.py:830} INFO - Processing file //home/kali/Desktop/projects/git/bank_data_processing/dags/dag_raw_employees.py for tasks to queue
[2024-07-16T05:19:21.441+0530] {logging_mixin.py:188} INFO - [2024-07-16T05:19:21.441+0530] {dagbag.py:545} INFO - Filling up the DagBag from //home/kali/Desktop/projects/git/bank_data_processing/dags/dag_raw_employees.py
[2024-07-16T05:19:22.113+0530] {logging_mixin.py:188} INFO - [2024-07-16T05:19:22.113+0530] {base.py:84} INFO - Using connection ID 'mysql_default' for task execution.
[2024-07-16T05:19:22.121+0530] {processor.py:840} INFO - DAG(s) 'raw_load_employees' retrieved from //home/kali/Desktop/projects/git/bank_data_processing/dags/dag_raw_employees.py
[2024-07-16T05:19:22.226+0530] {logging_mixin.py:188} INFO - [2024-07-16T05:19:22.225+0530] {dag.py:3096} INFO - Sync 1 DAGs
[2024-07-16T05:19:22.235+0530] {logging_mixin.py:188} INFO - [2024-07-16T05:19:22.235+0530] {dag.py:3954} INFO - Setting next_dagrun for raw_load_employees to None, run_after=None
[2024-07-16T05:19:22.261+0530] {processor.py:183} INFO - Processing //home/kali/Desktop/projects/git/bank_data_processing/dags/dag_raw_employees.py took 0.831 seconds
[2024-07-16T05:19:50.196+0530] {processor.py:161} INFO - Started process (PID=10259) to work on //home/kali/Desktop/projects/git/bank_data_processing/dags/dag_raw_employees.py
[2024-07-16T05:19:50.198+0530] {processor.py:830} INFO - Processing file //home/kali/Desktop/projects/git/bank_data_processing/dags/dag_raw_employees.py for tasks to queue
[2024-07-16T05:19:50.200+0530] {logging_mixin.py:188} INFO - [2024-07-16T05:19:50.199+0530] {dagbag.py:545} INFO - Filling up the DagBag from //home/kali/Desktop/projects/git/bank_data_processing/dags/dag_raw_employees.py
[2024-07-16T05:19:50.676+0530] {logging_mixin.py:188} INFO - [2024-07-16T05:19:50.676+0530] {base.py:84} INFO - Using connection ID 'mysql_default' for task execution.
[2024-07-16T05:19:50.684+0530] {processor.py:840} INFO - DAG(s) 'raw_load_employees' retrieved from //home/kali/Desktop/projects/git/bank_data_processing/dags/dag_raw_employees.py
[2024-07-16T05:19:50.687+0530] {logging_mixin.py:188} INFO - [2024-07-16T05:19:50.686+0530] {dag.py:3096} INFO - Sync 1 DAGs
[2024-07-16T05:19:50.697+0530] {logging_mixin.py:188} INFO - [2024-07-16T05:19:50.696+0530] {dag.py:3954} INFO - Setting next_dagrun for raw_load_employees to None, run_after=None
[2024-07-16T05:19:50.727+0530] {processor.py:183} INFO - Processing //home/kali/Desktop/projects/git/bank_data_processing/dags/dag_raw_employees.py took 0.536 seconds
[2024-07-16T05:20:22.742+0530] {processor.py:161} INFO - Started process (PID=10846) to work on //home/kali/Desktop/projects/git/bank_data_processing/dags/dag_raw_employees.py
[2024-07-16T05:20:22.743+0530] {processor.py:830} INFO - Processing file //home/kali/Desktop/projects/git/bank_data_processing/dags/dag_raw_employees.py for tasks to queue
[2024-07-16T05:20:22.746+0530] {logging_mixin.py:188} INFO - [2024-07-16T05:20:22.745+0530] {dagbag.py:545} INFO - Filling up the DagBag from //home/kali/Desktop/projects/git/bank_data_processing/dags/dag_raw_employees.py
[2024-07-16T05:20:23.399+0530] {logging_mixin.py:188} INFO - [2024-07-16T05:20:23.398+0530] {base.py:84} INFO - Using connection ID 'mysql_default' for task execution.
[2024-07-16T05:20:23.409+0530] {processor.py:840} INFO - DAG(s) 'raw_load_employees' retrieved from //home/kali/Desktop/projects/git/bank_data_processing/dags/dag_raw_employees.py
[2024-07-16T05:20:23.412+0530] {logging_mixin.py:188} INFO - [2024-07-16T05:20:23.412+0530] {dag.py:3096} INFO - Sync 1 DAGs
[2024-07-16T05:20:23.424+0530] {logging_mixin.py:188} INFO - [2024-07-16T05:20:23.424+0530] {dag.py:3954} INFO - Setting next_dagrun for raw_load_employees to None, run_after=None
[2024-07-16T05:20:23.457+0530] {processor.py:183} INFO - Processing //home/kali/Desktop/projects/git/bank_data_processing/dags/dag_raw_employees.py took 0.723 seconds
[2024-07-16T05:20:55.372+0530] {processor.py:161} INFO - Started process (PID=11961) to work on //home/kali/Desktop/projects/git/bank_data_processing/dags/dag_raw_employees.py
[2024-07-16T05:20:55.374+0530] {processor.py:830} INFO - Processing file //home/kali/Desktop/projects/git/bank_data_processing/dags/dag_raw_employees.py for tasks to queue
[2024-07-16T05:20:55.378+0530] {logging_mixin.py:188} INFO - [2024-07-16T05:20:55.377+0530] {dagbag.py:545} INFO - Filling up the DagBag from //home/kali/Desktop/projects/git/bank_data_processing/dags/dag_raw_employees.py
[2024-07-16T05:20:56.519+0530] {logging_mixin.py:188} INFO - [2024-07-16T05:20:56.518+0530] {base.py:84} INFO - Using connection ID 'mysql_default' for task execution.
[2024-07-16T05:20:56.535+0530] {processor.py:840} INFO - DAG(s) 'raw_load_employees' retrieved from //home/kali/Desktop/projects/git/bank_data_processing/dags/dag_raw_employees.py
[2024-07-16T05:20:56.770+0530] {logging_mixin.py:188} INFO - [2024-07-16T05:20:56.769+0530] {dag.py:3096} INFO - Sync 1 DAGs
[2024-07-16T05:20:56.803+0530] {logging_mixin.py:188} INFO - [2024-07-16T05:20:56.803+0530] {dag.py:3954} INFO - Setting next_dagrun for raw_load_employees to None, run_after=None
[2024-07-16T05:20:56.890+0530] {processor.py:183} INFO - Processing //home/kali/Desktop/projects/git/bank_data_processing/dags/dag_raw_employees.py took 1.527 seconds
[2024-07-16T05:24:33.276+0530] {processor.py:161} INFO - Started process (PID=15751) to work on //home/kali/Desktop/projects/git/bank_data_processing/dags/dag_raw_employees.py
[2024-07-16T05:24:33.277+0530] {processor.py:830} INFO - Processing file //home/kali/Desktop/projects/git/bank_data_processing/dags/dag_raw_employees.py for tasks to queue
[2024-07-16T05:24:33.279+0530] {logging_mixin.py:188} INFO - [2024-07-16T05:24:33.278+0530] {dagbag.py:545} INFO - Filling up the DagBag from //home/kali/Desktop/projects/git/bank_data_processing/dags/dag_raw_employees.py
[2024-07-16T05:24:33.809+0530] {logging_mixin.py:188} INFO - [2024-07-16T05:24:33.809+0530] {base.py:84} INFO - Using connection ID 'mysql_default' for task execution.
[2024-07-16T05:24:33.815+0530] {processor.py:840} INFO - DAG(s) 'raw_load_employees' retrieved from //home/kali/Desktop/projects/git/bank_data_processing/dags/dag_raw_employees.py
[2024-07-16T05:24:33.818+0530] {logging_mixin.py:188} INFO - [2024-07-16T05:24:33.817+0530] {dag.py:3096} INFO - Sync 1 DAGs
[2024-07-16T05:24:33.826+0530] {logging_mixin.py:188} INFO - [2024-07-16T05:24:33.826+0530] {dag.py:3954} INFO - Setting next_dagrun for raw_load_employees to None, run_after=None
[2024-07-16T05:24:33.845+0530] {processor.py:183} INFO - Processing //home/kali/Desktop/projects/git/bank_data_processing/dags/dag_raw_employees.py took 0.575 seconds
[2024-07-16T05:25:05.717+0530] {processor.py:161} INFO - Started process (PID=16473) to work on //home/kali/Desktop/projects/git/bank_data_processing/dags/dag_raw_employees.py
[2024-07-16T05:25:05.721+0530] {processor.py:830} INFO - Processing file //home/kali/Desktop/projects/git/bank_data_processing/dags/dag_raw_employees.py for tasks to queue
[2024-07-16T05:25:05.725+0530] {logging_mixin.py:188} INFO - [2024-07-16T05:25:05.725+0530] {dagbag.py:545} INFO - Filling up the DagBag from //home/kali/Desktop/projects/git/bank_data_processing/dags/dag_raw_employees.py
[2024-07-16T05:25:06.814+0530] {logging_mixin.py:188} INFO - [2024-07-16T05:25:06.814+0530] {base.py:84} INFO - Using connection ID 'mysql_default' for task execution.
[2024-07-16T05:25:06.828+0530] {processor.py:840} INFO - DAG(s) 'raw_load_employees' retrieved from //home/kali/Desktop/projects/git/bank_data_processing/dags/dag_raw_employees.py
[2024-07-16T05:25:07.027+0530] {logging_mixin.py:188} INFO - [2024-07-16T05:25:07.025+0530] {dag.py:3096} INFO - Sync 1 DAGs
[2024-07-16T05:25:07.047+0530] {logging_mixin.py:188} INFO - [2024-07-16T05:25:07.047+0530] {dag.py:3954} INFO - Setting next_dagrun for raw_load_employees to None, run_after=None
[2024-07-16T05:25:07.102+0530] {processor.py:183} INFO - Processing //home/kali/Desktop/projects/git/bank_data_processing/dags/dag_raw_employees.py took 1.397 seconds
[2024-07-16T05:25:37.841+0530] {processor.py:161} INFO - Started process (PID=17890) to work on //home/kali/Desktop/projects/git/bank_data_processing/dags/dag_raw_employees.py
[2024-07-16T05:25:37.847+0530] {processor.py:830} INFO - Processing file //home/kali/Desktop/projects/git/bank_data_processing/dags/dag_raw_employees.py for tasks to queue
[2024-07-16T05:25:37.850+0530] {logging_mixin.py:188} INFO - [2024-07-16T05:25:37.849+0530] {dagbag.py:545} INFO - Filling up the DagBag from //home/kali/Desktop/projects/git/bank_data_processing/dags/dag_raw_employees.py
[2024-07-16T05:25:38.466+0530] {logging_mixin.py:188} INFO - [2024-07-16T05:25:38.466+0530] {base.py:84} INFO - Using connection ID 'mysql_default' for task execution.
[2024-07-16T05:25:38.475+0530] {processor.py:840} INFO - DAG(s) 'raw_load_employees' retrieved from //home/kali/Desktop/projects/git/bank_data_processing/dags/dag_raw_employees.py
[2024-07-16T05:25:38.655+0530] {logging_mixin.py:188} INFO - [2024-07-16T05:25:38.655+0530] {dag.py:3096} INFO - Sync 1 DAGs
[2024-07-16T05:25:38.671+0530] {logging_mixin.py:188} INFO - [2024-07-16T05:25:38.671+0530] {dag.py:3954} INFO - Setting next_dagrun for raw_load_employees to None, run_after=None
[2024-07-16T05:25:38.705+0530] {processor.py:183} INFO - Processing //home/kali/Desktop/projects/git/bank_data_processing/dags/dag_raw_employees.py took 0.878 seconds
[2024-07-16T05:26:09.089+0530] {processor.py:161} INFO - Started process (PID=18616) to work on //home/kali/Desktop/projects/git/bank_data_processing/dags/dag_raw_employees.py
[2024-07-16T05:26:09.094+0530] {processor.py:830} INFO - Processing file //home/kali/Desktop/projects/git/bank_data_processing/dags/dag_raw_employees.py for tasks to queue
[2024-07-16T05:26:09.096+0530] {logging_mixin.py:188} INFO - [2024-07-16T05:26:09.096+0530] {dagbag.py:545} INFO - Filling up the DagBag from //home/kali/Desktop/projects/git/bank_data_processing/dags/dag_raw_employees.py
[2024-07-16T05:26:09.695+0530] {logging_mixin.py:188} INFO - [2024-07-16T05:26:09.695+0530] {base.py:84} INFO - Using connection ID 'mysql_default' for task execution.
[2024-07-16T05:26:09.705+0530] {processor.py:840} INFO - DAG(s) 'raw_load_employees' retrieved from //home/kali/Desktop/projects/git/bank_data_processing/dags/dag_raw_employees.py
[2024-07-16T05:26:09.817+0530] {logging_mixin.py:188} INFO - [2024-07-16T05:26:09.817+0530] {dag.py:3096} INFO - Sync 1 DAGs
[2024-07-16T05:26:09.828+0530] {logging_mixin.py:188} INFO - [2024-07-16T05:26:09.828+0530] {dag.py:3954} INFO - Setting next_dagrun for raw_load_employees to None, run_after=None
[2024-07-16T05:26:09.857+0530] {processor.py:183} INFO - Processing //home/kali/Desktop/projects/git/bank_data_processing/dags/dag_raw_employees.py took 0.774 seconds
[2024-07-16T05:26:40.505+0530] {processor.py:161} INFO - Started process (PID=19899) to work on //home/kali/Desktop/projects/git/bank_data_processing/dags/dag_raw_employees.py
[2024-07-16T05:26:40.512+0530] {processor.py:830} INFO - Processing file //home/kali/Desktop/projects/git/bank_data_processing/dags/dag_raw_employees.py for tasks to queue
[2024-07-16T05:26:40.516+0530] {logging_mixin.py:188} INFO - [2024-07-16T05:26:40.515+0530] {dagbag.py:545} INFO - Filling up the DagBag from //home/kali/Desktop/projects/git/bank_data_processing/dags/dag_raw_employees.py
[2024-07-16T05:26:41.435+0530] {logging_mixin.py:188} INFO - [2024-07-16T05:26:41.435+0530] {base.py:84} INFO - Using connection ID 'mysql_default' for task execution.
[2024-07-16T05:26:41.443+0530] {processor.py:840} INFO - DAG(s) 'raw_load_employees' retrieved from //home/kali/Desktop/projects/git/bank_data_processing/dags/dag_raw_employees.py
[2024-07-16T05:26:41.607+0530] {logging_mixin.py:188} INFO - [2024-07-16T05:26:41.606+0530] {dag.py:3096} INFO - Sync 1 DAGs
[2024-07-16T05:26:41.627+0530] {logging_mixin.py:188} INFO - [2024-07-16T05:26:41.626+0530] {dag.py:3954} INFO - Setting next_dagrun for raw_load_employees to None, run_after=None
[2024-07-16T05:26:41.670+0530] {processor.py:183} INFO - Processing //home/kali/Desktop/projects/git/bank_data_processing/dags/dag_raw_employees.py took 1.179 seconds
[2024-07-16T05:27:11.757+0530] {processor.py:161} INFO - Started process (PID=21127) to work on //home/kali/Desktop/projects/git/bank_data_processing/dags/dag_raw_employees.py
[2024-07-16T05:27:11.758+0530] {processor.py:830} INFO - Processing file //home/kali/Desktop/projects/git/bank_data_processing/dags/dag_raw_employees.py for tasks to queue
[2024-07-16T05:27:11.760+0530] {logging_mixin.py:188} INFO - [2024-07-16T05:27:11.759+0530] {dagbag.py:545} INFO - Filling up the DagBag from //home/kali/Desktop/projects/git/bank_data_processing/dags/dag_raw_employees.py
[2024-07-16T05:27:12.354+0530] {logging_mixin.py:188} INFO - [2024-07-16T05:27:12.354+0530] {base.py:84} INFO - Using connection ID 'mysql_default' for task execution.
[2024-07-16T05:27:12.361+0530] {processor.py:840} INFO - DAG(s) 'raw_load_employees' retrieved from //home/kali/Desktop/projects/git/bank_data_processing/dags/dag_raw_employees.py
[2024-07-16T05:27:12.451+0530] {logging_mixin.py:188} INFO - [2024-07-16T05:27:12.450+0530] {dag.py:3096} INFO - Sync 1 DAGs
[2024-07-16T05:27:12.459+0530] {logging_mixin.py:188} INFO - [2024-07-16T05:27:12.458+0530] {dag.py:3954} INFO - Setting next_dagrun for raw_load_employees to None, run_after=None
[2024-07-16T05:27:12.478+0530] {processor.py:183} INFO - Processing //home/kali/Desktop/projects/git/bank_data_processing/dags/dag_raw_employees.py took 0.727 seconds
[2024-07-16T05:27:42.830+0530] {processor.py:161} INFO - Started process (PID=21791) to work on //home/kali/Desktop/projects/git/bank_data_processing/dags/dag_raw_employees.py
[2024-07-16T05:27:42.831+0530] {processor.py:830} INFO - Processing file //home/kali/Desktop/projects/git/bank_data_processing/dags/dag_raw_employees.py for tasks to queue
[2024-07-16T05:27:42.833+0530] {logging_mixin.py:188} INFO - [2024-07-16T05:27:42.832+0530] {dagbag.py:545} INFO - Filling up the DagBag from //home/kali/Desktop/projects/git/bank_data_processing/dags/dag_raw_employees.py
[2024-07-16T05:27:43.384+0530] {logging_mixin.py:188} INFO - [2024-07-16T05:27:43.384+0530] {base.py:84} INFO - Using connection ID 'mysql_default' for task execution.
[2024-07-16T05:27:43.390+0530] {processor.py:840} INFO - DAG(s) 'raw_load_employees' retrieved from //home/kali/Desktop/projects/git/bank_data_processing/dags/dag_raw_employees.py
[2024-07-16T05:27:43.476+0530] {logging_mixin.py:188} INFO - [2024-07-16T05:27:43.476+0530] {dag.py:3096} INFO - Sync 1 DAGs
[2024-07-16T05:27:43.484+0530] {logging_mixin.py:188} INFO - [2024-07-16T05:27:43.483+0530] {dag.py:3954} INFO - Setting next_dagrun for raw_load_employees to None, run_after=None
[2024-07-16T05:27:43.509+0530] {processor.py:183} INFO - Processing //home/kali/Desktop/projects/git/bank_data_processing/dags/dag_raw_employees.py took 0.686 seconds
[2024-07-16T05:28:14.107+0530] {processor.py:161} INFO - Started process (PID=22322) to work on //home/kali/Desktop/projects/git/bank_data_processing/dags/dag_raw_employees.py
[2024-07-16T05:28:14.109+0530] {processor.py:830} INFO - Processing file //home/kali/Desktop/projects/git/bank_data_processing/dags/dag_raw_employees.py for tasks to queue
[2024-07-16T05:28:14.112+0530] {logging_mixin.py:188} INFO - [2024-07-16T05:28:14.111+0530] {dagbag.py:545} INFO - Filling up the DagBag from //home/kali/Desktop/projects/git/bank_data_processing/dags/dag_raw_employees.py
[2024-07-16T05:28:14.812+0530] {logging_mixin.py:188} INFO - [2024-07-16T05:28:14.812+0530] {base.py:84} INFO - Using connection ID 'mysql_default' for task execution.
[2024-07-16T05:28:14.819+0530] {processor.py:840} INFO - DAG(s) 'raw_load_employees' retrieved from //home/kali/Desktop/projects/git/bank_data_processing/dags/dag_raw_employees.py
[2024-07-16T05:28:14.937+0530] {logging_mixin.py:188} INFO - [2024-07-16T05:28:14.936+0530] {dag.py:3096} INFO - Sync 1 DAGs
[2024-07-16T05:28:14.952+0530] {logging_mixin.py:188} INFO - [2024-07-16T05:28:14.952+0530] {dag.py:3954} INFO - Setting next_dagrun for raw_load_employees to None, run_after=None
[2024-07-16T05:28:14.983+0530] {processor.py:183} INFO - Processing //home/kali/Desktop/projects/git/bank_data_processing/dags/dag_raw_employees.py took 0.886 seconds
[2024-07-16T05:28:45.633+0530] {processor.py:161} INFO - Started process (PID=22823) to work on //home/kali/Desktop/projects/git/bank_data_processing/dags/dag_raw_employees.py
[2024-07-16T05:28:45.634+0530] {processor.py:830} INFO - Processing file //home/kali/Desktop/projects/git/bank_data_processing/dags/dag_raw_employees.py for tasks to queue
[2024-07-16T05:28:45.636+0530] {logging_mixin.py:188} INFO - [2024-07-16T05:28:45.635+0530] {dagbag.py:545} INFO - Filling up the DagBag from //home/kali/Desktop/projects/git/bank_data_processing/dags/dag_raw_employees.py
[2024-07-16T05:28:46.169+0530] {logging_mixin.py:188} INFO - [2024-07-16T05:28:46.169+0530] {base.py:84} INFO - Using connection ID 'mysql_default' for task execution.
[2024-07-16T05:28:46.176+0530] {processor.py:840} INFO - DAG(s) 'raw_load_employees' retrieved from //home/kali/Desktop/projects/git/bank_data_processing/dags/dag_raw_employees.py
[2024-07-16T05:28:46.293+0530] {logging_mixin.py:188} INFO - [2024-07-16T05:28:46.293+0530] {dag.py:3096} INFO - Sync 1 DAGs
[2024-07-16T05:28:46.306+0530] {logging_mixin.py:188} INFO - [2024-07-16T05:28:46.305+0530] {dag.py:3954} INFO - Setting next_dagrun for raw_load_employees to None, run_after=None
[2024-07-16T05:28:46.335+0530] {processor.py:183} INFO - Processing //home/kali/Desktop/projects/git/bank_data_processing/dags/dag_raw_employees.py took 0.709 seconds
[2024-07-16T05:29:16.849+0530] {processor.py:161} INFO - Started process (PID=23431) to work on //home/kali/Desktop/projects/git/bank_data_processing/dags/dag_raw_employees.py
[2024-07-16T05:29:16.851+0530] {processor.py:830} INFO - Processing file //home/kali/Desktop/projects/git/bank_data_processing/dags/dag_raw_employees.py for tasks to queue
[2024-07-16T05:29:16.853+0530] {logging_mixin.py:188} INFO - [2024-07-16T05:29:16.853+0530] {dagbag.py:545} INFO - Filling up the DagBag from //home/kali/Desktop/projects/git/bank_data_processing/dags/dag_raw_employees.py
[2024-07-16T05:29:17.633+0530] {logging_mixin.py:188} INFO - [2024-07-16T05:29:17.633+0530] {base.py:84} INFO - Using connection ID 'mysql_default' for task execution.
[2024-07-16T05:29:17.641+0530] {processor.py:840} INFO - DAG(s) 'raw_load_employees' retrieved from //home/kali/Desktop/projects/git/bank_data_processing/dags/dag_raw_employees.py
[2024-07-16T05:29:17.769+0530] {logging_mixin.py:188} INFO - [2024-07-16T05:29:17.769+0530] {dag.py:3096} INFO - Sync 1 DAGs
[2024-07-16T05:29:17.781+0530] {logging_mixin.py:188} INFO - [2024-07-16T05:29:17.781+0530] {dag.py:3954} INFO - Setting next_dagrun for raw_load_employees to None, run_after=None
[2024-07-16T05:29:17.809+0530] {processor.py:183} INFO - Processing //home/kali/Desktop/projects/git/bank_data_processing/dags/dag_raw_employees.py took 0.970 seconds
[2024-07-16T05:29:48.002+0530] {processor.py:161} INFO - Started process (PID=24071) to work on //home/kali/Desktop/projects/git/bank_data_processing/dags/dag_raw_employees.py
[2024-07-16T05:29:48.004+0530] {processor.py:830} INFO - Processing file //home/kali/Desktop/projects/git/bank_data_processing/dags/dag_raw_employees.py for tasks to queue
[2024-07-16T05:29:48.006+0530] {logging_mixin.py:188} INFO - [2024-07-16T05:29:48.005+0530] {dagbag.py:545} INFO - Filling up the DagBag from //home/kali/Desktop/projects/git/bank_data_processing/dags/dag_raw_employees.py
[2024-07-16T05:29:48.614+0530] {logging_mixin.py:188} INFO - [2024-07-16T05:29:48.614+0530] {base.py:84} INFO - Using connection ID 'mysql_default' for task execution.
[2024-07-16T05:29:48.622+0530] {processor.py:840} INFO - DAG(s) 'raw_load_employees' retrieved from //home/kali/Desktop/projects/git/bank_data_processing/dags/dag_raw_employees.py
[2024-07-16T05:29:48.733+0530] {logging_mixin.py:188} INFO - [2024-07-16T05:29:48.732+0530] {dag.py:3096} INFO - Sync 1 DAGs
[2024-07-16T05:29:48.743+0530] {logging_mixin.py:188} INFO - [2024-07-16T05:29:48.742+0530] {dag.py:3954} INFO - Setting next_dagrun for raw_load_employees to None, run_after=None
[2024-07-16T05:29:48.775+0530] {processor.py:183} INFO - Processing //home/kali/Desktop/projects/git/bank_data_processing/dags/dag_raw_employees.py took 0.781 seconds
