[2024-07-16T05:16:07.202+0530] {processor.py:161} INFO - Started process (PID=6063) to work on //home/kali/Desktop/projects/git/bank_data_processing/dags/dag_raw_accounts.py
[2024-07-16T05:16:07.203+0530] {processor.py:830} INFO - Processing file //home/kali/Desktop/projects/git/bank_data_processing/dags/dag_raw_accounts.py for tasks to queue
[2024-07-16T05:16:07.205+0530] {logging_mixin.py:188} INFO - [2024-07-16T05:16:07.204+0530] {dagbag.py:545} INFO - Filling up the DagBag from //home/kali/Desktop/projects/git/bank_data_processing/dags/dag_raw_accounts.py
[2024-07-16T05:16:08.012+0530] {logging_mixin.py:188} INFO - [2024-07-16T05:16:08.011+0530] {base.py:84} INFO - Using connection ID 'mysql_default' for task execution.
[2024-07-16T05:16:08.020+0530] {processor.py:840} INFO - DAG(s) 'raw_load_accounts' retrieved from //home/kali/Desktop/projects/git/bank_data_processing/dags/dag_raw_accounts.py
[2024-07-16T05:16:08.040+0530] {logging_mixin.py:188} INFO - [2024-07-16T05:16:08.040+0530] {dag.py:3096} INFO - Sync 1 DAGs
[2024-07-16T05:16:08.049+0530] {logging_mixin.py:188} INFO - [2024-07-16T05:16:08.048+0530] {dag.py:3954} INFO - Setting next_dagrun for raw_load_accounts to None, run_after=None
[2024-07-16T05:16:08.067+0530] {processor.py:183} INFO - Processing //home/kali/Desktop/projects/git/bank_data_processing/dags/dag_raw_accounts.py took 0.871 seconds
[2024-07-16T05:16:38.182+0530] {processor.py:161} INFO - Started process (PID=6630) to work on //home/kali/Desktop/projects/git/bank_data_processing/dags/dag_raw_accounts.py
[2024-07-16T05:16:38.182+0530] {processor.py:830} INFO - Processing file //home/kali/Desktop/projects/git/bank_data_processing/dags/dag_raw_accounts.py for tasks to queue
[2024-07-16T05:16:38.184+0530] {logging_mixin.py:188} INFO - [2024-07-16T05:16:38.184+0530] {dagbag.py:545} INFO - Filling up the DagBag from //home/kali/Desktop/projects/git/bank_data_processing/dags/dag_raw_accounts.py
[2024-07-16T05:16:38.626+0530] {logging_mixin.py:188} INFO - [2024-07-16T05:16:38.626+0530] {base.py:84} INFO - Using connection ID 'mysql_default' for task execution.
[2024-07-16T05:16:38.632+0530] {processor.py:840} INFO - DAG(s) 'raw_load_accounts' retrieved from //home/kali/Desktop/projects/git/bank_data_processing/dags/dag_raw_accounts.py
[2024-07-16T05:16:38.714+0530] {logging_mixin.py:188} INFO - [2024-07-16T05:16:38.714+0530] {dag.py:3096} INFO - Sync 1 DAGs
[2024-07-16T05:16:38.722+0530] {logging_mixin.py:188} INFO - [2024-07-16T05:16:38.721+0530] {dag.py:3954} INFO - Setting next_dagrun for raw_load_accounts to None, run_after=None
[2024-07-16T05:16:38.744+0530] {processor.py:183} INFO - Processing //home/kali/Desktop/projects/git/bank_data_processing/dags/dag_raw_accounts.py took 0.568 seconds
[2024-07-16T05:17:09.589+0530] {processor.py:161} INFO - Started process (PID=7105) to work on //home/kali/Desktop/projects/git/bank_data_processing/dags/dag_raw_accounts.py
[2024-07-16T05:17:09.591+0530] {processor.py:830} INFO - Processing file //home/kali/Desktop/projects/git/bank_data_processing/dags/dag_raw_accounts.py for tasks to queue
[2024-07-16T05:17:09.596+0530] {logging_mixin.py:188} INFO - [2024-07-16T05:17:09.595+0530] {dagbag.py:545} INFO - Filling up the DagBag from //home/kali/Desktop/projects/git/bank_data_processing/dags/dag_raw_accounts.py
[2024-07-16T05:17:10.054+0530] {logging_mixin.py:188} INFO - [2024-07-16T05:17:10.054+0530] {base.py:84} INFO - Using connection ID 'mysql_default' for task execution.
[2024-07-16T05:17:10.063+0530] {processor.py:840} INFO - DAG(s) 'raw_load_accounts' retrieved from //home/kali/Desktop/projects/git/bank_data_processing/dags/dag_raw_accounts.py
[2024-07-16T05:17:10.180+0530] {logging_mixin.py:188} INFO - [2024-07-16T05:17:10.179+0530] {dag.py:3096} INFO - Sync 1 DAGs
[2024-07-16T05:17:10.189+0530] {logging_mixin.py:188} INFO - [2024-07-16T05:17:10.189+0530] {dag.py:3954} INFO - Setting next_dagrun for raw_load_accounts to None, run_after=None
[2024-07-16T05:17:10.213+0530] {processor.py:183} INFO - Processing //home/kali/Desktop/projects/git/bank_data_processing/dags/dag_raw_accounts.py took 0.643 seconds
[2024-07-16T05:17:40.967+0530] {processor.py:161} INFO - Started process (PID=7612) to work on //home/kali/Desktop/projects/git/bank_data_processing/dags/dag_raw_accounts.py
[2024-07-16T05:17:40.974+0530] {processor.py:830} INFO - Processing file //home/kali/Desktop/projects/git/bank_data_processing/dags/dag_raw_accounts.py for tasks to queue
[2024-07-16T05:17:40.977+0530] {logging_mixin.py:188} INFO - [2024-07-16T05:17:40.976+0530] {dagbag.py:545} INFO - Filling up the DagBag from //home/kali/Desktop/projects/git/bank_data_processing/dags/dag_raw_accounts.py
[2024-07-16T05:17:41.723+0530] {logging_mixin.py:188} INFO - [2024-07-16T05:17:41.722+0530] {base.py:84} INFO - Using connection ID 'mysql_default' for task execution.
[2024-07-16T05:17:41.733+0530] {processor.py:840} INFO - DAG(s) 'raw_load_accounts' retrieved from //home/kali/Desktop/projects/git/bank_data_processing/dags/dag_raw_accounts.py
[2024-07-16T05:17:41.865+0530] {logging_mixin.py:188} INFO - [2024-07-16T05:17:41.864+0530] {dag.py:3096} INFO - Sync 1 DAGs
[2024-07-16T05:17:41.878+0530] {logging_mixin.py:188} INFO - [2024-07-16T05:17:41.877+0530] {dag.py:3954} INFO - Setting next_dagrun for raw_load_accounts to None, run_after=None
[2024-07-16T05:17:41.908+0530] {processor.py:183} INFO - Processing //home/kali/Desktop/projects/git/bank_data_processing/dags/dag_raw_accounts.py took 0.951 seconds
[2024-07-16T05:18:12.898+0530] {processor.py:161} INFO - Started process (PID=8121) to work on //home/kali/Desktop/projects/git/bank_data_processing/dags/dag_raw_accounts.py
[2024-07-16T05:18:12.899+0530] {processor.py:830} INFO - Processing file //home/kali/Desktop/projects/git/bank_data_processing/dags/dag_raw_accounts.py for tasks to queue
[2024-07-16T05:18:12.902+0530] {logging_mixin.py:188} INFO - [2024-07-16T05:18:12.902+0530] {dagbag.py:545} INFO - Filling up the DagBag from //home/kali/Desktop/projects/git/bank_data_processing/dags/dag_raw_accounts.py
[2024-07-16T05:18:13.448+0530] {logging_mixin.py:188} INFO - [2024-07-16T05:18:13.448+0530] {base.py:84} INFO - Using connection ID 'mysql_default' for task execution.
[2024-07-16T05:18:13.454+0530] {processor.py:840} INFO - DAG(s) 'raw_load_accounts' retrieved from //home/kali/Desktop/projects/git/bank_data_processing/dags/dag_raw_accounts.py
[2024-07-16T05:18:13.543+0530] {logging_mixin.py:188} INFO - [2024-07-16T05:18:13.543+0530] {dag.py:3096} INFO - Sync 1 DAGs
[2024-07-16T05:18:13.552+0530] {logging_mixin.py:188} INFO - [2024-07-16T05:18:13.552+0530] {dag.py:3954} INFO - Setting next_dagrun for raw_load_accounts to None, run_after=None
[2024-07-16T05:18:13.573+0530] {processor.py:183} INFO - Processing //home/kali/Desktop/projects/git/bank_data_processing/dags/dag_raw_accounts.py took 0.686 seconds
[2024-07-16T05:18:44.048+0530] {processor.py:161} INFO - Started process (PID=8614) to work on //home/kali/Desktop/projects/git/bank_data_processing/dags/dag_raw_accounts.py
[2024-07-16T05:18:44.054+0530] {processor.py:830} INFO - Processing file //home/kali/Desktop/projects/git/bank_data_processing/dags/dag_raw_accounts.py for tasks to queue
[2024-07-16T05:18:44.056+0530] {logging_mixin.py:188} INFO - [2024-07-16T05:18:44.056+0530] {dagbag.py:545} INFO - Filling up the DagBag from //home/kali/Desktop/projects/git/bank_data_processing/dags/dag_raw_accounts.py
[2024-07-16T05:18:44.773+0530] {logging_mixin.py:188} INFO - [2024-07-16T05:18:44.772+0530] {base.py:84} INFO - Using connection ID 'mysql_default' for task execution.
[2024-07-16T05:18:44.781+0530] {processor.py:840} INFO - DAG(s) 'raw_load_accounts' retrieved from //home/kali/Desktop/projects/git/bank_data_processing/dags/dag_raw_accounts.py
[2024-07-16T05:18:44.895+0530] {logging_mixin.py:188} INFO - [2024-07-16T05:18:44.894+0530] {dag.py:3096} INFO - Sync 1 DAGs
[2024-07-16T05:18:44.903+0530] {logging_mixin.py:188} INFO - [2024-07-16T05:18:44.903+0530] {dag.py:3954} INFO - Setting next_dagrun for raw_load_accounts to None, run_after=None
[2024-07-16T05:18:44.934+0530] {processor.py:183} INFO - Processing //home/kali/Desktop/projects/git/bank_data_processing/dags/dag_raw_accounts.py took 0.895 seconds
[2024-07-16T05:19:15.240+0530] {processor.py:161} INFO - Started process (PID=9074) to work on //home/kali/Desktop/projects/git/bank_data_processing/dags/dag_raw_accounts.py
[2024-07-16T05:19:15.246+0530] {processor.py:830} INFO - Processing file //home/kali/Desktop/projects/git/bank_data_processing/dags/dag_raw_accounts.py for tasks to queue
[2024-07-16T05:19:15.248+0530] {logging_mixin.py:188} INFO - [2024-07-16T05:19:15.248+0530] {dagbag.py:545} INFO - Filling up the DagBag from //home/kali/Desktop/projects/git/bank_data_processing/dags/dag_raw_accounts.py
[2024-07-16T05:19:16.000+0530] {logging_mixin.py:188} INFO - [2024-07-16T05:19:15.999+0530] {base.py:84} INFO - Using connection ID 'mysql_default' for task execution.
[2024-07-16T05:19:16.011+0530] {processor.py:840} INFO - DAG(s) 'raw_load_accounts' retrieved from //home/kali/Desktop/projects/git/bank_data_processing/dags/dag_raw_accounts.py
[2024-07-16T05:19:16.170+0530] {logging_mixin.py:188} INFO - [2024-07-16T05:19:16.169+0530] {dag.py:3096} INFO - Sync 1 DAGs
[2024-07-16T05:19:16.185+0530] {logging_mixin.py:188} INFO - [2024-07-16T05:19:16.183+0530] {dag.py:3954} INFO - Setting next_dagrun for raw_load_accounts to None, run_after=None
[2024-07-16T05:19:16.222+0530] {processor.py:183} INFO - Processing //home/kali/Desktop/projects/git/bank_data_processing/dags/dag_raw_accounts.py took 0.995 seconds
[2024-07-16T05:19:46.098+0530] {processor.py:161} INFO - Started process (PID=9909) to work on //home/kali/Desktop/projects/git/bank_data_processing/dags/dag_raw_accounts.py
[2024-07-16T05:19:46.099+0530] {processor.py:830} INFO - Processing file //home/kali/Desktop/projects/git/bank_data_processing/dags/dag_raw_accounts.py for tasks to queue
[2024-07-16T05:19:46.100+0530] {logging_mixin.py:188} INFO - [2024-07-16T05:19:46.100+0530] {dagbag.py:545} INFO - Filling up the DagBag from //home/kali/Desktop/projects/git/bank_data_processing/dags/dag_raw_accounts.py
[2024-07-16T05:19:46.593+0530] {logging_mixin.py:188} INFO - [2024-07-16T05:19:46.593+0530] {base.py:84} INFO - Using connection ID 'mysql_default' for task execution.
[2024-07-16T05:19:46.599+0530] {processor.py:840} INFO - DAG(s) 'raw_load_accounts' retrieved from //home/kali/Desktop/projects/git/bank_data_processing/dags/dag_raw_accounts.py
[2024-07-16T05:19:46.614+0530] {logging_mixin.py:188} INFO - [2024-07-16T05:19:46.613+0530] {dag.py:3096} INFO - Sync 1 DAGs
[2024-07-16T05:19:46.622+0530] {logging_mixin.py:188} INFO - [2024-07-16T05:19:46.622+0530] {dag.py:3954} INFO - Setting next_dagrun for raw_load_accounts to None, run_after=None
[2024-07-16T05:19:46.639+0530] {processor.py:183} INFO - Processing //home/kali/Desktop/projects/git/bank_data_processing/dags/dag_raw_accounts.py took 0.547 seconds
[2024-07-16T05:20:16.782+0530] {processor.py:161} INFO - Started process (PID=10648) to work on //home/kali/Desktop/projects/git/bank_data_processing/dags/dag_raw_accounts.py
[2024-07-16T05:20:16.783+0530] {processor.py:830} INFO - Processing file //home/kali/Desktop/projects/git/bank_data_processing/dags/dag_raw_accounts.py for tasks to queue
[2024-07-16T05:20:16.788+0530] {logging_mixin.py:188} INFO - [2024-07-16T05:20:16.786+0530] {dagbag.py:545} INFO - Filling up the DagBag from //home/kali/Desktop/projects/git/bank_data_processing/dags/dag_raw_accounts.py
[2024-07-16T05:20:17.803+0530] {logging_mixin.py:188} INFO - [2024-07-16T05:20:17.802+0530] {base.py:84} INFO - Using connection ID 'mysql_default' for task execution.
[2024-07-16T05:20:17.813+0530] {processor.py:840} INFO - DAG(s) 'raw_load_accounts' retrieved from //home/kali/Desktop/projects/git/bank_data_processing/dags/dag_raw_accounts.py
[2024-07-16T05:20:17.955+0530] {logging_mixin.py:188} INFO - [2024-07-16T05:20:17.955+0530] {dag.py:3096} INFO - Sync 1 DAGs
[2024-07-16T05:20:17.964+0530] {logging_mixin.py:188} INFO - [2024-07-16T05:20:17.963+0530] {dag.py:3954} INFO - Setting next_dagrun for raw_load_accounts to None, run_after=None
[2024-07-16T05:20:17.990+0530] {processor.py:183} INFO - Processing //home/kali/Desktop/projects/git/bank_data_processing/dags/dag_raw_accounts.py took 1.218 seconds
[2024-07-16T05:20:48.208+0530] {processor.py:161} INFO - Started process (PID=11470) to work on //home/kali/Desktop/projects/git/bank_data_processing/dags/dag_raw_accounts.py
[2024-07-16T05:20:48.210+0530] {processor.py:830} INFO - Processing file //home/kali/Desktop/projects/git/bank_data_processing/dags/dag_raw_accounts.py for tasks to queue
[2024-07-16T05:20:48.214+0530] {logging_mixin.py:188} INFO - [2024-07-16T05:20:48.214+0530] {dagbag.py:545} INFO - Filling up the DagBag from //home/kali/Desktop/projects/git/bank_data_processing/dags/dag_raw_accounts.py
[2024-07-16T05:20:49.043+0530] {logging_mixin.py:188} INFO - [2024-07-16T05:20:49.042+0530] {base.py:84} INFO - Using connection ID 'mysql_default' for task execution.
[2024-07-16T05:20:49.056+0530] {processor.py:840} INFO - DAG(s) 'raw_load_accounts' retrieved from //home/kali/Desktop/projects/git/bank_data_processing/dags/dag_raw_accounts.py
[2024-07-16T05:20:49.060+0530] {logging_mixin.py:188} INFO - [2024-07-16T05:20:49.059+0530] {dag.py:3096} INFO - Sync 1 DAGs
[2024-07-16T05:20:49.074+0530] {logging_mixin.py:188} INFO - [2024-07-16T05:20:49.074+0530] {dag.py:3954} INFO - Setting next_dagrun for raw_load_accounts to None, run_after=None
[2024-07-16T05:20:49.106+0530] {processor.py:183} INFO - Processing //home/kali/Desktop/projects/git/bank_data_processing/dags/dag_raw_accounts.py took 0.905 seconds
[2024-07-16T05:21:19.922+0530] {processor.py:161} INFO - Started process (PID=12595) to work on //home/kali/Desktop/projects/git/bank_data_processing/dags/dag_raw_accounts.py
[2024-07-16T05:21:19.923+0530] {processor.py:830} INFO - Processing file //home/kali/Desktop/projects/git/bank_data_processing/dags/dag_raw_accounts.py for tasks to queue
[2024-07-16T05:21:19.926+0530] {logging_mixin.py:188} INFO - [2024-07-16T05:21:19.926+0530] {dagbag.py:545} INFO - Filling up the DagBag from //home/kali/Desktop/projects/git/bank_data_processing/dags/dag_raw_accounts.py
[2024-07-16T05:21:20.573+0530] {logging_mixin.py:188} INFO - [2024-07-16T05:21:20.573+0530] {base.py:84} INFO - Using connection ID 'mysql_default' for task execution.
[2024-07-16T05:21:20.582+0530] {processor.py:840} INFO - DAG(s) 'raw_load_accounts' retrieved from //home/kali/Desktop/projects/git/bank_data_processing/dags/dag_raw_accounts.py
[2024-07-16T05:21:20.702+0530] {logging_mixin.py:188} INFO - [2024-07-16T05:21:20.702+0530] {dag.py:3096} INFO - Sync 1 DAGs
[2024-07-16T05:21:20.711+0530] {logging_mixin.py:188} INFO - [2024-07-16T05:21:20.711+0530] {dag.py:3954} INFO - Setting next_dagrun for raw_load_accounts to None, run_after=None
[2024-07-16T05:21:20.736+0530] {processor.py:183} INFO - Processing //home/kali/Desktop/projects/git/bank_data_processing/dags/dag_raw_accounts.py took 0.822 seconds
[2024-07-16T05:24:28.934+0530] {processor.py:161} INFO - Started process (PID=15399) to work on //home/kali/Desktop/projects/git/bank_data_processing/dags/dag_raw_accounts.py
[2024-07-16T05:24:28.935+0530] {processor.py:830} INFO - Processing file //home/kali/Desktop/projects/git/bank_data_processing/dags/dag_raw_accounts.py for tasks to queue
[2024-07-16T05:24:28.936+0530] {logging_mixin.py:188} INFO - [2024-07-16T05:24:28.936+0530] {dagbag.py:545} INFO - Filling up the DagBag from //home/kali/Desktop/projects/git/bank_data_processing/dags/dag_raw_accounts.py
[2024-07-16T05:24:29.488+0530] {logging_mixin.py:188} INFO - [2024-07-16T05:24:29.488+0530] {base.py:84} INFO - Using connection ID 'mysql_default' for task execution.
[2024-07-16T05:24:29.500+0530] {processor.py:840} INFO - DAG(s) 'raw_load_accounts' retrieved from //home/kali/Desktop/projects/git/bank_data_processing/dags/dag_raw_accounts.py
[2024-07-16T05:24:29.529+0530] {logging_mixin.py:188} INFO - [2024-07-16T05:24:29.528+0530] {dag.py:3096} INFO - Sync 1 DAGs
[2024-07-16T05:24:29.548+0530] {logging_mixin.py:188} INFO - [2024-07-16T05:24:29.548+0530] {dag.py:3954} INFO - Setting next_dagrun for raw_load_accounts to None, run_after=None
[2024-07-16T05:24:29.601+0530] {processor.py:183} INFO - Processing //home/kali/Desktop/projects/git/bank_data_processing/dags/dag_raw_accounts.py took 0.673 seconds
[2024-07-16T05:24:59.855+0530] {processor.py:161} INFO - Started process (PID=16280) to work on //home/kali/Desktop/projects/git/bank_data_processing/dags/dag_raw_accounts.py
[2024-07-16T05:24:59.856+0530] {processor.py:830} INFO - Processing file //home/kali/Desktop/projects/git/bank_data_processing/dags/dag_raw_accounts.py for tasks to queue
[2024-07-16T05:24:59.857+0530] {logging_mixin.py:188} INFO - [2024-07-16T05:24:59.857+0530] {dagbag.py:545} INFO - Filling up the DagBag from //home/kali/Desktop/projects/git/bank_data_processing/dags/dag_raw_accounts.py
[2024-07-16T05:25:00.384+0530] {logging_mixin.py:188} INFO - [2024-07-16T05:25:00.384+0530] {base.py:84} INFO - Using connection ID 'mysql_default' for task execution.
[2024-07-16T05:25:00.392+0530] {processor.py:840} INFO - DAG(s) 'raw_load_accounts' retrieved from //home/kali/Desktop/projects/git/bank_data_processing/dags/dag_raw_accounts.py
[2024-07-16T05:25:00.488+0530] {logging_mixin.py:188} INFO - [2024-07-16T05:25:00.488+0530] {dag.py:3096} INFO - Sync 1 DAGs
[2024-07-16T05:25:00.496+0530] {logging_mixin.py:188} INFO - [2024-07-16T05:25:00.496+0530] {dag.py:3954} INFO - Setting next_dagrun for raw_load_accounts to None, run_after=None
[2024-07-16T05:25:00.518+0530] {processor.py:183} INFO - Processing //home/kali/Desktop/projects/git/bank_data_processing/dags/dag_raw_accounts.py took 0.670 seconds
[2024-07-16T05:25:30.719+0530] {processor.py:161} INFO - Started process (PID=17372) to work on //home/kali/Desktop/projects/git/bank_data_processing/dags/dag_raw_accounts.py
[2024-07-16T05:25:30.724+0530] {processor.py:830} INFO - Processing file //home/kali/Desktop/projects/git/bank_data_processing/dags/dag_raw_accounts.py for tasks to queue
[2024-07-16T05:25:30.728+0530] {logging_mixin.py:188} INFO - [2024-07-16T05:25:30.728+0530] {dagbag.py:545} INFO - Filling up the DagBag from //home/kali/Desktop/projects/git/bank_data_processing/dags/dag_raw_accounts.py
[2024-07-16T05:25:32.187+0530] {logging_mixin.py:188} INFO - [2024-07-16T05:25:32.186+0530] {base.py:84} INFO - Using connection ID 'mysql_default' for task execution.
[2024-07-16T05:25:32.196+0530] {processor.py:840} INFO - DAG(s) 'raw_load_accounts' retrieved from //home/kali/Desktop/projects/git/bank_data_processing/dags/dag_raw_accounts.py
[2024-07-16T05:25:32.364+0530] {logging_mixin.py:188} INFO - [2024-07-16T05:25:32.363+0530] {dag.py:3096} INFO - Sync 1 DAGs
[2024-07-16T05:25:32.388+0530] {logging_mixin.py:188} INFO - [2024-07-16T05:25:32.388+0530] {dag.py:3954} INFO - Setting next_dagrun for raw_load_accounts to None, run_after=None
[2024-07-16T05:25:32.446+0530] {processor.py:183} INFO - Processing //home/kali/Desktop/projects/git/bank_data_processing/dags/dag_raw_accounts.py took 1.745 seconds
[2024-07-16T05:26:02.518+0530] {processor.py:161} INFO - Started process (PID=18424) to work on //home/kali/Desktop/projects/git/bank_data_processing/dags/dag_raw_accounts.py
[2024-07-16T05:26:02.522+0530] {processor.py:830} INFO - Processing file //home/kali/Desktop/projects/git/bank_data_processing/dags/dag_raw_accounts.py for tasks to queue
[2024-07-16T05:26:02.524+0530] {logging_mixin.py:188} INFO - [2024-07-16T05:26:02.524+0530] {dagbag.py:545} INFO - Filling up the DagBag from //home/kali/Desktop/projects/git/bank_data_processing/dags/dag_raw_accounts.py
[2024-07-16T05:26:03.208+0530] {logging_mixin.py:188} INFO - [2024-07-16T05:26:03.208+0530] {base.py:84} INFO - Using connection ID 'mysql_default' for task execution.
[2024-07-16T05:26:03.216+0530] {processor.py:840} INFO - DAG(s) 'raw_load_accounts' retrieved from //home/kali/Desktop/projects/git/bank_data_processing/dags/dag_raw_accounts.py
[2024-07-16T05:26:03.304+0530] {logging_mixin.py:188} INFO - [2024-07-16T05:26:03.303+0530] {dag.py:3096} INFO - Sync 1 DAGs
[2024-07-16T05:26:03.311+0530] {logging_mixin.py:188} INFO - [2024-07-16T05:26:03.311+0530] {dag.py:3954} INFO - Setting next_dagrun for raw_load_accounts to None, run_after=None
[2024-07-16T05:26:03.340+0530] {processor.py:183} INFO - Processing //home/kali/Desktop/projects/git/bank_data_processing/dags/dag_raw_accounts.py took 0.831 seconds
[2024-07-16T05:26:33.752+0530] {processor.py:161} INFO - Started process (PID=19532) to work on //home/kali/Desktop/projects/git/bank_data_processing/dags/dag_raw_accounts.py
[2024-07-16T05:26:33.759+0530] {processor.py:830} INFO - Processing file //home/kali/Desktop/projects/git/bank_data_processing/dags/dag_raw_accounts.py for tasks to queue
[2024-07-16T05:26:33.761+0530] {logging_mixin.py:188} INFO - [2024-07-16T05:26:33.760+0530] {dagbag.py:545} INFO - Filling up the DagBag from //home/kali/Desktop/projects/git/bank_data_processing/dags/dag_raw_accounts.py
[2024-07-16T05:26:34.395+0530] {logging_mixin.py:188} INFO - [2024-07-16T05:26:34.395+0530] {base.py:84} INFO - Using connection ID 'mysql_default' for task execution.
[2024-07-16T05:26:34.402+0530] {processor.py:840} INFO - DAG(s) 'raw_load_accounts' retrieved from //home/kali/Desktop/projects/git/bank_data_processing/dags/dag_raw_accounts.py
[2024-07-16T05:26:34.511+0530] {logging_mixin.py:188} INFO - [2024-07-16T05:26:34.511+0530] {dag.py:3096} INFO - Sync 1 DAGs
[2024-07-16T05:26:34.521+0530] {logging_mixin.py:188} INFO - [2024-07-16T05:26:34.521+0530] {dag.py:3954} INFO - Setting next_dagrun for raw_load_accounts to None, run_after=None
[2024-07-16T05:26:34.546+0530] {processor.py:183} INFO - Processing //home/kali/Desktop/projects/git/bank_data_processing/dags/dag_raw_accounts.py took 0.804 seconds
[2024-07-16T05:27:04.675+0530] {processor.py:161} INFO - Started process (PID=20753) to work on //home/kali/Desktop/projects/git/bank_data_processing/dags/dag_raw_accounts.py
[2024-07-16T05:27:04.681+0530] {processor.py:830} INFO - Processing file //home/kali/Desktop/projects/git/bank_data_processing/dags/dag_raw_accounts.py for tasks to queue
[2024-07-16T05:27:04.683+0530] {logging_mixin.py:188} INFO - [2024-07-16T05:27:04.683+0530] {dagbag.py:545} INFO - Filling up the DagBag from //home/kali/Desktop/projects/git/bank_data_processing/dags/dag_raw_accounts.py
[2024-07-16T05:27:05.238+0530] {logging_mixin.py:188} INFO - [2024-07-16T05:27:05.238+0530] {base.py:84} INFO - Using connection ID 'mysql_default' for task execution.
[2024-07-16T05:27:05.244+0530] {processor.py:840} INFO - DAG(s) 'raw_load_accounts' retrieved from //home/kali/Desktop/projects/git/bank_data_processing/dags/dag_raw_accounts.py
[2024-07-16T05:27:05.329+0530] {logging_mixin.py:188} INFO - [2024-07-16T05:27:05.328+0530] {dag.py:3096} INFO - Sync 1 DAGs
[2024-07-16T05:27:05.337+0530] {logging_mixin.py:188} INFO - [2024-07-16T05:27:05.336+0530] {dag.py:3954} INFO - Setting next_dagrun for raw_load_accounts to None, run_after=None
[2024-07-16T05:27:05.360+0530] {processor.py:183} INFO - Processing //home/kali/Desktop/projects/git/bank_data_processing/dags/dag_raw_accounts.py took 0.704 seconds
[2024-07-16T05:27:35.980+0530] {processor.py:161} INFO - Started process (PID=21543) to work on //home/kali/Desktop/projects/git/bank_data_processing/dags/dag_raw_accounts.py
[2024-07-16T05:27:35.988+0530] {processor.py:830} INFO - Processing file //home/kali/Desktop/projects/git/bank_data_processing/dags/dag_raw_accounts.py for tasks to queue
[2024-07-16T05:27:35.993+0530] {logging_mixin.py:188} INFO - [2024-07-16T05:27:35.992+0530] {dagbag.py:545} INFO - Filling up the DagBag from //home/kali/Desktop/projects/git/bank_data_processing/dags/dag_raw_accounts.py
[2024-07-16T05:27:36.457+0530] {logging_mixin.py:188} INFO - [2024-07-16T05:27:36.457+0530] {base.py:84} INFO - Using connection ID 'mysql_default' for task execution.
[2024-07-16T05:27:36.464+0530] {processor.py:840} INFO - DAG(s) 'raw_load_accounts' retrieved from //home/kali/Desktop/projects/git/bank_data_processing/dags/dag_raw_accounts.py
[2024-07-16T05:27:36.545+0530] {logging_mixin.py:188} INFO - [2024-07-16T05:27:36.545+0530] {dag.py:3096} INFO - Sync 1 DAGs
[2024-07-16T05:27:36.552+0530] {logging_mixin.py:188} INFO - [2024-07-16T05:27:36.552+0530] {dag.py:3954} INFO - Setting next_dagrun for raw_load_accounts to None, run_after=None
[2024-07-16T05:27:36.587+0530] {processor.py:183} INFO - Processing //home/kali/Desktop/projects/git/bank_data_processing/dags/dag_raw_accounts.py took 0.627 seconds
[2024-07-16T05:28:06.824+0530] {processor.py:161} INFO - Started process (PID=22121) to work on //home/kali/Desktop/projects/git/bank_data_processing/dags/dag_raw_accounts.py
[2024-07-16T05:28:06.827+0530] {processor.py:830} INFO - Processing file //home/kali/Desktop/projects/git/bank_data_processing/dags/dag_raw_accounts.py for tasks to queue
[2024-07-16T05:28:06.830+0530] {logging_mixin.py:188} INFO - [2024-07-16T05:28:06.830+0530] {dagbag.py:545} INFO - Filling up the DagBag from //home/kali/Desktop/projects/git/bank_data_processing/dags/dag_raw_accounts.py
[2024-07-16T05:28:07.335+0530] {logging_mixin.py:188} INFO - [2024-07-16T05:28:07.335+0530] {base.py:84} INFO - Using connection ID 'mysql_default' for task execution.
[2024-07-16T05:28:07.341+0530] {processor.py:840} INFO - DAG(s) 'raw_load_accounts' retrieved from //home/kali/Desktop/projects/git/bank_data_processing/dags/dag_raw_accounts.py
[2024-07-16T05:28:07.439+0530] {logging_mixin.py:188} INFO - [2024-07-16T05:28:07.439+0530] {dag.py:3096} INFO - Sync 1 DAGs
[2024-07-16T05:28:07.450+0530] {logging_mixin.py:188} INFO - [2024-07-16T05:28:07.450+0530] {dag.py:3954} INFO - Setting next_dagrun for raw_load_accounts to None, run_after=None
[2024-07-16T05:28:07.473+0530] {processor.py:183} INFO - Processing //home/kali/Desktop/projects/git/bank_data_processing/dags/dag_raw_accounts.py took 0.667 seconds
[2024-07-16T05:28:38.041+0530] {processor.py:161} INFO - Started process (PID=22618) to work on //home/kali/Desktop/projects/git/bank_data_processing/dags/dag_raw_accounts.py
[2024-07-16T05:28:38.047+0530] {processor.py:830} INFO - Processing file //home/kali/Desktop/projects/git/bank_data_processing/dags/dag_raw_accounts.py for tasks to queue
[2024-07-16T05:28:38.049+0530] {logging_mixin.py:188} INFO - [2024-07-16T05:28:38.048+0530] {dagbag.py:545} INFO - Filling up the DagBag from //home/kali/Desktop/projects/git/bank_data_processing/dags/dag_raw_accounts.py
[2024-07-16T05:28:38.560+0530] {logging_mixin.py:188} INFO - [2024-07-16T05:28:38.560+0530] {base.py:84} INFO - Using connection ID 'mysql_default' for task execution.
[2024-07-16T05:28:38.568+0530] {processor.py:840} INFO - DAG(s) 'raw_load_accounts' retrieved from //home/kali/Desktop/projects/git/bank_data_processing/dags/dag_raw_accounts.py
[2024-07-16T05:28:38.676+0530] {logging_mixin.py:188} INFO - [2024-07-16T05:28:38.676+0530] {dag.py:3096} INFO - Sync 1 DAGs
[2024-07-16T05:28:38.686+0530] {logging_mixin.py:188} INFO - [2024-07-16T05:28:38.686+0530] {dag.py:3954} INFO - Setting next_dagrun for raw_load_accounts to None, run_after=None
[2024-07-16T05:28:38.710+0530] {processor.py:183} INFO - Processing //home/kali/Desktop/projects/git/bank_data_processing/dags/dag_raw_accounts.py took 0.677 seconds
[2024-07-16T05:29:08.754+0530] {processor.py:161} INFO - Started process (PID=23217) to work on //home/kali/Desktop/projects/git/bank_data_processing/dags/dag_raw_accounts.py
[2024-07-16T05:29:08.761+0530] {processor.py:830} INFO - Processing file //home/kali/Desktop/projects/git/bank_data_processing/dags/dag_raw_accounts.py for tasks to queue
[2024-07-16T05:29:08.765+0530] {logging_mixin.py:188} INFO - [2024-07-16T05:29:08.765+0530] {dagbag.py:545} INFO - Filling up the DagBag from //home/kali/Desktop/projects/git/bank_data_processing/dags/dag_raw_accounts.py
[2024-07-16T05:29:09.305+0530] {logging_mixin.py:188} INFO - [2024-07-16T05:29:09.305+0530] {base.py:84} INFO - Using connection ID 'mysql_default' for task execution.
[2024-07-16T05:29:09.313+0530] {processor.py:840} INFO - DAG(s) 'raw_load_accounts' retrieved from //home/kali/Desktop/projects/git/bank_data_processing/dags/dag_raw_accounts.py
[2024-07-16T05:29:09.418+0530] {logging_mixin.py:188} INFO - [2024-07-16T05:29:09.418+0530] {dag.py:3096} INFO - Sync 1 DAGs
[2024-07-16T05:29:09.427+0530] {logging_mixin.py:188} INFO - [2024-07-16T05:29:09.426+0530] {dag.py:3954} INFO - Setting next_dagrun for raw_load_accounts to None, run_after=None
[2024-07-16T05:29:09.451+0530] {processor.py:183} INFO - Processing //home/kali/Desktop/projects/git/bank_data_processing/dags/dag_raw_accounts.py took 0.705 seconds
[2024-07-16T05:29:39.990+0530] {processor.py:161} INFO - Started process (PID=23865) to work on //home/kali/Desktop/projects/git/bank_data_processing/dags/dag_raw_accounts.py
[2024-07-16T05:29:39.993+0530] {processor.py:830} INFO - Processing file //home/kali/Desktop/projects/git/bank_data_processing/dags/dag_raw_accounts.py for tasks to queue
[2024-07-16T05:29:39.996+0530] {logging_mixin.py:188} INFO - [2024-07-16T05:29:39.995+0530] {dagbag.py:545} INFO - Filling up the DagBag from //home/kali/Desktop/projects/git/bank_data_processing/dags/dag_raw_accounts.py
[2024-07-16T05:29:40.529+0530] {logging_mixin.py:188} INFO - [2024-07-16T05:29:40.529+0530] {base.py:84} INFO - Using connection ID 'mysql_default' for task execution.
[2024-07-16T05:29:40.537+0530] {processor.py:840} INFO - DAG(s) 'raw_load_accounts' retrieved from //home/kali/Desktop/projects/git/bank_data_processing/dags/dag_raw_accounts.py
[2024-07-16T05:29:40.633+0530] {logging_mixin.py:188} INFO - [2024-07-16T05:29:40.632+0530] {dag.py:3096} INFO - Sync 1 DAGs
[2024-07-16T05:29:40.642+0530] {logging_mixin.py:188} INFO - [2024-07-16T05:29:40.642+0530] {dag.py:3954} INFO - Setting next_dagrun for raw_load_accounts to None, run_after=None
[2024-07-16T05:29:40.667+0530] {processor.py:183} INFO - Processing //home/kali/Desktop/projects/git/bank_data_processing/dags/dag_raw_accounts.py took 0.691 seconds
