[2024-07-16T05:16:13.238+0530] {processor.py:161} INFO - Started process (PID=6311) to work on //home/kali/Desktop/projects/git/bank_data_processing/dags/dag_raw_cheques.py
[2024-07-16T05:16:13.238+0530] {processor.py:830} INFO - Processing file //home/kali/Desktop/projects/git/bank_data_processing/dags/dag_raw_cheques.py for tasks to queue
[2024-07-16T05:16:13.240+0530] {logging_mixin.py:188} INFO - [2024-07-16T05:16:13.240+0530] {dagbag.py:545} INFO - Filling up the DagBag from //home/kali/Desktop/projects/git/bank_data_processing/dags/dag_raw_cheques.py
[2024-07-16T05:16:13.742+0530] {logging_mixin.py:188} INFO - [2024-07-16T05:16:13.742+0530] {base.py:84} INFO - Using connection ID 'mysql_default' for task execution.
[2024-07-16T05:16:13.747+0530] {processor.py:840} INFO - DAG(s) 'raw_load_cheques' retrieved from //home/kali/Desktop/projects/git/bank_data_processing/dags/dag_raw_cheques.py
[2024-07-16T05:16:13.750+0530] {logging_mixin.py:188} INFO - [2024-07-16T05:16:13.749+0530] {dag.py:3096} INFO - Sync 1 DAGs
[2024-07-16T05:16:13.757+0530] {logging_mixin.py:188} INFO - [2024-07-16T05:16:13.757+0530] {dag.py:3954} INFO - Setting next_dagrun for raw_load_cheques to None, run_after=None
[2024-07-16T05:16:13.775+0530] {processor.py:183} INFO - Processing //home/kali/Desktop/projects/git/bank_data_processing/dags/dag_raw_cheques.py took 0.544 seconds
[2024-07-16T05:16:47.099+0530] {processor.py:161} INFO - Started process (PID=6859) to work on //home/kali/Desktop/projects/git/bank_data_processing/dags/dag_raw_cheques.py
[2024-07-16T05:16:47.100+0530] {processor.py:830} INFO - Processing file //home/kali/Desktop/projects/git/bank_data_processing/dags/dag_raw_cheques.py for tasks to queue
[2024-07-16T05:16:47.103+0530] {logging_mixin.py:188} INFO - [2024-07-16T05:16:47.102+0530] {dagbag.py:545} INFO - Filling up the DagBag from //home/kali/Desktop/projects/git/bank_data_processing/dags/dag_raw_cheques.py
[2024-07-16T05:16:47.620+0530] {logging_mixin.py:188} INFO - [2024-07-16T05:16:47.619+0530] {base.py:84} INFO - Using connection ID 'mysql_default' for task execution.
[2024-07-16T05:16:47.625+0530] {processor.py:840} INFO - DAG(s) 'raw_load_cheques' retrieved from //home/kali/Desktop/projects/git/bank_data_processing/dags/dag_raw_cheques.py
[2024-07-16T05:16:47.705+0530] {logging_mixin.py:188} INFO - [2024-07-16T05:16:47.705+0530] {dag.py:3096} INFO - Sync 1 DAGs
[2024-07-16T05:16:47.713+0530] {logging_mixin.py:188} INFO - [2024-07-16T05:16:47.712+0530] {dag.py:3954} INFO - Setting next_dagrun for raw_load_cheques to None, run_after=None
[2024-07-16T05:16:47.734+0530] {processor.py:183} INFO - Processing //home/kali/Desktop/projects/git/bank_data_processing/dags/dag_raw_cheques.py took 0.643 seconds
[2024-07-16T05:17:18.134+0530] {processor.py:161} INFO - Started process (PID=7330) to work on //home/kali/Desktop/projects/git/bank_data_processing/dags/dag_raw_cheques.py
[2024-07-16T05:17:18.134+0530] {processor.py:830} INFO - Processing file //home/kali/Desktop/projects/git/bank_data_processing/dags/dag_raw_cheques.py for tasks to queue
[2024-07-16T05:17:18.137+0530] {logging_mixin.py:188} INFO - [2024-07-16T05:17:18.136+0530] {dagbag.py:545} INFO - Filling up the DagBag from //home/kali/Desktop/projects/git/bank_data_processing/dags/dag_raw_cheques.py
[2024-07-16T05:17:18.640+0530] {logging_mixin.py:188} INFO - [2024-07-16T05:17:18.640+0530] {base.py:84} INFO - Using connection ID 'mysql_default' for task execution.
[2024-07-16T05:17:18.646+0530] {processor.py:840} INFO - DAG(s) 'raw_load_cheques' retrieved from //home/kali/Desktop/projects/git/bank_data_processing/dags/dag_raw_cheques.py
[2024-07-16T05:17:18.727+0530] {logging_mixin.py:188} INFO - [2024-07-16T05:17:18.727+0530] {dag.py:3096} INFO - Sync 1 DAGs
[2024-07-16T05:17:18.734+0530] {logging_mixin.py:188} INFO - [2024-07-16T05:17:18.734+0530] {dag.py:3954} INFO - Setting next_dagrun for raw_load_cheques to None, run_after=None
[2024-07-16T05:17:18.751+0530] {processor.py:183} INFO - Processing //home/kali/Desktop/projects/git/bank_data_processing/dags/dag_raw_cheques.py took 0.623 seconds
[2024-07-16T05:17:50.978+0530] {processor.py:161} INFO - Started process (PID=7880) to work on //home/kali/Desktop/projects/git/bank_data_processing/dags/dag_raw_cheques.py
[2024-07-16T05:17:50.979+0530] {processor.py:830} INFO - Processing file //home/kali/Desktop/projects/git/bank_data_processing/dags/dag_raw_cheques.py for tasks to queue
[2024-07-16T05:17:50.981+0530] {logging_mixin.py:188} INFO - [2024-07-16T05:17:50.981+0530] {dagbag.py:545} INFO - Filling up the DagBag from //home/kali/Desktop/projects/git/bank_data_processing/dags/dag_raw_cheques.py
[2024-07-16T05:17:51.533+0530] {logging_mixin.py:188} INFO - [2024-07-16T05:17:51.532+0530] {base.py:84} INFO - Using connection ID 'mysql_default' for task execution.
[2024-07-16T05:17:51.539+0530] {processor.py:840} INFO - DAG(s) 'raw_load_cheques' retrieved from //home/kali/Desktop/projects/git/bank_data_processing/dags/dag_raw_cheques.py
[2024-07-16T05:17:51.646+0530] {logging_mixin.py:188} INFO - [2024-07-16T05:17:51.645+0530] {dag.py:3096} INFO - Sync 1 DAGs
[2024-07-16T05:17:51.660+0530] {logging_mixin.py:188} INFO - [2024-07-16T05:17:51.660+0530] {dag.py:3954} INFO - Setting next_dagrun for raw_load_cheques to None, run_after=None
[2024-07-16T05:17:51.692+0530] {processor.py:183} INFO - Processing //home/kali/Desktop/projects/git/bank_data_processing/dags/dag_raw_cheques.py took 0.719 seconds
[2024-07-16T05:18:22.121+0530] {processor.py:161} INFO - Started process (PID=8345) to work on //home/kali/Desktop/projects/git/bank_data_processing/dags/dag_raw_cheques.py
[2024-07-16T05:18:22.122+0530] {processor.py:830} INFO - Processing file //home/kali/Desktop/projects/git/bank_data_processing/dags/dag_raw_cheques.py for tasks to queue
[2024-07-16T05:18:22.125+0530] {logging_mixin.py:188} INFO - [2024-07-16T05:18:22.124+0530] {dagbag.py:545} INFO - Filling up the DagBag from //home/kali/Desktop/projects/git/bank_data_processing/dags/dag_raw_cheques.py
[2024-07-16T05:18:22.673+0530] {logging_mixin.py:188} INFO - [2024-07-16T05:18:22.673+0530] {base.py:84} INFO - Using connection ID 'mysql_default' for task execution.
[2024-07-16T05:18:22.679+0530] {processor.py:840} INFO - DAG(s) 'raw_load_cheques' retrieved from //home/kali/Desktop/projects/git/bank_data_processing/dags/dag_raw_cheques.py
[2024-07-16T05:18:22.786+0530] {logging_mixin.py:188} INFO - [2024-07-16T05:18:22.786+0530] {dag.py:3096} INFO - Sync 1 DAGs
[2024-07-16T05:18:22.797+0530] {logging_mixin.py:188} INFO - [2024-07-16T05:18:22.797+0530] {dag.py:3954} INFO - Setting next_dagrun for raw_load_cheques to None, run_after=None
[2024-07-16T05:18:22.838+0530] {processor.py:183} INFO - Processing //home/kali/Desktop/projects/git/bank_data_processing/dags/dag_raw_cheques.py took 0.725 seconds
[2024-07-16T05:18:52.918+0530] {processor.py:161} INFO - Started process (PID=8850) to work on //home/kali/Desktop/projects/git/bank_data_processing/dags/dag_raw_cheques.py
[2024-07-16T05:18:52.919+0530] {processor.py:830} INFO - Processing file //home/kali/Desktop/projects/git/bank_data_processing/dags/dag_raw_cheques.py for tasks to queue
[2024-07-16T05:18:52.921+0530] {logging_mixin.py:188} INFO - [2024-07-16T05:18:52.921+0530] {dagbag.py:545} INFO - Filling up the DagBag from //home/kali/Desktop/projects/git/bank_data_processing/dags/dag_raw_cheques.py
[2024-07-16T05:18:53.474+0530] {logging_mixin.py:188} INFO - [2024-07-16T05:18:53.474+0530] {base.py:84} INFO - Using connection ID 'mysql_default' for task execution.
[2024-07-16T05:18:53.482+0530] {processor.py:840} INFO - DAG(s) 'raw_load_cheques' retrieved from //home/kali/Desktop/projects/git/bank_data_processing/dags/dag_raw_cheques.py
[2024-07-16T05:18:53.595+0530] {logging_mixin.py:188} INFO - [2024-07-16T05:18:53.594+0530] {dag.py:3096} INFO - Sync 1 DAGs
[2024-07-16T05:18:53.603+0530] {logging_mixin.py:188} INFO - [2024-07-16T05:18:53.603+0530] {dag.py:3954} INFO - Setting next_dagrun for raw_load_cheques to None, run_after=None
[2024-07-16T05:18:53.630+0530] {processor.py:183} INFO - Processing //home/kali/Desktop/projects/git/bank_data_processing/dags/dag_raw_cheques.py took 0.719 seconds
[2024-07-16T05:19:23.986+0530] {processor.py:161} INFO - Started process (PID=9431) to work on //home/kali/Desktop/projects/git/bank_data_processing/dags/dag_raw_cheques.py
[2024-07-16T05:19:23.991+0530] {processor.py:830} INFO - Processing file //home/kali/Desktop/projects/git/bank_data_processing/dags/dag_raw_cheques.py for tasks to queue
[2024-07-16T05:19:23.993+0530] {logging_mixin.py:188} INFO - [2024-07-16T05:19:23.993+0530] {dagbag.py:545} INFO - Filling up the DagBag from //home/kali/Desktop/projects/git/bank_data_processing/dags/dag_raw_cheques.py
[2024-07-16T05:19:24.705+0530] {logging_mixin.py:188} INFO - [2024-07-16T05:19:24.704+0530] {base.py:84} INFO - Using connection ID 'mysql_default' for task execution.
[2024-07-16T05:19:24.712+0530] {processor.py:840} INFO - DAG(s) 'raw_load_cheques' retrieved from //home/kali/Desktop/projects/git/bank_data_processing/dags/dag_raw_cheques.py
[2024-07-16T05:19:24.857+0530] {logging_mixin.py:188} INFO - [2024-07-16T05:19:24.857+0530] {dag.py:3096} INFO - Sync 1 DAGs
[2024-07-16T05:19:24.871+0530] {logging_mixin.py:188} INFO - [2024-07-16T05:19:24.870+0530] {dag.py:3954} INFO - Setting next_dagrun for raw_load_cheques to None, run_after=None
[2024-07-16T05:19:24.897+0530] {processor.py:183} INFO - Processing //home/kali/Desktop/projects/git/bank_data_processing/dags/dag_raw_cheques.py took 0.920 seconds
[2024-07-16T05:19:52.885+0530] {processor.py:161} INFO - Started process (PID=10368) to work on //home/kali/Desktop/projects/git/bank_data_processing/dags/dag_raw_cheques.py
[2024-07-16T05:19:52.886+0530] {processor.py:830} INFO - Processing file //home/kali/Desktop/projects/git/bank_data_processing/dags/dag_raw_cheques.py for tasks to queue
[2024-07-16T05:19:52.888+0530] {logging_mixin.py:188} INFO - [2024-07-16T05:19:52.887+0530] {dagbag.py:545} INFO - Filling up the DagBag from //home/kali/Desktop/projects/git/bank_data_processing/dags/dag_raw_cheques.py
[2024-07-16T05:19:53.514+0530] {logging_mixin.py:188} INFO - [2024-07-16T05:19:53.513+0530] {base.py:84} INFO - Using connection ID 'mysql_default' for task execution.
[2024-07-16T05:19:53.526+0530] {processor.py:840} INFO - DAG(s) 'raw_load_cheques' retrieved from //home/kali/Desktop/projects/git/bank_data_processing/dags/dag_raw_cheques.py
[2024-07-16T05:19:53.531+0530] {logging_mixin.py:188} INFO - [2024-07-16T05:19:53.530+0530] {dag.py:3096} INFO - Sync 1 DAGs
[2024-07-16T05:19:53.554+0530] {logging_mixin.py:188} INFO - [2024-07-16T05:19:53.554+0530] {dag.py:3954} INFO - Setting next_dagrun for raw_load_cheques to None, run_after=None
[2024-07-16T05:19:53.586+0530] {processor.py:183} INFO - Processing //home/kali/Desktop/projects/git/bank_data_processing/dags/dag_raw_cheques.py took 0.709 seconds
[2024-07-16T05:20:25.322+0530] {processor.py:161} INFO - Started process (PID=10954) to work on //home/kali/Desktop/projects/git/bank_data_processing/dags/dag_raw_cheques.py
[2024-07-16T05:20:25.324+0530] {processor.py:830} INFO - Processing file //home/kali/Desktop/projects/git/bank_data_processing/dags/dag_raw_cheques.py for tasks to queue
[2024-07-16T05:20:25.326+0530] {logging_mixin.py:188} INFO - [2024-07-16T05:20:25.325+0530] {dagbag.py:545} INFO - Filling up the DagBag from //home/kali/Desktop/projects/git/bank_data_processing/dags/dag_raw_cheques.py
[2024-07-16T05:20:25.996+0530] {logging_mixin.py:188} INFO - [2024-07-16T05:20:25.996+0530] {base.py:84} INFO - Using connection ID 'mysql_default' for task execution.
[2024-07-16T05:20:26.004+0530] {processor.py:840} INFO - DAG(s) 'raw_load_cheques' retrieved from //home/kali/Desktop/projects/git/bank_data_processing/dags/dag_raw_cheques.py
[2024-07-16T05:20:26.007+0530] {logging_mixin.py:188} INFO - [2024-07-16T05:20:26.007+0530] {dag.py:3096} INFO - Sync 1 DAGs
[2024-07-16T05:20:26.016+0530] {logging_mixin.py:188} INFO - [2024-07-16T05:20:26.016+0530] {dag.py:3954} INFO - Setting next_dagrun for raw_load_cheques to None, run_after=None
[2024-07-16T05:20:26.034+0530] {processor.py:183} INFO - Processing //home/kali/Desktop/projects/git/bank_data_processing/dags/dag_raw_cheques.py took 0.721 seconds
[2024-07-16T05:21:00.124+0530] {processor.py:161} INFO - Started process (PID=12277) to work on //home/kali/Desktop/projects/git/bank_data_processing/dags/dag_raw_cheques.py
[2024-07-16T05:21:00.125+0530] {processor.py:830} INFO - Processing file //home/kali/Desktop/projects/git/bank_data_processing/dags/dag_raw_cheques.py for tasks to queue
[2024-07-16T05:21:00.127+0530] {logging_mixin.py:188} INFO - [2024-07-16T05:21:00.127+0530] {dagbag.py:545} INFO - Filling up the DagBag from //home/kali/Desktop/projects/git/bank_data_processing/dags/dag_raw_cheques.py
[2024-07-16T05:21:00.610+0530] {logging_mixin.py:188} INFO - [2024-07-16T05:21:00.610+0530] {base.py:84} INFO - Using connection ID 'mysql_default' for task execution.
[2024-07-16T05:21:00.616+0530] {processor.py:840} INFO - DAG(s) 'raw_load_cheques' retrieved from //home/kali/Desktop/projects/git/bank_data_processing/dags/dag_raw_cheques.py
[2024-07-16T05:21:00.717+0530] {logging_mixin.py:188} INFO - [2024-07-16T05:21:00.717+0530] {dag.py:3096} INFO - Sync 1 DAGs
[2024-07-16T05:21:00.729+0530] {logging_mixin.py:188} INFO - [2024-07-16T05:21:00.728+0530] {dag.py:3954} INFO - Setting next_dagrun for raw_load_cheques to None, run_after=None
[2024-07-16T05:21:00.757+0530] {processor.py:183} INFO - Processing //home/kali/Desktop/projects/git/bank_data_processing/dags/dag_raw_cheques.py took 0.639 seconds
[2024-07-16T05:24:35.953+0530] {processor.py:161} INFO - Started process (PID=15859) to work on //home/kali/Desktop/projects/git/bank_data_processing/dags/dag_raw_cheques.py
[2024-07-16T05:24:35.956+0530] {processor.py:830} INFO - Processing file //home/kali/Desktop/projects/git/bank_data_processing/dags/dag_raw_cheques.py for tasks to queue
[2024-07-16T05:24:35.962+0530] {logging_mixin.py:188} INFO - [2024-07-16T05:24:35.961+0530] {dagbag.py:545} INFO - Filling up the DagBag from //home/kali/Desktop/projects/git/bank_data_processing/dags/dag_raw_cheques.py
[2024-07-16T05:24:36.736+0530] {logging_mixin.py:188} INFO - [2024-07-16T05:24:36.735+0530] {base.py:84} INFO - Using connection ID 'mysql_default' for task execution.
[2024-07-16T05:24:36.747+0530] {processor.py:840} INFO - DAG(s) 'raw_load_cheques' retrieved from //home/kali/Desktop/projects/git/bank_data_processing/dags/dag_raw_cheques.py
[2024-07-16T05:24:36.751+0530] {logging_mixin.py:188} INFO - [2024-07-16T05:24:36.751+0530] {dag.py:3096} INFO - Sync 1 DAGs
[2024-07-16T05:24:36.766+0530] {logging_mixin.py:188} INFO - [2024-07-16T05:24:36.766+0530] {dag.py:3954} INFO - Setting next_dagrun for raw_load_cheques to None, run_after=None
[2024-07-16T05:24:36.803+0530] {processor.py:183} INFO - Processing //home/kali/Desktop/projects/git/bank_data_processing/dags/dag_raw_cheques.py took 0.864 seconds
[2024-07-16T05:25:09.332+0530] {processor.py:161} INFO - Started process (PID=16581) to work on //home/kali/Desktop/projects/git/bank_data_processing/dags/dag_raw_cheques.py
[2024-07-16T05:25:09.333+0530] {processor.py:830} INFO - Processing file //home/kali/Desktop/projects/git/bank_data_processing/dags/dag_raw_cheques.py for tasks to queue
[2024-07-16T05:25:09.336+0530] {logging_mixin.py:188} INFO - [2024-07-16T05:25:09.335+0530] {dagbag.py:545} INFO - Filling up the DagBag from //home/kali/Desktop/projects/git/bank_data_processing/dags/dag_raw_cheques.py
[2024-07-16T05:25:09.957+0530] {logging_mixin.py:188} INFO - [2024-07-16T05:25:09.956+0530] {base.py:84} INFO - Using connection ID 'mysql_default' for task execution.
[2024-07-16T05:25:09.963+0530] {processor.py:840} INFO - DAG(s) 'raw_load_cheques' retrieved from //home/kali/Desktop/projects/git/bank_data_processing/dags/dag_raw_cheques.py
[2024-07-16T05:25:10.055+0530] {logging_mixin.py:188} INFO - [2024-07-16T05:25:10.054+0530] {dag.py:3096} INFO - Sync 1 DAGs
[2024-07-16T05:25:10.064+0530] {logging_mixin.py:188} INFO - [2024-07-16T05:25:10.064+0530] {dag.py:3954} INFO - Setting next_dagrun for raw_load_cheques to None, run_after=None
[2024-07-16T05:25:10.093+0530] {processor.py:183} INFO - Processing //home/kali/Desktop/projects/git/bank_data_processing/dags/dag_raw_cheques.py took 0.772 seconds
[2024-07-16T05:25:40.510+0530] {processor.py:161} INFO - Started process (PID=18036) to work on //home/kali/Desktop/projects/git/bank_data_processing/dags/dag_raw_cheques.py
[2024-07-16T05:25:40.511+0530] {processor.py:830} INFO - Processing file //home/kali/Desktop/projects/git/bank_data_processing/dags/dag_raw_cheques.py for tasks to queue
[2024-07-16T05:25:40.513+0530] {logging_mixin.py:188} INFO - [2024-07-16T05:25:40.512+0530] {dagbag.py:545} INFO - Filling up the DagBag from //home/kali/Desktop/projects/git/bank_data_processing/dags/dag_raw_cheques.py
[2024-07-16T05:25:41.195+0530] {logging_mixin.py:188} INFO - [2024-07-16T05:25:41.195+0530] {base.py:84} INFO - Using connection ID 'mysql_default' for task execution.
[2024-07-16T05:25:41.201+0530] {processor.py:840} INFO - DAG(s) 'raw_load_cheques' retrieved from //home/kali/Desktop/projects/git/bank_data_processing/dags/dag_raw_cheques.py
[2024-07-16T05:25:41.290+0530] {logging_mixin.py:188} INFO - [2024-07-16T05:25:41.290+0530] {dag.py:3096} INFO - Sync 1 DAGs
[2024-07-16T05:25:41.298+0530] {logging_mixin.py:188} INFO - [2024-07-16T05:25:41.298+0530] {dag.py:3954} INFO - Setting next_dagrun for raw_load_cheques to None, run_after=None
[2024-07-16T05:25:41.319+0530] {processor.py:183} INFO - Processing //home/kali/Desktop/projects/git/bank_data_processing/dags/dag_raw_cheques.py took 0.814 seconds
[2024-07-16T05:26:12.580+0530] {processor.py:161} INFO - Started process (PID=18738) to work on //home/kali/Desktop/projects/git/bank_data_processing/dags/dag_raw_cheques.py
[2024-07-16T05:26:12.583+0530] {processor.py:830} INFO - Processing file //home/kali/Desktop/projects/git/bank_data_processing/dags/dag_raw_cheques.py for tasks to queue
[2024-07-16T05:26:12.588+0530] {logging_mixin.py:188} INFO - [2024-07-16T05:26:12.587+0530] {dagbag.py:545} INFO - Filling up the DagBag from //home/kali/Desktop/projects/git/bank_data_processing/dags/dag_raw_cheques.py
[2024-07-16T05:26:13.405+0530] {logging_mixin.py:188} INFO - [2024-07-16T05:26:13.404+0530] {base.py:84} INFO - Using connection ID 'mysql_default' for task execution.
[2024-07-16T05:26:13.412+0530] {processor.py:840} INFO - DAG(s) 'raw_load_cheques' retrieved from //home/kali/Desktop/projects/git/bank_data_processing/dags/dag_raw_cheques.py
[2024-07-16T05:26:13.532+0530] {logging_mixin.py:188} INFO - [2024-07-16T05:26:13.532+0530] {dag.py:3096} INFO - Sync 1 DAGs
[2024-07-16T05:26:13.545+0530] {logging_mixin.py:188} INFO - [2024-07-16T05:26:13.545+0530] {dag.py:3954} INFO - Setting next_dagrun for raw_load_cheques to None, run_after=None
[2024-07-16T05:26:13.579+0530] {processor.py:183} INFO - Processing //home/kali/Desktop/projects/git/bank_data_processing/dags/dag_raw_cheques.py took 1.015 seconds
[2024-07-16T05:26:43.887+0530] {processor.py:161} INFO - Started process (PID=20092) to work on //home/kali/Desktop/projects/git/bank_data_processing/dags/dag_raw_cheques.py
[2024-07-16T05:26:43.888+0530] {processor.py:830} INFO - Processing file //home/kali/Desktop/projects/git/bank_data_processing/dags/dag_raw_cheques.py for tasks to queue
[2024-07-16T05:26:43.889+0530] {logging_mixin.py:188} INFO - [2024-07-16T05:26:43.889+0530] {dagbag.py:545} INFO - Filling up the DagBag from //home/kali/Desktop/projects/git/bank_data_processing/dags/dag_raw_cheques.py
[2024-07-16T05:26:44.391+0530] {logging_mixin.py:188} INFO - [2024-07-16T05:26:44.390+0530] {base.py:84} INFO - Using connection ID 'mysql_default' for task execution.
[2024-07-16T05:26:44.397+0530] {processor.py:840} INFO - DAG(s) 'raw_load_cheques' retrieved from //home/kali/Desktop/projects/git/bank_data_processing/dags/dag_raw_cheques.py
[2024-07-16T05:26:44.475+0530] {logging_mixin.py:188} INFO - [2024-07-16T05:26:44.474+0530] {dag.py:3096} INFO - Sync 1 DAGs
[2024-07-16T05:26:44.482+0530] {logging_mixin.py:188} INFO - [2024-07-16T05:26:44.482+0530] {dag.py:3954} INFO - Setting next_dagrun for raw_load_cheques to None, run_after=None
[2024-07-16T05:26:44.504+0530] {processor.py:183} INFO - Processing //home/kali/Desktop/projects/git/bank_data_processing/dags/dag_raw_cheques.py took 0.623 seconds
[2024-07-16T05:27:14.976+0530] {processor.py:161} INFO - Started process (PID=21260) to work on //home/kali/Desktop/projects/git/bank_data_processing/dags/dag_raw_cheques.py
[2024-07-16T05:27:14.982+0530] {processor.py:830} INFO - Processing file //home/kali/Desktop/projects/git/bank_data_processing/dags/dag_raw_cheques.py for tasks to queue
[2024-07-16T05:27:14.984+0530] {logging_mixin.py:188} INFO - [2024-07-16T05:27:14.984+0530] {dagbag.py:545} INFO - Filling up the DagBag from //home/kali/Desktop/projects/git/bank_data_processing/dags/dag_raw_cheques.py
[2024-07-16T05:27:15.652+0530] {logging_mixin.py:188} INFO - [2024-07-16T05:27:15.651+0530] {base.py:84} INFO - Using connection ID 'mysql_default' for task execution.
[2024-07-16T05:27:15.657+0530] {processor.py:840} INFO - DAG(s) 'raw_load_cheques' retrieved from //home/kali/Desktop/projects/git/bank_data_processing/dags/dag_raw_cheques.py
[2024-07-16T05:27:15.738+0530] {logging_mixin.py:188} INFO - [2024-07-16T05:27:15.738+0530] {dag.py:3096} INFO - Sync 1 DAGs
[2024-07-16T05:27:15.746+0530] {logging_mixin.py:188} INFO - [2024-07-16T05:27:15.746+0530] {dag.py:3954} INFO - Setting next_dagrun for raw_load_cheques to None, run_after=None
[2024-07-16T05:27:15.768+0530] {processor.py:183} INFO - Processing //home/kali/Desktop/projects/git/bank_data_processing/dags/dag_raw_cheques.py took 0.807 seconds
[2024-07-16T05:27:46.061+0530] {processor.py:161} INFO - Started process (PID=21900) to work on //home/kali/Desktop/projects/git/bank_data_processing/dags/dag_raw_cheques.py
[2024-07-16T05:27:46.062+0530] {processor.py:830} INFO - Processing file //home/kali/Desktop/projects/git/bank_data_processing/dags/dag_raw_cheques.py for tasks to queue
[2024-07-16T05:27:46.064+0530] {logging_mixin.py:188} INFO - [2024-07-16T05:27:46.063+0530] {dagbag.py:545} INFO - Filling up the DagBag from //home/kali/Desktop/projects/git/bank_data_processing/dags/dag_raw_cheques.py
[2024-07-16T05:27:46.523+0530] {logging_mixin.py:188} INFO - [2024-07-16T05:27:46.523+0530] {base.py:84} INFO - Using connection ID 'mysql_default' for task execution.
[2024-07-16T05:27:46.530+0530] {processor.py:840} INFO - DAG(s) 'raw_load_cheques' retrieved from //home/kali/Desktop/projects/git/bank_data_processing/dags/dag_raw_cheques.py
[2024-07-16T05:27:46.614+0530] {logging_mixin.py:188} INFO - [2024-07-16T05:27:46.614+0530] {dag.py:3096} INFO - Sync 1 DAGs
[2024-07-16T05:27:46.622+0530] {logging_mixin.py:188} INFO - [2024-07-16T05:27:46.621+0530] {dag.py:3954} INFO - Setting next_dagrun for raw_load_cheques to None, run_after=None
[2024-07-16T05:27:46.643+0530] {processor.py:183} INFO - Processing //home/kali/Desktop/projects/git/bank_data_processing/dags/dag_raw_cheques.py took 0.588 seconds
[2024-07-16T05:28:17.096+0530] {processor.py:161} INFO - Started process (PID=22430) to work on //home/kali/Desktop/projects/git/bank_data_processing/dags/dag_raw_cheques.py
[2024-07-16T05:28:17.098+0530] {processor.py:830} INFO - Processing file //home/kali/Desktop/projects/git/bank_data_processing/dags/dag_raw_cheques.py for tasks to queue
[2024-07-16T05:28:17.101+0530] {logging_mixin.py:188} INFO - [2024-07-16T05:28:17.101+0530] {dagbag.py:545} INFO - Filling up the DagBag from //home/kali/Desktop/projects/git/bank_data_processing/dags/dag_raw_cheques.py
[2024-07-16T05:28:17.675+0530] {logging_mixin.py:188} INFO - [2024-07-16T05:28:17.674+0530] {base.py:84} INFO - Using connection ID 'mysql_default' for task execution.
[2024-07-16T05:28:17.684+0530] {processor.py:840} INFO - DAG(s) 'raw_load_cheques' retrieved from //home/kali/Desktop/projects/git/bank_data_processing/dags/dag_raw_cheques.py
[2024-07-16T05:28:17.776+0530] {logging_mixin.py:188} INFO - [2024-07-16T05:28:17.775+0530] {dag.py:3096} INFO - Sync 1 DAGs
[2024-07-16T05:28:17.784+0530] {logging_mixin.py:188} INFO - [2024-07-16T05:28:17.783+0530] {dag.py:3954} INFO - Setting next_dagrun for raw_load_cheques to None, run_after=None
[2024-07-16T05:28:17.812+0530] {processor.py:183} INFO - Processing //home/kali/Desktop/projects/git/bank_data_processing/dags/dag_raw_cheques.py took 0.725 seconds
[2024-07-16T05:28:48.691+0530] {processor.py:161} INFO - Started process (PID=22929) to work on //home/kali/Desktop/projects/git/bank_data_processing/dags/dag_raw_cheques.py
[2024-07-16T05:28:48.693+0530] {processor.py:830} INFO - Processing file //home/kali/Desktop/projects/git/bank_data_processing/dags/dag_raw_cheques.py for tasks to queue
[2024-07-16T05:28:48.695+0530] {logging_mixin.py:188} INFO - [2024-07-16T05:28:48.695+0530] {dagbag.py:545} INFO - Filling up the DagBag from //home/kali/Desktop/projects/git/bank_data_processing/dags/dag_raw_cheques.py
[2024-07-16T05:28:49.389+0530] {logging_mixin.py:188} INFO - [2024-07-16T05:28:49.388+0530] {base.py:84} INFO - Using connection ID 'mysql_default' for task execution.
[2024-07-16T05:28:49.395+0530] {processor.py:840} INFO - DAG(s) 'raw_load_cheques' retrieved from //home/kali/Desktop/projects/git/bank_data_processing/dags/dag_raw_cheques.py
[2024-07-16T05:28:49.490+0530] {logging_mixin.py:188} INFO - [2024-07-16T05:28:49.490+0530] {dag.py:3096} INFO - Sync 1 DAGs
[2024-07-16T05:28:49.500+0530] {logging_mixin.py:188} INFO - [2024-07-16T05:28:49.500+0530] {dag.py:3954} INFO - Setting next_dagrun for raw_load_cheques to None, run_after=None
[2024-07-16T05:28:49.521+0530] {processor.py:183} INFO - Processing //home/kali/Desktop/projects/git/bank_data_processing/dags/dag_raw_cheques.py took 0.841 seconds
[2024-07-16T05:29:20.439+0530] {processor.py:161} INFO - Started process (PID=23554) to work on //home/kali/Desktop/projects/git/bank_data_processing/dags/dag_raw_cheques.py
[2024-07-16T05:29:20.440+0530] {processor.py:830} INFO - Processing file //home/kali/Desktop/projects/git/bank_data_processing/dags/dag_raw_cheques.py for tasks to queue
[2024-07-16T05:29:20.443+0530] {logging_mixin.py:188} INFO - [2024-07-16T05:29:20.443+0530] {dagbag.py:545} INFO - Filling up the DagBag from //home/kali/Desktop/projects/git/bank_data_processing/dags/dag_raw_cheques.py
[2024-07-16T05:29:21.019+0530] {logging_mixin.py:188} INFO - [2024-07-16T05:29:21.018+0530] {base.py:84} INFO - Using connection ID 'mysql_default' for task execution.
[2024-07-16T05:29:21.027+0530] {processor.py:840} INFO - DAG(s) 'raw_load_cheques' retrieved from //home/kali/Desktop/projects/git/bank_data_processing/dags/dag_raw_cheques.py
[2024-07-16T05:29:21.117+0530] {logging_mixin.py:188} INFO - [2024-07-16T05:29:21.117+0530] {dag.py:3096} INFO - Sync 1 DAGs
[2024-07-16T05:29:21.126+0530] {logging_mixin.py:188} INFO - [2024-07-16T05:29:21.126+0530] {dag.py:3954} INFO - Setting next_dagrun for raw_load_cheques to None, run_after=None
[2024-07-16T05:29:21.149+0530] {processor.py:183} INFO - Processing //home/kali/Desktop/projects/git/bank_data_processing/dags/dag_raw_cheques.py took 0.718 seconds
[2024-07-16T05:29:51.431+0530] {processor.py:161} INFO - Started process (PID=24179) to work on //home/kali/Desktop/projects/git/bank_data_processing/dags/dag_raw_cheques.py
[2024-07-16T05:29:51.432+0530] {processor.py:830} INFO - Processing file //home/kali/Desktop/projects/git/bank_data_processing/dags/dag_raw_cheques.py for tasks to queue
[2024-07-16T05:29:51.435+0530] {logging_mixin.py:188} INFO - [2024-07-16T05:29:51.435+0530] {dagbag.py:545} INFO - Filling up the DagBag from //home/kali/Desktop/projects/git/bank_data_processing/dags/dag_raw_cheques.py
[2024-07-16T05:29:51.981+0530] {logging_mixin.py:188} INFO - [2024-07-16T05:29:51.980+0530] {base.py:84} INFO - Using connection ID 'mysql_default' for task execution.
[2024-07-16T05:29:51.988+0530] {processor.py:840} INFO - DAG(s) 'raw_load_cheques' retrieved from //home/kali/Desktop/projects/git/bank_data_processing/dags/dag_raw_cheques.py
[2024-07-16T05:29:52.078+0530] {logging_mixin.py:188} INFO - [2024-07-16T05:29:52.078+0530] {dag.py:3096} INFO - Sync 1 DAGs
[2024-07-16T05:29:52.088+0530] {logging_mixin.py:188} INFO - [2024-07-16T05:29:52.088+0530] {dag.py:3954} INFO - Setting next_dagrun for raw_load_cheques to None, run_after=None
[2024-07-16T05:29:52.127+0530] {processor.py:183} INFO - Processing //home/kali/Desktop/projects/git/bank_data_processing/dags/dag_raw_cheques.py took 0.704 seconds
