[2024-07-16T05:16:12.622+0530] {processor.py:161} INFO - Started process (PID=6295) to work on //home/kali/Desktop/projects/git/bank_data_processing/dags/dag_raw_recurring_deposits.py
[2024-07-16T05:16:12.623+0530] {processor.py:830} INFO - Processing file //home/kali/Desktop/projects/git/bank_data_processing/dags/dag_raw_recurring_deposits.py for tasks to queue
[2024-07-16T05:16:12.625+0530] {logging_mixin.py:188} INFO - [2024-07-16T05:16:12.624+0530] {dagbag.py:545} INFO - Filling up the DagBag from //home/kali/Desktop/projects/git/bank_data_processing/dags/dag_raw_recurring_deposits.py
[2024-07-16T05:16:13.167+0530] {logging_mixin.py:188} INFO - [2024-07-16T05:16:13.167+0530] {base.py:84} INFO - Using connection ID 'mysql_default' for task execution.
[2024-07-16T05:16:13.173+0530] {processor.py:840} INFO - DAG(s) 'raw_load_recurring_deposits' retrieved from //home/kali/Desktop/projects/git/bank_data_processing/dags/dag_raw_recurring_deposits.py
[2024-07-16T05:16:13.176+0530] {logging_mixin.py:188} INFO - [2024-07-16T05:16:13.175+0530] {dag.py:3096} INFO - Sync 1 DAGs
[2024-07-16T05:16:13.184+0530] {logging_mixin.py:188} INFO - [2024-07-16T05:16:13.184+0530] {dag.py:3954} INFO - Setting next_dagrun for raw_load_recurring_deposits to None, run_after=None
[2024-07-16T05:16:13.204+0530] {processor.py:183} INFO - Processing //home/kali/Desktop/projects/git/bank_data_processing/dags/dag_raw_recurring_deposits.py took 0.587 seconds
[2024-07-16T05:16:46.346+0530] {processor.py:161} INFO - Started process (PID=6835) to work on //home/kali/Desktop/projects/git/bank_data_processing/dags/dag_raw_recurring_deposits.py
[2024-07-16T05:16:46.347+0530] {processor.py:830} INFO - Processing file //home/kali/Desktop/projects/git/bank_data_processing/dags/dag_raw_recurring_deposits.py for tasks to queue
[2024-07-16T05:16:46.348+0530] {logging_mixin.py:188} INFO - [2024-07-16T05:16:46.348+0530] {dagbag.py:545} INFO - Filling up the DagBag from //home/kali/Desktop/projects/git/bank_data_processing/dags/dag_raw_recurring_deposits.py
[2024-07-16T05:16:46.876+0530] {logging_mixin.py:188} INFO - [2024-07-16T05:16:46.876+0530] {base.py:84} INFO - Using connection ID 'mysql_default' for task execution.
[2024-07-16T05:16:46.882+0530] {processor.py:840} INFO - DAG(s) 'raw_load_recurring_deposits' retrieved from //home/kali/Desktop/projects/git/bank_data_processing/dags/dag_raw_recurring_deposits.py
[2024-07-16T05:16:47.010+0530] {logging_mixin.py:188} INFO - [2024-07-16T05:16:47.009+0530] {dag.py:3096} INFO - Sync 1 DAGs
[2024-07-16T05:16:47.022+0530] {logging_mixin.py:188} INFO - [2024-07-16T05:16:47.022+0530] {dag.py:3954} INFO - Setting next_dagrun for raw_load_recurring_deposits to None, run_after=None
[2024-07-16T05:16:47.057+0530] {processor.py:183} INFO - Processing //home/kali/Desktop/projects/git/bank_data_processing/dags/dag_raw_recurring_deposits.py took 0.717 seconds
[2024-07-16T05:17:17.449+0530] {processor.py:161} INFO - Started process (PID=7306) to work on //home/kali/Desktop/projects/git/bank_data_processing/dags/dag_raw_recurring_deposits.py
[2024-07-16T05:17:17.450+0530] {processor.py:830} INFO - Processing file //home/kali/Desktop/projects/git/bank_data_processing/dags/dag_raw_recurring_deposits.py for tasks to queue
[2024-07-16T05:17:17.451+0530] {logging_mixin.py:188} INFO - [2024-07-16T05:17:17.451+0530] {dagbag.py:545} INFO - Filling up the DagBag from //home/kali/Desktop/projects/git/bank_data_processing/dags/dag_raw_recurring_deposits.py
[2024-07-16T05:17:17.968+0530] {logging_mixin.py:188} INFO - [2024-07-16T05:17:17.967+0530] {base.py:84} INFO - Using connection ID 'mysql_default' for task execution.
[2024-07-16T05:17:17.975+0530] {processor.py:840} INFO - DAG(s) 'raw_load_recurring_deposits' retrieved from //home/kali/Desktop/projects/git/bank_data_processing/dags/dag_raw_recurring_deposits.py
[2024-07-16T05:17:18.075+0530] {logging_mixin.py:188} INFO - [2024-07-16T05:17:18.075+0530] {dag.py:3096} INFO - Sync 1 DAGs
[2024-07-16T05:17:18.083+0530] {logging_mixin.py:188} INFO - [2024-07-16T05:17:18.083+0530] {dag.py:3954} INFO - Setting next_dagrun for raw_load_recurring_deposits to None, run_after=None
[2024-07-16T05:17:18.102+0530] {processor.py:183} INFO - Processing //home/kali/Desktop/projects/git/bank_data_processing/dags/dag_raw_recurring_deposits.py took 0.659 seconds
[2024-07-16T05:17:50.267+0530] {processor.py:161} INFO - Started process (PID=7856) to work on //home/kali/Desktop/projects/git/bank_data_processing/dags/dag_raw_recurring_deposits.py
[2024-07-16T05:17:50.268+0530] {processor.py:830} INFO - Processing file //home/kali/Desktop/projects/git/bank_data_processing/dags/dag_raw_recurring_deposits.py for tasks to queue
[2024-07-16T05:17:50.270+0530] {logging_mixin.py:188} INFO - [2024-07-16T05:17:50.269+0530] {dagbag.py:545} INFO - Filling up the DagBag from //home/kali/Desktop/projects/git/bank_data_processing/dags/dag_raw_recurring_deposits.py
[2024-07-16T05:17:50.762+0530] {logging_mixin.py:188} INFO - [2024-07-16T05:17:50.761+0530] {base.py:84} INFO - Using connection ID 'mysql_default' for task execution.
[2024-07-16T05:17:50.769+0530] {processor.py:840} INFO - DAG(s) 'raw_load_recurring_deposits' retrieved from //home/kali/Desktop/projects/git/bank_data_processing/dags/dag_raw_recurring_deposits.py
[2024-07-16T05:17:50.903+0530] {logging_mixin.py:188} INFO - [2024-07-16T05:17:50.902+0530] {dag.py:3096} INFO - Sync 1 DAGs
[2024-07-16T05:17:50.915+0530] {logging_mixin.py:188} INFO - [2024-07-16T05:17:50.915+0530] {dag.py:3954} INFO - Setting next_dagrun for raw_load_recurring_deposits to None, run_after=None
[2024-07-16T05:17:50.949+0530] {processor.py:183} INFO - Processing //home/kali/Desktop/projects/git/bank_data_processing/dags/dag_raw_recurring_deposits.py took 0.688 seconds
[2024-07-16T05:18:21.098+0530] {processor.py:161} INFO - Started process (PID=8321) to work on //home/kali/Desktop/projects/git/bank_data_processing/dags/dag_raw_recurring_deposits.py
[2024-07-16T05:18:21.098+0530] {processor.py:830} INFO - Processing file //home/kali/Desktop/projects/git/bank_data_processing/dags/dag_raw_recurring_deposits.py for tasks to queue
[2024-07-16T05:18:21.100+0530] {logging_mixin.py:188} INFO - [2024-07-16T05:18:21.100+0530] {dagbag.py:545} INFO - Filling up the DagBag from //home/kali/Desktop/projects/git/bank_data_processing/dags/dag_raw_recurring_deposits.py
[2024-07-16T05:18:21.531+0530] {logging_mixin.py:188} INFO - [2024-07-16T05:18:21.531+0530] {base.py:84} INFO - Using connection ID 'mysql_default' for task execution.
[2024-07-16T05:18:21.537+0530] {processor.py:840} INFO - DAG(s) 'raw_load_recurring_deposits' retrieved from //home/kali/Desktop/projects/git/bank_data_processing/dags/dag_raw_recurring_deposits.py
[2024-07-16T05:18:21.616+0530] {logging_mixin.py:188} INFO - [2024-07-16T05:18:21.615+0530] {dag.py:3096} INFO - Sync 1 DAGs
[2024-07-16T05:18:21.624+0530] {logging_mixin.py:188} INFO - [2024-07-16T05:18:21.624+0530] {dag.py:3954} INFO - Setting next_dagrun for raw_load_recurring_deposits to None, run_after=None
[2024-07-16T05:18:21.647+0530] {processor.py:183} INFO - Processing //home/kali/Desktop/projects/git/bank_data_processing/dags/dag_raw_recurring_deposits.py took 0.555 seconds
[2024-07-16T05:18:52.232+0530] {processor.py:161} INFO - Started process (PID=8833) to work on //home/kali/Desktop/projects/git/bank_data_processing/dags/dag_raw_recurring_deposits.py
[2024-07-16T05:18:52.233+0530] {processor.py:830} INFO - Processing file //home/kali/Desktop/projects/git/bank_data_processing/dags/dag_raw_recurring_deposits.py for tasks to queue
[2024-07-16T05:18:52.235+0530] {logging_mixin.py:188} INFO - [2024-07-16T05:18:52.234+0530] {dagbag.py:545} INFO - Filling up the DagBag from //home/kali/Desktop/projects/git/bank_data_processing/dags/dag_raw_recurring_deposits.py
[2024-07-16T05:18:52.740+0530] {logging_mixin.py:188} INFO - [2024-07-16T05:18:52.739+0530] {base.py:84} INFO - Using connection ID 'mysql_default' for task execution.
[2024-07-16T05:18:52.748+0530] {processor.py:840} INFO - DAG(s) 'raw_load_recurring_deposits' retrieved from //home/kali/Desktop/projects/git/bank_data_processing/dags/dag_raw_recurring_deposits.py
[2024-07-16T05:18:52.845+0530] {logging_mixin.py:188} INFO - [2024-07-16T05:18:52.845+0530] {dag.py:3096} INFO - Sync 1 DAGs
[2024-07-16T05:18:52.853+0530] {logging_mixin.py:188} INFO - [2024-07-16T05:18:52.853+0530] {dag.py:3954} INFO - Setting next_dagrun for raw_load_recurring_deposits to None, run_after=None
[2024-07-16T05:18:52.879+0530] {processor.py:183} INFO - Processing //home/kali/Desktop/projects/git/bank_data_processing/dags/dag_raw_recurring_deposits.py took 0.653 seconds
[2024-07-16T05:19:23.126+0530] {processor.py:161} INFO - Started process (PID=9400) to work on //home/kali/Desktop/projects/git/bank_data_processing/dags/dag_raw_recurring_deposits.py
[2024-07-16T05:19:23.127+0530] {processor.py:830} INFO - Processing file //home/kali/Desktop/projects/git/bank_data_processing/dags/dag_raw_recurring_deposits.py for tasks to queue
[2024-07-16T05:19:23.130+0530] {logging_mixin.py:188} INFO - [2024-07-16T05:19:23.129+0530] {dagbag.py:545} INFO - Filling up the DagBag from //home/kali/Desktop/projects/git/bank_data_processing/dags/dag_raw_recurring_deposits.py
[2024-07-16T05:19:23.710+0530] {logging_mixin.py:188} INFO - [2024-07-16T05:19:23.710+0530] {base.py:84} INFO - Using connection ID 'mysql_default' for task execution.
[2024-07-16T05:19:23.722+0530] {processor.py:840} INFO - DAG(s) 'raw_load_recurring_deposits' retrieved from //home/kali/Desktop/projects/git/bank_data_processing/dags/dag_raw_recurring_deposits.py
[2024-07-16T05:19:23.877+0530] {logging_mixin.py:188} INFO - [2024-07-16T05:19:23.876+0530] {dag.py:3096} INFO - Sync 1 DAGs
[2024-07-16T05:19:23.893+0530] {logging_mixin.py:188} INFO - [2024-07-16T05:19:23.893+0530] {dag.py:3954} INFO - Setting next_dagrun for raw_load_recurring_deposits to None, run_after=None
[2024-07-16T05:19:23.934+0530] {processor.py:183} INFO - Processing //home/kali/Desktop/projects/git/bank_data_processing/dags/dag_raw_recurring_deposits.py took 0.814 seconds
[2024-07-16T05:19:52.041+0530] {processor.py:161} INFO - Started process (PID=10336) to work on //home/kali/Desktop/projects/git/bank_data_processing/dags/dag_raw_recurring_deposits.py
[2024-07-16T05:19:52.043+0530] {processor.py:830} INFO - Processing file //home/kali/Desktop/projects/git/bank_data_processing/dags/dag_raw_recurring_deposits.py for tasks to queue
[2024-07-16T05:19:52.045+0530] {logging_mixin.py:188} INFO - [2024-07-16T05:19:52.045+0530] {dagbag.py:545} INFO - Filling up the DagBag from //home/kali/Desktop/projects/git/bank_data_processing/dags/dag_raw_recurring_deposits.py
[2024-07-16T05:19:52.794+0530] {logging_mixin.py:188} INFO - [2024-07-16T05:19:52.793+0530] {base.py:84} INFO - Using connection ID 'mysql_default' for task execution.
[2024-07-16T05:19:52.801+0530] {processor.py:840} INFO - DAG(s) 'raw_load_recurring_deposits' retrieved from //home/kali/Desktop/projects/git/bank_data_processing/dags/dag_raw_recurring_deposits.py
[2024-07-16T05:19:52.804+0530] {logging_mixin.py:188} INFO - [2024-07-16T05:19:52.804+0530] {dag.py:3096} INFO - Sync 1 DAGs
[2024-07-16T05:19:52.815+0530] {logging_mixin.py:188} INFO - [2024-07-16T05:19:52.815+0530] {dag.py:3954} INFO - Setting next_dagrun for raw_load_recurring_deposits to None, run_after=None
[2024-07-16T05:19:52.839+0530] {processor.py:183} INFO - Processing //home/kali/Desktop/projects/git/bank_data_processing/dags/dag_raw_recurring_deposits.py took 0.805 seconds
[2024-07-16T05:20:24.616+0530] {processor.py:161} INFO - Started process (PID=10922) to work on //home/kali/Desktop/projects/git/bank_data_processing/dags/dag_raw_recurring_deposits.py
[2024-07-16T05:20:24.618+0530] {processor.py:830} INFO - Processing file //home/kali/Desktop/projects/git/bank_data_processing/dags/dag_raw_recurring_deposits.py for tasks to queue
[2024-07-16T05:20:24.621+0530] {logging_mixin.py:188} INFO - [2024-07-16T05:20:24.620+0530] {dagbag.py:545} INFO - Filling up the DagBag from //home/kali/Desktop/projects/git/bank_data_processing/dags/dag_raw_recurring_deposits.py
[2024-07-16T05:20:25.208+0530] {logging_mixin.py:188} INFO - [2024-07-16T05:20:25.208+0530] {base.py:84} INFO - Using connection ID 'mysql_default' for task execution.
[2024-07-16T05:20:25.215+0530] {processor.py:840} INFO - DAG(s) 'raw_load_recurring_deposits' retrieved from //home/kali/Desktop/projects/git/bank_data_processing/dags/dag_raw_recurring_deposits.py
[2024-07-16T05:20:25.222+0530] {logging_mixin.py:188} INFO - [2024-07-16T05:20:25.220+0530] {dag.py:3096} INFO - Sync 1 DAGs
[2024-07-16T05:20:25.233+0530] {logging_mixin.py:188} INFO - [2024-07-16T05:20:25.233+0530] {dag.py:3954} INFO - Setting next_dagrun for raw_load_recurring_deposits to None, run_after=None
[2024-07-16T05:20:25.265+0530] {processor.py:183} INFO - Processing //home/kali/Desktop/projects/git/bank_data_processing/dags/dag_raw_recurring_deposits.py took 0.658 seconds
[2024-07-16T05:20:59.089+0530] {processor.py:161} INFO - Started process (PID=12166) to work on //home/kali/Desktop/projects/git/bank_data_processing/dags/dag_raw_recurring_deposits.py
[2024-07-16T05:20:59.090+0530] {processor.py:830} INFO - Processing file //home/kali/Desktop/projects/git/bank_data_processing/dags/dag_raw_recurring_deposits.py for tasks to queue
[2024-07-16T05:20:59.095+0530] {logging_mixin.py:188} INFO - [2024-07-16T05:20:59.094+0530] {dagbag.py:545} INFO - Filling up the DagBag from //home/kali/Desktop/projects/git/bank_data_processing/dags/dag_raw_recurring_deposits.py
[2024-07-16T05:20:59.807+0530] {logging_mixin.py:188} INFO - [2024-07-16T05:20:59.806+0530] {base.py:84} INFO - Using connection ID 'mysql_default' for task execution.
[2024-07-16T05:20:59.824+0530] {processor.py:840} INFO - DAG(s) 'raw_load_recurring_deposits' retrieved from //home/kali/Desktop/projects/git/bank_data_processing/dags/dag_raw_recurring_deposits.py
[2024-07-16T05:21:00.045+0530] {logging_mixin.py:188} INFO - [2024-07-16T05:21:00.044+0530] {dag.py:3096} INFO - Sync 1 DAGs
[2024-07-16T05:21:00.057+0530] {logging_mixin.py:188} INFO - [2024-07-16T05:21:00.056+0530] {dag.py:3954} INFO - Setting next_dagrun for raw_load_recurring_deposits to None, run_after=None
[2024-07-16T05:21:00.088+0530] {processor.py:183} INFO - Processing //home/kali/Desktop/projects/git/bank_data_processing/dags/dag_raw_recurring_deposits.py took 1.011 seconds
[2024-07-16T05:24:35.072+0530] {processor.py:161} INFO - Started process (PID=15827) to work on //home/kali/Desktop/projects/git/bank_data_processing/dags/dag_raw_recurring_deposits.py
[2024-07-16T05:24:35.075+0530] {processor.py:830} INFO - Processing file //home/kali/Desktop/projects/git/bank_data_processing/dags/dag_raw_recurring_deposits.py for tasks to queue
[2024-07-16T05:24:35.079+0530] {logging_mixin.py:188} INFO - [2024-07-16T05:24:35.078+0530] {dagbag.py:545} INFO - Filling up the DagBag from //home/kali/Desktop/projects/git/bank_data_processing/dags/dag_raw_recurring_deposits.py
[2024-07-16T05:24:35.833+0530] {logging_mixin.py:188} INFO - [2024-07-16T05:24:35.832+0530] {base.py:84} INFO - Using connection ID 'mysql_default' for task execution.
[2024-07-16T05:24:35.841+0530] {processor.py:840} INFO - DAG(s) 'raw_load_recurring_deposits' retrieved from //home/kali/Desktop/projects/git/bank_data_processing/dags/dag_raw_recurring_deposits.py
[2024-07-16T05:24:35.847+0530] {logging_mixin.py:188} INFO - [2024-07-16T05:24:35.846+0530] {dag.py:3096} INFO - Sync 1 DAGs
[2024-07-16T05:24:35.861+0530] {logging_mixin.py:188} INFO - [2024-07-16T05:24:35.861+0530] {dag.py:3954} INFO - Setting next_dagrun for raw_load_recurring_deposits to None, run_after=None
[2024-07-16T05:24:35.888+0530] {processor.py:183} INFO - Processing //home/kali/Desktop/projects/git/bank_data_processing/dags/dag_raw_recurring_deposits.py took 0.824 seconds
[2024-07-16T05:25:08.415+0530] {processor.py:161} INFO - Started process (PID=16557) to work on //home/kali/Desktop/projects/git/bank_data_processing/dags/dag_raw_recurring_deposits.py
[2024-07-16T05:25:08.416+0530] {processor.py:830} INFO - Processing file //home/kali/Desktop/projects/git/bank_data_processing/dags/dag_raw_recurring_deposits.py for tasks to queue
[2024-07-16T05:25:08.417+0530] {logging_mixin.py:188} INFO - [2024-07-16T05:25:08.417+0530] {dagbag.py:545} INFO - Filling up the DagBag from //home/kali/Desktop/projects/git/bank_data_processing/dags/dag_raw_recurring_deposits.py
[2024-07-16T05:25:09.155+0530] {logging_mixin.py:188} INFO - [2024-07-16T05:25:09.154+0530] {base.py:84} INFO - Using connection ID 'mysql_default' for task execution.
[2024-07-16T05:25:09.161+0530] {processor.py:840} INFO - DAG(s) 'raw_load_recurring_deposits' retrieved from //home/kali/Desktop/projects/git/bank_data_processing/dags/dag_raw_recurring_deposits.py
[2024-07-16T05:25:09.247+0530] {logging_mixin.py:188} INFO - [2024-07-16T05:25:09.247+0530] {dag.py:3096} INFO - Sync 1 DAGs
[2024-07-16T05:25:09.258+0530] {logging_mixin.py:188} INFO - [2024-07-16T05:25:09.258+0530] {dag.py:3954} INFO - Setting next_dagrun for raw_load_recurring_deposits to None, run_after=None
[2024-07-16T05:25:09.286+0530] {processor.py:183} INFO - Processing //home/kali/Desktop/projects/git/bank_data_processing/dags/dag_raw_recurring_deposits.py took 0.878 seconds
[2024-07-16T05:25:39.700+0530] {processor.py:161} INFO - Started process (PID=18004) to work on //home/kali/Desktop/projects/git/bank_data_processing/dags/dag_raw_recurring_deposits.py
[2024-07-16T05:25:39.701+0530] {processor.py:830} INFO - Processing file //home/kali/Desktop/projects/git/bank_data_processing/dags/dag_raw_recurring_deposits.py for tasks to queue
[2024-07-16T05:25:39.702+0530] {logging_mixin.py:188} INFO - [2024-07-16T05:25:39.702+0530] {dagbag.py:545} INFO - Filling up the DagBag from //home/kali/Desktop/projects/git/bank_data_processing/dags/dag_raw_recurring_deposits.py
[2024-07-16T05:25:40.306+0530] {logging_mixin.py:188} INFO - [2024-07-16T05:25:40.306+0530] {base.py:84} INFO - Using connection ID 'mysql_default' for task execution.
[2024-07-16T05:25:40.314+0530] {processor.py:840} INFO - DAG(s) 'raw_load_recurring_deposits' retrieved from //home/kali/Desktop/projects/git/bank_data_processing/dags/dag_raw_recurring_deposits.py
[2024-07-16T05:25:40.436+0530] {logging_mixin.py:188} INFO - [2024-07-16T05:25:40.436+0530] {dag.py:3096} INFO - Sync 1 DAGs
[2024-07-16T05:25:40.448+0530] {logging_mixin.py:188} INFO - [2024-07-16T05:25:40.448+0530] {dag.py:3954} INFO - Setting next_dagrun for raw_load_recurring_deposits to None, run_after=None
[2024-07-16T05:25:40.470+0530] {processor.py:183} INFO - Processing //home/kali/Desktop/projects/git/bank_data_processing/dags/dag_raw_recurring_deposits.py took 0.777 seconds
[2024-07-16T05:26:11.498+0530] {processor.py:161} INFO - Started process (PID=18698) to work on //home/kali/Desktop/projects/git/bank_data_processing/dags/dag_raw_recurring_deposits.py
[2024-07-16T05:26:11.501+0530] {processor.py:830} INFO - Processing file //home/kali/Desktop/projects/git/bank_data_processing/dags/dag_raw_recurring_deposits.py for tasks to queue
[2024-07-16T05:26:11.507+0530] {logging_mixin.py:188} INFO - [2024-07-16T05:26:11.506+0530] {dagbag.py:545} INFO - Filling up the DagBag from //home/kali/Desktop/projects/git/bank_data_processing/dags/dag_raw_recurring_deposits.py
[2024-07-16T05:26:12.273+0530] {logging_mixin.py:188} INFO - [2024-07-16T05:26:12.273+0530] {base.py:84} INFO - Using connection ID 'mysql_default' for task execution.
[2024-07-16T05:26:12.283+0530] {processor.py:840} INFO - DAG(s) 'raw_load_recurring_deposits' retrieved from //home/kali/Desktop/projects/git/bank_data_processing/dags/dag_raw_recurring_deposits.py
[2024-07-16T05:26:12.435+0530] {logging_mixin.py:188} INFO - [2024-07-16T05:26:12.433+0530] {dag.py:3096} INFO - Sync 1 DAGs
[2024-07-16T05:26:12.450+0530] {logging_mixin.py:188} INFO - [2024-07-16T05:26:12.449+0530] {dag.py:3954} INFO - Setting next_dagrun for raw_load_recurring_deposits to None, run_after=None
[2024-07-16T05:26:12.509+0530] {processor.py:183} INFO - Processing //home/kali/Desktop/projects/git/bank_data_processing/dags/dag_raw_recurring_deposits.py took 1.021 seconds
[2024-07-16T05:26:43.080+0530] {processor.py:161} INFO - Started process (PID=20062) to work on //home/kali/Desktop/projects/git/bank_data_processing/dags/dag_raw_recurring_deposits.py
[2024-07-16T05:26:43.081+0530] {processor.py:830} INFO - Processing file //home/kali/Desktop/projects/git/bank_data_processing/dags/dag_raw_recurring_deposits.py for tasks to queue
[2024-07-16T05:26:43.083+0530] {logging_mixin.py:188} INFO - [2024-07-16T05:26:43.083+0530] {dagbag.py:545} INFO - Filling up the DagBag from //home/kali/Desktop/projects/git/bank_data_processing/dags/dag_raw_recurring_deposits.py
[2024-07-16T05:26:43.685+0530] {logging_mixin.py:188} INFO - [2024-07-16T05:26:43.685+0530] {base.py:84} INFO - Using connection ID 'mysql_default' for task execution.
[2024-07-16T05:26:43.695+0530] {processor.py:840} INFO - DAG(s) 'raw_load_recurring_deposits' retrieved from //home/kali/Desktop/projects/git/bank_data_processing/dags/dag_raw_recurring_deposits.py
[2024-07-16T05:26:43.818+0530] {logging_mixin.py:188} INFO - [2024-07-16T05:26:43.818+0530] {dag.py:3096} INFO - Sync 1 DAGs
[2024-07-16T05:26:43.828+0530] {logging_mixin.py:188} INFO - [2024-07-16T05:26:43.827+0530] {dag.py:3954} INFO - Setting next_dagrun for raw_load_recurring_deposits to None, run_after=None
[2024-07-16T05:26:43.849+0530] {processor.py:183} INFO - Processing //home/kali/Desktop/projects/git/bank_data_processing/dags/dag_raw_recurring_deposits.py took 0.777 seconds
[2024-07-16T05:27:13.947+0530] {processor.py:161} INFO - Started process (PID=21230) to work on //home/kali/Desktop/projects/git/bank_data_processing/dags/dag_raw_recurring_deposits.py
[2024-07-16T05:27:13.949+0530] {processor.py:830} INFO - Processing file //home/kali/Desktop/projects/git/bank_data_processing/dags/dag_raw_recurring_deposits.py for tasks to queue
[2024-07-16T05:27:13.951+0530] {logging_mixin.py:188} INFO - [2024-07-16T05:27:13.951+0530] {dagbag.py:545} INFO - Filling up the DagBag from //home/kali/Desktop/projects/git/bank_data_processing/dags/dag_raw_recurring_deposits.py
[2024-07-16T05:27:14.413+0530] {logging_mixin.py:188} INFO - [2024-07-16T05:27:14.413+0530] {base.py:84} INFO - Using connection ID 'mysql_default' for task execution.
[2024-07-16T05:27:14.419+0530] {processor.py:840} INFO - DAG(s) 'raw_load_recurring_deposits' retrieved from //home/kali/Desktop/projects/git/bank_data_processing/dags/dag_raw_recurring_deposits.py
[2024-07-16T05:27:14.501+0530] {logging_mixin.py:188} INFO - [2024-07-16T05:27:14.500+0530] {dag.py:3096} INFO - Sync 1 DAGs
[2024-07-16T05:27:14.508+0530] {logging_mixin.py:188} INFO - [2024-07-16T05:27:14.508+0530] {dag.py:3954} INFO - Setting next_dagrun for raw_load_recurring_deposits to None, run_after=None
[2024-07-16T05:27:14.535+0530] {processor.py:183} INFO - Processing //home/kali/Desktop/projects/git/bank_data_processing/dags/dag_raw_recurring_deposits.py took 0.596 seconds
[2024-07-16T05:27:44.875+0530] {processor.py:161} INFO - Started process (PID=21868) to work on //home/kali/Desktop/projects/git/bank_data_processing/dags/dag_raw_recurring_deposits.py
[2024-07-16T05:27:44.876+0530] {processor.py:830} INFO - Processing file //home/kali/Desktop/projects/git/bank_data_processing/dags/dag_raw_recurring_deposits.py for tasks to queue
[2024-07-16T05:27:44.878+0530] {logging_mixin.py:188} INFO - [2024-07-16T05:27:44.878+0530] {dagbag.py:545} INFO - Filling up the DagBag from //home/kali/Desktop/projects/git/bank_data_processing/dags/dag_raw_recurring_deposits.py
[2024-07-16T05:27:45.332+0530] {logging_mixin.py:188} INFO - [2024-07-16T05:27:45.332+0530] {base.py:84} INFO - Using connection ID 'mysql_default' for task execution.
[2024-07-16T05:27:45.338+0530] {processor.py:840} INFO - DAG(s) 'raw_load_recurring_deposits' retrieved from //home/kali/Desktop/projects/git/bank_data_processing/dags/dag_raw_recurring_deposits.py
[2024-07-16T05:27:45.415+0530] {logging_mixin.py:188} INFO - [2024-07-16T05:27:45.415+0530] {dag.py:3096} INFO - Sync 1 DAGs
[2024-07-16T05:27:45.422+0530] {logging_mixin.py:188} INFO - [2024-07-16T05:27:45.422+0530] {dag.py:3954} INFO - Setting next_dagrun for raw_load_recurring_deposits to None, run_after=None
[2024-07-16T05:27:45.442+0530] {processor.py:183} INFO - Processing //home/kali/Desktop/projects/git/bank_data_processing/dags/dag_raw_recurring_deposits.py took 0.573 seconds
[2024-07-16T05:28:16.257+0530] {processor.py:161} INFO - Started process (PID=22398) to work on //home/kali/Desktop/projects/git/bank_data_processing/dags/dag_raw_recurring_deposits.py
[2024-07-16T05:28:16.258+0530] {processor.py:830} INFO - Processing file //home/kali/Desktop/projects/git/bank_data_processing/dags/dag_raw_recurring_deposits.py for tasks to queue
[2024-07-16T05:28:16.260+0530] {logging_mixin.py:188} INFO - [2024-07-16T05:28:16.260+0530] {dagbag.py:545} INFO - Filling up the DagBag from //home/kali/Desktop/projects/git/bank_data_processing/dags/dag_raw_recurring_deposits.py
[2024-07-16T05:28:16.892+0530] {logging_mixin.py:188} INFO - [2024-07-16T05:28:16.891+0530] {base.py:84} INFO - Using connection ID 'mysql_default' for task execution.
[2024-07-16T05:28:16.900+0530] {processor.py:840} INFO - DAG(s) 'raw_load_recurring_deposits' retrieved from //home/kali/Desktop/projects/git/bank_data_processing/dags/dag_raw_recurring_deposits.py
[2024-07-16T05:28:17.002+0530] {logging_mixin.py:188} INFO - [2024-07-16T05:28:17.002+0530] {dag.py:3096} INFO - Sync 1 DAGs
[2024-07-16T05:28:17.015+0530] {logging_mixin.py:188} INFO - [2024-07-16T05:28:17.015+0530] {dag.py:3954} INFO - Setting next_dagrun for raw_load_recurring_deposits to None, run_after=None
[2024-07-16T05:28:17.048+0530] {processor.py:183} INFO - Processing //home/kali/Desktop/projects/git/bank_data_processing/dags/dag_raw_recurring_deposits.py took 0.798 seconds
[2024-07-16T05:28:47.644+0530] {processor.py:161} INFO - Started process (PID=22897) to work on //home/kali/Desktop/projects/git/bank_data_processing/dags/dag_raw_recurring_deposits.py
[2024-07-16T05:28:47.646+0530] {processor.py:830} INFO - Processing file //home/kali/Desktop/projects/git/bank_data_processing/dags/dag_raw_recurring_deposits.py for tasks to queue
[2024-07-16T05:28:47.651+0530] {logging_mixin.py:188} INFO - [2024-07-16T05:28:47.650+0530] {dagbag.py:545} INFO - Filling up the DagBag from //home/kali/Desktop/projects/git/bank_data_processing/dags/dag_raw_recurring_deposits.py
[2024-07-16T05:28:48.420+0530] {logging_mixin.py:188} INFO - [2024-07-16T05:28:48.419+0530] {base.py:84} INFO - Using connection ID 'mysql_default' for task execution.
[2024-07-16T05:28:48.435+0530] {processor.py:840} INFO - DAG(s) 'raw_load_recurring_deposits' retrieved from //home/kali/Desktop/projects/git/bank_data_processing/dags/dag_raw_recurring_deposits.py
[2024-07-16T05:28:48.590+0530] {logging_mixin.py:188} INFO - [2024-07-16T05:28:48.589+0530] {dag.py:3096} INFO - Sync 1 DAGs
[2024-07-16T05:28:48.603+0530] {logging_mixin.py:188} INFO - [2024-07-16T05:28:48.603+0530] {dag.py:3954} INFO - Setting next_dagrun for raw_load_recurring_deposits to None, run_after=None
[2024-07-16T05:28:48.637+0530] {processor.py:183} INFO - Processing //home/kali/Desktop/projects/git/bank_data_processing/dags/dag_raw_recurring_deposits.py took 1.002 seconds
[2024-07-16T05:29:19.619+0530] {processor.py:161} INFO - Started process (PID=23522) to work on //home/kali/Desktop/projects/git/bank_data_processing/dags/dag_raw_recurring_deposits.py
[2024-07-16T05:29:19.621+0530] {processor.py:830} INFO - Processing file //home/kali/Desktop/projects/git/bank_data_processing/dags/dag_raw_recurring_deposits.py for tasks to queue
[2024-07-16T05:29:19.623+0530] {logging_mixin.py:188} INFO - [2024-07-16T05:29:19.622+0530] {dagbag.py:545} INFO - Filling up the DagBag from //home/kali/Desktop/projects/git/bank_data_processing/dags/dag_raw_recurring_deposits.py
[2024-07-16T05:29:20.236+0530] {logging_mixin.py:188} INFO - [2024-07-16T05:29:20.236+0530] {base.py:84} INFO - Using connection ID 'mysql_default' for task execution.
[2024-07-16T05:29:20.244+0530] {processor.py:840} INFO - DAG(s) 'raw_load_recurring_deposits' retrieved from //home/kali/Desktop/projects/git/bank_data_processing/dags/dag_raw_recurring_deposits.py
[2024-07-16T05:29:20.348+0530] {logging_mixin.py:188} INFO - [2024-07-16T05:29:20.348+0530] {dag.py:3096} INFO - Sync 1 DAGs
[2024-07-16T05:29:20.359+0530] {logging_mixin.py:188} INFO - [2024-07-16T05:29:20.358+0530] {dag.py:3954} INFO - Setting next_dagrun for raw_load_recurring_deposits to None, run_after=None
[2024-07-16T05:29:20.391+0530] {processor.py:183} INFO - Processing //home/kali/Desktop/projects/git/bank_data_processing/dags/dag_raw_recurring_deposits.py took 0.778 seconds
[2024-07-16T05:29:50.623+0530] {processor.py:161} INFO - Started process (PID=24147) to work on //home/kali/Desktop/projects/git/bank_data_processing/dags/dag_raw_recurring_deposits.py
[2024-07-16T05:29:50.624+0530] {processor.py:830} INFO - Processing file //home/kali/Desktop/projects/git/bank_data_processing/dags/dag_raw_recurring_deposits.py for tasks to queue
[2024-07-16T05:29:50.626+0530] {logging_mixin.py:188} INFO - [2024-07-16T05:29:50.626+0530] {dagbag.py:545} INFO - Filling up the DagBag from //home/kali/Desktop/projects/git/bank_data_processing/dags/dag_raw_recurring_deposits.py
[2024-07-16T05:29:51.228+0530] {logging_mixin.py:188} INFO - [2024-07-16T05:29:51.227+0530] {base.py:84} INFO - Using connection ID 'mysql_default' for task execution.
[2024-07-16T05:29:51.237+0530] {processor.py:840} INFO - DAG(s) 'raw_load_recurring_deposits' retrieved from //home/kali/Desktop/projects/git/bank_data_processing/dags/dag_raw_recurring_deposits.py
[2024-07-16T05:29:51.356+0530] {logging_mixin.py:188} INFO - [2024-07-16T05:29:51.356+0530] {dag.py:3096} INFO - Sync 1 DAGs
[2024-07-16T05:29:51.365+0530] {logging_mixin.py:188} INFO - [2024-07-16T05:29:51.364+0530] {dag.py:3954} INFO - Setting next_dagrun for raw_load_recurring_deposits to None, run_after=None
[2024-07-16T05:29:51.389+0530] {processor.py:183} INFO - Processing //home/kali/Desktop/projects/git/bank_data_processing/dags/dag_raw_recurring_deposits.py took 0.775 seconds
