[2024-07-16T05:16:12.941+0530] {processor.py:161} INFO - Started process (PID=6303) to work on //home/kali/Desktop/projects/git/bank_data_processing/dags/dag_raw_loans.py
[2024-07-16T05:16:12.942+0530] {processor.py:830} INFO - Processing file //home/kali/Desktop/projects/git/bank_data_processing/dags/dag_raw_loans.py for tasks to queue
[2024-07-16T05:16:12.944+0530] {logging_mixin.py:188} INFO - [2024-07-16T05:16:12.944+0530] {dagbag.py:545} INFO - Filling up the DagBag from //home/kali/Desktop/projects/git/bank_data_processing/dags/dag_raw_loans.py
[2024-07-16T05:16:13.440+0530] {logging_mixin.py:188} INFO - [2024-07-16T05:16:13.440+0530] {base.py:84} INFO - Using connection ID 'mysql_default' for task execution.
[2024-07-16T05:16:13.445+0530] {processor.py:840} INFO - DAG(s) 'raw_load_loans' retrieved from //home/kali/Desktop/projects/git/bank_data_processing/dags/dag_raw_loans.py
[2024-07-16T05:16:13.448+0530] {logging_mixin.py:188} INFO - [2024-07-16T05:16:13.447+0530] {dag.py:3096} INFO - Sync 1 DAGs
[2024-07-16T05:16:13.456+0530] {logging_mixin.py:188} INFO - [2024-07-16T05:16:13.456+0530] {dag.py:3954} INFO - Setting next_dagrun for raw_load_loans to None, run_after=None
[2024-07-16T05:16:13.475+0530] {processor.py:183} INFO - Processing //home/kali/Desktop/projects/git/bank_data_processing/dags/dag_raw_loans.py took 0.542 seconds
[2024-07-16T05:16:46.578+0530] {processor.py:161} INFO - Started process (PID=6851) to work on //home/kali/Desktop/projects/git/bank_data_processing/dags/dag_raw_loans.py
[2024-07-16T05:16:46.579+0530] {processor.py:830} INFO - Processing file //home/kali/Desktop/projects/git/bank_data_processing/dags/dag_raw_loans.py for tasks to queue
[2024-07-16T05:16:46.581+0530] {logging_mixin.py:188} INFO - [2024-07-16T05:16:46.581+0530] {dagbag.py:545} INFO - Filling up the DagBag from //home/kali/Desktop/projects/git/bank_data_processing/dags/dag_raw_loans.py
[2024-07-16T05:16:47.168+0530] {logging_mixin.py:188} INFO - [2024-07-16T05:16:47.168+0530] {base.py:84} INFO - Using connection ID 'mysql_default' for task execution.
[2024-07-16T05:16:47.183+0530] {processor.py:840} INFO - DAG(s) 'raw_load_loans' retrieved from //home/kali/Desktop/projects/git/bank_data_processing/dags/dag_raw_loans.py
[2024-07-16T05:16:47.335+0530] {logging_mixin.py:188} INFO - [2024-07-16T05:16:47.334+0530] {dag.py:3096} INFO - Sync 1 DAGs
[2024-07-16T05:16:47.346+0530] {logging_mixin.py:188} INFO - [2024-07-16T05:16:47.346+0530] {dag.py:3954} INFO - Setting next_dagrun for raw_load_loans to None, run_after=None
[2024-07-16T05:16:47.371+0530] {processor.py:183} INFO - Processing //home/kali/Desktop/projects/git/bank_data_processing/dags/dag_raw_loans.py took 0.798 seconds
[2024-07-16T05:17:17.637+0530] {processor.py:161} INFO - Started process (PID=7322) to work on //home/kali/Desktop/projects/git/bank_data_processing/dags/dag_raw_loans.py
[2024-07-16T05:17:17.640+0530] {processor.py:830} INFO - Processing file //home/kali/Desktop/projects/git/bank_data_processing/dags/dag_raw_loans.py for tasks to queue
[2024-07-16T05:17:17.642+0530] {logging_mixin.py:188} INFO - [2024-07-16T05:17:17.641+0530] {dagbag.py:545} INFO - Filling up the DagBag from //home/kali/Desktop/projects/git/bank_data_processing/dags/dag_raw_loans.py
[2024-07-16T05:17:18.140+0530] {logging_mixin.py:188} INFO - [2024-07-16T05:17:18.140+0530] {base.py:84} INFO - Using connection ID 'mysql_default' for task execution.
[2024-07-16T05:17:18.147+0530] {processor.py:840} INFO - DAG(s) 'raw_load_loans' retrieved from //home/kali/Desktop/projects/git/bank_data_processing/dags/dag_raw_loans.py
[2024-07-16T05:17:18.250+0530] {logging_mixin.py:188} INFO - [2024-07-16T05:17:18.249+0530] {dag.py:3096} INFO - Sync 1 DAGs
[2024-07-16T05:17:18.259+0530] {logging_mixin.py:188} INFO - [2024-07-16T05:17:18.258+0530] {dag.py:3954} INFO - Setting next_dagrun for raw_load_loans to None, run_after=None
[2024-07-16T05:17:18.288+0530] {processor.py:183} INFO - Processing //home/kali/Desktop/projects/git/bank_data_processing/dags/dag_raw_loans.py took 0.656 seconds
[2024-07-16T05:17:50.748+0530] {processor.py:161} INFO - Started process (PID=7872) to work on //home/kali/Desktop/projects/git/bank_data_processing/dags/dag_raw_loans.py
[2024-07-16T05:17:50.754+0530] {processor.py:830} INFO - Processing file //home/kali/Desktop/projects/git/bank_data_processing/dags/dag_raw_loans.py for tasks to queue
[2024-07-16T05:17:50.757+0530] {logging_mixin.py:188} INFO - [2024-07-16T05:17:50.757+0530] {dagbag.py:545} INFO - Filling up the DagBag from //home/kali/Desktop/projects/git/bank_data_processing/dags/dag_raw_loans.py
[2024-07-16T05:17:51.326+0530] {logging_mixin.py:188} INFO - [2024-07-16T05:17:51.325+0530] {base.py:84} INFO - Using connection ID 'mysql_default' for task execution.
[2024-07-16T05:17:51.333+0530] {processor.py:840} INFO - DAG(s) 'raw_load_loans' retrieved from //home/kali/Desktop/projects/git/bank_data_processing/dags/dag_raw_loans.py
[2024-07-16T05:17:51.444+0530] {logging_mixin.py:188} INFO - [2024-07-16T05:17:51.443+0530] {dag.py:3096} INFO - Sync 1 DAGs
[2024-07-16T05:17:51.454+0530] {logging_mixin.py:188} INFO - [2024-07-16T05:17:51.453+0530] {dag.py:3954} INFO - Setting next_dagrun for raw_load_loans to None, run_after=None
[2024-07-16T05:17:51.481+0530] {processor.py:183} INFO - Processing //home/kali/Desktop/projects/git/bank_data_processing/dags/dag_raw_loans.py took 0.741 seconds
[2024-07-16T05:18:21.675+0530] {processor.py:161} INFO - Started process (PID=8329) to work on //home/kali/Desktop/projects/git/bank_data_processing/dags/dag_raw_loans.py
[2024-07-16T05:18:21.675+0530] {processor.py:830} INFO - Processing file //home/kali/Desktop/projects/git/bank_data_processing/dags/dag_raw_loans.py for tasks to queue
[2024-07-16T05:18:21.677+0530] {logging_mixin.py:188} INFO - [2024-07-16T05:18:21.677+0530] {dagbag.py:545} INFO - Filling up the DagBag from //home/kali/Desktop/projects/git/bank_data_processing/dags/dag_raw_loans.py
[2024-07-16T05:18:22.210+0530] {logging_mixin.py:188} INFO - [2024-07-16T05:18:22.210+0530] {base.py:84} INFO - Using connection ID 'mysql_default' for task execution.
[2024-07-16T05:18:22.225+0530] {processor.py:840} INFO - DAG(s) 'raw_load_loans' retrieved from //home/kali/Desktop/projects/git/bank_data_processing/dags/dag_raw_loans.py
[2024-07-16T05:18:22.359+0530] {logging_mixin.py:188} INFO - [2024-07-16T05:18:22.359+0530] {dag.py:3096} INFO - Sync 1 DAGs
[2024-07-16T05:18:22.371+0530] {logging_mixin.py:188} INFO - [2024-07-16T05:18:22.370+0530] {dag.py:3954} INFO - Setting next_dagrun for raw_load_loans to None, run_after=None
[2024-07-16T05:18:22.398+0530] {processor.py:183} INFO - Processing //home/kali/Desktop/projects/git/bank_data_processing/dags/dag_raw_loans.py took 0.729 seconds
[2024-07-16T05:18:52.913+0530] {processor.py:161} INFO - Started process (PID=8849) to work on //home/kali/Desktop/projects/git/bank_data_processing/dags/dag_raw_loans.py
[2024-07-16T05:18:52.914+0530] {processor.py:830} INFO - Processing file //home/kali/Desktop/projects/git/bank_data_processing/dags/dag_raw_loans.py for tasks to queue
[2024-07-16T05:18:52.916+0530] {logging_mixin.py:188} INFO - [2024-07-16T05:18:52.915+0530] {dagbag.py:545} INFO - Filling up the DagBag from //home/kali/Desktop/projects/git/bank_data_processing/dags/dag_raw_loans.py
[2024-07-16T05:18:53.474+0530] {logging_mixin.py:188} INFO - [2024-07-16T05:18:53.474+0530] {base.py:84} INFO - Using connection ID 'mysql_default' for task execution.
[2024-07-16T05:18:53.482+0530] {processor.py:840} INFO - DAG(s) 'raw_load_loans' retrieved from //home/kali/Desktop/projects/git/bank_data_processing/dags/dag_raw_loans.py
[2024-07-16T05:18:53.586+0530] {logging_mixin.py:188} INFO - [2024-07-16T05:18:53.585+0530] {dag.py:3096} INFO - Sync 1 DAGs
[2024-07-16T05:18:53.597+0530] {logging_mixin.py:188} INFO - [2024-07-16T05:18:53.597+0530] {dag.py:3954} INFO - Setting next_dagrun for raw_load_loans to None, run_after=None
[2024-07-16T05:18:53.626+0530] {processor.py:183} INFO - Processing //home/kali/Desktop/projects/git/bank_data_processing/dags/dag_raw_loans.py took 0.722 seconds
[2024-07-16T05:19:23.905+0530] {processor.py:161} INFO - Started process (PID=9423) to work on //home/kali/Desktop/projects/git/bank_data_processing/dags/dag_raw_loans.py
[2024-07-16T05:19:23.908+0530] {processor.py:830} INFO - Processing file //home/kali/Desktop/projects/git/bank_data_processing/dags/dag_raw_loans.py for tasks to queue
[2024-07-16T05:19:23.911+0530] {logging_mixin.py:188} INFO - [2024-07-16T05:19:23.911+0530] {dagbag.py:545} INFO - Filling up the DagBag from //home/kali/Desktop/projects/git/bank_data_processing/dags/dag_raw_loans.py
[2024-07-16T05:19:24.682+0530] {logging_mixin.py:188} INFO - [2024-07-16T05:19:24.682+0530] {base.py:84} INFO - Using connection ID 'mysql_default' for task execution.
[2024-07-16T05:19:24.691+0530] {processor.py:840} INFO - DAG(s) 'raw_load_loans' retrieved from //home/kali/Desktop/projects/git/bank_data_processing/dags/dag_raw_loans.py
[2024-07-16T05:19:24.830+0530] {logging_mixin.py:188} INFO - [2024-07-16T05:19:24.830+0530] {dag.py:3096} INFO - Sync 1 DAGs
[2024-07-16T05:19:24.843+0530] {logging_mixin.py:188} INFO - [2024-07-16T05:19:24.843+0530] {dag.py:3954} INFO - Setting next_dagrun for raw_load_loans to None, run_after=None
[2024-07-16T05:19:24.874+0530] {processor.py:183} INFO - Processing //home/kali/Desktop/projects/git/bank_data_processing/dags/dag_raw_loans.py took 0.981 seconds
[2024-07-16T05:19:52.416+0530] {processor.py:161} INFO - Started process (PID=10348) to work on //home/kali/Desktop/projects/git/bank_data_processing/dags/dag_raw_loans.py
[2024-07-16T05:19:52.417+0530] {processor.py:830} INFO - Processing file //home/kali/Desktop/projects/git/bank_data_processing/dags/dag_raw_loans.py for tasks to queue
[2024-07-16T05:19:52.419+0530] {logging_mixin.py:188} INFO - [2024-07-16T05:19:52.418+0530] {dagbag.py:545} INFO - Filling up the DagBag from //home/kali/Desktop/projects/git/bank_data_processing/dags/dag_raw_loans.py
[2024-07-16T05:19:53.121+0530] {logging_mixin.py:188} INFO - [2024-07-16T05:19:53.120+0530] {base.py:84} INFO - Using connection ID 'mysql_default' for task execution.
[2024-07-16T05:19:53.127+0530] {processor.py:840} INFO - DAG(s) 'raw_load_loans' retrieved from //home/kali/Desktop/projects/git/bank_data_processing/dags/dag_raw_loans.py
[2024-07-16T05:19:53.129+0530] {logging_mixin.py:188} INFO - [2024-07-16T05:19:53.129+0530] {dag.py:3096} INFO - Sync 1 DAGs
[2024-07-16T05:19:53.138+0530] {logging_mixin.py:188} INFO - [2024-07-16T05:19:53.138+0530] {dag.py:3954} INFO - Setting next_dagrun for raw_load_loans to None, run_after=None
[2024-07-16T05:19:53.159+0530] {processor.py:183} INFO - Processing //home/kali/Desktop/projects/git/bank_data_processing/dags/dag_raw_loans.py took 0.751 seconds
[2024-07-16T05:20:25.011+0530] {processor.py:161} INFO - Started process (PID=10942) to work on //home/kali/Desktop/projects/git/bank_data_processing/dags/dag_raw_loans.py
[2024-07-16T05:20:25.012+0530] {processor.py:830} INFO - Processing file //home/kali/Desktop/projects/git/bank_data_processing/dags/dag_raw_loans.py for tasks to queue
[2024-07-16T05:20:25.014+0530] {logging_mixin.py:188} INFO - [2024-07-16T05:20:25.014+0530] {dagbag.py:545} INFO - Filling up the DagBag from //home/kali/Desktop/projects/git/bank_data_processing/dags/dag_raw_loans.py
[2024-07-16T05:20:25.747+0530] {logging_mixin.py:188} INFO - [2024-07-16T05:20:25.747+0530] {base.py:84} INFO - Using connection ID 'mysql_default' for task execution.
[2024-07-16T05:20:25.758+0530] {processor.py:840} INFO - DAG(s) 'raw_load_loans' retrieved from //home/kali/Desktop/projects/git/bank_data_processing/dags/dag_raw_loans.py
[2024-07-16T05:20:25.762+0530] {logging_mixin.py:188} INFO - [2024-07-16T05:20:25.762+0530] {dag.py:3096} INFO - Sync 1 DAGs
[2024-07-16T05:20:25.775+0530] {logging_mixin.py:188} INFO - [2024-07-16T05:20:25.775+0530] {dag.py:3954} INFO - Setting next_dagrun for raw_load_loans to None, run_after=None
[2024-07-16T05:20:25.808+0530] {processor.py:183} INFO - Processing //home/kali/Desktop/projects/git/bank_data_processing/dags/dag_raw_loans.py took 0.804 seconds
[2024-07-16T05:20:59.357+0530] {processor.py:161} INFO - Started process (PID=12178) to work on //home/kali/Desktop/projects/git/bank_data_processing/dags/dag_raw_loans.py
[2024-07-16T05:20:59.360+0530] {processor.py:830} INFO - Processing file //home/kali/Desktop/projects/git/bank_data_processing/dags/dag_raw_loans.py for tasks to queue
[2024-07-16T05:20:59.363+0530] {logging_mixin.py:188} INFO - [2024-07-16T05:20:59.363+0530] {dagbag.py:545} INFO - Filling up the DagBag from //home/kali/Desktop/projects/git/bank_data_processing/dags/dag_raw_loans.py
[2024-07-16T05:21:00.150+0530] {logging_mixin.py:188} INFO - [2024-07-16T05:21:00.150+0530] {base.py:84} INFO - Using connection ID 'mysql_default' for task execution.
[2024-07-16T05:21:00.157+0530] {processor.py:840} INFO - DAG(s) 'raw_load_loans' retrieved from //home/kali/Desktop/projects/git/bank_data_processing/dags/dag_raw_loans.py
[2024-07-16T05:21:00.271+0530] {logging_mixin.py:188} INFO - [2024-07-16T05:21:00.270+0530] {dag.py:3096} INFO - Sync 1 DAGs
[2024-07-16T05:21:00.280+0530] {logging_mixin.py:188} INFO - [2024-07-16T05:21:00.280+0530] {dag.py:3954} INFO - Setting next_dagrun for raw_load_loans to None, run_after=None
[2024-07-16T05:21:00.308+0530] {processor.py:183} INFO - Processing //home/kali/Desktop/projects/git/bank_data_processing/dags/dag_raw_loans.py took 0.958 seconds
[2024-07-16T05:24:35.466+0530] {processor.py:161} INFO - Started process (PID=15847) to work on //home/kali/Desktop/projects/git/bank_data_processing/dags/dag_raw_loans.py
[2024-07-16T05:24:35.469+0530] {processor.py:830} INFO - Processing file //home/kali/Desktop/projects/git/bank_data_processing/dags/dag_raw_loans.py for tasks to queue
[2024-07-16T05:24:35.471+0530] {logging_mixin.py:188} INFO - [2024-07-16T05:24:35.470+0530] {dagbag.py:545} INFO - Filling up the DagBag from //home/kali/Desktop/projects/git/bank_data_processing/dags/dag_raw_loans.py
[2024-07-16T05:24:36.335+0530] {logging_mixin.py:188} INFO - [2024-07-16T05:24:36.335+0530] {base.py:84} INFO - Using connection ID 'mysql_default' for task execution.
[2024-07-16T05:24:36.348+0530] {processor.py:840} INFO - DAG(s) 'raw_load_loans' retrieved from //home/kali/Desktop/projects/git/bank_data_processing/dags/dag_raw_loans.py
[2024-07-16T05:24:36.351+0530] {logging_mixin.py:188} INFO - [2024-07-16T05:24:36.351+0530] {dag.py:3096} INFO - Sync 1 DAGs
[2024-07-16T05:24:36.367+0530] {logging_mixin.py:188} INFO - [2024-07-16T05:24:36.367+0530] {dag.py:3954} INFO - Setting next_dagrun for raw_load_loans to None, run_after=None
[2024-07-16T05:24:36.403+0530] {processor.py:183} INFO - Processing //home/kali/Desktop/projects/git/bank_data_processing/dags/dag_raw_loans.py took 0.946 seconds
[2024-07-16T05:25:08.960+0530] {processor.py:161} INFO - Started process (PID=16569) to work on //home/kali/Desktop/projects/git/bank_data_processing/dags/dag_raw_loans.py
[2024-07-16T05:25:08.962+0530] {processor.py:830} INFO - Processing file //home/kali/Desktop/projects/git/bank_data_processing/dags/dag_raw_loans.py for tasks to queue
[2024-07-16T05:25:08.965+0530] {logging_mixin.py:188} INFO - [2024-07-16T05:25:08.964+0530] {dagbag.py:545} INFO - Filling up the DagBag from //home/kali/Desktop/projects/git/bank_data_processing/dags/dag_raw_loans.py
[2024-07-16T05:25:09.568+0530] {logging_mixin.py:188} INFO - [2024-07-16T05:25:09.567+0530] {base.py:84} INFO - Using connection ID 'mysql_default' for task execution.
[2024-07-16T05:25:09.577+0530] {processor.py:840} INFO - DAG(s) 'raw_load_loans' retrieved from //home/kali/Desktop/projects/git/bank_data_processing/dags/dag_raw_loans.py
[2024-07-16T05:25:09.680+0530] {logging_mixin.py:188} INFO - [2024-07-16T05:25:09.679+0530] {dag.py:3096} INFO - Sync 1 DAGs
[2024-07-16T05:25:09.690+0530] {logging_mixin.py:188} INFO - [2024-07-16T05:25:09.690+0530] {dag.py:3954} INFO - Setting next_dagrun for raw_load_loans to None, run_after=None
[2024-07-16T05:25:09.714+0530] {processor.py:183} INFO - Processing //home/kali/Desktop/projects/git/bank_data_processing/dags/dag_raw_loans.py took 0.767 seconds
[2024-07-16T05:25:40.475+0530] {processor.py:161} INFO - Started process (PID=18031) to work on //home/kali/Desktop/projects/git/bank_data_processing/dags/dag_raw_loans.py
[2024-07-16T05:25:40.476+0530] {processor.py:830} INFO - Processing file //home/kali/Desktop/projects/git/bank_data_processing/dags/dag_raw_loans.py for tasks to queue
[2024-07-16T05:25:40.478+0530] {logging_mixin.py:188} INFO - [2024-07-16T05:25:40.478+0530] {dagbag.py:545} INFO - Filling up the DagBag from //home/kali/Desktop/projects/git/bank_data_processing/dags/dag_raw_loans.py
[2024-07-16T05:25:41.179+0530] {logging_mixin.py:188} INFO - [2024-07-16T05:25:41.178+0530] {base.py:84} INFO - Using connection ID 'mysql_default' for task execution.
[2024-07-16T05:25:41.185+0530] {processor.py:840} INFO - DAG(s) 'raw_load_loans' retrieved from //home/kali/Desktop/projects/git/bank_data_processing/dags/dag_raw_loans.py
[2024-07-16T05:25:41.275+0530] {logging_mixin.py:188} INFO - [2024-07-16T05:25:41.275+0530] {dag.py:3096} INFO - Sync 1 DAGs
[2024-07-16T05:25:41.283+0530] {logging_mixin.py:188} INFO - [2024-07-16T05:25:41.283+0530] {dag.py:3954} INFO - Setting next_dagrun for raw_load_loans to None, run_after=None
[2024-07-16T05:25:41.307+0530] {processor.py:183} INFO - Processing //home/kali/Desktop/projects/git/bank_data_processing/dags/dag_raw_loans.py took 0.840 seconds
[2024-07-16T05:26:12.004+0530] {processor.py:161} INFO - Started process (PID=18718) to work on //home/kali/Desktop/projects/git/bank_data_processing/dags/dag_raw_loans.py
[2024-07-16T05:26:12.007+0530] {processor.py:830} INFO - Processing file //home/kali/Desktop/projects/git/bank_data_processing/dags/dag_raw_loans.py for tasks to queue
[2024-07-16T05:26:12.011+0530] {logging_mixin.py:188} INFO - [2024-07-16T05:26:12.010+0530] {dagbag.py:545} INFO - Filling up the DagBag from //home/kali/Desktop/projects/git/bank_data_processing/dags/dag_raw_loans.py
[2024-07-16T05:26:12.840+0530] {logging_mixin.py:188} INFO - [2024-07-16T05:26:12.839+0530] {base.py:84} INFO - Using connection ID 'mysql_default' for task execution.
[2024-07-16T05:26:12.853+0530] {processor.py:840} INFO - DAG(s) 'raw_load_loans' retrieved from //home/kali/Desktop/projects/git/bank_data_processing/dags/dag_raw_loans.py
[2024-07-16T05:26:13.030+0530] {logging_mixin.py:188} INFO - [2024-07-16T05:26:13.029+0530] {dag.py:3096} INFO - Sync 1 DAGs
[2024-07-16T05:26:13.045+0530] {logging_mixin.py:188} INFO - [2024-07-16T05:26:13.045+0530] {dag.py:3954} INFO - Setting next_dagrun for raw_load_loans to None, run_after=None
[2024-07-16T05:26:13.078+0530] {processor.py:183} INFO - Processing //home/kali/Desktop/projects/git/bank_data_processing/dags/dag_raw_loans.py took 1.084 seconds
[2024-07-16T05:26:43.543+0530] {processor.py:161} INFO - Started process (PID=20080) to work on //home/kali/Desktop/projects/git/bank_data_processing/dags/dag_raw_loans.py
[2024-07-16T05:26:43.549+0530] {processor.py:830} INFO - Processing file //home/kali/Desktop/projects/git/bank_data_processing/dags/dag_raw_loans.py for tasks to queue
[2024-07-16T05:26:43.551+0530] {logging_mixin.py:188} INFO - [2024-07-16T05:26:43.551+0530] {dagbag.py:545} INFO - Filling up the DagBag from //home/kali/Desktop/projects/git/bank_data_processing/dags/dag_raw_loans.py
[2024-07-16T05:26:44.125+0530] {logging_mixin.py:188} INFO - [2024-07-16T05:26:44.124+0530] {base.py:84} INFO - Using connection ID 'mysql_default' for task execution.
[2024-07-16T05:26:44.132+0530] {processor.py:840} INFO - DAG(s) 'raw_load_loans' retrieved from //home/kali/Desktop/projects/git/bank_data_processing/dags/dag_raw_loans.py
[2024-07-16T05:26:44.219+0530] {logging_mixin.py:188} INFO - [2024-07-16T05:26:44.219+0530] {dag.py:3096} INFO - Sync 1 DAGs
[2024-07-16T05:26:44.229+0530] {logging_mixin.py:188} INFO - [2024-07-16T05:26:44.229+0530] {dag.py:3954} INFO - Setting next_dagrun for raw_load_loans to None, run_after=None
[2024-07-16T05:26:44.256+0530] {processor.py:183} INFO - Processing //home/kali/Desktop/projects/git/bank_data_processing/dags/dag_raw_loans.py took 0.723 seconds
[2024-07-16T05:27:14.563+0530] {processor.py:161} INFO - Started process (PID=21242) to work on //home/kali/Desktop/projects/git/bank_data_processing/dags/dag_raw_loans.py
[2024-07-16T05:27:14.564+0530] {processor.py:830} INFO - Processing file //home/kali/Desktop/projects/git/bank_data_processing/dags/dag_raw_loans.py for tasks to queue
[2024-07-16T05:27:14.566+0530] {logging_mixin.py:188} INFO - [2024-07-16T05:27:14.566+0530] {dagbag.py:545} INFO - Filling up the DagBag from //home/kali/Desktop/projects/git/bank_data_processing/dags/dag_raw_loans.py
[2024-07-16T05:27:15.174+0530] {logging_mixin.py:188} INFO - [2024-07-16T05:27:15.173+0530] {base.py:84} INFO - Using connection ID 'mysql_default' for task execution.
[2024-07-16T05:27:15.181+0530] {processor.py:840} INFO - DAG(s) 'raw_load_loans' retrieved from //home/kali/Desktop/projects/git/bank_data_processing/dags/dag_raw_loans.py
[2024-07-16T05:27:15.315+0530] {logging_mixin.py:188} INFO - [2024-07-16T05:27:15.315+0530] {dag.py:3096} INFO - Sync 1 DAGs
[2024-07-16T05:27:15.329+0530] {logging_mixin.py:188} INFO - [2024-07-16T05:27:15.329+0530] {dag.py:3954} INFO - Setting next_dagrun for raw_load_loans to None, run_after=None
[2024-07-16T05:27:15.360+0530] {processor.py:183} INFO - Processing //home/kali/Desktop/projects/git/bank_data_processing/dags/dag_raw_loans.py took 0.803 seconds
[2024-07-16T05:27:45.471+0530] {processor.py:161} INFO - Started process (PID=21880) to work on //home/kali/Desktop/projects/git/bank_data_processing/dags/dag_raw_loans.py
[2024-07-16T05:27:45.472+0530] {processor.py:830} INFO - Processing file //home/kali/Desktop/projects/git/bank_data_processing/dags/dag_raw_loans.py for tasks to queue
[2024-07-16T05:27:45.474+0530] {logging_mixin.py:188} INFO - [2024-07-16T05:27:45.473+0530] {dagbag.py:545} INFO - Filling up the DagBag from //home/kali/Desktop/projects/git/bank_data_processing/dags/dag_raw_loans.py
[2024-07-16T05:27:45.912+0530] {logging_mixin.py:188} INFO - [2024-07-16T05:27:45.911+0530] {base.py:84} INFO - Using connection ID 'mysql_default' for task execution.
[2024-07-16T05:27:45.917+0530] {processor.py:840} INFO - DAG(s) 'raw_load_loans' retrieved from //home/kali/Desktop/projects/git/bank_data_processing/dags/dag_raw_loans.py
[2024-07-16T05:27:45.997+0530] {logging_mixin.py:188} INFO - [2024-07-16T05:27:45.997+0530] {dag.py:3096} INFO - Sync 1 DAGs
[2024-07-16T05:27:46.004+0530] {logging_mixin.py:188} INFO - [2024-07-16T05:27:46.004+0530] {dag.py:3954} INFO - Setting next_dagrun for raw_load_loans to None, run_after=None
[2024-07-16T05:27:46.027+0530] {processor.py:183} INFO - Processing //home/kali/Desktop/projects/git/bank_data_processing/dags/dag_raw_loans.py took 0.561 seconds
[2024-07-16T05:28:16.699+0530] {processor.py:161} INFO - Started process (PID=22418) to work on //home/kali/Desktop/projects/git/bank_data_processing/dags/dag_raw_loans.py
[2024-07-16T05:28:16.701+0530] {processor.py:830} INFO - Processing file //home/kali/Desktop/projects/git/bank_data_processing/dags/dag_raw_loans.py for tasks to queue
[2024-07-16T05:28:16.704+0530] {logging_mixin.py:188} INFO - [2024-07-16T05:28:16.703+0530] {dagbag.py:545} INFO - Filling up the DagBag from //home/kali/Desktop/projects/git/bank_data_processing/dags/dag_raw_loans.py
[2024-07-16T05:28:17.279+0530] {logging_mixin.py:188} INFO - [2024-07-16T05:28:17.278+0530] {base.py:84} INFO - Using connection ID 'mysql_default' for task execution.
[2024-07-16T05:28:17.292+0530] {processor.py:840} INFO - DAG(s) 'raw_load_loans' retrieved from //home/kali/Desktop/projects/git/bank_data_processing/dags/dag_raw_loans.py
[2024-07-16T05:28:17.389+0530] {logging_mixin.py:188} INFO - [2024-07-16T05:28:17.388+0530] {dag.py:3096} INFO - Sync 1 DAGs
[2024-07-16T05:28:17.400+0530] {logging_mixin.py:188} INFO - [2024-07-16T05:28:17.399+0530] {dag.py:3954} INFO - Setting next_dagrun for raw_load_loans to None, run_after=None
[2024-07-16T05:28:17.428+0530] {processor.py:183} INFO - Processing //home/kali/Desktop/projects/git/bank_data_processing/dags/dag_raw_loans.py took 0.740 seconds
[2024-07-16T05:28:48.403+0530] {processor.py:161} INFO - Started process (PID=22917) to work on //home/kali/Desktop/projects/git/bank_data_processing/dags/dag_raw_loans.py
[2024-07-16T05:28:48.406+0530] {processor.py:830} INFO - Processing file //home/kali/Desktop/projects/git/bank_data_processing/dags/dag_raw_loans.py for tasks to queue
[2024-07-16T05:28:48.409+0530] {logging_mixin.py:188} INFO - [2024-07-16T05:28:48.409+0530] {dagbag.py:545} INFO - Filling up the DagBag from //home/kali/Desktop/projects/git/bank_data_processing/dags/dag_raw_loans.py
[2024-07-16T05:28:49.176+0530] {logging_mixin.py:188} INFO - [2024-07-16T05:28:49.176+0530] {base.py:84} INFO - Using connection ID 'mysql_default' for task execution.
[2024-07-16T05:28:49.184+0530] {processor.py:840} INFO - DAG(s) 'raw_load_loans' retrieved from //home/kali/Desktop/projects/git/bank_data_processing/dags/dag_raw_loans.py
[2024-07-16T05:28:49.301+0530] {logging_mixin.py:188} INFO - [2024-07-16T05:28:49.300+0530] {dag.py:3096} INFO - Sync 1 DAGs
[2024-07-16T05:28:49.310+0530] {logging_mixin.py:188} INFO - [2024-07-16T05:28:49.310+0530] {dag.py:3954} INFO - Setting next_dagrun for raw_load_loans to None, run_after=None
[2024-07-16T05:28:49.341+0530] {processor.py:183} INFO - Processing //home/kali/Desktop/projects/git/bank_data_processing/dags/dag_raw_loans.py took 0.952 seconds
[2024-07-16T05:29:19.996+0530] {processor.py:161} INFO - Started process (PID=23542) to work on //home/kali/Desktop/projects/git/bank_data_processing/dags/dag_raw_loans.py
[2024-07-16T05:29:19.998+0530] {processor.py:830} INFO - Processing file //home/kali/Desktop/projects/git/bank_data_processing/dags/dag_raw_loans.py for tasks to queue
[2024-07-16T05:29:20.000+0530] {logging_mixin.py:188} INFO - [2024-07-16T05:29:20.000+0530] {dagbag.py:545} INFO - Filling up the DagBag from //home/kali/Desktop/projects/git/bank_data_processing/dags/dag_raw_loans.py
[2024-07-16T05:29:20.613+0530] {logging_mixin.py:188} INFO - [2024-07-16T05:29:20.613+0530] {base.py:84} INFO - Using connection ID 'mysql_default' for task execution.
[2024-07-16T05:29:20.620+0530] {processor.py:840} INFO - DAG(s) 'raw_load_loans' retrieved from //home/kali/Desktop/projects/git/bank_data_processing/dags/dag_raw_loans.py
[2024-07-16T05:29:20.719+0530] {logging_mixin.py:188} INFO - [2024-07-16T05:29:20.718+0530] {dag.py:3096} INFO - Sync 1 DAGs
[2024-07-16T05:29:20.729+0530] {logging_mixin.py:188} INFO - [2024-07-16T05:29:20.729+0530] {dag.py:3954} INFO - Setting next_dagrun for raw_load_loans to None, run_after=None
[2024-07-16T05:29:20.757+0530] {processor.py:183} INFO - Processing //home/kali/Desktop/projects/git/bank_data_processing/dags/dag_raw_loans.py took 0.768 seconds
[2024-07-16T05:29:50.853+0530] {processor.py:161} INFO - Started process (PID=24167) to work on //home/kali/Desktop/projects/git/bank_data_processing/dags/dag_raw_loans.py
[2024-07-16T05:29:50.854+0530] {processor.py:830} INFO - Processing file //home/kali/Desktop/projects/git/bank_data_processing/dags/dag_raw_loans.py for tasks to queue
[2024-07-16T05:29:50.856+0530] {logging_mixin.py:188} INFO - [2024-07-16T05:29:50.856+0530] {dagbag.py:545} INFO - Filling up the DagBag from //home/kali/Desktop/projects/git/bank_data_processing/dags/dag_raw_loans.py
[2024-07-16T05:29:51.437+0530] {logging_mixin.py:188} INFO - [2024-07-16T05:29:51.436+0530] {base.py:84} INFO - Using connection ID 'mysql_default' for task execution.
[2024-07-16T05:29:51.444+0530] {processor.py:840} INFO - DAG(s) 'raw_load_loans' retrieved from //home/kali/Desktop/projects/git/bank_data_processing/dags/dag_raw_loans.py
[2024-07-16T05:29:51.551+0530] {logging_mixin.py:188} INFO - [2024-07-16T05:29:51.550+0530] {dag.py:3096} INFO - Sync 1 DAGs
[2024-07-16T05:29:51.560+0530] {logging_mixin.py:188} INFO - [2024-07-16T05:29:51.559+0530] {dag.py:3954} INFO - Setting next_dagrun for raw_load_loans to None, run_after=None
[2024-07-16T05:29:51.596+0530] {processor.py:183} INFO - Processing //home/kali/Desktop/projects/git/bank_data_processing/dags/dag_raw_loans.py took 0.751 seconds
