[2024-07-16T05:16:07.819+0530] {processor.py:161} INFO - Started process (PID=6104) to work on //home/kali/Desktop/projects/git/bank_data_processing/dags/dag_raw_customer_support.py
[2024-07-16T05:16:07.819+0530] {processor.py:830} INFO - Processing file //home/kali/Desktop/projects/git/bank_data_processing/dags/dag_raw_customer_support.py for tasks to queue
[2024-07-16T05:16:07.821+0530] {logging_mixin.py:188} INFO - [2024-07-16T05:16:07.821+0530] {dagbag.py:545} INFO - Filling up the DagBag from //home/kali/Desktop/projects/git/bank_data_processing/dags/dag_raw_customer_support.py
[2024-07-16T05:16:08.328+0530] {logging_mixin.py:188} INFO - [2024-07-16T05:16:08.328+0530] {base.py:84} INFO - Using connection ID 'mysql_default' for task execution.
[2024-07-16T05:16:08.334+0530] {processor.py:840} INFO - DAG(s) 'raw_load_customer_support' retrieved from //home/kali/Desktop/projects/git/bank_data_processing/dags/dag_raw_customer_support.py
[2024-07-16T05:16:08.337+0530] {logging_mixin.py:188} INFO - [2024-07-16T05:16:08.336+0530] {dag.py:3096} INFO - Sync 1 DAGs
[2024-07-16T05:16:08.345+0530] {logging_mixin.py:188} INFO - [2024-07-16T05:16:08.345+0530] {dag.py:3954} INFO - Setting next_dagrun for raw_load_customer_support to None, run_after=None
[2024-07-16T05:16:08.365+0530] {processor.py:183} INFO - Processing //home/kali/Desktop/projects/git/bank_data_processing/dags/dag_raw_customer_support.py took 0.552 seconds
[2024-07-16T05:16:38.773+0530] {processor.py:161} INFO - Started process (PID=6646) to work on //home/kali/Desktop/projects/git/bank_data_processing/dags/dag_raw_customer_support.py
[2024-07-16T05:16:38.774+0530] {processor.py:830} INFO - Processing file //home/kali/Desktop/projects/git/bank_data_processing/dags/dag_raw_customer_support.py for tasks to queue
[2024-07-16T05:16:38.776+0530] {logging_mixin.py:188} INFO - [2024-07-16T05:16:38.775+0530] {dagbag.py:545} INFO - Filling up the DagBag from //home/kali/Desktop/projects/git/bank_data_processing/dags/dag_raw_customer_support.py
[2024-07-16T05:16:39.336+0530] {logging_mixin.py:188} INFO - [2024-07-16T05:16:39.335+0530] {base.py:84} INFO - Using connection ID 'mysql_default' for task execution.
[2024-07-16T05:16:39.344+0530] {processor.py:840} INFO - DAG(s) 'raw_load_customer_support' retrieved from //home/kali/Desktop/projects/git/bank_data_processing/dags/dag_raw_customer_support.py
[2024-07-16T05:16:39.451+0530] {logging_mixin.py:188} INFO - [2024-07-16T05:16:39.451+0530] {dag.py:3096} INFO - Sync 1 DAGs
[2024-07-16T05:16:39.459+0530] {logging_mixin.py:188} INFO - [2024-07-16T05:16:39.458+0530] {dag.py:3954} INFO - Setting next_dagrun for raw_load_customer_support to None, run_after=None
[2024-07-16T05:16:39.492+0530] {processor.py:183} INFO - Processing //home/kali/Desktop/projects/git/bank_data_processing/dags/dag_raw_customer_support.py took 0.725 seconds
[2024-07-16T05:17:09.750+0530] {processor.py:161} INFO - Started process (PID=7121) to work on //home/kali/Desktop/projects/git/bank_data_processing/dags/dag_raw_customer_support.py
[2024-07-16T05:17:09.751+0530] {processor.py:830} INFO - Processing file //home/kali/Desktop/projects/git/bank_data_processing/dags/dag_raw_customer_support.py for tasks to queue
[2024-07-16T05:17:09.757+0530] {logging_mixin.py:188} INFO - [2024-07-16T05:17:09.756+0530] {dagbag.py:545} INFO - Filling up the DagBag from //home/kali/Desktop/projects/git/bank_data_processing/dags/dag_raw_customer_support.py
[2024-07-16T05:17:10.291+0530] {logging_mixin.py:188} INFO - [2024-07-16T05:17:10.291+0530] {base.py:84} INFO - Using connection ID 'mysql_default' for task execution.
[2024-07-16T05:17:10.305+0530] {processor.py:840} INFO - DAG(s) 'raw_load_customer_support' retrieved from //home/kali/Desktop/projects/git/bank_data_processing/dags/dag_raw_customer_support.py
[2024-07-16T05:17:10.457+0530] {logging_mixin.py:188} INFO - [2024-07-16T05:17:10.456+0530] {dag.py:3096} INFO - Sync 1 DAGs
[2024-07-16T05:17:10.465+0530] {logging_mixin.py:188} INFO - [2024-07-16T05:17:10.464+0530] {dag.py:3954} INFO - Setting next_dagrun for raw_load_customer_support to None, run_after=None
[2024-07-16T05:17:10.485+0530] {processor.py:183} INFO - Processing //home/kali/Desktop/projects/git/bank_data_processing/dags/dag_raw_customer_support.py took 0.750 seconds
[2024-07-16T05:17:40.974+0530] {processor.py:161} INFO - Started process (PID=7613) to work on //home/kali/Desktop/projects/git/bank_data_processing/dags/dag_raw_customer_support.py
[2024-07-16T05:17:40.975+0530] {processor.py:830} INFO - Processing file //home/kali/Desktop/projects/git/bank_data_processing/dags/dag_raw_customer_support.py for tasks to queue
[2024-07-16T05:17:40.978+0530] {logging_mixin.py:188} INFO - [2024-07-16T05:17:40.977+0530] {dagbag.py:545} INFO - Filling up the DagBag from //home/kali/Desktop/projects/git/bank_data_processing/dags/dag_raw_customer_support.py
[2024-07-16T05:17:41.717+0530] {logging_mixin.py:188} INFO - [2024-07-16T05:17:41.717+0530] {base.py:84} INFO - Using connection ID 'mysql_default' for task execution.
[2024-07-16T05:17:41.727+0530] {processor.py:840} INFO - DAG(s) 'raw_load_customer_support' retrieved from //home/kali/Desktop/projects/git/bank_data_processing/dags/dag_raw_customer_support.py
[2024-07-16T05:17:41.852+0530] {logging_mixin.py:188} INFO - [2024-07-16T05:17:41.852+0530] {dag.py:3096} INFO - Sync 1 DAGs
[2024-07-16T05:17:41.865+0530] {logging_mixin.py:188} INFO - [2024-07-16T05:17:41.864+0530] {dag.py:3954} INFO - Setting next_dagrun for raw_load_customer_support to None, run_after=None
[2024-07-16T05:17:41.896+0530] {processor.py:183} INFO - Processing //home/kali/Desktop/projects/git/bank_data_processing/dags/dag_raw_customer_support.py took 0.930 seconds
[2024-07-16T05:18:12.906+0530] {processor.py:161} INFO - Started process (PID=8122) to work on //home/kali/Desktop/projects/git/bank_data_processing/dags/dag_raw_customer_support.py
[2024-07-16T05:18:12.907+0530] {processor.py:830} INFO - Processing file //home/kali/Desktop/projects/git/bank_data_processing/dags/dag_raw_customer_support.py for tasks to queue
[2024-07-16T05:18:12.910+0530] {logging_mixin.py:188} INFO - [2024-07-16T05:18:12.909+0530] {dagbag.py:545} INFO - Filling up the DagBag from //home/kali/Desktop/projects/git/bank_data_processing/dags/dag_raw_customer_support.py
[2024-07-16T05:18:13.472+0530] {logging_mixin.py:188} INFO - [2024-07-16T05:18:13.472+0530] {base.py:84} INFO - Using connection ID 'mysql_default' for task execution.
[2024-07-16T05:18:13.478+0530] {processor.py:840} INFO - DAG(s) 'raw_load_customer_support' retrieved from //home/kali/Desktop/projects/git/bank_data_processing/dags/dag_raw_customer_support.py
[2024-07-16T05:18:13.564+0530] {logging_mixin.py:188} INFO - [2024-07-16T05:18:13.564+0530] {dag.py:3096} INFO - Sync 1 DAGs
[2024-07-16T05:18:13.573+0530] {logging_mixin.py:188} INFO - [2024-07-16T05:18:13.573+0530] {dag.py:3954} INFO - Setting next_dagrun for raw_load_customer_support to None, run_after=None
[2024-07-16T05:18:13.592+0530] {processor.py:183} INFO - Processing //home/kali/Desktop/projects/git/bank_data_processing/dags/dag_raw_customer_support.py took 0.693 seconds
[2024-07-16T05:18:44.055+0530] {processor.py:161} INFO - Started process (PID=8615) to work on //home/kali/Desktop/projects/git/bank_data_processing/dags/dag_raw_customer_support.py
[2024-07-16T05:18:44.056+0530] {processor.py:830} INFO - Processing file //home/kali/Desktop/projects/git/bank_data_processing/dags/dag_raw_customer_support.py for tasks to queue
[2024-07-16T05:18:44.060+0530] {logging_mixin.py:188} INFO - [2024-07-16T05:18:44.059+0530] {dagbag.py:545} INFO - Filling up the DagBag from //home/kali/Desktop/projects/git/bank_data_processing/dags/dag_raw_customer_support.py
[2024-07-16T05:18:44.791+0530] {logging_mixin.py:188} INFO - [2024-07-16T05:18:44.790+0530] {base.py:84} INFO - Using connection ID 'mysql_default' for task execution.
[2024-07-16T05:18:44.800+0530] {processor.py:840} INFO - DAG(s) 'raw_load_customer_support' retrieved from //home/kali/Desktop/projects/git/bank_data_processing/dags/dag_raw_customer_support.py
[2024-07-16T05:18:44.917+0530] {logging_mixin.py:188} INFO - [2024-07-16T05:18:44.916+0530] {dag.py:3096} INFO - Sync 1 DAGs
[2024-07-16T05:18:44.929+0530] {logging_mixin.py:188} INFO - [2024-07-16T05:18:44.929+0530] {dag.py:3954} INFO - Setting next_dagrun for raw_load_customer_support to None, run_after=None
[2024-07-16T05:18:44.956+0530] {processor.py:183} INFO - Processing //home/kali/Desktop/projects/git/bank_data_processing/dags/dag_raw_customer_support.py took 0.910 seconds
[2024-07-16T05:19:15.246+0530] {processor.py:161} INFO - Started process (PID=9075) to work on //home/kali/Desktop/projects/git/bank_data_processing/dags/dag_raw_customer_support.py
[2024-07-16T05:19:15.247+0530] {processor.py:830} INFO - Processing file //home/kali/Desktop/projects/git/bank_data_processing/dags/dag_raw_customer_support.py for tasks to queue
[2024-07-16T05:19:15.249+0530] {logging_mixin.py:188} INFO - [2024-07-16T05:19:15.249+0530] {dagbag.py:545} INFO - Filling up the DagBag from //home/kali/Desktop/projects/git/bank_data_processing/dags/dag_raw_customer_support.py
[2024-07-16T05:19:16.019+0530] {logging_mixin.py:188} INFO - [2024-07-16T05:19:16.019+0530] {base.py:84} INFO - Using connection ID 'mysql_default' for task execution.
[2024-07-16T05:19:16.027+0530] {processor.py:840} INFO - DAG(s) 'raw_load_customer_support' retrieved from //home/kali/Desktop/projects/git/bank_data_processing/dags/dag_raw_customer_support.py
[2024-07-16T05:19:16.192+0530] {logging_mixin.py:188} INFO - [2024-07-16T05:19:16.191+0530] {dag.py:3096} INFO - Sync 1 DAGs
[2024-07-16T05:19:16.208+0530] {logging_mixin.py:188} INFO - [2024-07-16T05:19:16.208+0530] {dag.py:3954} INFO - Setting next_dagrun for raw_load_customer_support to None, run_after=None
[2024-07-16T05:19:16.249+0530] {processor.py:183} INFO - Processing //home/kali/Desktop/projects/git/bank_data_processing/dags/dag_raw_customer_support.py took 1.011 seconds
[2024-07-16T05:19:46.667+0530] {processor.py:161} INFO - Started process (PID=9923) to work on //home/kali/Desktop/projects/git/bank_data_processing/dags/dag_raw_customer_support.py
[2024-07-16T05:19:46.668+0530] {processor.py:830} INFO - Processing file //home/kali/Desktop/projects/git/bank_data_processing/dags/dag_raw_customer_support.py for tasks to queue
[2024-07-16T05:19:46.669+0530] {logging_mixin.py:188} INFO - [2024-07-16T05:19:46.669+0530] {dagbag.py:545} INFO - Filling up the DagBag from //home/kali/Desktop/projects/git/bank_data_processing/dags/dag_raw_customer_support.py
[2024-07-16T05:19:47.278+0530] {logging_mixin.py:188} INFO - [2024-07-16T05:19:47.277+0530] {base.py:84} INFO - Using connection ID 'mysql_default' for task execution.
[2024-07-16T05:19:47.284+0530] {processor.py:840} INFO - DAG(s) 'raw_load_customer_support' retrieved from //home/kali/Desktop/projects/git/bank_data_processing/dags/dag_raw_customer_support.py
[2024-07-16T05:19:47.286+0530] {logging_mixin.py:188} INFO - [2024-07-16T05:19:47.286+0530] {dag.py:3096} INFO - Sync 1 DAGs
[2024-07-16T05:19:47.295+0530] {logging_mixin.py:188} INFO - [2024-07-16T05:19:47.295+0530] {dag.py:3954} INFO - Setting next_dagrun for raw_load_customer_support to None, run_after=None
[2024-07-16T05:19:47.318+0530] {processor.py:183} INFO - Processing //home/kali/Desktop/projects/git/bank_data_processing/dags/dag_raw_customer_support.py took 0.656 seconds
[2024-07-16T05:20:17.754+0530] {processor.py:161} INFO - Started process (PID=10671) to work on //home/kali/Desktop/projects/git/bank_data_processing/dags/dag_raw_customer_support.py
[2024-07-16T05:20:17.756+0530] {processor.py:830} INFO - Processing file //home/kali/Desktop/projects/git/bank_data_processing/dags/dag_raw_customer_support.py for tasks to queue
[2024-07-16T05:20:17.759+0530] {logging_mixin.py:188} INFO - [2024-07-16T05:20:17.759+0530] {dagbag.py:545} INFO - Filling up the DagBag from //home/kali/Desktop/projects/git/bank_data_processing/dags/dag_raw_customer_support.py
[2024-07-16T05:20:18.427+0530] {logging_mixin.py:188} INFO - [2024-07-16T05:20:18.427+0530] {base.py:84} INFO - Using connection ID 'mysql_default' for task execution.
[2024-07-16T05:20:18.435+0530] {processor.py:840} INFO - DAG(s) 'raw_load_customer_support' retrieved from //home/kali/Desktop/projects/git/bank_data_processing/dags/dag_raw_customer_support.py
[2024-07-16T05:20:18.559+0530] {logging_mixin.py:188} INFO - [2024-07-16T05:20:18.559+0530] {dag.py:3096} INFO - Sync 1 DAGs
[2024-07-16T05:20:18.570+0530] {logging_mixin.py:188} INFO - [2024-07-16T05:20:18.569+0530] {dag.py:3954} INFO - Setting next_dagrun for raw_load_customer_support to None, run_after=None
[2024-07-16T05:20:18.598+0530] {processor.py:183} INFO - Processing //home/kali/Desktop/projects/git/bank_data_processing/dags/dag_raw_customer_support.py took 0.853 seconds
[2024-07-16T05:20:49.170+0530] {processor.py:161} INFO - Started process (PID=11540) to work on //home/kali/Desktop/projects/git/bank_data_processing/dags/dag_raw_customer_support.py
[2024-07-16T05:20:49.173+0530] {processor.py:830} INFO - Processing file //home/kali/Desktop/projects/git/bank_data_processing/dags/dag_raw_customer_support.py for tasks to queue
[2024-07-16T05:20:49.175+0530] {logging_mixin.py:188} INFO - [2024-07-16T05:20:49.175+0530] {dagbag.py:545} INFO - Filling up the DagBag from //home/kali/Desktop/projects/git/bank_data_processing/dags/dag_raw_customer_support.py
[2024-07-16T05:20:49.970+0530] {logging_mixin.py:188} INFO - [2024-07-16T05:20:49.969+0530] {base.py:84} INFO - Using connection ID 'mysql_default' for task execution.
[2024-07-16T05:20:49.986+0530] {processor.py:840} INFO - DAG(s) 'raw_load_customer_support' retrieved from //home/kali/Desktop/projects/git/bank_data_processing/dags/dag_raw_customer_support.py
[2024-07-16T05:20:50.223+0530] {logging_mixin.py:188} INFO - [2024-07-16T05:20:50.222+0530] {dag.py:3096} INFO - Sync 1 DAGs
[2024-07-16T05:20:50.239+0530] {logging_mixin.py:188} INFO - [2024-07-16T05:20:50.239+0530] {dag.py:3954} INFO - Setting next_dagrun for raw_load_customer_support to None, run_after=None
[2024-07-16T05:20:50.275+0530] {processor.py:183} INFO - Processing //home/kali/Desktop/projects/git/bank_data_processing/dags/dag_raw_customer_support.py took 1.117 seconds
[2024-07-16T05:21:20.768+0530] {processor.py:161} INFO - Started process (PID=12615) to work on //home/kali/Desktop/projects/git/bank_data_processing/dags/dag_raw_customer_support.py
[2024-07-16T05:21:20.769+0530] {processor.py:830} INFO - Processing file //home/kali/Desktop/projects/git/bank_data_processing/dags/dag_raw_customer_support.py for tasks to queue
[2024-07-16T05:21:20.770+0530] {logging_mixin.py:188} INFO - [2024-07-16T05:21:20.770+0530] {dagbag.py:545} INFO - Filling up the DagBag from //home/kali/Desktop/projects/git/bank_data_processing/dags/dag_raw_customer_support.py
[2024-07-16T05:21:21.330+0530] {logging_mixin.py:188} INFO - [2024-07-16T05:21:21.330+0530] {base.py:84} INFO - Using connection ID 'mysql_default' for task execution.
[2024-07-16T05:21:21.337+0530] {processor.py:840} INFO - DAG(s) 'raw_load_customer_support' retrieved from //home/kali/Desktop/projects/git/bank_data_processing/dags/dag_raw_customer_support.py
[2024-07-16T05:21:21.467+0530] {logging_mixin.py:188} INFO - [2024-07-16T05:21:21.467+0530] {dag.py:3096} INFO - Sync 1 DAGs
[2024-07-16T05:21:21.477+0530] {logging_mixin.py:188} INFO - [2024-07-16T05:21:21.477+0530] {dag.py:3954} INFO - Setting next_dagrun for raw_load_customer_support to None, run_after=None
[2024-07-16T05:21:21.499+0530] {processor.py:183} INFO - Processing //home/kali/Desktop/projects/git/bank_data_processing/dags/dag_raw_customer_support.py took 0.737 seconds
[2024-07-16T05:24:29.466+0530] {processor.py:161} INFO - Started process (PID=15419) to work on //home/kali/Desktop/projects/git/bank_data_processing/dags/dag_raw_customer_support.py
[2024-07-16T05:24:29.467+0530] {processor.py:830} INFO - Processing file //home/kali/Desktop/projects/git/bank_data_processing/dags/dag_raw_customer_support.py for tasks to queue
[2024-07-16T05:24:29.469+0530] {logging_mixin.py:188} INFO - [2024-07-16T05:24:29.468+0530] {dagbag.py:545} INFO - Filling up the DagBag from //home/kali/Desktop/projects/git/bank_data_processing/dags/dag_raw_customer_support.py
[2024-07-16T05:24:30.238+0530] {logging_mixin.py:188} INFO - [2024-07-16T05:24:30.238+0530] {base.py:84} INFO - Using connection ID 'mysql_default' for task execution.
[2024-07-16T05:24:30.251+0530] {processor.py:840} INFO - DAG(s) 'raw_load_customer_support' retrieved from //home/kali/Desktop/projects/git/bank_data_processing/dags/dag_raw_customer_support.py
[2024-07-16T05:24:30.254+0530] {logging_mixin.py:188} INFO - [2024-07-16T05:24:30.254+0530] {dag.py:3096} INFO - Sync 1 DAGs
[2024-07-16T05:24:30.270+0530] {logging_mixin.py:188} INFO - [2024-07-16T05:24:30.270+0530] {dag.py:3954} INFO - Setting next_dagrun for raw_load_customer_support to None, run_after=None
[2024-07-16T05:24:30.311+0530] {processor.py:183} INFO - Processing //home/kali/Desktop/projects/git/bank_data_processing/dags/dag_raw_customer_support.py took 0.855 seconds
[2024-07-16T05:25:00.551+0530] {processor.py:161} INFO - Started process (PID=16300) to work on //home/kali/Desktop/projects/git/bank_data_processing/dags/dag_raw_customer_support.py
[2024-07-16T05:25:00.552+0530] {processor.py:830} INFO - Processing file //home/kali/Desktop/projects/git/bank_data_processing/dags/dag_raw_customer_support.py for tasks to queue
[2024-07-16T05:25:00.554+0530] {logging_mixin.py:188} INFO - [2024-07-16T05:25:00.554+0530] {dagbag.py:545} INFO - Filling up the DagBag from //home/kali/Desktop/projects/git/bank_data_processing/dags/dag_raw_customer_support.py
[2024-07-16T05:25:01.093+0530] {logging_mixin.py:188} INFO - [2024-07-16T05:25:01.092+0530] {base.py:84} INFO - Using connection ID 'mysql_default' for task execution.
[2024-07-16T05:25:01.105+0530] {processor.py:840} INFO - DAG(s) 'raw_load_customer_support' retrieved from //home/kali/Desktop/projects/git/bank_data_processing/dags/dag_raw_customer_support.py
[2024-07-16T05:25:01.263+0530] {logging_mixin.py:188} INFO - [2024-07-16T05:25:01.263+0530] {dag.py:3096} INFO - Sync 1 DAGs
[2024-07-16T05:25:01.278+0530] {logging_mixin.py:188} INFO - [2024-07-16T05:25:01.277+0530] {dag.py:3954} INFO - Setting next_dagrun for raw_load_customer_support to None, run_after=None
[2024-07-16T05:25:01.315+0530] {processor.py:183} INFO - Processing //home/kali/Desktop/projects/git/bank_data_processing/dags/dag_raw_customer_support.py took 0.769 seconds
[2024-07-16T05:25:31.849+0530] {processor.py:161} INFO - Started process (PID=17533) to work on //home/kali/Desktop/projects/git/bank_data_processing/dags/dag_raw_customer_support.py
[2024-07-16T05:25:31.861+0530] {processor.py:830} INFO - Processing file //home/kali/Desktop/projects/git/bank_data_processing/dags/dag_raw_customer_support.py for tasks to queue
[2024-07-16T05:25:31.874+0530] {logging_mixin.py:188} INFO - [2024-07-16T05:25:31.873+0530] {dagbag.py:545} INFO - Filling up the DagBag from //home/kali/Desktop/projects/git/bank_data_processing/dags/dag_raw_customer_support.py
[2024-07-16T05:25:32.723+0530] {logging_mixin.py:188} INFO - [2024-07-16T05:25:32.723+0530] {base.py:84} INFO - Using connection ID 'mysql_default' for task execution.
[2024-07-16T05:25:32.729+0530] {processor.py:840} INFO - DAG(s) 'raw_load_customer_support' retrieved from //home/kali/Desktop/projects/git/bank_data_processing/dags/dag_raw_customer_support.py
[2024-07-16T05:25:32.941+0530] {logging_mixin.py:188} INFO - [2024-07-16T05:25:32.940+0530] {dag.py:3096} INFO - Sync 1 DAGs
[2024-07-16T05:25:32.967+0530] {logging_mixin.py:188} INFO - [2024-07-16T05:25:32.966+0530] {dag.py:3954} INFO - Setting next_dagrun for raw_load_customer_support to None, run_after=None
[2024-07-16T05:25:33.007+0530] {processor.py:183} INFO - Processing //home/kali/Desktop/projects/git/bank_data_processing/dags/dag_raw_customer_support.py took 1.228 seconds
[2024-07-16T05:26:03.375+0530] {processor.py:161} INFO - Started process (PID=18436) to work on //home/kali/Desktop/projects/git/bank_data_processing/dags/dag_raw_customer_support.py
[2024-07-16T05:26:03.376+0530] {processor.py:830} INFO - Processing file //home/kali/Desktop/projects/git/bank_data_processing/dags/dag_raw_customer_support.py for tasks to queue
[2024-07-16T05:26:03.378+0530] {logging_mixin.py:188} INFO - [2024-07-16T05:26:03.378+0530] {dagbag.py:545} INFO - Filling up the DagBag from //home/kali/Desktop/projects/git/bank_data_processing/dags/dag_raw_customer_support.py
[2024-07-16T05:26:03.825+0530] {logging_mixin.py:188} INFO - [2024-07-16T05:26:03.824+0530] {base.py:84} INFO - Using connection ID 'mysql_default' for task execution.
[2024-07-16T05:26:03.832+0530] {processor.py:840} INFO - DAG(s) 'raw_load_customer_support' retrieved from //home/kali/Desktop/projects/git/bank_data_processing/dags/dag_raw_customer_support.py
[2024-07-16T05:26:03.931+0530] {logging_mixin.py:188} INFO - [2024-07-16T05:26:03.931+0530] {dag.py:3096} INFO - Sync 1 DAGs
[2024-07-16T05:26:03.940+0530] {logging_mixin.py:188} INFO - [2024-07-16T05:26:03.940+0530] {dag.py:3954} INFO - Setting next_dagrun for raw_load_customer_support to None, run_after=None
[2024-07-16T05:26:03.967+0530] {processor.py:183} INFO - Processing //home/kali/Desktop/projects/git/bank_data_processing/dags/dag_raw_customer_support.py took 0.598 seconds
[2024-07-16T05:26:34.040+0530] {processor.py:161} INFO - Started process (PID=19542) to work on //home/kali/Desktop/projects/git/bank_data_processing/dags/dag_raw_customer_support.py
[2024-07-16T05:26:34.041+0530] {processor.py:830} INFO - Processing file //home/kali/Desktop/projects/git/bank_data_processing/dags/dag_raw_customer_support.py for tasks to queue
[2024-07-16T05:26:34.043+0530] {logging_mixin.py:188} INFO - [2024-07-16T05:26:34.043+0530] {dagbag.py:545} INFO - Filling up the DagBag from //home/kali/Desktop/projects/git/bank_data_processing/dags/dag_raw_customer_support.py
[2024-07-16T05:26:34.625+0530] {logging_mixin.py:188} INFO - [2024-07-16T05:26:34.625+0530] {base.py:84} INFO - Using connection ID 'mysql_default' for task execution.
[2024-07-16T05:26:34.633+0530] {processor.py:840} INFO - DAG(s) 'raw_load_customer_support' retrieved from //home/kali/Desktop/projects/git/bank_data_processing/dags/dag_raw_customer_support.py
[2024-07-16T05:26:34.733+0530] {logging_mixin.py:188} INFO - [2024-07-16T05:26:34.733+0530] {dag.py:3096} INFO - Sync 1 DAGs
[2024-07-16T05:26:34.743+0530] {logging_mixin.py:188} INFO - [2024-07-16T05:26:34.743+0530] {dag.py:3954} INFO - Setting next_dagrun for raw_load_customer_support to None, run_after=None
[2024-07-16T05:26:34.767+0530] {processor.py:183} INFO - Processing //home/kali/Desktop/projects/git/bank_data_processing/dags/dag_raw_customer_support.py took 0.739 seconds
[2024-07-16T05:27:05.392+0530] {processor.py:161} INFO - Started process (PID=20765) to work on //home/kali/Desktop/projects/git/bank_data_processing/dags/dag_raw_customer_support.py
[2024-07-16T05:27:05.393+0530] {processor.py:830} INFO - Processing file //home/kali/Desktop/projects/git/bank_data_processing/dags/dag_raw_customer_support.py for tasks to queue
[2024-07-16T05:27:05.395+0530] {logging_mixin.py:188} INFO - [2024-07-16T05:27:05.395+0530] {dagbag.py:545} INFO - Filling up the DagBag from //home/kali/Desktop/projects/git/bank_data_processing/dags/dag_raw_customer_support.py
[2024-07-16T05:27:06.084+0530] {logging_mixin.py:188} INFO - [2024-07-16T05:27:06.083+0530] {base.py:84} INFO - Using connection ID 'mysql_default' for task execution.
[2024-07-16T05:27:06.115+0530] {processor.py:840} INFO - DAG(s) 'raw_load_customer_support' retrieved from //home/kali/Desktop/projects/git/bank_data_processing/dags/dag_raw_customer_support.py
[2024-07-16T05:27:06.318+0530] {logging_mixin.py:188} INFO - [2024-07-16T05:27:06.317+0530] {dag.py:3096} INFO - Sync 1 DAGs
[2024-07-16T05:27:06.333+0530] {logging_mixin.py:188} INFO - [2024-07-16T05:27:06.333+0530] {dag.py:3954} INFO - Setting next_dagrun for raw_load_customer_support to None, run_after=None
[2024-07-16T05:27:06.368+0530] {processor.py:183} INFO - Processing //home/kali/Desktop/projects/git/bank_data_processing/dags/dag_raw_customer_support.py took 0.982 seconds
[2024-07-16T05:27:36.625+0530] {processor.py:161} INFO - Started process (PID=21563) to work on //home/kali/Desktop/projects/git/bank_data_processing/dags/dag_raw_customer_support.py
[2024-07-16T05:27:36.626+0530] {processor.py:830} INFO - Processing file //home/kali/Desktop/projects/git/bank_data_processing/dags/dag_raw_customer_support.py for tasks to queue
[2024-07-16T05:27:36.627+0530] {logging_mixin.py:188} INFO - [2024-07-16T05:27:36.627+0530] {dagbag.py:545} INFO - Filling up the DagBag from //home/kali/Desktop/projects/git/bank_data_processing/dags/dag_raw_customer_support.py
[2024-07-16T05:27:37.239+0530] {logging_mixin.py:188} INFO - [2024-07-16T05:27:37.239+0530] {base.py:84} INFO - Using connection ID 'mysql_default' for task execution.
[2024-07-16T05:27:37.246+0530] {processor.py:840} INFO - DAG(s) 'raw_load_customer_support' retrieved from //home/kali/Desktop/projects/git/bank_data_processing/dags/dag_raw_customer_support.py
[2024-07-16T05:27:37.331+0530] {logging_mixin.py:188} INFO - [2024-07-16T05:27:37.331+0530] {dag.py:3096} INFO - Sync 1 DAGs
[2024-07-16T05:27:37.339+0530] {logging_mixin.py:188} INFO - [2024-07-16T05:27:37.339+0530] {dag.py:3954} INFO - Setting next_dagrun for raw_load_customer_support to None, run_after=None
[2024-07-16T05:27:37.364+0530] {processor.py:183} INFO - Processing //home/kali/Desktop/projects/git/bank_data_processing/dags/dag_raw_customer_support.py took 0.747 seconds
[2024-07-16T05:28:07.513+0530] {processor.py:161} INFO - Started process (PID=22133) to work on //home/kali/Desktop/projects/git/bank_data_processing/dags/dag_raw_customer_support.py
[2024-07-16T05:28:07.514+0530] {processor.py:830} INFO - Processing file //home/kali/Desktop/projects/git/bank_data_processing/dags/dag_raw_customer_support.py for tasks to queue
[2024-07-16T05:28:07.517+0530] {logging_mixin.py:188} INFO - [2024-07-16T05:28:07.516+0530] {dagbag.py:545} INFO - Filling up the DagBag from //home/kali/Desktop/projects/git/bank_data_processing/dags/dag_raw_customer_support.py
[2024-07-16T05:28:08.125+0530] {logging_mixin.py:188} INFO - [2024-07-16T05:28:08.124+0530] {base.py:84} INFO - Using connection ID 'mysql_default' for task execution.
[2024-07-16T05:28:08.132+0530] {processor.py:840} INFO - DAG(s) 'raw_load_customer_support' retrieved from //home/kali/Desktop/projects/git/bank_data_processing/dags/dag_raw_customer_support.py
[2024-07-16T05:28:08.254+0530] {logging_mixin.py:188} INFO - [2024-07-16T05:28:08.253+0530] {dag.py:3096} INFO - Sync 1 DAGs
[2024-07-16T05:28:08.264+0530] {logging_mixin.py:188} INFO - [2024-07-16T05:28:08.264+0530] {dag.py:3954} INFO - Setting next_dagrun for raw_load_customer_support to None, run_after=None
[2024-07-16T05:28:08.291+0530] {processor.py:183} INFO - Processing //home/kali/Desktop/projects/git/bank_data_processing/dags/dag_raw_customer_support.py took 0.787 seconds
[2024-07-16T05:28:38.749+0530] {processor.py:161} INFO - Started process (PID=22638) to work on //home/kali/Desktop/projects/git/bank_data_processing/dags/dag_raw_customer_support.py
[2024-07-16T05:28:38.750+0530] {processor.py:830} INFO - Processing file //home/kali/Desktop/projects/git/bank_data_processing/dags/dag_raw_customer_support.py for tasks to queue
[2024-07-16T05:28:38.754+0530] {logging_mixin.py:188} INFO - [2024-07-16T05:28:38.753+0530] {dagbag.py:545} INFO - Filling up the DagBag from //home/kali/Desktop/projects/git/bank_data_processing/dags/dag_raw_customer_support.py
[2024-07-16T05:28:39.370+0530] {logging_mixin.py:188} INFO - [2024-07-16T05:28:39.370+0530] {base.py:84} INFO - Using connection ID 'mysql_default' for task execution.
[2024-07-16T05:28:39.378+0530] {processor.py:840} INFO - DAG(s) 'raw_load_customer_support' retrieved from //home/kali/Desktop/projects/git/bank_data_processing/dags/dag_raw_customer_support.py
[2024-07-16T05:28:39.481+0530] {logging_mixin.py:188} INFO - [2024-07-16T05:28:39.480+0530] {dag.py:3096} INFO - Sync 1 DAGs
[2024-07-16T05:28:39.491+0530] {logging_mixin.py:188} INFO - [2024-07-16T05:28:39.491+0530] {dag.py:3954} INFO - Setting next_dagrun for raw_load_customer_support to None, run_after=None
[2024-07-16T05:28:39.522+0530] {processor.py:183} INFO - Processing //home/kali/Desktop/projects/git/bank_data_processing/dags/dag_raw_customer_support.py took 0.780 seconds
[2024-07-16T05:29:09.782+0530] {processor.py:161} INFO - Started process (PID=23237) to work on //home/kali/Desktop/projects/git/bank_data_processing/dags/dag_raw_customer_support.py
[2024-07-16T05:29:09.788+0530] {processor.py:830} INFO - Processing file //home/kali/Desktop/projects/git/bank_data_processing/dags/dag_raw_customer_support.py for tasks to queue
[2024-07-16T05:29:09.792+0530] {logging_mixin.py:188} INFO - [2024-07-16T05:29:09.791+0530] {dagbag.py:545} INFO - Filling up the DagBag from //home/kali/Desktop/projects/git/bank_data_processing/dags/dag_raw_customer_support.py
[2024-07-16T05:29:10.447+0530] {logging_mixin.py:188} INFO - [2024-07-16T05:29:10.446+0530] {base.py:84} INFO - Using connection ID 'mysql_default' for task execution.
[2024-07-16T05:29:10.454+0530] {processor.py:840} INFO - DAG(s) 'raw_load_customer_support' retrieved from //home/kali/Desktop/projects/git/bank_data_processing/dags/dag_raw_customer_support.py
[2024-07-16T05:29:10.578+0530] {logging_mixin.py:188} INFO - [2024-07-16T05:29:10.577+0530] {dag.py:3096} INFO - Sync 1 DAGs
[2024-07-16T05:29:10.591+0530] {logging_mixin.py:188} INFO - [2024-07-16T05:29:10.591+0530] {dag.py:3954} INFO - Setting next_dagrun for raw_load_customer_support to None, run_after=None
[2024-07-16T05:29:10.621+0530] {processor.py:183} INFO - Processing //home/kali/Desktop/projects/git/bank_data_processing/dags/dag_raw_customer_support.py took 0.852 seconds
[2024-07-16T05:29:40.709+0530] {processor.py:161} INFO - Started process (PID=23877) to work on //home/kali/Desktop/projects/git/bank_data_processing/dags/dag_raw_customer_support.py
[2024-07-16T05:29:40.710+0530] {processor.py:830} INFO - Processing file //home/kali/Desktop/projects/git/bank_data_processing/dags/dag_raw_customer_support.py for tasks to queue
[2024-07-16T05:29:40.712+0530] {logging_mixin.py:188} INFO - [2024-07-16T05:29:40.712+0530] {dagbag.py:545} INFO - Filling up the DagBag from //home/kali/Desktop/projects/git/bank_data_processing/dags/dag_raw_customer_support.py
[2024-07-16T05:29:41.364+0530] {logging_mixin.py:188} INFO - [2024-07-16T05:29:41.363+0530] {base.py:84} INFO - Using connection ID 'mysql_default' for task execution.
[2024-07-16T05:29:41.371+0530] {processor.py:840} INFO - DAG(s) 'raw_load_customer_support' retrieved from //home/kali/Desktop/projects/git/bank_data_processing/dags/dag_raw_customer_support.py
[2024-07-16T05:29:41.464+0530] {logging_mixin.py:188} INFO - [2024-07-16T05:29:41.463+0530] {dag.py:3096} INFO - Sync 1 DAGs
[2024-07-16T05:29:41.473+0530] {logging_mixin.py:188} INFO - [2024-07-16T05:29:41.473+0530] {dag.py:3954} INFO - Setting next_dagrun for raw_load_customer_support to None, run_after=None
[2024-07-16T05:29:41.494+0530] {processor.py:183} INFO - Processing //home/kali/Desktop/projects/git/bank_data_processing/dags/dag_raw_customer_support.py took 0.795 seconds
