[2024-07-12T01:47:46.142+0530] {processor.py:161} INFO - Started process (PID=36555) to work on /home/kali/Desktop/projects/git/bank_data_processing/myenv/lib/python3.11/site-packages/airflow/example_dags/subdags/subdag.py
[2024-07-12T01:47:46.143+0530] {processor.py:830} INFO - Processing file /home/kali/Desktop/projects/git/bank_data_processing/myenv/lib/python3.11/site-packages/airflow/example_dags/subdags/subdag.py for tasks to queue
[2024-07-12T01:47:46.145+0530] {logging_mixin.py:188} INFO - [2024-07-12T01:47:46.145+0530] {dagbag.py:545} INFO - Filling up the DagBag from /home/kali/Desktop/projects/git/bank_data_processing/myenv/lib/python3.11/site-packages/airflow/example_dags/subdags/subdag.py
[2024-07-12T01:47:46.147+0530] {processor.py:842} WARNING - No viable dags retrieved from /home/kali/Desktop/projects/git/bank_data_processing/myenv/lib/python3.11/site-packages/airflow/example_dags/subdags/subdag.py
[2024-07-12T01:47:46.159+0530] {processor.py:183} INFO - Processing /home/kali/Desktop/projects/git/bank_data_processing/myenv/lib/python3.11/site-packages/airflow/example_dags/subdags/subdag.py took 0.023 seconds
[2024-07-12T01:48:16.253+0530] {processor.py:161} INFO - Started process (PID=37057) to work on /home/kali/Desktop/projects/git/bank_data_processing/myenv/lib/python3.11/site-packages/airflow/example_dags/subdags/subdag.py
[2024-07-12T01:48:16.254+0530] {processor.py:830} INFO - Processing file /home/kali/Desktop/projects/git/bank_data_processing/myenv/lib/python3.11/site-packages/airflow/example_dags/subdags/subdag.py for tasks to queue
[2024-07-12T01:48:16.255+0530] {logging_mixin.py:188} INFO - [2024-07-12T01:48:16.255+0530] {dagbag.py:545} INFO - Filling up the DagBag from /home/kali/Desktop/projects/git/bank_data_processing/myenv/lib/python3.11/site-packages/airflow/example_dags/subdags/subdag.py
[2024-07-12T01:48:16.257+0530] {processor.py:842} WARNING - No viable dags retrieved from /home/kali/Desktop/projects/git/bank_data_processing/myenv/lib/python3.11/site-packages/airflow/example_dags/subdags/subdag.py
[2024-07-12T01:48:16.270+0530] {processor.py:183} INFO - Processing /home/kali/Desktop/projects/git/bank_data_processing/myenv/lib/python3.11/site-packages/airflow/example_dags/subdags/subdag.py took 0.024 seconds
[2024-07-12T01:48:47.145+0530] {processor.py:161} INFO - Started process (PID=37432) to work on /home/kali/Desktop/projects/git/bank_data_processing/myenv/lib/python3.11/site-packages/airflow/example_dags/subdags/subdag.py
[2024-07-12T01:48:47.146+0530] {processor.py:830} INFO - Processing file /home/kali/Desktop/projects/git/bank_data_processing/myenv/lib/python3.11/site-packages/airflow/example_dags/subdags/subdag.py for tasks to queue
[2024-07-12T01:48:47.147+0530] {logging_mixin.py:188} INFO - [2024-07-12T01:48:47.147+0530] {dagbag.py:545} INFO - Filling up the DagBag from /home/kali/Desktop/projects/git/bank_data_processing/myenv/lib/python3.11/site-packages/airflow/example_dags/subdags/subdag.py
[2024-07-12T01:48:47.149+0530] {processor.py:842} WARNING - No viable dags retrieved from /home/kali/Desktop/projects/git/bank_data_processing/myenv/lib/python3.11/site-packages/airflow/example_dags/subdags/subdag.py
[2024-07-12T01:48:47.163+0530] {processor.py:183} INFO - Processing /home/kali/Desktop/projects/git/bank_data_processing/myenv/lib/python3.11/site-packages/airflow/example_dags/subdags/subdag.py took 0.025 seconds
[2024-07-12T01:49:17.757+0530] {processor.py:161} INFO - Started process (PID=37906) to work on /home/kali/Desktop/projects/git/bank_data_processing/myenv/lib/python3.11/site-packages/airflow/example_dags/subdags/subdag.py
[2024-07-12T01:49:17.758+0530] {processor.py:830} INFO - Processing file /home/kali/Desktop/projects/git/bank_data_processing/myenv/lib/python3.11/site-packages/airflow/example_dags/subdags/subdag.py for tasks to queue
[2024-07-12T01:49:17.760+0530] {logging_mixin.py:188} INFO - [2024-07-12T01:49:17.759+0530] {dagbag.py:545} INFO - Filling up the DagBag from /home/kali/Desktop/projects/git/bank_data_processing/myenv/lib/python3.11/site-packages/airflow/example_dags/subdags/subdag.py
[2024-07-12T01:49:17.762+0530] {processor.py:842} WARNING - No viable dags retrieved from /home/kali/Desktop/projects/git/bank_data_processing/myenv/lib/python3.11/site-packages/airflow/example_dags/subdags/subdag.py
[2024-07-12T01:49:17.775+0530] {processor.py:183} INFO - Processing /home/kali/Desktop/projects/git/bank_data_processing/myenv/lib/python3.11/site-packages/airflow/example_dags/subdags/subdag.py took 0.025 seconds
[2024-07-12T01:49:48.126+0530] {processor.py:161} INFO - Started process (PID=38226) to work on /home/kali/Desktop/projects/git/bank_data_processing/myenv/lib/python3.11/site-packages/airflow/example_dags/subdags/subdag.py
[2024-07-12T01:49:48.128+0530] {processor.py:830} INFO - Processing file /home/kali/Desktop/projects/git/bank_data_processing/myenv/lib/python3.11/site-packages/airflow/example_dags/subdags/subdag.py for tasks to queue
[2024-07-12T01:49:48.131+0530] {logging_mixin.py:188} INFO - [2024-07-12T01:49:48.130+0530] {dagbag.py:545} INFO - Filling up the DagBag from /home/kali/Desktop/projects/git/bank_data_processing/myenv/lib/python3.11/site-packages/airflow/example_dags/subdags/subdag.py
[2024-07-12T01:49:48.133+0530] {processor.py:842} WARNING - No viable dags retrieved from /home/kali/Desktop/projects/git/bank_data_processing/myenv/lib/python3.11/site-packages/airflow/example_dags/subdags/subdag.py
[2024-07-12T01:49:48.154+0530] {processor.py:183} INFO - Processing /home/kali/Desktop/projects/git/bank_data_processing/myenv/lib/python3.11/site-packages/airflow/example_dags/subdags/subdag.py took 0.038 seconds
[2024-07-12T01:50:19.520+0530] {processor.py:161} INFO - Started process (PID=38597) to work on /home/kali/Desktop/projects/git/bank_data_processing/myenv/lib/python3.11/site-packages/airflow/example_dags/subdags/subdag.py
[2024-07-12T01:50:19.521+0530] {processor.py:830} INFO - Processing file /home/kali/Desktop/projects/git/bank_data_processing/myenv/lib/python3.11/site-packages/airflow/example_dags/subdags/subdag.py for tasks to queue
[2024-07-12T01:50:19.524+0530] {logging_mixin.py:188} INFO - [2024-07-12T01:50:19.523+0530] {dagbag.py:545} INFO - Filling up the DagBag from /home/kali/Desktop/projects/git/bank_data_processing/myenv/lib/python3.11/site-packages/airflow/example_dags/subdags/subdag.py
[2024-07-12T01:50:19.526+0530] {processor.py:842} WARNING - No viable dags retrieved from /home/kali/Desktop/projects/git/bank_data_processing/myenv/lib/python3.11/site-packages/airflow/example_dags/subdags/subdag.py
[2024-07-12T01:50:19.554+0530] {processor.py:183} INFO - Processing /home/kali/Desktop/projects/git/bank_data_processing/myenv/lib/python3.11/site-packages/airflow/example_dags/subdags/subdag.py took 0.046 seconds
[2024-07-12T01:50:49.936+0530] {processor.py:161} INFO - Started process (PID=39023) to work on /home/kali/Desktop/projects/git/bank_data_processing/myenv/lib/python3.11/site-packages/airflow/example_dags/subdags/subdag.py
[2024-07-12T01:50:49.937+0530] {processor.py:830} INFO - Processing file /home/kali/Desktop/projects/git/bank_data_processing/myenv/lib/python3.11/site-packages/airflow/example_dags/subdags/subdag.py for tasks to queue
[2024-07-12T01:50:49.938+0530] {logging_mixin.py:188} INFO - [2024-07-12T01:50:49.938+0530] {dagbag.py:545} INFO - Filling up the DagBag from /home/kali/Desktop/projects/git/bank_data_processing/myenv/lib/python3.11/site-packages/airflow/example_dags/subdags/subdag.py
[2024-07-12T01:50:49.941+0530] {processor.py:842} WARNING - No viable dags retrieved from /home/kali/Desktop/projects/git/bank_data_processing/myenv/lib/python3.11/site-packages/airflow/example_dags/subdags/subdag.py
[2024-07-12T01:50:49.955+0530] {processor.py:183} INFO - Processing /home/kali/Desktop/projects/git/bank_data_processing/myenv/lib/python3.11/site-packages/airflow/example_dags/subdags/subdag.py took 0.026 seconds
[2024-07-12T01:51:20.152+0530] {processor.py:161} INFO - Started process (PID=39429) to work on /home/kali/Desktop/projects/git/bank_data_processing/myenv/lib/python3.11/site-packages/airflow/example_dags/subdags/subdag.py
[2024-07-12T01:51:20.153+0530] {processor.py:830} INFO - Processing file /home/kali/Desktop/projects/git/bank_data_processing/myenv/lib/python3.11/site-packages/airflow/example_dags/subdags/subdag.py for tasks to queue
[2024-07-12T01:51:20.155+0530] {logging_mixin.py:188} INFO - [2024-07-12T01:51:20.155+0530] {dagbag.py:545} INFO - Filling up the DagBag from /home/kali/Desktop/projects/git/bank_data_processing/myenv/lib/python3.11/site-packages/airflow/example_dags/subdags/subdag.py
[2024-07-12T01:51:20.157+0530] {processor.py:842} WARNING - No viable dags retrieved from /home/kali/Desktop/projects/git/bank_data_processing/myenv/lib/python3.11/site-packages/airflow/example_dags/subdags/subdag.py
[2024-07-12T01:51:20.173+0530] {processor.py:183} INFO - Processing /home/kali/Desktop/projects/git/bank_data_processing/myenv/lib/python3.11/site-packages/airflow/example_dags/subdags/subdag.py took 0.030 seconds
[2024-07-12T01:51:51.437+0530] {processor.py:161} INFO - Started process (PID=40014) to work on /home/kali/Desktop/projects/git/bank_data_processing/myenv/lib/python3.11/site-packages/airflow/example_dags/subdags/subdag.py
[2024-07-12T01:51:51.439+0530] {processor.py:830} INFO - Processing file /home/kali/Desktop/projects/git/bank_data_processing/myenv/lib/python3.11/site-packages/airflow/example_dags/subdags/subdag.py for tasks to queue
[2024-07-12T01:51:51.442+0530] {logging_mixin.py:188} INFO - [2024-07-12T01:51:51.441+0530] {dagbag.py:545} INFO - Filling up the DagBag from /home/kali/Desktop/projects/git/bank_data_processing/myenv/lib/python3.11/site-packages/airflow/example_dags/subdags/subdag.py
[2024-07-12T01:51:51.446+0530] {processor.py:842} WARNING - No viable dags retrieved from /home/kali/Desktop/projects/git/bank_data_processing/myenv/lib/python3.11/site-packages/airflow/example_dags/subdags/subdag.py
[2024-07-12T01:51:51.474+0530] {processor.py:183} INFO - Processing /home/kali/Desktop/projects/git/bank_data_processing/myenv/lib/python3.11/site-packages/airflow/example_dags/subdags/subdag.py took 0.052 seconds
[2024-07-12T01:52:21.552+0530] {processor.py:161} INFO - Started process (PID=40697) to work on /home/kali/Desktop/projects/git/bank_data_processing/myenv/lib/python3.11/site-packages/airflow/example_dags/subdags/subdag.py
[2024-07-12T01:52:21.553+0530] {processor.py:830} INFO - Processing file /home/kali/Desktop/projects/git/bank_data_processing/myenv/lib/python3.11/site-packages/airflow/example_dags/subdags/subdag.py for tasks to queue
[2024-07-12T01:52:21.555+0530] {logging_mixin.py:188} INFO - [2024-07-12T01:52:21.554+0530] {dagbag.py:545} INFO - Filling up the DagBag from /home/kali/Desktop/projects/git/bank_data_processing/myenv/lib/python3.11/site-packages/airflow/example_dags/subdags/subdag.py
[2024-07-12T01:52:21.557+0530] {processor.py:842} WARNING - No viable dags retrieved from /home/kali/Desktop/projects/git/bank_data_processing/myenv/lib/python3.11/site-packages/airflow/example_dags/subdags/subdag.py
[2024-07-12T01:52:21.567+0530] {processor.py:183} INFO - Processing /home/kali/Desktop/projects/git/bank_data_processing/myenv/lib/python3.11/site-packages/airflow/example_dags/subdags/subdag.py took 0.034 seconds
[2024-07-12T01:52:51.649+0530] {processor.py:161} INFO - Started process (PID=41316) to work on /home/kali/Desktop/projects/git/bank_data_processing/myenv/lib/python3.11/site-packages/airflow/example_dags/subdags/subdag.py
[2024-07-12T01:52:51.650+0530] {processor.py:830} INFO - Processing file /home/kali/Desktop/projects/git/bank_data_processing/myenv/lib/python3.11/site-packages/airflow/example_dags/subdags/subdag.py for tasks to queue
[2024-07-12T01:52:51.652+0530] {logging_mixin.py:188} INFO - [2024-07-12T01:52:51.652+0530] {dagbag.py:545} INFO - Filling up the DagBag from /home/kali/Desktop/projects/git/bank_data_processing/myenv/lib/python3.11/site-packages/airflow/example_dags/subdags/subdag.py
[2024-07-12T01:52:51.654+0530] {processor.py:842} WARNING - No viable dags retrieved from /home/kali/Desktop/projects/git/bank_data_processing/myenv/lib/python3.11/site-packages/airflow/example_dags/subdags/subdag.py
[2024-07-12T01:52:51.670+0530] {processor.py:183} INFO - Processing /home/kali/Desktop/projects/git/bank_data_processing/myenv/lib/python3.11/site-packages/airflow/example_dags/subdags/subdag.py took 0.031 seconds
[2024-07-12T01:53:22.900+0530] {processor.py:161} INFO - Started process (PID=41970) to work on /home/kali/Desktop/projects/git/bank_data_processing/myenv/lib/python3.11/site-packages/airflow/example_dags/subdags/subdag.py
[2024-07-12T01:53:22.900+0530] {processor.py:830} INFO - Processing file /home/kali/Desktop/projects/git/bank_data_processing/myenv/lib/python3.11/site-packages/airflow/example_dags/subdags/subdag.py for tasks to queue
[2024-07-12T01:53:22.902+0530] {logging_mixin.py:188} INFO - [2024-07-12T01:53:22.902+0530] {dagbag.py:545} INFO - Filling up the DagBag from /home/kali/Desktop/projects/git/bank_data_processing/myenv/lib/python3.11/site-packages/airflow/example_dags/subdags/subdag.py
[2024-07-12T01:53:22.904+0530] {processor.py:842} WARNING - No viable dags retrieved from /home/kali/Desktop/projects/git/bank_data_processing/myenv/lib/python3.11/site-packages/airflow/example_dags/subdags/subdag.py
[2024-07-12T01:53:22.916+0530] {processor.py:183} INFO - Processing /home/kali/Desktop/projects/git/bank_data_processing/myenv/lib/python3.11/site-packages/airflow/example_dags/subdags/subdag.py took 0.024 seconds
[2024-07-12T01:53:53.368+0530] {processor.py:161} INFO - Started process (PID=42690) to work on /home/kali/Desktop/projects/git/bank_data_processing/myenv/lib/python3.11/site-packages/airflow/example_dags/subdags/subdag.py
[2024-07-12T01:53:53.369+0530] {processor.py:830} INFO - Processing file /home/kali/Desktop/projects/git/bank_data_processing/myenv/lib/python3.11/site-packages/airflow/example_dags/subdags/subdag.py for tasks to queue
[2024-07-12T01:53:53.371+0530] {logging_mixin.py:188} INFO - [2024-07-12T01:53:53.370+0530] {dagbag.py:545} INFO - Filling up the DagBag from /home/kali/Desktop/projects/git/bank_data_processing/myenv/lib/python3.11/site-packages/airflow/example_dags/subdags/subdag.py
[2024-07-12T01:53:53.373+0530] {processor.py:842} WARNING - No viable dags retrieved from /home/kali/Desktop/projects/git/bank_data_processing/myenv/lib/python3.11/site-packages/airflow/example_dags/subdags/subdag.py
[2024-07-12T01:53:53.386+0530] {processor.py:183} INFO - Processing /home/kali/Desktop/projects/git/bank_data_processing/myenv/lib/python3.11/site-packages/airflow/example_dags/subdags/subdag.py took 0.027 seconds
[2024-07-12T01:54:23.933+0530] {processor.py:161} INFO - Started process (PID=43326) to work on /home/kali/Desktop/projects/git/bank_data_processing/myenv/lib/python3.11/site-packages/airflow/example_dags/subdags/subdag.py
[2024-07-12T01:54:23.934+0530] {processor.py:830} INFO - Processing file /home/kali/Desktop/projects/git/bank_data_processing/myenv/lib/python3.11/site-packages/airflow/example_dags/subdags/subdag.py for tasks to queue
[2024-07-12T01:54:23.936+0530] {logging_mixin.py:188} INFO - [2024-07-12T01:54:23.936+0530] {dagbag.py:545} INFO - Filling up the DagBag from /home/kali/Desktop/projects/git/bank_data_processing/myenv/lib/python3.11/site-packages/airflow/example_dags/subdags/subdag.py
[2024-07-12T01:54:23.938+0530] {processor.py:842} WARNING - No viable dags retrieved from /home/kali/Desktop/projects/git/bank_data_processing/myenv/lib/python3.11/site-packages/airflow/example_dags/subdags/subdag.py
[2024-07-12T01:54:23.957+0530] {processor.py:183} INFO - Processing /home/kali/Desktop/projects/git/bank_data_processing/myenv/lib/python3.11/site-packages/airflow/example_dags/subdags/subdag.py took 0.033 seconds
[2024-07-12T01:54:54.049+0530] {processor.py:161} INFO - Started process (PID=43898) to work on /home/kali/Desktop/projects/git/bank_data_processing/myenv/lib/python3.11/site-packages/airflow/example_dags/subdags/subdag.py
[2024-07-12T01:54:54.050+0530] {processor.py:830} INFO - Processing file /home/kali/Desktop/projects/git/bank_data_processing/myenv/lib/python3.11/site-packages/airflow/example_dags/subdags/subdag.py for tasks to queue
[2024-07-12T01:54:54.051+0530] {logging_mixin.py:188} INFO - [2024-07-12T01:54:54.051+0530] {dagbag.py:545} INFO - Filling up the DagBag from /home/kali/Desktop/projects/git/bank_data_processing/myenv/lib/python3.11/site-packages/airflow/example_dags/subdags/subdag.py
[2024-07-12T01:54:54.053+0530] {processor.py:842} WARNING - No viable dags retrieved from /home/kali/Desktop/projects/git/bank_data_processing/myenv/lib/python3.11/site-packages/airflow/example_dags/subdags/subdag.py
[2024-07-12T01:54:54.065+0530] {processor.py:183} INFO - Processing /home/kali/Desktop/projects/git/bank_data_processing/myenv/lib/python3.11/site-packages/airflow/example_dags/subdags/subdag.py took 0.024 seconds
[2024-07-12T01:55:25.226+0530] {processor.py:161} INFO - Started process (PID=44429) to work on /home/kali/Desktop/projects/git/bank_data_processing/myenv/lib/python3.11/site-packages/airflow/example_dags/subdags/subdag.py
[2024-07-12T01:55:25.227+0530] {processor.py:830} INFO - Processing file /home/kali/Desktop/projects/git/bank_data_processing/myenv/lib/python3.11/site-packages/airflow/example_dags/subdags/subdag.py for tasks to queue
[2024-07-12T01:55:25.229+0530] {logging_mixin.py:188} INFO - [2024-07-12T01:55:25.229+0530] {dagbag.py:545} INFO - Filling up the DagBag from /home/kali/Desktop/projects/git/bank_data_processing/myenv/lib/python3.11/site-packages/airflow/example_dags/subdags/subdag.py
[2024-07-12T01:55:25.231+0530] {processor.py:842} WARNING - No viable dags retrieved from /home/kali/Desktop/projects/git/bank_data_processing/myenv/lib/python3.11/site-packages/airflow/example_dags/subdags/subdag.py
[2024-07-12T01:55:25.244+0530] {processor.py:183} INFO - Processing /home/kali/Desktop/projects/git/bank_data_processing/myenv/lib/python3.11/site-packages/airflow/example_dags/subdags/subdag.py took 0.027 seconds
[2024-07-12T01:55:56.255+0530] {processor.py:161} INFO - Started process (PID=44918) to work on /home/kali/Desktop/projects/git/bank_data_processing/myenv/lib/python3.11/site-packages/airflow/example_dags/subdags/subdag.py
[2024-07-12T01:55:56.256+0530] {processor.py:830} INFO - Processing file /home/kali/Desktop/projects/git/bank_data_processing/myenv/lib/python3.11/site-packages/airflow/example_dags/subdags/subdag.py for tasks to queue
[2024-07-12T01:55:56.258+0530] {logging_mixin.py:188} INFO - [2024-07-12T01:55:56.258+0530] {dagbag.py:545} INFO - Filling up the DagBag from /home/kali/Desktop/projects/git/bank_data_processing/myenv/lib/python3.11/site-packages/airflow/example_dags/subdags/subdag.py
[2024-07-12T01:55:56.260+0530] {processor.py:842} WARNING - No viable dags retrieved from /home/kali/Desktop/projects/git/bank_data_processing/myenv/lib/python3.11/site-packages/airflow/example_dags/subdags/subdag.py
[2024-07-12T01:55:56.275+0530] {processor.py:183} INFO - Processing /home/kali/Desktop/projects/git/bank_data_processing/myenv/lib/python3.11/site-packages/airflow/example_dags/subdags/subdag.py took 0.029 seconds
[2024-07-12T01:56:26.894+0530] {processor.py:161} INFO - Started process (PID=45379) to work on /home/kali/Desktop/projects/git/bank_data_processing/myenv/lib/python3.11/site-packages/airflow/example_dags/subdags/subdag.py
[2024-07-12T01:56:26.895+0530] {processor.py:830} INFO - Processing file /home/kali/Desktop/projects/git/bank_data_processing/myenv/lib/python3.11/site-packages/airflow/example_dags/subdags/subdag.py for tasks to queue
[2024-07-12T01:56:26.899+0530] {logging_mixin.py:188} INFO - [2024-07-12T01:56:26.898+0530] {dagbag.py:545} INFO - Filling up the DagBag from /home/kali/Desktop/projects/git/bank_data_processing/myenv/lib/python3.11/site-packages/airflow/example_dags/subdags/subdag.py
[2024-07-12T01:56:26.901+0530] {processor.py:842} WARNING - No viable dags retrieved from /home/kali/Desktop/projects/git/bank_data_processing/myenv/lib/python3.11/site-packages/airflow/example_dags/subdags/subdag.py
[2024-07-12T01:56:26.917+0530] {processor.py:183} INFO - Processing /home/kali/Desktop/projects/git/bank_data_processing/myenv/lib/python3.11/site-packages/airflow/example_dags/subdags/subdag.py took 0.034 seconds
[2024-07-12T01:56:57.043+0530] {processor.py:161} INFO - Started process (PID=45948) to work on /home/kali/Desktop/projects/git/bank_data_processing/myenv/lib/python3.11/site-packages/airflow/example_dags/subdags/subdag.py
[2024-07-12T01:56:57.044+0530] {processor.py:830} INFO - Processing file /home/kali/Desktop/projects/git/bank_data_processing/myenv/lib/python3.11/site-packages/airflow/example_dags/subdags/subdag.py for tasks to queue
[2024-07-12T01:56:57.046+0530] {logging_mixin.py:188} INFO - [2024-07-12T01:56:57.046+0530] {dagbag.py:545} INFO - Filling up the DagBag from /home/kali/Desktop/projects/git/bank_data_processing/myenv/lib/python3.11/site-packages/airflow/example_dags/subdags/subdag.py
[2024-07-12T01:56:57.048+0530] {processor.py:842} WARNING - No viable dags retrieved from /home/kali/Desktop/projects/git/bank_data_processing/myenv/lib/python3.11/site-packages/airflow/example_dags/subdags/subdag.py
[2024-07-12T01:56:57.063+0530] {processor.py:183} INFO - Processing /home/kali/Desktop/projects/git/bank_data_processing/myenv/lib/python3.11/site-packages/airflow/example_dags/subdags/subdag.py took 0.028 seconds
[2024-07-12T01:57:27.329+0530] {processor.py:161} INFO - Started process (PID=46485) to work on /home/kali/Desktop/projects/git/bank_data_processing/myenv/lib/python3.11/site-packages/airflow/example_dags/subdags/subdag.py
[2024-07-12T01:57:27.331+0530] {processor.py:830} INFO - Processing file /home/kali/Desktop/projects/git/bank_data_processing/myenv/lib/python3.11/site-packages/airflow/example_dags/subdags/subdag.py for tasks to queue
[2024-07-12T01:57:27.335+0530] {logging_mixin.py:188} INFO - [2024-07-12T01:57:27.334+0530] {dagbag.py:545} INFO - Filling up the DagBag from /home/kali/Desktop/projects/git/bank_data_processing/myenv/lib/python3.11/site-packages/airflow/example_dags/subdags/subdag.py
[2024-07-12T01:57:27.338+0530] {processor.py:842} WARNING - No viable dags retrieved from /home/kali/Desktop/projects/git/bank_data_processing/myenv/lib/python3.11/site-packages/airflow/example_dags/subdags/subdag.py
[2024-07-12T01:57:27.357+0530] {processor.py:183} INFO - Processing /home/kali/Desktop/projects/git/bank_data_processing/myenv/lib/python3.11/site-packages/airflow/example_dags/subdags/subdag.py took 0.041 seconds
[2024-07-12T01:57:57.555+0530] {processor.py:161} INFO - Started process (PID=46971) to work on /home/kali/Desktop/projects/git/bank_data_processing/myenv/lib/python3.11/site-packages/airflow/example_dags/subdags/subdag.py
[2024-07-12T01:57:57.556+0530] {processor.py:830} INFO - Processing file /home/kali/Desktop/projects/git/bank_data_processing/myenv/lib/python3.11/site-packages/airflow/example_dags/subdags/subdag.py for tasks to queue
[2024-07-12T01:57:57.558+0530] {logging_mixin.py:188} INFO - [2024-07-12T01:57:57.557+0530] {dagbag.py:545} INFO - Filling up the DagBag from /home/kali/Desktop/projects/git/bank_data_processing/myenv/lib/python3.11/site-packages/airflow/example_dags/subdags/subdag.py
[2024-07-12T01:57:57.560+0530] {processor.py:842} WARNING - No viable dags retrieved from /home/kali/Desktop/projects/git/bank_data_processing/myenv/lib/python3.11/site-packages/airflow/example_dags/subdags/subdag.py
[2024-07-12T01:57:57.572+0530] {processor.py:183} INFO - Processing /home/kali/Desktop/projects/git/bank_data_processing/myenv/lib/python3.11/site-packages/airflow/example_dags/subdags/subdag.py took 0.026 seconds
[2024-07-12T01:58:28.131+0530] {processor.py:161} INFO - Started process (PID=47441) to work on /home/kali/Desktop/projects/git/bank_data_processing/myenv/lib/python3.11/site-packages/airflow/example_dags/subdags/subdag.py
[2024-07-12T01:58:28.132+0530] {processor.py:830} INFO - Processing file /home/kali/Desktop/projects/git/bank_data_processing/myenv/lib/python3.11/site-packages/airflow/example_dags/subdags/subdag.py for tasks to queue
[2024-07-12T01:58:28.135+0530] {logging_mixin.py:188} INFO - [2024-07-12T01:58:28.134+0530] {dagbag.py:545} INFO - Filling up the DagBag from /home/kali/Desktop/projects/git/bank_data_processing/myenv/lib/python3.11/site-packages/airflow/example_dags/subdags/subdag.py
[2024-07-12T01:58:28.138+0530] {processor.py:842} WARNING - No viable dags retrieved from /home/kali/Desktop/projects/git/bank_data_processing/myenv/lib/python3.11/site-packages/airflow/example_dags/subdags/subdag.py
[2024-07-12T01:58:28.154+0530] {processor.py:183} INFO - Processing /home/kali/Desktop/projects/git/bank_data_processing/myenv/lib/python3.11/site-packages/airflow/example_dags/subdags/subdag.py took 0.035 seconds
[2024-07-12T01:58:58.388+0530] {processor.py:161} INFO - Started process (PID=47927) to work on /home/kali/Desktop/projects/git/bank_data_processing/myenv/lib/python3.11/site-packages/airflow/example_dags/subdags/subdag.py
[2024-07-12T01:58:58.389+0530] {processor.py:830} INFO - Processing file /home/kali/Desktop/projects/git/bank_data_processing/myenv/lib/python3.11/site-packages/airflow/example_dags/subdags/subdag.py for tasks to queue
[2024-07-12T01:58:58.391+0530] {logging_mixin.py:188} INFO - [2024-07-12T01:58:58.390+0530] {dagbag.py:545} INFO - Filling up the DagBag from /home/kali/Desktop/projects/git/bank_data_processing/myenv/lib/python3.11/site-packages/airflow/example_dags/subdags/subdag.py
[2024-07-12T01:58:58.393+0530] {processor.py:842} WARNING - No viable dags retrieved from /home/kali/Desktop/projects/git/bank_data_processing/myenv/lib/python3.11/site-packages/airflow/example_dags/subdags/subdag.py
[2024-07-12T01:58:58.405+0530] {processor.py:183} INFO - Processing /home/kali/Desktop/projects/git/bank_data_processing/myenv/lib/python3.11/site-packages/airflow/example_dags/subdags/subdag.py took 0.026 seconds
[2024-07-12T01:59:29.176+0530] {processor.py:161} INFO - Started process (PID=48539) to work on /home/kali/Desktop/projects/git/bank_data_processing/myenv/lib/python3.11/site-packages/airflow/example_dags/subdags/subdag.py
[2024-07-12T01:59:29.179+0530] {processor.py:830} INFO - Processing file /home/kali/Desktop/projects/git/bank_data_processing/myenv/lib/python3.11/site-packages/airflow/example_dags/subdags/subdag.py for tasks to queue
[2024-07-12T01:59:29.184+0530] {logging_mixin.py:188} INFO - [2024-07-12T01:59:29.184+0530] {dagbag.py:545} INFO - Filling up the DagBag from /home/kali/Desktop/projects/git/bank_data_processing/myenv/lib/python3.11/site-packages/airflow/example_dags/subdags/subdag.py
[2024-07-12T01:59:29.187+0530] {processor.py:842} WARNING - No viable dags retrieved from /home/kali/Desktop/projects/git/bank_data_processing/myenv/lib/python3.11/site-packages/airflow/example_dags/subdags/subdag.py
[2024-07-12T01:59:29.211+0530] {processor.py:183} INFO - Processing /home/kali/Desktop/projects/git/bank_data_processing/myenv/lib/python3.11/site-packages/airflow/example_dags/subdags/subdag.py took 0.048 seconds
[2024-07-12T02:00:15.572+0530] {processor.py:161} INFO - Started process (PID=49680) to work on /home/kali/Desktop/projects/git/bank_data_processing/myenv/lib/python3.11/site-packages/airflow/example_dags/subdags/subdag.py
[2024-07-12T02:00:15.578+0530] {processor.py:830} INFO - Processing file /home/kali/Desktop/projects/git/bank_data_processing/myenv/lib/python3.11/site-packages/airflow/example_dags/subdags/subdag.py for tasks to queue
[2024-07-12T02:00:15.581+0530] {logging_mixin.py:188} INFO - [2024-07-12T02:00:15.580+0530] {dagbag.py:545} INFO - Filling up the DagBag from /home/kali/Desktop/projects/git/bank_data_processing/myenv/lib/python3.11/site-packages/airflow/example_dags/subdags/subdag.py
[2024-07-12T02:00:15.588+0530] {processor.py:842} WARNING - No viable dags retrieved from /home/kali/Desktop/projects/git/bank_data_processing/myenv/lib/python3.11/site-packages/airflow/example_dags/subdags/subdag.py
[2024-07-12T02:00:15.603+0530] {processor.py:183} INFO - Processing /home/kali/Desktop/projects/git/bank_data_processing/myenv/lib/python3.11/site-packages/airflow/example_dags/subdags/subdag.py took 0.042 seconds
[2024-07-12T02:00:46.090+0530] {processor.py:161} INFO - Started process (PID=50317) to work on /home/kali/Desktop/projects/git/bank_data_processing/myenv/lib/python3.11/site-packages/airflow/example_dags/subdags/subdag.py
[2024-07-12T02:00:46.091+0530] {processor.py:830} INFO - Processing file /home/kali/Desktop/projects/git/bank_data_processing/myenv/lib/python3.11/site-packages/airflow/example_dags/subdags/subdag.py for tasks to queue
[2024-07-12T02:00:46.093+0530] {logging_mixin.py:188} INFO - [2024-07-12T02:00:46.092+0530] {dagbag.py:545} INFO - Filling up the DagBag from /home/kali/Desktop/projects/git/bank_data_processing/myenv/lib/python3.11/site-packages/airflow/example_dags/subdags/subdag.py
[2024-07-12T02:00:46.095+0530] {processor.py:842} WARNING - No viable dags retrieved from /home/kali/Desktop/projects/git/bank_data_processing/myenv/lib/python3.11/site-packages/airflow/example_dags/subdags/subdag.py
[2024-07-12T02:00:46.121+0530] {processor.py:183} INFO - Processing /home/kali/Desktop/projects/git/bank_data_processing/myenv/lib/python3.11/site-packages/airflow/example_dags/subdags/subdag.py took 0.042 seconds
[2024-07-12T02:01:19.403+0530] {processor.py:161} INFO - Started process (PID=50899) to work on /home/kali/Desktop/projects/git/bank_data_processing/myenv/lib/python3.11/site-packages/airflow/example_dags/subdags/subdag.py
[2024-07-12T02:01:19.410+0530] {processor.py:830} INFO - Processing file /home/kali/Desktop/projects/git/bank_data_processing/myenv/lib/python3.11/site-packages/airflow/example_dags/subdags/subdag.py for tasks to queue
[2024-07-12T02:01:19.414+0530] {logging_mixin.py:188} INFO - [2024-07-12T02:01:19.413+0530] {dagbag.py:545} INFO - Filling up the DagBag from /home/kali/Desktop/projects/git/bank_data_processing/myenv/lib/python3.11/site-packages/airflow/example_dags/subdags/subdag.py
[2024-07-12T02:01:19.417+0530] {processor.py:842} WARNING - No viable dags retrieved from /home/kali/Desktop/projects/git/bank_data_processing/myenv/lib/python3.11/site-packages/airflow/example_dags/subdags/subdag.py
[2024-07-12T02:01:19.436+0530] {processor.py:183} INFO - Processing /home/kali/Desktop/projects/git/bank_data_processing/myenv/lib/python3.11/site-packages/airflow/example_dags/subdags/subdag.py took 0.045 seconds
[2024-07-12T02:01:52.093+0530] {processor.py:161} INFO - Started process (PID=51560) to work on /home/kali/Desktop/projects/git/bank_data_processing/myenv/lib/python3.11/site-packages/airflow/example_dags/subdags/subdag.py
[2024-07-12T02:01:52.094+0530] {processor.py:830} INFO - Processing file /home/kali/Desktop/projects/git/bank_data_processing/myenv/lib/python3.11/site-packages/airflow/example_dags/subdags/subdag.py for tasks to queue
[2024-07-12T02:01:52.096+0530] {logging_mixin.py:188} INFO - [2024-07-12T02:01:52.096+0530] {dagbag.py:545} INFO - Filling up the DagBag from /home/kali/Desktop/projects/git/bank_data_processing/myenv/lib/python3.11/site-packages/airflow/example_dags/subdags/subdag.py
[2024-07-12T02:01:52.099+0530] {processor.py:842} WARNING - No viable dags retrieved from /home/kali/Desktop/projects/git/bank_data_processing/myenv/lib/python3.11/site-packages/airflow/example_dags/subdags/subdag.py
[2024-07-12T02:01:52.112+0530] {processor.py:183} INFO - Processing /home/kali/Desktop/projects/git/bank_data_processing/myenv/lib/python3.11/site-packages/airflow/example_dags/subdags/subdag.py took 0.028 seconds
[2024-07-12T02:02:22.813+0530] {processor.py:161} INFO - Started process (PID=52155) to work on /home/kali/Desktop/projects/git/bank_data_processing/myenv/lib/python3.11/site-packages/airflow/example_dags/subdags/subdag.py
[2024-07-12T02:02:22.814+0530] {processor.py:830} INFO - Processing file /home/kali/Desktop/projects/git/bank_data_processing/myenv/lib/python3.11/site-packages/airflow/example_dags/subdags/subdag.py for tasks to queue
[2024-07-12T02:02:22.817+0530] {logging_mixin.py:188} INFO - [2024-07-12T02:02:22.816+0530] {dagbag.py:545} INFO - Filling up the DagBag from /home/kali/Desktop/projects/git/bank_data_processing/myenv/lib/python3.11/site-packages/airflow/example_dags/subdags/subdag.py
[2024-07-12T02:02:22.819+0530] {processor.py:842} WARNING - No viable dags retrieved from /home/kali/Desktop/projects/git/bank_data_processing/myenv/lib/python3.11/site-packages/airflow/example_dags/subdags/subdag.py
[2024-07-12T02:02:22.835+0530] {processor.py:183} INFO - Processing /home/kali/Desktop/projects/git/bank_data_processing/myenv/lib/python3.11/site-packages/airflow/example_dags/subdags/subdag.py took 0.030 seconds
[2024-07-12T02:02:53.373+0530] {processor.py:161} INFO - Started process (PID=52645) to work on /home/kali/Desktop/projects/git/bank_data_processing/myenv/lib/python3.11/site-packages/airflow/example_dags/subdags/subdag.py
[2024-07-12T02:02:53.374+0530] {processor.py:830} INFO - Processing file /home/kali/Desktop/projects/git/bank_data_processing/myenv/lib/python3.11/site-packages/airflow/example_dags/subdags/subdag.py for tasks to queue
[2024-07-12T02:02:53.378+0530] {logging_mixin.py:188} INFO - [2024-07-12T02:02:53.377+0530] {dagbag.py:545} INFO - Filling up the DagBag from /home/kali/Desktop/projects/git/bank_data_processing/myenv/lib/python3.11/site-packages/airflow/example_dags/subdags/subdag.py
[2024-07-12T02:02:53.382+0530] {processor.py:842} WARNING - No viable dags retrieved from /home/kali/Desktop/projects/git/bank_data_processing/myenv/lib/python3.11/site-packages/airflow/example_dags/subdags/subdag.py
[2024-07-12T02:02:53.406+0530] {processor.py:183} INFO - Processing /home/kali/Desktop/projects/git/bank_data_processing/myenv/lib/python3.11/site-packages/airflow/example_dags/subdags/subdag.py took 0.043 seconds
[2024-07-12T02:03:23.732+0530] {processor.py:161} INFO - Started process (PID=53197) to work on /home/kali/Desktop/projects/git/bank_data_processing/myenv/lib/python3.11/site-packages/airflow/example_dags/subdags/subdag.py
[2024-07-12T02:03:23.733+0530] {processor.py:830} INFO - Processing file /home/kali/Desktop/projects/git/bank_data_processing/myenv/lib/python3.11/site-packages/airflow/example_dags/subdags/subdag.py for tasks to queue
[2024-07-12T02:03:23.734+0530] {logging_mixin.py:188} INFO - [2024-07-12T02:03:23.734+0530] {dagbag.py:545} INFO - Filling up the DagBag from /home/kali/Desktop/projects/git/bank_data_processing/myenv/lib/python3.11/site-packages/airflow/example_dags/subdags/subdag.py
[2024-07-12T02:03:23.736+0530] {processor.py:842} WARNING - No viable dags retrieved from /home/kali/Desktop/projects/git/bank_data_processing/myenv/lib/python3.11/site-packages/airflow/example_dags/subdags/subdag.py
[2024-07-12T02:03:23.749+0530] {processor.py:183} INFO - Processing /home/kali/Desktop/projects/git/bank_data_processing/myenv/lib/python3.11/site-packages/airflow/example_dags/subdags/subdag.py took 0.024 seconds
[2024-07-12T02:03:54.996+0530] {processor.py:161} INFO - Started process (PID=53710) to work on /home/kali/Desktop/projects/git/bank_data_processing/myenv/lib/python3.11/site-packages/airflow/example_dags/subdags/subdag.py
[2024-07-12T02:03:54.997+0530] {processor.py:830} INFO - Processing file /home/kali/Desktop/projects/git/bank_data_processing/myenv/lib/python3.11/site-packages/airflow/example_dags/subdags/subdag.py for tasks to queue
[2024-07-12T02:03:54.999+0530] {logging_mixin.py:188} INFO - [2024-07-12T02:03:54.999+0530] {dagbag.py:545} INFO - Filling up the DagBag from /home/kali/Desktop/projects/git/bank_data_processing/myenv/lib/python3.11/site-packages/airflow/example_dags/subdags/subdag.py
[2024-07-12T02:03:55.001+0530] {processor.py:842} WARNING - No viable dags retrieved from /home/kali/Desktop/projects/git/bank_data_processing/myenv/lib/python3.11/site-packages/airflow/example_dags/subdags/subdag.py
[2024-07-12T02:03:55.016+0530] {processor.py:183} INFO - Processing /home/kali/Desktop/projects/git/bank_data_processing/myenv/lib/python3.11/site-packages/airflow/example_dags/subdags/subdag.py took 0.027 seconds
[2024-07-12T02:04:26.423+0530] {processor.py:161} INFO - Started process (PID=54193) to work on /home/kali/Desktop/projects/git/bank_data_processing/myenv/lib/python3.11/site-packages/airflow/example_dags/subdags/subdag.py
[2024-07-12T02:04:26.428+0530] {processor.py:830} INFO - Processing file /home/kali/Desktop/projects/git/bank_data_processing/myenv/lib/python3.11/site-packages/airflow/example_dags/subdags/subdag.py for tasks to queue
[2024-07-12T02:04:26.430+0530] {logging_mixin.py:188} INFO - [2024-07-12T02:04:26.430+0530] {dagbag.py:545} INFO - Filling up the DagBag from /home/kali/Desktop/projects/git/bank_data_processing/myenv/lib/python3.11/site-packages/airflow/example_dags/subdags/subdag.py
[2024-07-12T02:04:26.433+0530] {processor.py:842} WARNING - No viable dags retrieved from /home/kali/Desktop/projects/git/bank_data_processing/myenv/lib/python3.11/site-packages/airflow/example_dags/subdags/subdag.py
[2024-07-12T02:04:26.448+0530] {processor.py:183} INFO - Processing /home/kali/Desktop/projects/git/bank_data_processing/myenv/lib/python3.11/site-packages/airflow/example_dags/subdags/subdag.py took 0.037 seconds
[2024-07-12T02:04:58.170+0530] {processor.py:161} INFO - Started process (PID=54783) to work on /home/kali/Desktop/projects/git/bank_data_processing/myenv/lib/python3.11/site-packages/airflow/example_dags/subdags/subdag.py
[2024-07-12T02:04:58.172+0530] {processor.py:830} INFO - Processing file /home/kali/Desktop/projects/git/bank_data_processing/myenv/lib/python3.11/site-packages/airflow/example_dags/subdags/subdag.py for tasks to queue
[2024-07-12T02:04:58.174+0530] {logging_mixin.py:188} INFO - [2024-07-12T02:04:58.174+0530] {dagbag.py:545} INFO - Filling up the DagBag from /home/kali/Desktop/projects/git/bank_data_processing/myenv/lib/python3.11/site-packages/airflow/example_dags/subdags/subdag.py
[2024-07-12T02:04:58.176+0530] {processor.py:842} WARNING - No viable dags retrieved from /home/kali/Desktop/projects/git/bank_data_processing/myenv/lib/python3.11/site-packages/airflow/example_dags/subdags/subdag.py
[2024-07-12T02:04:58.204+0530] {processor.py:183} INFO - Processing /home/kali/Desktop/projects/git/bank_data_processing/myenv/lib/python3.11/site-packages/airflow/example_dags/subdags/subdag.py took 0.049 seconds
[2024-07-12T02:05:28.326+0530] {processor.py:161} INFO - Started process (PID=55278) to work on /home/kali/Desktop/projects/git/bank_data_processing/myenv/lib/python3.11/site-packages/airflow/example_dags/subdags/subdag.py
[2024-07-12T02:05:28.328+0530] {processor.py:830} INFO - Processing file /home/kali/Desktop/projects/git/bank_data_processing/myenv/lib/python3.11/site-packages/airflow/example_dags/subdags/subdag.py for tasks to queue
[2024-07-12T02:05:28.329+0530] {logging_mixin.py:188} INFO - [2024-07-12T02:05:28.329+0530] {dagbag.py:545} INFO - Filling up the DagBag from /home/kali/Desktop/projects/git/bank_data_processing/myenv/lib/python3.11/site-packages/airflow/example_dags/subdags/subdag.py
[2024-07-12T02:05:28.331+0530] {processor.py:842} WARNING - No viable dags retrieved from /home/kali/Desktop/projects/git/bank_data_processing/myenv/lib/python3.11/site-packages/airflow/example_dags/subdags/subdag.py
[2024-07-12T02:05:28.345+0530] {processor.py:183} INFO - Processing /home/kali/Desktop/projects/git/bank_data_processing/myenv/lib/python3.11/site-packages/airflow/example_dags/subdags/subdag.py took 0.026 seconds
[2024-07-12T02:06:02.444+0530] {processor.py:161} INFO - Started process (PID=55867) to work on /home/kali/Desktop/projects/git/bank_data_processing/myenv/lib/python3.11/site-packages/airflow/example_dags/subdags/subdag.py
[2024-07-12T02:06:02.446+0530] {processor.py:830} INFO - Processing file /home/kali/Desktop/projects/git/bank_data_processing/myenv/lib/python3.11/site-packages/airflow/example_dags/subdags/subdag.py for tasks to queue
[2024-07-12T02:06:02.448+0530] {logging_mixin.py:188} INFO - [2024-07-12T02:06:02.448+0530] {dagbag.py:545} INFO - Filling up the DagBag from /home/kali/Desktop/projects/git/bank_data_processing/myenv/lib/python3.11/site-packages/airflow/example_dags/subdags/subdag.py
[2024-07-12T02:06:02.454+0530] {processor.py:842} WARNING - No viable dags retrieved from /home/kali/Desktop/projects/git/bank_data_processing/myenv/lib/python3.11/site-packages/airflow/example_dags/subdags/subdag.py
[2024-07-12T02:06:02.478+0530] {processor.py:183} INFO - Processing /home/kali/Desktop/projects/git/bank_data_processing/myenv/lib/python3.11/site-packages/airflow/example_dags/subdags/subdag.py took 0.054 seconds
[2024-07-12T02:06:35.220+0530] {processor.py:161} INFO - Started process (PID=56509) to work on /home/kali/Desktop/projects/git/bank_data_processing/myenv/lib/python3.11/site-packages/airflow/example_dags/subdags/subdag.py
[2024-07-12T02:06:35.221+0530] {processor.py:830} INFO - Processing file /home/kali/Desktop/projects/git/bank_data_processing/myenv/lib/python3.11/site-packages/airflow/example_dags/subdags/subdag.py for tasks to queue
[2024-07-12T02:06:35.223+0530] {logging_mixin.py:188} INFO - [2024-07-12T02:06:35.222+0530] {dagbag.py:545} INFO - Filling up the DagBag from /home/kali/Desktop/projects/git/bank_data_processing/myenv/lib/python3.11/site-packages/airflow/example_dags/subdags/subdag.py
[2024-07-12T02:06:35.225+0530] {processor.py:842} WARNING - No viable dags retrieved from /home/kali/Desktop/projects/git/bank_data_processing/myenv/lib/python3.11/site-packages/airflow/example_dags/subdags/subdag.py
[2024-07-12T02:06:35.240+0530] {processor.py:183} INFO - Processing /home/kali/Desktop/projects/git/bank_data_processing/myenv/lib/python3.11/site-packages/airflow/example_dags/subdags/subdag.py took 0.029 seconds
[2024-07-12T02:07:05.641+0530] {processor.py:161} INFO - Started process (PID=57204) to work on /home/kali/Desktop/projects/git/bank_data_processing/myenv/lib/python3.11/site-packages/airflow/example_dags/subdags/subdag.py
[2024-07-12T02:07:05.643+0530] {processor.py:830} INFO - Processing file /home/kali/Desktop/projects/git/bank_data_processing/myenv/lib/python3.11/site-packages/airflow/example_dags/subdags/subdag.py for tasks to queue
[2024-07-12T02:07:05.646+0530] {logging_mixin.py:188} INFO - [2024-07-12T02:07:05.646+0530] {dagbag.py:545} INFO - Filling up the DagBag from /home/kali/Desktop/projects/git/bank_data_processing/myenv/lib/python3.11/site-packages/airflow/example_dags/subdags/subdag.py
[2024-07-12T02:07:05.649+0530] {processor.py:842} WARNING - No viable dags retrieved from /home/kali/Desktop/projects/git/bank_data_processing/myenv/lib/python3.11/site-packages/airflow/example_dags/subdags/subdag.py
[2024-07-12T02:07:05.667+0530] {processor.py:183} INFO - Processing /home/kali/Desktop/projects/git/bank_data_processing/myenv/lib/python3.11/site-packages/airflow/example_dags/subdags/subdag.py took 0.035 seconds
[2024-07-12T02:07:37.138+0530] {processor.py:161} INFO - Started process (PID=57893) to work on /home/kali/Desktop/projects/git/bank_data_processing/myenv/lib/python3.11/site-packages/airflow/example_dags/subdags/subdag.py
[2024-07-12T02:07:37.146+0530] {processor.py:830} INFO - Processing file /home/kali/Desktop/projects/git/bank_data_processing/myenv/lib/python3.11/site-packages/airflow/example_dags/subdags/subdag.py for tasks to queue
[2024-07-12T02:07:37.148+0530] {logging_mixin.py:188} INFO - [2024-07-12T02:07:37.147+0530] {dagbag.py:545} INFO - Filling up the DagBag from /home/kali/Desktop/projects/git/bank_data_processing/myenv/lib/python3.11/site-packages/airflow/example_dags/subdags/subdag.py
[2024-07-12T02:07:37.150+0530] {processor.py:842} WARNING - No viable dags retrieved from /home/kali/Desktop/projects/git/bank_data_processing/myenv/lib/python3.11/site-packages/airflow/example_dags/subdags/subdag.py
[2024-07-12T02:07:37.184+0530] {processor.py:183} INFO - Processing /home/kali/Desktop/projects/git/bank_data_processing/myenv/lib/python3.11/site-packages/airflow/example_dags/subdags/subdag.py took 0.055 seconds
[2024-07-12T02:08:08.189+0530] {processor.py:161} INFO - Started process (PID=58422) to work on /home/kali/Desktop/projects/git/bank_data_processing/myenv/lib/python3.11/site-packages/airflow/example_dags/subdags/subdag.py
[2024-07-12T02:08:08.190+0530] {processor.py:830} INFO - Processing file /home/kali/Desktop/projects/git/bank_data_processing/myenv/lib/python3.11/site-packages/airflow/example_dags/subdags/subdag.py for tasks to queue
[2024-07-12T02:08:08.192+0530] {logging_mixin.py:188} INFO - [2024-07-12T02:08:08.191+0530] {dagbag.py:545} INFO - Filling up the DagBag from /home/kali/Desktop/projects/git/bank_data_processing/myenv/lib/python3.11/site-packages/airflow/example_dags/subdags/subdag.py
[2024-07-12T02:08:08.194+0530] {processor.py:842} WARNING - No viable dags retrieved from /home/kali/Desktop/projects/git/bank_data_processing/myenv/lib/python3.11/site-packages/airflow/example_dags/subdags/subdag.py
[2024-07-12T02:08:08.209+0530] {processor.py:183} INFO - Processing /home/kali/Desktop/projects/git/bank_data_processing/myenv/lib/python3.11/site-packages/airflow/example_dags/subdags/subdag.py took 0.027 seconds
[2024-07-12T02:08:39.450+0530] {processor.py:161} INFO - Started process (PID=58991) to work on /home/kali/Desktop/projects/git/bank_data_processing/myenv/lib/python3.11/site-packages/airflow/example_dags/subdags/subdag.py
[2024-07-12T02:08:39.452+0530] {processor.py:830} INFO - Processing file /home/kali/Desktop/projects/git/bank_data_processing/myenv/lib/python3.11/site-packages/airflow/example_dags/subdags/subdag.py for tasks to queue
[2024-07-12T02:08:39.456+0530] {logging_mixin.py:188} INFO - [2024-07-12T02:08:39.455+0530] {dagbag.py:545} INFO - Filling up the DagBag from /home/kali/Desktop/projects/git/bank_data_processing/myenv/lib/python3.11/site-packages/airflow/example_dags/subdags/subdag.py
[2024-07-12T02:08:39.467+0530] {processor.py:842} WARNING - No viable dags retrieved from /home/kali/Desktop/projects/git/bank_data_processing/myenv/lib/python3.11/site-packages/airflow/example_dags/subdags/subdag.py
[2024-07-12T02:08:39.499+0530] {processor.py:183} INFO - Processing /home/kali/Desktop/projects/git/bank_data_processing/myenv/lib/python3.11/site-packages/airflow/example_dags/subdags/subdag.py took 0.065 seconds
[2024-07-12T02:09:10.428+0530] {processor.py:161} INFO - Started process (PID=59613) to work on /home/kali/Desktop/projects/git/bank_data_processing/myenv/lib/python3.11/site-packages/airflow/example_dags/subdags/subdag.py
[2024-07-12T02:09:10.430+0530] {processor.py:830} INFO - Processing file /home/kali/Desktop/projects/git/bank_data_processing/myenv/lib/python3.11/site-packages/airflow/example_dags/subdags/subdag.py for tasks to queue
[2024-07-12T02:09:10.431+0530] {logging_mixin.py:188} INFO - [2024-07-12T02:09:10.431+0530] {dagbag.py:545} INFO - Filling up the DagBag from /home/kali/Desktop/projects/git/bank_data_processing/myenv/lib/python3.11/site-packages/airflow/example_dags/subdags/subdag.py
[2024-07-12T02:09:10.438+0530] {processor.py:842} WARNING - No viable dags retrieved from /home/kali/Desktop/projects/git/bank_data_processing/myenv/lib/python3.11/site-packages/airflow/example_dags/subdags/subdag.py
[2024-07-12T02:09:10.460+0530] {processor.py:183} INFO - Processing /home/kali/Desktop/projects/git/bank_data_processing/myenv/lib/python3.11/site-packages/airflow/example_dags/subdags/subdag.py took 0.047 seconds
[2024-07-12T02:09:42.762+0530] {processor.py:161} INFO - Started process (PID=60327) to work on /home/kali/Desktop/projects/git/bank_data_processing/myenv/lib/python3.11/site-packages/airflow/example_dags/subdags/subdag.py
[2024-07-12T02:09:42.764+0530] {processor.py:830} INFO - Processing file /home/kali/Desktop/projects/git/bank_data_processing/myenv/lib/python3.11/site-packages/airflow/example_dags/subdags/subdag.py for tasks to queue
[2024-07-12T02:09:42.765+0530] {logging_mixin.py:188} INFO - [2024-07-12T02:09:42.765+0530] {dagbag.py:545} INFO - Filling up the DagBag from /home/kali/Desktop/projects/git/bank_data_processing/myenv/lib/python3.11/site-packages/airflow/example_dags/subdags/subdag.py
[2024-07-12T02:09:42.767+0530] {processor.py:842} WARNING - No viable dags retrieved from /home/kali/Desktop/projects/git/bank_data_processing/myenv/lib/python3.11/site-packages/airflow/example_dags/subdags/subdag.py
[2024-07-12T02:09:42.795+0530] {processor.py:183} INFO - Processing /home/kali/Desktop/projects/git/bank_data_processing/myenv/lib/python3.11/site-packages/airflow/example_dags/subdags/subdag.py took 0.049 seconds
